#
# A fatal error has been detected by the Java Runtime Environment:
#
#  EXCEPTION_ACCESS_VIOLATION (0xc0000005) at pc=0x000000018000c274, pid=25008, tid=3668
#
# JRE version: OpenJDK Runtime Environment Temurin-21.0.7+6 (21.0.7+6) (build 21.0.7+6-LTS)
# Java VM: OpenJDK 64-Bit Server VM Temurin-21.0.7+6 (21.0.7+6-LTS, mixed mode, sharing, tiered, compressed oops, compressed class ptrs, parallel gc, windows-amd64)
# Problematic frame:
# C  [ASProxy64.dll+0xc274]
#
# No core dump will be written. Minidumps are not enabled by default on client versions of Windows
#
# If you would like to submit a bug report, please visit:
#   https://github.com/adoptium/adoptium-support/issues
# The crash happened outside the Java Virtual Machine in native code.
# See problematic frame for where to report the bug.
#

---------------  S U M M A R Y ------------

Command Line: --add-modules=ALL-SYSTEM --add-opens=java.base/java.util=ALL-UNNAMED --add-opens=java.base/java.lang=ALL-UNNAMED --add-opens=java.base/sun.nio.fs=ALL-UNNAMED -Declipse.application=org.eclipse.jdt.ls.core.id1 -Dosgi.bundles.defaultStartLevel=4 -Declipse.product=org.eclipse.jdt.ls.core.product -Djava.import.generatesMetadataFilesAtProjectRoot=false -DDetectVMInstallationsJob.disabled=true -Dfile.encoding=utf8 -XX:+UseParallelGC -XX:GCTimeRatio=4 -XX:AdaptiveSizePolicyWeight=90 -Dsun.zip.disableMemoryMapping=true -Xmx1G -Xms100m -Xlog:disable -javaagent:c:\Users\admin\.cursor\extensions\redhat.java-1.42.0-win32-x64\lombok\lombok-1.18.36.jar -XX:+HeapDumpOnOutOfMemoryError -XX:HeapDumpPath=c:\Users\admin\AppData\Roaming\Cursor\User\workspaceStorage\0426a641ec518546e312a5bf184515bb\redhat.java -Daether.dependencyCollector.impl=bf c:\Users\admin\.cursor\extensions\redhat.java-1.42.0-win32-x64\server\plugins\org.eclipse.equinox.launcher_1.7.0.v20250424-1814.jar -configuration c:\Users\admin\AppData\Roaming\Cursor\User\globalStorage\redhat.java\1.42.0\config_win -data c:\Users\admin\AppData\Roaming\Cursor\User\workspaceStorage\0426a641ec518546e312a5bf184515bb\redhat.java\jdt_ws --pipe=\\.\pipe\lsp-83a13c16371148b6796d9218f1c2eeeb-sock

Host: Intel(R) Core(TM) i7-10700 CPU @ 2.90GHz, 16 cores, 15G,  Windows 11 , 64 bit Build 26100 (10.0.26100.3912)
Time: Wed May 21 21:29:52 2025 Eastern Daylight Time elapsed time: 7.470964 seconds (0d 0h 0m 7s)

---------------  T H R E A D  ---------------

Current thread (0x000001d4ded38a40):  JavaThread "Connection worker"        [_thread_in_native, id=3668, stack(0x0000009b91f00000,0x0000009b92000000) (1024K)]

Stack: [0x0000009b91f00000,0x0000009b92000000],  sp=0x0000009b91ffdd00,  free space=1015k
Native frames: (J=compiled Java code, j=interpreted, Vv=VM code, C=native code)
C  [ASProxy64.dll+0xc274]

Java frames: (J=compiled Java code, j=interpreted, Vv=VM code)
j  sun.nio.ch.WEPoll.ctl(JIJI)I+0 java.base@21.0.7
j  sun.nio.ch.WEPollSelectorImpl.<init>(Ljava/nio/channels/spi/SelectorProvider;)V+139 java.base@21.0.7
j  sun.nio.ch.WEPollSelectorProvider.openSelector()Ljava/nio/channels/spi/AbstractSelector;+5 java.base@21.0.7
j  java.nio.channels.Selector.open()Ljava/nio/channels/Selector;+3 java.base@21.0.7
j  org.gradle.internal.remote.internal.inet.SocketConnection$SocketInputStream.<init>(Ljava/nio/channels/SocketChannel;)V+17
j  org.gradle.internal.remote.internal.inet.SocketConnection.<init>(Ljava/nio/channels/SocketChannel;Lorg/gradle/internal/remote/internal/MessageSerializer;Lorg/gradle/internal/serialize/StatefulSerializer;)V+27
j  org.gradle.internal.remote.internal.inet.SocketConnectCompletion.create(Lorg/gradle/internal/serialize/StatefulSerializer;)Lorg/gradle/internal/remote/internal/RemoteConnection;+16
j  org.gradle.launcher.daemon.client.DefaultDaemonConnector.connectToDaemon(Lorg/gradle/launcher/daemon/context/DaemonConnectDetails;Lorg/gradle/launcher/daemon/client/DaemonClientConnection$StaleAddressDetector;)Lorg/gradle/launcher/daemon/client/DaemonClientConnection;+45
j  org.gradle.launcher.daemon.client.DefaultDaemonConnector.connectToDaemonWithId(Lorg/gradle/launcher/daemon/diagnostics/DaemonStartupInfo;Lorg/gradle/api/internal/specs/ExplainingSpec;)Lorg/gradle/launcher/daemon/client/DaemonClientConnection;+116
j  org.gradle.launcher.daemon.client.DefaultDaemonConnector.doStartDaemon(Lorg/gradle/api/internal/specs/ExplainingSpec;Z)Lorg/gradle/launcher/daemon/client/DaemonClientConnection;+61
j  org.gradle.launcher.daemon.client.DefaultDaemonConnector.startDaemon(Lorg/gradle/api/internal/specs/ExplainingSpec;)Lorg/gradle/launcher/daemon/client/DaemonClientConnection;+3
j  org.gradle.launcher.daemon.client.DaemonClient.execute(Lorg/gradle/internal/invocation/BuildAction;Lorg/gradle/launcher/exec/BuildActionParameters;Lorg/gradle/internal/daemon/client/execution/ClientBuildRequestContext;)Lorg/gradle/launcher/exec/BuildActionResult;+201
j  org.gradle.launcher.daemon.client.DaemonClient.execute(Lorg/gradle/internal/invocation/BuildAction;Ljava/lang/Object;Ljava/lang/Object;)Lorg/gradle/launcher/exec/BuildActionResult;+10
j  org.gradle.tooling.internal.provider.DaemonBuildActionExecuter.execute(Lorg/gradle/internal/invocation/BuildAction;Lorg/gradle/tooling/internal/provider/ConnectionOperationParameters;Lorg/gradle/internal/daemon/client/execution/ClientBuildRequestContext;)Lorg/gradle/launcher/exec/BuildActionResult;+72
j  org.gradle.tooling.internal.provider.DaemonBuildActionExecuter.execute(Lorg/gradle/internal/invocation/BuildAction;Ljava/lang/Object;Ljava/lang/Object;)Lorg/gradle/launcher/exec/BuildActionResult;+10
j  org.gradle.tooling.internal.provider.LoggingBridgingBuildActionExecuter.execute(Lorg/gradle/internal/invocation/BuildAction;Lorg/gradle/tooling/internal/provider/ConnectionOperationParameters;Lorg/gradle/internal/daemon/client/execution/ClientBuildRequestContext;)Lorg/gradle/launcher/exec/BuildActionResult;+77
j  org.gradle.tooling.internal.provider.LoggingBridgingBuildActionExecuter.execute(Lorg/gradle/internal/invocation/BuildAction;Ljava/lang/Object;Ljava/lang/Object;)Lorg/gradle/launcher/exec/BuildActionResult;+10
j  org.gradle.tooling.internal.provider.ProviderConnection.run(Lorg/gradle/internal/invocation/BuildAction;Lorg/gradle/initialization/BuildCancellationToken;Lorg/gradle/tooling/internal/provider/ProviderConnection$ProgressListenerConfiguration;Lorg/gradle/initialization/BuildEventConsumer;Lorg/gradle/tooling/internal/provider/connection/ProviderOperationParameters;Lorg/gradle/tooling/internal/provider/ProviderConnection$Parameters;)Ljava/lang/Object;+79
j  org.gradle.tooling.internal.provider.ProviderConnection.runPhasedAction(Lorg/gradle/tooling/internal/protocol/InternalPhasedAction;Lorg/gradle/tooling/internal/protocol/PhasedActionResultListener;Lorg/gradle/initialization/BuildCancellationToken;Lorg/gradle/tooling/internal/provider/connection/ProviderOperationParameters;)Ljava/lang/Object;+132
j  org.gradle.tooling.internal.provider.DefaultConnection.run(Lorg/gradle/tooling/internal/protocol/InternalPhasedAction;Lorg/gradle/tooling/internal/protocol/PhasedActionResultListener;Lorg/gradle/tooling/internal/protocol/InternalCancellationToken;Lorg/gradle/tooling/internal/protocol/BuildParameters;)Lorg/gradle/tooling/internal/protocol/BuildResult;+28
j  org.gradle.tooling.internal.consumer.connection.PhasedActionAwareConsumerConnection.run(Lorg/gradle/tooling/internal/consumer/PhasedBuildAction;Lorg/gradle/tooling/internal/consumer/parameters/ConsumerOperationParameters;)V+66
j  org.gradle.tooling.internal.consumer.connection.ParameterValidatingConsumerConnection.run(Lorg/gradle/tooling/internal/consumer/PhasedBuildAction;Lorg/gradle/tooling/internal/consumer/parameters/ConsumerOperationParameters;)V+11
j  org.gradle.tooling.internal.consumer.DefaultPhasedBuildActionExecuter$1.run(Lorg/gradle/tooling/internal/consumer/connection/ConsumerConnection;)Ljava/lang/Void;+12
j  org.gradle.tooling.internal.consumer.DefaultPhasedBuildActionExecuter$1.run(Lorg/gradle/tooling/internal/consumer/connection/ConsumerConnection;)Ljava/lang/Object;+2
j  org.gradle.tooling.internal.consumer.connection.LazyConsumerActionExecutor.run(Lorg/gradle/tooling/internal/consumer/connection/ConsumerAction;)Ljava/lang/Object;+34
j  org.gradle.tooling.internal.consumer.connection.CancellableConsumerActionExecutor.run(Lorg/gradle/tooling/internal/consumer/connection/ConsumerAction;)Ljava/lang/Object;+34
j  org.gradle.tooling.internal.consumer.connection.ProgressLoggingConsumerActionExecutor.run(Lorg/gradle/tooling/internal/consumer/connection/ConsumerAction;)Ljava/lang/Object;+78
j  org.gradle.tooling.internal.consumer.connection.RethrowingErrorsConsumerActionExecutor.run(Lorg/gradle/tooling/internal/consumer/connection/ConsumerAction;)Ljava/lang/Object;+5
j  org.gradle.tooling.internal.consumer.async.DefaultAsyncConsumerActionExecutor$1$1.run()V+17
j  org.gradle.internal.concurrent.ExecutorPolicy$CatchAndRecordFailures.onExecute(Ljava/lang/Runnable;)V+1
j  org.gradle.internal.concurrent.AbstractManagedExecutor$1.run()V+25
j  java.util.concurrent.ThreadPoolExecutor.runWorker(Ljava/util/concurrent/ThreadPoolExecutor$Worker;)V+92 java.base@21.0.7
j  java.util.concurrent.ThreadPoolExecutor$Worker.run()V+5 java.base@21.0.7
j  java.lang.Thread.runWith(Ljava/lang/Object;Ljava/lang/Runnable;)V+5 java.base@21.0.7
j  java.lang.Thread.run()V+19 java.base@21.0.7
v  ~StubRoutines::call_stub 0x000001d48a58100d

siginfo: EXCEPTION_ACCESS_VIOLATION (0xc0000005), reading address 0x000000000000051c


Registers:
RAX=0x0000000000000000, RBX=0x000001d4e0f7a618, RCX=0x0000000000000418, RDX=0x0000000000000002
RSP=0x0000009b91ffdd00, RBP=0x000000000000051c, RSI=0x000001d4e3a49190, RDI=0x000000000000051c
R8 =0x7ffffffffffffffc, R9 =0x0000000000000001, R10=0x0000000000000418, R11=0x000001d4ffbfca80
R12=0x0000009b91ffdf40, R13=0x0000000000000ab4, R14=0x000001d4e3a49160, R15=0x0000000000000ab4
RIP=0x000000018000c274, EFLAGS=0x0000000000010246

XMM[0]=0x0000000000000000 0x0000000000000000
XMM[1]=0x0000000000000000 0x0000000000000000
XMM[2]=0x0000000000000000 0x0000000000000000
XMM[3]=0x0000000000000000 0x0000000000000000
XMM[4]=0x0000000000000000 0x0000000000000000
XMM[5]=0x0000000000000000 0x0000000000000000
XMM[6]=0x80b772dea7fd1f81 0xb5b8722d626bec86
XMM[7]=0xbdb22d42d55af1dd 0xf752ba294f4cc74e
XMM[8]=0x0000000000000000 0x5714bd912c191846
XMM[9]=0x8423a634945495d4 0x9ba32714e00bc748
XMM[10]=0xffffffffffffffff 0x0b0a090803020100
XMM[11]=0x0a6c11edfb5d3d7e 0x0000000000000000
XMM[12]=0x0b0a090803020100 0xffffffffffffffff
XMM[13]=0x0c0d0e0f08090a0b 0x0405060700010203
XMM[14]=0x0000000000000000 0x6c9c4e785cd1fc34
XMM[15]=0x0000000000000000 0x00000000f035adbc
  MXCSR=0x00001fa0


Register to memory mapping:

RAX=0x0 is null
RBX=0x000001d4e0f7a618 points into unknown readable memory: 0x0000000000000000 | 00 00 00 00 00 00 00 00
RCX=0x0000000000000418 is an unknown value
RDX=0x0000000000000002 is an unknown value
RSP=0x0000009b91ffdd00 is pointing into the stack for thread: 0x000001d4ded38a40
RBP=0x000000000000051c is an unknown value
RSI=0x000001d4e3a49190 points into unknown readable memory: 0x000001d4e3a49190 | 90 91 a4 e3 d4 01 00 00
RDI=0x000000000000051c is an unknown value
R8 =0x7ffffffffffffffc is an unknown value
R9 =0x0000000000000001 is an unknown value
R10=0x0000000000000418 is an unknown value
R11=0x000001d4ffbfca80 points into unknown readable memory: 0x00000000000007d0 | d0 07 00 00 00 00 00 00
R12=0x0000009b91ffdf40 is pointing into the stack for thread: 0x000001d4ded38a40
R13=0x0000000000000ab4 is an unknown value
R14=0x000001d4e3a49160 points into unknown readable memory: 0x000000000000051c | 1c 05 00 00 00 00 00 00
R15=0x0000000000000ab4 is an unknown value

Top of Stack: (sp=0x0000009b91ffdd00)
0x0000009b91ffdd00:   0000000000000000 0000000000000000
0x0000009b91ffdd10:   000000000000051c 000000018001f4c2
0x0000009b91ffdd20:   0000000180065ec8 0000000000002736
0x0000009b91ffdd30:   0000000000000000 0000000000000418
0x0000009b91ffdd40:   000000000000051c 000000018000c506
0x0000009b91ffdd50:   000001d4e0f7a618 0000000000002736
0x0000009b91ffdd60:   0000000000000000 000001d400000008
0x0000009b91ffdd70:   0000009b0000001e 0000000000000000
0x0000009b91ffdd80:   000000000000051c 0000000000000000
0x0000009b91ffdd90:   0000000000000001 0000000000000000
0x0000009b91ffdda0:   000000000000051c 00007ffd38e177e6
0x0000009b91ffddb0:   0000000000000418 0000000000000502
0x0000009b91ffddc0:   000001d4e3a49190 0000009b91ffdf10
0x0000009b91ffddd0:   0000000000000000 000001d400000000
0x0000009b91ffdde0:   0000000000000003 000001d400000001
0x0000009b91ffddf0:   0000000000000000 0000000000000000
0x0000009b91ffde00:   00007ffd00000000 00007ffd54a40139
0x0000009b91ffde10:   0000000000000418 0000000000000000
0x0000009b91ffde20:   0000000000000000 000041b70cfe0ac1
0x0000009b91ffde30:   000001d4e0f7a600 00007ffd38e182af
0x0000009b91ffde40:   0000000000000028 00007ffcbefb2cac
0x0000009b91ffde50:   000001d4e0f7a608 000001d4ffc23ff0
0x0000009b91ffde60:   000001d4e3a49160 00007ffd38e18359
0x0000009b91ffde70:   000001d4e3a49190 0000009b91ffdf40
0x0000009b91ffde80:   000001d4e3a49190 000001d4e3a49160
0x0000009b91ffde90:   000001d4ded38a40 0000009b91ffdf40
0x0000009b91ffdea0:   000001d4dc5dd978 0000000000000000
0x0000009b91ffdeb0:   000001d4e3a49160 00007ffd38e18787
0x0000009b91ffdec0:   0000000000000000 0000009b91ffdf40
0x0000009b91ffded0:   0000000000000ab4 000001d4ded38a40
0x0000009b91ffdee0:   0000000000000001 00007ffd38e17a75
0x0000009b91ffdef0:   000000000000051c 0000009b91ffdf40 

Instructions: (pc=0x000000018000c274)
0x000000018000c174:   70 48 8b 6c 24 78 32 c0 48 83 c4 50 41 5c c3 cc
0x000000018000c184:   cc cc cc cc cc cc cc cc cc cc cc cc 48 85 c9 74
0x000000018000c194:   23 8b 05 ad ff 06 00 89 01 8b 05 a9 ff 06 00 89
0x000000018000c1a4:   41 04 8b 05 a4 ff 06 00 89 41 08 8b 05 9f ff 06
0x000000018000c1b4:   00 89 41 0c f3 c3 cc cc cc cc cc cc c6 01 01 c7
0x000000018000c1c4:   02 01 00 00 00 c3 cc cc cc cc cc cc 48 89 5c 24
0x000000018000c1d4:   08 57 48 83 ec 70 48 8b fa 8b d9 48 8d 15 82 73
0x000000018000c1e4:   05 00 48 8d 4c 24 20 45 33 c0 48 c7 44 24 40 0f
0x000000018000c1f4:   00 00 00 48 c7 44 24 38 00 00 00 00 c6 44 24 28
0x000000018000c204:   00 e8 d6 6b ff ff 4c 8d 4c 24 20 48 8d 4c 24 48
0x000000018000c214:   41 b0 01 8b d3 e8 52 06 02 00 48 83 78 20 10 72
0x000000018000c224:   06 48 8b 48 08 eb 05 48 8d 48 08 90 0f b6 01 48
0x000000018000c234:   ff c7 48 ff c1 88 47 ff 84 c0 75 f0 48 83 7c 24
0x000000018000c244:   68 10 72 0a 48 8b 4c 24 50 e8 52 94 03 00 48 8b
0x000000018000c254:   9c 24 80 00 00 00 48 83 c4 70 5f c3 48 83 ec 48
0x000000018000c264:   0f b6 c2 0f 57 c0 0f 11 44 24 ff 25 00 00 00 00
0x000000018000c274:   ae 7e bb 54 fd 7f 00 00 8b 44 24 04 0f af 04 24
0x000000018000c284:   89 04 24 8b 44 24 04 0f af 04 24 83 c0 01 89 04
0x000000018000c294:   24 8b 44 24 04 0f af 04 24 83 c0 02 89 04 24 8b
0x000000018000c2a4:   44 24 04 0f af 04 24 83 c0 03 89 04 24 8b 44 24
0x000000018000c2b4:   04 0f af 04 24 83 c0 04 89 04 24 8b 44 24 04 0f
0x000000018000c2c4:   af 04 24 83 c0 05 89 04 24 8b 44 24 04 0f af 04
0x000000018000c2d4:   24 83 c0 06 89 04 24 8b 44 24 04 0f af 04 24 83
0x000000018000c2e4:   c0 07 89 04 24 8b 44 24 04 0f af 04 24 83 c0 08
0x000000018000c2f4:   89 04 24 8b 44 24 04 0f af 04 24 83 c0 09 89 04
0x000000018000c304:   24 8b 44 24 04 0f af 04 24 83 c0 0a 89 04 24 8b
0x000000018000c314:   44 24 04 0f af 04 24 83 c0 0b 89 04 24 8b 44 24
0x000000018000c324:   04 0f af 04 24 83 c0 0d 89 04 24 8b 44 24 04 0f
0x000000018000c334:   af 04 24 83 c0 0e 89 04 24 8b 44 24 04 0f af 04
0x000000018000c344:   24 83 c0 0f 89 04 24 8b 44 24 04 0f af 04 24 83
0x000000018000c354:   c0 10 89 04 24 8b 44 24 04 0f af 04 24 83 c0 11
0x000000018000c364:   89 04 24 8b 44 24 04 0f af 04 24 83 c0 12 89 04 


Stack slot to memory mapping:

stack at sp + 0 slots: 0x0 is null
stack at sp + 1 slots: 0x0 is null
stack at sp + 2 slots: 0x000000000000051c is an unknown value
stack at sp + 3 slots: 0x000000018001f4c2 ASProxy64.dll
stack at sp + 4 slots: 0x0000000180065ec8 ASProxy64.dll
stack at sp + 5 slots: 0x0000000000002736 is an unknown value
stack at sp + 6 slots: 0x0 is null
stack at sp + 7 slots: 0x0000000000000418 is an unknown value


---------------  P R O C E S S  ---------------

Threads class SMR info:
_java_thread_list=0x000001d4df435c80, length=60, elements={
0x000001d4ffc03120, 0x000001d4ffcbe7f0, 0x000001d494317ab0, 0x000001d49431a600,
0x000001d49431b250, 0x000001d494320200, 0x000001d494328310, 0x000001d49432e3d0,
0x000001d4d67f7f70, 0x000001d4d68bbd70, 0x000001d4d69be2a0, 0x000001d4d6aeae60,
0x000001d4d69bfce0, 0x000001d4d69c0370, 0x000001d4d69be930, 0x000001d4d69bd580,
0x000001d4d69befc0, 0x000001d4d69bf650, 0x000001d4d69bdc10, 0x000001d4dda17bb0,
0x000001d4dda18f60, 0x000001d4dda16800, 0x000001d4dda16e90, 0x000001d4dda195f0,
0x000001d4dda18240, 0x000001d4dda188d0, 0x000001d4dda1b6c0, 0x000001d4dda1b030,
0x000001d4dda1a310, 0x000001d4dda1bd50, 0x000001d4dda19c80, 0x000001d4dda1ca70,
0x000001d4dda1c3e0, 0x000001d4dda1d100, 0x000001d4dda1d790, 0x000001d4dda1a9a0,
0x000001d4deed1150, 0x000001d4deecf710, 0x000001d4deed0ac0, 0x000001d4deecfda0,
0x000001d4deed0430, 0x000001d4deece360, 0x000001d4deece9f0, 0x000001d4deecf080,
0x000001d4deed17e0, 0x000001d4ded34210, 0x000001d4ded33b80, 0x000001d4ded334f0,
0x000001d4ded362e0, 0x000001d4ded355c0, 0x000001d4ded32e60, 0x000001d4ded390d0,
0x000001d4ded37690, 0x000001d4ded37d20, 0x000001d4ded39df0, 0x000001d4ded38a40,
0x000001d4ded383b0, 0x000001d4ded39760, 0x000001d4ded36970, 0x000001d4ded3a480
}

Java Threads: ( => current thread )
  0x000001d4ffc03120 JavaThread "main"                              [_thread_blocked, id=23612, stack(0x0000009b8bf00000,0x0000009b8c000000) (1024K)]
  0x000001d4ffcbe7f0 JavaThread "Reference Handler"          daemon [_thread_blocked, id=12964, stack(0x0000009b8c300000,0x0000009b8c400000) (1024K)]
  0x000001d494317ab0 JavaThread "Finalizer"                  daemon [_thread_blocked, id=22832, stack(0x0000009b8c400000,0x0000009b8c500000) (1024K)]
  0x000001d49431a600 JavaThread "Signal Dispatcher"          daemon [_thread_blocked, id=25056, stack(0x0000009b8c500000,0x0000009b8c600000) (1024K)]
  0x000001d49431b250 JavaThread "Attach Listener"            daemon [_thread_blocked, id=20784, stack(0x0000009b8c600000,0x0000009b8c700000) (1024K)]
  0x000001d494320200 JavaThread "Service Thread"             daemon [_thread_blocked, id=8980, stack(0x0000009b8c700000,0x0000009b8c800000) (1024K)]
  0x000001d494328310 JavaThread "Monitor Deflation Thread"   daemon [_thread_blocked, id=13732, stack(0x0000009b8c800000,0x0000009b8c900000) (1024K)]
  0x000001d49432e3d0 JavaThread "C2 CompilerThread0"         daemon [_thread_in_native, id=23208, stack(0x0000009b8c900000,0x0000009b8ca00000) (1024K)]
  0x000001d4d67f7f70 JavaThread "C1 CompilerThread0"         daemon [_thread_blocked, id=25208, stack(0x0000009b8ca00000,0x0000009b8cb00000) (1024K)]
  0x000001d4d68bbd70 JavaThread "C1 CompilerThread1"         daemon [_thread_blocked, id=13824, stack(0x0000009b8cb00000,0x0000009b8cc00000) (1024K)]
  0x000001d4d69be2a0 JavaThread "Common-Cleaner"             daemon [_thread_blocked, id=13764, stack(0x0000009b8cc00000,0x0000009b8cd00000) (1024K)]
  0x000001d4d6aeae60 JavaThread "C1 CompilerThread2"         daemon [_thread_blocked, id=21128, stack(0x0000009b8e000000,0x0000009b8e100000) (1024K)]
  0x000001d4d69bfce0 JavaThread "Notification Thread"        daemon [_thread_blocked, id=23324, stack(0x0000009b8e200000,0x0000009b8e300000) (1024K)]
  0x000001d4d69c0370 JavaThread "Active Thread: Equinox Container: 82d11054-6c55-4711-84bc-0b242e5eac7a"        [_thread_blocked, id=22076, stack(0x0000009b8eb00000,0x0000009b8ec00000) (1024K)]
  0x000001d4d69be930 JavaThread "Refresh Thread: Equinox Container: 82d11054-6c55-4711-84bc-0b242e5eac7a" daemon [_thread_blocked, id=24796, stack(0x0000009b8ed00000,0x0000009b8ee00000) (1024K)]
  0x000001d4d69bd580 JavaThread "Framework Event Dispatcher: Equinox Container: 82d11054-6c55-4711-84bc-0b242e5eac7a" daemon [_thread_blocked, id=20868, stack(0x0000009b8ee00000,0x0000009b8ef00000) (1024K)]
  0x000001d4d69befc0 JavaThread "Start Level: Equinox Container: 82d11054-6c55-4711-84bc-0b242e5eac7a" daemon [_thread_blocked, id=10148, stack(0x0000009b8ef00000,0x0000009b8f000000) (1024K)]
  0x000001d4d69bf650 JavaThread "Bundle File Closer"         daemon [_thread_blocked, id=21896, stack(0x0000009b8f300000,0x0000009b8f400000) (1024K)]
  0x000001d4d69bdc10 JavaThread "SCR Component Actor"        daemon [_thread_blocked, id=22792, stack(0x0000009b8f400000,0x0000009b8f500000) (1024K)]
  0x000001d4dda17bb0 JavaThread "Worker-JM"                         [_thread_blocked, id=22244, stack(0x0000009b8f600000,0x0000009b8f700000) (1024K)]
  0x000001d4dda18f60 JavaThread "Worker-0"                          [_thread_blocked, id=25104, stack(0x0000009b8f800000,0x0000009b8f900000) (1024K)]
  0x000001d4dda16800 JavaThread "Worker-1"                          [_thread_blocked, id=21736, stack(0x0000009b8f900000,0x0000009b8fa00000) (1024K)]
  0x000001d4dda16e90 JavaThread "Java indexing"              daemon [_thread_blocked, id=25272, stack(0x0000009b8fa00000,0x0000009b8fb00000) (1024K)]
  0x000001d4dda195f0 JavaThread "JNA Cleaner"                daemon [_thread_blocked, id=19408, stack(0x0000009b8de00000,0x0000009b8df00000) (1024K)]
  0x000001d4dda18240 JavaThread "Worker-2"                          [_thread_blocked, id=1700, stack(0x0000009b8fd00000,0x0000009b8fe00000) (1024K)]
  0x000001d4dda188d0 JavaThread "Worker-3"                          [_thread_blocked, id=7100, stack(0x0000009b8ff00000,0x0000009b90000000) (1024K)]
  0x000001d4dda1b6c0 JavaThread "Thread-2"                   daemon [_thread_in_native, id=13276, stack(0x0000009b90000000,0x0000009b90100000) (1024K)]
  0x000001d4dda1b030 JavaThread "Thread-3"                   daemon [_thread_in_native, id=22688, stack(0x0000009b90100000,0x0000009b90200000) (1024K)]
  0x000001d4dda1a310 JavaThread "Thread-4"                   daemon [_thread_in_native, id=22324, stack(0x0000009b90200000,0x0000009b90300000) (1024K)]
  0x000001d4dda1bd50 JavaThread "Thread-5"                   daemon [_thread_in_native, id=23100, stack(0x0000009b90300000,0x0000009b90400000) (1024K)]
  0x000001d4dda19c80 JavaThread "Thread-6"                   daemon [_thread_in_native, id=22848, stack(0x0000009b90400000,0x0000009b90500000) (1024K)]
  0x000001d4dda1ca70 JavaThread "Thread-7"                   daemon [_thread_in_native, id=18356, stack(0x0000009b90500000,0x0000009b90600000) (1024K)]
  0x000001d4dda1c3e0 JavaThread "Thread-8"                   daemon [_thread_in_native, id=14892, stack(0x0000009b90600000,0x0000009b90700000) (1024K)]
  0x000001d4dda1d100 JavaThread "Thread-9"                   daemon [_thread_in_native, id=23692, stack(0x0000009b90700000,0x0000009b90800000) (1024K)]
  0x000001d4dda1d790 JavaThread "Thread-10"                  daemon [_thread_in_native, id=10724, stack(0x0000009b90800000,0x0000009b90900000) (1024K)]
  0x000001d4dda1a9a0 JavaThread "Thread-11"                  daemon [_thread_in_native, id=12188, stack(0x0000009b90900000,0x0000009b90a00000) (1024K)]
  0x000001d4deed1150 JavaThread "Thread-12"                  daemon [_thread_in_native, id=17868, stack(0x0000009b90a00000,0x0000009b90b00000) (1024K)]
  0x000001d4deecf710 JavaThread "Thread-13"                  daemon [_thread_in_native, id=2536, stack(0x0000009b90b00000,0x0000009b90c00000) (1024K)]
  0x000001d4deed0ac0 JavaThread "Thread-14"                  daemon [_thread_in_native, id=24396, stack(0x0000009b90c00000,0x0000009b90d00000) (1024K)]
  0x000001d4deecfda0 JavaThread "Thread-15"                  daemon [_thread_in_native, id=9440, stack(0x0000009b90d00000,0x0000009b90e00000) (1024K)]
  0x000001d4deed0430 JavaThread "Thread-16"                  daemon [_thread_in_native, id=25100, stack(0x0000009b90e00000,0x0000009b90f00000) (1024K)]
  0x000001d4deece360 JavaThread "Thread-17"                  daemon [_thread_in_native, id=21200, stack(0x0000009b90f00000,0x0000009b91000000) (1024K)]
  0x000001d4deece9f0 JavaThread "Thread-18"                  daemon [_thread_in_native, id=22944, stack(0x0000009b91000000,0x0000009b91100000) (1024K)]
  0x000001d4deecf080 JavaThread "pool-2-thread-1"                   [_thread_blocked, id=25060, stack(0x0000009b91100000,0x0000009b91200000) (1024K)]
  0x000001d4deed17e0 JavaThread "WorkspaceEventsHandler"            [_thread_blocked, id=18188, stack(0x0000009b91500000,0x0000009b91600000) (1024K)]
  0x000001d4ded34210 JavaThread "pool-1-thread-1"                   [_thread_blocked, id=22836, stack(0x0000009b91600000,0x0000009b91700000) (1024K)]
  0x000001d4ded33b80 JavaThread "Worker-4: Initialize Workspace"        [_thread_blocked, id=8200, stack(0x0000009b91900000,0x0000009b91a00000) (1024K)]
  0x000001d4ded334f0 JavaThread "Timer-0"                           [_thread_blocked, id=23624, stack(0x0000009b91a00000,0x0000009b91b00000) (1024K)]
  0x000001d4ded362e0 JavaThread "Timer-1"                           [_thread_blocked, id=24992, stack(0x0000009b91400000,0x0000009b91500000) (1024K)]
  0x000001d4ded355c0 JavaThread "Timer-2"                           [_thread_blocked, id=19108, stack(0x0000009b91700000,0x0000009b91800000) (1024K)]
  0x000001d4ded32e60 JavaThread "LocalFile Deleter"          daemon [_thread_blocked, id=12640, stack(0x0000009b91800000,0x0000009b91900000) (1024K)]
  0x000001d4ded390d0 JavaThread "LocalFile Deleter"          daemon [_thread_blocked, id=25036, stack(0x0000009b91b00000,0x0000009b91c00000) (1024K)]
  0x000001d4ded37690 JavaThread "LocalFile Deleter"          daemon [_thread_blocked, id=24596, stack(0x0000009b91c00000,0x0000009b91d00000) (1024K)]
  0x000001d4ded37d20 JavaThread "Timer-3"                           [_thread_blocked, id=24604, stack(0x0000009b91d00000,0x0000009b91e00000) (1024K)]
  0x000001d4ded39df0 JavaThread "Timer-4"                           [_thread_blocked, id=13704, stack(0x0000009b91e00000,0x0000009b91f00000) (1024K)]
=>0x000001d4ded38a40 JavaThread "Connection worker"                 [_thread_in_native, id=3668, stack(0x0000009b91f00000,0x0000009b92000000) (1024K)]
  0x000001d4ded383b0 JavaThread "pool-3-thread-1"                   [_thread_blocked, id=25224, stack(0x0000009b91300000,0x0000009b91400000) (1024K)]
  0x000001d4ded39760 JavaThread "Exec process"                      [_thread_blocked, id=17204, stack(0x0000009b92000000,0x0000009b92100000) (1024K)]
  0x000001d4ded36970 JavaThread "Exec process Thread 2"             [_thread_blocked, id=22740, stack(0x0000009b92100000,0x0000009b92200000) (1024K)]
  0x000001d4ded3a480 JavaThread "Exec process Thread 3"             [_thread_blocked, id=25120, stack(0x0000009b92200000,0x0000009b92300000) (1024K)]
Total: 60

Other Threads:
  0x000001d494314070 VMThread "VM Thread"                           [id=23124, stack(0x0000009b8c200000,0x0000009b8c300000) (1024K)]
  0x000001d49420ca00 WatcherThread "VM Periodic Task Thread"        [id=848, stack(0x0000009b8c100000,0x0000009b8c200000) (1024K)]
  0x000001d4ffc204b0 WorkerThread "GC Thread#0"                     [id=24416, stack(0x0000009b8c000000,0x0000009b8c100000) (1024K)]
  0x000001d4d8b05880 WorkerThread "GC Thread#1"                     [id=16016, stack(0x0000009b8e300000,0x0000009b8e400000) (1024K)]
  0x000001d4d8b05c20 WorkerThread "GC Thread#2"                     [id=22256, stack(0x0000009b8e400000,0x0000009b8e500000) (1024K)]
  0x000001d4d8b05fc0 WorkerThread "GC Thread#3"                     [id=25128, stack(0x0000009b8e500000,0x0000009b8e600000) (1024K)]
  0x000001d4d8b06360 WorkerThread "GC Thread#4"                     [id=21156, stack(0x0000009b8e600000,0x0000009b8e700000) (1024K)]
  0x000001d4dd00a6b0 WorkerThread "GC Thread#5"                     [id=9120, stack(0x0000009b8e700000,0x0000009b8e800000) (1024K)]
  0x000001d4dd00aa50 WorkerThread "GC Thread#6"                     [id=20800, stack(0x0000009b8e800000,0x0000009b8e900000) (1024K)]
  0x000001d4dd0c44d0 WorkerThread "GC Thread#7"                     [id=16628, stack(0x0000009b8ec00000,0x0000009b8ed00000) (1024K)]
  0x000001d4dd47ff00 WorkerThread "GC Thread#8"                     [id=25064, stack(0x0000009b8f000000,0x0000009b8f100000) (1024K)]
  0x000001d4dd4802a0 WorkerThread "GC Thread#9"                     [id=25096, stack(0x0000009b8f100000,0x0000009b8f200000) (1024K)]
  0x000001d4dd4ff4f0 WorkerThread "GC Thread#10"                    [id=24820, stack(0x0000009b8f200000,0x0000009b8f300000) (1024K)]
  0x000001d4dd4fedb0 WorkerThread "GC Thread#11"                    [id=24816, stack(0x0000009b8ea00000,0x0000009b8eb00000) (1024K)]
  0x000001d4dd4fffd0 WorkerThread "GC Thread#12"                    [id=3496, stack(0x0000009b8f700000,0x0000009b8f800000) (1024K)]
Total: 15

Threads with active compile tasks:
C2 CompilerThread0  7512 7870   !   4       jdk.internal.loader.BuiltinClassLoader::loadClassOrNull (143 bytes)
Total: 1

VM state: not at safepoint (normal execution)

VM Mutex/Monitor currently owned by a thread: None

Heap address: 0x00000000c0000000, size: 1024 MB, Compressed Oops mode: 32-bit

CDS archive(s) mapped at: [0x000001d495000000-0x000001d495ba0000-0x000001d495ba0000), size 12189696, SharedBaseAddress: 0x000001d495000000, ArchiveRelocationMode: 1.
Compressed class space mapped at: 0x000001d496000000-0x000001d4d6000000, reserved size: 1073741824
Narrow klass base: 0x000001d495000000, Narrow klass shift: 0, Narrow klass range: 0x100000000

GC Precious Log:
 CardTable entry size: 512
 CPUs: 16 total, 16 available
 Memory: 16096M
 Large Page Support: Disabled
 NUMA Support: Disabled
 Compressed Oops: Enabled (32-bit)
 Alignments: Space 512K, Generation 512K, Heap 2M
 Heap Min Capacity: 100M
 Heap Initial Capacity: 100M
 Heap Max Capacity: 1G
 Pre-touch: Disabled
 Parallel Workers: 13

Heap:
 PSYoungGen      total 15872K, used 4975K [0x00000000eab00000, 0x00000000ebd00000, 0x0000000100000000)
  eden space 15360K, 29% used [0x00000000eab00000,0x00000000eaf5bf90,0x00000000eba00000)
  from space 512K, 100% used [0x00000000ebb80000,0x00000000ebc00000,0x00000000ebc00000)
  to   space 1024K, 0% used [0x00000000ebc00000,0x00000000ebc00000,0x00000000ebd00000)
 ParOldGen       total 68608K, used 41597K [0x00000000c0000000, 0x00000000c4300000, 0x00000000eab00000)
  object space 68608K, 60% used [0x00000000c0000000,0x00000000c289f4c8,0x00000000c4300000)
 Metaspace       used 62456K, committed 63808K, reserved 1114112K
  class space    used 7722K, committed 8320K, reserved 1048576K

Card table byte_map: [0x000001d4ff5a0000,0x000001d4ff7b0000] _byte_map_base: 0x000001d4fefa0000

Marking Bits: (ParMarkBitMap*) 0x00007ffcbf5f31f0
 Begin Bits: [0x000001d492130000, 0x000001d493130000)
 End Bits:   [0x000001d493130000, 0x000001d494130000)

Polling page: 0x000001d4fd820000

Metaspace:

Usage:
  Non-class:     53.45 MB used.
      Class:      7.54 MB used.
       Both:     60.99 MB used.

Virtual space:
  Non-class space:       64.00 MB reserved,      54.19 MB ( 85%) committed,  1 nodes.
      Class space:        1.00 GB reserved,       8.12 MB ( <1%) committed,  1 nodes.
             Both:        1.06 GB reserved,      62.31 MB (  6%) committed. 

Chunk freelists:
   Non-Class:  8.88 MB
       Class:  7.89 MB
        Both:  16.77 MB

MaxMetaspaceSize: unlimited
CompressedClassSpaceSize: 1.00 GB
Initial GC threshold: 21.00 MB
Current GC threshold: 97.31 MB
CDS: on
 - commit_granule_bytes: 65536.
 - commit_granule_words: 8192.
 - virtual_space_node_default_size: 8388608.
 - enlarge_chunks_in_place: 1.
 - use_allocation_guard: 0.


Internal statistics:

num_allocs_failed_limit: 9.
num_arena_births: 1130.
num_arena_deaths: 14.
num_vsnodes_births: 2.
num_vsnodes_deaths: 0.
num_space_committed: 997.
num_space_uncommitted: 0.
num_chunks_returned_to_freelist: 23.
num_chunks_taken_from_freelist: 3730.
num_chunk_merges: 15.
num_chunk_splits: 2493.
num_chunks_enlarged: 1644.
num_inconsistent_stats: 0.

CodeHeap 'non-profiled nmethods': size=119168Kb used=4762Kb max_used=4762Kb free=114405Kb
 bounds [0x000001d48acd0000, 0x000001d48b180000, 0x000001d492130000]
CodeHeap 'profiled nmethods': size=119104Kb used=14562Kb max_used=14726Kb free=104541Kb
 bounds [0x000001d483130000, 0x000001d483fa0000, 0x000001d48a580000]
CodeHeap 'non-nmethods': size=7488Kb used=2514Kb max_used=3173Kb free=4974Kb
 bounds [0x000001d48a580000, 0x000001d48a8a0000, 0x000001d48acd0000]
 total_blobs=7790 nmethods=7101 adapters=593
 compilation: enabled
              stopped_count=0, restarted_count=0
 full_count=0

Compilation events (20 events):
Event: 7.440 Thread 0x000001d4d67f7f70 nmethod 7882 0x000001d483658210 code [0x000001d483658560, 0x000001d483659c78]
Event: 7.440 Thread 0x000001d4d6aeae60 7883       3       java.security.Provider::getEngineName (49 bytes)
Event: 7.440 Thread 0x000001d4d67f7f70 7885       3       java.security.Provider::check (18 bytes)
Event: 7.440 Thread 0x000001d4d67f7f70 nmethod 7885 0x000001d483657b90 code [0x000001d483657d60, 0x000001d4836580c0]
Event: 7.440 Thread 0x000001d4d67f7f70 7886       3       java.security.Provider::implRemoveService (149 bytes)
Event: 7.440 Thread 0x000001d4d68bbd70 nmethod 7887 0x000001d483affd10 code [0x000001d483b00200, 0x000001d483b02530]
Event: 7.440 Thread 0x000001d4d68bbd70 7889       3       sun.security.util.SecurityProviderConstants::getAliases (63 bytes)
Event: 7.440 Thread 0x000001d4d6aeae60 nmethod 7883 0x000001d483656e90 code [0x000001d4836570c0, 0x000001d483657900]
Event: 7.440 Thread 0x000001d4d6aeae60 7888       3       java.security.Provider::checkAndUpdateSecureRandom (88 bytes)
Event: 7.440 Thread 0x000001d4d6aeae60 nmethod 7888 0x000001d483656790 code [0x000001d483656960, 0x000001d483656d00]
Event: 7.441 Thread 0x000001d4d68bbd70 nmethod 7889 0x000001d483afef10 code [0x000001d483aff180, 0x000001d483affa20]
Event: 7.441 Thread 0x000001d4d67f7f70 nmethod 7886 0x000001d483afdc10 code [0x000001d483afdec0, 0x000001d483afeb40]
Event: 7.445 Thread 0x000001d4d67f7f70 7890       1       java.nio.DirectByteBuffer::attachment (5 bytes)
Event: 7.446 Thread 0x000001d4d67f7f70 nmethod 7890 0x000001d48b176690 code [0x000001d48b176820, 0x000001d48b1768e8]
Event: 7.451 Thread 0x000001d4d68bbd70 7891       3       java.security.MessageDigest::update (11 bytes)
Event: 7.451 Thread 0x000001d4d6aeae60 7892       3       java.security.MessageDigest$Delegate::engineUpdate (9 bytes)
Event: 7.451 Thread 0x000001d4d67f7f70 7893       3       sun.security.provider.DigestBase::engineUpdate (32 bytes)
Event: 7.451 Thread 0x000001d4d6aeae60 nmethod 7892 0x000001d483656310 code [0x000001d4836564c0, 0x000001d483656698]
Event: 7.451 Thread 0x000001d4d68bbd70 nmethod 7891 0x000001d483655d90 code [0x000001d483655f40, 0x000001d483656200]
Event: 7.451 Thread 0x000001d4d67f7f70 nmethod 7893 0x000001d483afd710 code [0x000001d483afd8c0, 0x000001d483afdb28]

GC Heap History (20 events):
Event: 5.514 GC heap before
{Heap before GC invocations=41 (full 3):
 PSYoungGen      total 16384K, used 16381K [0x00000000eab00000, 0x00000000ebf80000, 0x0000000100000000)
  eden space 15360K, 100% used [0x00000000eab00000,0x00000000eba00000,0x00000000eba00000)
  from space 1024K, 99% used [0x00000000ebd80000,0x00000000ebe7f540,0x00000000ebe80000)
  to   space 1024K, 0% used [0x00000000ebe80000,0x00000000ebe80000,0x00000000ebf80000)
 ParOldGen       total 68608K, used 38879K [0x00000000c0000000, 0x00000000c4300000, 0x00000000eab00000)
  object space 68608K, 56% used [0x00000000c0000000,0x00000000c25f7e88,0x00000000c4300000)
 Metaspace       used 58843K, committed 60096K, reserved 1114112K
  class space    used 7205K, committed 7744K, reserved 1048576K
}
Event: 5.515 GC heap after
{Heap after GC invocations=41 (full 3):
 PSYoungGen      total 16384K, used 928K [0x00000000eab00000, 0x00000000ebf80000, 0x0000000100000000)
  eden space 15360K, 0% used [0x00000000eab00000,0x00000000eab00000,0x00000000eba00000)
  from space 1024K, 90% used [0x00000000ebe80000,0x00000000ebf68258,0x00000000ebf80000)
  to   space 1536K, 0% used [0x00000000ebc80000,0x00000000ebc80000,0x00000000ebe00000)
 ParOldGen       total 68608K, used 38967K [0x00000000c0000000, 0x00000000c4300000, 0x00000000eab00000)
  object space 68608K, 56% used [0x00000000c0000000,0x00000000c260de88,0x00000000c4300000)
 Metaspace       used 58843K, committed 60096K, reserved 1114112K
  class space    used 7205K, committed 7744K, reserved 1048576K
}
Event: 5.572 GC heap before
{Heap before GC invocations=42 (full 3):
 PSYoungGen      total 16384K, used 16288K [0x00000000eab00000, 0x00000000ebf80000, 0x0000000100000000)
  eden space 15360K, 100% used [0x00000000eab00000,0x00000000eba00000,0x00000000eba00000)
  from space 1024K, 90% used [0x00000000ebe80000,0x00000000ebf68258,0x00000000ebf80000)
  to   space 1536K, 0% used [0x00000000ebc80000,0x00000000ebc80000,0x00000000ebe00000)
 ParOldGen       total 68608K, used 38967K [0x00000000c0000000, 0x00000000c4300000, 0x00000000eab00000)
  object space 68608K, 56% used [0x00000000c0000000,0x00000000c260de88,0x00000000c4300000)
 Metaspace       used 58845K, committed 60096K, reserved 1114112K
  class space    used 7205K, committed 7744K, reserved 1048576K
}
Event: 5.573 GC heap after
{Heap after GC invocations=42 (full 3):
 PSYoungGen      total 16896K, used 369K [0x00000000eab00000, 0x00000000ebf00000, 0x0000000100000000)
  eden space 15360K, 0% used [0x00000000eab00000,0x00000000eab00000,0x00000000eba00000)
  from space 1536K, 24% used [0x00000000ebc80000,0x00000000ebcdc640,0x00000000ebe00000)
  to   space 1024K, 0% used [0x00000000ebe00000,0x00000000ebe00000,0x00000000ebf00000)
 ParOldGen       total 68608K, used 39150K [0x00000000c0000000, 0x00000000c4300000, 0x00000000eab00000)
  object space 68608K, 57% used [0x00000000c0000000,0x00000000c263b8b8,0x00000000c4300000)
 Metaspace       used 58845K, committed 60096K, reserved 1114112K
  class space    used 7205K, committed 7744K, reserved 1048576K
}
Event: 5.631 GC heap before
{Heap before GC invocations=43 (full 3):
 PSYoungGen      total 16896K, used 15729K [0x00000000eab00000, 0x00000000ebf00000, 0x0000000100000000)
  eden space 15360K, 100% used [0x00000000eab00000,0x00000000eba00000,0x00000000eba00000)
  from space 1536K, 24% used [0x00000000ebc80000,0x00000000ebcdc640,0x00000000ebe00000)
  to   space 1024K, 0% used [0x00000000ebe00000,0x00000000ebe00000,0x00000000ebf00000)
 ParOldGen       total 68608K, used 39150K [0x00000000c0000000, 0x00000000c4300000, 0x00000000eab00000)
  object space 68608K, 57% used [0x00000000c0000000,0x00000000c263b8b8,0x00000000c4300000)
 Metaspace       used 58847K, committed 60096K, reserved 1114112K
  class space    used 7205K, committed 7744K, reserved 1048576K
}
Event: 5.631 GC heap after
{Heap after GC invocations=43 (full 3):
 PSYoungGen      total 16384K, used 1014K [0x00000000eab00000, 0x00000000ebf00000, 0x0000000100000000)
  eden space 15360K, 0% used [0x00000000eab00000,0x00000000eab00000,0x00000000eba00000)
  from space 1024K, 99% used [0x00000000ebe00000,0x00000000ebefdb88,0x00000000ebf00000)
  to   space 1536K, 0% used [0x00000000ebc00000,0x00000000ebc00000,0x00000000ebd80000)
 ParOldGen       total 68608K, used 39443K [0x00000000c0000000, 0x00000000c4300000, 0x00000000eab00000)
  object space 68608K, 57% used [0x00000000c0000000,0x00000000c2684cf8,0x00000000c4300000)
 Metaspace       used 58847K, committed 60096K, reserved 1114112K
  class space    used 7205K, committed 7744K, reserved 1048576K
}
Event: 5.687 GC heap before
{Heap before GC invocations=44 (full 3):
 PSYoungGen      total 16384K, used 16374K [0x00000000eab00000, 0x00000000ebf00000, 0x0000000100000000)
  eden space 15360K, 100% used [0x00000000eab00000,0x00000000eba00000,0x00000000eba00000)
  from space 1024K, 99% used [0x00000000ebe00000,0x00000000ebefdb88,0x00000000ebf00000)
  to   space 1536K, 0% used [0x00000000ebc00000,0x00000000ebc00000,0x00000000ebd80000)
 ParOldGen       total 68608K, used 39443K [0x00000000c0000000, 0x00000000c4300000, 0x00000000eab00000)
  object space 68608K, 57% used [0x00000000c0000000,0x00000000c2684cf8,0x00000000c4300000)
 Metaspace       used 58847K, committed 60096K, reserved 1114112K
  class space    used 7205K, committed 7744K, reserved 1048576K
}
Event: 5.688 GC heap after
{Heap after GC invocations=44 (full 3):
 PSYoungGen      total 16896K, used 835K [0x00000000eab00000, 0x00000000ebe80000, 0x0000000100000000)
  eden space 15360K, 0% used [0x00000000eab00000,0x00000000eab00000,0x00000000eba00000)
  from space 1536K, 54% used [0x00000000ebc00000,0x00000000ebcd0c08,0x00000000ebd80000)
  to   space 1024K, 0% used [0x00000000ebd80000,0x00000000ebd80000,0x00000000ebe80000)
 ParOldGen       total 68608K, used 39515K [0x00000000c0000000, 0x00000000c4300000, 0x00000000eab00000)
  object space 68608K, 57% used [0x00000000c0000000,0x00000000c2696cf8,0x00000000c4300000)
 Metaspace       used 58847K, committed 60096K, reserved 1114112K
  class space    used 7205K, committed 7744K, reserved 1048576K
}
Event: 5.741 GC heap before
{Heap before GC invocations=45 (full 3):
 PSYoungGen      total 16896K, used 16195K [0x00000000eab00000, 0x00000000ebe80000, 0x0000000100000000)
  eden space 15360K, 100% used [0x00000000eab00000,0x00000000eba00000,0x00000000eba00000)
  from space 1536K, 54% used [0x00000000ebc00000,0x00000000ebcd0c08,0x00000000ebd80000)
  to   space 1024K, 0% used [0x00000000ebd80000,0x00000000ebd80000,0x00000000ebe80000)
 ParOldGen       total 68608K, used 39515K [0x00000000c0000000, 0x00000000c4300000, 0x00000000eab00000)
  object space 68608K, 57% used [0x00000000c0000000,0x00000000c2696cf8,0x00000000c4300000)
 Metaspace       used 58850K, committed 60096K, reserved 1114112K
  class space    used 7205K, committed 7744K, reserved 1048576K
}
Event: 5.741 GC heap after
{Heap after GC invocations=45 (full 3):
 PSYoungGen      total 15872K, used 352K [0x00000000eab00000, 0x00000000ebe00000, 0x0000000100000000)
  eden space 15360K, 0% used [0x00000000eab00000,0x00000000eab00000,0x00000000eba00000)
  from space 512K, 68% used [0x00000000ebd80000,0x00000000ebdd8000,0x00000000ebe00000)
  to   space 1024K, 0% used [0x00000000ebc00000,0x00000000ebc00000,0x00000000ebd00000)
 ParOldGen       total 68608K, used 39705K [0x00000000c0000000, 0x00000000c4300000, 0x00000000eab00000)
  object space 68608K, 57% used [0x00000000c0000000,0x00000000c26c6718,0x00000000c4300000)
 Metaspace       used 58850K, committed 60096K, reserved 1114112K
  class space    used 7205K, committed 7744K, reserved 1048576K
}
Event: 5.801 GC heap before
{Heap before GC invocations=46 (full 3):
 PSYoungGen      total 15872K, used 15712K [0x00000000eab00000, 0x00000000ebe00000, 0x0000000100000000)
  eden space 15360K, 100% used [0x00000000eab00000,0x00000000eba00000,0x00000000eba00000)
  from space 512K, 68% used [0x00000000ebd80000,0x00000000ebdd8000,0x00000000ebe00000)
  to   space 1024K, 0% used [0x00000000ebc00000,0x00000000ebc00000,0x00000000ebd00000)
 ParOldGen       total 68608K, used 39705K [0x00000000c0000000, 0x00000000c4300000, 0x00000000eab00000)
  object space 68608K, 57% used [0x00000000c0000000,0x00000000c26c6718,0x00000000c4300000)
 Metaspace       used 58857K, committed 60096K, reserved 1114112K
  class space    used 7205K, committed 7744K, reserved 1048576K
}
Event: 5.802 GC heap after
{Heap after GC invocations=46 (full 3):
 PSYoungGen      total 16384K, used 1024K [0x00000000eab00000, 0x00000000ebe00000, 0x0000000100000000)
  eden space 15360K, 0% used [0x00000000eab00000,0x00000000eab00000,0x00000000eba00000)
  from space 1024K, 100% used [0x00000000ebc00000,0x00000000ebd00000,0x00000000ebd00000)
  to   space 1024K, 0% used [0x00000000ebd00000,0x00000000ebd00000,0x00000000ebe00000)
 ParOldGen       total 68608K, used 39913K [0x00000000c0000000, 0x00000000c4300000, 0x00000000eab00000)
  object space 68608K, 58% used [0x00000000c0000000,0x00000000c26fa568,0x00000000c4300000)
 Metaspace       used 58857K, committed 60096K, reserved 1114112K
  class space    used 7205K, committed 7744K, reserved 1048576K
}
Event: 5.857 GC heap before
{Heap before GC invocations=47 (full 3):
 PSYoungGen      total 16384K, used 16384K [0x00000000eab00000, 0x00000000ebe00000, 0x0000000100000000)
  eden space 15360K, 100% used [0x00000000eab00000,0x00000000eba00000,0x00000000eba00000)
  from space 1024K, 100% used [0x00000000ebc00000,0x00000000ebd00000,0x00000000ebd00000)
  to   space 1024K, 0% used [0x00000000ebd00000,0x00000000ebd00000,0x00000000ebe00000)
 ParOldGen       total 68608K, used 39913K [0x00000000c0000000, 0x00000000c4300000, 0x00000000eab00000)
  object space 68608K, 58% used [0x00000000c0000000,0x00000000c26fa568,0x00000000c4300000)
 Metaspace       used 58857K, committed 60096K, reserved 1114112K
  class space    used 7205K, committed 7744K, reserved 1048576K
}
Event: 5.858 GC heap after
{Heap after GC invocations=47 (full 3):
 PSYoungGen      total 16384K, used 823K [0x00000000eab00000, 0x00000000ebe00000, 0x0000000100000000)
  eden space 15360K, 0% used [0x00000000eab00000,0x00000000eab00000,0x00000000eba00000)
  from space 1024K, 80% used [0x00000000ebd00000,0x00000000ebdcddb8,0x00000000ebe00000)
  to   space 1024K, 0% used [0x00000000ebc00000,0x00000000ebc00000,0x00000000ebd00000)
 ParOldGen       total 68608K, used 39985K [0x00000000c0000000, 0x00000000c4300000, 0x00000000eab00000)
  object space 68608K, 58% used [0x00000000c0000000,0x00000000c270c568,0x00000000c4300000)
 Metaspace       used 58857K, committed 60096K, reserved 1114112K
  class space    used 7205K, committed 7744K, reserved 1048576K
}
Event: 5.902 GC heap before
{Heap before GC invocations=48 (full 3):
 PSYoungGen      total 16384K, used 16183K [0x00000000eab00000, 0x00000000ebe00000, 0x0000000100000000)
  eden space 15360K, 100% used [0x00000000eab00000,0x00000000eba00000,0x00000000eba00000)
  from space 1024K, 80% used [0x00000000ebd00000,0x00000000ebdcddb8,0x00000000ebe00000)
  to   space 1024K, 0% used [0x00000000ebc00000,0x00000000ebc00000,0x00000000ebd00000)
 ParOldGen       total 68608K, used 39985K [0x00000000c0000000, 0x00000000c4300000, 0x00000000eab00000)
  object space 68608K, 58% used [0x00000000c0000000,0x00000000c270c568,0x00000000c4300000)
 Metaspace       used 58857K, committed 60096K, reserved 1114112K
  class space    used 7205K, committed 7744K, reserved 1048576K
}
Event: 5.903 GC heap after
{Heap after GC invocations=48 (full 3):
 PSYoungGen      total 15872K, used 384K [0x00000000eab00000, 0x00000000ebd80000, 0x0000000100000000)
  eden space 15360K, 0% used [0x00000000eab00000,0x00000000eab00000,0x00000000eba00000)
  from space 512K, 75% used [0x00000000ebc00000,0x00000000ebc60000,0x00000000ebc80000)
  to   space 1024K, 0% used [0x00000000ebc80000,0x00000000ebc80000,0x00000000ebd80000)
 ParOldGen       total 68608K, used 40151K [0x00000000c0000000, 0x00000000c4300000, 0x00000000eab00000)
  object space 68608K, 58% used [0x00000000c0000000,0x00000000c2735f88,0x00000000c4300000)
 Metaspace       used 58857K, committed 60096K, reserved 1114112K
  class space    used 7205K, committed 7744K, reserved 1048576K
}
Event: 6.015 GC heap before
{Heap before GC invocations=49 (full 3):
 PSYoungGen      total 15872K, used 15744K [0x00000000eab00000, 0x00000000ebd80000, 0x0000000100000000)
  eden space 15360K, 100% used [0x00000000eab00000,0x00000000eba00000,0x00000000eba00000)
  from space 512K, 75% used [0x00000000ebc00000,0x00000000ebc60000,0x00000000ebc80000)
  to   space 1024K, 0% used [0x00000000ebc80000,0x00000000ebc80000,0x00000000ebd80000)
 ParOldGen       total 68608K, used 40151K [0x00000000c0000000, 0x00000000c4300000, 0x00000000eab00000)
  object space 68608K, 58% used [0x00000000c0000000,0x00000000c2735f88,0x00000000c4300000)
 Metaspace       used 60466K, committed 61760K, reserved 1114112K
  class space    used 7445K, committed 8000K, reserved 1048576K
}
Event: 6.016 GC heap after
{Heap after GC invocations=49 (full 3):
 PSYoungGen      total 16384K, used 736K [0x00000000eab00000, 0x00000000ebd80000, 0x0000000100000000)
  eden space 15360K, 0% used [0x00000000eab00000,0x00000000eab00000,0x00000000eba00000)
  from space 1024K, 71% used [0x00000000ebc80000,0x00000000ebd38010,0x00000000ebd80000)
  to   space 1024K, 0% used [0x00000000ebb80000,0x00000000ebb80000,0x00000000ebc80000)
 ParOldGen       total 68608K, used 40215K [0x00000000c0000000, 0x00000000c4300000, 0x00000000eab00000)
  object space 68608K, 58% used [0x00000000c0000000,0x00000000c2745f98,0x00000000c4300000)
 Metaspace       used 60466K, committed 61760K, reserved 1114112K
  class space    used 7445K, committed 8000K, reserved 1048576K
}
Event: 6.193 GC heap before
{Heap before GC invocations=50 (full 3):
 PSYoungGen      total 16384K, used 16096K [0x00000000eab00000, 0x00000000ebd80000, 0x0000000100000000)
  eden space 15360K, 100% used [0x00000000eab00000,0x00000000eba00000,0x00000000eba00000)
  from space 1024K, 71% used [0x00000000ebc80000,0x00000000ebd38010,0x00000000ebd80000)
  to   space 1024K, 0% used [0x00000000ebb80000,0x00000000ebb80000,0x00000000ebc80000)
 ParOldGen       total 68608K, used 40215K [0x00000000c0000000, 0x00000000c4300000, 0x00000000eab00000)
  object space 68608K, 58% used [0x00000000c0000000,0x00000000c2745f98,0x00000000c4300000)
 Metaspace       used 61812K, committed 63168K, reserved 1114112K
  class space    used 7640K, committed 8192K, reserved 1048576K
}
Event: 6.195 GC heap after
{Heap after GC invocations=50 (full 3):
 PSYoungGen      total 15872K, used 512K [0x00000000eab00000, 0x00000000ebd00000, 0x0000000100000000)
  eden space 15360K, 0% used [0x00000000eab00000,0x00000000eab00000,0x00000000eba00000)
  from space 512K, 100% used [0x00000000ebb80000,0x00000000ebc00000,0x00000000ebc00000)
  to   space 1024K, 0% used [0x00000000ebc00000,0x00000000ebc00000,0x00000000ebd00000)
 ParOldGen       total 68608K, used 41597K [0x00000000c0000000, 0x00000000c4300000, 0x00000000eab00000)
  object space 68608K, 60% used [0x00000000c0000000,0x00000000c289f4c8,0x00000000c4300000)
 Metaspace       used 61812K, committed 63168K, reserved 1114112K
  class space    used 7640K, committed 8192K, reserved 1048576K
}

Dll operation events (15 events):
Event: 0.008 Loaded shared library c:\Users\admin\.cursor\extensions\redhat.java-1.42.0-win32-x64\jre\21.0.7-win32-x86_64\bin\java.dll
Event: 0.069 Loaded shared library c:\Users\admin\.cursor\extensions\redhat.java-1.42.0-win32-x64\jre\21.0.7-win32-x86_64\bin\zip.dll
Event: 0.081 Loaded shared library C:\Users\admin\.cursor\extensions\redhat.java-1.42.0-win32-x64\jre\21.0.7-win32-x86_64\bin\instrument.dll
Event: 0.084 Loaded shared library C:\Users\admin\.cursor\extensions\redhat.java-1.42.0-win32-x64\jre\21.0.7-win32-x86_64\bin\net.dll
Event: 0.089 Loaded shared library C:\Users\admin\.cursor\extensions\redhat.java-1.42.0-win32-x64\jre\21.0.7-win32-x86_64\bin\nio.dll
Event: 0.091 Loaded shared library C:\Users\admin\.cursor\extensions\redhat.java-1.42.0-win32-x64\jre\21.0.7-win32-x86_64\bin\zip.dll
Event: 0.101 Loaded shared library C:\Users\admin\.cursor\extensions\redhat.java-1.42.0-win32-x64\jre\21.0.7-win32-x86_64\bin\jimage.dll
Event: 0.139 Loaded shared library c:\Users\admin\.cursor\extensions\redhat.java-1.42.0-win32-x64\jre\21.0.7-win32-x86_64\bin\verify.dll
Event: 0.718 Loaded shared library C:\Users\admin\AppData\Roaming\Cursor\User\globalStorage\redhat.java\1.42.0\config_win\org.eclipse.equinox.launcher\org.eclipse.equinox.launcher.win32.win32.x86_64_1.2.1300.v20250331-1702\eclipse_11911.dll
Event: 2.070 Loaded shared library C:\Users\admin\.cursor\extensions\redhat.java-1.42.0-win32-x64\jre\21.0.7-win32-x86_64\bin\management.dll
Event: 2.072 Loaded shared library C:\Users\admin\.cursor\extensions\redhat.java-1.42.0-win32-x64\jre\21.0.7-win32-x86_64\bin\management_ext.dll
Event: 2.380 Loaded shared library C:\Users\admin\AppData\Local\Temp\jna-92668751\jna3976358513297010385.dll
Event: 4.133 Loaded shared library C:\Users\admin\.gradle\native\1def1411415f61bf3af743bc5b6707747c0891f09f0c88961ee8f79bc544acac\windows-amd64\native-platform.dll
Event: 5.947 Loaded shared library C:\Users\admin\.cursor\extensions\redhat.java-1.42.0-win32-x64\jre\21.0.7-win32-x86_64\bin\extnet.dll
Event: 7.445 Loaded shared library C:\Users\admin\.cursor\extensions\redhat.java-1.42.0-win32-x64\jre\21.0.7-win32-x86_64\bin\sunmscapi.dll

Deoptimization events (20 events):
Event: 7.426 Thread 0x000001d4ded38a40 Uncommon trap: trap_request=0xffffff45 fr.pc=0x000001d48ad884f8 relative=0x00000000000008b8
Event: 7.426 Thread 0x000001d4ded38a40 Uncommon trap: reason=unstable_if action=reinterpret pc=0x000001d48ad884f8 method=java.util.HashMap.computeIfAbsent(Ljava/lang/Object;Ljava/util/function/Function;)Ljava/lang/Object; @ 294 c2
Event: 7.426 Thread 0x000001d4ded38a40 DEOPT PACKING pc=0x000001d48ad884f8 sp=0x0000009b91ffbf20
Event: 7.426 Thread 0x000001d4ded38a40 DEOPT UNPACKING pc=0x000001d48a5d3aa2 sp=0x0000009b91ffbec8 mode 2
Event: 7.452 Thread 0x000001d4ded38a40 Uncommon trap: trap_request=0xffffff45 fr.pc=0x000001d48b032a40 relative=0x0000000000000b80
Event: 7.452 Thread 0x000001d4ded38a40 Uncommon trap: reason=unstable_if action=reinterpret pc=0x000001d48b032a40 method=sun.nio.fs.WindowsPath.openForReadAttributeAccess(Z)J @ 5 c2
Event: 7.452 Thread 0x000001d4ded38a40 DEOPT PACKING pc=0x000001d48b032a40 sp=0x0000009b91ffdaa0
Event: 7.452 Thread 0x000001d4ded38a40 DEOPT UNPACKING pc=0x000001d48a5d3aa2 sp=0x0000009b91ffda78 mode 2
Event: 7.452 Thread 0x000001d4ded38a40 Uncommon trap: trap_request=0xffffff45 fr.pc=0x000001d48b037484 relative=0x0000000000000a64
Event: 7.452 Thread 0x000001d4ded38a40 Uncommon trap: reason=unstable_if action=reinterpret pc=0x000001d48b037484 method=sun.nio.fs.WindowsNativeDispatcher.asNativeBuffer(Ljava/lang/String;)Lsun/nio/fs/NativeBuffer; @ 52 c2
Event: 7.452 Thread 0x000001d4ded38a40 DEOPT PACKING pc=0x000001d48b037484 sp=0x0000009b91ffda20
Event: 7.452 Thread 0x000001d4ded38a40 DEOPT UNPACKING pc=0x000001d48a5d3aa2 sp=0x0000009b91ffd8c8 mode 2
Event: 7.452 Thread 0x000001d4ded38a40 Uncommon trap: trap_request=0xffffff45 fr.pc=0x000001d48b030a30 relative=0x0000000000000650
Event: 7.452 Thread 0x000001d4ded38a40 Uncommon trap: reason=unstable_if action=reinterpret pc=0x000001d48b030a30 method=sun.nio.fs.WindowsFileAttributes.isReparsePoint(I)Z @ 5 c2
Event: 7.452 Thread 0x000001d4ded38a40 DEOPT PACKING pc=0x000001d48b030a30 sp=0x0000009b91ffdac0
Event: 7.452 Thread 0x000001d4ded38a40 DEOPT UNPACKING pc=0x000001d48a5d3aa2 sp=0x0000009b91ffd9e8 mode 2
Event: 7.452 Thread 0x000001d4ded38a40 Uncommon trap: trap_request=0xffffff45 fr.pc=0x000001d48b011214 relative=0x00000000000001d4
Event: 7.452 Thread 0x000001d4ded38a40 Uncommon trap: reason=unstable_if action=reinterpret pc=0x000001d48b011214 method=sun.nio.fs.NativeBuffers.getNativeBufferFromCache(I)Lsun/nio/fs/NativeBuffer; @ 34 c2
Event: 7.452 Thread 0x000001d4ded38a40 DEOPT PACKING pc=0x000001d48b011214 sp=0x0000009b91ffd9d0
Event: 7.452 Thread 0x000001d4ded38a40 DEOPT UNPACKING pc=0x000001d48a5d3aa2 sp=0x0000009b91ffd958 mode 2

Classes loaded (20 events):
Event: 7.448 Loading class com/sun/security/sasl/Provider$1
Event: 7.448 Loading class com/sun/security/sasl/Provider$1 done
Event: 7.448 Loading class com/sun/security/sasl/Provider$ProviderService
Event: 7.448 Loading class com/sun/security/sasl/Provider$ProviderService done
Event: 7.448 Loading class sun/security/provider/certpath/ldap/JdkLDAP
Event: 7.448 Loading class sun/security/provider/certpath/ldap/JdkLDAP done
Event: 7.448 Loading class sun/security/provider/certpath/ldap/JdkLDAP$ProviderService
Event: 7.448 Loading class sun/security/provider/certpath/ldap/JdkLDAP$ProviderService done
Event: 7.449 Loading class sun/nio/ch/ServerSocketChannelImpl
Event: 7.450 Loading class sun/nio/ch/ServerSocketChannelImpl done
Event: 7.451 Loading class java/nio/BufferMismatch
Event: 7.451 Loading class java/nio/BufferMismatch done
Event: 7.452 Loading class sun/nio/ch/SourceChannelImpl
Event: 7.452 Loading class java/nio/channels/Pipe$SourceChannel
Event: 7.452 Loading class java/nio/channels/Pipe$SourceChannel done
Event: 7.452 Loading class sun/nio/ch/SourceChannelImpl done
Event: 7.452 Loading class sun/nio/ch/SinkChannelImpl
Event: 7.452 Loading class java/nio/channels/Pipe$SinkChannel
Event: 7.452 Loading class java/nio/channels/Pipe$SinkChannel done
Event: 7.452 Loading class sun/nio/ch/SinkChannelImpl done

Classes unloaded (7 events):
Event: 1.752 Thread 0x000001d494314070 Unloading class 0x000001d4961a3c00 'java/lang/invoke/LambdaForm$MH+0x000001d4961a3c00'
Event: 1.752 Thread 0x000001d494314070 Unloading class 0x000001d4961a3800 'java/lang/invoke/LambdaForm$MH+0x000001d4961a3800'
Event: 1.752 Thread 0x000001d494314070 Unloading class 0x000001d4961a3400 'java/lang/invoke/LambdaForm$MH+0x000001d4961a3400'
Event: 1.752 Thread 0x000001d494314070 Unloading class 0x000001d4961a3000 'java/lang/invoke/LambdaForm$MH+0x000001d4961a3000'
Event: 1.752 Thread 0x000001d494314070 Unloading class 0x000001d4961a2c00 'java/lang/invoke/LambdaForm$BMH+0x000001d4961a2c00'
Event: 1.752 Thread 0x000001d494314070 Unloading class 0x000001d4961a2800 'java/lang/invoke/LambdaForm$DMH+0x000001d4961a2800'
Event: 1.752 Thread 0x000001d494314070 Unloading class 0x000001d4961a1400 'java/lang/invoke/LambdaForm$DMH+0x000001d4961a1400'

Classes redefined (0 events):
No events

Internal exceptions (20 events):
Event: 5.991 Thread 0x000001d4ded38a40 Exception <a 'java/lang/NoSuchMethodError'{0x00000000eb60b320}: 'java.lang.Object java.lang.invoke.DirectMethodHandle$Holder.invokeStatic(java.lang.Object, java.lang.Object, java.lang.Object, java.lang.Object, java.lang.Object, java.lang.Object, java.lang.Object, java.lang.Object, java.lang.Object, java.lang.Object, java.lang.Object, java.lang.Object, java.lang.Object, java.lang.Object, java.lang.Object, java.lang.Object, java.lang.Object)'> (0x00000000eb60b320) 
thrown [s\src\hotspot\share\interpreter\lin
Event: 5.992 Thread 0x000001d4ded38a40 Exception <a 'java/lang/NoSuchMethodError'{0x00000000eb637d90}: 'java.lang.Object java.lang.invoke.DirectMethodHandle$Holder.invokeStatic(java.lang.Object, java.lang.Object, java.lang.Object, java.lang.Object, java.lang.Object, java.lang.Object, java.lang.Object, java.lang.Object, java.lang.Object, java.lang.Object, java.lang.Object, java.lang.Object, java.lang.Object, java.lang.Object, java.lang.Object, java.lang.Object, java.lang.Object, java.lang.Object)'> (0x00000000eb637d90) 
thrown [s\src\hotspot\sha
Event: 5.993 Thread 0x000001d4ded38a40 Exception <a 'java/lang/NoSuchMethodError'{0x00000000eb665898}: 'java.lang.Object java.lang.invoke.DirectMethodHandle$Holder.invokeStatic(java.lang.Object, java.lang.Object, java.lang.Object, java.lang.Object, java.lang.Object, java.lang.Object, java.lang.Object, java.lang.Object, java.lang.Object, java.lang.Object, java.lang.Object, java.lang.Object, java.lang.Object, java.lang.Object, java.lang.Object, java.lang.Object, java.lang.Object, java.lang.Object, java.lang.Object)'> (0x00000000eb665898) 
thrown 
Event: 5.994 Thread 0x000001d4ded38a40 Exception <a 'java/lang/NoSuchMethodError'{0x00000000eb6954d0}: 'java.lang.Object java.lang.invoke.DirectMethodHandle$Holder.invokeStatic(java.lang.Object, java.lang.Object, java.lang.Object, java.lang.Object, java.lang.Object, java.lang.Object, java.lang.Object, java.lang.Object, java.lang.Object, java.lang.Object, java.lang.Object, java.lang.Object, java.lang.Object, java.lang.Object, java.lang.Object, java.lang.Object, java.lang.Object, java.lang.Object, java.lang.Object, java.lang.Object)'> (0x00000000
Event: 5.995 Thread 0x000001d4ded38a40 Exception <a 'java/lang/NoSuchMethodError'{0x00000000eb6c5aa8}: 'java.lang.Object java.lang.invoke.DirectMethodHandle$Holder.invokeStatic(java.lang.Object, java.lang.Object, java.lang.Object, java.lang.Object, java.lang.Object, java.lang.Object, java.lang.Object, java.lang.Object, java.lang.Object, java.lang.Object, java.lang.Object, java.lang.Object, java.lang.Object, java.lang.Object, java.lang.Object, java.lang.Object, java.lang.Object, java.lang.Object, java.lang.Object, java.lang.Object, java.lang.Obj
Event: 5.996 Thread 0x000001d4ded38a40 Exception <a 'java/lang/NoSuchMethodError'{0x00000000eb6f6670}: 'java.lang.Object java.lang.invoke.DirectMethodHandle$Holder.invokeStatic(java.lang.Object, java.lang.Object, java.lang.Object, java.lang.Object, java.lang.Object, java.lang.Object, java.lang.Object, java.lang.Object, java.lang.Object, java.lang.Object, java.lang.Object, java.lang.Object, java.lang.Object, java.lang.Object, java.lang.Object, java.lang.Object, java.lang.Object, java.lang.Object, java.lang.Object, java.lang.Object, java.lang.Obj
Event: 5.997 Thread 0x000001d4ded38a40 Exception <a 'java/lang/NoSuchMethodError'{0x00000000eb7285e0}: 'java.lang.Object java.lang.invoke.DirectMethodHandle$Holder.invokeStatic(java.lang.Object, java.lang.Object, java.lang.Object, java.lang.Object, java.lang.Object, java.lang.Object, java.lang.Object, java.lang.Object, java.lang.Object, java.lang.Object, java.lang.Object, java.lang.Object, java.lang.Object, java.lang.Object, java.lang.Object, java.lang.Object, java.lang.Object, java.lang.Object, java.lang.Object, java.lang.Object, java.lang.Obj
Event: 5.997 Thread 0x000001d4ded38a40 Exception <a 'java/lang/NoSuchMethodError'{0x00000000eb75ad38}: 'java.lang.Object java.lang.invoke.DirectMethodHandle$Holder.invokeStatic(java.lang.Object, java.lang.Object, java.lang.Object, java.lang.Object, java.lang.Object, java.lang.Object, java.lang.Object, java.lang.Object, java.lang.Object, java.lang.Object, java.lang.Object, java.lang.Object, java.lang.Object, java.lang.Object, java.lang.Object, java.lang.Object, java.lang.Object, java.lang.Object, java.lang.Object, java.lang.Object, java.lang.Obj
Event: 5.998 Thread 0x000001d4ded38a40 Exception <a 'java/lang/NoSuchMethodError'{0x00000000eb78f158}: 'java.lang.Object java.lang.invoke.DirectMethodHandle$Holder.invokeStatic(java.lang.Object, java.lang.Object, java.lang.Object, java.lang.Object, java.lang.Object, java.lang.Object, java.lang.Object, java.lang.Object, java.lang.Object, java.lang.Object, java.lang.Object, java.lang.Object, java.lang.Object, java.lang.Object, java.lang.Object, java.lang.Object, java.lang.Object, java.lang.Object, java.lang.Object, java.lang.Object, java.lang.Obj
Event: 6.000 Thread 0x000001d4ded38a40 Exception <a 'java/lang/NoSuchMethodError'{0x00000000eb7b4f50}: 'java.lang.Object java.lang.invoke.DirectMethodHandle$Holder.invokeSpecial(java.lang.Object, java.lang.Object, java.lang.Object, java.lang.Object, java.lang.Object, java.lang.Object, java.lang.Object, java.lang.Object, java.lang.Object, java.lang.Object, java.lang.Object, java.lang.Object, java.lang.Object, java.lang.Object, java.lang.Object, java.lang.Object, java.lang.Object, java.lang.Object, java.lang.Object, java.lang.Object, java.lang.Ob
Event: 6.000 Thread 0x000001d4ded38a40 Exception <a 'java/lang/NoSuchMethodError'{0x00000000eb7ca738}: 'java.lang.Object java.lang.invoke.DirectMethodHandle$Holder.newInvokeSpecial(java.lang.Object, java.lang.Object, java.lang.Object, java.lang.Object, java.lang.Object, java.lang.Object, java.lang.Object, java.lang.Object, java.lang.Object, java.lang.Object, java.lang.Object, java.lang.Object, java.lang.Object, java.lang.Object, java.lang.Object, java.lang.Object, java.lang.Object, java.lang.Object, java.lang.Object, java.lang.Object, java.lang
Event: 6.000 Thread 0x000001d4ded38a40 Exception <a 'java/lang/NoSuchMethodError'{0x00000000eb7d0930}: 'java.lang.Object java.lang.invoke.Invokers$Holder.linkToTargetMethod(java.lang.Object, java.lang.Object, java.lang.Object, java.lang.Object, java.lang.Object, java.lang.Object, java.lang.Object, java.lang.Object, java.lang.Object, java.lang.Object, java.lang.Object, java.lang.Object, java.lang.Object, java.lang.Object, java.lang.Object, java.lang.Object, java.lang.Object, java.lang.Object, java.lang.Object, java.lang.Object, java.lang.Object,
Event: 6.001 Thread 0x000001d4ded38a40 Exception <a 'java/lang/NoSuchMethodError'{0x00000000eb7d5af8}: 'java.lang.Object java.lang.invoke.DirectMethodHandle$Holder.invokeVirtual(java.lang.Object, java.lang.Object, java.lang.Object, java.lang.Object, java.lang.Object, java.lang.Object, java.lang.Object, java.lang.Object, java.lang.Object, java.lang.Object)'> (0x00000000eb7d5af8) 
thrown [s\src\hotspot\share\interpreter\linkResolver.cpp, line 773]
Event: 6.009 Thread 0x000001d4ded38a40 Exception <a 'java/lang/NoSuchMethodError'{0x00000000eb970248}: 'java.lang.Object java.lang.invoke.DirectMethodHandle$Holder.invokeVirtual(java.lang.Object, java.lang.Object, java.lang.Object, java.lang.Object, java.lang.Object, java.lang.Object, java.lang.Object, java.lang.Object, java.lang.Object)'> (0x00000000eb970248) 
thrown [s\src\hotspot\share\interpreter\linkResolver.cpp, line 773]
Event: 6.024 Thread 0x000001d4ded38a40 Exception <a 'java/lang/NoSuchMethodError'{0x00000000eacae9d8}: 'java.lang.Object java.lang.invoke.DirectMethodHandle$Holder.invokeVirtual(java.lang.Object, java.lang.Object, java.lang.Object, java.lang.Object, java.lang.Object, java.lang.Object, java.lang.Object, java.lang.Object)'> (0x00000000eacae9d8) 
thrown [s\src\hotspot\share\interpreter\linkResolver.cpp, line 773]
Event: 6.028 Thread 0x000001d4ded38a40 Exception <a 'java/lang/NoSuchMethodError'{0x00000000ead25ac0}: 'long java.lang.invoke.DirectMethodHandle$Holder.invokeVirtual(java.lang.Object, java.lang.Object)'> (0x00000000ead25ac0) 
thrown [s\src\hotspot\share\interpreter\linkResolver.cpp, line 773]
Event: 6.028 Thread 0x000001d4ded38a40 Exception <a 'java/lang/NoSuchMethodError'{0x00000000ead28ec0}: 'long java.lang.invoke.DelegatingMethodHandle$Holder.reinvoke_L(java.lang.Object, java.lang.Object)'> (0x00000000ead28ec0) 
thrown [s\src\hotspot\share\interpreter\linkResolver.cpp, line 773]
Event: 6.087 Thread 0x000001d4ded39760 Exception <a 'java/lang/NoSuchMethodError'{0x00000000eb3d7e40}: 'void java.lang.invoke.DirectMethodHandle$Holder.invokeStatic(java.lang.Object, long)'> (0x00000000eb3d7e40) 
thrown [s\src\hotspot\share\interpreter\linkResolver.cpp, line 773]
Event: 6.154 Thread 0x000001d4ded39760 Exception <a 'java/lang/NoSuchMethodError'{0x00000000eb3fbcd0}: 'void java.lang.invoke.DirectMethodHandle$Holder.invokeSpecial(java.lang.Object, java.lang.Object, int)'> (0x00000000eb3fbcd0) 
thrown [s\src\hotspot\share\interpreter\linkResolver.cpp, line 773]
Event: 6.154 Thread 0x000001d4ded39760 Exception <a 'java/lang/NoSuchMethodError'{0x00000000eb4010f8}: 'java.lang.Object java.lang.invoke.DirectMethodHandle$Holder.newInvokeSpecial(java.lang.Object, java.lang.Object, int)'> (0x00000000eb4010f8) 
thrown [s\src\hotspot\share\interpreter\linkResolver.cpp, line 773]

ZGC Phase Switch (0 events):
No events

VM Operations (20 events):
Event: 5.741 Executing VM operation: ParallelGCFailedAllocation (Allocation Failure)
Event: 5.741 Executing VM operation: ParallelGCFailedAllocation (Allocation Failure) done
Event: 5.801 Executing VM operation: ParallelGCFailedAllocation (Allocation Failure)
Event: 5.802 Executing VM operation: ParallelGCFailedAllocation (Allocation Failure) done
Event: 5.857 Executing VM operation: ParallelGCFailedAllocation (Allocation Failure)
Event: 5.858 Executing VM operation: ParallelGCFailedAllocation (Allocation Failure) done
Event: 5.902 Executing VM operation: ParallelGCFailedAllocation (Allocation Failure)
Event: 5.903 Executing VM operation: ParallelGCFailedAllocation (Allocation Failure) done
Event: 6.013 Executing VM operation: HandshakeAllThreads (Deoptimize)
Event: 6.013 Executing VM operation: HandshakeAllThreads (Deoptimize) done
Event: 6.015 Executing VM operation: ParallelGCFailedAllocation (Allocation Failure)
Event: 6.016 Executing VM operation: ParallelGCFailedAllocation (Allocation Failure) done
Event: 6.173 Executing VM operation: HandshakeAllThreads (Deoptimize)
Event: 6.173 Executing VM operation: HandshakeAllThreads (Deoptimize) done
Event: 6.193 Executing VM operation: ParallelGCFailedAllocation (Allocation Failure)
Event: 6.195 Executing VM operation: ParallelGCFailedAllocation (Allocation Failure) done
Event: 7.196 Executing VM operation: Cleanup
Event: 7.196 Executing VM operation: Cleanup done
Event: 7.430 Executing VM operation: HandshakeAllThreads (Deoptimize)
Event: 7.430 Executing VM operation: HandshakeAllThreads (Deoptimize) done

Memory protections (0 events):
No events

Nmethod flushes (20 events):
Event: 5.213 Thread 0x000001d494314070 flushing  nmethod 0x000001d483aa8610
Event: 5.213 Thread 0x000001d494314070 flushing  nmethod 0x000001d483aa8990
Event: 5.213 Thread 0x000001d494314070 flushing  nmethod 0x000001d483aaaa10
Event: 5.213 Thread 0x000001d494314070 flushing  nmethod 0x000001d483aac310
Event: 5.213 Thread 0x000001d494314070 flushing  nmethod 0x000001d483ab5d90
Event: 5.213 Thread 0x000001d494314070 flushing  nmethod 0x000001d483acba90
Event: 5.213 Thread 0x000001d494314070 flushing  nmethod 0x000001d483ae1b90
Event: 5.213 Thread 0x000001d494314070 flushing  nmethod 0x000001d483ae1f90
Event: 5.213 Thread 0x000001d494314070 flushing  nmethod 0x000001d483afba90
Event: 5.213 Thread 0x000001d494314070 flushing  nmethod 0x000001d483afc490
Event: 5.213 Thread 0x000001d494314070 flushing  nmethod 0x000001d483afc910
Event: 5.214 Thread 0x000001d494314070 flushing  nmethod 0x000001d483afe410
Event: 5.214 Thread 0x000001d494314070 flushing  nmethod 0x000001d483afe790
Event: 5.214 Thread 0x000001d494314070 flushing  nmethod 0x000001d483b00090
Event: 5.214 Thread 0x000001d494314070 flushing  nmethod 0x000001d483b02810
Event: 5.214 Thread 0x000001d494314070 flushing  nmethod 0x000001d483b04190
Event: 5.214 Thread 0x000001d494314070 flushing  nmethod 0x000001d483b13e10
Event: 5.214 Thread 0x000001d494314070 flushing  nmethod 0x000001d483b1d510
Event: 5.214 Thread 0x000001d494314070 flushing  nmethod 0x000001d483b26a10
Event: 5.214 Thread 0x000001d494314070 flushing  nmethod 0x000001d483b6e590

Events (20 events):
Event: 4.790 Thread 0x000001d4ded33b80 Thread added: 0x000001d4ded39760
Event: 4.805 Thread 0x000001d4ded39760 Thread exited: 0x000001d4ded39760
Event: 4.806 Thread 0x000001d4ded33b80 Thread added: 0x000001d4ded39df0
Event: 4.807 Thread 0x000001d4ded33b80 Thread added: 0x000001d4ded38a40
Event: 5.062 Thread 0x000001d4df32cec0 Thread exited: 0x000001d4df32cec0
Event: 6.033 Thread 0x000001d4ded38a40 Thread added: 0x000001d4ded383b0
Event: 6.082 Thread 0x000001d4ded38a40 Thread added: 0x000001d4ded39760
Event: 6.088 Thread 0x000001d4ded39760 Thread added: 0x000001d4ded36970
Event: 6.089 Thread 0x000001d4ded39760 Thread added: 0x000001d4ded3a480
Event: 6.201 Thread 0x000001d4ded38a40 Thread added: 0x000001d4ded37000
Event: 6.205 Thread 0x000001d4ded37000 Thread added: 0x000001d4df2f3ee0
Event: 6.205 Thread 0x000001d4ded37000 Thread added: 0x000001d4df2f6cd0
Event: 6.205 Thread 0x000001d4df2f3ee0 Thread exited: 0x000001d4df2f3ee0
Event: 6.554 Thread 0x000001d4defc6920 Thread exited: 0x000001d4defc6920
Event: 6.554 Thread 0x000001d4de9ce780 Thread exited: 0x000001d4de9ce780
Event: 6.557 Thread 0x000001d4d69cb990 Thread exited: 0x000001d4d69cb990
Event: 6.660 Thread 0x000001d4dda16170 Thread exited: 0x000001d4dda16170
Event: 7.406 Thread 0x000001d4d6aeb500 Thread exited: 0x000001d4d6aeb500
Event: 7.407 Thread 0x000001d4ded37000 Thread exited: 0x000001d4ded37000
Event: 7.407 Thread 0x000001d4df2f6cd0 Thread exited: 0x000001d4df2f6cd0


Dynamic libraries:
0x00007ff78b000000 - 0x00007ff78b00e000 	c:\Users\admin\.cursor\extensions\redhat.java-1.42.0-win32-x64\jre\21.0.7-win32-x86_64\bin\java.exe
0x00007ffd56dc0000 - 0x00007ffd57026000 	C:\WINDOWS\SYSTEM32\ntdll.dll
0x00007ffd54b80000 - 0x00007ffd54c49000 	C:\WINDOWS\System32\KERNEL32.DLL
0x00007ffd53f50000 - 0x00007ffd5431c000 	C:\WINDOWS\System32\KERNELBASE.dll
0x00007ffd54a30000 - 0x00007ffd54b7b000 	C:\WINDOWS\System32\ucrtbase.dll
0x00007ffd3a600000 - 0x00007ffd3a618000 	c:\Users\admin\.cursor\extensions\redhat.java-1.42.0-win32-x64\jre\21.0.7-win32-x86_64\bin\jli.dll
0x00007ffd3a300000 - 0x00007ffd3a31e000 	c:\Users\admin\.cursor\extensions\redhat.java-1.42.0-win32-x64\jre\21.0.7-win32-x86_64\bin\VCRUNTIME140.dll
0x00007ffd55e30000 - 0x00007ffd55ffa000 	C:\WINDOWS\System32\USER32.dll
0x00007ffd54960000 - 0x00007ffd54987000 	C:\WINDOWS\System32\win32u.dll
0x00007ffd562a0000 - 0x00007ffd562cb000 	C:\WINDOWS\System32\GDI32.dll
0x00007ffd407f0000 - 0x00007ffd40a8a000 	C:\WINDOWS\WinSxS\amd64_microsoft.windows.common-controls_6595b64144ccf1df_6.0.26100.3912_none_3e07963ce335137e\COMCTL32.dll
0x00007ffd54820000 - 0x00007ffd54952000 	C:\WINDOWS\System32\gdi32full.dll
0x00007ffd54320000 - 0x00007ffd543c3000 	C:\WINDOWS\System32\msvcp_win.dll
0x00007ffd56140000 - 0x00007ffd561e9000 	C:\WINDOWS\System32\msvcrt.dll
0x00007ffd55a20000 - 0x00007ffd55a50000 	C:\WINDOWS\System32\IMM32.DLL
0x00007ffd49db0000 - 0x00007ffd49dbc000 	c:\Users\admin\.cursor\extensions\redhat.java-1.42.0-win32-x64\jre\21.0.7-win32-x86_64\bin\vcruntime140_1.dll
0x00007ffd24360000 - 0x00007ffd243ed000 	c:\Users\admin\.cursor\extensions\redhat.java-1.42.0-win32-x64\jre\21.0.7-win32-x86_64\bin\msvcp140.dll
0x00007ffcbe940000 - 0x00007ffcbf6d0000 	c:\Users\admin\.cursor\extensions\redhat.java-1.42.0-win32-x64\jre\21.0.7-win32-x86_64\bin\server\jvm.dll
0x00007ffd55a70000 - 0x00007ffd55b22000 	C:\WINDOWS\System32\ADVAPI32.dll
0x00007ffd561f0000 - 0x00007ffd56296000 	C:\WINDOWS\System32\sechost.dll
0x00007ffd54de0000 - 0x00007ffd54ef6000 	C:\WINDOWS\System32\RPCRT4.dll
0x00007ffd560b0000 - 0x00007ffd56124000 	C:\WINDOWS\System32\WS2_32.dll
0x00007ffd53dc0000 - 0x00007ffd53e1e000 	C:\WINDOWS\SYSTEM32\POWRPROF.dll
0x00007ffd4d250000 - 0x00007ffd4d25b000 	C:\WINDOWS\SYSTEM32\VERSION.dll
0x00007ffd44840000 - 0x00007ffd44876000 	C:\WINDOWS\SYSTEM32\WINMM.dll
0x00007ffd53da0000 - 0x00007ffd53db4000 	C:\WINDOWS\SYSTEM32\UMPDC.dll
0x00007ffd52d10000 - 0x00007ffd52d2a000 	C:\WINDOWS\SYSTEM32\kernel.appcore.dll
0x00007ffd48f30000 - 0x00007ffd48f3a000 	c:\Users\admin\.cursor\extensions\redhat.java-1.42.0-win32-x64\jre\21.0.7-win32-x86_64\bin\jimage.dll
0x00007ffd087a0000 - 0x00007ffd089e1000 	C:\WINDOWS\SYSTEM32\DBGHELP.DLL
0x00007ffd562d0000 - 0x00007ffd56654000 	C:\WINDOWS\System32\combase.dll
0x00007ffd56c90000 - 0x00007ffd56d70000 	C:\WINDOWS\System32\OLEAUT32.dll
0x00007ffd32580000 - 0x00007ffd325b9000 	C:\WINDOWS\SYSTEM32\dbgcore.DLL
0x00007ffd54990000 - 0x00007ffd54a29000 	C:\WINDOWS\System32\bcryptPrimitives.dll
0x00007ffd44e20000 - 0x00007ffd44e2f000 	c:\Users\admin\.cursor\extensions\redhat.java-1.42.0-win32-x64\jre\21.0.7-win32-x86_64\bin\instrument.dll
0x00007ffd399f0000 - 0x00007ffd39a0f000 	c:\Users\admin\.cursor\extensions\redhat.java-1.42.0-win32-x64\jre\21.0.7-win32-x86_64\bin\java.dll
0x00007ffd54f00000 - 0x00007ffd5562d000 	C:\WINDOWS\System32\SHELL32.dll
0x00007ffd546a0000 - 0x00007ffd54814000 	C:\WINDOWS\System32\wintypes.dll
0x00007ffd51c00000 - 0x00007ffd52456000 	C:\WINDOWS\SYSTEM32\windows.storage.dll
0x00007ffd54c50000 - 0x00007ffd54d3f000 	C:\WINDOWS\System32\SHCORE.dll
0x00007ffd559b0000 - 0x00007ffd55a19000 	C:\WINDOWS\System32\shlwapi.dll
0x00007ffd53e30000 - 0x00007ffd53e5f000 	C:\WINDOWS\SYSTEM32\profapi.dll
0x00007ffd397b0000 - 0x00007ffd397c8000 	c:\Users\admin\.cursor\extensions\redhat.java-1.42.0-win32-x64\jre\21.0.7-win32-x86_64\bin\zip.dll
0x00007ffd3db80000 - 0x00007ffd3db90000 	C:\Users\admin\.cursor\extensions\redhat.java-1.42.0-win32-x64\jre\21.0.7-win32-x86_64\bin\net.dll
0x00007ffd4d260000 - 0x00007ffd4d37e000 	C:\WINDOWS\SYSTEM32\WINHTTP.dll
0x0000000180000000 - 0x000000018008c000 	C:\WINDOWS\system32\ASProxy64.dll
0x00007ffd55b50000 - 0x00007ffd55cef000 	C:\WINDOWS\System32\ole32.dll
0x00007ffd53280000 - 0x00007ffd532ea000 	C:\WINDOWS\SYSTEM32\MSWSOCK.dll
0x00007ffd52750000 - 0x00007ffd52783000 	C:\WINDOWS\SYSTEM32\IPHLPAPI.DLL
0x00007ffd52fb0000 - 0x00007ffd52ff8000 	C:\WINDOWS\SYSTEM32\SspiCli.dll
0x00007ffd38e10000 - 0x00007ffd38e26000 	C:\Users\admin\.cursor\extensions\redhat.java-1.42.0-win32-x64\jre\21.0.7-win32-x86_64\bin\nio.dll
0x00007ffd3d950000 - 0x00007ffd3d960000 	c:\Users\admin\.cursor\extensions\redhat.java-1.42.0-win32-x64\jre\21.0.7-win32-x86_64\bin\verify.dll
0x00007ffd51220000 - 0x00007ffd512cf000 	C:\WINDOWS\system32\uxtheme.dll
0x00007ffd2e2d0000 - 0x00007ffd2e315000 	C:\Users\admin\AppData\Roaming\Cursor\User\globalStorage\redhat.java\1.42.0\config_win\org.eclipse.equinox.launcher\org.eclipse.equinox.launcher.win32.win32.x86_64_1.2.1300.v20250331-1702\eclipse_11911.dll
0x00007ffd53520000 - 0x00007ffd5353c000 	C:\WINDOWS\SYSTEM32\CRYPTSP.dll
0x00007ffd52c70000 - 0x00007ffd52caa000 	C:\WINDOWS\system32\rsaenh.dll
0x00007ffd53320000 - 0x00007ffd5334b000 	C:\WINDOWS\SYSTEM32\USERENV.dll
0x00007ffd53e70000 - 0x00007ffd53e96000 	C:\WINDOWS\SYSTEM32\bcrypt.dll
0x00007ffd53540000 - 0x00007ffd5354c000 	C:\WINDOWS\SYSTEM32\CRYPTBASE.dll
0x00007ffd56130000 - 0x00007ffd5613a000 	C:\WINDOWS\System32\NSI.dll
0x00007ffd50fa0000 - 0x00007ffd50faa000 	C:\Users\admin\.cursor\extensions\redhat.java-1.42.0-win32-x64\jre\21.0.7-win32-x86_64\bin\management.dll
0x00007ffd50f90000 - 0x00007ffd50f9b000 	C:\Users\admin\.cursor\extensions\redhat.java-1.42.0-win32-x64\jre\21.0.7-win32-x86_64\bin\management_ext.dll
0x00007ffd55a60000 - 0x00007ffd55a68000 	C:\WINDOWS\System32\PSAPI.DLL
0x00007ffd2e0f0000 - 0x00007ffd2e139000 	C:\Users\admin\AppData\Local\Temp\jna-92668751\jna3976358513297010385.dll
0x00007ffd4ce10000 - 0x00007ffd4ce2f000 	C:\WINDOWS\SYSTEM32\dhcpcsvc6.DLL
0x00007ffd4cda0000 - 0x00007ffd4cdc5000 	C:\WINDOWS\SYSTEM32\dhcpcsvc.DLL
0x00007ffd395c0000 - 0x00007ffd395e7000 	C:\Users\admin\.gradle\native\1def1411415f61bf3af743bc5b6707747c0891f09f0c88961ee8f79bc544acac\windows-amd64\native-platform.dll
0x00007ffd50f80000 - 0x00007ffd50f89000 	C:\Users\admin\.cursor\extensions\redhat.java-1.42.0-win32-x64\jre\21.0.7-win32-x86_64\bin\extnet.dll
0x00007ffd395b0000 - 0x00007ffd395be000 	C:\Users\admin\.cursor\extensions\redhat.java-1.42.0-win32-x64\jre\21.0.7-win32-x86_64\bin\sunmscapi.dll
0x00007ffd54460000 - 0x00007ffd545d7000 	C:\WINDOWS\System32\CRYPT32.dll
0x00007ffd53730000 - 0x00007ffd53760000 	C:\WINDOWS\SYSTEM32\ncrypt.dll
0x00007ffd536e0000 - 0x00007ffd5371f000 	C:\WINDOWS\SYSTEM32\NTASN1.dll
0x00007ffd399e0000 - 0x00007ffd399e8000 	C:\WINDOWS\system32\wshunix.dll

dbghelp: loaded successfully - version: 4.0.5 - missing functions: none
symbol engine: initialized successfully - sym options: 0x614 - pdb path: .;c:\Users\admin\.cursor\extensions\redhat.java-1.42.0-win32-x64\jre\21.0.7-win32-x86_64\bin;C:\WINDOWS\SYSTEM32;C:\WINDOWS\WinSxS\amd64_microsoft.windows.common-controls_6595b64144ccf1df_6.0.26100.3912_none_3e07963ce335137e;c:\Users\admin\.cursor\extensions\redhat.java-1.42.0-win32-x64\jre\21.0.7-win32-x86_64\bin\server;C:\Users\admin\AppData\Roaming\Cursor\User\globalStorage\redhat.java\1.42.0\config_win\org.eclipse.equinox.launcher\org.eclipse.equinox.launcher.win32.win32.x86_64_1.2.1300.v20250331-1702;C:\Users\admin\AppData\Local\Temp\jna-92668751;C:\Users\admin\.gradle\native\1def1411415f61bf3af743bc5b6707747c0891f09f0c88961ee8f79bc544acac\windows-amd64

VM Arguments:
jvm_args: --add-modules=ALL-SYSTEM --add-opens=java.base/java.util=ALL-UNNAMED --add-opens=java.base/java.lang=ALL-UNNAMED --add-opens=java.base/sun.nio.fs=ALL-UNNAMED -Declipse.application=org.eclipse.jdt.ls.core.id1 -Dosgi.bundles.defaultStartLevel=4 -Declipse.product=org.eclipse.jdt.ls.core.product -Djava.import.generatesMetadataFilesAtProjectRoot=false -DDetectVMInstallationsJob.disabled=true -Dfile.encoding=utf8 -XX:+UseParallelGC -XX:GCTimeRatio=4 -XX:AdaptiveSizePolicyWeight=90 -Dsun.zip.disableMemoryMapping=true -Xmx1G -Xms100m -Xlog:disable -javaagent:c:\Users\admin\.cursor\extensions\redhat.java-1.42.0-win32-x64\lombok\lombok-1.18.36.jar -XX:+HeapDumpOnOutOfMemoryError -XX:HeapDumpPath=c:\Users\admin\AppData\Roaming\Cursor\User\workspaceStorage\0426a641ec518546e312a5bf184515bb\redhat.java -Daether.dependencyCollector.impl=bf 
java_command: c:\Users\admin\.cursor\extensions\redhat.java-1.42.0-win32-x64\server\plugins\org.eclipse.equinox.launcher_1.7.0.v20250424-1814.jar -configuration c:\Users\admin\AppData\Roaming\Cursor\User\globalStorage\redhat.java\1.42.0\config_win -data c:\Users\admin\AppData\Roaming\Cursor\User\workspaceStorage\0426a641ec518546e312a5bf184515bb\redhat.java\jdt_ws --pipe=\\.\pipe\lsp-83a13c16371148b6796d9218f1c2eeeb-sock
java_class_path (initial): c:\Users\admin\.cursor\extensions\redhat.java-1.42.0-win32-x64\server\plugins\org.eclipse.equinox.launcher_1.7.0.v20250424-1814.jar
Launcher Type: SUN_STANDARD

[Global flags]
    uintx AdaptiveSizePolicyWeight                 = 90                                        {product} {command line}
     intx CICompilerCount                          = 12                                        {product} {ergonomic}
    uintx GCTimeRatio                              = 4                                         {product} {command line}
     bool HeapDumpOnOutOfMemoryError               = true                                   {manageable} {command line}
    ccstr HeapDumpPath                             = c:\Users\admin\AppData\Roaming\Cursor\User\workspaceStorage\0426a641ec518546e312a5bf184515bb\redhat.java         {manageable} {command line}
   size_t InitialHeapSize                          = 104857600                                 {product} {command line}
   size_t MaxHeapSize                              = 1073741824                                {product} {command line}
   size_t MaxNewSize                               = 357564416                                 {product} {ergonomic}
   size_t MinHeapDeltaBytes                        = 524288                                    {product} {ergonomic}
   size_t MinHeapSize                              = 104857600                                 {product} {command line}
   size_t NewSize                                  = 34603008                                  {product} {ergonomic}
    uintx NonNMethodCodeHeapSize                   = 7602480                                {pd product} {ergonomic}
    uintx NonProfiledCodeHeapSize                  = 122027880                              {pd product} {ergonomic}
   size_t OldSize                                  = 70254592                                  {product} {ergonomic}
    uintx ProfiledCodeHeapSize                     = 122027880                              {pd product} {ergonomic}
    uintx ReservedCodeCacheSize                    = 251658240                              {pd product} {ergonomic}
     bool SegmentedCodeCache                       = true                                      {product} {ergonomic}
   size_t SoftMaxHeapSize                          = 1073741824                             {manageable} {ergonomic}
     bool UseCompressedOops                        = true                           {product lp64_product} {ergonomic}
     bool UseLargePagesIndividualAllocation        = false                                  {pd product} {ergonomic}
     bool UseParallelGC                            = true                                      {product} {command line}

Logging:
Log output configuration:
 #0: stdout all=off uptime,level,tags foldmultilines=false
 #1: stderr all=off uptime,level,tags foldmultilines=false

Environment Variables:
JAVA_HOME=C:\Program Files\OpenLogic\jdk-17.0.15.6-hotspot
PATH=C:\Program Files\Common Files\Oracle\Java\javapath;C:\Program Files\OpenLogic\jdk-17.0.15.6-hotspot\bin;C:\WINDOWS\system32;C:\WINDOWS;C:\WINDOWS\System32\Wbem;C:\WINDOWS\System32\WindowsPowerShell\v1.0\;C:\WINDOWS\System32\OpenSSH\;C:\Program Files\dotnet\;C:\Program Files\Microsoft SQL Server\130\Tools\Binn\;C:\Program Files\Git\cmd;C:\Users\admin\AppData\Roaming\nvm;C:\Program Files\nodejs;C:\Program Files\Microsoft SQL Server\150\Tools\Binn\;C:\Users\admin\AppData\Local\Microsoft\WindowsApps;C:\Users\admin\AppData\Roaming\npm;C:\Users\admin\AppData\Local\Programs\Microsoft VS Code\bin;C:\Users\admin\AppData\Roaming\nvm;C:\Program Files\nodejs;C:\Users\admin\AppData\Local\Android\Sdk\platform-tools;C:\Users\admin\AppData\Local\Programs\cursor\resources\app\bin;C:\;C:\Users\admin\.dotnet\tools
USERNAME=admin
OS=Windows_NT
PROCESSOR_IDENTIFIER=Intel64 Family 6 Model 165 Stepping 5, GenuineIntel
TMP=C:\Users\admin\AppData\Local\Temp
TEMP=C:\Users\admin\AppData\Local\Temp




Periodic native trim disabled

---------------  S Y S T E M  ---------------

OS:
 Windows 11 , 64 bit Build 26100 (10.0.26100.3912)
OS uptime: 0 days 3:56 hours

CPU: total 16 (initial active 16) (8 cores per cpu, 2 threads per core) family 6 model 165 stepping 5 microcode 0xec, cx8, cmov, fxsr, ht, mmx, 3dnowpref, sse, sse2, sse3, ssse3, sse4.1, sse4.2, popcnt, lzcnt, tsc, tscinvbit, avx, avx2, aes, erms, clmul, bmi1, bmi2, adx, fma, vzeroupper, clflush, clflushopt, rdtscp, f16c, pku
Processor Information for processor 0
  Max Mhz: 2901, Current Mhz: 2901, Mhz Limit: 2901
Processor Information for processor 1
  Max Mhz: 2901, Current Mhz: 2901, Mhz Limit: 2901
Processor Information for processor 2
  Max Mhz: 2901, Current Mhz: 2901, Mhz Limit: 2901
Processor Information for processor 3
  Max Mhz: 2901, Current Mhz: 2901, Mhz Limit: 2901
Processor Information for processor 4
  Max Mhz: 2901, Current Mhz: 2901, Mhz Limit: 2901
Processor Information for processor 5
  Max Mhz: 2901, Current Mhz: 2000, Mhz Limit: 2901
Processor Information for processor 6
  Max Mhz: 2901, Current Mhz: 2901, Mhz Limit: 2901
Processor Information for processor 7
  Max Mhz: 2901, Current Mhz: 2901, Mhz Limit: 2901
Processor Information for processor 8
  Max Mhz: 2901, Current Mhz: 2901, Mhz Limit: 2901
Processor Information for processor 9
  Max Mhz: 2901, Current Mhz: 2000, Mhz Limit: 2901
Processor Information for processor 10
  Max Mhz: 2901, Current Mhz: 2901, Mhz Limit: 2901
Processor Information for processor 11
  Max Mhz: 2901, Current Mhz: 2000, Mhz Limit: 2901
Processor Information for processor 12
  Max Mhz: 2901, Current Mhz: 2901, Mhz Limit: 2901
Processor Information for processor 13
  Max Mhz: 2901, Current Mhz: 2901, Mhz Limit: 2901
Processor Information for processor 14
  Max Mhz: 2901, Current Mhz: 2000, Mhz Limit: 2901
Processor Information for processor 15
  Max Mhz: 2901, Current Mhz: 2901, Mhz Limit: 2901

Memory: 4k page, system-wide physical 16096M (7586M free)
TotalPageFile size 41696M (AvailPageFile size 25164M)
current process WorkingSet (physical memory assigned to process): 291M, peak: 298M
current process commit charge ("private bytes"): 373M, peak: 383M

vm_info: OpenJDK 64-Bit Server VM (21.0.7+6-LTS) for windows-amd64 JRE (21.0.7+6-LTS), built on 2025-04-15T00:00:00Z by "admin" with MS VC++ 17.7 (VS2022)

END.
