#
# A fatal error has been detected by the Java Runtime Environment:
#
#  EXCEPTION_ACCESS_VIOLATION (0xc0000005) at pc=0x000000018000c274, pid=4924, tid=30340
#
# JRE version: OpenJDK Runtime Environment Temurin-21.0.7+6 (21.0.7+6) (build 21.0.7+6-LTS)
# Java VM: OpenJDK 64-Bit Server VM Temurin-21.0.7+6 (21.0.7+6-LTS, mixed mode, sharing, tiered, compressed oops, compressed class ptrs, parallel gc, windows-amd64)
# Problematic frame:
# C  [ASProxy64.dll+0xc274]
#
# No core dump will be written. Minidumps are not enabled by default on client versions of Windows
#
# If you would like to submit a bug report, please visit:
#   https://github.com/adoptium/adoptium-support/issues
# The crash happened outside the Java Virtual Machine in native code.
# See problematic frame for where to report the bug.
#

---------------  S U M M A R Y ------------

Command Line: --add-modules=ALL-SYSTEM --add-opens=java.base/java.util=ALL-UNNAMED --add-opens=java.base/java.lang=ALL-UNNAMED --add-opens=java.base/sun.nio.fs=ALL-UNNAMED -Declipse.application=org.eclipse.jdt.ls.core.id1 -Dosgi.bundles.defaultStartLevel=4 -Declipse.product=org.eclipse.jdt.ls.core.product -Djava.import.generatesMetadataFilesAtProjectRoot=false -DDetectVMInstallationsJob.disabled=true -Dfile.encoding=utf8 -XX:+UseParallelGC -XX:GCTimeRatio=4 -XX:AdaptiveSizePolicyWeight=90 -Dsun.zip.disableMemoryMapping=true -Xmx1G -Xms100m -Xlog:disable -javaagent:c:\Users\admin\.cursor\extensions\redhat.java-1.42.0-win32-x64\lombok\lombok-1.18.36.jar -XX:+HeapDumpOnOutOfMemoryError -XX:HeapDumpPath=c:\Users\admin\AppData\Roaming\Cursor\User\workspaceStorage\0426a641ec518546e312a5bf184515bb\redhat.java -Daether.dependencyCollector.impl=bf c:\Users\admin\.cursor\extensions\redhat.java-1.42.0-win32-x64\server\plugins\org.eclipse.equinox.launcher_1.7.0.v20250424-1814.jar -configuration c:\Users\admin\AppData\Roaming\Cursor\User\globalStorage\redhat.java\1.42.0\config_win -data c:\Users\admin\AppData\Roaming\Cursor\User\workspaceStorage\0426a641ec518546e312a5bf184515bb\redhat.java\jdt_ws --pipe=\\.\pipe\lsp-0b95e54a017fd1ed9fd12f1d6513e162-sock

Host: Intel(R) Core(TM) i7-10700 CPU @ 2.90GHz, 16 cores, 15G,  Windows 11 , 64 bit Build 26100 (10.0.26100.3912)
Time: Mon May 19 06:04:51 2025 Eastern Daylight Time elapsed time: 88.358280 seconds (0d 0h 1m 28s)

---------------  T H R E A D  ---------------

Current thread (0x0000025074dbc490):  JavaThread "Connection worker"        [_thread_in_native, id=30340, stack(0x000000572c040000,0x000000572c140000) (1024K)]

Stack: [0x000000572c040000,0x000000572c140000],  sp=0x000000572c13de20,  free space=1015k
Native frames: (J=compiled Java code, j=interpreted, Vv=VM code, C=native code)
C  [ASProxy64.dll+0xc274]

Java frames: (J=compiled Java code, j=interpreted, Vv=VM code)
j  sun.nio.ch.WEPoll.ctl(JIJI)I+0 java.base@21.0.7
j  sun.nio.ch.WEPollSelectorImpl.<init>(Ljava/nio/channels/spi/SelectorProvider;)V+139 java.base@21.0.7
j  sun.nio.ch.WEPollSelectorProvider.openSelector()Ljava/nio/channels/spi/AbstractSelector;+5 java.base@21.0.7
j  java.nio.channels.Selector.open()Ljava/nio/channels/Selector;+3 java.base@21.0.7
j  org.gradle.internal.remote.internal.inet.SocketConnection$SocketInputStream.<init>(Ljava/nio/channels/SocketChannel;)V+17
j  org.gradle.internal.remote.internal.inet.SocketConnection.<init>(Ljava/nio/channels/SocketChannel;Lorg/gradle/internal/remote/internal/MessageSerializer;Lorg/gradle/internal/serialize/StatefulSerializer;)V+27
j  org.gradle.internal.remote.internal.inet.SocketConnectCompletion.create(Lorg/gradle/internal/serialize/StatefulSerializer;)Lorg/gradle/internal/remote/internal/RemoteConnection;+16
j  org.gradle.launcher.daemon.client.DefaultDaemonConnector.connectToDaemon(Lorg/gradle/launcher/daemon/context/DaemonConnectDetails;Lorg/gradle/launcher/daemon/client/DaemonClientConnection$StaleAddressDetector;)Lorg/gradle/launcher/daemon/client/DaemonClientConnection;+45
j  org.gradle.launcher.daemon.client.DefaultDaemonConnector.connectToDaemonWithId(Lorg/gradle/launcher/daemon/diagnostics/DaemonStartupInfo;Lorg/gradle/api/internal/specs/ExplainingSpec;)Lorg/gradle/launcher/daemon/client/DaemonClientConnection;+116
j  org.gradle.launcher.daemon.client.DefaultDaemonConnector.doStartDaemon(Lorg/gradle/api/internal/specs/ExplainingSpec;Z)Lorg/gradle/launcher/daemon/client/DaemonClientConnection;+61
j  org.gradle.launcher.daemon.client.DefaultDaemonConnector.startDaemon(Lorg/gradle/api/internal/specs/ExplainingSpec;)Lorg/gradle/launcher/daemon/client/DaemonClientConnection;+3
j  org.gradle.launcher.daemon.client.DaemonClient.execute(Lorg/gradle/internal/invocation/BuildAction;Lorg/gradle/launcher/exec/BuildActionParameters;Lorg/gradle/internal/daemon/client/execution/ClientBuildRequestContext;)Lorg/gradle/launcher/exec/BuildActionResult;+201
j  org.gradle.launcher.daemon.client.DaemonClient.execute(Lorg/gradle/internal/invocation/BuildAction;Ljava/lang/Object;Ljava/lang/Object;)Lorg/gradle/launcher/exec/BuildActionResult;+10
j  org.gradle.tooling.internal.provider.DaemonBuildActionExecuter.execute(Lorg/gradle/internal/invocation/BuildAction;Lorg/gradle/tooling/internal/provider/ConnectionOperationParameters;Lorg/gradle/internal/daemon/client/execution/ClientBuildRequestContext;)Lorg/gradle/launcher/exec/BuildActionResult;+72
j  org.gradle.tooling.internal.provider.DaemonBuildActionExecuter.execute(Lorg/gradle/internal/invocation/BuildAction;Ljava/lang/Object;Ljava/lang/Object;)Lorg/gradle/launcher/exec/BuildActionResult;+10
j  org.gradle.tooling.internal.provider.LoggingBridgingBuildActionExecuter.execute(Lorg/gradle/internal/invocation/BuildAction;Lorg/gradle/tooling/internal/provider/ConnectionOperationParameters;Lorg/gradle/internal/daemon/client/execution/ClientBuildRequestContext;)Lorg/gradle/launcher/exec/BuildActionResult;+77
j  org.gradle.tooling.internal.provider.LoggingBridgingBuildActionExecuter.execute(Lorg/gradle/internal/invocation/BuildAction;Ljava/lang/Object;Ljava/lang/Object;)Lorg/gradle/launcher/exec/BuildActionResult;+10
j  org.gradle.tooling.internal.provider.ProviderConnection.run(Lorg/gradle/internal/invocation/BuildAction;Lorg/gradle/initialization/BuildCancellationToken;Lorg/gradle/tooling/internal/provider/ProviderConnection$ProgressListenerConfiguration;Lorg/gradle/initialization/BuildEventConsumer;Lorg/gradle/tooling/internal/provider/connection/ProviderOperationParameters;Lorg/gradle/tooling/internal/provider/ProviderConnection$Parameters;)Ljava/lang/Object;+79
j  org.gradle.tooling.internal.provider.ProviderConnection.runPhasedAction(Lorg/gradle/tooling/internal/protocol/InternalPhasedAction;Lorg/gradle/tooling/internal/protocol/PhasedActionResultListener;Lorg/gradle/initialization/BuildCancellationToken;Lorg/gradle/tooling/internal/provider/connection/ProviderOperationParameters;)Ljava/lang/Object;+132
j  org.gradle.tooling.internal.provider.DefaultConnection.run(Lorg/gradle/tooling/internal/protocol/InternalPhasedAction;Lorg/gradle/tooling/internal/protocol/PhasedActionResultListener;Lorg/gradle/tooling/internal/protocol/InternalCancellationToken;Lorg/gradle/tooling/internal/protocol/BuildParameters;)Lorg/gradle/tooling/internal/protocol/BuildResult;+28
j  org.gradle.tooling.internal.consumer.connection.PhasedActionAwareConsumerConnection.run(Lorg/gradle/tooling/internal/consumer/PhasedBuildAction;Lorg/gradle/tooling/internal/consumer/parameters/ConsumerOperationParameters;)V+66
j  org.gradle.tooling.internal.consumer.connection.ParameterValidatingConsumerConnection.run(Lorg/gradle/tooling/internal/consumer/PhasedBuildAction;Lorg/gradle/tooling/internal/consumer/parameters/ConsumerOperationParameters;)V+11
j  org.gradle.tooling.internal.consumer.DefaultPhasedBuildActionExecuter$1.run(Lorg/gradle/tooling/internal/consumer/connection/ConsumerConnection;)Ljava/lang/Void;+12
j  org.gradle.tooling.internal.consumer.DefaultPhasedBuildActionExecuter$1.run(Lorg/gradle/tooling/internal/consumer/connection/ConsumerConnection;)Ljava/lang/Object;+2
j  org.gradle.tooling.internal.consumer.connection.LazyConsumerActionExecutor.run(Lorg/gradle/tooling/internal/consumer/connection/ConsumerAction;)Ljava/lang/Object;+34
j  org.gradle.tooling.internal.consumer.connection.CancellableConsumerActionExecutor.run(Lorg/gradle/tooling/internal/consumer/connection/ConsumerAction;)Ljava/lang/Object;+34
j  org.gradle.tooling.internal.consumer.connection.ProgressLoggingConsumerActionExecutor.run(Lorg/gradle/tooling/internal/consumer/connection/ConsumerAction;)Ljava/lang/Object;+78
j  org.gradle.tooling.internal.consumer.connection.RethrowingErrorsConsumerActionExecutor.run(Lorg/gradle/tooling/internal/consumer/connection/ConsumerAction;)Ljava/lang/Object;+5
j  org.gradle.tooling.internal.consumer.async.DefaultAsyncConsumerActionExecutor$1$1.run()V+17
j  org.gradle.internal.concurrent.ExecutorPolicy$CatchAndRecordFailures.onExecute(Ljava/lang/Runnable;)V+1
j  org.gradle.internal.concurrent.AbstractManagedExecutor$1.run()V+25
j  java.util.concurrent.ThreadPoolExecutor.runWorker(Ljava/util/concurrent/ThreadPoolExecutor$Worker;)V+92 java.base@21.0.7
j  java.util.concurrent.ThreadPoolExecutor$Worker.run()V+5 java.base@21.0.7
j  java.lang.Thread.runWith(Ljava/lang/Object;Ljava/lang/Runnable;)V+5 java.base@21.0.7
j  java.lang.Thread.run()V+19 java.base@21.0.7
v  ~StubRoutines::call_stub 0x000002502136100d

siginfo: EXCEPTION_ACCESS_VIOLATION (0xc0000005), reading address 0x0000000000001280


Registers:
RAX=0x0000000000000000, RBX=0x0000025078a96d18, RCX=0x0000000000001310, RDX=0x0000000000000002
RSP=0x000000572c13de20, RBP=0x0000000000001280, RSI=0x000002507795a110, RDI=0x0000000000001280
R8 =0x7ffffffffffffffc, R9 =0x0000000000000001, R10=0x0000000000001310, R11=0x000002501497b900
R12=0x000000572c13e060, R13=0x0000000000001324, R14=0x000002507795a0e0, R15=0x0000000000001324
RIP=0x000000018000c274, EFLAGS=0x0000000000010246

XMM[0]=0x0000000000000000 0x0000000000000000
XMM[1]=0x0000000000000000 0x0000000000000000
XMM[2]=0x0000000000000000 0x0000000000000000
XMM[3]=0x0000000000000000 0x0000000000000000
XMM[4]=0x0000000000000000 0x0000000000000000
XMM[5]=0x0000000000000000 0x0000000000000000
XMM[6]=0x1ff6e1cd33fee586 0xce98a7274cab8127
XMM[7]=0xb7cb5a96922101d1 0x57c0872f6a667fe8
XMM[8]=0x0000000000000000 0xacd8d1bdae7f2039
XMM[9]=0x7e3cd388511aa5c8 0xfc10f41afb257fe2
XMM[10]=0xffffffffffffffff 0x0b0a090803020100
XMM[11]=0x5367b139f013a1e0 0x0000000000000000
XMM[12]=0x0b0a090803020100 0xffffffffffffffff
XMM[13]=0x0c0d0e0f08090a0b 0x0405060700010203
XMM[14]=0x0000000000000000 0x00000000f035adbc
XMM[15]=0x0000000000000000 0x00000000eb72db60
  MXCSR=0x00001fa0


Register to memory mapping:

RAX=0x0 is null
RBX=0x0000025078a96d18 points into unknown readable memory: 0x0000000000000000 | 00 00 00 00 00 00 00 00
RCX=0x0000000000001310 is an unknown value
RDX=0x0000000000000002 is an unknown value
RSP=0x000000572c13de20 is pointing into the stack for thread: 0x0000025074dbc490
RBP=0x0000000000001280 is an unknown value
RSI=0x000002507795a110 points into unknown readable memory: 0x000002507795a110 | 10 a1 95 77 50 02 00 00
RDI=0x0000000000001280 is an unknown value
R8 =0x7ffffffffffffffc is an unknown value
R9 =0x0000000000000001 is an unknown value
R10=0x0000000000001310 is an unknown value
R11=0x000002501497b900 points into unknown readable memory: 0x00000000000007d0 | d0 07 00 00 00 00 00 00
R12=0x000000572c13e060 is pointing into the stack for thread: 0x0000025074dbc490
R13=0x0000000000001324 is an unknown value
R14=0x000002507795a0e0 points into unknown readable memory: 0x0000000000001280 | 80 12 00 00 00 00 00 00
R15=0x0000000000001324 is an unknown value

Top of Stack: (sp=0x000000572c13de20)
0x000000572c13de20:   0000000000000000 0000000000000000
0x000000572c13de30:   0000000000001280 000000018001f4c2
0x000000572c13de40:   0000000180065ec8 0000000000002736
0x000000572c13de50:   0000000000000000 0000000000001310
0x000000572c13de60:   0000000000001280 000000018000c506
0x000000572c13de70:   0000025078a96d18 0000000000002736
0x000000572c13de80:   0000000000000000 0000025000000008
0x000000572c13de90:   000000570000001e 0000000000000000
0x000000572c13dea0:   0000000000001280 0000000000000000
0x000000572c13deb0:   0000000000000001 0000000000000000
0x000000572c13dec0:   0000000000001280 00007ff8c3e077e6
0x000000572c13ded0:   0000000000001310 0000000000001202
0x000000572c13dee0:   000002507795a110 000000572c13e030
0x000000572c13def0:   0000000000000000 0000025000000000
0x000000572c13df00:   0000000000000003 0000025000000001
0x000000572c13df10:   0000000000000000 0000000000000000
0x000000572c13df20:   00007ff800000000 00007ff8edfe0139
0x000000572c13df30:   0000000000001310 0000000000000000
0x000000572c13df40:   0000000000000000 0000767920562534
0x000000572c13df50:   0000025078a96d00 00007ff8c3e082af
0x000000572c13df60:   0000000000000028 00007ff846642cac
0x000000572c13df70:   0000025078a96d08 0000025016d46040
0x000000572c13df80:   000002507795a0e0 00007ff8c3e08359
0x000000572c13df90:   000002507795a110 000000572c13e060
0x000000572c13dfa0:   000002507795a110 000002507795a0e0
0x000000572c13dfb0:   0000025074dbc490 000000572c13e060
0x000000572c13dfc0:   0000025071fbeb30 0000000000000000
0x000000572c13dfd0:   000002507795a0e0 00007ff8c3e08787
0x000000572c13dfe0:   0000000000000000 000000572c13e060
0x000000572c13dff0:   0000000000001324 0000025074dbc490
0x000000572c13e000:   0000000000000001 00007ff8c3e07a75
0x000000572c13e010:   0000000000001280 000000572c13e060 

Instructions: (pc=0x000000018000c274)
0x000000018000c174:   70 48 8b 6c 24 78 32 c0 48 83 c4 50 41 5c c3 cc
0x000000018000c184:   cc cc cc cc cc cc cc cc cc cc cc cc 48 85 c9 74
0x000000018000c194:   23 8b 05 ad ff 06 00 89 01 8b 05 a9 ff 06 00 89
0x000000018000c1a4:   41 04 8b 05 a4 ff 06 00 89 41 08 8b 05 9f ff 06
0x000000018000c1b4:   00 89 41 0c f3 c3 cc cc cc cc cc cc c6 01 01 c7
0x000000018000c1c4:   02 01 00 00 00 c3 cc cc cc cc cc cc 48 89 5c 24
0x000000018000c1d4:   08 57 48 83 ec 70 48 8b fa 8b d9 48 8d 15 82 73
0x000000018000c1e4:   05 00 48 8d 4c 24 20 45 33 c0 48 c7 44 24 40 0f
0x000000018000c1f4:   00 00 00 48 c7 44 24 38 00 00 00 00 c6 44 24 28
0x000000018000c204:   00 e8 d6 6b ff ff 4c 8d 4c 24 20 48 8d 4c 24 48
0x000000018000c214:   41 b0 01 8b d3 e8 52 06 02 00 48 83 78 20 10 72
0x000000018000c224:   06 48 8b 48 08 eb 05 48 8d 48 08 90 0f b6 01 48
0x000000018000c234:   ff c7 48 ff c1 88 47 ff 84 c0 75 f0 48 83 7c 24
0x000000018000c244:   68 10 72 0a 48 8b 4c 24 50 e8 52 94 03 00 48 8b
0x000000018000c254:   9c 24 80 00 00 00 48 83 c4 70 5f c3 48 83 ec 48
0x000000018000c264:   0f b6 c2 0f 57 c0 0f 11 44 24 ff 25 00 00 00 00
0x000000018000c274:   ae 7e ef ee f8 7f 00 00 8b 44 24 04 0f af 04 24
0x000000018000c284:   89 04 24 8b 44 24 04 0f af 04 24 83 c0 01 89 04
0x000000018000c294:   24 8b 44 24 04 0f af 04 24 83 c0 02 89 04 24 8b
0x000000018000c2a4:   44 24 04 0f af 04 24 83 c0 03 89 04 24 8b 44 24
0x000000018000c2b4:   04 0f af 04 24 83 c0 04 89 04 24 8b 44 24 04 0f
0x000000018000c2c4:   af 04 24 83 c0 05 89 04 24 8b 44 24 04 0f af 04
0x000000018000c2d4:   24 83 c0 06 89 04 24 8b 44 24 04 0f af 04 24 83
0x000000018000c2e4:   c0 07 89 04 24 8b 44 24 04 0f af 04 24 83 c0 08
0x000000018000c2f4:   89 04 24 8b 44 24 04 0f af 04 24 83 c0 09 89 04
0x000000018000c304:   24 8b 44 24 04 0f af 04 24 83 c0 0a 89 04 24 8b
0x000000018000c314:   44 24 04 0f af 04 24 83 c0 0b 89 04 24 8b 44 24
0x000000018000c324:   04 0f af 04 24 83 c0 0d 89 04 24 8b 44 24 04 0f
0x000000018000c334:   af 04 24 83 c0 0e 89 04 24 8b 44 24 04 0f af 04
0x000000018000c344:   24 83 c0 0f 89 04 24 8b 44 24 04 0f af 04 24 83
0x000000018000c354:   c0 10 89 04 24 8b 44 24 04 0f af 04 24 83 c0 11
0x000000018000c364:   89 04 24 8b 44 24 04 0f af 04 24 83 c0 12 89 04 


Stack slot to memory mapping:

stack at sp + 0 slots: 0x0 is null
stack at sp + 1 slots: 0x0 is null
stack at sp + 2 slots: 0x0000000000001280 is an unknown value
stack at sp + 3 slots: 0x000000018001f4c2 ASProxy64.dll
stack at sp + 4 slots: 0x0000000180065ec8 ASProxy64.dll
stack at sp + 5 slots: 0x0000000000002736 is an unknown value
stack at sp + 6 slots: 0x0 is null
stack at sp + 7 slots: 0x0000000000001310 is an unknown value


---------------  P R O C E S S  ---------------

Threads class SMR info:
_java_thread_list=0x0000025076a6c810, length=60, elements={
0x000002501498a2b0, 0x000002506c1fe1b0, 0x0000025016dc52f0, 0x0000025016dd6a00,
0x0000025016dd5650, 0x0000025016dd5ce0, 0x0000025016dd3580, 0x000002506d6fd6f0,
0x000002506d6fdee0, 0x0000025016dd6370, 0x0000025016dd4fc0, 0x0000025016dd3c10,
0x0000025016dd42a0, 0x000002507381e970, 0x000002507381fd20, 0x0000025073820a40,
0x000002507381f690, 0x00000250738210d0, 0x00000250738203b0, 0x000002507381e2e0,
0x0000025073821760, 0x000002507605de70, 0x000002507605d7e0, 0x000002507605e500,
0x000002507605b080, 0x000002507605eb90, 0x000002507605b710, 0x000002507605cac0,
0x000002507605f220, 0x000002507605f8b0, 0x000002507605c430, 0x000002507605ff40,
0x00000250760605d0, 0x000002507605d150, 0x0000025076060c60, 0x00000250760626a0,
0x00000250760612f0, 0x0000025076061980, 0x0000025076062010, 0x0000025074d28af0,
0x0000025074d29180, 0x0000025074d27740, 0x0000025074d29810, 0x0000025074d29ea0,
0x0000025074d27dd0, 0x0000025074d2a530, 0x0000025074d28460, 0x000002507381f000,
0x0000025074d2c600, 0x0000025074dbaa50, 0x0000025074dbb0e0, 0x0000025074db9010,
0x0000025074dbb770, 0x0000025074dbbe00, 0x0000025074dbcb20, 0x0000025074dbc490,
0x0000025074dbd1b0, 0x0000025074db9d30, 0x0000025074dbd840, 0x0000025074dba3c0
}

Java Threads: ( => current thread )
  0x000002501498a2b0 JavaThread "main"                              [_thread_blocked, id=9320, stack(0x0000005726700000,0x0000005726800000) (1024K)]
  0x000002506c1fe1b0 JavaThread "Reference Handler"          daemon [_thread_blocked, id=29368, stack(0x0000005726b00000,0x0000005726c00000) (1024K)]
  0x0000025016dc52f0 JavaThread "Finalizer"                  daemon [_thread_blocked, id=30824, stack(0x0000005726c00000,0x0000005726d00000) (1024K)]
  0x0000025016dd6a00 JavaThread "Signal Dispatcher"          daemon [_thread_blocked, id=33824, stack(0x0000005726d00000,0x0000005726e00000) (1024K)]
  0x0000025016dd5650 JavaThread "Attach Listener"            daemon [_thread_blocked, id=27184, stack(0x0000005726e00000,0x0000005726f00000) (1024K)]
  0x0000025016dd5ce0 JavaThread "Service Thread"             daemon [_thread_blocked, id=5964, stack(0x0000005726f00000,0x0000005727000000) (1024K)]
  0x0000025016dd3580 JavaThread "Monitor Deflation Thread"   daemon [_thread_blocked, id=10432, stack(0x0000005727000000,0x0000005727100000) (1024K)]
  0x000002506d6fd6f0 JavaThread "C2 CompilerThread0"         daemon [_thread_in_native, id=28044, stack(0x0000005727100000,0x0000005727200000) (1024K)]
  0x000002506d6fdee0 JavaThread "C1 CompilerThread0"         daemon [_thread_blocked, id=2400, stack(0x0000005727200000,0x0000005727300000) (1024K)]
  0x0000025016dd6370 JavaThread "Common-Cleaner"             daemon [_thread_blocked, id=34716, stack(0x0000005727300000,0x0000005727400000) (1024K)]
  0x0000025016dd4fc0 JavaThread "Notification Thread"        daemon [_thread_blocked, id=3860, stack(0x0000005728840000,0x0000005728940000) (1024K)]
  0x0000025016dd3c10 JavaThread "Active Thread: Equinox Container: 3353257e-916d-4168-b67b-853d6e6852e2"        [_thread_blocked, id=10500, stack(0x0000005729040000,0x0000005729140000) (1024K)]
  0x0000025016dd42a0 JavaThread "Refresh Thread: Equinox Container: 3353257e-916d-4168-b67b-853d6e6852e2" daemon [_thread_blocked, id=29468, stack(0x0000005727400000,0x0000005727500000) (1024K)]
  0x000002507381e970 JavaThread "Framework Event Dispatcher: Equinox Container: 3353257e-916d-4168-b67b-853d6e6852e2" daemon [_thread_blocked, id=32840, stack(0x0000005727500000,0x0000005727600000) (1024K)]
  0x000002507381fd20 JavaThread "Start Level: Equinox Container: 3353257e-916d-4168-b67b-853d6e6852e2" daemon [_thread_blocked, id=1964, stack(0x0000005728600000,0x0000005728700000) (1024K)]
  0x0000025073820a40 JavaThread "Bundle File Closer"         daemon [_thread_blocked, id=27928, stack(0x0000005729440000,0x0000005729540000) (1024K)]
  0x000002507381f690 JavaThread "SCR Component Actor"        daemon [_thread_blocked, id=24276, stack(0x0000005729540000,0x0000005729640000) (1024K)]
  0x00000250738210d0 JavaThread "Worker-JM"                         [_thread_blocked, id=4660, stack(0x0000005729b40000,0x0000005729c40000) (1024K)]
  0x00000250738203b0 JavaThread "Worker-0"                          [_thread_blocked, id=14612, stack(0x0000005729d40000,0x0000005729e40000) (1024K)]
  0x000002507381e2e0 JavaThread "Worker-1"                          [_thread_blocked, id=21784, stack(0x0000005729e40000,0x0000005729f40000) (1024K)]
  0x0000025073821760 JavaThread "Java indexing"              daemon [_thread_blocked, id=28088, stack(0x000000572a140000,0x000000572a240000) (1024K)]
  0x000002507605de70 JavaThread "JNA Cleaner"                daemon [_thread_blocked, id=15972, stack(0x000000572a040000,0x000000572a140000) (1024K)]
  0x000002507605d7e0 JavaThread "Worker-2: Initialize Workspace"        [_thread_blocked, id=18044, stack(0x000000572a640000,0x000000572a740000) (1024K)]
  0x000002507605e500 JavaThread "Worker-3"                          [_thread_blocked, id=35508, stack(0x000000572a740000,0x000000572a840000) (1024K)]
  0x000002507605b080 JavaThread "Thread-2"                   daemon [_thread_in_native, id=21612, stack(0x000000572a840000,0x000000572a940000) (1024K)]
  0x000002507605eb90 JavaThread "Thread-3"                   daemon [_thread_in_native, id=27936, stack(0x000000572a940000,0x000000572aa40000) (1024K)]
  0x000002507605b710 JavaThread "Thread-4"                   daemon [_thread_in_native, id=14008, stack(0x000000572aa40000,0x000000572ab40000) (1024K)]
  0x000002507605cac0 JavaThread "Thread-5"                   daemon [_thread_in_native, id=25276, stack(0x000000572ab40000,0x000000572ac40000) (1024K)]
  0x000002507605f220 JavaThread "Thread-6"                   daemon [_thread_in_native, id=27612, stack(0x000000572ac40000,0x000000572ad40000) (1024K)]
  0x000002507605f8b0 JavaThread "Thread-7"                   daemon [_thread_in_native, id=28488, stack(0x000000572ad40000,0x000000572ae40000) (1024K)]
  0x000002507605c430 JavaThread "Thread-8"                   daemon [_thread_in_native, id=8804, stack(0x000000572ae40000,0x000000572af40000) (1024K)]
  0x000002507605ff40 JavaThread "Thread-9"                   daemon [_thread_in_native, id=29668, stack(0x000000572af40000,0x000000572b040000) (1024K)]
  0x00000250760605d0 JavaThread "Thread-10"                  daemon [_thread_in_native, id=20172, stack(0x000000572b040000,0x000000572b140000) (1024K)]
  0x000002507605d150 JavaThread "Thread-11"                  daemon [_thread_in_native, id=2640, stack(0x000000572b140000,0x000000572b240000) (1024K)]
  0x0000025076060c60 JavaThread "Thread-12"                  daemon [_thread_in_native, id=20488, stack(0x000000572b240000,0x000000572b340000) (1024K)]
  0x00000250760626a0 JavaThread "Thread-13"                  daemon [_thread_in_native, id=21360, stack(0x000000572b340000,0x000000572b440000) (1024K)]
  0x00000250760612f0 JavaThread "Thread-14"                  daemon [_thread_in_native, id=17384, stack(0x000000572b440000,0x000000572b540000) (1024K)]
  0x0000025076061980 JavaThread "Thread-15"                  daemon [_thread_in_native, id=5192, stack(0x000000572b540000,0x000000572b640000) (1024K)]
  0x0000025076062010 JavaThread "Thread-16"                  daemon [_thread_in_native, id=18144, stack(0x000000572b640000,0x000000572b740000) (1024K)]
  0x0000025074d28af0 JavaThread "Thread-17"                  daemon [_thread_in_native, id=34088, stack(0x000000572b740000,0x000000572b840000) (1024K)]
  0x0000025074d29180 JavaThread "Thread-18"                  daemon [_thread_in_native, id=33652, stack(0x000000572b840000,0x000000572b940000) (1024K)]
  0x0000025074d27740 JavaThread "pool-2-thread-1"                   [_thread_blocked, id=33476, stack(0x000000572b940000,0x000000572ba40000) (1024K)]
  0x0000025074d29810 JavaThread "Worker-4"                          [_thread_blocked, id=12896, stack(0x000000572ba40000,0x000000572bb40000) (1024K)]
  0x0000025074d29ea0 JavaThread "Worker-5"                          [_thread_blocked, id=12132, stack(0x000000572bb40000,0x000000572bc40000) (1024K)]
  0x0000025074d27dd0 JavaThread "WorkspaceEventsHandler"            [_thread_blocked, id=10576, stack(0x000000572bc40000,0x000000572bd40000) (1024K)]
  0x0000025074d2a530 JavaThread "pool-1-thread-1"                   [_thread_blocked, id=30072, stack(0x000000572bd40000,0x000000572be40000) (1024K)]
  0x0000025074d28460 JavaThread "Timer-0"                           [_thread_blocked, id=9352, stack(0x0000005729740000,0x0000005729840000) (1024K)]
  0x000002507381f000 JavaThread "Timer-1"                           [_thread_blocked, id=18804, stack(0x0000005726600000,0x0000005726700000) (1024K)]
  0x0000025074d2c600 JavaThread "Timer-2"                           [_thread_blocked, id=19536, stack(0x0000005729640000,0x0000005729740000) (1024K)]
  0x0000025074dbaa50 JavaThread "LocalFile Deleter"          daemon [_thread_blocked, id=15996, stack(0x0000005729a40000,0x0000005729b40000) (1024K)]
  0x0000025074dbb0e0 JavaThread "LocalFile Deleter"          daemon [_thread_blocked, id=33756, stack(0x0000005729f40000,0x000000572a040000) (1024K)]
  0x0000025074db9010 JavaThread "LocalFile Deleter"          daemon [_thread_blocked, id=9580, stack(0x000000572a540000,0x000000572a640000) (1024K)]
  0x0000025074dbb770 JavaThread "LocalFile Deleter"          daemon [_thread_blocked, id=17524, stack(0x000000572be40000,0x000000572bf40000) (1024K)]
  0x0000025074dbbe00 JavaThread "Timer-3"                           [_thread_blocked, id=26048, stack(0x000000572bf40000,0x000000572c040000) (1024K)]
  0x0000025074dbcb20 JavaThread "Timer-4"                           [_thread_blocked, id=2388, stack(0x0000005729940000,0x0000005729a40000) (1024K)]
=>0x0000025074dbc490 JavaThread "Connection worker"                 [_thread_in_native, id=30340, stack(0x000000572c040000,0x000000572c140000) (1024K)]
  0x0000025074dbd1b0 JavaThread "pool-3-thread-1"                   [_thread_blocked, id=22840, stack(0x000000572c140000,0x000000572c240000) (1024K)]
  0x0000025074db9d30 JavaThread "Exec process"                      [_thread_blocked, id=27896, stack(0x0000005726400000,0x0000005726500000) (1024K)]
  0x0000025074dbd840 JavaThread "Exec process Thread 2"             [_thread_blocked, id=11808, stack(0x000000572c240000,0x000000572c340000) (1024K)]
  0x0000025074dba3c0 JavaThread "Exec process Thread 3"             [_thread_blocked, id=25916, stack(0x000000572c340000,0x000000572c440000) (1024K)]
Total: 60

Other Threads:
  0x0000025014963310 VMThread "VM Thread"                           [id=33932, stack(0x0000005726a00000,0x0000005726b00000) (1024K)]
  0x000002506c0dca10 WatcherThread "VM Periodic Task Thread"        [id=34108, stack(0x0000005726900000,0x0000005726a00000) (1024K)]
  0x0000025014961d50 WorkerThread "GC Thread#0"                     [id=16804, stack(0x0000005726800000,0x0000005726900000) (1024K)]
  0x0000025014962490 WorkerThread "GC Thread#1"                     [id=2368, stack(0x0000005728a40000,0x0000005728b40000) (1024K)]
  0x0000025014962f70 WorkerThread "GC Thread#2"                     [id=31872, stack(0x0000005728b40000,0x0000005728c40000) (1024K)]
  0x0000025073a77a10 WorkerThread "GC Thread#3"                     [id=32836, stack(0x0000005728c40000,0x0000005728d40000) (1024K)]
  0x0000025073a78c30 WorkerThread "GC Thread#4"                     [id=27664, stack(0x0000005728d40000,0x0000005728e40000) (1024K)]
  0x0000025073a77670 WorkerThread "GC Thread#5"                     [id=11112, stack(0x0000005728e40000,0x0000005728f40000) (1024K)]
  0x0000025073a77db0 WorkerThread "GC Thread#6"                     [id=33608, stack(0x0000005728f40000,0x0000005729040000) (1024K)]
  0x0000025073a79e50 WorkerThread "GC Thread#7"                     [id=5348, stack(0x0000005729140000,0x0000005729240000) (1024K)]
  0x0000025073a79370 WorkerThread "GC Thread#8"                     [id=25880, stack(0x0000005728940000,0x0000005728a40000) (1024K)]
  0x0000025073a76f30 WorkerThread "GC Thread#9"                     [id=9532, stack(0x0000005729240000,0x0000005729340000) (1024K)]
  0x0000025073a79710 WorkerThread "GC Thread#10"                    [id=31368, stack(0x0000005729340000,0x0000005729440000) (1024K)]
  0x0000025073a772d0 WorkerThread "GC Thread#11"                    [id=21296, stack(0x0000005729840000,0x0000005729940000) (1024K)]
  0x0000025073a78890 WorkerThread "GC Thread#12"                    [id=28872, stack(0x0000005729c40000,0x0000005729d40000) (1024K)]
Total: 15

Threads with active compile tasks:
C2 CompilerThread0  88410 8003   !   4       jdk.internal.loader.BuiltinClassLoader::loadClassOrNull (143 bytes)
Total: 1

VM state: not at safepoint (normal execution)

VM Mutex/Monitor currently owned by a thread: None

Heap address: 0x00000000c0000000, size: 1024 MB, Compressed Oops mode: 32-bit

CDS archive(s) mapped at: [0x000002502b000000-0x000002502bba0000-0x000002502bba0000), size 12189696, SharedBaseAddress: 0x000002502b000000, ArchiveRelocationMode: 1.
Compressed class space mapped at: 0x000002502c000000-0x000002506c000000, reserved size: 1073741824
Narrow klass base: 0x000002502b000000, Narrow klass shift: 0, Narrow klass range: 0x100000000

GC Precious Log:
 CardTable entry size: 512
 CPUs: 16 total, 16 available
 Memory: 16096M
 Large Page Support: Disabled
 NUMA Support: Disabled
 Compressed Oops: Enabled (32-bit)
 Alignments: Space 512K, Generation 512K, Heap 2M
 Heap Min Capacity: 100M
 Heap Initial Capacity: 100M
 Heap Max Capacity: 1G
 Pre-touch: Disabled
 Parallel Workers: 13

Heap:
 PSYoungGen      total 16896K, used 2240K [0x00000000eab00000, 0x00000000ebd00000, 0x0000000100000000)
  eden space 15872K, 10% used [0x00000000eab00000,0x00000000eac901f0,0x00000000eba80000)
  from space 1024K, 62% used [0x00000000ebc00000,0x00000000ebca0000,0x00000000ebd00000)
  to   space 1024K, 0% used [0x00000000ebb00000,0x00000000ebb00000,0x00000000ebc00000)
 ParOldGen       total 68608K, used 41483K [0x00000000c0000000, 0x00000000c4300000, 0x00000000eab00000)
  object space 68608K, 60% used [0x00000000c0000000,0x00000000c2882c98,0x00000000c4300000)
 Metaspace       used 62556K, committed 63936K, reserved 1114112K
  class space    used 7723K, committed 8320K, reserved 1048576K

Card table byte_map: [0x00000250166c0000,0x00000250168d0000] _byte_map_base: 0x00000250160c0000

Marking Bits: (ParMarkBitMap*) 0x00007ff846c831f0
 Begin Bits: [0x0000025028f10000, 0x0000025029f10000)
 End Bits:   [0x0000025029f10000, 0x000002502af10000)

Polling page: 0x0000025014b50000

Metaspace:

Usage:
  Non-class:     53.55 MB used.
      Class:      7.54 MB used.
       Both:     61.09 MB used.

Virtual space:
  Non-class space:       64.00 MB reserved,      54.31 MB ( 85%) committed,  1 nodes.
      Class space:        1.00 GB reserved,       8.12 MB ( <1%) committed,  1 nodes.
             Both:        1.06 GB reserved,      62.44 MB (  6%) committed. 

Chunk freelists:
   Non-Class:  9.67 MB
       Class:  7.88 MB
        Both:  17.55 MB

MaxMetaspaceSize: unlimited
CompressedClassSpaceSize: 1.00 GB
Initial GC threshold: 21.00 MB
Current GC threshold: 97.31 MB
CDS: on
 - commit_granule_bytes: 65536.
 - commit_granule_words: 8192.
 - virtual_space_node_default_size: 8388608.
 - enlarge_chunks_in_place: 1.
 - use_allocation_guard: 0.


Internal statistics:

num_allocs_failed_limit: 9.
num_arena_births: 1142.
num_arena_deaths: 14.
num_vsnodes_births: 2.
num_vsnodes_deaths: 0.
num_space_committed: 999.
num_space_uncommitted: 0.
num_chunks_returned_to_freelist: 23.
num_chunks_taken_from_freelist: 3712.
num_chunk_merges: 15.
num_chunk_splits: 2519.
num_chunks_enlarged: 1677.
num_inconsistent_stats: 0.

CodeHeap 'non-profiled nmethods': size=119168Kb used=4995Kb max_used=4995Kb free=114172Kb
 bounds [0x0000025021ab0000, 0x0000025021fa0000, 0x0000025028f10000]
CodeHeap 'profiled nmethods': size=119104Kb used=14658Kb max_used=15237Kb free=104445Kb
 bounds [0x0000025019f10000, 0x000002501ae00000, 0x0000025021360000]
CodeHeap 'non-nmethods': size=7488Kb used=1386Kb max_used=3132Kb free=6101Kb
 bounds [0x0000025021360000, 0x0000025021690000, 0x0000025021ab0000]
 total_blobs=7807 nmethods=7120 adapters=593
 compilation: enabled
              stopped_count=0, restarted_count=0
 full_count=0

Compilation events (20 events):
Event: 88.339 Thread 0x000002506d6fdee0 8001       3       java.security.Provider::implRemoveService (149 bytes)
Event: 88.339 Thread 0x000002506d6fdee0 nmethod 8001 0x000002501a128310 code [0x000002501a1285c0, 0x000002501a129240]
Event: 88.339 Thread 0x000002506d6fdee0 7995       3       java.security.Provider$UString::hashCode (8 bytes)
Event: 88.339 Thread 0x000002506d6fdee0 nmethod 7995 0x000002501a818b90 code [0x000002501a818d40, 0x000002501a818e80]
Event: 88.340 Thread 0x000002506d6fd6f0 nmethod 7996 0x0000025021f8fd90 code [0x0000025021f8ff80, 0x0000025021f90410]
Event: 88.340 Thread 0x000002506d6fd6f0 8002       4       java.util.concurrent.ConcurrentHashMap::put (8 bytes)
Event: 88.340 Thread 0x000002506d6fd6f0 nmethod 8002 0x0000025021f90790 code [0x0000025021f90920, 0x0000025021f909d8]
Event: 88.342 Thread 0x000002506d6fd6f0 8003   !   4       jdk.internal.loader.BuiltinClassLoader::loadClassOrNull (143 bytes)
Event: 88.343 Thread 0x000002506d6fdee0 8004       3       java.util.HashMap::computeIfAbsent (330 bytes)
Event: 88.344 Thread 0x000002506d6fdee0 nmethod 8004 0x000002501a1faf90 code [0x000002501a1fb2c0, 0x000002501a1fc838]
Event: 88.344 Thread 0x000002506d6fdee0 8005       3       sun.security.util.SecurityProviderConstants::getAliases (63 bytes)
Event: 88.344 Thread 0x000002506d6fdee0 nmethod 8005 0x000002501a185b10 code [0x000002501a185d80, 0x000002501a186620]
Event: 88.348 Thread 0x000002506d6fdee0 8007       1       java.nio.DirectByteBuffer::attachment (5 bytes)
Event: 88.349 Thread 0x000002506d6fdee0 nmethod 8007 0x0000025021f90a90 code [0x0000025021f90c20, 0x0000025021f90ce8]
Event: 88.353 Thread 0x000002506d6fdee0 8008       3       java.security.MessageDigest::update (11 bytes)
Event: 88.353 Thread 0x000002506d6fdee0 nmethod 8008 0x000002501aa62c10 code [0x000002501aa62dc0, 0x000002501aa63080]
Event: 88.353 Thread 0x000002506d6fdee0 8009       3       java.security.MessageDigest$Delegate::engineUpdate (9 bytes)
Event: 88.353 Thread 0x000002506d6fdee0 nmethod 8009 0x000002501a85a390 code [0x000002501a85a540, 0x000002501a85a718]
Event: 88.353 Thread 0x000002506d6fdee0 8010       3       sun.security.provider.DigestBase::engineUpdate (32 bytes)
Event: 88.353 Thread 0x000002506d6fdee0 nmethod 8010 0x000002501a127e10 code [0x000002501a127fc0, 0x000002501a128228]

GC Heap History (20 events):
Event: 76.253 GC heap before
{Heap before GC invocations=40 (full 3):
 PSYoungGen      total 16896K, used 16891K [0x00000000eab00000, 0x00000000ec000000, 0x0000000100000000)
  eden space 15872K, 100% used [0x00000000eab00000,0x00000000eba80000,0x00000000eba80000)
  from space 1024K, 99% used [0x00000000ebf00000,0x00000000ebffeef0,0x00000000ec000000)
  to   space 1536K, 0% used [0x00000000ebd00000,0x00000000ebd00000,0x00000000ebe80000)
 ParOldGen       total 68608K, used 38574K [0x00000000c0000000, 0x00000000c4300000, 0x00000000eab00000)
  object space 68608K, 56% used [0x00000000c0000000,0x00000000c25ab990,0x00000000c4300000)
 Metaspace       used 59016K, committed 60224K, reserved 1114112K
  class space    used 7210K, committed 7744K, reserved 1048576K
}
Event: 76.253 GC heap after
{Heap after GC invocations=40 (full 3):
 PSYoungGen      total 16896K, used 886K [0x00000000eab00000, 0x00000000ebf80000, 0x0000000100000000)
  eden space 15872K, 0% used [0x00000000eab00000,0x00000000eab00000,0x00000000eba80000)
  from space 1024K, 86% used [0x00000000ebd00000,0x00000000ebddd848,0x00000000ebe00000)
  to   space 1536K, 0% used [0x00000000ebe00000,0x00000000ebe00000,0x00000000ebf80000)
 ParOldGen       total 68608K, used 38646K [0x00000000c0000000, 0x00000000c4300000, 0x00000000eab00000)
  object space 68608K, 56% used [0x00000000c0000000,0x00000000c25bd990,0x00000000c4300000)
 Metaspace       used 59016K, committed 60224K, reserved 1114112K
  class space    used 7210K, committed 7744K, reserved 1048576K
}
Event: 76.301 GC heap before
{Heap before GC invocations=41 (full 3):
 PSYoungGen      total 16896K, used 16758K [0x00000000eab00000, 0x00000000ebf80000, 0x0000000100000000)
  eden space 15872K, 100% used [0x00000000eab00000,0x00000000eba80000,0x00000000eba80000)
  from space 1024K, 86% used [0x00000000ebd00000,0x00000000ebddd848,0x00000000ebe00000)
  to   space 1536K, 0% used [0x00000000ebe00000,0x00000000ebe00000,0x00000000ebf80000)
 ParOldGen       total 68608K, used 38646K [0x00000000c0000000, 0x00000000c4300000, 0x00000000eab00000)
  object space 68608K, 56% used [0x00000000c0000000,0x00000000c25bd990,0x00000000c4300000)
 Metaspace       used 59016K, committed 60224K, reserved 1114112K
  class space    used 7210K, committed 7744K, reserved 1048576K
}
Event: 76.301 GC heap after
{Heap after GC invocations=41 (full 3):
 PSYoungGen      total 16384K, used 209K [0x00000000eab00000, 0x00000000ebe80000, 0x0000000100000000)
  eden space 15872K, 0% used [0x00000000eab00000,0x00000000eab00000,0x00000000eba80000)
  from space 512K, 40% used [0x00000000ebe00000,0x00000000ebe34640,0x00000000ebe80000)
  to   space 512K, 0% used [0x00000000ebd80000,0x00000000ebd80000,0x00000000ebe00000)
 ParOldGen       total 68608K, used 38811K [0x00000000c0000000, 0x00000000c4300000, 0x00000000eab00000)
  object space 68608K, 56% used [0x00000000c0000000,0x00000000c25e6f08,0x00000000c4300000)
 Metaspace       used 59016K, committed 60224K, reserved 1114112K
  class space    used 7210K, committed 7744K, reserved 1048576K
}
Event: 76.354 GC heap before
{Heap before GC invocations=42 (full 3):
 PSYoungGen      total 16384K, used 16081K [0x00000000eab00000, 0x00000000ebe80000, 0x0000000100000000)
  eden space 15872K, 100% used [0x00000000eab00000,0x00000000eba80000,0x00000000eba80000)
  from space 512K, 40% used [0x00000000ebe00000,0x00000000ebe34640,0x00000000ebe80000)
  to   space 512K, 0% used [0x00000000ebd80000,0x00000000ebd80000,0x00000000ebe00000)
 ParOldGen       total 68608K, used 38811K [0x00000000c0000000, 0x00000000c4300000, 0x00000000eab00000)
  object space 68608K, 56% used [0x00000000c0000000,0x00000000c25e6f08,0x00000000c4300000)
 Metaspace       used 59016K, committed 60224K, reserved 1114112K
  class space    used 7210K, committed 7744K, reserved 1048576K
}
Event: 76.355 GC heap after
{Heap after GC invocations=42 (full 3):
 PSYoungGen      total 16384K, used 505K [0x00000000eab00000, 0x00000000ebe80000, 0x0000000100000000)
  eden space 15872K, 0% used [0x00000000eab00000,0x00000000eab00000,0x00000000eba80000)
  from space 512K, 98% used [0x00000000ebd80000,0x00000000ebdfe450,0x00000000ebe00000)
  to   space 512K, 0% used [0x00000000ebe00000,0x00000000ebe00000,0x00000000ebe80000)
 ParOldGen       total 68608K, used 39759K [0x00000000c0000000, 0x00000000c4300000, 0x00000000eab00000)
  object space 68608K, 57% used [0x00000000c0000000,0x00000000c26d3fa8,0x00000000c4300000)
 Metaspace       used 59016K, committed 60224K, reserved 1114112K
  class space    used 7210K, committed 7744K, reserved 1048576K
}
Event: 76.415 GC heap before
{Heap before GC invocations=43 (full 3):
 PSYoungGen      total 16384K, used 16377K [0x00000000eab00000, 0x00000000ebe80000, 0x0000000100000000)
  eden space 15872K, 100% used [0x00000000eab00000,0x00000000eba80000,0x00000000eba80000)
  from space 512K, 98% used [0x00000000ebd80000,0x00000000ebdfe450,0x00000000ebe00000)
  to   space 512K, 0% used [0x00000000ebe00000,0x00000000ebe00000,0x00000000ebe80000)
 ParOldGen       total 68608K, used 39759K [0x00000000c0000000, 0x00000000c4300000, 0x00000000eab00000)
  object space 68608K, 57% used [0x00000000c0000000,0x00000000c26d3fa8,0x00000000c4300000)
 Metaspace       used 59016K, committed 60224K, reserved 1114112K
  class space    used 7210K, committed 7744K, reserved 1048576K
}
Event: 76.416 GC heap after
{Heap after GC invocations=43 (full 3):
 PSYoungGen      total 16384K, used 493K [0x00000000eab00000, 0x00000000ebe80000, 0x0000000100000000)
  eden space 15872K, 0% used [0x00000000eab00000,0x00000000eab00000,0x00000000eba80000)
  from space 512K, 96% used [0x00000000ebe00000,0x00000000ebe7b480,0x00000000ebe80000)
  to   space 1536K, 0% used [0x00000000ebb80000,0x00000000ebb80000,0x00000000ebd00000)
 ParOldGen       total 68608K, used 40173K [0x00000000c0000000, 0x00000000c4300000, 0x00000000eab00000)
  object space 68608K, 58% used [0x00000000c0000000,0x00000000c273b6d8,0x00000000c4300000)
 Metaspace       used 59016K, committed 60224K, reserved 1114112K
  class space    used 7210K, committed 7744K, reserved 1048576K
}
Event: 76.470 GC heap before
{Heap before GC invocations=44 (full 3):
 PSYoungGen      total 16384K, used 16365K [0x00000000eab00000, 0x00000000ebe80000, 0x0000000100000000)
  eden space 15872K, 100% used [0x00000000eab00000,0x00000000eba80000,0x00000000eba80000)
  from space 512K, 96% used [0x00000000ebe00000,0x00000000ebe7b480,0x00000000ebe80000)
  to   space 1536K, 0% used [0x00000000ebb80000,0x00000000ebb80000,0x00000000ebd00000)
 ParOldGen       total 68608K, used 40173K [0x00000000c0000000, 0x00000000c4300000, 0x00000000eab00000)
  object space 68608K, 58% used [0x00000000c0000000,0x00000000c273b6d8,0x00000000c4300000)
 Metaspace       used 59016K, committed 60224K, reserved 1114112K
  class space    used 7210K, committed 7744K, reserved 1048576K
}
Event: 76.471 GC heap after
{Heap after GC invocations=44 (full 3):
 PSYoungGen      total 17408K, used 352K [0x00000000eab00000, 0x00000000ebe80000, 0x0000000100000000)
  eden space 15872K, 0% used [0x00000000eab00000,0x00000000eab00000,0x00000000eba80000)
  from space 1536K, 22% used [0x00000000ebb80000,0x00000000ebbd8000,0x00000000ebd00000)
  to   space 1024K, 0% used [0x00000000ebd80000,0x00000000ebd80000,0x00000000ebe80000)
 ParOldGen       total 68608K, used 40304K [0x00000000c0000000, 0x00000000c4300000, 0x00000000eab00000)
  object space 68608K, 58% used [0x00000000c0000000,0x00000000c275c0c8,0x00000000c4300000)
 Metaspace       used 59016K, committed 60224K, reserved 1114112K
  class space    used 7210K, committed 7744K, reserved 1048576K
}
Event: 76.530 GC heap before
{Heap before GC invocations=45 (full 3):
 PSYoungGen      total 17408K, used 16224K [0x00000000eab00000, 0x00000000ebe80000, 0x0000000100000000)
  eden space 15872K, 100% used [0x00000000eab00000,0x00000000eba80000,0x00000000eba80000)
  from space 1536K, 22% used [0x00000000ebb80000,0x00000000ebbd8000,0x00000000ebd00000)
  to   space 1024K, 0% used [0x00000000ebd80000,0x00000000ebd80000,0x00000000ebe80000)
 ParOldGen       total 68608K, used 40304K [0x00000000c0000000, 0x00000000c4300000, 0x00000000eab00000)
  object space 68608K, 58% used [0x00000000c0000000,0x00000000c275c0c8,0x00000000c4300000)
 Metaspace       used 59016K, committed 60224K, reserved 1114112K
  class space    used 7210K, committed 7744K, reserved 1048576K
}
Event: 76.531 GC heap after
{Heap after GC invocations=45 (full 3):
 PSYoungGen      total 16896K, used 1021K [0x00000000eab00000, 0x00000000ebe80000, 0x0000000100000000)
  eden space 15872K, 0% used [0x00000000eab00000,0x00000000eab00000,0x00000000eba80000)
  from space 1024K, 99% used [0x00000000ebd80000,0x00000000ebe7f600,0x00000000ebe80000)
  to   space 1536K, 0% used [0x00000000ebb80000,0x00000000ebb80000,0x00000000ebd00000)
 ParOldGen       total 68608K, used 40635K [0x00000000c0000000, 0x00000000c4300000, 0x00000000eab00000)
  object space 68608K, 59% used [0x00000000c0000000,0x00000000c27aef68,0x00000000c4300000)
 Metaspace       used 59016K, committed 60224K, reserved 1114112K
  class space    used 7210K, committed 7744K, reserved 1048576K
}
Event: 76.591 GC heap before
{Heap before GC invocations=46 (full 3):
 PSYoungGen      total 16896K, used 16893K [0x00000000eab00000, 0x00000000ebe80000, 0x0000000100000000)
  eden space 15872K, 100% used [0x00000000eab00000,0x00000000eba80000,0x00000000eba80000)
  from space 1024K, 99% used [0x00000000ebd80000,0x00000000ebe7f600,0x00000000ebe80000)
  to   space 1536K, 0% used [0x00000000ebb80000,0x00000000ebb80000,0x00000000ebd00000)
 ParOldGen       total 68608K, used 40635K [0x00000000c0000000, 0x00000000c4300000, 0x00000000eab00000)
  object space 68608K, 59% used [0x00000000c0000000,0x00000000c27aef68,0x00000000c4300000)
 Metaspace       used 59016K, committed 60224K, reserved 1114112K
  class space    used 7210K, committed 7744K, reserved 1048576K
}
Event: 76.592 GC heap after
{Heap after GC invocations=46 (full 3):
 PSYoungGen      total 16896K, used 939K [0x00000000eab00000, 0x00000000ebe00000, 0x0000000100000000)
  eden space 15872K, 0% used [0x00000000eab00000,0x00000000eab00000,0x00000000eba80000)
  from space 1024K, 91% used [0x00000000ebb80000,0x00000000ebc6ae40,0x00000000ebc80000)
  to   space 1536K, 0% used [0x00000000ebc80000,0x00000000ebc80000,0x00000000ebe00000)
 ParOldGen       total 68608K, used 40699K [0x00000000c0000000, 0x00000000c4300000, 0x00000000eab00000)
  object space 68608K, 59% used [0x00000000c0000000,0x00000000c27bef68,0x00000000c4300000)
 Metaspace       used 59016K, committed 60224K, reserved 1114112K
  class space    used 7210K, committed 7744K, reserved 1048576K
}
Event: 76.656 GC heap before
{Heap before GC invocations=47 (full 3):
 PSYoungGen      total 16896K, used 16811K [0x00000000eab00000, 0x00000000ebe00000, 0x0000000100000000)
  eden space 15872K, 100% used [0x00000000eab00000,0x00000000eba80000,0x00000000eba80000)
  from space 1024K, 91% used [0x00000000ebb80000,0x00000000ebc6ae40,0x00000000ebc80000)
  to   space 1536K, 0% used [0x00000000ebc80000,0x00000000ebc80000,0x00000000ebe00000)
 ParOldGen       total 68608K, used 40699K [0x00000000c0000000, 0x00000000c4300000, 0x00000000eab00000)
  object space 68608K, 59% used [0x00000000c0000000,0x00000000c27bef68,0x00000000c4300000)
 Metaspace       used 59027K, committed 60224K, reserved 1114112K
  class space    used 7212K, committed 7744K, reserved 1048576K
}
Event: 76.657 GC heap after
{Heap after GC invocations=47 (full 3):
 PSYoungGen      total 16384K, used 352K [0x00000000eab00000, 0x00000000ebd00000, 0x0000000100000000)
  eden space 15872K, 0% used [0x00000000eab00000,0x00000000eab00000,0x00000000eba80000)
  from space 512K, 68% used [0x00000000ebc80000,0x00000000ebcd8000,0x00000000ebd00000)
  to   space 1024K, 0% used [0x00000000ebb00000,0x00000000ebb00000,0x00000000ebc00000)
 ParOldGen       total 68608K, used 40739K [0x00000000c0000000, 0x00000000c4300000, 0x00000000eab00000)
  object space 68608K, 59% used [0x00000000c0000000,0x00000000c27c8f68,0x00000000c4300000)
 Metaspace       used 59027K, committed 60224K, reserved 1114112K
  class space    used 7212K, committed 7744K, reserved 1048576K
}
Event: 77.345 GC heap before
{Heap before GC invocations=48 (full 3):
 PSYoungGen      total 16384K, used 16224K [0x00000000eab00000, 0x00000000ebd00000, 0x0000000100000000)
  eden space 15872K, 100% used [0x00000000eab00000,0x00000000eba80000,0x00000000eba80000)
  from space 512K, 68% used [0x00000000ebc80000,0x00000000ebcd8000,0x00000000ebd00000)
  to   space 1024K, 0% used [0x00000000ebb00000,0x00000000ebb00000,0x00000000ebc00000)
 ParOldGen       total 68608K, used 40739K [0x00000000c0000000, 0x00000000c4300000, 0x00000000eab00000)
  object space 68608K, 59% used [0x00000000c0000000,0x00000000c27c8f68,0x00000000c4300000)
 Metaspace       used 60799K, committed 62144K, reserved 1114112K
  class space    used 7490K, committed 8064K, reserved 1048576K
}
Event: 77.346 GC heap after
{Heap after GC invocations=48 (full 3):
 PSYoungGen      total 16896K, used 784K [0x00000000eab00000, 0x00000000ebd00000, 0x0000000100000000)
  eden space 15872K, 0% used [0x00000000eab00000,0x00000000eab00000,0x00000000eba80000)
  from space 1024K, 76% used [0x00000000ebb00000,0x00000000ebbc4020,0x00000000ebc00000)
  to   space 1024K, 0% used [0x00000000ebc00000,0x00000000ebc00000,0x00000000ebd00000)
 ParOldGen       total 68608K, used 40835K [0x00000000c0000000, 0x00000000c4300000, 0x00000000eab00000)
  object space 68608K, 59% used [0x00000000c0000000,0x00000000c27e0f68,0x00000000c4300000)
 Metaspace       used 60799K, committed 62144K, reserved 1114112K
  class space    used 7490K, committed 8064K, reserved 1048576K
}
Event: 88.333 GC heap before
{Heap before GC invocations=49 (full 3):
 PSYoungGen      total 16896K, used 16656K [0x00000000eab00000, 0x00000000ebd00000, 0x0000000100000000)
  eden space 15872K, 100% used [0x00000000eab00000,0x00000000eba80000,0x00000000eba80000)
  from space 1024K, 76% used [0x00000000ebb00000,0x00000000ebbc4020,0x00000000ebc00000)
  to   space 1024K, 0% used [0x00000000ebc00000,0x00000000ebc00000,0x00000000ebd00000)
 ParOldGen       total 68608K, used 40835K [0x00000000c0000000, 0x00000000c4300000, 0x00000000eab00000)
  object space 68608K, 59% used [0x00000000c0000000,0x00000000c27e0f68,0x00000000c4300000)
 Metaspace       used 62347K, committed 63680K, reserved 1114112K
  class space    used 7694K, committed 8320K, reserved 1048576K
}
Event: 88.336 GC heap after
{Heap after GC invocations=49 (full 3):
 PSYoungGen      total 16896K, used 640K [0x00000000eab00000, 0x00000000ebd00000, 0x0000000100000000)
  eden space 15872K, 0% used [0x00000000eab00000,0x00000000eab00000,0x00000000eba80000)
  from space 1024K, 62% used [0x00000000ebc00000,0x00000000ebca0000,0x00000000ebd00000)
  to   space 1024K, 0% used [0x00000000ebb00000,0x00000000ebb00000,0x00000000ebc00000)
 ParOldGen       total 68608K, used 41483K [0x00000000c0000000, 0x00000000c4300000, 0x00000000eab00000)
  object space 68608K, 60% used [0x00000000c0000000,0x00000000c2882c98,0x00000000c4300000)
 Metaspace       used 62347K, committed 63680K, reserved 1114112K
  class space    used 7694K, committed 8320K, reserved 1048576K
}

Dll operation events (15 events):
Event: 1.071 Loaded shared library c:\Users\admin\.cursor\extensions\redhat.java-1.42.0-win32-x64\jre\21.0.7-win32-x86_64\bin\java.dll
Event: 1.203 Loaded shared library c:\Users\admin\.cursor\extensions\redhat.java-1.42.0-win32-x64\jre\21.0.7-win32-x86_64\bin\zip.dll
Event: 1.326 Loaded shared library C:\Users\admin\.cursor\extensions\redhat.java-1.42.0-win32-x64\jre\21.0.7-win32-x86_64\bin\instrument.dll
Event: 1.343 Loaded shared library C:\Users\admin\.cursor\extensions\redhat.java-1.42.0-win32-x64\jre\21.0.7-win32-x86_64\bin\net.dll
Event: 1.351 Loaded shared library C:\Users\admin\.cursor\extensions\redhat.java-1.42.0-win32-x64\jre\21.0.7-win32-x86_64\bin\nio.dll
Event: 1.353 Loaded shared library C:\Users\admin\.cursor\extensions\redhat.java-1.42.0-win32-x64\jre\21.0.7-win32-x86_64\bin\zip.dll
Event: 1.438 Loaded shared library C:\Users\admin\.cursor\extensions\redhat.java-1.42.0-win32-x64\jre\21.0.7-win32-x86_64\bin\jimage.dll
Event: 2.053 Loaded shared library c:\Users\admin\.cursor\extensions\redhat.java-1.42.0-win32-x64\jre\21.0.7-win32-x86_64\bin\verify.dll
Event: 14.450 Loaded shared library C:\Users\admin\AppData\Roaming\Cursor\User\globalStorage\redhat.java\1.42.0\config_win\org.eclipse.equinox.launcher\org.eclipse.equinox.launcher.win32.win32.x86_64_1.2.1300.v20250331-1702\eclipse_11911.dll
Event: 39.231 Loaded shared library C:\Users\admin\.cursor\extensions\redhat.java-1.42.0-win32-x64\jre\21.0.7-win32-x86_64\bin\management.dll
Event: 39.234 Loaded shared library C:\Users\admin\.cursor\extensions\redhat.java-1.42.0-win32-x64\jre\21.0.7-win32-x86_64\bin\management_ext.dll
Event: 39.554 Loaded shared library C:\Users\admin\AppData\Local\Temp\jna-92668751\jna1704769538738677126.dll
Event: 61.666 Loaded shared library C:\Users\admin\.gradle\native\1def1411415f61bf3af743bc5b6707747c0891f09f0c88961ee8f79bc544acac\windows-amd64\native-platform.dll
Event: 77.080 Loaded shared library C:\Users\admin\.cursor\extensions\redhat.java-1.42.0-win32-x64\jre\21.0.7-win32-x86_64\bin\extnet.dll
Event: 88.347 Loaded shared library C:\Users\admin\.cursor\extensions\redhat.java-1.42.0-win32-x64\jre\21.0.7-win32-x86_64\bin\sunmscapi.dll

Deoptimization events (20 events):
Event: 88.343 Thread 0x0000025074dbc490 Uncommon trap: trap_request=0xffffff45 fr.pc=0x0000025021b61378 relative=0x00000000000008b8
Event: 88.343 Thread 0x0000025074dbc490 Uncommon trap: reason=unstable_if action=reinterpret pc=0x0000025021b61378 method=java.util.HashMap.computeIfAbsent(Ljava/lang/Object;Ljava/util/function/Function;)Ljava/lang/Object; @ 294 c2
Event: 88.343 Thread 0x0000025074dbc490 DEOPT PACKING pc=0x0000025021b61378 sp=0x000000572c13c000
Event: 88.343 Thread 0x0000025074dbc490 DEOPT UNPACKING pc=0x00000250213b3aa2 sp=0x000000572c13bfa8 mode 2
Event: 88.354 Thread 0x0000025074dbc490 Uncommon trap: trap_request=0xffffff45 fr.pc=0x0000025021e1ae60 relative=0x0000000000000ba0
Event: 88.354 Thread 0x0000025074dbc490 Uncommon trap: reason=unstable_if action=reinterpret pc=0x0000025021e1ae60 method=sun.nio.fs.WindowsPath.openForReadAttributeAccess(Z)J @ 5 c2
Event: 88.354 Thread 0x0000025074dbc490 DEOPT PACKING pc=0x0000025021e1ae60 sp=0x000000572c13dbc0
Event: 88.354 Thread 0x0000025074dbc490 DEOPT UNPACKING pc=0x00000250213b3aa2 sp=0x000000572c13db98 mode 2
Event: 88.354 Thread 0x0000025074dbc490 Uncommon trap: trap_request=0xffffff45 fr.pc=0x0000025021e1ff88 relative=0x0000000000000a68
Event: 88.354 Thread 0x0000025074dbc490 Uncommon trap: reason=unstable_if action=reinterpret pc=0x0000025021e1ff88 method=sun.nio.fs.WindowsNativeDispatcher.asNativeBuffer(Ljava/lang/String;)Lsun/nio/fs/NativeBuffer; @ 52 c2
Event: 88.354 Thread 0x0000025074dbc490 DEOPT PACKING pc=0x0000025021e1ff88 sp=0x000000572c13db40
Event: 88.354 Thread 0x0000025074dbc490 DEOPT UNPACKING pc=0x00000250213b3aa2 sp=0x000000572c13d9e8 mode 2
Event: 88.354 Thread 0x0000025074dbc490 Uncommon trap: trap_request=0xffffff45 fr.pc=0x0000025021e18e30 relative=0x0000000000000650
Event: 88.354 Thread 0x0000025074dbc490 Uncommon trap: reason=unstable_if action=reinterpret pc=0x0000025021e18e30 method=sun.nio.fs.WindowsFileAttributes.isReparsePoint(I)Z @ 5 c2
Event: 88.354 Thread 0x0000025074dbc490 DEOPT PACKING pc=0x0000025021e18e30 sp=0x000000572c13dbe0
Event: 88.354 Thread 0x0000025074dbc490 DEOPT UNPACKING pc=0x00000250213b3aa2 sp=0x000000572c13db08 mode 2
Event: 88.354 Thread 0x0000025074dbc490 Uncommon trap: trap_request=0xffffff45 fr.pc=0x0000025021e02194 relative=0x00000000000001d4
Event: 88.354 Thread 0x0000025074dbc490 Uncommon trap: reason=unstable_if action=reinterpret pc=0x0000025021e02194 method=sun.nio.fs.NativeBuffers.getNativeBufferFromCache(I)Lsun/nio/fs/NativeBuffer; @ 34 c2
Event: 88.354 Thread 0x0000025074dbc490 DEOPT PACKING pc=0x0000025021e02194 sp=0x000000572c13daf0
Event: 88.354 Thread 0x0000025074dbc490 DEOPT UNPACKING pc=0x00000250213b3aa2 sp=0x000000572c13da78 mode 2

Classes loaded (20 events):
Event: 88.350 Loading class sun/security/provider/certpath/ldap/JdkLDAP$ProviderService
Event: 88.350 Loading class sun/security/provider/certpath/ldap/JdkLDAP$ProviderService done
Event: 88.350 Loading class com/sun/security/sasl/Provider
Event: 88.350 Loading class com/sun/security/sasl/Provider done
Event: 88.350 Loading class com/sun/security/sasl/Provider$1
Event: 88.350 Loading class com/sun/security/sasl/Provider$1 done
Event: 88.350 Loading class com/sun/security/sasl/Provider$ProviderService
Event: 88.350 Loading class com/sun/security/sasl/Provider$ProviderService done
Event: 88.351 Loading class sun/nio/ch/ServerSocketChannelImpl
Event: 88.352 Loading class sun/nio/ch/ServerSocketChannelImpl done
Event: 88.353 Loading class java/nio/BufferMismatch
Event: 88.353 Loading class java/nio/BufferMismatch done
Event: 88.353 Loading class sun/nio/ch/SourceChannelImpl
Event: 88.353 Loading class java/nio/channels/Pipe$SourceChannel
Event: 88.353 Loading class java/nio/channels/Pipe$SourceChannel done
Event: 88.353 Loading class sun/nio/ch/SourceChannelImpl done
Event: 88.353 Loading class sun/nio/ch/SinkChannelImpl
Event: 88.353 Loading class java/nio/channels/Pipe$SinkChannel
Event: 88.354 Loading class java/nio/channels/Pipe$SinkChannel done
Event: 88.354 Loading class sun/nio/ch/SinkChannelImpl done

Classes unloaded (7 events):
Event: 38.799 Thread 0x0000025014963310 Unloading class 0x000002502c1a3c00 'java/lang/invoke/LambdaForm$MH+0x000002502c1a3c00'
Event: 38.799 Thread 0x0000025014963310 Unloading class 0x000002502c1a3800 'java/lang/invoke/LambdaForm$MH+0x000002502c1a3800'
Event: 38.799 Thread 0x0000025014963310 Unloading class 0x000002502c1a3400 'java/lang/invoke/LambdaForm$MH+0x000002502c1a3400'
Event: 38.799 Thread 0x0000025014963310 Unloading class 0x000002502c1a3000 'java/lang/invoke/LambdaForm$MH+0x000002502c1a3000'
Event: 38.799 Thread 0x0000025014963310 Unloading class 0x000002502c1a2c00 'java/lang/invoke/LambdaForm$BMH+0x000002502c1a2c00'
Event: 38.799 Thread 0x0000025014963310 Unloading class 0x000002502c1a2800 'java/lang/invoke/LambdaForm$DMH+0x000002502c1a2800'
Event: 38.799 Thread 0x0000025014963310 Unloading class 0x000002502c1a1400 'java/lang/invoke/LambdaForm$DMH+0x000002502c1a1400'

Classes redefined (0 events):
No events

Internal exceptions (20 events):
Event: 77.306 Thread 0x0000025074dbc490 Exception <a 'java/lang/NoSuchMethodError'{0x00000000eb4b73e8}: 'java.lang.Object java.lang.invoke.DirectMethodHandle$Holder.invokeStatic(java.lang.Object, java.lang.Object, java.lang.Object, java.lang.Object, java.lang.Object, java.lang.Object, java.lang.Object, java.lang.Object, java.lang.Object, java.lang.Object, java.lang.Object, java.lang.Object, java.lang.Object, java.lang.Object, java.lang.Object, java.lang.Object, java.lang.Object)'> (0x00000000eb4b73e8) 
thrown [s\src\hotspot\share\interpreter\lin
Event: 77.308 Thread 0x0000025074dbc490 Exception <a 'java/lang/NoSuchMethodError'{0x00000000eb4e3e68}: 'java.lang.Object java.lang.invoke.DirectMethodHandle$Holder.invokeStatic(java.lang.Object, java.lang.Object, java.lang.Object, java.lang.Object, java.lang.Object, java.lang.Object, java.lang.Object, java.lang.Object, java.lang.Object, java.lang.Object, java.lang.Object, java.lang.Object, java.lang.Object, java.lang.Object, java.lang.Object, java.lang.Object, java.lang.Object, java.lang.Object)'> (0x00000000eb4e3e68) 
thrown [s\src\hotspot\sha
Event: 77.310 Thread 0x0000025074dbc490 Exception <a 'java/lang/NoSuchMethodError'{0x00000000eb511970}: 'java.lang.Object java.lang.invoke.DirectMethodHandle$Holder.invokeStatic(java.lang.Object, java.lang.Object, java.lang.Object, java.lang.Object, java.lang.Object, java.lang.Object, java.lang.Object, java.lang.Object, java.lang.Object, java.lang.Object, java.lang.Object, java.lang.Object, java.lang.Object, java.lang.Object, java.lang.Object, java.lang.Object, java.lang.Object, java.lang.Object, java.lang.Object)'> (0x00000000eb511970) 
thrown 
Event: 77.312 Thread 0x0000025074dbc490 Exception <a 'java/lang/NoSuchMethodError'{0x00000000eb540be0}: 'java.lang.Object java.lang.invoke.DirectMethodHandle$Holder.invokeStatic(java.lang.Object, java.lang.Object, java.lang.Object, java.lang.Object, java.lang.Object, java.lang.Object, java.lang.Object, java.lang.Object, java.lang.Object, java.lang.Object, java.lang.Object, java.lang.Object, java.lang.Object, java.lang.Object, java.lang.Object, java.lang.Object, java.lang.Object, java.lang.Object, java.lang.Object, java.lang.Object)'> (0x00000000
Event: 77.315 Thread 0x0000025074dbc490 Exception <a 'java/lang/NoSuchMethodError'{0x00000000eb571058}: 'java.lang.Object java.lang.invoke.DirectMethodHandle$Holder.invokeStatic(java.lang.Object, java.lang.Object, java.lang.Object, java.lang.Object, java.lang.Object, java.lang.Object, java.lang.Object, java.lang.Object, java.lang.Object, java.lang.Object, java.lang.Object, java.lang.Object, java.lang.Object, java.lang.Object, java.lang.Object, java.lang.Object, java.lang.Object, java.lang.Object, java.lang.Object, java.lang.Object, java.lang.Obj
Event: 77.318 Thread 0x0000025074dbc490 Exception <a 'java/lang/NoSuchMethodError'{0x00000000eb5a1c20}: 'java.lang.Object java.lang.invoke.DirectMethodHandle$Holder.invokeStatic(java.lang.Object, java.lang.Object, java.lang.Object, java.lang.Object, java.lang.Object, java.lang.Object, java.lang.Object, java.lang.Object, java.lang.Object, java.lang.Object, java.lang.Object, java.lang.Object, java.lang.Object, java.lang.Object, java.lang.Object, java.lang.Object, java.lang.Object, java.lang.Object, java.lang.Object, java.lang.Object, java.lang.Obj
Event: 77.320 Thread 0x0000025074dbc490 Exception <a 'java/lang/NoSuchMethodError'{0x00000000eb5d4668}: 'java.lang.Object java.lang.invoke.DirectMethodHandle$Holder.invokeStatic(java.lang.Object, java.lang.Object, java.lang.Object, java.lang.Object, java.lang.Object, java.lang.Object, java.lang.Object, java.lang.Object, java.lang.Object, java.lang.Object, java.lang.Object, java.lang.Object, java.lang.Object, java.lang.Object, java.lang.Object, java.lang.Object, java.lang.Object, java.lang.Object, java.lang.Object, java.lang.Object, java.lang.Obj
Event: 77.321 Thread 0x0000025074dbc490 Exception <a 'java/lang/NoSuchMethodError'{0x00000000eb606b78}: 'java.lang.Object java.lang.invoke.DirectMethodHandle$Holder.invokeStatic(java.lang.Object, java.lang.Object, java.lang.Object, java.lang.Object, java.lang.Object, java.lang.Object, java.lang.Object, java.lang.Object, java.lang.Object, java.lang.Object, java.lang.Object, java.lang.Object, java.lang.Object, java.lang.Object, java.lang.Object, java.lang.Object, java.lang.Object, java.lang.Object, java.lang.Object, java.lang.Object, java.lang.Obj
Event: 77.321 Thread 0x0000025074dbc490 Exception <a 'java/lang/NoSuchMethodError'{0x00000000eb63b1e8}: 'java.lang.Object java.lang.invoke.DirectMethodHandle$Holder.invokeStatic(java.lang.Object, java.lang.Object, java.lang.Object, java.lang.Object, java.lang.Object, java.lang.Object, java.lang.Object, java.lang.Object, java.lang.Object, java.lang.Object, java.lang.Object, java.lang.Object, java.lang.Object, java.lang.Object, java.lang.Object, java.lang.Object, java.lang.Object, java.lang.Object, java.lang.Object, java.lang.Object, java.lang.Obj
Event: 77.323 Thread 0x0000025074dbc490 Exception <a 'java/lang/NoSuchMethodError'{0x00000000eb660fd8}: 'java.lang.Object java.lang.invoke.DirectMethodHandle$Holder.invokeSpecial(java.lang.Object, java.lang.Object, java.lang.Object, java.lang.Object, java.lang.Object, java.lang.Object, java.lang.Object, java.lang.Object, java.lang.Object, java.lang.Object, java.lang.Object, java.lang.Object, java.lang.Object, java.lang.Object, java.lang.Object, java.lang.Object, java.lang.Object, java.lang.Object, java.lang.Object, java.lang.Object, java.lang.Ob
Event: 77.324 Thread 0x0000025074dbc490 Exception <a 'java/lang/NoSuchMethodError'{0x00000000eb6767c0}: 'java.lang.Object java.lang.invoke.DirectMethodHandle$Holder.newInvokeSpecial(java.lang.Object, java.lang.Object, java.lang.Object, java.lang.Object, java.lang.Object, java.lang.Object, java.lang.Object, java.lang.Object, java.lang.Object, java.lang.Object, java.lang.Object, java.lang.Object, java.lang.Object, java.lang.Object, java.lang.Object, java.lang.Object, java.lang.Object, java.lang.Object, java.lang.Object, java.lang.Object, java.lang
Event: 77.324 Thread 0x0000025074dbc490 Exception <a 'java/lang/NoSuchMethodError'{0x00000000eb67c9b8}: 'java.lang.Object java.lang.invoke.Invokers$Holder.linkToTargetMethod(java.lang.Object, java.lang.Object, java.lang.Object, java.lang.Object, java.lang.Object, java.lang.Object, java.lang.Object, java.lang.Object, java.lang.Object, java.lang.Object, java.lang.Object, java.lang.Object, java.lang.Object, java.lang.Object, java.lang.Object, java.lang.Object, java.lang.Object, java.lang.Object, java.lang.Object, java.lang.Object, java.lang.Object,
Event: 77.324 Thread 0x0000025074dbc490 Exception <a 'java/lang/NoSuchMethodError'{0x00000000eb681b80}: 'java.lang.Object java.lang.invoke.DirectMethodHandle$Holder.invokeVirtual(java.lang.Object, java.lang.Object, java.lang.Object, java.lang.Object, java.lang.Object, java.lang.Object, java.lang.Object, java.lang.Object, java.lang.Object, java.lang.Object)'> (0x00000000eb681b80) 
thrown [s\src\hotspot\share\interpreter\linkResolver.cpp, line 773]
Event: 77.333 Thread 0x0000025074dbc490 Exception <a 'java/lang/NoSuchMethodError'{0x00000000eb81bba0}: 'java.lang.Object java.lang.invoke.DirectMethodHandle$Holder.invokeVirtual(java.lang.Object, java.lang.Object, java.lang.Object, java.lang.Object, java.lang.Object, java.lang.Object, java.lang.Object, java.lang.Object, java.lang.Object)'> (0x00000000eb81bba0) 
thrown [s\src\hotspot\share\interpreter\linkResolver.cpp, line 773]
Event: 77.344 Thread 0x0000025074dbc490 Exception <a 'java/lang/NoSuchMethodError'{0x00000000eba59ed8}: 'java.lang.Object java.lang.invoke.DirectMethodHandle$Holder.invokeVirtual(java.lang.Object, java.lang.Object, java.lang.Object, java.lang.Object, java.lang.Object, java.lang.Object, java.lang.Object, java.lang.Object)'> (0x00000000eba59ed8) 
thrown [s\src\hotspot\share\interpreter\linkResolver.cpp, line 773]
Event: 77.348 Thread 0x0000025074dbc490 Exception <a 'java/lang/NoSuchMethodError'{0x00000000eab51c10}: 'long java.lang.invoke.DirectMethodHandle$Holder.invokeVirtual(java.lang.Object, java.lang.Object)'> (0x00000000eab51c10) 
thrown [s\src\hotspot\share\interpreter\linkResolver.cpp, line 773]
Event: 77.348 Thread 0x0000025074dbc490 Exception <a 'java/lang/NoSuchMethodError'{0x00000000eab55010}: 'long java.lang.invoke.DelegatingMethodHandle$Holder.reinvoke_L(java.lang.Object, java.lang.Object)'> (0x00000000eab55010) 
thrown [s\src\hotspot\share\interpreter\linkResolver.cpp, line 773]
Event: 77.960 Thread 0x0000025074db9d30 Exception <a 'java/lang/NoSuchMethodError'{0x00000000eb1e3f28}: 'void java.lang.invoke.DirectMethodHandle$Holder.invokeStatic(java.lang.Object, long)'> (0x00000000eb1e3f28) 
thrown [s\src\hotspot\share\interpreter\linkResolver.cpp, line 773]
Event: 78.480 Thread 0x0000025074db9d30 Exception <a 'java/lang/NoSuchMethodError'{0x00000000eb209008}: 'void java.lang.invoke.DirectMethodHandle$Holder.invokeSpecial(java.lang.Object, java.lang.Object, int)'> (0x00000000eb209008) 
thrown [s\src\hotspot\share\interpreter\linkResolver.cpp, line 773]
Event: 78.480 Thread 0x0000025074db9d30 Exception <a 'java/lang/NoSuchMethodError'{0x00000000eb20e430}: 'java.lang.Object java.lang.invoke.DirectMethodHandle$Holder.newInvokeSpecial(java.lang.Object, java.lang.Object, int)'> (0x00000000eb20e430) 
thrown [s\src\hotspot\share\interpreter\linkResolver.cpp, line 773]

ZGC Phase Switch (0 events):
No events

VM Operations (20 events):
Event: 76.530 Executing VM operation: ParallelGCFailedAllocation (Allocation Failure)
Event: 76.531 Executing VM operation: ParallelGCFailedAllocation (Allocation Failure) done
Event: 76.591 Executing VM operation: ParallelGCFailedAllocation (Allocation Failure)
Event: 76.592 Executing VM operation: ParallelGCFailedAllocation (Allocation Failure) done
Event: 76.656 Executing VM operation: ParallelGCFailedAllocation (Allocation Failure)
Event: 76.657 Executing VM operation: ParallelGCFailedAllocation (Allocation Failure) done
Event: 77.336 Executing VM operation: HandshakeAllThreads (Deoptimize)
Event: 77.336 Executing VM operation: HandshakeAllThreads (Deoptimize) done
Event: 77.345 Executing VM operation: ParallelGCFailedAllocation (Allocation Failure)
Event: 77.346 Executing VM operation: ParallelGCFailedAllocation (Allocation Failure) done
Event: 79.346 Executing VM operation: Cleanup
Event: 79.346 Executing VM operation: Cleanup done
Event: 85.349 Executing VM operation: Cleanup
Event: 85.349 Executing VM operation: Cleanup done
Event: 88.327 Executing VM operation: HandshakeAllThreads (Deoptimize)
Event: 88.327 Executing VM operation: HandshakeAllThreads (Deoptimize) done
Event: 88.327 Executing VM operation: Cleanup
Event: 88.327 Executing VM operation: Cleanup done
Event: 88.333 Executing VM operation: ParallelGCFailedAllocation (Allocation Failure)
Event: 88.336 Executing VM operation: ParallelGCFailedAllocation (Allocation Failure) done

Memory protections (0 events):
No events

Nmethod flushes (20 events):
Event: 76.016 Thread 0x0000025014963310 flushing  nmethod 0x000002501a9b9e90
Event: 76.016 Thread 0x0000025014963310 flushing  nmethod 0x000002501a9bea10
Event: 76.016 Thread 0x0000025014963310 flushing  nmethod 0x000002501a9bf790
Event: 76.016 Thread 0x0000025014963310 flushing  nmethod 0x000002501a9c4d10
Event: 76.016 Thread 0x0000025014963310 flushing  nmethod 0x000002501a9c6590
Event: 76.016 Thread 0x0000025014963310 flushing  nmethod 0x000002501a9dd310
Event: 76.016 Thread 0x0000025014963310 flushing  nmethod 0x000002501a9dfe90
Event: 76.016 Thread 0x0000025014963310 flushing  nmethod 0x000002501a9e0790
Event: 76.016 Thread 0x0000025014963310 flushing  nmethod 0x000002501a9f9b10
Event: 76.016 Thread 0x0000025014963310 flushing  nmethod 0x000002501aa38010
Event: 76.016 Thread 0x0000025014963310 flushing  nmethod 0x000002501aa3a910
Event: 76.016 Thread 0x0000025014963310 flushing  nmethod 0x000002501aa3b710
Event: 76.016 Thread 0x0000025014963310 flushing  nmethod 0x000002501aa4b110
Event: 76.016 Thread 0x0000025014963310 flushing  nmethod 0x000002501aa4f090
Event: 76.016 Thread 0x0000025014963310 flushing  nmethod 0x000002501aa51a90
Event: 76.016 Thread 0x0000025014963310 flushing  nmethod 0x000002501aa62890
Event: 76.016 Thread 0x0000025014963310 flushing  nmethod 0x000002501aa62c90
Event: 76.016 Thread 0x0000025014963310 flushing  nmethod 0x000002501aa63110
Event: 76.016 Thread 0x0000025014963310 flushing  nmethod 0x000002501aa63b10
Event: 76.016 Thread 0x0000025014963310 flushing  nmethod 0x000002501aa6a290

Events (20 events):
Event: 76.626 Thread 0x000002506d6fd6f0 Thread added: 0x0000025074f328c0
Event: 76.626 Thread 0x000002506d6fd6f0 Thread added: 0x0000025076ef66c0
Event: 76.626 Thread 0x000002506d6fd6f0 Thread added: 0x0000025073a443b0
Event: 76.977 Thread 0x0000025073a443b0 Thread exited: 0x0000025073a443b0
Event: 76.977 Thread 0x0000025076ef66c0 Thread exited: 0x0000025076ef66c0
Event: 77.284 Thread 0x00000250752b04f0 Thread exited: 0x00000250752b04f0
Event: 77.284 Thread 0x0000025074f328c0 Thread exited: 0x0000025074f328c0
Event: 77.290 Thread 0x0000025073a43250 Thread exited: 0x0000025073a43250
Event: 77.290 Thread 0x0000025074df71d0 Thread exited: 0x0000025074df71d0
Event: 77.354 Thread 0x0000025074dbc490 Thread added: 0x0000025074dbd1b0
Event: 77.490 Thread 0x0000025074f1e1e0 Thread exited: 0x0000025074f1e1e0
Event: 77.915 Thread 0x0000025074dbc490 Thread added: 0x0000025074db9d30
Event: 77.963 Thread 0x0000025074db9d30 Thread added: 0x0000025074dbd840
Event: 77.963 Thread 0x0000025074db9d30 Thread added: 0x0000025074dba3c0
Event: 78.653 Thread 0x0000025074dbc490 Thread added: 0x0000025074dbded0
Event: 78.658 Thread 0x0000025074dbded0 Thread added: 0x0000025074dbe560
Event: 78.659 Thread 0x0000025074dbded0 Thread added: 0x0000025074dbebf0
Event: 78.659 Thread 0x0000025074dbe560 Thread exited: 0x0000025074dbe560
Event: 88.295 Thread 0x0000025074dbebf0 Thread exited: 0x0000025074dbebf0
Event: 88.295 Thread 0x0000025074dbded0 Thread exited: 0x0000025074dbded0


Dynamic libraries:
0x00007ff7d0960000 - 0x00007ff7d096e000 	c:\Users\admin\.cursor\extensions\redhat.java-1.42.0-win32-x64\jre\21.0.7-win32-x86_64\bin\java.exe
0x00007ff8f0da0000 - 0x00007ff8f1006000 	C:\WINDOWS\SYSTEM32\ntdll.dll
0x00007ff8eeec0000 - 0x00007ff8eef89000 	C:\WINDOWS\System32\KERNEL32.DLL
0x00007ff8ee410000 - 0x00007ff8ee7dc000 	C:\WINDOWS\System32\KERNELBASE.dll
0x00007ff8edfd0000 - 0x00007ff8ee11b000 	C:\WINDOWS\System32\ucrtbase.dll
0x00007ff8cea30000 - 0x00007ff8cea48000 	c:\Users\admin\.cursor\extensions\redhat.java-1.42.0-win32-x64\jre\21.0.7-win32-x86_64\bin\jli.dll
0x00007ff8f0aa0000 - 0x00007ff8f0c6a000 	C:\WINDOWS\System32\USER32.dll
0x00007ff8c73c0000 - 0x00007ff8c73de000 	c:\Users\admin\.cursor\extensions\redhat.java-1.42.0-win32-x64\jre\21.0.7-win32-x86_64\bin\VCRUNTIME140.dll
0x00007ff8ee120000 - 0x00007ff8ee147000 	C:\WINDOWS\System32\win32u.dll
0x00007ff8f0440000 - 0x00007ff8f046b000 	C:\WINDOWS\System32\GDI32.dll
0x00007ff8ee2d0000 - 0x00007ff8ee402000 	C:\WINDOWS\System32\gdi32full.dll
0x00007ff8db710000 - 0x00007ff8db9aa000 	C:\WINDOWS\WinSxS\amd64_microsoft.windows.common-controls_6595b64144ccf1df_6.0.26100.3912_none_3e07963ce335137e\COMCTL32.dll
0x00007ff8eea20000 - 0x00007ff8eeac3000 	C:\WINDOWS\System32\msvcp_win.dll
0x00007ff8eeb60000 - 0x00007ff8eec09000 	C:\WINDOWS\System32\msvcrt.dll
0x00007ff8f0c70000 - 0x00007ff8f0ca0000 	C:\WINDOWS\System32\IMM32.DLL
0x00007ff8d6ca0000 - 0x00007ff8d6cac000 	c:\Users\admin\.cursor\extensions\redhat.java-1.42.0-win32-x64\jre\21.0.7-win32-x86_64\bin\vcruntime140_1.dll
0x00007ff8c1570000 - 0x00007ff8c15fd000 	c:\Users\admin\.cursor\extensions\redhat.java-1.42.0-win32-x64\jre\21.0.7-win32-x86_64\bin\msvcp140.dll
0x00007ff845fd0000 - 0x00007ff846d60000 	c:\Users\admin\.cursor\extensions\redhat.java-1.42.0-win32-x64\jre\21.0.7-win32-x86_64\bin\server\jvm.dll
0x00007ff8f0140000 - 0x00007ff8f01f2000 	C:\WINDOWS\System32\ADVAPI32.dll
0x00007ff8f0cb0000 - 0x00007ff8f0d56000 	C:\WINDOWS\System32\sechost.dll
0x00007ff8efb60000 - 0x00007ff8efc76000 	C:\WINDOWS\System32\RPCRT4.dll
0x00007ff8ef340000 - 0x00007ff8ef3b4000 	C:\WINDOWS\System32\WS2_32.dll
0x00007ff8edda0000 - 0x00007ff8eddfe000 	C:\WINDOWS\SYSTEM32\POWRPROF.dll
0x00007ff8e4950000 - 0x00007ff8e4986000 	C:\WINDOWS\SYSTEM32\WINMM.dll
0x00007ff8ea6e0000 - 0x00007ff8ea6eb000 	C:\WINDOWS\SYSTEM32\VERSION.dll
0x00007ff8edd80000 - 0x00007ff8edd94000 	C:\WINDOWS\SYSTEM32\UMPDC.dll
0x00007ff8eccf0000 - 0x00007ff8ecd0a000 	C:\WINDOWS\SYSTEM32\kernel.appcore.dll
0x00007ff8d6650000 - 0x00007ff8d665a000 	c:\Users\admin\.cursor\extensions\redhat.java-1.42.0-win32-x64\jre\21.0.7-win32-x86_64\bin\jimage.dll
0x00007ff89bae0000 - 0x00007ff89bd21000 	C:\WINDOWS\SYSTEM32\DBGHELP.DLL
0x00007ff8eef90000 - 0x00007ff8ef314000 	C:\WINDOWS\System32\combase.dll
0x00007ff8f0050000 - 0x00007ff8f0130000 	C:\WINDOWS\System32\OLEAUT32.dll
0x00007ff8d7240000 - 0x00007ff8d7279000 	C:\WINDOWS\SYSTEM32\dbgcore.DLL
0x00007ff8edf30000 - 0x00007ff8edfc9000 	C:\WINDOWS\System32\bcryptPrimitives.dll
0x00007ff8d5d00000 - 0x00007ff8d5d0f000 	c:\Users\admin\.cursor\extensions\redhat.java-1.42.0-win32-x64\jre\21.0.7-win32-x86_64\bin\instrument.dll
0x00007ff8c5200000 - 0x00007ff8c521f000 	c:\Users\admin\.cursor\extensions\redhat.java-1.42.0-win32-x64\jre\21.0.7-win32-x86_64\bin\java.dll
0x00007ff8ef430000 - 0x00007ff8efb5d000 	C:\WINDOWS\System32\SHELL32.dll
0x00007ff8ee150000 - 0x00007ff8ee2c4000 	C:\WINDOWS\System32\wintypes.dll
0x00007ff8ebbe0000 - 0x00007ff8ec436000 	C:\WINDOWS\SYSTEM32\windows.storage.dll
0x00007ff8eedc0000 - 0x00007ff8eeeaf000 	C:\WINDOWS\System32\SHCORE.dll
0x00007ff8ef3c0000 - 0x00007ff8ef429000 	C:\WINDOWS\System32\shlwapi.dll
0x00007ff8ede10000 - 0x00007ff8ede3f000 	C:\WINDOWS\SYSTEM32\profapi.dll
0x00007ff8c4460000 - 0x00007ff8c4478000 	c:\Users\admin\.cursor\extensions\redhat.java-1.42.0-win32-x64\jre\21.0.7-win32-x86_64\bin\zip.dll
0x00007ff8d5f80000 - 0x00007ff8d5f90000 	C:\Users\admin\.cursor\extensions\redhat.java-1.42.0-win32-x64\jre\21.0.7-win32-x86_64\bin\net.dll
0x00007ff8e8a60000 - 0x00007ff8e8b7e000 	C:\WINDOWS\SYSTEM32\WINHTTP.dll
0x0000000180000000 - 0x000000018008c000 	C:\WINDOWS\system32\ASProxy64.dll
0x00007ff8efc80000 - 0x00007ff8efe1f000 	C:\WINDOWS\System32\ole32.dll
0x00007ff8ec730000 - 0x00007ff8ec763000 	C:\WINDOWS\SYSTEM32\IPHLPAPI.DLL
0x00007ff8ed260000 - 0x00007ff8ed2ca000 	C:\WINDOWS\SYSTEM32\MSWSOCK.dll
0x00007ff8ecf90000 - 0x00007ff8ecfd8000 	C:\WINDOWS\SYSTEM32\SspiCli.dll
0x00007ff8c3e00000 - 0x00007ff8c3e16000 	C:\Users\admin\.cursor\extensions\redhat.java-1.42.0-win32-x64\jre\21.0.7-win32-x86_64\bin\nio.dll
0x00007ff8eb200000 - 0x00007ff8eb2af000 	C:\WINDOWS\system32\uxtheme.dll
0x00007ff8d3a60000 - 0x00007ff8d3a70000 	c:\Users\admin\.cursor\extensions\redhat.java-1.42.0-win32-x64\jre\21.0.7-win32-x86_64\bin\verify.dll
0x00007ff8be6a0000 - 0x00007ff8be6e5000 	C:\Users\admin\AppData\Roaming\Cursor\User\globalStorage\redhat.java\1.42.0\config_win\org.eclipse.equinox.launcher\org.eclipse.equinox.launcher.win32.win32.x86_64_1.2.1300.v20250331-1702\eclipse_11911.dll
0x00007ff8ed510000 - 0x00007ff8ed52c000 	C:\WINDOWS\SYSTEM32\CRYPTSP.dll
0x00007ff8ecc50000 - 0x00007ff8ecc8a000 	C:\WINDOWS\system32\rsaenh.dll
0x00007ff8ed300000 - 0x00007ff8ed32b000 	C:\WINDOWS\SYSTEM32\USERENV.dll
0x00007ff8ede50000 - 0x00007ff8ede76000 	C:\WINDOWS\SYSTEM32\bcrypt.dll
0x00007ff8ed500000 - 0x00007ff8ed50c000 	C:\WINDOWS\SYSTEM32\CRYPTBASE.dll
0x00007ff8eedb0000 - 0x00007ff8eedba000 	C:\WINDOWS\System32\NSI.dll
0x00007ff8d3bd0000 - 0x00007ff8d3bda000 	C:\Users\admin\.cursor\extensions\redhat.java-1.42.0-win32-x64\jre\21.0.7-win32-x86_64\bin\management.dll
0x00007ff8d37b0000 - 0x00007ff8d37bb000 	C:\Users\admin\.cursor\extensions\redhat.java-1.42.0-win32-x64\jre\21.0.7-win32-x86_64\bin\management_ext.dll
0x00007ff8f0040000 - 0x00007ff8f0048000 	C:\WINDOWS\System32\PSAPI.DLL
0x00007ff8ce170000 - 0x00007ff8ce1b9000 	C:\Users\admin\AppData\Local\Temp\jna-92668751\jna1704769538738677126.dll
0x00007ff8e86b0000 - 0x00007ff8e86cf000 	C:\WINDOWS\SYSTEM32\dhcpcsvc6.DLL
0x00007ff8e7810000 - 0x00007ff8e7835000 	C:\WINDOWS\SYSTEM32\dhcpcsvc.DLL
0x00007ff8cddb0000 - 0x00007ff8cddd7000 	C:\Users\admin\.gradle\native\1def1411415f61bf3af743bc5b6707747c0891f09f0c88961ee8f79bc544acac\windows-amd64\native-platform.dll
0x00007ff8d3250000 - 0x00007ff8d3259000 	C:\Users\admin\.cursor\extensions\redhat.java-1.42.0-win32-x64\jre\21.0.7-win32-x86_64\bin\extnet.dll
0x00007ff8ce390000 - 0x00007ff8ce39e000 	C:\Users\admin\.cursor\extensions\redhat.java-1.42.0-win32-x64\jre\21.0.7-win32-x86_64\bin\sunmscapi.dll
0x00007ff8ee7e0000 - 0x00007ff8ee957000 	C:\WINDOWS\System32\CRYPT32.dll
0x00007ff8ed710000 - 0x00007ff8ed740000 	C:\WINDOWS\SYSTEM32\ncrypt.dll
0x00007ff8ed6c0000 - 0x00007ff8ed6ff000 	C:\WINDOWS\SYSTEM32\NTASN1.dll
0x00007ff8ce0f0000 - 0x00007ff8ce0f8000 	C:\WINDOWS\system32\wshunix.dll

dbghelp: loaded successfully - version: 4.0.5 - missing functions: none
symbol engine: initialized successfully - sym options: 0x614 - pdb path: .;c:\Users\admin\.cursor\extensions\redhat.java-1.42.0-win32-x64\jre\21.0.7-win32-x86_64\bin;C:\WINDOWS\SYSTEM32;C:\WINDOWS\WinSxS\amd64_microsoft.windows.common-controls_6595b64144ccf1df_6.0.26100.3912_none_3e07963ce335137e;c:\Users\admin\.cursor\extensions\redhat.java-1.42.0-win32-x64\jre\21.0.7-win32-x86_64\bin\server;C:\Users\admin\AppData\Roaming\Cursor\User\globalStorage\redhat.java\1.42.0\config_win\org.eclipse.equinox.launcher\org.eclipse.equinox.launcher.win32.win32.x86_64_1.2.1300.v20250331-1702;C:\Users\admin\AppData\Local\Temp\jna-92668751;C:\Users\admin\.gradle\native\1def1411415f61bf3af743bc5b6707747c0891f09f0c88961ee8f79bc544acac\windows-amd64

VM Arguments:
jvm_args: --add-modules=ALL-SYSTEM --add-opens=java.base/java.util=ALL-UNNAMED --add-opens=java.base/java.lang=ALL-UNNAMED --add-opens=java.base/sun.nio.fs=ALL-UNNAMED -Declipse.application=org.eclipse.jdt.ls.core.id1 -Dosgi.bundles.defaultStartLevel=4 -Declipse.product=org.eclipse.jdt.ls.core.product -Djava.import.generatesMetadataFilesAtProjectRoot=false -DDetectVMInstallationsJob.disabled=true -Dfile.encoding=utf8 -XX:+UseParallelGC -XX:GCTimeRatio=4 -XX:AdaptiveSizePolicyWeight=90 -Dsun.zip.disableMemoryMapping=true -Xmx1G -Xms100m -Xlog:disable -javaagent:c:\Users\admin\.cursor\extensions\redhat.java-1.42.0-win32-x64\lombok\lombok-1.18.36.jar -XX:+HeapDumpOnOutOfMemoryError -XX:HeapDumpPath=c:\Users\admin\AppData\Roaming\Cursor\User\workspaceStorage\0426a641ec518546e312a5bf184515bb\redhat.java -Daether.dependencyCollector.impl=bf 
java_command: c:\Users\admin\.cursor\extensions\redhat.java-1.42.0-win32-x64\server\plugins\org.eclipse.equinox.launcher_1.7.0.v20250424-1814.jar -configuration c:\Users\admin\AppData\Roaming\Cursor\User\globalStorage\redhat.java\1.42.0\config_win -data c:\Users\admin\AppData\Roaming\Cursor\User\workspaceStorage\0426a641ec518546e312a5bf184515bb\redhat.java\jdt_ws --pipe=\\.\pipe\lsp-0b95e54a017fd1ed9fd12f1d6513e162-sock
java_class_path (initial): c:\Users\admin\.cursor\extensions\redhat.java-1.42.0-win32-x64\server\plugins\org.eclipse.equinox.launcher_1.7.0.v20250424-1814.jar
Launcher Type: SUN_STANDARD

[Global flags]
    uintx AdaptiveSizePolicyWeight                 = 90                                        {product} {command line}
     intx CICompilerCount                          = 12                                        {product} {ergonomic}
    uintx GCTimeRatio                              = 4                                         {product} {command line}
     bool HeapDumpOnOutOfMemoryError               = true                                   {manageable} {command line}
    ccstr HeapDumpPath                             = c:\Users\admin\AppData\Roaming\Cursor\User\workspaceStorage\0426a641ec518546e312a5bf184515bb\redhat.java         {manageable} {command line}
   size_t InitialHeapSize                          = 104857600                                 {product} {command line}
   size_t MaxHeapSize                              = 1073741824                                {product} {command line}
   size_t MaxNewSize                               = 357564416                                 {product} {ergonomic}
   size_t MinHeapDeltaBytes                        = 524288                                    {product} {ergonomic}
   size_t MinHeapSize                              = 104857600                                 {product} {command line}
   size_t NewSize                                  = 34603008                                  {product} {ergonomic}
    uintx NonNMethodCodeHeapSize                   = 7602480                                {pd product} {ergonomic}
    uintx NonProfiledCodeHeapSize                  = 122027880                              {pd product} {ergonomic}
   size_t OldSize                                  = 70254592                                  {product} {ergonomic}
    uintx ProfiledCodeHeapSize                     = 122027880                              {pd product} {ergonomic}
    uintx ReservedCodeCacheSize                    = 251658240                              {pd product} {ergonomic}
     bool SegmentedCodeCache                       = true                                      {product} {ergonomic}
   size_t SoftMaxHeapSize                          = 1073741824                             {manageable} {ergonomic}
     bool UseCompressedOops                        = true                           {product lp64_product} {ergonomic}
     bool UseLargePagesIndividualAllocation        = false                                  {pd product} {ergonomic}
     bool UseParallelGC                            = true                                      {product} {command line}

Logging:
Log output configuration:
 #0: stdout all=off uptime,level,tags foldmultilines=false
 #1: stderr all=off uptime,level,tags foldmultilines=false

Environment Variables:
JAVA_HOME=C:\Program Files\OpenLogic\jdk-17.0.15.6-hotspot
PATH=C:\Program Files\Common Files\Oracle\Java\javapath;C:\Program Files\OpenLogic\jdk-17.0.15.6-hotspot\bin;C:\WINDOWS\system32;C:\WINDOWS;C:\WINDOWS\System32\Wbem;C:\WINDOWS\System32\WindowsPowerShell\v1.0\;C:\WINDOWS\System32\OpenSSH\;C:\Program Files\dotnet\;C:\Program Files\Microsoft SQL Server\130\Tools\Binn\;C:\Program Files\Git\cmd;C:\Users\admin\AppData\Roaming\nvm;C:\Program Files\nodejs;C:\Program Files\Microsoft SQL Server\150\Tools\Binn\;C:\Users\admin\AppData\Local\Microsoft\WindowsApps;C:\Users\admin\AppData\Roaming\npm;C:\Users\admin\AppData\Local\Programs\Microsoft VS Code\bin;C:\Users\admin\AppData\Roaming\nvm;C:\Program Files\nodejs;C:\Users\admin\AppData\Local\Android\Sdk\platform-tools;C:\Users\admin\AppData\Local\Programs\cursor\resources\app\bin;C:\;C:\Users\admin\.dotnet\tools
USERNAME=admin
OS=Windows_NT
PROCESSOR_IDENTIFIER=Intel64 Family 6 Model 165 Stepping 5, GenuineIntel
TMP=C:\Users\admin\AppData\Local\Temp
TEMP=C:\Users\admin\AppData\Local\Temp




Periodic native trim disabled

---------------  S Y S T E M  ---------------

OS:
 Windows 11 , 64 bit Build 26100 (10.0.26100.3912)
OS uptime: 3 days 0:59 hours

CPU: total 16 (initial active 16) (8 cores per cpu, 2 threads per core) family 6 model 165 stepping 5 microcode 0xec, cx8, cmov, fxsr, ht, mmx, 3dnowpref, sse, sse2, sse3, ssse3, sse4.1, sse4.2, popcnt, lzcnt, tsc, tscinvbit, avx, avx2, aes, erms, clmul, bmi1, bmi2, adx, fma, vzeroupper, clflush, clflushopt, rdtscp, f16c, pku
Processor Information for processor 0
  Max Mhz: 2901, Current Mhz: 2901, Mhz Limit: 2901
Processor Information for processor 1
  Max Mhz: 2901, Current Mhz: 1500, Mhz Limit: 2901
Processor Information for processor 2
  Max Mhz: 2901, Current Mhz: 2901, Mhz Limit: 2901
Processor Information for processor 3
  Max Mhz: 2901, Current Mhz: 1500, Mhz Limit: 2901
Processor Information for processor 4
  Max Mhz: 2901, Current Mhz: 2901, Mhz Limit: 2901
Processor Information for processor 5
  Max Mhz: 2901, Current Mhz: 2901, Mhz Limit: 2901
Processor Information for processor 6
  Max Mhz: 2901, Current Mhz: 2901, Mhz Limit: 2901
Processor Information for processor 7
  Max Mhz: 2901, Current Mhz: 2901, Mhz Limit: 2901
Processor Information for processor 8
  Max Mhz: 2901, Current Mhz: 2901, Mhz Limit: 2901
Processor Information for processor 9
  Max Mhz: 2901, Current Mhz: 1500, Mhz Limit: 2901
Processor Information for processor 10
  Max Mhz: 2901, Current Mhz: 2901, Mhz Limit: 2901
Processor Information for processor 11
  Max Mhz: 2901, Current Mhz: 2901, Mhz Limit: 2901
Processor Information for processor 12
  Max Mhz: 2901, Current Mhz: 2901, Mhz Limit: 2901
Processor Information for processor 13
  Max Mhz: 2901, Current Mhz: 1500, Mhz Limit: 2901
Processor Information for processor 14
  Max Mhz: 2901, Current Mhz: 2901, Mhz Limit: 2901
Processor Information for processor 15
  Max Mhz: 2901, Current Mhz: 2901, Mhz Limit: 2901

Memory: 4k page, system-wide physical 16096M (3305M free)
TotalPageFile size 34528M (AvailPageFile size 4038M)
current process WorkingSet (physical memory assigned to process): 242M, peak: 296M
current process commit charge ("private bytes"): 354M, peak: 395M

vm_info: OpenJDK 64-Bit Server VM (21.0.7+6-LTS) for windows-amd64 JRE (21.0.7+6-LTS), built on 2025-04-15T00:00:00Z by "admin" with MS VC++ 17.7 (VS2022)

END.
