#
# A fatal error has been detected by the Java Runtime Environment:
#
#  EXCEPTION_ACCESS_VIOLATION (0xc0000005) at pc=0x000000018000c274, pid=17356, tid=18912
#
# JRE version: OpenJDK Runtime Environment Temurin-21.0.7+6 (21.0.7+6) (build 21.0.7+6-LTS)
# Java VM: OpenJDK 64-Bit Server VM Temurin-21.0.7+6 (21.0.7+6-LTS, mixed mode, sharing, tiered, compressed oops, compressed class ptrs, parallel gc, windows-amd64)
# Problematic frame:
# C  [ASProxy64.dll+0xc274]
#
# No core dump will be written. Minidumps are not enabled by default on client versions of Windows
#
# If you would like to submit a bug report, please visit:
#   https://github.com/adoptium/adoptium-support/issues
# The crash happened outside the Java Virtual Machine in native code.
# See problematic frame for where to report the bug.
#

---------------  S U M M A R Y ------------

Command Line: --add-modules=ALL-SYSTEM --add-opens=java.base/java.util=ALL-UNNAMED --add-opens=java.base/java.lang=ALL-UNNAMED --add-opens=java.base/sun.nio.fs=ALL-UNNAMED -Declipse.application=org.eclipse.jdt.ls.core.id1 -Dosgi.bundles.defaultStartLevel=4 -Declipse.product=org.eclipse.jdt.ls.core.product -Djava.import.generatesMetadataFilesAtProjectRoot=false -DDetectVMInstallationsJob.disabled=true -Dfile.encoding=utf8 -XX:+UseParallelGC -XX:GCTimeRatio=4 -XX:AdaptiveSizePolicyWeight=90 -Dsun.zip.disableMemoryMapping=true -Xmx1G -Xms100m -Xlog:disable -javaagent:c:\Users\admin\.cursor\extensions\redhat.java-1.42.0-win32-x64\lombok\lombok-1.18.36.jar -XX:+HeapDumpOnOutOfMemoryError -XX:HeapDumpPath=c:\Users\admin\AppData\Roaming\Cursor\User\workspaceStorage\0426a641ec518546e312a5bf184515bb\redhat.java -Daether.dependencyCollector.impl=bf c:\Users\admin\.cursor\extensions\redhat.java-1.42.0-win32-x64\server\plugins\org.eclipse.equinox.launcher_1.7.0.v20250424-1814.jar -configuration c:\Users\admin\AppData\Roaming\Cursor\User\globalStorage\redhat.java\1.42.0\config_win -data c:\Users\admin\AppData\Roaming\Cursor\User\workspaceStorage\0426a641ec518546e312a5bf184515bb\redhat.java\jdt_ws --pipe=\\.\pipe\lsp-727bbc2d35c5015492fb77989bf618b5-sock

Host: Intel(R) Core(TM) i7-10700 CPU @ 2.90GHz, 16 cores, 15G,  Windows 11 , 64 bit Build 26100 (10.0.26100.3912)
Time: Fri May 16 05:31:42 2025 Eastern Daylight Time elapsed time: 9.270028 seconds (0d 0h 0m 9s)

---------------  T H R E A D  ---------------

Current thread (0x0000021608a8fc80):  JavaThread "Connection worker"        [_thread_in_native, id=18912, stack(0x0000005521040000,0x0000005521140000) (1024K)]

Stack: [0x0000005521040000,0x0000005521140000],  sp=0x000000552113e120,  free space=1016k
Native frames: (J=compiled Java code, j=interpreted, Vv=VM code, C=native code)
C  [ASProxy64.dll+0xc274]

Java frames: (J=compiled Java code, j=interpreted, Vv=VM code)
j  sun.nio.ch.WEPoll.ctl(JIJI)I+0 java.base@21.0.7
j  sun.nio.ch.WEPollSelectorImpl.<init>(Ljava/nio/channels/spi/SelectorProvider;)V+139 java.base@21.0.7
j  sun.nio.ch.WEPollSelectorProvider.openSelector()Ljava/nio/channels/spi/AbstractSelector;+5 java.base@21.0.7
j  java.nio.channels.Selector.open()Ljava/nio/channels/Selector;+3 java.base@21.0.7
j  org.gradle.internal.remote.internal.inet.SocketConnection$SocketInputStream.<init>(Ljava/nio/channels/SocketChannel;)V+17
j  org.gradle.internal.remote.internal.inet.SocketConnection.<init>(Ljava/nio/channels/SocketChannel;Lorg/gradle/internal/remote/internal/MessageSerializer;Lorg/gradle/internal/serialize/StatefulSerializer;)V+27
j  org.gradle.internal.remote.internal.inet.SocketConnectCompletion.create(Lorg/gradle/internal/serialize/StatefulSerializer;)Lorg/gradle/internal/remote/internal/RemoteConnection;+16
j  org.gradle.launcher.daemon.client.DefaultDaemonConnector.connectToDaemon(Lorg/gradle/launcher/daemon/context/DaemonConnectDetails;Lorg/gradle/launcher/daemon/client/DaemonClientConnection$StaleAddressDetector;)Lorg/gradle/launcher/daemon/client/DaemonClientConnection;+45
j  org.gradle.launcher.daemon.client.DefaultDaemonConnector.connectToDaemonWithId(Lorg/gradle/launcher/daemon/diagnostics/DaemonStartupInfo;Lorg/gradle/api/internal/specs/ExplainingSpec;)Lorg/gradle/launcher/daemon/client/DaemonClientConnection;+116
j  org.gradle.launcher.daemon.client.DefaultDaemonConnector.doStartDaemon(Lorg/gradle/api/internal/specs/ExplainingSpec;Z)Lorg/gradle/launcher/daemon/client/DaemonClientConnection;+61
j  org.gradle.launcher.daemon.client.DefaultDaemonConnector.startDaemon(Lorg/gradle/api/internal/specs/ExplainingSpec;)Lorg/gradle/launcher/daemon/client/DaemonClientConnection;+3
j  org.gradle.launcher.daemon.client.DaemonClient.execute(Lorg/gradle/internal/invocation/BuildAction;Lorg/gradle/launcher/exec/BuildActionParameters;Lorg/gradle/internal/daemon/client/execution/ClientBuildRequestContext;)Lorg/gradle/launcher/exec/BuildActionResult;+201
j  org.gradle.launcher.daemon.client.DaemonClient.execute(Lorg/gradle/internal/invocation/BuildAction;Ljava/lang/Object;Ljava/lang/Object;)Lorg/gradle/launcher/exec/BuildActionResult;+10
j  org.gradle.tooling.internal.provider.DaemonBuildActionExecuter.execute(Lorg/gradle/internal/invocation/BuildAction;Lorg/gradle/tooling/internal/provider/ConnectionOperationParameters;Lorg/gradle/internal/daemon/client/execution/ClientBuildRequestContext;)Lorg/gradle/launcher/exec/BuildActionResult;+72
j  org.gradle.tooling.internal.provider.DaemonBuildActionExecuter.execute(Lorg/gradle/internal/invocation/BuildAction;Ljava/lang/Object;Ljava/lang/Object;)Lorg/gradle/launcher/exec/BuildActionResult;+10
j  org.gradle.tooling.internal.provider.LoggingBridgingBuildActionExecuter.execute(Lorg/gradle/internal/invocation/BuildAction;Lorg/gradle/tooling/internal/provider/ConnectionOperationParameters;Lorg/gradle/internal/daemon/client/execution/ClientBuildRequestContext;)Lorg/gradle/launcher/exec/BuildActionResult;+77
j  org.gradle.tooling.internal.provider.LoggingBridgingBuildActionExecuter.execute(Lorg/gradle/internal/invocation/BuildAction;Ljava/lang/Object;Ljava/lang/Object;)Lorg/gradle/launcher/exec/BuildActionResult;+10
j  org.gradle.tooling.internal.provider.ProviderConnection.run(Lorg/gradle/internal/invocation/BuildAction;Lorg/gradle/initialization/BuildCancellationToken;Lorg/gradle/tooling/internal/provider/ProviderConnection$ProgressListenerConfiguration;Lorg/gradle/initialization/BuildEventConsumer;Lorg/gradle/tooling/internal/provider/connection/ProviderOperationParameters;Lorg/gradle/tooling/internal/provider/ProviderConnection$Parameters;)Ljava/lang/Object;+79
j  org.gradle.tooling.internal.provider.ProviderConnection.runPhasedAction(Lorg/gradle/tooling/internal/protocol/InternalPhasedAction;Lorg/gradle/tooling/internal/protocol/PhasedActionResultListener;Lorg/gradle/initialization/BuildCancellationToken;Lorg/gradle/tooling/internal/provider/connection/ProviderOperationParameters;)Ljava/lang/Object;+132
j  org.gradle.tooling.internal.provider.DefaultConnection.run(Lorg/gradle/tooling/internal/protocol/InternalPhasedAction;Lorg/gradle/tooling/internal/protocol/PhasedActionResultListener;Lorg/gradle/tooling/internal/protocol/InternalCancellationToken;Lorg/gradle/tooling/internal/protocol/BuildParameters;)Lorg/gradle/tooling/internal/protocol/BuildResult;+28
j  org.gradle.tooling.internal.consumer.connection.PhasedActionAwareConsumerConnection.run(Lorg/gradle/tooling/internal/consumer/PhasedBuildAction;Lorg/gradle/tooling/internal/consumer/parameters/ConsumerOperationParameters;)V+66
j  org.gradle.tooling.internal.consumer.connection.ParameterValidatingConsumerConnection.run(Lorg/gradle/tooling/internal/consumer/PhasedBuildAction;Lorg/gradle/tooling/internal/consumer/parameters/ConsumerOperationParameters;)V+11
j  org.gradle.tooling.internal.consumer.DefaultPhasedBuildActionExecuter$1.run(Lorg/gradle/tooling/internal/consumer/connection/ConsumerConnection;)Ljava/lang/Void;+12
j  org.gradle.tooling.internal.consumer.DefaultPhasedBuildActionExecuter$1.run(Lorg/gradle/tooling/internal/consumer/connection/ConsumerConnection;)Ljava/lang/Object;+2
j  org.gradle.tooling.internal.consumer.connection.LazyConsumerActionExecutor.run(Lorg/gradle/tooling/internal/consumer/connection/ConsumerAction;)Ljava/lang/Object;+34
j  org.gradle.tooling.internal.consumer.connection.CancellableConsumerActionExecutor.run(Lorg/gradle/tooling/internal/consumer/connection/ConsumerAction;)Ljava/lang/Object;+34
j  org.gradle.tooling.internal.consumer.connection.ProgressLoggingConsumerActionExecutor.run(Lorg/gradle/tooling/internal/consumer/connection/ConsumerAction;)Ljava/lang/Object;+78
j  org.gradle.tooling.internal.consumer.connection.RethrowingErrorsConsumerActionExecutor.run(Lorg/gradle/tooling/internal/consumer/connection/ConsumerAction;)Ljava/lang/Object;+5
j  org.gradle.tooling.internal.consumer.async.DefaultAsyncConsumerActionExecutor$1$1.run()V+17
j  org.gradle.internal.concurrent.ExecutorPolicy$CatchAndRecordFailures.onExecute(Ljava/lang/Runnable;)V+1
j  org.gradle.internal.concurrent.AbstractManagedExecutor$1.run()V+25
j  java.util.concurrent.ThreadPoolExecutor.runWorker(Ljava/util/concurrent/ThreadPoolExecutor$Worker;)V+92 java.base@21.0.7
j  java.util.concurrent.ThreadPoolExecutor$Worker.run()V+5 java.base@21.0.7
j  java.lang.Thread.runWith(Ljava/lang/Object;Ljava/lang/Runnable;)V+5 java.base@21.0.7
j  java.lang.Thread.run()V+19 java.base@21.0.7
v  ~StubRoutines::call_stub 0x0000021633df100d

siginfo: EXCEPTION_ACCESS_VIOLATION (0xc0000005), reading address 0x00000000000012f4


Registers:
RAX=0x0000000000000000, RBX=0x00000216079dd768, RCX=0x00000000000012b4, RDX=0x0000000000000002
RSP=0x000000552113e120, RBP=0x00000000000012f4, RSI=0x000002160bdf4550, RDI=0x00000000000012f4
R8 =0x7ffffffffffffffc, R9 =0x0000000000000000, R10=0x00000000000012b4, R11=0x00000216297b2b68
R12=0x000000552113e360, R13=0x0000000000001300, R14=0x000002160bdf4520, R15=0x0000000000001300
RIP=0x000000018000c274, EFLAGS=0x0000000000010246

XMM[0]=0x0000000000000000 0x0000000000000000
XMM[1]=0x0000000000000000 0x0000000000000000
XMM[2]=0x0000000000000000 0x0000000000000000
XMM[3]=0x0000000000000000 0x0000000000000000
XMM[4]=0x0000000000000000 0x0000000000000000
XMM[5]=0x0000000000000000 0x0000000000000000
XMM[6]=0xba50bf0b5e3922db 0xa96a02b07e7cad85
XMM[7]=0x6ab2dea49387aa8b 0xcd5f1921bb0a8ebd
XMM[8]=0x0000000000000000 0x484a3e4db5214a93
XMM[9]=0x3124579652814e82 0x71af860c4bc98eb7
XMM[10]=0xffffffffffffffff 0x0b0a090803020100
XMM[11]=0x6f8788c216a7a847 0x0000000000000000
XMM[12]=0x0b0a090803020100 0xffffffffffffffff
XMM[13]=0x0c0d0e0f08090a0b 0x0405060700010203
XMM[14]=0x0000000000000000 0x6c9c4e785cd1fc34
XMM[15]=0x0000000000000000 0x00000000f035adbc
  MXCSR=0x00001fa0


Register to memory mapping:

RAX=0x0 is null
RBX=0x00000216079dd768 points into unknown readable memory: 0x0000000000000000 | 00 00 00 00 00 00 00 00
RCX=0x00000000000012b4 is an unknown value
RDX=0x0000000000000002 is an unknown value
RSP=0x000000552113e120 is pointing into the stack for thread: 0x0000021608a8fc80
RBP=0x00000000000012f4 is an unknown value
RSI=0x000002160bdf4550 points into unknown readable memory: 0x000002160bdf4550 | 50 45 df 0b 16 02 00 00
RDI=0x00000000000012f4 is an unknown value
R8 =0x7ffffffffffffffc is an unknown value
R9 =0x0 is null
R10=0x00000000000012b4 is an unknown value
R11=0x00000216297b2b68 points into unknown readable memory: 0x00000000000007d0 | d0 07 00 00 00 00 00 00
R12=0x000000552113e360 is pointing into the stack for thread: 0x0000021608a8fc80
R13=0x0000000000001300 is an unknown value
R14=0x000002160bdf4520 points into unknown readable memory: 0x00000000000012f4 | f4 12 00 00 00 00 00 00
R15=0x0000000000001300 is an unknown value

Top of Stack: (sp=0x000000552113e120)
0x000000552113e120:   0000000000000000 0000000000000000
0x000000552113e130:   00000000000012f4 000000018001f4c2
0x000000552113e140:   0000000180065ec8 0000000000002736
0x000000552113e150:   0000000000000001 00000000000012b4
0x000000552113e160:   00000000000012f4 000000018000c506
0x000000552113e170:   00000216079dd768 0000000000002736
0x000000552113e180:   0000000000000000 0000021600000008
0x000000552113e190:   000000550000001e 0000000000000000
0x000000552113e1a0:   00000000000012f4 0000000000000000
0x000000552113e1b0:   0000000000000001 0000000000000000
0x000000552113e1c0:   00000000000012f4 00007ff8abcb77e6
0x000000552113e1d0:   00000000000012b4 0000000000001202
0x000000552113e1e0:   000002160bdf4550 000000552113e330
0x000000552113e1f0:   0000000000000000 0000021600000000
0x000000552113e200:   0000000000000003 0000021600000001
0x000000552113e210:   0000000000000000 0000000000000000
0x000000552113e220:   00007ff800000000 00007ff8edfe0139
0x000000552113e230:   00000000000012b4 0000000000000000
0x000000552113e240:   0000000000000000 00002f37542d46d2
0x000000552113e250:   00000216079dd750 00007ff8abcb82af
0x000000552113e260:   0000000000000028 00007ff86c6b2cac
0x000000552113e270:   00000216079dd758 00000216297dace0
0x000000552113e280:   000002160bdf4520 00007ff8abcb8359
0x000000552113e290:   000002160bdf4550 000000552113e360
0x000000552113e2a0:   000002160bdf4550 000002160bdf4520
0x000000552113e2b0:   0000021608a8fc80 000000552113e360
0x000000552113e2c0:   0000021604fd8630 0000000000000000
0x000000552113e2d0:   000002160bdf4520 00007ff8abcb8787
0x000000552113e2e0:   0000000000000000 000000552113e360
0x000000552113e2f0:   0000000000001300 0000021608a8fc80
0x000000552113e300:   0000000000000001 00007ff8abcb7a75
0x000000552113e310:   00000000000012f4 000000552113e360 

Instructions: (pc=0x000000018000c274)
0x000000018000c174:   70 48 8b 6c 24 78 32 c0 48 83 c4 50 41 5c c3 cc
0x000000018000c184:   cc cc cc cc cc cc cc cc cc cc cc cc 48 85 c9 74
0x000000018000c194:   23 8b 05 ad ff 06 00 89 01 8b 05 a9 ff 06 00 89
0x000000018000c1a4:   41 04 8b 05 a4 ff 06 00 89 41 08 8b 05 9f ff 06
0x000000018000c1b4:   00 89 41 0c f3 c3 cc cc cc cc cc cc c6 01 01 c7
0x000000018000c1c4:   02 01 00 00 00 c3 cc cc cc cc cc cc 48 89 5c 24
0x000000018000c1d4:   08 57 48 83 ec 70 48 8b fa 8b d9 48 8d 15 82 73
0x000000018000c1e4:   05 00 48 8d 4c 24 20 45 33 c0 48 c7 44 24 40 0f
0x000000018000c1f4:   00 00 00 48 c7 44 24 38 00 00 00 00 c6 44 24 28
0x000000018000c204:   00 e8 d6 6b ff ff 4c 8d 4c 24 20 48 8d 4c 24 48
0x000000018000c214:   41 b0 01 8b d3 e8 52 06 02 00 48 83 78 20 10 72
0x000000018000c224:   06 48 8b 48 08 eb 05 48 8d 48 08 90 0f b6 01 48
0x000000018000c234:   ff c7 48 ff c1 88 47 ff 84 c0 75 f0 48 83 7c 24
0x000000018000c244:   68 10 72 0a 48 8b 4c 24 50 e8 52 94 03 00 48 8b
0x000000018000c254:   9c 24 80 00 00 00 48 83 c4 70 5f c3 48 83 ec 48
0x000000018000c264:   0f b6 c2 0f 57 c0 0f 11 44 24 ff 25 00 00 00 00
0x000000018000c274:   ae 7e ef ee f8 7f 00 00 8b 44 24 04 0f af 04 24
0x000000018000c284:   89 04 24 8b 44 24 04 0f af 04 24 83 c0 01 89 04
0x000000018000c294:   24 8b 44 24 04 0f af 04 24 83 c0 02 89 04 24 8b
0x000000018000c2a4:   44 24 04 0f af 04 24 83 c0 03 89 04 24 8b 44 24
0x000000018000c2b4:   04 0f af 04 24 83 c0 04 89 04 24 8b 44 24 04 0f
0x000000018000c2c4:   af 04 24 83 c0 05 89 04 24 8b 44 24 04 0f af 04
0x000000018000c2d4:   24 83 c0 06 89 04 24 8b 44 24 04 0f af 04 24 83
0x000000018000c2e4:   c0 07 89 04 24 8b 44 24 04 0f af 04 24 83 c0 08
0x000000018000c2f4:   89 04 24 8b 44 24 04 0f af 04 24 83 c0 09 89 04
0x000000018000c304:   24 8b 44 24 04 0f af 04 24 83 c0 0a 89 04 24 8b
0x000000018000c314:   44 24 04 0f af 04 24 83 c0 0b 89 04 24 8b 44 24
0x000000018000c324:   04 0f af 04 24 83 c0 0d 89 04 24 8b 44 24 04 0f
0x000000018000c334:   af 04 24 83 c0 0e 89 04 24 8b 44 24 04 0f af 04
0x000000018000c344:   24 83 c0 0f 89 04 24 8b 44 24 04 0f af 04 24 83
0x000000018000c354:   c0 10 89 04 24 8b 44 24 04 0f af 04 24 83 c0 11
0x000000018000c364:   89 04 24 8b 44 24 04 0f af 04 24 83 c0 12 89 04 


Stack slot to memory mapping:

stack at sp + 0 slots: 0x0 is null
stack at sp + 1 slots: 0x0 is null
stack at sp + 2 slots: 0x00000000000012f4 is an unknown value
stack at sp + 3 slots: 0x000000018001f4c2 ASProxy64.dll
stack at sp + 4 slots: 0x0000000180065ec8 ASProxy64.dll
stack at sp + 5 slots: 0x0000000000002736 is an unknown value
stack at sp + 6 slots: 0x0000000000000001 is an unknown value
stack at sp + 7 slots: 0x00000000000012b4 is an unknown value


---------------  P R O C E S S  ---------------

Threads class SMR info:
_java_thread_list=0x0000021609377390, length=61, elements={
0x00000216297b7c60, 0x000002163db9e6f0, 0x0000021629856bf0, 0x000002162985c4e0,
0x000002162985d3b0, 0x0000021629860c60, 0x0000021629864090, 0x0000021600095f40,
0x00000216000b7b20, 0x0000021600179bb0, 0x00000216001b3af0, 0x0000021606175e80,
0x0000021607314210, 0x0000021606c3ee40, 0x00000216070936b0, 0x0000021607093d10,
0x000002160747d330, 0x0000021607479eb0, 0x0000021607521260, 0x00000216078ca3c0,
0x000002160747a540, 0x000002160747bf80, 0x000002160747c610, 0x000002160747abd0,
0x000002160747b8f0, 0x0000021607856f30, 0x0000021607859000, 0x0000021607859d20,
0x0000021607859690, 0x000002160785a3b0, 0x00000216078575c0, 0x0000021607857c50,
0x000002160785aa40, 0x00000216078582e0, 0x000002160785b760, 0x000002160785b0d0,
0x000002160785bdf0, 0x0000021607858970, 0x000002160785d1a0, 0x000002160785c480,
0x000002160785cb10, 0x000002160785d830, 0x000002160785dec0, 0x000002160785e550,
0x0000021608a8a730, 0x0000021608a8a0a0, 0x0000021608a8b450, 0x0000021608a8adc0,
0x0000021608a8bae0, 0x0000021608a8dbb0, 0x0000021608a8ce90, 0x0000021608a8e240,
0x0000021608a8e8d0, 0x0000021608a8ef60, 0x0000021608a8f5f0, 0x0000021608a8d520,
0x0000021608a8fc80, 0x0000021608a90310, 0x0000021608a909a0, 0x0000021608e3d010,
0x0000021608e3f0e0
}

Java Threads: ( => current thread )
  0x00000216297b7c60 JavaThread "main"                              [_thread_blocked, id=17788, stack(0x000000551af00000,0x000000551b000000) (1024K)]
  0x000002163db9e6f0 JavaThread "Reference Handler"          daemon [_thread_blocked, id=11624, stack(0x000000551b300000,0x000000551b400000) (1024K)]
  0x0000021629856bf0 JavaThread "Finalizer"                  daemon [_thread_blocked, id=13404, stack(0x000000551b400000,0x000000551b500000) (1024K)]
  0x000002162985c4e0 JavaThread "Signal Dispatcher"          daemon [_thread_blocked, id=19156, stack(0x000000551b500000,0x000000551b600000) (1024K)]
  0x000002162985d3b0 JavaThread "Attach Listener"            daemon [_thread_blocked, id=9108, stack(0x000000551b600000,0x000000551b700000) (1024K)]
  0x0000021629860c60 JavaThread "Service Thread"             daemon [_thread_blocked, id=17956, stack(0x000000551b700000,0x000000551b800000) (1024K)]
  0x0000021629864090 JavaThread "Monitor Deflation Thread"   daemon [_thread_blocked, id=14148, stack(0x000000551b800000,0x000000551b900000) (1024K)]
  0x0000021600095f40 JavaThread "C2 CompilerThread0"         daemon [_thread_blocked, id=18488, stack(0x000000551b900000,0x000000551ba00000) (1024K)]
  0x00000216000b7b20 JavaThread "C1 CompilerThread0"         daemon [_thread_blocked, id=6856, stack(0x000000551ba00000,0x000000551bb00000) (1024K)]
  0x0000021600179bb0 JavaThread "Common-Cleaner"             daemon [_thread_blocked, id=12676, stack(0x000000551bb00000,0x000000551bc00000) (1024K)]
  0x00000216001b3af0 JavaThread "C1 CompilerThread1"         daemon [_thread_blocked, id=13440, stack(0x000000551bc00000,0x000000551bd00000) (1024K)]
  0x0000021606175e80 JavaThread "Notification Thread"        daemon [_thread_blocked, id=10188, stack(0x000000551d200000,0x000000551d300000) (1024K)]
  0x0000021607314210 JavaThread "Active Thread: Equinox Container: 4f0aeaf9-78a4-406e-a543-0aa01d86782e"        [_thread_blocked, id=18776, stack(0x000000551db40000,0x000000551dc40000) (1024K)]
  0x0000021606c3ee40 JavaThread "Refresh Thread: Equinox Container: 4f0aeaf9-78a4-406e-a543-0aa01d86782e" daemon [_thread_blocked, id=12592, stack(0x000000551dd40000,0x000000551de40000) (1024K)]
  0x00000216070936b0 JavaThread "Framework Event Dispatcher: Equinox Container: 4f0aeaf9-78a4-406e-a543-0aa01d86782e" daemon [_thread_blocked, id=6900, stack(0x000000551de40000,0x000000551df40000) (1024K)]
  0x0000021607093d10 JavaThread "Start Level: Equinox Container: 4f0aeaf9-78a4-406e-a543-0aa01d86782e" daemon [_thread_blocked, id=14232, stack(0x000000551df40000,0x000000551e040000) (1024K)]
  0x000002160747d330 JavaThread "Bundle File Closer"         daemon [_thread_blocked, id=688, stack(0x000000551e340000,0x000000551e440000) (1024K)]
  0x0000021607479eb0 JavaThread "SCR Component Actor"        daemon [_thread_blocked, id=19088, stack(0x000000551bd00000,0x000000551be00000) (1024K)]
  0x0000021607521260 JavaThread "C1 CompilerThread2"         daemon [_thread_blocked, id=14104, stack(0x000000551d100000,0x000000551d200000) (1024K)]
  0x00000216078ca3c0 JavaThread "C1 CompilerThread3"         daemon [_thread_blocked, id=17664, stack(0x000000551d940000,0x000000551da40000) (1024K)]
  0x000002160747a540 JavaThread "Worker-JM"                         [_thread_blocked, id=11356, stack(0x000000551da40000,0x000000551db40000) (1024K)]
  0x000002160747bf80 JavaThread "Worker-0"                          [_thread_blocked, id=11252, stack(0x000000551e540000,0x000000551e640000) (1024K)]
  0x000002160747c610 JavaThread "Worker-1"                          [_thread_blocked, id=6364, stack(0x000000551e640000,0x000000551e740000) (1024K)]
  0x000002160747abd0 JavaThread "Java indexing"              daemon [_thread_blocked, id=14320, stack(0x000000551ea40000,0x000000551eb40000) (1024K)]
  0x000002160747b8f0 JavaThread "JNA Cleaner"                daemon [_thread_blocked, id=18768, stack(0x000000551e840000,0x000000551e940000) (1024K)]
  0x0000021607856f30 JavaThread "Worker-2"                          [_thread_blocked, id=18748, stack(0x000000551ed40000,0x000000551ee40000) (1024K)]
  0x0000021607859000 JavaThread "Worker-3"                          [_thread_blocked, id=18756, stack(0x000000551ef40000,0x000000551f040000) (1024K)]
  0x0000021607859d20 JavaThread "Thread-2"                   daemon [_thread_in_native, id=18740, stack(0x000000551f040000,0x000000551f140000) (1024K)]
  0x0000021607859690 JavaThread "Thread-3"                   daemon [_thread_in_native, id=18732, stack(0x000000551f140000,0x000000551f240000) (1024K)]
  0x000002160785a3b0 JavaThread "Thread-4"                   daemon [_thread_in_native, id=1676, stack(0x000000551f240000,0x000000551f340000) (1024K)]
  0x00000216078575c0 JavaThread "Thread-5"                   daemon [_thread_in_native, id=11144, stack(0x000000551f340000,0x000000551f440000) (1024K)]
  0x0000021607857c50 JavaThread "Thread-6"                   daemon [_thread_in_native, id=18728, stack(0x000000551f440000,0x000000551f540000) (1024K)]
  0x000002160785aa40 JavaThread "Thread-7"                   daemon [_thread_in_native, id=18792, stack(0x000000551f540000,0x000000551f640000) (1024K)]
  0x00000216078582e0 JavaThread "Thread-8"                   daemon [_thread_in_native, id=11016, stack(0x000000551f640000,0x000000551f740000) (1024K)]
  0x000002160785b760 JavaThread "Thread-9"                   daemon [_thread_in_native, id=10104, stack(0x000000551f740000,0x000000551f840000) (1024K)]
  0x000002160785b0d0 JavaThread "Thread-10"                  daemon [_thread_in_native, id=13468, stack(0x000000551f840000,0x000000551f940000) (1024K)]
  0x000002160785bdf0 JavaThread "Thread-11"                  daemon [_thread_in_native, id=17592, stack(0x000000551f940000,0x000000551fa40000) (1024K)]
  0x0000021607858970 JavaThread "Thread-12"                  daemon [_thread_in_native, id=13608, stack(0x000000551fa40000,0x000000551fb40000) (1024K)]
  0x000002160785d1a0 JavaThread "Thread-13"                  daemon [_thread_in_native, id=1852, stack(0x000000551fb40000,0x000000551fc40000) (1024K)]
  0x000002160785c480 JavaThread "Thread-14"                  daemon [_thread_in_native, id=15352, stack(0x000000551fc40000,0x000000551fd40000) (1024K)]
  0x000002160785cb10 JavaThread "Thread-15"                  daemon [_thread_in_native, id=15916, stack(0x000000551fd40000,0x000000551fe40000) (1024K)]
  0x000002160785d830 JavaThread "Thread-16"                  daemon [_thread_in_native, id=14572, stack(0x000000551fe40000,0x000000551ff40000) (1024K)]
  0x000002160785dec0 JavaThread "Thread-17"                  daemon [_thread_in_native, id=9808, stack(0x000000551ff40000,0x0000005520040000) (1024K)]
  0x000002160785e550 JavaThread "Thread-18"                  daemon [_thread_in_native, id=2836, stack(0x0000005520040000,0x0000005520140000) (1024K)]
  0x0000021608a8a730 JavaThread "pool-2-thread-1"                   [_thread_blocked, id=14660, stack(0x0000005520140000,0x0000005520240000) (1024K)]
  0x0000021608a8a0a0 JavaThread "WorkspaceEventsHandler"            [_thread_blocked, id=17336, stack(0x0000005520740000,0x0000005520840000) (1024K)]
  0x0000021608a8b450 JavaThread "pool-1-thread-1"                   [_thread_blocked, id=14632, stack(0x0000005520840000,0x0000005520940000) (1024K)]
  0x0000021608a8adc0 JavaThread "Worker-4: Initialize Workspace"        [_thread_blocked, id=16712, stack(0x0000005520940000,0x0000005520a40000) (1024K)]
  0x0000021608a8bae0 JavaThread "Timer-0"                           [_thread_blocked, id=4280, stack(0x0000005520a40000,0x0000005520b40000) (1024K)]
  0x0000021608a8dbb0 JavaThread "Timer-1"                           [_thread_blocked, id=12084, stack(0x0000005520640000,0x0000005520740000) (1024K)]
  0x0000021608a8ce90 JavaThread "Timer-2"                           [_thread_blocked, id=17432, stack(0x0000005520b40000,0x0000005520c40000) (1024K)]
  0x0000021608a8e240 JavaThread "LocalFile Deleter"          daemon [_thread_blocked, id=12568, stack(0x0000005520c40000,0x0000005520d40000) (1024K)]
  0x0000021608a8e8d0 JavaThread "LocalFile Deleter"          daemon [_thread_blocked, id=11708, stack(0x0000005520d40000,0x0000005520e40000) (1024K)]
  0x0000021608a8ef60 JavaThread "LocalFile Deleter"          daemon [_thread_blocked, id=12524, stack(0x0000005520e40000,0x0000005520f40000) (1024K)]
  0x0000021608a8f5f0 JavaThread "Timer-3"                           [_thread_blocked, id=12068, stack(0x0000005520540000,0x0000005520640000) (1024K)]
  0x0000021608a8d520 JavaThread "Timer-4"                           [_thread_blocked, id=17208, stack(0x0000005520f40000,0x0000005521040000) (1024K)]
=>0x0000021608a8fc80 JavaThread "Connection worker"                 [_thread_in_native, id=18912, stack(0x0000005521040000,0x0000005521140000) (1024K)]
  0x0000021608a90310 JavaThread "pool-3-thread-1"                   [_thread_blocked, id=19108, stack(0x0000005520440000,0x0000005520540000) (1024K)]
  0x0000021608a909a0 JavaThread "Exec process"                      [_thread_blocked, id=11844, stack(0x0000005521140000,0x0000005521240000) (1024K)]
  0x0000021608e3d010 JavaThread "Exec process Thread 2"             [_thread_blocked, id=16072, stack(0x0000005521240000,0x0000005521340000) (1024K)]
  0x0000021608e3f0e0 JavaThread "Exec process Thread 3"             [_thread_blocked, id=15084, stack(0x0000005521340000,0x0000005521440000) (1024K)]
Total: 61

Other Threads:
  0x0000021629854a80 VMThread "VM Thread"                           [id=15484, stack(0x000000551b200000,0x000000551b300000) (1024K)]
  0x00000216298225a0 WatcherThread "VM Periodic Task Thread"        [id=11736, stack(0x000000551b100000,0x000000551b200000) (1024K)]
  0x00000216297d66e0 WorkerThread "GC Thread#0"                     [id=10948, stack(0x000000551b000000,0x000000551b100000) (1024K)]
  0x000002160676c350 WorkerThread "GC Thread#1"                     [id=8132, stack(0x000000551d340000,0x000000551d440000) (1024K)]
  0x00000216065caf30 WorkerThread "GC Thread#2"                     [id=10340, stack(0x000000551d440000,0x000000551d540000) (1024K)]
  0x000002160633b920 WorkerThread "GC Thread#3"                     [id=18892, stack(0x000000551d540000,0x000000551d640000) (1024K)]
  0x000002160633bcc0 WorkerThread "GC Thread#4"                     [id=8664, stack(0x000000551d640000,0x000000551d740000) (1024K)]
  0x00000216068f7c20 WorkerThread "GC Thread#5"                     [id=11536, stack(0x000000551d740000,0x000000551d840000) (1024K)]
  0x000002160621bc20 WorkerThread "GC Thread#6"                     [id=10012, stack(0x000000551d840000,0x000000551d940000) (1024K)]
  0x0000021606c1f740 WorkerThread "GC Thread#7"                     [id=18780, stack(0x000000551dc40000,0x000000551dd40000) (1024K)]
  0x00000216071778b0 WorkerThread "GC Thread#8"                     [id=13864, stack(0x000000551e040000,0x000000551e140000) (1024K)]
  0x0000021606d4d380 WorkerThread "GC Thread#9"                     [id=11384, stack(0x000000551e140000,0x000000551e240000) (1024K)]
  0x0000021606d4cfe0 WorkerThread "GC Thread#10"                    [id=15832, stack(0x000000551e240000,0x000000551e340000) (1024K)]
  0x0000021606d4e5a0 WorkerThread "GC Thread#11"                    [id=17552, stack(0x000000551cf00000,0x000000551d000000) (1024K)]
  0x0000021606d4dac0 WorkerThread "GC Thread#12"                    [id=11544, stack(0x000000551e440000,0x000000551e540000) (1024K)]
Total: 15

Threads with active compile tasks:
Total: 0

VM state: not at safepoint (normal execution)

VM Mutex/Monitor currently owned by a thread: None

Heap address: 0x00000000c0000000, size: 1024 MB, Compressed Oops mode: 32-bit

CDS archive(s) mapped at: [0x000002163e000000-0x000002163eba0000-0x000002163eba0000), size 12189696, SharedBaseAddress: 0x000002163e000000, ArchiveRelocationMode: 1.
Compressed class space mapped at: 0x000002163f000000-0x000002167f000000, reserved size: 1073741824
Narrow klass base: 0x000002163e000000, Narrow klass shift: 0, Narrow klass range: 0x100000000

GC Precious Log:
 CardTable entry size: 512
 CPUs: 16 total, 16 available
 Memory: 16096M
 Large Page Support: Disabled
 NUMA Support: Disabled
 Compressed Oops: Enabled (32-bit)
 Alignments: Space 512K, Generation 512K, Heap 2M
 Heap Min Capacity: 100M
 Heap Initial Capacity: 100M
 Heap Max Capacity: 1G
 Pre-touch: Disabled
 Parallel Workers: 13

Heap:
 PSYoungGen      total 15872K, used 3389K [0x00000000eab00000, 0x00000000ebc00000, 0x0000000100000000)
  eden space 15360K, 19% used [0x00000000eab00000,0x00000000eaddf5b0,0x00000000eba00000)
  from space 512K, 87% used [0x00000000eba80000,0x00000000ebaf0000,0x00000000ebb00000)
  to   space 1024K, 0% used [0x00000000ebb00000,0x00000000ebb00000,0x00000000ebc00000)
 ParOldGen       total 68608K, used 41932K [0x00000000c0000000, 0x00000000c4300000, 0x00000000eab00000)
  object space 68608K, 61% used [0x00000000c0000000,0x00000000c28f3298,0x00000000c4300000)
 Metaspace       used 62362K, committed 63744K, reserved 1114112K
  class space    used 7717K, committed 8320K, reserved 1048576K

Card table byte_map: [0x0000021629150000,0x0000021629360000] _byte_map_base: 0x0000021628b50000

Marking Bits: (ParMarkBitMap*) 0x00007ff86ccf31f0
 Begin Bits: [0x000002163b9a0000, 0x000002163c9a0000)
 End Bits:   [0x000002163c9a0000, 0x000002163d9a0000)

Polling page: 0x0000021628ec0000

Metaspace:

Usage:
  Non-class:     53.36 MB used.
      Class:      7.54 MB used.
       Both:     60.90 MB used.

Virtual space:
  Non-class space:       64.00 MB reserved,      54.12 MB ( 85%) committed,  1 nodes.
      Class space:        1.00 GB reserved,       8.12 MB ( <1%) committed,  1 nodes.
             Both:        1.06 GB reserved,      62.25 MB (  6%) committed. 

Chunk freelists:
   Non-Class:  9.92 MB
       Class:  7.86 MB
        Both:  17.78 MB

MaxMetaspaceSize: unlimited
CompressedClassSpaceSize: 1.00 GB
Initial GC threshold: 21.00 MB
Current GC threshold: 97.31 MB
CDS: on
 - commit_granule_bytes: 65536.
 - commit_granule_words: 8192.
 - virtual_space_node_default_size: 8388608.
 - enlarge_chunks_in_place: 1.
 - use_allocation_guard: 0.


Internal statistics:

num_allocs_failed_limit: 9.
num_arena_births: 1128.
num_arena_deaths: 14.
num_vsnodes_births: 2.
num_vsnodes_deaths: 0.
num_space_committed: 996.
num_space_uncommitted: 0.
num_chunks_returned_to_freelist: 23.
num_chunks_taken_from_freelist: 3710.
num_chunk_merges: 15.
num_chunk_splits: 2495.
num_chunks_enlarged: 1676.
num_inconsistent_stats: 0.

CodeHeap 'non-profiled nmethods': size=119168Kb used=4790Kb max_used=4790Kb free=114377Kb
 bounds [0x0000021634540000, 0x00000216349f0000, 0x000002163b9a0000]
CodeHeap 'profiled nmethods': size=119104Kb used=13995Kb max_used=14455Kb free=105108Kb
 bounds [0x000002162c9a0000, 0x000002162d7c0000, 0x0000021633df0000]
CodeHeap 'non-nmethods': size=7488Kb used=3076Kb max_used=3175Kb free=4411Kb
 bounds [0x0000021633df0000, 0x0000021634110000, 0x0000021634540000]
 total_blobs=7630 nmethods=6940 adapters=593
 compilation: enabled
              stopped_count=0, restarted_count=0
 full_count=0

Compilation events (20 events):
Event: 9.239 Thread 0x00000216001b3af0 nmethod 7750 0x000002162d32de90 code [0x000002162d32e1e0, 0x000002162d32f8f8]
Event: 9.239 Thread 0x00000216001b3af0 7756       3       java.security.Provider::checkAndUpdateSecureRandom (88 bytes)
Event: 9.239 Thread 0x0000021607521260 nmethod 7754 0x000002162d215590 code [0x000002162d215840, 0x000002162d2164c0]
Event: 9.239 Thread 0x0000021607521260 7758       3       sun.security.util.SecurityProviderConstants::getAliases (63 bytes)
Event: 9.239 Thread 0x00000216000b7b20 nmethod 7752 0x000002162cee7110 code [0x000002162cee74a0, 0x000002162cee89d8]
Event: 9.239 Thread 0x00000216001b3af0 nmethod 7756 0x000002162d32d790 code [0x000002162d32d960, 0x000002162d32dd00]
Event: 9.240 Thread 0x0000021607521260 nmethod 7758 0x000002162cee6310 code [0x000002162cee6580, 0x000002162cee6e20]
Event: 9.240 Thread 0x00000216078ca3c0 nmethod 7755 0x000002162d2bcd90 code [0x000002162d2bd280, 0x000002162d2bf5b0]
Event: 9.241 Thread 0x0000021600095f40 7759       4       java.util.HashMap$EntrySet::iterator (12 bytes)
Event: 9.242 Thread 0x00000216078ca3c0 7761       1       java.nio.DirectByteBuffer::attachment (5 bytes)
Event: 9.242 Thread 0x00000216078ca3c0 nmethod 7761 0x00000216349ecc10 code [0x00000216349ecda0, 0x00000216349ece68]
Event: 9.245 Thread 0x0000021600095f40 nmethod 7759 0x00000216349ecf10 code [0x00000216349ed0c0, 0x00000216349ed450]
Event: 9.245 Thread 0x0000021600095f40 7760       4       java.util.HashMap::entrySet (27 bytes)
Event: 9.246 Thread 0x0000021600095f40 nmethod 7760 0x00000216349ed610 code [0x00000216349ed7a0, 0x00000216349ed8c0]
Event: 9.247 Thread 0x0000021607521260 7762       3       java.security.MessageDigest::update (11 bytes)
Event: 9.247 Thread 0x00000216001b3af0 7763       3       java.security.MessageDigest$Delegate::engineUpdate (9 bytes)
Event: 9.247 Thread 0x00000216078ca3c0 7764       3       sun.security.provider.DigestBase::engineUpdate (32 bytes)
Event: 9.248 Thread 0x00000216001b3af0 nmethod 7763 0x000002162d32d090 code [0x000002162d32d240, 0x000002162d32d418]
Event: 9.248 Thread 0x00000216078ca3c0 nmethod 7764 0x000002162d215090 code [0x000002162d215240, 0x000002162d2154a8]
Event: 9.248 Thread 0x0000021607521260 nmethod 7762 0x000002162d214b10 code [0x000002162d214cc0, 0x000002162d214f80]

GC Heap History (20 events):
Event: 7.419 GC heap before
{Heap before GC invocations=41 (full 3):
 PSYoungGen      total 16384K, used 16381K [0x00000000eab00000, 0x00000000ebe80000, 0x0000000100000000)
  eden space 15360K, 100% used [0x00000000eab00000,0x00000000eba00000,0x00000000eba00000)
  from space 1024K, 99% used [0x00000000ebc80000,0x00000000ebd7f748,0x00000000ebd80000)
  to   space 1024K, 0% used [0x00000000ebd80000,0x00000000ebd80000,0x00000000ebe80000)
 ParOldGen       total 68608K, used 38638K [0x00000000c0000000, 0x00000000c4300000, 0x00000000eab00000)
  object space 68608K, 56% used [0x00000000c0000000,0x00000000c25bb9f0,0x00000000c4300000)
 Metaspace       used 58748K, committed 60032K, reserved 1114112K
  class space    used 7197K, committed 7744K, reserved 1048576K
}
Event: 7.420 GC heap after
{Heap after GC invocations=41 (full 3):
 PSYoungGen      total 16384K, used 1007K [0x00000000eab00000, 0x00000000ebe80000, 0x0000000100000000)
  eden space 15360K, 0% used [0x00000000eab00000,0x00000000eab00000,0x00000000eba00000)
  from space 1024K, 98% used [0x00000000ebd80000,0x00000000ebe7bf90,0x00000000ebe80000)
  to   space 1536K, 0% used [0x00000000ebb80000,0x00000000ebb80000,0x00000000ebd00000)
 ParOldGen       total 68608K, used 38742K [0x00000000c0000000, 0x00000000c4300000, 0x00000000eab00000)
  object space 68608K, 56% used [0x00000000c0000000,0x00000000c25d59f0,0x00000000c4300000)
 Metaspace       used 58748K, committed 60032K, reserved 1114112K
  class space    used 7197K, committed 7744K, reserved 1048576K
}
Event: 7.474 GC heap before
{Heap before GC invocations=42 (full 3):
 PSYoungGen      total 16384K, used 16358K [0x00000000eab00000, 0x00000000ebe80000, 0x0000000100000000)
  eden space 15360K, 99% used [0x00000000eab00000,0x00000000eb9fdb78,0x00000000eba00000)
  from space 1024K, 98% used [0x00000000ebd80000,0x00000000ebe7bf90,0x00000000ebe80000)
  to   space 1536K, 0% used [0x00000000ebb80000,0x00000000ebb80000,0x00000000ebd00000)
 ParOldGen       total 68608K, used 38742K [0x00000000c0000000, 0x00000000c4300000, 0x00000000eab00000)
  object space 68608K, 56% used [0x00000000c0000000,0x00000000c25d59f0,0x00000000c4300000)
 Metaspace       used 58748K, committed 60032K, reserved 1114112K
  class space    used 7197K, committed 7744K, reserved 1048576K
}
Event: 7.475 GC heap after
{Heap after GC invocations=42 (full 3):
 PSYoungGen      total 16896K, used 309K [0x00000000eab00000, 0x00000000ebe00000, 0x0000000100000000)
  eden space 15360K, 0% used [0x00000000eab00000,0x00000000eab00000,0x00000000eba00000)
  from space 1536K, 20% used [0x00000000ebb80000,0x00000000ebbcd4c0,0x00000000ebd00000)
  to   space 1024K, 0% used [0x00000000ebd00000,0x00000000ebd00000,0x00000000ebe00000)
 ParOldGen       total 68608K, used 38814K [0x00000000c0000000, 0x00000000c4300000, 0x00000000eab00000)
  object space 68608K, 56% used [0x00000000c0000000,0x00000000c25e7a00,0x00000000c4300000)
 Metaspace       used 58748K, committed 60032K, reserved 1114112K
  class space    used 7197K, committed 7744K, reserved 1048576K
}
Event: 7.526 GC heap before
{Heap before GC invocations=43 (full 3):
 PSYoungGen      total 16896K, used 15669K [0x00000000eab00000, 0x00000000ebe00000, 0x0000000100000000)
  eden space 15360K, 100% used [0x00000000eab00000,0x00000000eba00000,0x00000000eba00000)
  from space 1536K, 20% used [0x00000000ebb80000,0x00000000ebbcd4c0,0x00000000ebd00000)
  to   space 1024K, 0% used [0x00000000ebd00000,0x00000000ebd00000,0x00000000ebe00000)
 ParOldGen       total 68608K, used 38814K [0x00000000c0000000, 0x00000000c4300000, 0x00000000eab00000)
  object space 68608K, 56% used [0x00000000c0000000,0x00000000c25e7a00,0x00000000c4300000)
 Metaspace       used 58749K, committed 60032K, reserved 1114112K
  class space    used 7197K, committed 7744K, reserved 1048576K
}
Event: 7.527 GC heap after
{Heap after GC invocations=43 (full 3):
 PSYoungGen      total 16384K, used 1010K [0x00000000eab00000, 0x00000000ebe00000, 0x0000000100000000)
  eden space 15360K, 0% used [0x00000000eab00000,0x00000000eab00000,0x00000000eba00000)
  from space 1024K, 98% used [0x00000000ebd00000,0x00000000ebdfc990,0x00000000ebe00000)
  to   space 1536K, 0% used [0x00000000ebb00000,0x00000000ebb00000,0x00000000ebc80000)
 ParOldGen       total 68608K, used 39127K [0x00000000c0000000, 0x00000000c4300000, 0x00000000eab00000)
  object space 68608K, 57% used [0x00000000c0000000,0x00000000c2635dd0,0x00000000c4300000)
 Metaspace       used 58749K, committed 60032K, reserved 1114112K
  class space    used 7197K, committed 7744K, reserved 1048576K
}
Event: 7.580 GC heap before
{Heap before GC invocations=44 (full 3):
 PSYoungGen      total 16384K, used 16370K [0x00000000eab00000, 0x00000000ebe00000, 0x0000000100000000)
  eden space 15360K, 100% used [0x00000000eab00000,0x00000000eba00000,0x00000000eba00000)
  from space 1024K, 98% used [0x00000000ebd00000,0x00000000ebdfc990,0x00000000ebe00000)
  to   space 1536K, 0% used [0x00000000ebb00000,0x00000000ebb00000,0x00000000ebc80000)
 ParOldGen       total 68608K, used 39127K [0x00000000c0000000, 0x00000000c4300000, 0x00000000eab00000)
  object space 68608K, 57% used [0x00000000c0000000,0x00000000c2635dd0,0x00000000c4300000)
 Metaspace       used 58752K, committed 60032K, reserved 1114112K
  class space    used 7197K, committed 7744K, reserved 1048576K
}
Event: 7.581 GC heap after
{Heap after GC invocations=44 (full 3):
 PSYoungGen      total 16384K, used 928K [0x00000000eab00000, 0x00000000ebd80000, 0x0000000100000000)
  eden space 15360K, 0% used [0x00000000eab00000,0x00000000eab00000,0x00000000eba00000)
  from space 1024K, 90% used [0x00000000ebb00000,0x00000000ebbe8070,0x00000000ebc00000)
  to   space 1536K, 0% used [0x00000000ebc00000,0x00000000ebc00000,0x00000000ebd80000)
 ParOldGen       total 68608K, used 39215K [0x00000000c0000000, 0x00000000c4300000, 0x00000000eab00000)
  object space 68608K, 57% used [0x00000000c0000000,0x00000000c264bdd0,0x00000000c4300000)
 Metaspace       used 58752K, committed 60032K, reserved 1114112K
  class space    used 7197K, committed 7744K, reserved 1048576K
}
Event: 7.632 GC heap before
{Heap before GC invocations=45 (full 3):
 PSYoungGen      total 16384K, used 16288K [0x00000000eab00000, 0x00000000ebd80000, 0x0000000100000000)
  eden space 15360K, 100% used [0x00000000eab00000,0x00000000eba00000,0x00000000eba00000)
  from space 1024K, 90% used [0x00000000ebb00000,0x00000000ebbe8070,0x00000000ebc00000)
  to   space 1536K, 0% used [0x00000000ebc00000,0x00000000ebc00000,0x00000000ebd80000)
 ParOldGen       total 68608K, used 39215K [0x00000000c0000000, 0x00000000c4300000, 0x00000000eab00000)
  object space 68608K, 57% used [0x00000000c0000000,0x00000000c264bdd0,0x00000000c4300000)
 Metaspace       used 58752K, committed 60032K, reserved 1114112K
  class space    used 7197K, committed 7744K, reserved 1048576K
}
Event: 7.633 GC heap after
{Heap after GC invocations=45 (full 3):
 PSYoungGen      total 15872K, used 224K [0x00000000eab00000, 0x00000000ebc80000, 0x0000000100000000)
  eden space 15360K, 0% used [0x00000000eab00000,0x00000000eab00000,0x00000000eba00000)
  from space 512K, 43% used [0x00000000ebc00000,0x00000000ebc38000,0x00000000ebc80000)
  to   space 512K, 0% used [0x00000000ebb80000,0x00000000ebb80000,0x00000000ebc00000)
 ParOldGen       total 68608K, used 39295K [0x00000000c0000000, 0x00000000c4300000, 0x00000000eab00000)
  object space 68608K, 57% used [0x00000000c0000000,0x00000000c265fde0,0x00000000c4300000)
 Metaspace       used 58752K, committed 60032K, reserved 1114112K
  class space    used 7197K, committed 7744K, reserved 1048576K
}
Event: 7.679 GC heap before
{Heap before GC invocations=46 (full 3):
 PSYoungGen      total 15872K, used 15580K [0x00000000eab00000, 0x00000000ebc80000, 0x0000000100000000)
  eden space 15360K, 99% used [0x00000000eab00000,0x00000000eb9ff340,0x00000000eba00000)
  from space 512K, 43% used [0x00000000ebc00000,0x00000000ebc38000,0x00000000ebc80000)
  to   space 512K, 0% used [0x00000000ebb80000,0x00000000ebb80000,0x00000000ebc00000)
 ParOldGen       total 68608K, used 39295K [0x00000000c0000000, 0x00000000c4300000, 0x00000000eab00000)
  object space 68608K, 57% used [0x00000000c0000000,0x00000000c265fde0,0x00000000c4300000)
 Metaspace       used 58752K, committed 60032K, reserved 1114112K
  class space    used 7197K, committed 7744K, reserved 1048576K
}
Event: 7.680 GC heap after
{Heap after GC invocations=46 (full 3):
 PSYoungGen      total 15872K, used 503K [0x00000000eab00000, 0x00000000ebe00000, 0x0000000100000000)
  eden space 15360K, 0% used [0x00000000eab00000,0x00000000eab00000,0x00000000eba00000)
  from space 512K, 98% used [0x00000000ebb80000,0x00000000ebbfdc80,0x00000000ebc00000)
  to   space 2048K, 0% used [0x00000000ebc00000,0x00000000ebc00000,0x00000000ebe00000)
 ParOldGen       total 68608K, used 40169K [0x00000000c0000000, 0x00000000c4300000, 0x00000000eab00000)
  object space 68608K, 58% used [0x00000000c0000000,0x00000000c273a628,0x00000000c4300000)
 Metaspace       used 58752K, committed 60032K, reserved 1114112K
  class space    used 7197K, committed 7744K, reserved 1048576K
}
Event: 7.726 GC heap before
{Heap before GC invocations=47 (full 3):
 PSYoungGen      total 15872K, used 15863K [0x00000000eab00000, 0x00000000ebe00000, 0x0000000100000000)
  eden space 15360K, 100% used [0x00000000eab00000,0x00000000eba00000,0x00000000eba00000)
  from space 512K, 98% used [0x00000000ebb80000,0x00000000ebbfdc80,0x00000000ebc00000)
  to   space 2048K, 0% used [0x00000000ebc00000,0x00000000ebc00000,0x00000000ebe00000)
 ParOldGen       total 68608K, used 40169K [0x00000000c0000000, 0x00000000c4300000, 0x00000000eab00000)
  object space 68608K, 58% used [0x00000000c0000000,0x00000000c273a628,0x00000000c4300000)
 Metaspace       used 58752K, committed 60032K, reserved 1114112K
  class space    used 7197K, committed 7744K, reserved 1048576K
}
Event: 7.727 GC heap after
{Heap after GC invocations=47 (full 3):
 PSYoungGen      total 16384K, used 873K [0x00000000eab00000, 0x00000000ebd00000, 0x0000000100000000)
  eden space 15360K, 0% used [0x00000000eab00000,0x00000000eab00000,0x00000000eba00000)
  from space 1024K, 85% used [0x00000000ebc00000,0x00000000ebcda5e8,0x00000000ebd00000)
  to   space 1536K, 0% used [0x00000000eba00000,0x00000000eba00000,0x00000000ebb80000)
 ParOldGen       total 68608K, used 40249K [0x00000000c0000000, 0x00000000c4300000, 0x00000000eab00000)
  object space 68608K, 58% used [0x00000000c0000000,0x00000000c274e628,0x00000000c4300000)
 Metaspace       used 58752K, committed 60032K, reserved 1114112K
  class space    used 7197K, committed 7744K, reserved 1048576K
}
Event: 7.771 GC heap before
{Heap before GC invocations=48 (full 3):
 PSYoungGen      total 16384K, used 16233K [0x00000000eab00000, 0x00000000ebd00000, 0x0000000100000000)
  eden space 15360K, 100% used [0x00000000eab00000,0x00000000eba00000,0x00000000eba00000)
  from space 1024K, 85% used [0x00000000ebc00000,0x00000000ebcda5e8,0x00000000ebd00000)
  to   space 1536K, 0% used [0x00000000eba00000,0x00000000eba00000,0x00000000ebb80000)
 ParOldGen       total 68608K, used 40249K [0x00000000c0000000, 0x00000000c4300000, 0x00000000eab00000)
  object space 68608K, 58% used [0x00000000c0000000,0x00000000c274e628,0x00000000c4300000)
 Metaspace       used 58761K, committed 60032K, reserved 1114112K
  class space    used 7197K, committed 7744K, reserved 1048576K
}
Event: 7.772 GC heap after
{Heap after GC invocations=48 (full 3):
 PSYoungGen      total 16896K, used 384K [0x00000000eab00000, 0x00000000ebc80000, 0x0000000100000000)
  eden space 15360K, 0% used [0x00000000eab00000,0x00000000eab00000,0x00000000eba00000)
  from space 1536K, 25% used [0x00000000eba00000,0x00000000eba60000,0x00000000ebb80000)
  to   space 1024K, 0% used [0x00000000ebb80000,0x00000000ebb80000,0x00000000ebc80000)
 ParOldGen       total 68608K, used 40464K [0x00000000c0000000, 0x00000000c4300000, 0x00000000eab00000)
  object space 68608K, 58% used [0x00000000c0000000,0x00000000c2784058,0x00000000c4300000)
 Metaspace       used 58761K, committed 60032K, reserved 1114112K
  class space    used 7197K, committed 7744K, reserved 1048576K
}
Event: 7.892 GC heap before
{Heap before GC invocations=49 (full 3):
 PSYoungGen      total 16896K, used 15744K [0x00000000eab00000, 0x00000000ebc80000, 0x0000000100000000)
  eden space 15360K, 100% used [0x00000000eab00000,0x00000000eba00000,0x00000000eba00000)
  from space 1536K, 25% used [0x00000000eba00000,0x00000000eba60000,0x00000000ebb80000)
  to   space 1024K, 0% used [0x00000000ebb80000,0x00000000ebb80000,0x00000000ebc80000)
 ParOldGen       total 68608K, used 40464K [0x00000000c0000000, 0x00000000c4300000, 0x00000000eab00000)
  object space 68608K, 58% used [0x00000000c0000000,0x00000000c2784058,0x00000000c4300000)
 Metaspace       used 60470K, committed 61824K, reserved 1114112K
  class space    used 7461K, committed 8064K, reserved 1048576K
}
Event: 7.893 GC heap after
{Heap after GC invocations=49 (full 3):
 PSYoungGen      total 16384K, used 800K [0x00000000eab00000, 0x00000000ebc80000, 0x0000000100000000)
  eden space 15360K, 0% used [0x00000000eab00000,0x00000000eab00000,0x00000000eba00000)
  from space 1024K, 78% used [0x00000000ebb80000,0x00000000ebc48010,0x00000000ebc80000)
  to   space 1024K, 0% used [0x00000000eba80000,0x00000000eba80000,0x00000000ebb80000)
 ParOldGen       total 68608K, used 40536K [0x00000000c0000000, 0x00000000c4300000, 0x00000000eab00000)
  object space 68608K, 59% used [0x00000000c0000000,0x00000000c2796068,0x00000000c4300000)
 Metaspace       used 60470K, committed 61824K, reserved 1114112K
  class space    used 7461K, committed 8064K, reserved 1048576K
}
Event: 9.214 GC heap before
{Heap before GC invocations=50 (full 3):
 PSYoungGen      total 16384K, used 16160K [0x00000000eab00000, 0x00000000ebc80000, 0x0000000100000000)
  eden space 15360K, 100% used [0x00000000eab00000,0x00000000eba00000,0x00000000eba00000)
  from space 1024K, 78% used [0x00000000ebb80000,0x00000000ebc48010,0x00000000ebc80000)
  to   space 1024K, 0% used [0x00000000eba80000,0x00000000eba80000,0x00000000ebb80000)
 ParOldGen       total 68608K, used 40536K [0x00000000c0000000, 0x00000000c4300000, 0x00000000eab00000)
  object space 68608K, 59% used [0x00000000c0000000,0x00000000c2796068,0x00000000c4300000)
 Metaspace       used 61896K, committed 63232K, reserved 1114112K
  class space    used 7655K, committed 8256K, reserved 1048576K
}
Event: 9.216 GC heap after
{Heap after GC invocations=50 (full 3):
 PSYoungGen      total 15872K, used 448K [0x00000000eab00000, 0x00000000ebc00000, 0x0000000100000000)
  eden space 15360K, 0% used [0x00000000eab00000,0x00000000eab00000,0x00000000eba00000)
  from space 512K, 87% used [0x00000000eba80000,0x00000000ebaf0000,0x00000000ebb00000)
  to   space 1024K, 0% used [0x00000000ebb00000,0x00000000ebb00000,0x00000000ebc00000)
 ParOldGen       total 68608K, used 41932K [0x00000000c0000000, 0x00000000c4300000, 0x00000000eab00000)
  object space 68608K, 61% used [0x00000000c0000000,0x00000000c28f3298,0x00000000c4300000)
 Metaspace       used 61896K, committed 63232K, reserved 1114112K
  class space    used 7655K, committed 8256K, reserved 1048576K
}

Dll operation events (15 events):
Event: 0.019 Loaded shared library c:\Users\admin\.cursor\extensions\redhat.java-1.42.0-win32-x64\jre\21.0.7-win32-x86_64\bin\java.dll
Event: 0.083 Loaded shared library c:\Users\admin\.cursor\extensions\redhat.java-1.42.0-win32-x64\jre\21.0.7-win32-x86_64\bin\zip.dll
Event: 0.100 Loaded shared library C:\Users\admin\.cursor\extensions\redhat.java-1.42.0-win32-x64\jre\21.0.7-win32-x86_64\bin\instrument.dll
Event: 0.103 Loaded shared library C:\Users\admin\.cursor\extensions\redhat.java-1.42.0-win32-x64\jre\21.0.7-win32-x86_64\bin\net.dll
Event: 0.108 Loaded shared library C:\Users\admin\.cursor\extensions\redhat.java-1.42.0-win32-x64\jre\21.0.7-win32-x86_64\bin\nio.dll
Event: 0.110 Loaded shared library C:\Users\admin\.cursor\extensions\redhat.java-1.42.0-win32-x64\jre\21.0.7-win32-x86_64\bin\zip.dll
Event: 0.121 Loaded shared library C:\Users\admin\.cursor\extensions\redhat.java-1.42.0-win32-x64\jre\21.0.7-win32-x86_64\bin\jimage.dll
Event: 0.164 Loaded shared library c:\Users\admin\.cursor\extensions\redhat.java-1.42.0-win32-x64\jre\21.0.7-win32-x86_64\bin\verify.dll
Event: 0.764 Loaded shared library C:\Users\admin\AppData\Roaming\Cursor\User\globalStorage\redhat.java\1.42.0\config_win\org.eclipse.equinox.launcher\org.eclipse.equinox.launcher.win32.win32.x86_64_1.2.1300.v20250331-1702\eclipse_11911.dll
Event: 3.910 Loaded shared library C:\Users\admin\.cursor\extensions\redhat.java-1.42.0-win32-x64\jre\21.0.7-win32-x86_64\bin\management.dll
Event: 3.913 Loaded shared library C:\Users\admin\.cursor\extensions\redhat.java-1.42.0-win32-x64\jre\21.0.7-win32-x86_64\bin\management_ext.dll
Event: 4.252 Loaded shared library C:\Users\admin\AppData\Local\Temp\jna-92668751\jna13057866397001864457.dll
Event: 6.047 Loaded shared library C:\Users\admin\.gradle\native\1def1411415f61bf3af743bc5b6707747c0891f09f0c88961ee8f79bc544acac\windows-amd64\native-platform.dll
Event: 7.812 Loaded shared library C:\Users\admin\.cursor\extensions\redhat.java-1.42.0-win32-x64\jre\21.0.7-win32-x86_64\bin\extnet.dll
Event: 9.232 Loaded shared library C:\Users\admin\.cursor\extensions\redhat.java-1.42.0-win32-x64\jre\21.0.7-win32-x86_64\bin\sunmscapi.dll

Deoptimization events (20 events):
Event: 9.216 Thread 0x0000021608a8fc80 Uncommon trap: trap_request=0xffffffc6 fr.pc=0x0000021634922954 relative=0x0000000000000334
Event: 9.216 Thread 0x0000021608a8fc80 Uncommon trap: reason=bimorphic_or_optimized_type_check action=maybe_recompile pc=0x0000021634922954 method=java.util.Collections$SetFromMap.add(Ljava/lang/Object;)Z @ 8 c2
Event: 9.216 Thread 0x0000021608a8fc80 DEOPT PACKING pc=0x0000021634922954 sp=0x000000552113e370
Event: 9.216 Thread 0x0000021608a8fc80 DEOPT UNPACKING pc=0x0000021633e43aa2 sp=0x000000552113e340 mode 2
Event: 9.227 Thread 0x0000021608a8fc80 Uncommon trap: trap_request=0xffffff45 fr.pc=0x00000216345f42e0 relative=0x00000000000008a0
Event: 9.227 Thread 0x0000021608a8fc80 Uncommon trap: reason=unstable_if action=reinterpret pc=0x00000216345f42e0 method=java.util.HashMap.computeIfAbsent(Ljava/lang/Object;Ljava/util/function/Function;)Ljava/lang/Object; @ 294 c2
Event: 9.227 Thread 0x0000021608a8fc80 DEOPT PACKING pc=0x00000216345f42e0 sp=0x000000552113c300
Event: 9.227 Thread 0x0000021608a8fc80 DEOPT UNPACKING pc=0x0000021633e43aa2 sp=0x000000552113c2a8 mode 2
Event: 9.248 Thread 0x0000021608a8fc80 Uncommon trap: trap_request=0xffffff45 fr.pc=0x000002163488964c relative=0x0000000000000b0c
Event: 9.248 Thread 0x0000021608a8fc80 Uncommon trap: reason=unstable_if action=reinterpret pc=0x000002163488964c method=sun.nio.fs.WindowsPath.openForReadAttributeAccess(Z)J @ 5 c2
Event: 9.248 Thread 0x0000021608a8fc80 DEOPT PACKING pc=0x000002163488964c sp=0x000000552113dec0
Event: 9.248 Thread 0x0000021608a8fc80 DEOPT UNPACKING pc=0x0000021633e43aa2 sp=0x000000552113de98 mode 2
Event: 9.249 Thread 0x0000021608a8fc80 Uncommon trap: trap_request=0xffffff45 fr.pc=0x00000216348876b0 relative=0x0000000000000650
Event: 9.249 Thread 0x0000021608a8fc80 Uncommon trap: reason=unstable_if action=reinterpret pc=0x00000216348876b0 method=sun.nio.fs.WindowsFileAttributes.isReparsePoint(I)Z @ 5 c2
Event: 9.249 Thread 0x0000021608a8fc80 DEOPT PACKING pc=0x00000216348876b0 sp=0x000000552113dee0
Event: 9.249 Thread 0x0000021608a8fc80 DEOPT UNPACKING pc=0x0000021633e43aa2 sp=0x000000552113de08 mode 2
Event: 9.249 Thread 0x0000021608a8fc80 Uncommon trap: trap_request=0xffffff45 fr.pc=0x0000021634870e04 relative=0x00000000000001c4
Event: 9.249 Thread 0x0000021608a8fc80 Uncommon trap: reason=unstable_if action=reinterpret pc=0x0000021634870e04 method=sun.nio.fs.NativeBuffers.getNativeBufferFromCache(I)Lsun/nio/fs/NativeBuffer; @ 34 c2
Event: 9.249 Thread 0x0000021608a8fc80 DEOPT PACKING pc=0x0000021634870e04 sp=0x000000552113ddf0
Event: 9.249 Thread 0x0000021608a8fc80 DEOPT UNPACKING pc=0x0000021633e43aa2 sp=0x000000552113dd78 mode 2

Classes loaded (20 events):
Event: 9.243 Loading class com/sun/security/sasl/Provider$1
Event: 9.243 Loading class com/sun/security/sasl/Provider$1 done
Event: 9.243 Loading class com/sun/security/sasl/Provider$ProviderService
Event: 9.243 Loading class com/sun/security/sasl/Provider$ProviderService done
Event: 9.243 Loading class sun/security/provider/certpath/ldap/JdkLDAP
Event: 9.243 Loading class sun/security/provider/certpath/ldap/JdkLDAP done
Event: 9.243 Loading class sun/security/provider/certpath/ldap/JdkLDAP$ProviderService
Event: 9.243 Loading class sun/security/provider/certpath/ldap/JdkLDAP$ProviderService done
Event: 9.245 Loading class sun/nio/ch/ServerSocketChannelImpl
Event: 9.246 Loading class sun/nio/ch/ServerSocketChannelImpl done
Event: 9.248 Loading class java/nio/BufferMismatch
Event: 9.248 Loading class java/nio/BufferMismatch done
Event: 9.248 Loading class sun/nio/ch/SourceChannelImpl
Event: 9.248 Loading class java/nio/channels/Pipe$SourceChannel
Event: 9.248 Loading class java/nio/channels/Pipe$SourceChannel done
Event: 9.248 Loading class sun/nio/ch/SourceChannelImpl done
Event: 9.248 Loading class sun/nio/ch/SinkChannelImpl
Event: 9.248 Loading class java/nio/channels/Pipe$SinkChannel
Event: 9.248 Loading class java/nio/channels/Pipe$SinkChannel done
Event: 9.248 Loading class sun/nio/ch/SinkChannelImpl done

Classes unloaded (7 events):
Event: 3.596 Thread 0x0000021629854a80 Unloading class 0x000002163f1a8c00 'java/lang/invoke/LambdaForm$MH+0x000002163f1a8c00'
Event: 3.596 Thread 0x0000021629854a80 Unloading class 0x000002163f1a8800 'java/lang/invoke/LambdaForm$MH+0x000002163f1a8800'
Event: 3.596 Thread 0x0000021629854a80 Unloading class 0x000002163f1a8400 'java/lang/invoke/LambdaForm$MH+0x000002163f1a8400'
Event: 3.596 Thread 0x0000021629854a80 Unloading class 0x000002163f1a8000 'java/lang/invoke/LambdaForm$MH+0x000002163f1a8000'
Event: 3.596 Thread 0x0000021629854a80 Unloading class 0x000002163f1a7c00 'java/lang/invoke/LambdaForm$BMH+0x000002163f1a7c00'
Event: 3.596 Thread 0x0000021629854a80 Unloading class 0x000002163f1a7800 'java/lang/invoke/LambdaForm$DMH+0x000002163f1a7800'
Event: 3.596 Thread 0x0000021629854a80 Unloading class 0x000002163f1a6400 'java/lang/invoke/LambdaForm$DMH+0x000002163f1a6400'

Classes redefined (0 events):
No events

Internal exceptions (20 events):
Event: 7.857 Thread 0x0000021608a8fc80 Exception <a 'java/lang/NoSuchMethodError'{0x00000000eb4ef390}: 'java.lang.Object java.lang.invoke.DirectMethodHandle$Holder.invokeStatic(java.lang.Object, java.lang.Object, java.lang.Object, java.lang.Object, java.lang.Object, java.lang.Object, java.lang.Object, java.lang.Object, java.lang.Object, java.lang.Object, java.lang.Object, java.lang.Object, java.lang.Object, java.lang.Object, java.lang.Object, java.lang.Object, java.lang.Object)'> (0x00000000eb4ef390) 
thrown [s\src\hotspot\share\interpreter\lin
Event: 7.858 Thread 0x0000021608a8fc80 Exception <a 'java/lang/NoSuchMethodError'{0x00000000eb51bde8}: 'java.lang.Object java.lang.invoke.DirectMethodHandle$Holder.invokeStatic(java.lang.Object, java.lang.Object, java.lang.Object, java.lang.Object, java.lang.Object, java.lang.Object, java.lang.Object, java.lang.Object, java.lang.Object, java.lang.Object, java.lang.Object, java.lang.Object, java.lang.Object, java.lang.Object, java.lang.Object, java.lang.Object, java.lang.Object, java.lang.Object)'> (0x00000000eb51bde8) 
thrown [s\src\hotspot\sha
Event: 7.859 Thread 0x0000021608a8fc80 Exception <a 'java/lang/NoSuchMethodError'{0x00000000eb5498f0}: 'java.lang.Object java.lang.invoke.DirectMethodHandle$Holder.invokeStatic(java.lang.Object, java.lang.Object, java.lang.Object, java.lang.Object, java.lang.Object, java.lang.Object, java.lang.Object, java.lang.Object, java.lang.Object, java.lang.Object, java.lang.Object, java.lang.Object, java.lang.Object, java.lang.Object, java.lang.Object, java.lang.Object, java.lang.Object, java.lang.Object, java.lang.Object)'> (0x00000000eb5498f0) 
thrown 
Event: 7.859 Thread 0x0000021608a8fc80 Exception <a 'java/lang/NoSuchMethodError'{0x00000000eb579f48}: 'java.lang.Object java.lang.invoke.DirectMethodHandle$Holder.invokeStatic(java.lang.Object, java.lang.Object, java.lang.Object, java.lang.Object, java.lang.Object, java.lang.Object, java.lang.Object, java.lang.Object, java.lang.Object, java.lang.Object, java.lang.Object, java.lang.Object, java.lang.Object, java.lang.Object, java.lang.Object, java.lang.Object, java.lang.Object, java.lang.Object, java.lang.Object, java.lang.Object)'> (0x00000000
Event: 7.860 Thread 0x0000021608a8fc80 Exception <a 'java/lang/NoSuchMethodError'{0x00000000eb5aa460}: 'java.lang.Object java.lang.invoke.DirectMethodHandle$Holder.invokeStatic(java.lang.Object, java.lang.Object, java.lang.Object, java.lang.Object, java.lang.Object, java.lang.Object, java.lang.Object, java.lang.Object, java.lang.Object, java.lang.Object, java.lang.Object, java.lang.Object, java.lang.Object, java.lang.Object, java.lang.Object, java.lang.Object, java.lang.Object, java.lang.Object, java.lang.Object, java.lang.Object, java.lang.Obj
Event: 7.861 Thread 0x0000021608a8fc80 Exception <a 'java/lang/NoSuchMethodError'{0x00000000eb5db060}: 'java.lang.Object java.lang.invoke.DirectMethodHandle$Holder.invokeStatic(java.lang.Object, java.lang.Object, java.lang.Object, java.lang.Object, java.lang.Object, java.lang.Object, java.lang.Object, java.lang.Object, java.lang.Object, java.lang.Object, java.lang.Object, java.lang.Object, java.lang.Object, java.lang.Object, java.lang.Object, java.lang.Object, java.lang.Object, java.lang.Object, java.lang.Object, java.lang.Object, java.lang.Obj
Event: 7.863 Thread 0x0000021608a8fc80 Exception <a 'java/lang/NoSuchMethodError'{0x00000000eb60d1e8}: 'java.lang.Object java.lang.invoke.DirectMethodHandle$Holder.invokeStatic(java.lang.Object, java.lang.Object, java.lang.Object, java.lang.Object, java.lang.Object, java.lang.Object, java.lang.Object, java.lang.Object, java.lang.Object, java.lang.Object, java.lang.Object, java.lang.Object, java.lang.Object, java.lang.Object, java.lang.Object, java.lang.Object, java.lang.Object, java.lang.Object, java.lang.Object, java.lang.Object, java.lang.Obj
Event: 7.864 Thread 0x0000021608a8fc80 Exception <a 'java/lang/NoSuchMethodError'{0x00000000eb63ffc8}: 'java.lang.Object java.lang.invoke.DirectMethodHandle$Holder.invokeStatic(java.lang.Object, java.lang.Object, java.lang.Object, java.lang.Object, java.lang.Object, java.lang.Object, java.lang.Object, java.lang.Object, java.lang.Object, java.lang.Object, java.lang.Object, java.lang.Object, java.lang.Object, java.lang.Object, java.lang.Object, java.lang.Object, java.lang.Object, java.lang.Object, java.lang.Object, java.lang.Object, java.lang.Obj
Event: 7.865 Thread 0x0000021608a8fc80 Exception <a 'java/lang/NoSuchMethodError'{0x00000000eb674420}: 'java.lang.Object java.lang.invoke.DirectMethodHandle$Holder.invokeStatic(java.lang.Object, java.lang.Object, java.lang.Object, java.lang.Object, java.lang.Object, java.lang.Object, java.lang.Object, java.lang.Object, java.lang.Object, java.lang.Object, java.lang.Object, java.lang.Object, java.lang.Object, java.lang.Object, java.lang.Object, java.lang.Object, java.lang.Object, java.lang.Object, java.lang.Object, java.lang.Object, java.lang.Obj
Event: 7.867 Thread 0x0000021608a8fc80 Exception <a 'java/lang/NoSuchMethodError'{0x00000000eb69a8d0}: 'java.lang.Object java.lang.invoke.DirectMethodHandle$Holder.invokeSpecial(java.lang.Object, java.lang.Object, java.lang.Object, java.lang.Object, java.lang.Object, java.lang.Object, java.lang.Object, java.lang.Object, java.lang.Object, java.lang.Object, java.lang.Object, java.lang.Object, java.lang.Object, java.lang.Object, java.lang.Object, java.lang.Object, java.lang.Object, java.lang.Object, java.lang.Object, java.lang.Object, java.lang.Ob
Event: 7.868 Thread 0x0000021608a8fc80 Exception <a 'java/lang/NoSuchMethodError'{0x00000000eb6b00b8}: 'java.lang.Object java.lang.invoke.DirectMethodHandle$Holder.newInvokeSpecial(java.lang.Object, java.lang.Object, java.lang.Object, java.lang.Object, java.lang.Object, java.lang.Object, java.lang.Object, java.lang.Object, java.lang.Object, java.lang.Object, java.lang.Object, java.lang.Object, java.lang.Object, java.lang.Object, java.lang.Object, java.lang.Object, java.lang.Object, java.lang.Object, java.lang.Object, java.lang.Object, java.lang
Event: 7.868 Thread 0x0000021608a8fc80 Exception <a 'java/lang/NoSuchMethodError'{0x00000000eb6b62b0}: 'java.lang.Object java.lang.invoke.Invokers$Holder.linkToTargetMethod(java.lang.Object, java.lang.Object, java.lang.Object, java.lang.Object, java.lang.Object, java.lang.Object, java.lang.Object, java.lang.Object, java.lang.Object, java.lang.Object, java.lang.Object, java.lang.Object, java.lang.Object, java.lang.Object, java.lang.Object, java.lang.Object, java.lang.Object, java.lang.Object, java.lang.Object, java.lang.Object, java.lang.Object,
Event: 7.868 Thread 0x0000021608a8fc80 Exception <a 'java/lang/NoSuchMethodError'{0x00000000eb6bb478}: 'java.lang.Object java.lang.invoke.DirectMethodHandle$Holder.invokeVirtual(java.lang.Object, java.lang.Object, java.lang.Object, java.lang.Object, java.lang.Object, java.lang.Object, java.lang.Object, java.lang.Object, java.lang.Object, java.lang.Object)'> (0x00000000eb6bb478) 
thrown [s\src\hotspot\share\interpreter\linkResolver.cpp, line 773]
Event: 7.881 Thread 0x0000021608a8fc80 Exception <a 'java/lang/NoSuchMethodError'{0x00000000eb856548}: 'java.lang.Object java.lang.invoke.DirectMethodHandle$Holder.invokeVirtual(java.lang.Object, java.lang.Object, java.lang.Object, java.lang.Object, java.lang.Object, java.lang.Object, java.lang.Object, java.lang.Object, java.lang.Object)'> (0x00000000eb856548) 
thrown [s\src\hotspot\share\interpreter\linkResolver.cpp, line 773]
Event: 7.896 Thread 0x0000021608a8fc80 Exception <a 'java/lang/NoSuchMethodError'{0x00000000eab95690}: 'java.lang.Object java.lang.invoke.DirectMethodHandle$Holder.invokeVirtual(java.lang.Object, java.lang.Object, java.lang.Object, java.lang.Object, java.lang.Object, java.lang.Object, java.lang.Object, java.lang.Object)'> (0x00000000eab95690) 
thrown [s\src\hotspot\share\interpreter\linkResolver.cpp, line 773]
Event: 7.899 Thread 0x0000021608a8fc80 Exception <a 'java/lang/NoSuchMethodError'{0x00000000eac0c720}: 'long java.lang.invoke.DirectMethodHandle$Holder.invokeVirtual(java.lang.Object, java.lang.Object)'> (0x00000000eac0c720) 
thrown [s\src\hotspot\share\interpreter\linkResolver.cpp, line 773]
Event: 7.899 Thread 0x0000021608a8fc80 Exception <a 'java/lang/NoSuchMethodError'{0x00000000eac0fb20}: 'long java.lang.invoke.DelegatingMethodHandle$Holder.reinvoke_L(java.lang.Object, java.lang.Object)'> (0x00000000eac0fb20) 
thrown [s\src\hotspot\share\interpreter\linkResolver.cpp, line 773]
Event: 7.951 Thread 0x0000021608a909a0 Exception <a 'java/lang/NoSuchMethodError'{0x00000000eb280248}: 'void java.lang.invoke.DirectMethodHandle$Holder.invokeStatic(java.lang.Object, long)'> (0x00000000eb280248) 
thrown [s\src\hotspot\share\interpreter\linkResolver.cpp, line 773]
Event: 8.020 Thread 0x0000021608a909a0 Exception <a 'java/lang/NoSuchMethodError'{0x00000000eb2a4b08}: 'void java.lang.invoke.DirectMethodHandle$Holder.invokeSpecial(java.lang.Object, java.lang.Object, int)'> (0x00000000eb2a4b08) 
thrown [s\src\hotspot\share\interpreter\linkResolver.cpp, line 773]
Event: 8.021 Thread 0x0000021608a909a0 Exception <a 'java/lang/NoSuchMethodError'{0x00000000eb2a9f30}: 'java.lang.Object java.lang.invoke.DirectMethodHandle$Holder.newInvokeSpecial(java.lang.Object, java.lang.Object, int)'> (0x00000000eb2a9f30) 
thrown [s\src\hotspot\share\interpreter\linkResolver.cpp, line 773]

ZGC Phase Switch (0 events):
No events

VM Operations (20 events):
Event: 7.632 Executing VM operation: ParallelGCFailedAllocation (Allocation Failure)
Event: 7.633 Executing VM operation: ParallelGCFailedAllocation (Allocation Failure) done
Event: 7.679 Executing VM operation: ParallelGCFailedAllocation (Allocation Failure)
Event: 7.680 Executing VM operation: ParallelGCFailedAllocation (Allocation Failure) done
Event: 7.726 Executing VM operation: ParallelGCFailedAllocation (Allocation Failure)
Event: 7.727 Executing VM operation: ParallelGCFailedAllocation (Allocation Failure) done
Event: 7.771 Executing VM operation: ParallelGCFailedAllocation (Allocation Failure)
Event: 7.772 Executing VM operation: ParallelGCFailedAllocation (Allocation Failure) done
Event: 7.886 Executing VM operation: HandshakeAllThreads (Deoptimize)
Event: 7.886 Executing VM operation: HandshakeAllThreads (Deoptimize) done
Event: 7.892 Executing VM operation: ParallelGCFailedAllocation (Allocation Failure)
Event: 7.893 Executing VM operation: ParallelGCFailedAllocation (Allocation Failure) done
Event: 8.173 Executing VM operation: HandshakeAllThreads (Deoptimize)
Event: 8.173 Executing VM operation: HandshakeAllThreads (Deoptimize) done
Event: 9.184 Executing VM operation: Cleanup
Event: 9.184 Executing VM operation: Cleanup done
Event: 9.214 Executing VM operation: ParallelGCFailedAllocation (Allocation Failure)
Event: 9.216 Executing VM operation: ParallelGCFailedAllocation (Allocation Failure) done
Event: 9.234 Executing VM operation: HandshakeAllThreads (Deoptimize)
Event: 9.234 Executing VM operation: HandshakeAllThreads (Deoptimize) done

Memory protections (0 events):
No events

Nmethod flushes (20 events):
Event: 7.159 Thread 0x0000021629854a80 flushing  nmethod 0x000002162d3af610
Event: 7.159 Thread 0x0000021629854a80 flushing  nmethod 0x000002162d3b0010
Event: 7.159 Thread 0x0000021629854a80 flushing  nmethod 0x000002162d3b0490
Event: 7.159 Thread 0x0000021629854a80 flushing  nmethod 0x000002162d3b1d90
Event: 7.159 Thread 0x0000021629854a80 flushing  nmethod 0x000002162d3b3890
Event: 7.159 Thread 0x0000021629854a80 flushing  nmethod 0x000002162d3b3c10
Event: 7.159 Thread 0x0000021629854a80 flushing  nmethod 0x000002162d3b4610
Event: 7.159 Thread 0x0000021629854a80 flushing  nmethod 0x000002162d3b5010
Event: 7.159 Thread 0x0000021629854a80 flushing  nmethod 0x000002162d3b8690
Event: 7.159 Thread 0x0000021629854a80 flushing  nmethod 0x000002162d3c0e90
Event: 7.159 Thread 0x0000021629854a80 flushing  nmethod 0x000002162d3df090
Event: 7.159 Thread 0x0000021629854a80 flushing  nmethod 0x000002162d3df710
Event: 7.159 Thread 0x0000021629854a80 flushing  nmethod 0x000002162d3e3a10
Event: 7.159 Thread 0x0000021629854a80 flushing  nmethod 0x000002162d3f2f10
Event: 7.159 Thread 0x0000021629854a80 flushing  nmethod 0x000002162d3f5b10
Event: 7.159 Thread 0x0000021629854a80 flushing  nmethod 0x000002162d406310
Event: 7.159 Thread 0x0000021629854a80 flushing  nmethod 0x000002162d411d10
Event: 7.159 Thread 0x0000021629854a80 flushing  nmethod 0x000002162d412290
Event: 7.159 Thread 0x0000021629854a80 flushing  nmethod 0x000002162d413290
Event: 7.159 Thread 0x0000021629854a80 flushing  nmethod 0x000002162d413c90

Events (20 events):
Event: 6.766 Thread 0x0000021608a8adc0 Thread added: 0x0000021608a8fc80
Event: 6.775 Thread 0x0000021608a8fc80 Thread exited: 0x0000021608a8fc80
Event: 6.775 Thread 0x0000021608a8adc0 Thread added: 0x0000021608a8d520
Event: 6.776 Thread 0x0000021608a8adc0 Thread added: 0x0000021608a8fc80
Event: 6.894 Thread 0x0000021608b7e1b0 Thread exited: 0x0000021608b7e1b0
Event: 7.904 Thread 0x0000021608a8fc80 Thread added: 0x0000021608a90310
Event: 7.946 Thread 0x0000021608a8fc80 Thread added: 0x0000021608a909a0
Event: 7.952 Thread 0x0000021608a909a0 Thread added: 0x0000021608e3d010
Event: 7.952 Thread 0x0000021608a909a0 Thread added: 0x0000021608e3f0e0
Event: 8.021 Thread 0x0000021608b41040 Thread exited: 0x0000021608b41040
Event: 8.021 Thread 0x0000021608408530 Thread exited: 0x0000021608408530
Event: 8.022 Thread 0x000002160725b460 Thread exited: 0x000002160725b460
Event: 8.060 Thread 0x0000021608a8fc80 Thread added: 0x0000021608e3e3c0
Event: 8.066 Thread 0x0000021608e3e3c0 Thread added: 0x0000021608e3ea50
Event: 8.066 Thread 0x0000021608e3e3c0 Thread added: 0x0000021608e3d6a0
Event: 8.066 Thread 0x0000021608e3ea50 Thread exited: 0x0000021608e3ea50
Event: 8.171 Thread 0x0000021607a2c8c0 Thread exited: 0x0000021607a2c8c0
Event: 8.534 Thread 0x000002160747cca0 Thread exited: 0x000002160747cca0
Event: 9.210 Thread 0x0000021608e3e3c0 Thread exited: 0x0000021608e3e3c0
Event: 9.210 Thread 0x0000021608e3d6a0 Thread exited: 0x0000021608e3d6a0


Dynamic libraries:
0x00007ff6b00e0000 - 0x00007ff6b00ee000 	c:\Users\admin\.cursor\extensions\redhat.java-1.42.0-win32-x64\jre\21.0.7-win32-x86_64\bin\java.exe
0x00007ff8f0da0000 - 0x00007ff8f1006000 	C:\WINDOWS\SYSTEM32\ntdll.dll
0x00007ff8eeec0000 - 0x00007ff8eef89000 	C:\WINDOWS\System32\KERNEL32.DLL
0x00007ff8ee410000 - 0x00007ff8ee7dc000 	C:\WINDOWS\System32\KERNELBASE.dll
0x00007ff8edfd0000 - 0x00007ff8ee11b000 	C:\WINDOWS\System32\ucrtbase.dll
0x00007ff8abe30000 - 0x00007ff8abe48000 	c:\Users\admin\.cursor\extensions\redhat.java-1.42.0-win32-x64\jre\21.0.7-win32-x86_64\bin\jli.dll
0x00007ff8abe50000 - 0x00007ff8abe6e000 	c:\Users\admin\.cursor\extensions\redhat.java-1.42.0-win32-x64\jre\21.0.7-win32-x86_64\bin\VCRUNTIME140.dll
0x00007ff8f0aa0000 - 0x00007ff8f0c6a000 	C:\WINDOWS\System32\USER32.dll
0x00007ff8ee120000 - 0x00007ff8ee147000 	C:\WINDOWS\System32\win32u.dll
0x00007ff8db710000 - 0x00007ff8db9aa000 	C:\WINDOWS\WinSxS\amd64_microsoft.windows.common-controls_6595b64144ccf1df_6.0.26100.3912_none_3e07963ce335137e\COMCTL32.dll
0x00007ff8f0440000 - 0x00007ff8f046b000 	C:\WINDOWS\System32\GDI32.dll
0x00007ff8eeb60000 - 0x00007ff8eec09000 	C:\WINDOWS\System32\msvcrt.dll
0x00007ff8ee2d0000 - 0x00007ff8ee402000 	C:\WINDOWS\System32\gdi32full.dll
0x00007ff8eea20000 - 0x00007ff8eeac3000 	C:\WINDOWS\System32\msvcp_win.dll
0x00007ff8f0c70000 - 0x00007ff8f0ca0000 	C:\WINDOWS\System32\IMM32.DLL
0x00007ff8ea3c0000 - 0x00007ff8ea3cc000 	c:\Users\admin\.cursor\extensions\redhat.java-1.42.0-win32-x64\jre\21.0.7-win32-x86_64\bin\vcruntime140_1.dll
0x00007ff86cdd0000 - 0x00007ff86ce5d000 	c:\Users\admin\.cursor\extensions\redhat.java-1.42.0-win32-x64\jre\21.0.7-win32-x86_64\bin\msvcp140.dll
0x00007ff86c040000 - 0x00007ff86cdd0000 	c:\Users\admin\.cursor\extensions\redhat.java-1.42.0-win32-x64\jre\21.0.7-win32-x86_64\bin\server\jvm.dll
0x00007ff8f0140000 - 0x00007ff8f01f2000 	C:\WINDOWS\System32\ADVAPI32.dll
0x00007ff8f0cb0000 - 0x00007ff8f0d56000 	C:\WINDOWS\System32\sechost.dll
0x00007ff8efb60000 - 0x00007ff8efc76000 	C:\WINDOWS\System32\RPCRT4.dll
0x00007ff8ef340000 - 0x00007ff8ef3b4000 	C:\WINDOWS\System32\WS2_32.dll
0x00007ff8edda0000 - 0x00007ff8eddfe000 	C:\WINDOWS\SYSTEM32\POWRPROF.dll
0x00007ff8e4950000 - 0x00007ff8e4986000 	C:\WINDOWS\SYSTEM32\WINMM.dll
0x00007ff8ea6e0000 - 0x00007ff8ea6eb000 	C:\WINDOWS\SYSTEM32\VERSION.dll
0x00007ff8edd80000 - 0x00007ff8edd94000 	C:\WINDOWS\SYSTEM32\UMPDC.dll
0x00007ff8eccf0000 - 0x00007ff8ecd0a000 	C:\WINDOWS\SYSTEM32\kernel.appcore.dll
0x00007ff8c3750000 - 0x00007ff8c375a000 	c:\Users\admin\.cursor\extensions\redhat.java-1.42.0-win32-x64\jre\21.0.7-win32-x86_64\bin\jimage.dll
0x00007ff89bae0000 - 0x00007ff89bd21000 	C:\WINDOWS\SYSTEM32\DBGHELP.DLL
0x00007ff8eef90000 - 0x00007ff8ef314000 	C:\WINDOWS\System32\combase.dll
0x00007ff8f0050000 - 0x00007ff8f0130000 	C:\WINDOWS\System32\OLEAUT32.dll
0x00007ff8d7240000 - 0x00007ff8d7279000 	C:\WINDOWS\SYSTEM32\dbgcore.DLL
0x00007ff8edf30000 - 0x00007ff8edfc9000 	C:\WINDOWS\System32\bcryptPrimitives.dll
0x00007ff8c24d0000 - 0x00007ff8c24df000 	c:\Users\admin\.cursor\extensions\redhat.java-1.42.0-win32-x64\jre\21.0.7-win32-x86_64\bin\instrument.dll
0x00007ff8abd80000 - 0x00007ff8abd9f000 	c:\Users\admin\.cursor\extensions\redhat.java-1.42.0-win32-x64\jre\21.0.7-win32-x86_64\bin\java.dll
0x00007ff8ef430000 - 0x00007ff8efb5d000 	C:\WINDOWS\System32\SHELL32.dll
0x00007ff8ee150000 - 0x00007ff8ee2c4000 	C:\WINDOWS\System32\wintypes.dll
0x00007ff8ebbe0000 - 0x00007ff8ec436000 	C:\WINDOWS\SYSTEM32\windows.storage.dll
0x00007ff8eedc0000 - 0x00007ff8eeeaf000 	C:\WINDOWS\System32\SHCORE.dll
0x00007ff8ef3c0000 - 0x00007ff8ef429000 	C:\WINDOWS\System32\shlwapi.dll
0x00007ff8ede10000 - 0x00007ff8ede3f000 	C:\WINDOWS\SYSTEM32\profapi.dll
0x00007ff8abcd0000 - 0x00007ff8abce8000 	c:\Users\admin\.cursor\extensions\redhat.java-1.42.0-win32-x64\jre\21.0.7-win32-x86_64\bin\zip.dll
0x00007ff8c08e0000 - 0x00007ff8c08f0000 	C:\Users\admin\.cursor\extensions\redhat.java-1.42.0-win32-x64\jre\21.0.7-win32-x86_64\bin\net.dll
0x00007ff8e8a60000 - 0x00007ff8e8b7e000 	C:\WINDOWS\SYSTEM32\WINHTTP.dll
0x0000000180000000 - 0x000000018008c000 	C:\WINDOWS\system32\ASProxy64.dll
0x00007ff8efc80000 - 0x00007ff8efe1f000 	C:\WINDOWS\System32\ole32.dll
0x00007ff8ed260000 - 0x00007ff8ed2ca000 	C:\WINDOWS\SYSTEM32\MSWSOCK.dll
0x00007ff8ec730000 - 0x00007ff8ec763000 	C:\WINDOWS\SYSTEM32\IPHLPAPI.DLL
0x00007ff8ecf90000 - 0x00007ff8ecfd8000 	C:\WINDOWS\SYSTEM32\SspiCli.dll
0x00007ff8abcb0000 - 0x00007ff8abcc6000 	C:\Users\admin\.cursor\extensions\redhat.java-1.42.0-win32-x64\jre\21.0.7-win32-x86_64\bin\nio.dll
0x00007ff8be1c0000 - 0x00007ff8be1d0000 	c:\Users\admin\.cursor\extensions\redhat.java-1.42.0-win32-x64\jre\21.0.7-win32-x86_64\bin\verify.dll
0x00007ff8eb200000 - 0x00007ff8eb2af000 	C:\WINDOWS\system32\uxtheme.dll
0x00007ff879ba0000 - 0x00007ff879be5000 	C:\Users\admin\AppData\Roaming\Cursor\User\globalStorage\redhat.java\1.42.0\config_win\org.eclipse.equinox.launcher\org.eclipse.equinox.launcher.win32.win32.x86_64_1.2.1300.v20250331-1702\eclipse_11911.dll
0x00007ff8ed510000 - 0x00007ff8ed52c000 	C:\WINDOWS\SYSTEM32\CRYPTSP.dll
0x00007ff8ecc50000 - 0x00007ff8ecc8a000 	C:\WINDOWS\system32\rsaenh.dll
0x00007ff8ed300000 - 0x00007ff8ed32b000 	C:\WINDOWS\SYSTEM32\USERENV.dll
0x00007ff8ede50000 - 0x00007ff8ede76000 	C:\WINDOWS\SYSTEM32\bcrypt.dll
0x00007ff8ed500000 - 0x00007ff8ed50c000 	C:\WINDOWS\SYSTEM32\CRYPTBASE.dll
0x00007ff8eedb0000 - 0x00007ff8eedba000 	C:\WINDOWS\System32\NSI.dll
0x00007ff8e09f0000 - 0x00007ff8e09fa000 	C:\Users\admin\.cursor\extensions\redhat.java-1.42.0-win32-x64\jre\21.0.7-win32-x86_64\bin\management.dll
0x00007ff8d6d30000 - 0x00007ff8d6d3b000 	C:\Users\admin\.cursor\extensions\redhat.java-1.42.0-win32-x64\jre\21.0.7-win32-x86_64\bin\management_ext.dll
0x00007ff8f0040000 - 0x00007ff8f0048000 	C:\WINDOWS\System32\PSAPI.DLL
0x00007ff8c6160000 - 0x00007ff8c61a9000 	C:\Users\admin\AppData\Local\Temp\jna-92668751\jna13057866397001864457.dll
0x00007ff8e86b0000 - 0x00007ff8e86cf000 	C:\WINDOWS\SYSTEM32\dhcpcsvc6.DLL
0x00007ff8e7810000 - 0x00007ff8e7835000 	C:\WINDOWS\SYSTEM32\dhcpcsvc.DLL
0x00007ff8b6920000 - 0x00007ff8b6947000 	C:\Users\admin\.gradle\native\1def1411415f61bf3af743bc5b6707747c0891f09f0c88961ee8f79bc544acac\windows-amd64\native-platform.dll
0x00007ff8c5880000 - 0x00007ff8c5889000 	C:\Users\admin\.cursor\extensions\redhat.java-1.42.0-win32-x64\jre\21.0.7-win32-x86_64\bin\extnet.dll
0x00007ff8abbb0000 - 0x00007ff8abbbe000 	C:\Users\admin\.cursor\extensions\redhat.java-1.42.0-win32-x64\jre\21.0.7-win32-x86_64\bin\sunmscapi.dll
0x00007ff8ee7e0000 - 0x00007ff8ee957000 	C:\WINDOWS\System32\CRYPT32.dll
0x00007ff8ed710000 - 0x00007ff8ed740000 	C:\WINDOWS\SYSTEM32\ncrypt.dll
0x00007ff8ed6c0000 - 0x00007ff8ed6ff000 	C:\WINDOWS\SYSTEM32\NTASN1.dll
0x00007ff8abb90000 - 0x00007ff8abb98000 	C:\WINDOWS\system32\wshunix.dll

dbghelp: loaded successfully - version: 4.0.5 - missing functions: none
symbol engine: initialized successfully - sym options: 0x614 - pdb path: .;c:\Users\admin\.cursor\extensions\redhat.java-1.42.0-win32-x64\jre\21.0.7-win32-x86_64\bin;C:\WINDOWS\SYSTEM32;C:\WINDOWS\WinSxS\amd64_microsoft.windows.common-controls_6595b64144ccf1df_6.0.26100.3912_none_3e07963ce335137e;c:\Users\admin\.cursor\extensions\redhat.java-1.42.0-win32-x64\jre\21.0.7-win32-x86_64\bin\server;C:\Users\admin\AppData\Roaming\Cursor\User\globalStorage\redhat.java\1.42.0\config_win\org.eclipse.equinox.launcher\org.eclipse.equinox.launcher.win32.win32.x86_64_1.2.1300.v20250331-1702;C:\Users\admin\AppData\Local\Temp\jna-92668751;C:\Users\admin\.gradle\native\1def1411415f61bf3af743bc5b6707747c0891f09f0c88961ee8f79bc544acac\windows-amd64

VM Arguments:
jvm_args: --add-modules=ALL-SYSTEM --add-opens=java.base/java.util=ALL-UNNAMED --add-opens=java.base/java.lang=ALL-UNNAMED --add-opens=java.base/sun.nio.fs=ALL-UNNAMED -Declipse.application=org.eclipse.jdt.ls.core.id1 -Dosgi.bundles.defaultStartLevel=4 -Declipse.product=org.eclipse.jdt.ls.core.product -Djava.import.generatesMetadataFilesAtProjectRoot=false -DDetectVMInstallationsJob.disabled=true -Dfile.encoding=utf8 -XX:+UseParallelGC -XX:GCTimeRatio=4 -XX:AdaptiveSizePolicyWeight=90 -Dsun.zip.disableMemoryMapping=true -Xmx1G -Xms100m -Xlog:disable -javaagent:c:\Users\admin\.cursor\extensions\redhat.java-1.42.0-win32-x64\lombok\lombok-1.18.36.jar -XX:+HeapDumpOnOutOfMemoryError -XX:HeapDumpPath=c:\Users\admin\AppData\Roaming\Cursor\User\workspaceStorage\0426a641ec518546e312a5bf184515bb\redhat.java -Daether.dependencyCollector.impl=bf 
java_command: c:\Users\admin\.cursor\extensions\redhat.java-1.42.0-win32-x64\server\plugins\org.eclipse.equinox.launcher_1.7.0.v20250424-1814.jar -configuration c:\Users\admin\AppData\Roaming\Cursor\User\globalStorage\redhat.java\1.42.0\config_win -data c:\Users\admin\AppData\Roaming\Cursor\User\workspaceStorage\0426a641ec518546e312a5bf184515bb\redhat.java\jdt_ws --pipe=\\.\pipe\lsp-727bbc2d35c5015492fb77989bf618b5-sock
java_class_path (initial): c:\Users\admin\.cursor\extensions\redhat.java-1.42.0-win32-x64\server\plugins\org.eclipse.equinox.launcher_1.7.0.v20250424-1814.jar
Launcher Type: SUN_STANDARD

[Global flags]
    uintx AdaptiveSizePolicyWeight                 = 90                                        {product} {command line}
     intx CICompilerCount                          = 12                                        {product} {ergonomic}
    uintx GCTimeRatio                              = 4                                         {product} {command line}
     bool HeapDumpOnOutOfMemoryError               = true                                   {manageable} {command line}
    ccstr HeapDumpPath                             = c:\Users\admin\AppData\Roaming\Cursor\User\workspaceStorage\0426a641ec518546e312a5bf184515bb\redhat.java         {manageable} {command line}
   size_t InitialHeapSize                          = 104857600                                 {product} {command line}
   size_t MaxHeapSize                              = 1073741824                                {product} {command line}
   size_t MaxNewSize                               = 357564416                                 {product} {ergonomic}
   size_t MinHeapDeltaBytes                        = 524288                                    {product} {ergonomic}
   size_t MinHeapSize                              = 104857600                                 {product} {command line}
   size_t NewSize                                  = 34603008                                  {product} {ergonomic}
    uintx NonNMethodCodeHeapSize                   = 7602480                                {pd product} {ergonomic}
    uintx NonProfiledCodeHeapSize                  = 122027880                              {pd product} {ergonomic}
   size_t OldSize                                  = 70254592                                  {product} {ergonomic}
    uintx ProfiledCodeHeapSize                     = 122027880                              {pd product} {ergonomic}
    uintx ReservedCodeCacheSize                    = 251658240                              {pd product} {ergonomic}
     bool SegmentedCodeCache                       = true                                      {product} {ergonomic}
   size_t SoftMaxHeapSize                          = 1073741824                             {manageable} {ergonomic}
     bool UseCompressedOops                        = true                           {product lp64_product} {ergonomic}
     bool UseLargePagesIndividualAllocation        = false                                  {pd product} {ergonomic}
     bool UseParallelGC                            = true                                      {product} {command line}

Logging:
Log output configuration:
 #0: stdout all=off uptime,level,tags foldmultilines=false
 #1: stderr all=off uptime,level,tags foldmultilines=false

Environment Variables:
JAVA_HOME=C:\Program Files\OpenLogic\jdk-17.0.15.6-hotspot
PATH=C:\Program Files\Common Files\Oracle\Java\javapath;C:\Program Files\OpenLogic\jdk-17.0.15.6-hotspot\bin;C:\WINDOWS\system32;C:\WINDOWS;C:\WINDOWS\System32\Wbem;C:\WINDOWS\System32\WindowsPowerShell\v1.0\;C:\WINDOWS\System32\OpenSSH\;C:\Program Files\dotnet\;C:\Program Files\Microsoft SQL Server\130\Tools\Binn\;C:\Program Files\Git\cmd;C:\Users\admin\AppData\Roaming\nvm;C:\Program Files\nodejs;C:\Program Files\Microsoft SQL Server\150\Tools\Binn\;C:\Users\admin\AppData\Local\Microsoft\WindowsApps;C:\Users\admin\AppData\Roaming\npm;C:\Users\admin\AppData\Local\Programs\Microsoft VS Code\bin;C:\Users\admin\AppData\Roaming\nvm;C:\Program Files\nodejs;C:\Users\admin\AppData\Local\Android\Sdk\platform-tools;C:\Users\admin\AppData\Local\Programs\cursor\resources\app\bin;C:\;C:\Users\admin\.dotnet\tools
USERNAME=admin
OS=Windows_NT
PROCESSOR_IDENTIFIER=Intel64 Family 6 Model 165 Stepping 5, GenuineIntel
TMP=C:\Users\admin\AppData\Local\Temp
TEMP=C:\Users\admin\AppData\Local\Temp




Periodic native trim disabled

---------------  S Y S T E M  ---------------

OS:
 Windows 11 , 64 bit Build 26100 (10.0.26100.3912)
OS uptime: 0 days 0:25 hours

CPU: total 16 (initial active 16) (8 cores per cpu, 2 threads per core) family 6 model 165 stepping 5 microcode 0xec, cx8, cmov, fxsr, ht, mmx, 3dnowpref, sse, sse2, sse3, ssse3, sse4.1, sse4.2, popcnt, lzcnt, tsc, tscinvbit, avx, avx2, aes, erms, clmul, bmi1, bmi2, adx, fma, vzeroupper, clflush, clflushopt, rdtscp, f16c, pku
Processor Information for the first 16 processors :
  Max Mhz: 2901, Current Mhz: 2901, Mhz Limit: 2901

Memory: 4k page, system-wide physical 16096M (7921M free)
TotalPageFile size 34528M (AvailPageFile size 25465M)
current process WorkingSet (physical memory assigned to process): 286M, peak: 295M
current process commit charge ("private bytes"): 369M, peak: 379M

vm_info: OpenJDK 64-Bit Server VM (21.0.7+6-LTS) for windows-amd64 JRE (21.0.7+6-LTS), built on 2025-04-15T00:00:00Z by "admin" with MS VC++ 17.7 (VS2022)

END.
