#
# A fatal error has been detected by the Java Runtime Environment:
#
#  EXCEPTION_ACCESS_VIOLATION (0xc0000005) at pc=0x000000018000c274, pid=436, tid=11228
#
# JRE version: OpenJDK Runtime Environment Temurin-21.0.7+6 (21.0.7+6) (build 21.0.7+6-LTS)
# Java VM: OpenJDK 64-Bit Server VM Temurin-21.0.7+6 (21.0.7+6-LTS, mixed mode, sharing, tiered, compressed oops, compressed class ptrs, parallel gc, windows-amd64)
# Problematic frame:
# C  [ASProxy64.dll+0xc274]
#
# No core dump will be written. Minidumps are not enabled by default on client versions of Windows
#
# If you would like to submit a bug report, please visit:
#   https://github.com/adoptium/adoptium-support/issues
# The crash happened outside the Java Virtual Machine in native code.
# See problematic frame for where to report the bug.
#

---------------  S U M M A R Y ------------

Command Line: --add-modules=ALL-SYSTEM --add-opens=java.base/java.util=ALL-UNNAMED --add-opens=java.base/java.lang=ALL-UNNAMED --add-opens=java.base/sun.nio.fs=ALL-UNNAMED -Declipse.application=org.eclipse.jdt.ls.core.id1 -Dosgi.bundles.defaultStartLevel=4 -Declipse.product=org.eclipse.jdt.ls.core.product -Djava.import.generatesMetadataFilesAtProjectRoot=false -DDetectVMInstallationsJob.disabled=true -Dfile.encoding=utf8 -XX:+UseParallelGC -XX:GCTimeRatio=4 -XX:AdaptiveSizePolicyWeight=90 -Dsun.zip.disableMemoryMapping=true -Xmx1G -Xms100m -Xlog:disable -javaagent:c:\Users\admin\.cursor\extensions\redhat.java-1.42.0-win32-x64\lombok\lombok-1.18.36.jar -XX:+HeapDumpOnOutOfMemoryError -XX:HeapDumpPath=c:\Users\admin\AppData\Roaming\Cursor\User\workspaceStorage\0426a641ec518546e312a5bf184515bb\redhat.java -Daether.dependencyCollector.impl=bf c:\Users\admin\.cursor\extensions\redhat.java-1.42.0-win32-x64\server\plugins\org.eclipse.equinox.launcher_1.7.0.v20250424-1814.jar -configuration c:\Users\admin\AppData\Roaming\Cursor\User\globalStorage\redhat.java\1.42.0\config_win -data c:\Users\admin\AppData\Roaming\Cursor\User\workspaceStorage\0426a641ec518546e312a5bf184515bb\redhat.java\jdt_ws --pipe=\\.\pipe\lsp-eb9592dddc8b4a627978c1c1b9d50600-sock

Host: Intel(R) Core(TM) i7-10700 CPU @ 2.90GHz, 16 cores, 15G,  Windows 11 , 64 bit Build 26100 (10.0.26100.3912)
Time: Mon May 19 00:05:09 2025 Eastern Daylight Time elapsed time: 9.482170 seconds (0d 0h 0m 9s)

---------------  T H R E A D  ---------------

Current thread (0x00000277feff0010):  JavaThread "Connection worker"        [_thread_in_native, id=11228, stack(0x000000b870900000,0x000000b870a00000) (1024K)]

Stack: [0x000000b870900000,0x000000b870a00000],  sp=0x000000b8709fe0e0,  free space=1016k
Native frames: (J=compiled Java code, j=interpreted, Vv=VM code, C=native code)
C  [ASProxy64.dll+0xc274]

Java frames: (J=compiled Java code, j=interpreted, Vv=VM code)
j  sun.nio.ch.WEPoll.ctl(JIJI)I+0 java.base@21.0.7
j  sun.nio.ch.WEPollSelectorImpl.<init>(Ljava/nio/channels/spi/SelectorProvider;)V+139 java.base@21.0.7
j  sun.nio.ch.WEPollSelectorProvider.openSelector()Ljava/nio/channels/spi/AbstractSelector;+5 java.base@21.0.7
j  java.nio.channels.Selector.open()Ljava/nio/channels/Selector;+3 java.base@21.0.7
j  org.gradle.internal.remote.internal.inet.SocketConnection$SocketInputStream.<init>(Ljava/nio/channels/SocketChannel;)V+17
j  org.gradle.internal.remote.internal.inet.SocketConnection.<init>(Ljava/nio/channels/SocketChannel;Lorg/gradle/internal/remote/internal/MessageSerializer;Lorg/gradle/internal/serialize/StatefulSerializer;)V+27
j  org.gradle.internal.remote.internal.inet.SocketConnectCompletion.create(Lorg/gradle/internal/serialize/StatefulSerializer;)Lorg/gradle/internal/remote/internal/RemoteConnection;+16
j  org.gradle.launcher.daemon.client.DefaultDaemonConnector.connectToDaemon(Lorg/gradle/launcher/daemon/context/DaemonConnectDetails;Lorg/gradle/launcher/daemon/client/DaemonClientConnection$StaleAddressDetector;)Lorg/gradle/launcher/daemon/client/DaemonClientConnection;+45
j  org.gradle.launcher.daemon.client.DefaultDaemonConnector.connectToDaemonWithId(Lorg/gradle/launcher/daemon/diagnostics/DaemonStartupInfo;Lorg/gradle/api/internal/specs/ExplainingSpec;)Lorg/gradle/launcher/daemon/client/DaemonClientConnection;+116
j  org.gradle.launcher.daemon.client.DefaultDaemonConnector.doStartDaemon(Lorg/gradle/api/internal/specs/ExplainingSpec;Z)Lorg/gradle/launcher/daemon/client/DaemonClientConnection;+61
j  org.gradle.launcher.daemon.client.DefaultDaemonConnector.startDaemon(Lorg/gradle/api/internal/specs/ExplainingSpec;)Lorg/gradle/launcher/daemon/client/DaemonClientConnection;+3
j  org.gradle.launcher.daemon.client.DaemonClient.execute(Lorg/gradle/internal/invocation/BuildAction;Lorg/gradle/launcher/exec/BuildActionParameters;Lorg/gradle/internal/daemon/client/execution/ClientBuildRequestContext;)Lorg/gradle/launcher/exec/BuildActionResult;+201
j  org.gradle.launcher.daemon.client.DaemonClient.execute(Lorg/gradle/internal/invocation/BuildAction;Ljava/lang/Object;Ljava/lang/Object;)Lorg/gradle/launcher/exec/BuildActionResult;+10
j  org.gradle.tooling.internal.provider.DaemonBuildActionExecuter.execute(Lorg/gradle/internal/invocation/BuildAction;Lorg/gradle/tooling/internal/provider/ConnectionOperationParameters;Lorg/gradle/internal/daemon/client/execution/ClientBuildRequestContext;)Lorg/gradle/launcher/exec/BuildActionResult;+72
j  org.gradle.tooling.internal.provider.DaemonBuildActionExecuter.execute(Lorg/gradle/internal/invocation/BuildAction;Ljava/lang/Object;Ljava/lang/Object;)Lorg/gradle/launcher/exec/BuildActionResult;+10
j  org.gradle.tooling.internal.provider.LoggingBridgingBuildActionExecuter.execute(Lorg/gradle/internal/invocation/BuildAction;Lorg/gradle/tooling/internal/provider/ConnectionOperationParameters;Lorg/gradle/internal/daemon/client/execution/ClientBuildRequestContext;)Lorg/gradle/launcher/exec/BuildActionResult;+77
j  org.gradle.tooling.internal.provider.LoggingBridgingBuildActionExecuter.execute(Lorg/gradle/internal/invocation/BuildAction;Ljava/lang/Object;Ljava/lang/Object;)Lorg/gradle/launcher/exec/BuildActionResult;+10
j  org.gradle.tooling.internal.provider.ProviderConnection.run(Lorg/gradle/internal/invocation/BuildAction;Lorg/gradle/initialization/BuildCancellationToken;Lorg/gradle/tooling/internal/provider/ProviderConnection$ProgressListenerConfiguration;Lorg/gradle/initialization/BuildEventConsumer;Lorg/gradle/tooling/internal/provider/connection/ProviderOperationParameters;Lorg/gradle/tooling/internal/provider/ProviderConnection$Parameters;)Ljava/lang/Object;+79
j  org.gradle.tooling.internal.provider.ProviderConnection.runPhasedAction(Lorg/gradle/tooling/internal/protocol/InternalPhasedAction;Lorg/gradle/tooling/internal/protocol/PhasedActionResultListener;Lorg/gradle/initialization/BuildCancellationToken;Lorg/gradle/tooling/internal/provider/connection/ProviderOperationParameters;)Ljava/lang/Object;+132
j  org.gradle.tooling.internal.provider.DefaultConnection.run(Lorg/gradle/tooling/internal/protocol/InternalPhasedAction;Lorg/gradle/tooling/internal/protocol/PhasedActionResultListener;Lorg/gradle/tooling/internal/protocol/InternalCancellationToken;Lorg/gradle/tooling/internal/protocol/BuildParameters;)Lorg/gradle/tooling/internal/protocol/BuildResult;+28
j  org.gradle.tooling.internal.consumer.connection.PhasedActionAwareConsumerConnection.run(Lorg/gradle/tooling/internal/consumer/PhasedBuildAction;Lorg/gradle/tooling/internal/consumer/parameters/ConsumerOperationParameters;)V+66
j  org.gradle.tooling.internal.consumer.connection.ParameterValidatingConsumerConnection.run(Lorg/gradle/tooling/internal/consumer/PhasedBuildAction;Lorg/gradle/tooling/internal/consumer/parameters/ConsumerOperationParameters;)V+11
j  org.gradle.tooling.internal.consumer.DefaultPhasedBuildActionExecuter$1.run(Lorg/gradle/tooling/internal/consumer/connection/ConsumerConnection;)Ljava/lang/Void;+12
j  org.gradle.tooling.internal.consumer.DefaultPhasedBuildActionExecuter$1.run(Lorg/gradle/tooling/internal/consumer/connection/ConsumerConnection;)Ljava/lang/Object;+2
j  org.gradle.tooling.internal.consumer.connection.LazyConsumerActionExecutor.run(Lorg/gradle/tooling/internal/consumer/connection/ConsumerAction;)Ljava/lang/Object;+34
j  org.gradle.tooling.internal.consumer.connection.CancellableConsumerActionExecutor.run(Lorg/gradle/tooling/internal/consumer/connection/ConsumerAction;)Ljava/lang/Object;+34
j  org.gradle.tooling.internal.consumer.connection.ProgressLoggingConsumerActionExecutor.run(Lorg/gradle/tooling/internal/consumer/connection/ConsumerAction;)Ljava/lang/Object;+78
j  org.gradle.tooling.internal.consumer.connection.RethrowingErrorsConsumerActionExecutor.run(Lorg/gradle/tooling/internal/consumer/connection/ConsumerAction;)Ljava/lang/Object;+5
j  org.gradle.tooling.internal.consumer.async.DefaultAsyncConsumerActionExecutor$1$1.run()V+17
j  org.gradle.internal.concurrent.ExecutorPolicy$CatchAndRecordFailures.onExecute(Ljava/lang/Runnable;)V+1
j  org.gradle.internal.concurrent.AbstractManagedExecutor$1.run()V+25
j  java.util.concurrent.ThreadPoolExecutor.runWorker(Ljava/util/concurrent/ThreadPoolExecutor$Worker;)V+92 java.base@21.0.7
j  java.util.concurrent.ThreadPoolExecutor$Worker.run()V+5 java.base@21.0.7
j  java.lang.Thread.runWith(Ljava/lang/Object;Ljava/lang/Runnable;)V+5 java.base@21.0.7
j  java.lang.Thread.run()V+19 java.base@21.0.7
v  ~StubRoutines::call_stub 0x000002778745100d

siginfo: EXCEPTION_ACCESS_VIOLATION (0xc0000005), reading address 0x00000000000012c0


Registers:
RAX=0x0000000000000000, RBX=0x00000277ff57f868, RCX=0x0000000000001254, RDX=0x0000000000000002
RSP=0x000000b8709fe0e0, RBP=0x00000000000012c0, RSI=0x00000277fbc73520, RDI=0x00000000000012c0
R8 =0x7ffffffffffffffc, R9 =0x0000000000000000, R10=0x0000000000001254, R11=0x00000277eec91c38
R12=0x000000b8709fe320, R13=0x0000000000001304, R14=0x00000277fbc734f0, R15=0x0000000000001304
RIP=0x000000018000c274, EFLAGS=0x0000000000010246

XMM[0]=0x0000000000000000 0x0000000000000000
XMM[1]=0x0000000000000000 0x0000000000000000
XMM[2]=0x0000000000000000 0x0000000000000000
XMM[3]=0x0000000000000000 0x0000000000000000
XMM[4]=0x0000000000000000 0x0000000000000000
XMM[5]=0x0000000000000000 0x0000000000000000
XMM[6]=0x0d60c3376146483c 0x31931e5781698332
XMM[7]=0x9aa773904b3f7c73 0x7bf1da015a0dfd3c
XMM[8]=0x0000000000000000 0x79fe3f2ced01ed19
XMM[9]=0x6118ec820a39206a 0x204246eceaccfd36
XMM[10]=0xffffffffffffffff 0x0b0a090803020100
XMM[11]=0xd65e6ef0412f2538 0x0000000000000000
XMM[12]=0x0b0a090803020100 0xffffffffffffffff
XMM[13]=0x0c0d0e0f08090a0b 0x0405060700010203
XMM[14]=0x0000000000000000 0x6c9c4e785cd1fc34
XMM[15]=0x0000000000000000 0x00000000f035adbc
  MXCSR=0x00001fa0


Register to memory mapping:

RAX=0x0 is null
RBX=0x00000277ff57f868 points into unknown readable memory: 0x0000000000000000 | 00 00 00 00 00 00 00 00
RCX=0x0000000000001254 is an unknown value
RDX=0x0000000000000002 is an unknown value
RSP=0x000000b8709fe0e0 is pointing into the stack for thread: 0x00000277feff0010
RBP=0x00000000000012c0 is an unknown value
RSI=0x00000277fbc73520 points into unknown readable memory: 0x00000277fbc73520 | 20 35 c7 fb 77 02 00 00
RDI=0x00000000000012c0 is an unknown value
R8 =0x7ffffffffffffffc is an unknown value
R9 =0x0 is null
R10=0x0000000000001254 is an unknown value
R11=0x00000277eec91c38 points into unknown readable memory: 0x00000000000007d0 | d0 07 00 00 00 00 00 00
R12=0x000000b8709fe320 is pointing into the stack for thread: 0x00000277feff0010
R13=0x0000000000001304 is an unknown value
R14=0x00000277fbc734f0 points into unknown readable memory: 0x00000000000012c0 | c0 12 00 00 00 00 00 00
R15=0x0000000000001304 is an unknown value

Top of Stack: (sp=0x000000b8709fe0e0)
0x000000b8709fe0e0:   0000000000000000 0000000000000000
0x000000b8709fe0f0:   00000000000012c0 000000018001f4c2
0x000000b8709fe100:   0000000180065ec8 0000000000002736
0x000000b8709fe110:   0000000000000001 0000000000001254
0x000000b8709fe120:   00000000000012c0 000000018000c506
0x000000b8709fe130:   00000277ff57f868 0000000000002736
0x000000b8709fe140:   0000000000000000 0000027700000008
0x000000b8709fe150:   000000b80000001e 0000000000000000
0x000000b8709fe160:   00000000000012c0 0000000000000000
0x000000b8709fe170:   0000000000000001 0000000000000000
0x000000b8709fe180:   00000000000012c0 00007ff8cd9877e6
0x000000b8709fe190:   0000000000001254 0000000000001202
0x000000b8709fe1a0:   00000277fbc73520 000000b8709fe2f0
0x000000b8709fe1b0:   0000000000000000 0000027700000000
0x000000b8709fe1c0:   0000000000000003 0000027700000001
0x000000b8709fe1d0:   0000000000000000 0000000000000000
0x000000b8709fe1e0:   00007ff800000000 00007ff8edfe0139
0x000000b8709fe1f0:   0000000000001254 0000000000000000
0x000000b8709fe200:   0000000000000000 0000fbb5bf32be29
0x000000b8709fe210:   00000277ff57f850 00007ff8cd9882af
0x000000b8709fe220:   0000000000000028 00007ff870212cac
0x000000b8709fe230:   00000277ff57f858 00000277eecb9fa0
0x000000b8709fe240:   00000277fbc734f0 00007ff8cd988359
0x000000b8709fe250:   00000277fbc73520 000000b8709fe320
0x000000b8709fe260:   00000277fbc73520 00000277fbc734f0
0x000000b8709fe270:   00000277feff0010 000000b8709fe320
0x000000b8709fe280:   00000277fa5ac8b0 0000000000000000
0x000000b8709fe290:   00000277fbc734f0 00007ff8cd988787
0x000000b8709fe2a0:   0000000000000000 000000b8709fe320
0x000000b8709fe2b0:   0000000000001304 00000277feff0010
0x000000b8709fe2c0:   0000000000000001 00007ff8cd987a75
0x000000b8709fe2d0:   00000000000012c0 000000b8709fe320 

Instructions: (pc=0x000000018000c274)
0x000000018000c174:   70 48 8b 6c 24 78 32 c0 48 83 c4 50 41 5c c3 cc
0x000000018000c184:   cc cc cc cc cc cc cc cc cc cc cc cc 48 85 c9 74
0x000000018000c194:   23 8b 05 ad ff 06 00 89 01 8b 05 a9 ff 06 00 89
0x000000018000c1a4:   41 04 8b 05 a4 ff 06 00 89 41 08 8b 05 9f ff 06
0x000000018000c1b4:   00 89 41 0c f3 c3 cc cc cc cc cc cc c6 01 01 c7
0x000000018000c1c4:   02 01 00 00 00 c3 cc cc cc cc cc cc 48 89 5c 24
0x000000018000c1d4:   08 57 48 83 ec 70 48 8b fa 8b d9 48 8d 15 82 73
0x000000018000c1e4:   05 00 48 8d 4c 24 20 45 33 c0 48 c7 44 24 40 0f
0x000000018000c1f4:   00 00 00 48 c7 44 24 38 00 00 00 00 c6 44 24 28
0x000000018000c204:   00 e8 d6 6b ff ff 4c 8d 4c 24 20 48 8d 4c 24 48
0x000000018000c214:   41 b0 01 8b d3 e8 52 06 02 00 48 83 78 20 10 72
0x000000018000c224:   06 48 8b 48 08 eb 05 48 8d 48 08 90 0f b6 01 48
0x000000018000c234:   ff c7 48 ff c1 88 47 ff 84 c0 75 f0 48 83 7c 24
0x000000018000c244:   68 10 72 0a 48 8b 4c 24 50 e8 52 94 03 00 48 8b
0x000000018000c254:   9c 24 80 00 00 00 48 83 c4 70 5f c3 48 83 ec 48
0x000000018000c264:   0f b6 c2 0f 57 c0 0f 11 44 24 ff 25 00 00 00 00
0x000000018000c274:   ae 7e ef ee f8 7f 00 00 8b 44 24 04 0f af 04 24
0x000000018000c284:   89 04 24 8b 44 24 04 0f af 04 24 83 c0 01 89 04
0x000000018000c294:   24 8b 44 24 04 0f af 04 24 83 c0 02 89 04 24 8b
0x000000018000c2a4:   44 24 04 0f af 04 24 83 c0 03 89 04 24 8b 44 24
0x000000018000c2b4:   04 0f af 04 24 83 c0 04 89 04 24 8b 44 24 04 0f
0x000000018000c2c4:   af 04 24 83 c0 05 89 04 24 8b 44 24 04 0f af 04
0x000000018000c2d4:   24 83 c0 06 89 04 24 8b 44 24 04 0f af 04 24 83
0x000000018000c2e4:   c0 07 89 04 24 8b 44 24 04 0f af 04 24 83 c0 08
0x000000018000c2f4:   89 04 24 8b 44 24 04 0f af 04 24 83 c0 09 89 04
0x000000018000c304:   24 8b 44 24 04 0f af 04 24 83 c0 0a 89 04 24 8b
0x000000018000c314:   44 24 04 0f af 04 24 83 c0 0b 89 04 24 8b 44 24
0x000000018000c324:   04 0f af 04 24 83 c0 0d 89 04 24 8b 44 24 04 0f
0x000000018000c334:   af 04 24 83 c0 0e 89 04 24 8b 44 24 04 0f af 04
0x000000018000c344:   24 83 c0 0f 89 04 24 8b 44 24 04 0f af 04 24 83
0x000000018000c354:   c0 10 89 04 24 8b 44 24 04 0f af 04 24 83 c0 11
0x000000018000c364:   89 04 24 8b 44 24 04 0f af 04 24 83 c0 12 89 04 


Stack slot to memory mapping:

stack at sp + 0 slots: 0x0 is null
stack at sp + 1 slots: 0x0 is null
stack at sp + 2 slots: 0x00000000000012c0 is an unknown value
stack at sp + 3 slots: 0x000000018001f4c2 ASProxy64.dll
stack at sp + 4 slots: 0x0000000180065ec8 ASProxy64.dll
stack at sp + 5 slots: 0x0000000000002736 is an unknown value
stack at sp + 6 slots: 0x0000000000000001 is an unknown value
stack at sp + 7 slots: 0x0000000000001254 is an unknown value


---------------  P R O C E S S  ---------------

Threads class SMR info:
_java_thread_list=0x00000277fcc48950, length=60, elements={
0x00000277ec80e2a0, 0x00000277ec80d580, 0x00000277ec80e930, 0x00000277ec80fce0,
0x00000277ec80efc0, 0x00000277ec80c860, 0x00000277ec80f650, 0x00000277f407dc20,
0x00000277f407e760, 0x00000277f565f860, 0x00000277f5669680, 0x00000277f5672140,
0x00000277f565eb40, 0x00000277f565f1d0, 0x00000277f565e4b0, 0x00000277f565de20,
0x00000277f5660580, 0x00000277f5660c10, 0x00000277f565d790, 0x00000277f5661fc0,
0x00000277f5664720, 0x00000277f5662ce0, 0x00000277f56612a0, 0x00000277f5663370,
0x00000277f5664090, 0x00000277f5664db0, 0x00000277f5663a00, 0x00000277fcb12810,
0x00000277fcb13530, 0x00000277fcb148e0, 0x00000277fcb13bc0, 0x00000277fcb14f70,
0x00000277fcb14250, 0x00000277fcb16320, 0x00000277fcb15600, 0x00000277fcb15c90,
0x00000277fcb12ea0, 0x00000277fcb183f0, 0x00000277fcb17d60, 0x00000277fcb19110,
0x00000277fcb169b0, 0x00000277fcb19e30, 0x00000277fcb17040, 0x00000277fcb176d0,
0x00000277fcb18a80, 0x00000277fcb197a0, 0x00000277fefeb7e0, 0x00000277fefed220,
0x00000277fefecb90, 0x00000277fefec500, 0x00000277fefee5d0, 0x00000277fefeb150,
0x00000277fefef2f0, 0x00000277fefef980, 0x00000277feff06a0, 0x00000277feff0010,
0x00000277feff13c0, 0x00000277feff1a50, 0x00000277feff20e0, 0x00000277fefeec60
}

Java Threads: ( => current thread )
  0x00000277ec80e2a0 JavaThread "main"                              [_thread_blocked, id=13924, stack(0x000000b86ab00000,0x000000b86ac00000) (1024K)]
  0x00000277ec80d580 JavaThread "Reference Handler"          daemon [_thread_blocked, id=27244, stack(0x000000b86af00000,0x000000b86b000000) (1024K)]
  0x00000277ec80e930 JavaThread "Finalizer"                  daemon [_thread_blocked, id=9080, stack(0x000000b86b000000,0x000000b86b100000) (1024K)]
  0x00000277ec80fce0 JavaThread "Signal Dispatcher"          daemon [_thread_blocked, id=21376, stack(0x000000b86b100000,0x000000b86b200000) (1024K)]
  0x00000277ec80efc0 JavaThread "Attach Listener"            daemon [_thread_blocked, id=28972, stack(0x000000b86b200000,0x000000b86b300000) (1024K)]
  0x00000277ec80c860 JavaThread "Service Thread"             daemon [_thread_blocked, id=18184, stack(0x000000b86b300000,0x000000b86b400000) (1024K)]
  0x00000277ec80f650 JavaThread "Monitor Deflation Thread"   daemon [_thread_blocked, id=30860, stack(0x000000b86b400000,0x000000b86b500000) (1024K)]
  0x00000277f407dc20 JavaThread "C2 CompilerThread0"         daemon [_thread_blocked, id=25828, stack(0x000000b86b500000,0x000000b86b600000) (1024K)]
  0x00000277f407e760 JavaThread "C1 CompilerThread0"         daemon [_thread_blocked, id=14820, stack(0x000000b86b600000,0x000000b86b700000) (1024K)]
  0x00000277f565f860 JavaThread "Common-Cleaner"             daemon [_thread_blocked, id=17760, stack(0x000000b86b700000,0x000000b86b800000) (1024K)]
  0x00000277f5669680 JavaThread "C1 CompilerThread1"         daemon [_thread_blocked, id=7924, stack(0x000000b86b800000,0x000000b86b900000) (1024K)]
  0x00000277f5672140 JavaThread "C1 CompilerThread2"         daemon [_thread_blocked, id=24208, stack(0x000000b86b900000,0x000000b86ba00000) (1024K)]
  0x00000277f565eb40 JavaThread "Notification Thread"        daemon [_thread_blocked, id=18240, stack(0x000000b86ca00000,0x000000b86cb00000) (1024K)]
  0x00000277f565f1d0 JavaThread "Active Thread: Equinox Container: 5eadd598-bef5-4c6a-8830-c633e4444af8"        [_thread_blocked, id=15988, stack(0x000000b86cf00000,0x000000b86d000000) (1024K)]
  0x00000277f565e4b0 JavaThread "Refresh Thread: Equinox Container: 5eadd598-bef5-4c6a-8830-c633e4444af8" daemon [_thread_blocked, id=26136, stack(0x000000b86d700000,0x000000b86d800000) (1024K)]
  0x00000277f565de20 JavaThread "Framework Event Dispatcher: Equinox Container: 5eadd598-bef5-4c6a-8830-c633e4444af8" daemon [_thread_blocked, id=19880, stack(0x000000b86d800000,0x000000b86d900000) (1024K)]
  0x00000277f5660580 JavaThread "Start Level: Equinox Container: 5eadd598-bef5-4c6a-8830-c633e4444af8" daemon [_thread_blocked, id=22420, stack(0x000000b86d900000,0x000000b86da00000) (1024K)]
  0x00000277f5660c10 JavaThread "Bundle File Closer"         daemon [_thread_blocked, id=28208, stack(0x000000b86dd00000,0x000000b86de00000) (1024K)]
  0x00000277f565d790 JavaThread "SCR Component Actor"        daemon [_thread_blocked, id=35536, stack(0x000000b86de00000,0x000000b86df00000) (1024K)]
  0x00000277f5661fc0 JavaThread "Worker-JM"                         [_thread_blocked, id=25068, stack(0x000000b86e100000,0x000000b86e200000) (1024K)]
  0x00000277f5664720 JavaThread "Worker-0"                          [_thread_blocked, id=30224, stack(0x000000b86e300000,0x000000b86e400000) (1024K)]
  0x00000277f5662ce0 JavaThread "Worker-1"                          [_thread_blocked, id=13628, stack(0x000000b86e400000,0x000000b86e500000) (1024K)]
  0x00000277f56612a0 JavaThread "Java indexing"              daemon [_thread_blocked, id=35544, stack(0x000000b86e500000,0x000000b86e600000) (1024K)]
  0x00000277f5663370 JavaThread "JNA Cleaner"                daemon [_thread_blocked, id=34152, stack(0x000000b86ce00000,0x000000b86cf00000) (1024K)]
  0x00000277f5664090 JavaThread "Worker-2: Initialize Workspace"        [_thread_blocked, id=11608, stack(0x000000b86ea00000,0x000000b86eb00000) (1024K)]
  0x00000277f5664db0 JavaThread "Worker-3"                          [_thread_blocked, id=33216, stack(0x000000b86eb00000,0x000000b86ec00000) (1024K)]
  0x00000277f5663a00 JavaThread "Thread-2"                   daemon [_thread_in_native, id=29560, stack(0x000000b86ec00000,0x000000b86ed00000) (1024K)]
  0x00000277fcb12810 JavaThread "Thread-3"                   daemon [_thread_in_native, id=21884, stack(0x000000b86ed00000,0x000000b86ee00000) (1024K)]
  0x00000277fcb13530 JavaThread "Thread-4"                   daemon [_thread_in_native, id=19980, stack(0x000000b86ee00000,0x000000b86ef00000) (1024K)]
  0x00000277fcb148e0 JavaThread "Thread-5"                   daemon [_thread_in_native, id=25836, stack(0x000000b86ef00000,0x000000b86f000000) (1024K)]
  0x00000277fcb13bc0 JavaThread "Thread-6"                   daemon [_thread_in_native, id=17488, stack(0x000000b86f000000,0x000000b86f100000) (1024K)]
  0x00000277fcb14f70 JavaThread "Thread-7"                   daemon [_thread_in_native, id=4360, stack(0x000000b86f100000,0x000000b86f200000) (1024K)]
  0x00000277fcb14250 JavaThread "Thread-8"                   daemon [_thread_in_native, id=15628, stack(0x000000b86f200000,0x000000b86f300000) (1024K)]
  0x00000277fcb16320 JavaThread "Thread-9"                   daemon [_thread_in_native, id=12608, stack(0x000000b86f300000,0x000000b86f400000) (1024K)]
  0x00000277fcb15600 JavaThread "Thread-10"                  daemon [_thread_in_native, id=3540, stack(0x000000b86f400000,0x000000b86f500000) (1024K)]
  0x00000277fcb15c90 JavaThread "Thread-11"                  daemon [_thread_in_native, id=30960, stack(0x000000b86f500000,0x000000b86f600000) (1024K)]
  0x00000277fcb12ea0 JavaThread "Thread-12"                  daemon [_thread_in_native, id=30656, stack(0x000000b86f600000,0x000000b86f700000) (1024K)]
  0x00000277fcb183f0 JavaThread "Thread-13"                  daemon [_thread_in_native, id=11440, stack(0x000000b86f700000,0x000000b86f800000) (1024K)]
  0x00000277fcb17d60 JavaThread "Thread-14"                  daemon [_thread_in_native, id=18832, stack(0x000000b86f800000,0x000000b86f900000) (1024K)]
  0x00000277fcb19110 JavaThread "Thread-15"                  daemon [_thread_in_native, id=19240, stack(0x000000b86f900000,0x000000b86fa00000) (1024K)]
  0x00000277fcb169b0 JavaThread "Thread-16"                  daemon [_thread_in_native, id=26256, stack(0x000000b86fa00000,0x000000b86fb00000) (1024K)]
  0x00000277fcb19e30 JavaThread "Thread-17"                  daemon [_thread_in_native, id=27636, stack(0x000000b86fb00000,0x000000b86fc00000) (1024K)]
  0x00000277fcb17040 JavaThread "Thread-18"                  daemon [_thread_in_native, id=27384, stack(0x000000b86fc00000,0x000000b86fd00000) (1024K)]
  0x00000277fcb176d0 JavaThread "pool-2-thread-1"                   [_thread_blocked, id=12932, stack(0x000000b86ff00000,0x000000b870000000) (1024K)]
  0x00000277fcb18a80 JavaThread "WorkspaceEventsHandler"            [_thread_blocked, id=13404, stack(0x000000b870000000,0x000000b870100000) (1024K)]
  0x00000277fcb197a0 JavaThread "pool-1-thread-1"                   [_thread_blocked, id=33608, stack(0x000000b870100000,0x000000b870200000) (1024K)]
  0x00000277fefeb7e0 JavaThread "Worker-4"                          [_thread_blocked, id=29532, stack(0x000000b870400000,0x000000b870500000) (1024K)]
  0x00000277fefed220 JavaThread "Timer-0"                           [_thread_blocked, id=34548, stack(0x000000b86fe00000,0x000000b86ff00000) (1024K)]
  0x00000277fefecb90 JavaThread "Timer-1"                           [_thread_blocked, id=32584, stack(0x000000b870200000,0x000000b870300000) (1024K)]
  0x00000277fefec500 JavaThread "Timer-2"                           [_thread_blocked, id=14400, stack(0x000000b86fd00000,0x000000b86fe00000) (1024K)]
  0x00000277fefee5d0 JavaThread "LocalFile Deleter"          daemon [_thread_blocked, id=31576, stack(0x000000b870300000,0x000000b870400000) (1024K)]
  0x00000277fefeb150 JavaThread "LocalFile Deleter"          daemon [_thread_blocked, id=3024, stack(0x000000b870500000,0x000000b870600000) (1024K)]
  0x00000277fefef2f0 JavaThread "LocalFile Deleter"          daemon [_thread_blocked, id=28752, stack(0x000000b870600000,0x000000b870700000) (1024K)]
  0x00000277fefef980 JavaThread "Timer-3"                           [_thread_blocked, id=9092, stack(0x000000b870700000,0x000000b870800000) (1024K)]
  0x00000277feff06a0 JavaThread "Timer-4"                           [_thread_blocked, id=29164, stack(0x000000b870800000,0x000000b870900000) (1024K)]
=>0x00000277feff0010 JavaThread "Connection worker"                 [_thread_in_native, id=11228, stack(0x000000b870900000,0x000000b870a00000) (1024K)]
  0x00000277feff13c0 JavaThread "pool-3-thread-1"                   [_thread_blocked, id=740, stack(0x000000b870a00000,0x000000b870b00000) (1024K)]
  0x00000277feff1a50 JavaThread "Exec process"                      [_thread_blocked, id=18468, stack(0x000000b870b00000,0x000000b870c00000) (1024K)]
  0x00000277feff20e0 JavaThread "Exec process Thread 2"             [_thread_blocked, id=24684, stack(0x000000b870c00000,0x000000b870d00000) (1024K)]
  0x00000277fefeec60 JavaThread "Exec process Thread 3"             [_thread_blocked, id=30212, stack(0x000000b870d00000,0x000000b870e00000) (1024K)]
Total: 60

Other Threads:
  0x00000277ec7ffd00 VMThread "VM Thread"                           [id=19828, stack(0x000000b86ae00000,0x000000b86af00000) (1024K)]
  0x00000277f3f5ba00 WatcherThread "VM Periodic Task Thread"        [id=33040, stack(0x000000b86ad00000,0x000000b86ae00000) (1024K)]
  0x00000277ec7ff220 WorkerThread "GC Thread#0"                     [id=6756, stack(0x000000b86ac00000,0x000000b86ad00000) (1024K)]
  0x00000277ec8000a0 WorkerThread "GC Thread#1"                     [id=20244, stack(0x000000b86d000000,0x000000b86d100000) (1024K)]
  0x00000277ec800440 WorkerThread "GC Thread#2"                     [id=17248, stack(0x000000b86d100000,0x000000b86d200000) (1024K)]
  0x00000277fbffe3a0 WorkerThread "GC Thread#3"                     [id=1844, stack(0x000000b86d200000,0x000000b86d300000) (1024K)]
  0x00000277fbfff960 WorkerThread "GC Thread#4"                     [id=8820, stack(0x000000b86d300000,0x000000b86d400000) (1024K)]
  0x00000277fc0000a0 WorkerThread "GC Thread#5"                     [id=30760, stack(0x000000b86d400000,0x000000b86d500000) (1024K)]
  0x00000277fbffe000 WorkerThread "GC Thread#6"                     [id=31860, stack(0x000000b86d500000,0x000000b86d600000) (1024K)]
  0x00000277fbffe740 WorkerThread "GC Thread#7"                     [id=34828, stack(0x000000b86d600000,0x000000b86d700000) (1024K)]
  0x00000277fbffee80 WorkerThread "GC Thread#8"                     [id=18232, stack(0x000000b86da00000,0x000000b86db00000) (1024K)]
  0x00000277fbffca40 WorkerThread "GC Thread#9"                     [id=17816, stack(0x000000b86db00000,0x000000b86dc00000) (1024K)]
  0x00000277fc000440 WorkerThread "GC Thread#10"                    [id=10048, stack(0x000000b86dc00000,0x000000b86dd00000) (1024K)]
  0x00000277fbffcde0 WorkerThread "GC Thread#11"                    [id=29444, stack(0x000000b86e000000,0x000000b86e100000) (1024K)]
  0x00000277fbfff220 WorkerThread "GC Thread#12"                    [id=31928, stack(0x000000b86e200000,0x000000b86e300000) (1024K)]
Total: 15

Threads with active compile tasks:
Total: 0

VM state: not at safepoint (normal execution)

VM Mutex/Monitor currently owned by a thread: None

Heap address: 0x00000000c0000000, size: 1024 MB, Compressed Oops mode: 32-bit

CDS archive(s) mapped at: [0x000002778f000000-0x000002778fba0000-0x000002778fba0000), size 12189696, SharedBaseAddress: 0x000002778f000000, ArchiveRelocationMode: 1.
Compressed class space mapped at: 0x0000027790000000-0x00000277d0000000, reserved size: 1073741824
Narrow klass base: 0x000002778f000000, Narrow klass shift: 0, Narrow klass range: 0x100000000

GC Precious Log:
 CardTable entry size: 512
 CPUs: 16 total, 16 available
 Memory: 16096M
 Large Page Support: Disabled
 NUMA Support: Disabled
 Compressed Oops: Enabled (32-bit)
 Alignments: Space 512K, Generation 512K, Heap 2M
 Heap Min Capacity: 100M
 Heap Initial Capacity: 100M
 Heap Max Capacity: 1G
 Pre-touch: Disabled
 Parallel Workers: 13

Heap:
 PSYoungGen      total 14848K, used 3603K [0x00000000eab00000, 0x00000000ebc00000, 0x0000000100000000)
  eden space 14336K, 21% used [0x00000000eab00000,0x00000000eae04e78,0x00000000eb900000)
  from space 512K, 100% used [0x00000000eba80000,0x00000000ebb00000,0x00000000ebb00000)
  to   space 1024K, 0% used [0x00000000ebb00000,0x00000000ebb00000,0x00000000ebc00000)
 ParOldGen       total 68608K, used 42138K [0x00000000c0000000, 0x00000000c4300000, 0x00000000eab00000)
  object space 68608K, 61% used [0x00000000c0000000,0x00000000c2926830,0x00000000c4300000)
 Metaspace       used 62426K, committed 63872K, reserved 1114112K
  class space    used 7719K, committed 8384K, reserved 1048576K

Card table byte_map: [0x00000277ee630000,0x00000277ee840000] _byte_map_base: 0x00000277ee030000

Marking Bits: (ParMarkBitMap*) 0x00007ff8708531f0
 Begin Bits: [0x00000277f1e80000, 0x00000277f2e80000)
 End Bits:   [0x00000277f2e80000, 0x00000277f3e80000)

Polling page: 0x00000277ee3c0000

Metaspace:

Usage:
  Non-class:     53.42 MB used.
      Class:      7.54 MB used.
       Both:     60.96 MB used.

Virtual space:
  Non-class space:       64.00 MB reserved,      54.19 MB ( 85%) committed,  1 nodes.
      Class space:        1.00 GB reserved,       8.19 MB ( <1%) committed,  1 nodes.
             Both:        1.06 GB reserved,      62.38 MB (  6%) committed. 

Chunk freelists:
   Non-Class:  9.73 MB
       Class:  7.84 MB
        Both:  17.58 MB

MaxMetaspaceSize: unlimited
CompressedClassSpaceSize: 1.00 GB
Initial GC threshold: 21.00 MB
Current GC threshold: 97.31 MB
CDS: on
 - commit_granule_bytes: 65536.
 - commit_granule_words: 8192.
 - virtual_space_node_default_size: 8388608.
 - enlarge_chunks_in_place: 1.
 - use_allocation_guard: 0.


Internal statistics:

num_allocs_failed_limit: 9.
num_arena_births: 1136.
num_arena_deaths: 14.
num_vsnodes_births: 2.
num_vsnodes_deaths: 0.
num_space_committed: 998.
num_space_uncommitted: 0.
num_chunks_returned_to_freelist: 23.
num_chunks_taken_from_freelist: 3738.
num_chunk_merges: 15.
num_chunk_splits: 2486.
num_chunks_enlarged: 1642.
num_inconsistent_stats: 0.

CodeHeap 'non-profiled nmethods': size=119168Kb used=4843Kb max_used=4843Kb free=114324Kb
 bounds [0x0000027787ba0000, 0x0000027788060000, 0x000002778f000000]
CodeHeap 'profiled nmethods': size=119104Kb used=14434Kb max_used=14671Kb free=104669Kb
 bounds [0x0000027780000000, 0x0000027780e60000, 0x0000027787450000]
CodeHeap 'non-nmethods': size=7488Kb used=2513Kb max_used=3183Kb free=4974Kb
 bounds [0x0000027787450000, 0x0000027787780000, 0x0000027787ba0000]
 total_blobs=7758 nmethods=7069 adapters=593
 compilation: enabled
              stopped_count=0, restarted_count=0
 full_count=0

Compilation events (20 events):
Event: 9.472 Thread 0x00000277f407e760 7864       3       java.security.Provider$Service::<init> (200 bytes)
Event: 9.472 Thread 0x00000277f5672140 nmethod 7865 0x00000277809d0a90 code [0x00000277809d0cc0, 0x00000277809d1500]
Event: 9.472 Thread 0x00000277f5672140 7869       3       java.security.Provider::putPropertyStrings (214 bytes)
Event: 9.472 Thread 0x00000277f407e760 nmethod 7864 0x0000027780602110 code [0x0000027780602460, 0x0000027780603b78]
Event: 9.472 Thread 0x00000277f407e760 7867       3       java.security.Provider::check (18 bytes)
Event: 9.473 Thread 0x00000277f407e760 nmethod 7867 0x00000277809d0410 code [0x00000277809d05e0, 0x00000277809d0940]
Event: 9.473 Thread 0x00000277f5669680 nmethod 7866 0x0000027780600090 code [0x0000027780600420, 0x0000027780601958]
Event: 9.473 Thread 0x00000277f407e760 7868       3       java.security.Provider::implRemoveService (149 bytes)
Event: 9.473 Thread 0x00000277f5669680 7870       3       java.security.Provider::checkAndUpdateSecureRandom (88 bytes)
Event: 9.473 Thread 0x00000277f5669680 nmethod 7870 0x00000277809cfd10 code [0x00000277809cfee0, 0x00000277809d0280]
Event: 9.473 Thread 0x00000277f5669680 7872       3       sun.security.util.SecurityProviderConstants::getAliases (63 bytes)
Event: 9.473 Thread 0x00000277f407e760 nmethod 7868 0x000002778087f410 code [0x000002778087f6c0, 0x0000027780880340]
Event: 9.473 Thread 0x00000277f5672140 nmethod 7869 0x000002778087bf10 code [0x000002778087c400, 0x000002778087e730]
Event: 9.473 Thread 0x00000277f5669680 nmethod 7872 0x00000277805ff290 code [0x00000277805ff500, 0x00000277805ffda0]
Event: 9.477 Thread 0x00000277f5669680 7873       3       java.security.MessageDigest::update (11 bytes)
Event: 9.477 Thread 0x00000277f407e760 7874       3       java.security.MessageDigest$Delegate::engineUpdate (9 bytes)
Event: 9.477 Thread 0x00000277f5672140 7875       3       sun.security.provider.DigestBase::engineUpdate (32 bytes)
Event: 9.477 Thread 0x00000277f407e760 nmethod 7874 0x000002778087ba90 code [0x000002778087bc40, 0x000002778087be18]
Event: 9.477 Thread 0x00000277f5669680 nmethod 7873 0x000002778087b510 code [0x000002778087b6c0, 0x000002778087b980]
Event: 9.477 Thread 0x00000277f5672140 nmethod 7875 0x000002778087b010 code [0x000002778087b1c0, 0x000002778087b428]

GC Heap History (20 events):
Event: 7.271 GC heap before
{Heap before GC invocations=43 (full 3):
 PSYoungGen      total 15872K, used 14624K [0x00000000eab00000, 0x00000000ebe00000, 0x0000000100000000)
  eden space 14336K, 100% used [0x00000000eab00000,0x00000000eb900000,0x00000000eb900000)
  from space 1536K, 18% used [0x00000000ebb80000,0x00000000ebbc8000,0x00000000ebd00000)
  to   space 1024K, 0% used [0x00000000ebd00000,0x00000000ebd00000,0x00000000ebe00000)
 ParOldGen       total 68608K, used 38788K [0x00000000c0000000, 0x00000000c4300000, 0x00000000eab00000)
  object space 68608K, 56% used [0x00000000c0000000,0x00000000c25e10a0,0x00000000c4300000)
 Metaspace       used 58824K, committed 60096K, reserved 1114112K
  class space    used 7197K, committed 7744K, reserved 1048576K
}
Event: 7.272 GC heap after
{Heap after GC invocations=43 (full 3):
 PSYoungGen      total 15360K, used 1022K [0x00000000eab00000, 0x00000000ebe00000, 0x0000000100000000)
  eden space 14336K, 0% used [0x00000000eab00000,0x00000000eab00000,0x00000000eb900000)
  from space 1024K, 99% used [0x00000000ebd00000,0x00000000ebdff958,0x00000000ebe00000)
  to   space 1536K, 0% used [0x00000000ebb00000,0x00000000ebb00000,0x00000000ebc80000)
 ParOldGen       total 68608K, used 38908K [0x00000000c0000000, 0x00000000c4300000, 0x00000000eab00000)
  object space 68608K, 56% used [0x00000000c0000000,0x00000000c25ff120,0x00000000c4300000)
 Metaspace       used 58824K, committed 60096K, reserved 1114112K
  class space    used 7197K, committed 7744K, reserved 1048576K
}
Event: 7.322 GC heap before
{Heap before GC invocations=44 (full 3):
 PSYoungGen      total 15360K, used 15358K [0x00000000eab00000, 0x00000000ebe00000, 0x0000000100000000)
  eden space 14336K, 100% used [0x00000000eab00000,0x00000000eb900000,0x00000000eb900000)
  from space 1024K, 99% used [0x00000000ebd00000,0x00000000ebdff958,0x00000000ebe00000)
  to   space 1536K, 0% used [0x00000000ebb00000,0x00000000ebb00000,0x00000000ebc80000)
 ParOldGen       total 68608K, used 38908K [0x00000000c0000000, 0x00000000c4300000, 0x00000000eab00000)
  object space 68608K, 56% used [0x00000000c0000000,0x00000000c25ff120,0x00000000c4300000)
 Metaspace       used 58825K, committed 60096K, reserved 1114112K
  class space    used 7197K, committed 7744K, reserved 1048576K
}
Event: 7.324 GC heap after
{Heap after GC invocations=44 (full 3):
 PSYoungGen      total 15872K, used 903K [0x00000000eab00000, 0x00000000ebd80000, 0x0000000100000000)
  eden space 14336K, 0% used [0x00000000eab00000,0x00000000eab00000,0x00000000eb900000)
  from space 1536K, 58% used [0x00000000ebb00000,0x00000000ebbe1d58,0x00000000ebc80000)
  to   space 1024K, 0% used [0x00000000ebc80000,0x00000000ebc80000,0x00000000ebd80000)
 ParOldGen       total 68608K, used 38972K [0x00000000c0000000, 0x00000000c4300000, 0x00000000eab00000)
  object space 68608K, 56% used [0x00000000c0000000,0x00000000c260f130,0x00000000c4300000)
 Metaspace       used 58825K, committed 60096K, reserved 1114112K
  class space    used 7197K, committed 7744K, reserved 1048576K
}
Event: 7.367 GC heap before
{Heap before GC invocations=45 (full 3):
 PSYoungGen      total 15872K, used 15239K [0x00000000eab00000, 0x00000000ebd80000, 0x0000000100000000)
  eden space 14336K, 100% used [0x00000000eab00000,0x00000000eb900000,0x00000000eb900000)
  from space 1536K, 58% used [0x00000000ebb00000,0x00000000ebbe1d58,0x00000000ebc80000)
  to   space 1024K, 0% used [0x00000000ebc80000,0x00000000ebc80000,0x00000000ebd80000)
 ParOldGen       total 68608K, used 38972K [0x00000000c0000000, 0x00000000c4300000, 0x00000000eab00000)
  object space 68608K, 56% used [0x00000000c0000000,0x00000000c260f130,0x00000000c4300000)
 Metaspace       used 58825K, committed 60096K, reserved 1114112K
  class space    used 7197K, committed 7744K, reserved 1048576K
}
Event: 7.368 GC heap after
{Heap after GC invocations=45 (full 3):
 PSYoungGen      total 14848K, used 192K [0x00000000eab00000, 0x00000000ebd00000, 0x0000000100000000)
  eden space 14336K, 0% used [0x00000000eab00000,0x00000000eab00000,0x00000000eb900000)
  from space 512K, 37% used [0x00000000ebc80000,0x00000000ebcb0000,0x00000000ebd00000)
  to   space 512K, 0% used [0x00000000ebc00000,0x00000000ebc00000,0x00000000ebc80000)
 ParOldGen       total 68608K, used 39044K [0x00000000c0000000, 0x00000000c4300000, 0x00000000eab00000)
  object space 68608K, 56% used [0x00000000c0000000,0x00000000c2621130,0x00000000c4300000)
 Metaspace       used 58825K, committed 60096K, reserved 1114112K
  class space    used 7197K, committed 7744K, reserved 1048576K
}
Event: 7.426 GC heap before
{Heap before GC invocations=46 (full 3):
 PSYoungGen      total 14848K, used 14528K [0x00000000eab00000, 0x00000000ebd00000, 0x0000000100000000)
  eden space 14336K, 100% used [0x00000000eab00000,0x00000000eb900000,0x00000000eb900000)
  from space 512K, 37% used [0x00000000ebc80000,0x00000000ebcb0000,0x00000000ebd00000)
  to   space 512K, 0% used [0x00000000ebc00000,0x00000000ebc00000,0x00000000ebc80000)
 ParOldGen       total 68608K, used 39044K [0x00000000c0000000, 0x00000000c4300000, 0x00000000eab00000)
  object space 68608K, 56% used [0x00000000c0000000,0x00000000c2621130,0x00000000c4300000)
 Metaspace       used 58825K, committed 60096K, reserved 1114112K
  class space    used 7197K, committed 7744K, reserved 1048576K
}
Event: 7.427 GC heap after
{Heap after GC invocations=46 (full 3):
 PSYoungGen      total 14848K, used 511K [0x00000000eab00000, 0x00000000ebd00000, 0x0000000100000000)
  eden space 14336K, 0% used [0x00000000eab00000,0x00000000eab00000,0x00000000eb900000)
  from space 512K, 99% used [0x00000000ebc00000,0x00000000ebc7ff50,0x00000000ebc80000)
  to   space 512K, 0% used [0x00000000ebc80000,0x00000000ebc80000,0x00000000ebd00000)
 ParOldGen       total 68608K, used 39798K [0x00000000c0000000, 0x00000000c4300000, 0x00000000eab00000)
  object space 68608K, 58% used [0x00000000c0000000,0x00000000c26dda50,0x00000000c4300000)
 Metaspace       used 58825K, committed 60096K, reserved 1114112K
  class space    used 7197K, committed 7744K, reserved 1048576K
}
Event: 7.484 GC heap before
{Heap before GC invocations=47 (full 3):
 PSYoungGen      total 14848K, used 14847K [0x00000000eab00000, 0x00000000ebd00000, 0x0000000100000000)
  eden space 14336K, 100% used [0x00000000eab00000,0x00000000eb900000,0x00000000eb900000)
  from space 512K, 99% used [0x00000000ebc00000,0x00000000ebc7ff50,0x00000000ebc80000)
  to   space 512K, 0% used [0x00000000ebc80000,0x00000000ebc80000,0x00000000ebd00000)
 ParOldGen       total 68608K, used 39798K [0x00000000c0000000, 0x00000000c4300000, 0x00000000eab00000)
  object space 68608K, 58% used [0x00000000c0000000,0x00000000c26dda50,0x00000000c4300000)
 Metaspace       used 58826K, committed 60096K, reserved 1114112K
  class space    used 7197K, committed 7744K, reserved 1048576K
}
Event: 7.484 GC heap after
{Heap after GC invocations=47 (full 3):
 PSYoungGen      total 14848K, used 481K [0x00000000eab00000, 0x00000000ebd00000, 0x0000000100000000)
  eden space 14336K, 0% used [0x00000000eab00000,0x00000000eab00000,0x00000000eb900000)
  from space 512K, 93% used [0x00000000ebc80000,0x00000000ebcf8490,0x00000000ebd00000)
  to   space 1024K, 0% used [0x00000000ebb00000,0x00000000ebb00000,0x00000000ebc00000)
 ParOldGen       total 68608K, used 39904K [0x00000000c0000000, 0x00000000c4300000, 0x00000000eab00000)
  object space 68608K, 58% used [0x00000000c0000000,0x00000000c26f82b8,0x00000000c4300000)
 Metaspace       used 58826K, committed 60096K, reserved 1114112K
  class space    used 7197K, committed 7744K, reserved 1048576K
}
Event: 7.525 GC heap before
{Heap before GC invocations=48 (full 3):
 PSYoungGen      total 14848K, used 14817K [0x00000000eab00000, 0x00000000ebd00000, 0x0000000100000000)
  eden space 14336K, 100% used [0x00000000eab00000,0x00000000eb900000,0x00000000eb900000)
  from space 512K, 93% used [0x00000000ebc80000,0x00000000ebcf8490,0x00000000ebd00000)
  to   space 1024K, 0% used [0x00000000ebb00000,0x00000000ebb00000,0x00000000ebc00000)
 ParOldGen       total 68608K, used 39904K [0x00000000c0000000, 0x00000000c4300000, 0x00000000eab00000)
  object space 68608K, 58% used [0x00000000c0000000,0x00000000c26f82b8,0x00000000c4300000)
 Metaspace       used 58826K, committed 60096K, reserved 1114112K
  class space    used 7197K, committed 7744K, reserved 1048576K
}
Event: 7.527 GC heap after
{Heap after GC invocations=48 (full 3):
 PSYoungGen      total 15360K, used 609K [0x00000000eab00000, 0x00000000ebd00000, 0x0000000100000000)
  eden space 14336K, 0% used [0x00000000eab00000,0x00000000eab00000,0x00000000eb900000)
  from space 1024K, 59% used [0x00000000ebb00000,0x00000000ebb98720,0x00000000ebc00000)
  to   space 1024K, 0% used [0x00000000ebc00000,0x00000000ebc00000,0x00000000ebd00000)
 ParOldGen       total 68608K, used 40310K [0x00000000c0000000, 0x00000000c4300000, 0x00000000eab00000)
  object space 68608K, 58% used [0x00000000c0000000,0x00000000c275d858,0x00000000c4300000)
 Metaspace       used 58826K, committed 60096K, reserved 1114112K
  class space    used 7197K, committed 7744K, reserved 1048576K
}
Event: 7.600 GC heap before
{Heap before GC invocations=49 (full 3):
 PSYoungGen      total 15360K, used 14945K [0x00000000eab00000, 0x00000000ebd00000, 0x0000000100000000)
  eden space 14336K, 100% used [0x00000000eab00000,0x00000000eb900000,0x00000000eb900000)
  from space 1024K, 59% used [0x00000000ebb00000,0x00000000ebb98720,0x00000000ebc00000)
  to   space 1024K, 0% used [0x00000000ebc00000,0x00000000ebc00000,0x00000000ebd00000)
 ParOldGen       total 68608K, used 40310K [0x00000000c0000000, 0x00000000c4300000, 0x00000000eab00000)
  object space 68608K, 58% used [0x00000000c0000000,0x00000000c275d858,0x00000000c4300000)
 Metaspace       used 58826K, committed 60096K, reserved 1114112K
  class space    used 7197K, committed 7744K, reserved 1048576K
}
Event: 7.601 GC heap after
{Heap after GC invocations=49 (full 3):
 PSYoungGen      total 15360K, used 1020K [0x00000000eab00000, 0x00000000ebd00000, 0x0000000100000000)
  eden space 14336K, 0% used [0x00000000eab00000,0x00000000eab00000,0x00000000eb900000)
  from space 1024K, 99% used [0x00000000ebc00000,0x00000000ebcff1b8,0x00000000ebd00000)
  to   space 1536K, 0% used [0x00000000eba00000,0x00000000eba00000,0x00000000ebb80000)
 ParOldGen       total 68608K, used 40541K [0x00000000c0000000, 0x00000000c4300000, 0x00000000eab00000)
  object space 68608K, 59% used [0x00000000c0000000,0x00000000c2797600,0x00000000c4300000)
 Metaspace       used 58826K, committed 60096K, reserved 1114112K
  class space    used 7197K, committed 7744K, reserved 1048576K
}
Event: 7.664 GC heap before
{Heap before GC invocations=50 (full 3):
 PSYoungGen      total 15360K, used 15356K [0x00000000eab00000, 0x00000000ebd00000, 0x0000000100000000)
  eden space 14336K, 100% used [0x00000000eab00000,0x00000000eb900000,0x00000000eb900000)
  from space 1024K, 99% used [0x00000000ebc00000,0x00000000ebcff1b8,0x00000000ebd00000)
  to   space 1536K, 0% used [0x00000000eba00000,0x00000000eba00000,0x00000000ebb80000)
 ParOldGen       total 68608K, used 40541K [0x00000000c0000000, 0x00000000c4300000, 0x00000000eab00000)
  object space 68608K, 59% used [0x00000000c0000000,0x00000000c2797600,0x00000000c4300000)
 Metaspace       used 59035K, committed 60288K, reserved 1114112K
  class space    used 7234K, committed 7808K, reserved 1048576K
}
Event: 7.664 GC heap after
{Heap after GC invocations=50 (full 3):
 PSYoungGen      total 15872K, used 416K [0x00000000eab00000, 0x00000000ebc80000, 0x0000000100000000)
  eden space 14336K, 0% used [0x00000000eab00000,0x00000000eab00000,0x00000000eb900000)
  from space 1536K, 27% used [0x00000000eba00000,0x00000000eba68000,0x00000000ebb80000)
  to   space 1024K, 0% used [0x00000000ebb80000,0x00000000ebb80000,0x00000000ebc80000)
 ParOldGen       total 68608K, used 40621K [0x00000000c0000000, 0x00000000c4300000, 0x00000000eab00000)
  object space 68608K, 59% used [0x00000000c0000000,0x00000000c27ab600,0x00000000c4300000)
 Metaspace       used 59035K, committed 60288K, reserved 1114112K
  class space    used 7234K, committed 7808K, reserved 1048576K
}
Event: 7.769 GC heap before
{Heap before GC invocations=51 (full 3):
 PSYoungGen      total 15872K, used 14752K [0x00000000eab00000, 0x00000000ebc80000, 0x0000000100000000)
  eden space 14336K, 100% used [0x00000000eab00000,0x00000000eb900000,0x00000000eb900000)
  from space 1536K, 27% used [0x00000000eba00000,0x00000000eba68000,0x00000000ebb80000)
  to   space 1024K, 0% used [0x00000000ebb80000,0x00000000ebb80000,0x00000000ebc80000)
 ParOldGen       total 68608K, used 40621K [0x00000000c0000000, 0x00000000c4300000, 0x00000000eab00000)
  object space 68608K, 59% used [0x00000000c0000000,0x00000000c27ab600,0x00000000c4300000)
 Metaspace       used 60660K, committed 62016K, reserved 1114112K
  class space    used 7488K, committed 8128K, reserved 1048576K
}
Event: 7.770 GC heap after
{Heap after GC invocations=51 (full 3):
 PSYoungGen      total 15360K, used 768K [0x00000000eab00000, 0x00000000ebc80000, 0x0000000100000000)
  eden space 14336K, 0% used [0x00000000eab00000,0x00000000eab00000,0x00000000eb900000)
  from space 1024K, 75% used [0x00000000ebb80000,0x00000000ebc40010,0x00000000ebc80000)
  to   space 1024K, 0% used [0x00000000eba80000,0x00000000eba80000,0x00000000ebb80000)
 ParOldGen       total 68608K, used 40757K [0x00000000c0000000, 0x00000000c4300000, 0x00000000eab00000)
  object space 68608K, 59% used [0x00000000c0000000,0x00000000c27cd600,0x00000000c4300000)
 Metaspace       used 60660K, committed 62016K, reserved 1114112K
  class space    used 7488K, committed 8128K, reserved 1048576K
}
Event: 9.330 GC heap before
{Heap before GC invocations=52 (full 3):
 PSYoungGen      total 15360K, used 15104K [0x00000000eab00000, 0x00000000ebc80000, 0x0000000100000000)
  eden space 14336K, 100% used [0x00000000eab00000,0x00000000eb900000,0x00000000eb900000)
  from space 1024K, 75% used [0x00000000ebb80000,0x00000000ebc40010,0x00000000ebc80000)
  to   space 1024K, 0% used [0x00000000eba80000,0x00000000eba80000,0x00000000ebb80000)
 ParOldGen       total 68608K, used 40757K [0x00000000c0000000, 0x00000000c4300000, 0x00000000eab00000)
  object space 68608K, 59% used [0x00000000c0000000,0x00000000c27cd600,0x00000000c4300000)
 Metaspace       used 61941K, committed 63232K, reserved 1114112K
  class space    used 7653K, committed 8256K, reserved 1048576K
}
Event: 9.332 GC heap after
{Heap after GC invocations=52 (full 3):
 PSYoungGen      total 14848K, used 512K [0x00000000eab00000, 0x00000000ebc00000, 0x0000000100000000)
  eden space 14336K, 0% used [0x00000000eab00000,0x00000000eab00000,0x00000000eb900000)
  from space 512K, 100% used [0x00000000eba80000,0x00000000ebb00000,0x00000000ebb00000)
  to   space 1024K, 0% used [0x00000000ebb00000,0x00000000ebb00000,0x00000000ebc00000)
 ParOldGen       total 68608K, used 42138K [0x00000000c0000000, 0x00000000c4300000, 0x00000000eab00000)
  object space 68608K, 61% used [0x00000000c0000000,0x00000000c2926830,0x00000000c4300000)
 Metaspace       used 61941K, committed 63232K, reserved 1114112K
  class space    used 7653K, committed 8256K, reserved 1048576K
}

Dll operation events (15 events):
Event: 0.180 Loaded shared library c:\Users\admin\.cursor\extensions\redhat.java-1.42.0-win32-x64\jre\21.0.7-win32-x86_64\bin\java.dll
Event: 0.249 Loaded shared library c:\Users\admin\.cursor\extensions\redhat.java-1.42.0-win32-x64\jre\21.0.7-win32-x86_64\bin\zip.dll
Event: 0.268 Loaded shared library C:\Users\admin\.cursor\extensions\redhat.java-1.42.0-win32-x64\jre\21.0.7-win32-x86_64\bin\instrument.dll
Event: 0.271 Loaded shared library C:\Users\admin\.cursor\extensions\redhat.java-1.42.0-win32-x64\jre\21.0.7-win32-x86_64\bin\net.dll
Event: 0.280 Loaded shared library C:\Users\admin\.cursor\extensions\redhat.java-1.42.0-win32-x64\jre\21.0.7-win32-x86_64\bin\nio.dll
Event: 0.283 Loaded shared library C:\Users\admin\.cursor\extensions\redhat.java-1.42.0-win32-x64\jre\21.0.7-win32-x86_64\bin\zip.dll
Event: 0.301 Loaded shared library C:\Users\admin\.cursor\extensions\redhat.java-1.42.0-win32-x64\jre\21.0.7-win32-x86_64\bin\jimage.dll
Event: 0.357 Loaded shared library c:\Users\admin\.cursor\extensions\redhat.java-1.42.0-win32-x64\jre\21.0.7-win32-x86_64\bin\verify.dll
Event: 2.165 Loaded shared library C:\Users\admin\AppData\Roaming\Cursor\User\globalStorage\redhat.java\1.42.0\config_win\org.eclipse.equinox.launcher\org.eclipse.equinox.launcher.win32.win32.x86_64_1.2.1300.v20250331-1702\eclipse_11911.dll
Event: 3.426 Loaded shared library C:\Users\admin\.cursor\extensions\redhat.java-1.42.0-win32-x64\jre\21.0.7-win32-x86_64\bin\management.dll
Event: 3.428 Loaded shared library C:\Users\admin\.cursor\extensions\redhat.java-1.42.0-win32-x64\jre\21.0.7-win32-x86_64\bin\management_ext.dll
Event: 3.844 Loaded shared library C:\Users\admin\AppData\Local\Temp\jna-92668751\jna8144982007603766200.dll
Event: 5.759 Loaded shared library C:\Users\admin\.gradle\native\1def1411415f61bf3af743bc5b6707747c0891f09f0c88961ee8f79bc544acac\windows-amd64\native-platform.dll
Event: 7.689 Loaded shared library C:\Users\admin\.cursor\extensions\redhat.java-1.42.0-win32-x64\jre\21.0.7-win32-x86_64\bin\extnet.dll
Event: 9.462 Loaded shared library C:\Users\admin\.cursor\extensions\redhat.java-1.42.0-win32-x64\jre\21.0.7-win32-x86_64\bin\sunmscapi.dll

Deoptimization events (20 events):
Event: 9.466 Thread 0x00000277feff0010 Uncommon trap: trap_request=0xffffff45 fr.pc=0x0000027787c52c98 relative=0x00000000000008d8
Event: 9.466 Thread 0x00000277feff0010 Uncommon trap: reason=unstable_if action=reinterpret pc=0x0000027787c52c98 method=java.util.HashMap.computeIfAbsent(Ljava/lang/Object;Ljava/util/function/Function;)Ljava/lang/Object; @ 294 c2
Event: 9.466 Thread 0x00000277feff0010 DEOPT PACKING pc=0x0000027787c52c98 sp=0x000000b8709fc2c0
Event: 9.466 Thread 0x00000277feff0010 DEOPT UNPACKING pc=0x00000277874a3aa2 sp=0x000000b8709fc268 mode 2
Event: 9.478 Thread 0x00000277feff0010 Uncommon trap: trap_request=0xffffff45 fr.pc=0x0000027787f0ed44 relative=0x0000000000000b84
Event: 9.478 Thread 0x00000277feff0010 Uncommon trap: reason=unstable_if action=reinterpret pc=0x0000027787f0ed44 method=sun.nio.fs.WindowsPath.openForReadAttributeAccess(Z)J @ 5 c2
Event: 9.478 Thread 0x00000277feff0010 DEOPT PACKING pc=0x0000027787f0ed44 sp=0x000000b8709fde80
Event: 9.478 Thread 0x00000277feff0010 DEOPT UNPACKING pc=0x00000277874a3aa2 sp=0x000000b8709fde58 mode 2
Event: 9.478 Thread 0x00000277feff0010 Uncommon trap: trap_request=0xffffff45 fr.pc=0x0000027787f13788 relative=0x0000000000000a68
Event: 9.478 Thread 0x00000277feff0010 Uncommon trap: reason=unstable_if action=reinterpret pc=0x0000027787f13788 method=sun.nio.fs.WindowsNativeDispatcher.asNativeBuffer(Ljava/lang/String;)Lsun/nio/fs/NativeBuffer; @ 52 c2
Event: 9.478 Thread 0x00000277feff0010 DEOPT PACKING pc=0x0000027787f13788 sp=0x000000b8709fde00
Event: 9.478 Thread 0x00000277feff0010 DEOPT UNPACKING pc=0x00000277874a3aa2 sp=0x000000b8709fdca8 mode 2
Event: 9.478 Thread 0x00000277feff0010 Uncommon trap: trap_request=0xffffff45 fr.pc=0x0000027787f0ca30 relative=0x0000000000000650
Event: 9.478 Thread 0x00000277feff0010 Uncommon trap: reason=unstable_if action=reinterpret pc=0x0000027787f0ca30 method=sun.nio.fs.WindowsFileAttributes.isReparsePoint(I)Z @ 5 c2
Event: 9.478 Thread 0x00000277feff0010 DEOPT PACKING pc=0x0000027787f0ca30 sp=0x000000b8709fdea0
Event: 9.478 Thread 0x00000277feff0010 DEOPT UNPACKING pc=0x00000277874a3aa2 sp=0x000000b8709fddc8 mode 2
Event: 9.478 Thread 0x00000277feff0010 Uncommon trap: trap_request=0xffffff45 fr.pc=0x0000027787ef9384 relative=0x00000000000001c4
Event: 9.478 Thread 0x00000277feff0010 Uncommon trap: reason=unstable_if action=reinterpret pc=0x0000027787ef9384 method=sun.nio.fs.NativeBuffers.getNativeBufferFromCache(I)Lsun/nio/fs/NativeBuffer; @ 34 c2
Event: 9.478 Thread 0x00000277feff0010 DEOPT PACKING pc=0x0000027787ef9384 sp=0x000000b8709fddb0
Event: 9.478 Thread 0x00000277feff0010 DEOPT UNPACKING pc=0x00000277874a3aa2 sp=0x000000b8709fdd38 mode 2

Classes loaded (20 events):
Event: 9.474 Loading class sun/security/provider/certpath/ldap/JdkLDAP$ProviderService
Event: 9.474 Loading class sun/security/provider/certpath/ldap/JdkLDAP$ProviderService done
Event: 9.474 Loading class com/sun/security/sasl/Provider
Event: 9.474 Loading class com/sun/security/sasl/Provider done
Event: 9.474 Loading class com/sun/security/sasl/Provider$1
Event: 9.474 Loading class com/sun/security/sasl/Provider$1 done
Event: 9.474 Loading class com/sun/security/sasl/Provider$ProviderService
Event: 9.474 Loading class com/sun/security/sasl/Provider$ProviderService done
Event: 9.475 Loading class sun/nio/ch/ServerSocketChannelImpl
Event: 9.476 Loading class sun/nio/ch/ServerSocketChannelImpl done
Event: 9.477 Loading class java/nio/BufferMismatch
Event: 9.477 Loading class java/nio/BufferMismatch done
Event: 9.477 Loading class sun/nio/ch/SourceChannelImpl
Event: 9.477 Loading class java/nio/channels/Pipe$SourceChannel
Event: 9.477 Loading class java/nio/channels/Pipe$SourceChannel done
Event: 9.477 Loading class sun/nio/ch/SourceChannelImpl done
Event: 9.477 Loading class sun/nio/ch/SinkChannelImpl
Event: 9.477 Loading class java/nio/channels/Pipe$SinkChannel
Event: 9.477 Loading class java/nio/channels/Pipe$SinkChannel done
Event: 9.477 Loading class sun/nio/ch/SinkChannelImpl done

Classes unloaded (7 events):
Event: 3.119 Thread 0x00000277ec7ffd00 Unloading class 0x00000277901a3c00 'java/lang/invoke/LambdaForm$MH+0x00000277901a3c00'
Event: 3.119 Thread 0x00000277ec7ffd00 Unloading class 0x00000277901a3800 'java/lang/invoke/LambdaForm$MH+0x00000277901a3800'
Event: 3.119 Thread 0x00000277ec7ffd00 Unloading class 0x00000277901a3400 'java/lang/invoke/LambdaForm$MH+0x00000277901a3400'
Event: 3.119 Thread 0x00000277ec7ffd00 Unloading class 0x00000277901a3000 'java/lang/invoke/LambdaForm$MH+0x00000277901a3000'
Event: 3.119 Thread 0x00000277ec7ffd00 Unloading class 0x00000277901a2c00 'java/lang/invoke/LambdaForm$BMH+0x00000277901a2c00'
Event: 3.119 Thread 0x00000277ec7ffd00 Unloading class 0x00000277901a2800 'java/lang/invoke/LambdaForm$DMH+0x00000277901a2800'
Event: 3.119 Thread 0x00000277ec7ffd00 Unloading class 0x00000277901a1400 'java/lang/invoke/LambdaForm$DMH+0x00000277901a1400'

Classes redefined (0 events):
No events

Internal exceptions (20 events):
Event: 7.734 Thread 0x00000277feff0010 Exception <a 'java/lang/NoSuchMethodError'{0x00000000eb2ba5f0}: 'java.lang.Object java.lang.invoke.DirectMethodHandle$Holder.invokeStatic(java.lang.Object, java.lang.Object, java.lang.Object, java.lang.Object, java.lang.Object, java.lang.Object, java.lang.Object, java.lang.Object, java.lang.Object, java.lang.Object, java.lang.Object, java.lang.Object, java.lang.Object, java.lang.Object, java.lang.Object, java.lang.Object, java.lang.Object)'> (0x00000000eb2ba5f0) 
thrown [s\src\hotspot\share\interpreter\lin
Event: 7.735 Thread 0x00000277feff0010 Exception <a 'java/lang/NoSuchMethodError'{0x00000000eb2e6e30}: 'java.lang.Object java.lang.invoke.DirectMethodHandle$Holder.invokeStatic(java.lang.Object, java.lang.Object, java.lang.Object, java.lang.Object, java.lang.Object, java.lang.Object, java.lang.Object, java.lang.Object, java.lang.Object, java.lang.Object, java.lang.Object, java.lang.Object, java.lang.Object, java.lang.Object, java.lang.Object, java.lang.Object, java.lang.Object, java.lang.Object)'> (0x00000000eb2e6e30) 
thrown [s\src\hotspot\sha
Event: 7.736 Thread 0x00000277feff0010 Exception <a 'java/lang/NoSuchMethodError'{0x00000000eb3163a0}: 'java.lang.Object java.lang.invoke.DirectMethodHandle$Holder.invokeStatic(java.lang.Object, java.lang.Object, java.lang.Object, java.lang.Object, java.lang.Object, java.lang.Object, java.lang.Object, java.lang.Object, java.lang.Object, java.lang.Object, java.lang.Object, java.lang.Object, java.lang.Object, java.lang.Object, java.lang.Object, java.lang.Object, java.lang.Object, java.lang.Object, java.lang.Object)'> (0x00000000eb3163a0) 
thrown 
Event: 7.736 Thread 0x00000277feff0010 Exception <a 'java/lang/NoSuchMethodError'{0x00000000eb345578}: 'java.lang.Object java.lang.invoke.DirectMethodHandle$Holder.invokeStatic(java.lang.Object, java.lang.Object, java.lang.Object, java.lang.Object, java.lang.Object, java.lang.Object, java.lang.Object, java.lang.Object, java.lang.Object, java.lang.Object, java.lang.Object, java.lang.Object, java.lang.Object, java.lang.Object, java.lang.Object, java.lang.Object, java.lang.Object, java.lang.Object, java.lang.Object, java.lang.Object)'> (0x00000000
Event: 7.737 Thread 0x00000277feff0010 Exception <a 'java/lang/NoSuchMethodError'{0x00000000eb375780}: 'java.lang.Object java.lang.invoke.DirectMethodHandle$Holder.invokeStatic(java.lang.Object, java.lang.Object, java.lang.Object, java.lang.Object, java.lang.Object, java.lang.Object, java.lang.Object, java.lang.Object, java.lang.Object, java.lang.Object, java.lang.Object, java.lang.Object, java.lang.Object, java.lang.Object, java.lang.Object, java.lang.Object, java.lang.Object, java.lang.Object, java.lang.Object, java.lang.Object, java.lang.Obj
Event: 7.738 Thread 0x00000277feff0010 Exception <a 'java/lang/NoSuchMethodError'{0x00000000eb3a65e0}: 'java.lang.Object java.lang.invoke.DirectMethodHandle$Holder.invokeStatic(java.lang.Object, java.lang.Object, java.lang.Object, java.lang.Object, java.lang.Object, java.lang.Object, java.lang.Object, java.lang.Object, java.lang.Object, java.lang.Object, java.lang.Object, java.lang.Object, java.lang.Object, java.lang.Object, java.lang.Object, java.lang.Object, java.lang.Object, java.lang.Object, java.lang.Object, java.lang.Object, java.lang.Obj
Event: 7.738 Thread 0x00000277feff0010 Exception <a 'java/lang/NoSuchMethodError'{0x00000000eb3d8ac0}: 'java.lang.Object java.lang.invoke.DirectMethodHandle$Holder.invokeStatic(java.lang.Object, java.lang.Object, java.lang.Object, java.lang.Object, java.lang.Object, java.lang.Object, java.lang.Object, java.lang.Object, java.lang.Object, java.lang.Object, java.lang.Object, java.lang.Object, java.lang.Object, java.lang.Object, java.lang.Object, java.lang.Object, java.lang.Object, java.lang.Object, java.lang.Object, java.lang.Object, java.lang.Obj
Event: 7.739 Thread 0x00000277feff0010 Exception <a 'java/lang/NoSuchMethodError'{0x00000000eb40afd0}: 'java.lang.Object java.lang.invoke.DirectMethodHandle$Holder.invokeStatic(java.lang.Object, java.lang.Object, java.lang.Object, java.lang.Object, java.lang.Object, java.lang.Object, java.lang.Object, java.lang.Object, java.lang.Object, java.lang.Object, java.lang.Object, java.lang.Object, java.lang.Object, java.lang.Object, java.lang.Object, java.lang.Object, java.lang.Object, java.lang.Object, java.lang.Object, java.lang.Object, java.lang.Obj
Event: 7.740 Thread 0x00000277feff0010 Exception <a 'java/lang/NoSuchMethodError'{0x00000000eb43f718}: 'java.lang.Object java.lang.invoke.DirectMethodHandle$Holder.invokeStatic(java.lang.Object, java.lang.Object, java.lang.Object, java.lang.Object, java.lang.Object, java.lang.Object, java.lang.Object, java.lang.Object, java.lang.Object, java.lang.Object, java.lang.Object, java.lang.Object, java.lang.Object, java.lang.Object, java.lang.Object, java.lang.Object, java.lang.Object, java.lang.Object, java.lang.Object, java.lang.Object, java.lang.Obj
Event: 7.742 Thread 0x00000277feff0010 Exception <a 'java/lang/NoSuchMethodError'{0x00000000eb465510}: 'java.lang.Object java.lang.invoke.DirectMethodHandle$Holder.invokeSpecial(java.lang.Object, java.lang.Object, java.lang.Object, java.lang.Object, java.lang.Object, java.lang.Object, java.lang.Object, java.lang.Object, java.lang.Object, java.lang.Object, java.lang.Object, java.lang.Object, java.lang.Object, java.lang.Object, java.lang.Object, java.lang.Object, java.lang.Object, java.lang.Object, java.lang.Object, java.lang.Object, java.lang.Ob
Event: 7.742 Thread 0x00000277feff0010 Exception <a 'java/lang/NoSuchMethodError'{0x00000000eb47acf8}: 'java.lang.Object java.lang.invoke.DirectMethodHandle$Holder.newInvokeSpecial(java.lang.Object, java.lang.Object, java.lang.Object, java.lang.Object, java.lang.Object, java.lang.Object, java.lang.Object, java.lang.Object, java.lang.Object, java.lang.Object, java.lang.Object, java.lang.Object, java.lang.Object, java.lang.Object, java.lang.Object, java.lang.Object, java.lang.Object, java.lang.Object, java.lang.Object, java.lang.Object, java.lang
Event: 7.743 Thread 0x00000277feff0010 Exception <a 'java/lang/NoSuchMethodError'{0x00000000eb480ef0}: 'java.lang.Object java.lang.invoke.Invokers$Holder.linkToTargetMethod(java.lang.Object, java.lang.Object, java.lang.Object, java.lang.Object, java.lang.Object, java.lang.Object, java.lang.Object, java.lang.Object, java.lang.Object, java.lang.Object, java.lang.Object, java.lang.Object, java.lang.Object, java.lang.Object, java.lang.Object, java.lang.Object, java.lang.Object, java.lang.Object, java.lang.Object, java.lang.Object, java.lang.Object,
Event: 7.743 Thread 0x00000277feff0010 Exception <a 'java/lang/NoSuchMethodError'{0x00000000eb4860b8}: 'java.lang.Object java.lang.invoke.DirectMethodHandle$Holder.invokeVirtual(java.lang.Object, java.lang.Object, java.lang.Object, java.lang.Object, java.lang.Object, java.lang.Object, java.lang.Object, java.lang.Object, java.lang.Object, java.lang.Object)'> (0x00000000eb4860b8) 
thrown [s\src\hotspot\share\interpreter\linkResolver.cpp, line 773]
Event: 7.751 Thread 0x00000277feff0010 Exception <a 'java/lang/NoSuchMethodError'{0x00000000eb6224d8}: 'java.lang.Object java.lang.invoke.DirectMethodHandle$Holder.invokeVirtual(java.lang.Object, java.lang.Object, java.lang.Object, java.lang.Object, java.lang.Object, java.lang.Object, java.lang.Object, java.lang.Object, java.lang.Object)'> (0x00000000eb6224d8) 
thrown [s\src\hotspot\share\interpreter\linkResolver.cpp, line 773]
Event: 7.765 Thread 0x00000277feff0010 Exception <a 'java/lang/NoSuchMethodError'{0x00000000eb861100}: 'java.lang.Object java.lang.invoke.DirectMethodHandle$Holder.invokeVirtual(java.lang.Object, java.lang.Object, java.lang.Object, java.lang.Object, java.lang.Object, java.lang.Object, java.lang.Object, java.lang.Object)'> (0x00000000eb861100) 
thrown [s\src\hotspot\share\interpreter\linkResolver.cpp, line 773]
Event: 7.768 Thread 0x00000277feff0010 Exception <a 'java/lang/NoSuchMethodError'{0x00000000eb8d8a58}: 'long java.lang.invoke.DirectMethodHandle$Holder.invokeVirtual(java.lang.Object, java.lang.Object)'> (0x00000000eb8d8a58) 
thrown [s\src\hotspot\share\interpreter\linkResolver.cpp, line 773]
Event: 7.768 Thread 0x00000277feff0010 Exception <a 'java/lang/NoSuchMethodError'{0x00000000eb8dbe58}: 'long java.lang.invoke.DelegatingMethodHandle$Holder.reinvoke_L(java.lang.Object, java.lang.Object)'> (0x00000000eb8dbe58) 
thrown [s\src\hotspot\share\interpreter\linkResolver.cpp, line 773]
Event: 7.836 Thread 0x00000277feff1a50 Exception <a 'java/lang/NoSuchMethodError'{0x00000000eb1598c0}: 'void java.lang.invoke.DirectMethodHandle$Holder.invokeStatic(java.lang.Object, long)'> (0x00000000eb1598c0) 
thrown [s\src\hotspot\share\interpreter\linkResolver.cpp, line 773]
Event: 8.092 Thread 0x00000277feff1a50 Exception <a 'java/lang/NoSuchMethodError'{0x00000000eb17d730}: 'void java.lang.invoke.DirectMethodHandle$Holder.invokeSpecial(java.lang.Object, java.lang.Object, int)'> (0x00000000eb17d730) 
thrown [s\src\hotspot\share\interpreter\linkResolver.cpp, line 773]
Event: 8.092 Thread 0x00000277feff1a50 Exception <a 'java/lang/NoSuchMethodError'{0x00000000eb182b58}: 'java.lang.Object java.lang.invoke.DirectMethodHandle$Holder.newInvokeSpecial(java.lang.Object, java.lang.Object, int)'> (0x00000000eb182b58) 
thrown [s\src\hotspot\share\interpreter\linkResolver.cpp, line 773]

ZGC Phase Switch (0 events):
No events

VM Operations (20 events):
Event: 7.484 Executing VM operation: ParallelGCFailedAllocation (Allocation Failure)
Event: 7.484 Executing VM operation: ParallelGCFailedAllocation (Allocation Failure) done
Event: 7.525 Executing VM operation: ParallelGCFailedAllocation (Allocation Failure)
Event: 7.527 Executing VM operation: ParallelGCFailedAllocation (Allocation Failure) done
Event: 7.600 Executing VM operation: ParallelGCFailedAllocation (Allocation Failure)
Event: 7.601 Executing VM operation: ParallelGCFailedAllocation (Allocation Failure) done
Event: 7.664 Executing VM operation: ParallelGCFailedAllocation (Allocation Failure)
Event: 7.664 Executing VM operation: ParallelGCFailedAllocation (Allocation Failure) done
Event: 7.754 Executing VM operation: HandshakeAllThreads (Deoptimize)
Event: 7.754 Executing VM operation: HandshakeAllThreads (Deoptimize) done
Event: 7.769 Executing VM operation: ParallelGCFailedAllocation (Allocation Failure)
Event: 7.770 Executing VM operation: ParallelGCFailedAllocation (Allocation Failure) done
Event: 7.881 Executing VM operation: HandshakeAllThreads (Deoptimize)
Event: 7.881 Executing VM operation: HandshakeAllThreads (Deoptimize) done
Event: 8.880 Executing VM operation: Cleanup
Event: 8.880 Executing VM operation: Cleanup done
Event: 9.330 Executing VM operation: ParallelGCFailedAllocation (Allocation Failure)
Event: 9.332 Executing VM operation: ParallelGCFailedAllocation (Allocation Failure) done
Event: 9.460 Executing VM operation: HandshakeAllThreads (Deoptimize)
Event: 9.460 Executing VM operation: HandshakeAllThreads (Deoptimize) done

Memory protections (0 events):
No events

Nmethod flushes (20 events):
Event: 6.976 Thread 0x00000277ec7ffd00 flushing  nmethod 0x000002778097ed90
Event: 6.976 Thread 0x00000277ec7ffd00 flushing  nmethod 0x0000027780980690
Event: 6.976 Thread 0x00000277ec7ffd00 flushing  nmethod 0x000002778098b110
Event: 6.976 Thread 0x00000277ec7ffd00 flushing  nmethod 0x00000277809a0610
Event: 6.976 Thread 0x00000277ec7ffd00 flushing  nmethod 0x00000277809b5d10
Event: 6.976 Thread 0x00000277ec7ffd00 flushing  nmethod 0x00000277809bc310
Event: 6.976 Thread 0x00000277ec7ffd00 flushing  nmethod 0x00000277809cfa10
Event: 6.976 Thread 0x00000277ec7ffd00 flushing  nmethod 0x00000277809d0410
Event: 6.976 Thread 0x00000277ec7ffd00 flushing  nmethod 0x00000277809d0890
Event: 6.976 Thread 0x00000277ec7ffd00 flushing  nmethod 0x00000277809d0c90
Event: 6.976 Thread 0x00000277ec7ffd00 flushing  nmethod 0x00000277809d2590
Event: 6.976 Thread 0x00000277ec7ffd00 flushing  nmethod 0x00000277809d4090
Event: 6.976 Thread 0x00000277ec7ffd00 flushing  nmethod 0x00000277809d4f90
Event: 6.976 Thread 0x00000277ec7ffd00 flushing  nmethod 0x00000277809d6790
Event: 6.976 Thread 0x00000277ec7ffd00 flushing  nmethod 0x00000277809e0b90
Event: 6.976 Thread 0x00000277ec7ffd00 flushing  nmethod 0x00000277809f3110
Event: 6.976 Thread 0x00000277ec7ffd00 flushing  nmethod 0x00000277809f4690
Event: 6.976 Thread 0x00000277ec7ffd00 flushing  nmethod 0x0000027780a45290
Event: 6.976 Thread 0x00000277ec7ffd00 flushing  nmethod 0x0000027780a45910
Event: 6.976 Thread 0x00000277ec7ffd00 flushing  nmethod 0x0000027780a46910

Events (20 events):
Event: 6.502 Thread 0x00000277fefeb150 Thread added: 0x00000277fefef2f0
Event: 6.576 Thread 0x00000277f5664090 Thread added: 0x00000277fefef980
Event: 6.577 Thread 0x00000277f5664090 Thread added: 0x00000277feff0d30
Event: 6.585 Thread 0x00000277feff0d30 Thread exited: 0x00000277feff0d30
Event: 6.586 Thread 0x00000277f5664090 Thread added: 0x00000277feff06a0
Event: 6.587 Thread 0x00000277f5664090 Thread added: 0x00000277feff0010
Event: 7.776 Thread 0x00000277feff0010 Thread added: 0x00000277feff13c0
Event: 7.830 Thread 0x00000277feff0010 Thread added: 0x00000277feff1a50
Event: 7.837 Thread 0x00000277feff1a50 Thread added: 0x00000277feff20e0
Event: 7.837 Thread 0x00000277feff1a50 Thread added: 0x00000277fefeec60
Event: 8.006 Thread 0x00000277fccd78a0 Thread exited: 0x00000277fccd78a0
Event: 8.007 Thread 0x00000277fbae5f70 Thread exited: 0x00000277fbae5f70
Event: 8.039 Thread 0x00000277f5661930 Thread exited: 0x00000277f5661930
Event: 8.131 Thread 0x00000277feff0010 Thread added: 0x00000277feff2770
Event: 8.135 Thread 0x00000277feff2770 Thread added: 0x00000277f5661930
Event: 8.135 Thread 0x00000277feff2770 Thread added: 0x00000277ff60df30
Event: 8.135 Thread 0x00000277f5661930 Thread exited: 0x00000277f5661930
Event: 9.445 Thread 0x00000277f585eae0 Thread exited: 0x00000277f585eae0
Event: 9.446 Thread 0x00000277feff2770 Thread exited: 0x00000277feff2770
Event: 9.446 Thread 0x00000277ff60df30 Thread exited: 0x00000277ff60df30


Dynamic libraries:
0x00007ff60a760000 - 0x00007ff60a76e000 	c:\Users\admin\.cursor\extensions\redhat.java-1.42.0-win32-x64\jre\21.0.7-win32-x86_64\bin\java.exe
0x00007ff8f0da0000 - 0x00007ff8f1006000 	C:\WINDOWS\SYSTEM32\ntdll.dll
0x00007ff8eeec0000 - 0x00007ff8eef89000 	C:\WINDOWS\System32\KERNEL32.DLL
0x00007ff8ee410000 - 0x00007ff8ee7dc000 	C:\WINDOWS\System32\KERNELBASE.dll
0x00007ff8edfd0000 - 0x00007ff8ee11b000 	C:\WINDOWS\System32\ucrtbase.dll
0x00007ff8cdc00000 - 0x00007ff8cdc1e000 	c:\Users\admin\.cursor\extensions\redhat.java-1.42.0-win32-x64\jre\21.0.7-win32-x86_64\bin\VCRUNTIME140.dll
0x00007ff8cdbe0000 - 0x00007ff8cdbf8000 	c:\Users\admin\.cursor\extensions\redhat.java-1.42.0-win32-x64\jre\21.0.7-win32-x86_64\bin\jli.dll
0x00007ff8f0aa0000 - 0x00007ff8f0c6a000 	C:\WINDOWS\System32\USER32.dll
0x00007ff8ee120000 - 0x00007ff8ee147000 	C:\WINDOWS\System32\win32u.dll
0x00007ff8db710000 - 0x00007ff8db9aa000 	C:\WINDOWS\WinSxS\amd64_microsoft.windows.common-controls_6595b64144ccf1df_6.0.26100.3912_none_3e07963ce335137e\COMCTL32.dll
0x00007ff8f0440000 - 0x00007ff8f046b000 	C:\WINDOWS\System32\GDI32.dll
0x00007ff8eeb60000 - 0x00007ff8eec09000 	C:\WINDOWS\System32\msvcrt.dll
0x00007ff8ee2d0000 - 0x00007ff8ee402000 	C:\WINDOWS\System32\gdi32full.dll
0x00007ff8eea20000 - 0x00007ff8eeac3000 	C:\WINDOWS\System32\msvcp_win.dll
0x00007ff8f0c70000 - 0x00007ff8f0ca0000 	C:\WINDOWS\System32\IMM32.DLL
0x00007ff8e09f0000 - 0x00007ff8e09fc000 	c:\Users\admin\.cursor\extensions\redhat.java-1.42.0-win32-x64\jre\21.0.7-win32-x86_64\bin\vcruntime140_1.dll
0x00007ff8cd9a0000 - 0x00007ff8cda2d000 	c:\Users\admin\.cursor\extensions\redhat.java-1.42.0-win32-x64\jre\21.0.7-win32-x86_64\bin\msvcp140.dll
0x00007ff86fba0000 - 0x00007ff870930000 	c:\Users\admin\.cursor\extensions\redhat.java-1.42.0-win32-x64\jre\21.0.7-win32-x86_64\bin\server\jvm.dll
0x00007ff8f0140000 - 0x00007ff8f01f2000 	C:\WINDOWS\System32\ADVAPI32.dll
0x00007ff8f0cb0000 - 0x00007ff8f0d56000 	C:\WINDOWS\System32\sechost.dll
0x00007ff8efb60000 - 0x00007ff8efc76000 	C:\WINDOWS\System32\RPCRT4.dll
0x00007ff8ef340000 - 0x00007ff8ef3b4000 	C:\WINDOWS\System32\WS2_32.dll
0x00007ff8edda0000 - 0x00007ff8eddfe000 	C:\WINDOWS\SYSTEM32\POWRPROF.dll
0x00007ff8e4950000 - 0x00007ff8e4986000 	C:\WINDOWS\SYSTEM32\WINMM.dll
0x00007ff8ea6e0000 - 0x00007ff8ea6eb000 	C:\WINDOWS\SYSTEM32\VERSION.dll
0x00007ff8edd80000 - 0x00007ff8edd94000 	C:\WINDOWS\SYSTEM32\UMPDC.dll
0x00007ff8eccf0000 - 0x00007ff8ecd0a000 	C:\WINDOWS\SYSTEM32\kernel.appcore.dll
0x00007ff8e0490000 - 0x00007ff8e049a000 	c:\Users\admin\.cursor\extensions\redhat.java-1.42.0-win32-x64\jre\21.0.7-win32-x86_64\bin\jimage.dll
0x00007ff89bae0000 - 0x00007ff89bd21000 	C:\WINDOWS\SYSTEM32\DBGHELP.DLL
0x00007ff8eef90000 - 0x00007ff8ef314000 	C:\WINDOWS\System32\combase.dll
0x00007ff8f0050000 - 0x00007ff8f0130000 	C:\WINDOWS\System32\OLEAUT32.dll
0x00007ff8d7240000 - 0x00007ff8d7279000 	C:\WINDOWS\SYSTEM32\dbgcore.DLL
0x00007ff8edf30000 - 0x00007ff8edfc9000 	C:\WINDOWS\System32\bcryptPrimitives.dll
0x00007ff8e0420000 - 0x00007ff8e042f000 	c:\Users\admin\.cursor\extensions\redhat.java-1.42.0-win32-x64\jre\21.0.7-win32-x86_64\bin\instrument.dll
0x00007ff8cdbc0000 - 0x00007ff8cdbdf000 	c:\Users\admin\.cursor\extensions\redhat.java-1.42.0-win32-x64\jre\21.0.7-win32-x86_64\bin\java.dll
0x00007ff8ef430000 - 0x00007ff8efb5d000 	C:\WINDOWS\System32\SHELL32.dll
0x00007ff8ee150000 - 0x00007ff8ee2c4000 	C:\WINDOWS\System32\wintypes.dll
0x00007ff8ebbe0000 - 0x00007ff8ec436000 	C:\WINDOWS\SYSTEM32\windows.storage.dll
0x00007ff8eedc0000 - 0x00007ff8eeeaf000 	C:\WINDOWS\System32\SHCORE.dll
0x00007ff8ef3c0000 - 0x00007ff8ef429000 	C:\WINDOWS\System32\shlwapi.dll
0x00007ff8ede10000 - 0x00007ff8ede3f000 	C:\WINDOWS\SYSTEM32\profapi.dll
0x00007ff8cdba0000 - 0x00007ff8cdbb8000 	c:\Users\admin\.cursor\extensions\redhat.java-1.42.0-win32-x64\jre\21.0.7-win32-x86_64\bin\zip.dll
0x00007ff8e03d0000 - 0x00007ff8e03e0000 	C:\Users\admin\.cursor\extensions\redhat.java-1.42.0-win32-x64\jre\21.0.7-win32-x86_64\bin\net.dll
0x00007ff8e8a60000 - 0x00007ff8e8b7e000 	C:\WINDOWS\SYSTEM32\WINHTTP.dll
0x0000000180000000 - 0x000000018008c000 	C:\WINDOWS\system32\ASProxy64.dll
0x00007ff8efc80000 - 0x00007ff8efe1f000 	C:\WINDOWS\System32\ole32.dll
0x00007ff8ed260000 - 0x00007ff8ed2ca000 	C:\WINDOWS\SYSTEM32\MSWSOCK.dll
0x00007ff8ec730000 - 0x00007ff8ec763000 	C:\WINDOWS\SYSTEM32\IPHLPAPI.DLL
0x00007ff8ecf90000 - 0x00007ff8ecfd8000 	C:\WINDOWS\SYSTEM32\SspiCli.dll
0x00007ff8cd980000 - 0x00007ff8cd996000 	C:\Users\admin\.cursor\extensions\redhat.java-1.42.0-win32-x64\jre\21.0.7-win32-x86_64\bin\nio.dll
0x00007ff8ddf20000 - 0x00007ff8ddf30000 	c:\Users\admin\.cursor\extensions\redhat.java-1.42.0-win32-x64\jre\21.0.7-win32-x86_64\bin\verify.dll
0x00007ff8eb200000 - 0x00007ff8eb2af000 	C:\WINDOWS\system32\uxtheme.dll
0x00007ff8ce5c0000 - 0x00007ff8ce605000 	C:\Users\admin\AppData\Roaming\Cursor\User\globalStorage\redhat.java\1.42.0\config_win\org.eclipse.equinox.launcher\org.eclipse.equinox.launcher.win32.win32.x86_64_1.2.1300.v20250331-1702\eclipse_11911.dll
0x00007ff8ed510000 - 0x00007ff8ed52c000 	C:\WINDOWS\SYSTEM32\CRYPTSP.dll
0x00007ff8ecc50000 - 0x00007ff8ecc8a000 	C:\WINDOWS\system32\rsaenh.dll
0x00007ff8ed300000 - 0x00007ff8ed32b000 	C:\WINDOWS\SYSTEM32\USERENV.dll
0x00007ff8ede50000 - 0x00007ff8ede76000 	C:\WINDOWS\SYSTEM32\bcrypt.dll
0x00007ff8ed500000 - 0x00007ff8ed50c000 	C:\WINDOWS\SYSTEM32\CRYPTBASE.dll
0x00007ff8eedb0000 - 0x00007ff8eedba000 	C:\WINDOWS\System32\NSI.dll
0x00007ff8d9400000 - 0x00007ff8d940a000 	C:\Users\admin\.cursor\extensions\redhat.java-1.42.0-win32-x64\jre\21.0.7-win32-x86_64\bin\management.dll
0x00007ff8d9100000 - 0x00007ff8d910b000 	C:\Users\admin\.cursor\extensions\redhat.java-1.42.0-win32-x64\jre\21.0.7-win32-x86_64\bin\management_ext.dll
0x00007ff8f0040000 - 0x00007ff8f0048000 	C:\WINDOWS\System32\PSAPI.DLL
0x00007ff8ce570000 - 0x00007ff8ce5b9000 	C:\Users\admin\AppData\Local\Temp\jna-92668751\jna8144982007603766200.dll
0x00007ff8e86b0000 - 0x00007ff8e86cf000 	C:\WINDOWS\SYSTEM32\dhcpcsvc6.DLL
0x00007ff8e7810000 - 0x00007ff8e7835000 	C:\WINDOWS\SYSTEM32\dhcpcsvc.DLL
0x00007ff8cd900000 - 0x00007ff8cd927000 	C:\Users\admin\.gradle\native\1def1411415f61bf3af743bc5b6707747c0891f09f0c88961ee8f79bc544acac\windows-amd64\native-platform.dll
0x00007ff8d37b0000 - 0x00007ff8d37b9000 	C:\Users\admin\.cursor\extensions\redhat.java-1.42.0-win32-x64\jre\21.0.7-win32-x86_64\bin\extnet.dll
0x00007ff8cdb90000 - 0x00007ff8cdb9e000 	C:\Users\admin\.cursor\extensions\redhat.java-1.42.0-win32-x64\jre\21.0.7-win32-x86_64\bin\sunmscapi.dll
0x00007ff8ee7e0000 - 0x00007ff8ee957000 	C:\WINDOWS\System32\CRYPT32.dll
0x00007ff8ed710000 - 0x00007ff8ed740000 	C:\WINDOWS\SYSTEM32\ncrypt.dll
0x00007ff8ed6c0000 - 0x00007ff8ed6ff000 	C:\WINDOWS\SYSTEM32\NTASN1.dll
0x00007ff8cd8b0000 - 0x00007ff8cd8b8000 	C:\WINDOWS\system32\wshunix.dll

dbghelp: loaded successfully - version: 4.0.5 - missing functions: none
symbol engine: initialized successfully - sym options: 0x614 - pdb path: .;c:\Users\admin\.cursor\extensions\redhat.java-1.42.0-win32-x64\jre\21.0.7-win32-x86_64\bin;C:\WINDOWS\SYSTEM32;C:\WINDOWS\WinSxS\amd64_microsoft.windows.common-controls_6595b64144ccf1df_6.0.26100.3912_none_3e07963ce335137e;c:\Users\admin\.cursor\extensions\redhat.java-1.42.0-win32-x64\jre\21.0.7-win32-x86_64\bin\server;C:\Users\admin\AppData\Roaming\Cursor\User\globalStorage\redhat.java\1.42.0\config_win\org.eclipse.equinox.launcher\org.eclipse.equinox.launcher.win32.win32.x86_64_1.2.1300.v20250331-1702;C:\Users\admin\AppData\Local\Temp\jna-92668751;C:\Users\admin\.gradle\native\1def1411415f61bf3af743bc5b6707747c0891f09f0c88961ee8f79bc544acac\windows-amd64

VM Arguments:
jvm_args: --add-modules=ALL-SYSTEM --add-opens=java.base/java.util=ALL-UNNAMED --add-opens=java.base/java.lang=ALL-UNNAMED --add-opens=java.base/sun.nio.fs=ALL-UNNAMED -Declipse.application=org.eclipse.jdt.ls.core.id1 -Dosgi.bundles.defaultStartLevel=4 -Declipse.product=org.eclipse.jdt.ls.core.product -Djava.import.generatesMetadataFilesAtProjectRoot=false -DDetectVMInstallationsJob.disabled=true -Dfile.encoding=utf8 -XX:+UseParallelGC -XX:GCTimeRatio=4 -XX:AdaptiveSizePolicyWeight=90 -Dsun.zip.disableMemoryMapping=true -Xmx1G -Xms100m -Xlog:disable -javaagent:c:\Users\admin\.cursor\extensions\redhat.java-1.42.0-win32-x64\lombok\lombok-1.18.36.jar -XX:+HeapDumpOnOutOfMemoryError -XX:HeapDumpPath=c:\Users\admin\AppData\Roaming\Cursor\User\workspaceStorage\0426a641ec518546e312a5bf184515bb\redhat.java -Daether.dependencyCollector.impl=bf 
java_command: c:\Users\admin\.cursor\extensions\redhat.java-1.42.0-win32-x64\server\plugins\org.eclipse.equinox.launcher_1.7.0.v20250424-1814.jar -configuration c:\Users\admin\AppData\Roaming\Cursor\User\globalStorage\redhat.java\1.42.0\config_win -data c:\Users\admin\AppData\Roaming\Cursor\User\workspaceStorage\0426a641ec518546e312a5bf184515bb\redhat.java\jdt_ws --pipe=\\.\pipe\lsp-eb9592dddc8b4a627978c1c1b9d50600-sock
java_class_path (initial): c:\Users\admin\.cursor\extensions\redhat.java-1.42.0-win32-x64\server\plugins\org.eclipse.equinox.launcher_1.7.0.v20250424-1814.jar
Launcher Type: SUN_STANDARD

[Global flags]
    uintx AdaptiveSizePolicyWeight                 = 90                                        {product} {command line}
     intx CICompilerCount                          = 12                                        {product} {ergonomic}
    uintx GCTimeRatio                              = 4                                         {product} {command line}
     bool HeapDumpOnOutOfMemoryError               = true                                   {manageable} {command line}
    ccstr HeapDumpPath                             = c:\Users\admin\AppData\Roaming\Cursor\User\workspaceStorage\0426a641ec518546e312a5bf184515bb\redhat.java         {manageable} {command line}
   size_t InitialHeapSize                          = 104857600                                 {product} {command line}
   size_t MaxHeapSize                              = 1073741824                                {product} {command line}
   size_t MaxNewSize                               = 357564416                                 {product} {ergonomic}
   size_t MinHeapDeltaBytes                        = 524288                                    {product} {ergonomic}
   size_t MinHeapSize                              = 104857600                                 {product} {command line}
   size_t NewSize                                  = 34603008                                  {product} {ergonomic}
    uintx NonNMethodCodeHeapSize                   = 7602480                                {pd product} {ergonomic}
    uintx NonProfiledCodeHeapSize                  = 122027880                              {pd product} {ergonomic}
   size_t OldSize                                  = 70254592                                  {product} {ergonomic}
    uintx ProfiledCodeHeapSize                     = 122027880                              {pd product} {ergonomic}
    uintx ReservedCodeCacheSize                    = 251658240                              {pd product} {ergonomic}
     bool SegmentedCodeCache                       = true                                      {product} {ergonomic}
   size_t SoftMaxHeapSize                          = 1073741824                             {manageable} {ergonomic}
     bool UseCompressedOops                        = true                           {product lp64_product} {ergonomic}
     bool UseLargePagesIndividualAllocation        = false                                  {pd product} {ergonomic}
     bool UseParallelGC                            = true                                      {product} {command line}

Logging:
Log output configuration:
 #0: stdout all=off uptime,level,tags foldmultilines=false
 #1: stderr all=off uptime,level,tags foldmultilines=false

Environment Variables:
JAVA_HOME=C:\Program Files\OpenLogic\jdk-17.0.15.6-hotspot
PATH=C:\Program Files\Common Files\Oracle\Java\javapath;C:\Program Files\OpenLogic\jdk-17.0.15.6-hotspot\bin;C:\WINDOWS\system32;C:\WINDOWS;C:\WINDOWS\System32\Wbem;C:\WINDOWS\System32\WindowsPowerShell\v1.0\;C:\WINDOWS\System32\OpenSSH\;C:\Program Files\dotnet\;C:\Program Files\Microsoft SQL Server\130\Tools\Binn\;C:\Program Files\Git\cmd;C:\Users\admin\AppData\Roaming\nvm;C:\Program Files\nodejs;C:\Program Files\Microsoft SQL Server\150\Tools\Binn\;C:\Users\admin\AppData\Local\Microsoft\WindowsApps;C:\Users\admin\AppData\Roaming\npm;C:\Users\admin\AppData\Local\Programs\Microsoft VS Code\bin;C:\Users\admin\AppData\Roaming\nvm;C:\Program Files\nodejs;C:\Users\admin\AppData\Local\Android\Sdk\platform-tools;C:\Users\admin\AppData\Local\Programs\cursor\resources\app\bin;C:\;C:\Users\admin\.dotnet\tools
USERNAME=admin
OS=Windows_NT
PROCESSOR_IDENTIFIER=Intel64 Family 6 Model 165 Stepping 5, GenuineIntel
TMP=C:\Users\admin\AppData\Local\Temp
TEMP=C:\Users\admin\AppData\Local\Temp




Periodic native trim disabled

---------------  S Y S T E M  ---------------

OS:
 Windows 11 , 64 bit Build 26100 (10.0.26100.3912)
OS uptime: 2 days 18:59 hours

CPU: total 16 (initial active 16) (8 cores per cpu, 2 threads per core) family 6 model 165 stepping 5 microcode 0xec, cx8, cmov, fxsr, ht, mmx, 3dnowpref, sse, sse2, sse3, ssse3, sse4.1, sse4.2, popcnt, lzcnt, tsc, tscinvbit, avx, avx2, aes, erms, clmul, bmi1, bmi2, adx, fma, vzeroupper, clflush, clflushopt, rdtscp, f16c, pku
Processor Information for processor 0
  Max Mhz: 2901, Current Mhz: 2901, Mhz Limit: 2901
Processor Information for processor 1
  Max Mhz: 2901, Current Mhz: 1700, Mhz Limit: 2901
Processor Information for processor 2
  Max Mhz: 2901, Current Mhz: 1700, Mhz Limit: 2901
Processor Information for processor 3
  Max Mhz: 2901, Current Mhz: 1700, Mhz Limit: 2901
Processor Information for processor 4
  Max Mhz: 2901, Current Mhz: 1700, Mhz Limit: 2901
Processor Information for processor 5
  Max Mhz: 2901, Current Mhz: 1700, Mhz Limit: 2901
Processor Information for processor 6
  Max Mhz: 2901, Current Mhz: 1700, Mhz Limit: 2901
Processor Information for processor 7
  Max Mhz: 2901, Current Mhz: 2901, Mhz Limit: 2901
Processor Information for processor 8
  Max Mhz: 2901, Current Mhz: 2901, Mhz Limit: 2901
Processor Information for processor 9
  Max Mhz: 2901, Current Mhz: 1700, Mhz Limit: 2901
Processor Information for processor 10
  Max Mhz: 2901, Current Mhz: 2901, Mhz Limit: 2901
Processor Information for processor 11
  Max Mhz: 2901, Current Mhz: 1700, Mhz Limit: 2901
Processor Information for processor 12
  Max Mhz: 2901, Current Mhz: 1700, Mhz Limit: 2901
Processor Information for processor 13
  Max Mhz: 2901, Current Mhz: 1700, Mhz Limit: 2901
Processor Information for processor 14
  Max Mhz: 2901, Current Mhz: 1700, Mhz Limit: 2901
Processor Information for processor 15
  Max Mhz: 2901, Current Mhz: 2901, Mhz Limit: 2901

Memory: 4k page, system-wide physical 16096M (2771M free)
TotalPageFile size 34528M (AvailPageFile size 5057M)
current process WorkingSet (physical memory assigned to process): 271M, peak: 285M
current process commit charge ("private bytes"): 353M, peak: 377M

vm_info: OpenJDK 64-Bit Server VM (21.0.7+6-LTS) for windows-amd64 JRE (21.0.7+6-LTS), built on 2025-04-15T00:00:00Z by "admin" with MS VC++ 17.7 (VS2022)

END.
