#
# A fatal error has been detected by the Java Runtime Environment:
#
#  EXCEPTION_ACCESS_VIOLATION (0xc0000005) at pc=0x000000018000c274, pid=7740, tid=21532
#
# JRE version: OpenJDK Runtime Environment Temurin-21.0.7+6 (21.0.7+6) (build 21.0.7+6-LTS)
# Java VM: OpenJDK 64-Bit Server VM Temurin-21.0.7+6 (21.0.7+6-LTS, mixed mode, sharing, tiered, compressed oops, compressed class ptrs, parallel gc, windows-amd64)
# Problematic frame:
# C  [ASProxy64.dll+0xc274]
#
# No core dump will be written. Minidumps are not enabled by default on client versions of Windows
#
# If you would like to submit a bug report, please visit:
#   https://github.com/adoptium/adoptium-support/issues
# The crash happened outside the Java Virtual Machine in native code.
# See problematic frame for where to report the bug.
#

---------------  S U M M A R Y ------------

Command Line: --add-modules=ALL-SYSTEM --add-opens=java.base/java.util=ALL-UNNAMED --add-opens=java.base/java.lang=ALL-UNNAMED --add-opens=java.base/sun.nio.fs=ALL-UNNAMED -Declipse.application=org.eclipse.jdt.ls.core.id1 -Dosgi.bundles.defaultStartLevel=4 -Declipse.product=org.eclipse.jdt.ls.core.product -Djava.import.generatesMetadataFilesAtProjectRoot=false -DDetectVMInstallationsJob.disabled=true -Dfile.encoding=utf8 -XX:+UseParallelGC -XX:GCTimeRatio=4 -XX:AdaptiveSizePolicyWeight=90 -Dsun.zip.disableMemoryMapping=true -Xmx1G -Xms100m -Xlog:disable -javaagent:c:\Users\admin\.cursor\extensions\redhat.java-1.42.0-win32-x64\lombok\lombok-1.18.36.jar -XX:+HeapDumpOnOutOfMemoryError -XX:HeapDumpPath=c:\Users\admin\AppData\Roaming\Cursor\User\workspaceStorage\0426a641ec518546e312a5bf184515bb\redhat.java -Daether.dependencyCollector.impl=bf c:\Users\admin\.cursor\extensions\redhat.java-1.42.0-win32-x64\server\plugins\org.eclipse.equinox.launcher_1.7.0.v20250424-1814.jar -configuration c:\Users\admin\AppData\Roaming\Cursor\User\globalStorage\redhat.java\1.42.0\config_win -data c:\Users\admin\AppData\Roaming\Cursor\User\workspaceStorage\0426a641ec518546e312a5bf184515bb\redhat.java\jdt_ws --pipe=\\.\pipe\lsp-8641130eb2fc449ffbd911802ee4fd3a-sock

Host: Intel(R) Core(TM) i7-10700 CPU @ 2.90GHz, 16 cores, 15G,  Windows 11 , 64 bit Build 26100 (10.0.26100.3912)
Time: Mon May 19 06:05:00 2025 Eastern Daylight Time elapsed time: 8.844638 seconds (0d 0h 0m 8s)

---------------  T H R E A D  ---------------

Current thread (0x000001d8c1ef05d0):  JavaThread "Connection worker"        [_thread_in_native, id=21532, stack(0x0000006660e80000,0x0000006660f80000) (1024K)]

Stack: [0x0000006660e80000,0x0000006660f80000],  sp=0x0000006660f7e3c0,  free space=1016k
Native frames: (J=compiled Java code, j=interpreted, Vv=VM code, C=native code)
C  [ASProxy64.dll+0xc274]

Java frames: (J=compiled Java code, j=interpreted, Vv=VM code)
j  sun.nio.ch.WEPoll.ctl(JIJI)I+0 java.base@21.0.7
j  sun.nio.ch.WEPollSelectorImpl.<init>(Ljava/nio/channels/spi/SelectorProvider;)V+139 java.base@21.0.7
j  sun.nio.ch.WEPollSelectorProvider.openSelector()Ljava/nio/channels/spi/AbstractSelector;+5 java.base@21.0.7
j  java.nio.channels.Selector.open()Ljava/nio/channels/Selector;+3 java.base@21.0.7
j  org.gradle.internal.remote.internal.inet.SocketConnection$SocketInputStream.<init>(Ljava/nio/channels/SocketChannel;)V+17
j  org.gradle.internal.remote.internal.inet.SocketConnection.<init>(Ljava/nio/channels/SocketChannel;Lorg/gradle/internal/remote/internal/MessageSerializer;Lorg/gradle/internal/serialize/StatefulSerializer;)V+27
j  org.gradle.internal.remote.internal.inet.SocketConnectCompletion.create(Lorg/gradle/internal/serialize/StatefulSerializer;)Lorg/gradle/internal/remote/internal/RemoteConnection;+16
j  org.gradle.launcher.daemon.client.DefaultDaemonConnector.connectToDaemon(Lorg/gradle/launcher/daemon/context/DaemonConnectDetails;Lorg/gradle/launcher/daemon/client/DaemonClientConnection$StaleAddressDetector;)Lorg/gradle/launcher/daemon/client/DaemonClientConnection;+45
j  org.gradle.launcher.daemon.client.DefaultDaemonConnector.connectToDaemonWithId(Lorg/gradle/launcher/daemon/diagnostics/DaemonStartupInfo;Lorg/gradle/api/internal/specs/ExplainingSpec;)Lorg/gradle/launcher/daemon/client/DaemonClientConnection;+116
j  org.gradle.launcher.daemon.client.DefaultDaemonConnector.doStartDaemon(Lorg/gradle/api/internal/specs/ExplainingSpec;Z)Lorg/gradle/launcher/daemon/client/DaemonClientConnection;+61
j  org.gradle.launcher.daemon.client.DefaultDaemonConnector.startDaemon(Lorg/gradle/api/internal/specs/ExplainingSpec;)Lorg/gradle/launcher/daemon/client/DaemonClientConnection;+3
j  org.gradle.launcher.daemon.client.DaemonClient.execute(Lorg/gradle/internal/invocation/BuildAction;Lorg/gradle/launcher/exec/BuildActionParameters;Lorg/gradle/internal/daemon/client/execution/ClientBuildRequestContext;)Lorg/gradle/launcher/exec/BuildActionResult;+201
j  org.gradle.launcher.daemon.client.DaemonClient.execute(Lorg/gradle/internal/invocation/BuildAction;Ljava/lang/Object;Ljava/lang/Object;)Lorg/gradle/launcher/exec/BuildActionResult;+10
j  org.gradle.tooling.internal.provider.DaemonBuildActionExecuter.execute(Lorg/gradle/internal/invocation/BuildAction;Lorg/gradle/tooling/internal/provider/ConnectionOperationParameters;Lorg/gradle/internal/daemon/client/execution/ClientBuildRequestContext;)Lorg/gradle/launcher/exec/BuildActionResult;+72
j  org.gradle.tooling.internal.provider.DaemonBuildActionExecuter.execute(Lorg/gradle/internal/invocation/BuildAction;Ljava/lang/Object;Ljava/lang/Object;)Lorg/gradle/launcher/exec/BuildActionResult;+10
j  org.gradle.tooling.internal.provider.LoggingBridgingBuildActionExecuter.execute(Lorg/gradle/internal/invocation/BuildAction;Lorg/gradle/tooling/internal/provider/ConnectionOperationParameters;Lorg/gradle/internal/daemon/client/execution/ClientBuildRequestContext;)Lorg/gradle/launcher/exec/BuildActionResult;+77
j  org.gradle.tooling.internal.provider.LoggingBridgingBuildActionExecuter.execute(Lorg/gradle/internal/invocation/BuildAction;Ljava/lang/Object;Ljava/lang/Object;)Lorg/gradle/launcher/exec/BuildActionResult;+10
j  org.gradle.tooling.internal.provider.ProviderConnection.run(Lorg/gradle/internal/invocation/BuildAction;Lorg/gradle/initialization/BuildCancellationToken;Lorg/gradle/tooling/internal/provider/ProviderConnection$ProgressListenerConfiguration;Lorg/gradle/initialization/BuildEventConsumer;Lorg/gradle/tooling/internal/provider/connection/ProviderOperationParameters;Lorg/gradle/tooling/internal/provider/ProviderConnection$Parameters;)Ljava/lang/Object;+79
j  org.gradle.tooling.internal.provider.ProviderConnection.runPhasedAction(Lorg/gradle/tooling/internal/protocol/InternalPhasedAction;Lorg/gradle/tooling/internal/protocol/PhasedActionResultListener;Lorg/gradle/initialization/BuildCancellationToken;Lorg/gradle/tooling/internal/provider/connection/ProviderOperationParameters;)Ljava/lang/Object;+132
j  org.gradle.tooling.internal.provider.DefaultConnection.run(Lorg/gradle/tooling/internal/protocol/InternalPhasedAction;Lorg/gradle/tooling/internal/protocol/PhasedActionResultListener;Lorg/gradle/tooling/internal/protocol/InternalCancellationToken;Lorg/gradle/tooling/internal/protocol/BuildParameters;)Lorg/gradle/tooling/internal/protocol/BuildResult;+28
j  org.gradle.tooling.internal.consumer.connection.PhasedActionAwareConsumerConnection.run(Lorg/gradle/tooling/internal/consumer/PhasedBuildAction;Lorg/gradle/tooling/internal/consumer/parameters/ConsumerOperationParameters;)V+66
j  org.gradle.tooling.internal.consumer.connection.ParameterValidatingConsumerConnection.run(Lorg/gradle/tooling/internal/consumer/PhasedBuildAction;Lorg/gradle/tooling/internal/consumer/parameters/ConsumerOperationParameters;)V+11
j  org.gradle.tooling.internal.consumer.DefaultPhasedBuildActionExecuter$1.run(Lorg/gradle/tooling/internal/consumer/connection/ConsumerConnection;)Ljava/lang/Void;+12
j  org.gradle.tooling.internal.consumer.DefaultPhasedBuildActionExecuter$1.run(Lorg/gradle/tooling/internal/consumer/connection/ConsumerConnection;)Ljava/lang/Object;+2
j  org.gradle.tooling.internal.consumer.connection.LazyConsumerActionExecutor.run(Lorg/gradle/tooling/internal/consumer/connection/ConsumerAction;)Ljava/lang/Object;+34
j  org.gradle.tooling.internal.consumer.connection.CancellableConsumerActionExecutor.run(Lorg/gradle/tooling/internal/consumer/connection/ConsumerAction;)Ljava/lang/Object;+34
j  org.gradle.tooling.internal.consumer.connection.ProgressLoggingConsumerActionExecutor.run(Lorg/gradle/tooling/internal/consumer/connection/ConsumerAction;)Ljava/lang/Object;+78
j  org.gradle.tooling.internal.consumer.connection.RethrowingErrorsConsumerActionExecutor.run(Lorg/gradle/tooling/internal/consumer/connection/ConsumerAction;)Ljava/lang/Object;+5
j  org.gradle.tooling.internal.consumer.async.DefaultAsyncConsumerActionExecutor$1$1.run()V+17
j  org.gradle.internal.concurrent.ExecutorPolicy$CatchAndRecordFailures.onExecute(Ljava/lang/Runnable;)V+1
j  org.gradle.internal.concurrent.AbstractManagedExecutor$1.run()V+25
j  java.util.concurrent.ThreadPoolExecutor.runWorker(Ljava/util/concurrent/ThreadPoolExecutor$Worker;)V+92 java.base@21.0.7
j  java.util.concurrent.ThreadPoolExecutor$Worker.run()V+5 java.base@21.0.7
j  java.lang.Thread.runWith(Ljava/lang/Object;Ljava/lang/Runnable;)V+5 java.base@21.0.7
j  java.lang.Thread.run()V+19 java.base@21.0.7
v  ~StubRoutines::call_stub 0x000001d8ec2d100d

siginfo: EXCEPTION_ACCESS_VIOLATION (0xc0000005), reading address 0x0000000000001260


Registers:
RAX=0x0000000000000000, RBX=0x000001d8fe4ed3e8, RCX=0x0000000000000d30, RDX=0x0000000000000002
RSP=0x0000006660f7e3c0, RBP=0x0000000000001260, RSI=0x000001d8c55066f0, RDI=0x0000000000001260
R8 =0x7ffffffffffffffc, R9 =0x0000000000000000, R10=0x0000000000000d30, R11=0x000001d8e1c94020
R12=0x0000006660f7e600, R13=0x000000000000042c, R14=0x000001d8c55066c0, R15=0x000000000000042c
RIP=0x000000018000c274, EFLAGS=0x0000000000010246

XMM[0]=0x0000000000000000 0x0000000000000000
XMM[1]=0x0000000000000000 0x0000000000000000
XMM[2]=0x0000000000000000 0x0000000000000000
XMM[3]=0x0000000000000000 0x0000000000000000
XMM[4]=0x0000000000000000 0x0000000000000000
XMM[5]=0x0000000000000000 0x0000000000000000
XMM[6]=0x49185b0292406d18 0xbce981b20c696e87
XMM[7]=0x6e81c2e8f556b4af 0x9b1123e14f742f2b
XMM[8]=0x0000000000000000 0x26f32bb93b0bcb73
XMM[9]=0x34f33bdab45058a6 0x3f6190cce0332f25
XMM[10]=0xffffffffffffffff 0x0b0a090803020100
XMM[11]=0xb5aa3aa29263135f 0x0000000000000000
XMM[12]=0x0b0a090803020100 0xffffffffffffffff
XMM[13]=0x0c0d0e0f08090a0b 0x0405060700010203
XMM[14]=0x0000000000000000 0x6c9c4e785cd1fc34
XMM[15]=0x0000000000000000 0x00000000f035adbc
  MXCSR=0x00001fa0


Register to memory mapping:

RAX=0x0 is null
RBX=0x000001d8fe4ed3e8 points into unknown readable memory: 0x0000000000000000 | 00 00 00 00 00 00 00 00
RCX=0x0000000000000d30 is an unknown value
RDX=0x0000000000000002 is an unknown value
RSP=0x0000006660f7e3c0 is pointing into the stack for thread: 0x000001d8c1ef05d0
RBP=0x0000000000001260 is an unknown value
RSI=0x000001d8c55066f0 points into unknown readable memory: 0x000001d8c55066f0 | f0 66 50 c5 d8 01 00 00
RDI=0x0000000000001260 is an unknown value
R8 =0x7ffffffffffffffc is an unknown value
R9 =0x0 is null
R10=0x0000000000000d30 is an unknown value
R11=0x000001d8e1c94020 points into unknown readable memory: 0x00000000000007d0 | d0 07 00 00 00 00 00 00
R12=0x0000006660f7e600 is pointing into the stack for thread: 0x000001d8c1ef05d0
R13=0x000000000000042c is an unknown value
R14=0x000001d8c55066c0 points into unknown readable memory: 0x0000000000001260 | 60 12 00 00 00 00 00 00
R15=0x000000000000042c is an unknown value

Top of Stack: (sp=0x0000006660f7e3c0)
0x0000006660f7e3c0:   0000000000000000 0000000000000000
0x0000006660f7e3d0:   0000000000001260 000000018001f4c2
0x0000006660f7e3e0:   0000000180065ec8 0000000000002736
0x0000006660f7e3f0:   0000000000000001 0000000000000d30
0x0000006660f7e400:   0000000000001260 000000018000c506
0x0000006660f7e410:   000001d8fe4ed3e8 0000000000002736
0x0000006660f7e420:   0000000000000000 000001d800000008
0x0000006660f7e430:   000000660000001e 0000000000000000
0x0000006660f7e440:   0000000000001260 0000000000000000
0x0000006660f7e450:   0000000000000001 0000000000000000
0x0000006660f7e460:   0000000000001260 00007ff8c3e077e6
0x0000006660f7e470:   0000000000000d30 0000000000001202
0x0000006660f7e480:   000001d8c55066f0 0000006660f7e5d0
0x0000006660f7e490:   0000000000000000 000001d800000000
0x0000006660f7e4a0:   0000000000000003 000001d800000001
0x0000006660f7e4b0:   0000000000000000 0000000000000000
0x0000006660f7e4c0:   00007ff800000000 00007ff8edfe0139
0x0000006660f7e4d0:   0000000000000d30 0000000000000000
0x0000006660f7e4e0:   0000000000000000 0000c054e7fb4335
0x0000006660f7e4f0:   000001d8fe4ed3d0 00007ff8c3e082af
0x0000006660f7e500:   0000000000000028 00007ff846642cac
0x0000006660f7e510:   000001d8fe4ed3d8 000001d8e1cbb970
0x0000006660f7e520:   000001d8c55066c0 00007ff8c3e08359
0x0000006660f7e530:   000001d8c55066f0 0000006660f7e600
0x0000006660f7e540:   000001d8c55066f0 000001d8c55066c0
0x0000006660f7e550:   000001d8c1ef05d0 0000006660f7e600
0x0000006660f7e560:   000001d8fc5db810 0000000000000000
0x0000006660f7e570:   000001d8c55066c0 00007ff8c3e08787
0x0000006660f7e580:   0000000000000000 0000006660f7e600
0x0000006660f7e590:   000000000000042c 000001d8c1ef05d0
0x0000006660f7e5a0:   0000000000000001 00007ff8c3e07a75
0x0000006660f7e5b0:   0000000000001260 0000006660f7e600 

Instructions: (pc=0x000000018000c274)
0x000000018000c174:   70 48 8b 6c 24 78 32 c0 48 83 c4 50 41 5c c3 cc
0x000000018000c184:   cc cc cc cc cc cc cc cc cc cc cc cc 48 85 c9 74
0x000000018000c194:   23 8b 05 ad ff 06 00 89 01 8b 05 a9 ff 06 00 89
0x000000018000c1a4:   41 04 8b 05 a4 ff 06 00 89 41 08 8b 05 9f ff 06
0x000000018000c1b4:   00 89 41 0c f3 c3 cc cc cc cc cc cc c6 01 01 c7
0x000000018000c1c4:   02 01 00 00 00 c3 cc cc cc cc cc cc 48 89 5c 24
0x000000018000c1d4:   08 57 48 83 ec 70 48 8b fa 8b d9 48 8d 15 82 73
0x000000018000c1e4:   05 00 48 8d 4c 24 20 45 33 c0 48 c7 44 24 40 0f
0x000000018000c1f4:   00 00 00 48 c7 44 24 38 00 00 00 00 c6 44 24 28
0x000000018000c204:   00 e8 d6 6b ff ff 4c 8d 4c 24 20 48 8d 4c 24 48
0x000000018000c214:   41 b0 01 8b d3 e8 52 06 02 00 48 83 78 20 10 72
0x000000018000c224:   06 48 8b 48 08 eb 05 48 8d 48 08 90 0f b6 01 48
0x000000018000c234:   ff c7 48 ff c1 88 47 ff 84 c0 75 f0 48 83 7c 24
0x000000018000c244:   68 10 72 0a 48 8b 4c 24 50 e8 52 94 03 00 48 8b
0x000000018000c254:   9c 24 80 00 00 00 48 83 c4 70 5f c3 48 83 ec 48
0x000000018000c264:   0f b6 c2 0f 57 c0 0f 11 44 24 ff 25 00 00 00 00
0x000000018000c274:   ae 7e ef ee f8 7f 00 00 8b 44 24 04 0f af 04 24
0x000000018000c284:   89 04 24 8b 44 24 04 0f af 04 24 83 c0 01 89 04
0x000000018000c294:   24 8b 44 24 04 0f af 04 24 83 c0 02 89 04 24 8b
0x000000018000c2a4:   44 24 04 0f af 04 24 83 c0 03 89 04 24 8b 44 24
0x000000018000c2b4:   04 0f af 04 24 83 c0 04 89 04 24 8b 44 24 04 0f
0x000000018000c2c4:   af 04 24 83 c0 05 89 04 24 8b 44 24 04 0f af 04
0x000000018000c2d4:   24 83 c0 06 89 04 24 8b 44 24 04 0f af 04 24 83
0x000000018000c2e4:   c0 07 89 04 24 8b 44 24 04 0f af 04 24 83 c0 08
0x000000018000c2f4:   89 04 24 8b 44 24 04 0f af 04 24 83 c0 09 89 04
0x000000018000c304:   24 8b 44 24 04 0f af 04 24 83 c0 0a 89 04 24 8b
0x000000018000c314:   44 24 04 0f af 04 24 83 c0 0b 89 04 24 8b 44 24
0x000000018000c324:   04 0f af 04 24 83 c0 0d 89 04 24 8b 44 24 04 0f
0x000000018000c334:   af 04 24 83 c0 0e 89 04 24 8b 44 24 04 0f af 04
0x000000018000c344:   24 83 c0 0f 89 04 24 8b 44 24 04 0f af 04 24 83
0x000000018000c354:   c0 10 89 04 24 8b 44 24 04 0f af 04 24 83 c0 11
0x000000018000c364:   89 04 24 8b 44 24 04 0f af 04 24 83 c0 12 89 04 


Stack slot to memory mapping:

stack at sp + 0 slots: 0x0 is null
stack at sp + 1 slots: 0x0 is null
stack at sp + 2 slots: 0x0000000000001260 is an unknown value
stack at sp + 3 slots: 0x000000018001f4c2 ASProxy64.dll
stack at sp + 4 slots: 0x0000000180065ec8 ASProxy64.dll
stack at sp + 5 slots: 0x0000000000002736 is an unknown value
stack at sp + 6 slots: 0x0000000000000001 is an unknown value
stack at sp + 7 slots: 0x0000000000000d30 is an unknown value


---------------  P R O C E S S  ---------------

Threads class SMR info:
_java_thread_list=0x000001d8c239f740, length=60, elements={
0x000001d8df91b160, 0x000001d8e1d353d0, 0x000001d8e1d35f80, 0x000001d8e1d3aa90,
0x000001d8e1d3b960, 0x000001d8e1d3e1d0, 0x000001d8e1d47ce0, 0x000001d8f7566770,
0x000001d8f7569800, 0x000001d8e1d48a00, 0x000001d8f7661dd0, 0x000001d8f7662470,
0x000001d8e1d45c10, 0x000001d8e1d45580, 0x000001d8e1d462a0, 0x000001d8e1d46930,
0x000001d8e1d46fc0, 0x000001d8e1d47650, 0x000001d8feb40450, 0x000001d8feb3dcf0,
0x000001d8feb3fdc0, 0x000001d8feb3ea10, 0x000001d8feb3cfd0, 0x000001d8feb40ae0,
0x000001d8feb3f0a0, 0x000001d8feb3d660, 0x000001d8feb43240, 0x000001d8feb42520,
0x000001d8feb445f0, 0x000001d8feb41800, 0x000001d8feb41170, 0x000001d8feb41e90,
0x000001d8feb42bb0, 0x000001d8feb43f60, 0x000001d8feb438d0, 0x000001d8ff423130,
0x000001d8ff421d80, 0x000001d8ff422410, 0x000001d8ff422aa0, 0x000001d8ff4237c0,
0x000001d8ff423e50, 0x000001d8ff4244e0, 0x000001d8ff424b70, 0x000001d8ff4216f0,
0x000001d8ff4272d0, 0x000001d8ff426c40, 0x000001d8ff427960, 0x000001d8ff427ff0,
0x000001d8ff425200, 0x000001d8ff425f20, 0x000001d8ff4265b0, 0x000001d8c1eef220,
0x000001d8c1eef8b0, 0x000001d8c1ef0c60, 0x000001d8c1ef33c0, 0x000001d8c1ef05d0,
0x000001d8c1eeff40, 0x000001d8c1ef2d30, 0x000001d8c1ef40e0, 0x000001d8c1ef12f0
}

Java Threads: ( => current thread )
  0x000001d8df91b160 JavaThread "main"                              [_thread_blocked, id=21848, stack(0x000000665af00000,0x000000665b000000) (1024K)]
  0x000001d8e1d353d0 JavaThread "Reference Handler"          daemon [_thread_blocked, id=17548, stack(0x000000665b300000,0x000000665b400000) (1024K)]
  0x000001d8e1d35f80 JavaThread "Finalizer"                  daemon [_thread_blocked, id=1864, stack(0x000000665b400000,0x000000665b500000) (1024K)]
  0x000001d8e1d3aa90 JavaThread "Signal Dispatcher"          daemon [_thread_blocked, id=20116, stack(0x000000665b500000,0x000000665b600000) (1024K)]
  0x000001d8e1d3b960 JavaThread "Attach Listener"            daemon [_thread_blocked, id=23328, stack(0x000000665b600000,0x000000665b700000) (1024K)]
  0x000001d8e1d3e1d0 JavaThread "Service Thread"             daemon [_thread_blocked, id=4868, stack(0x000000665b700000,0x000000665b800000) (1024K)]
  0x000001d8e1d47ce0 JavaThread "Monitor Deflation Thread"   daemon [_thread_blocked, id=32300, stack(0x000000665b800000,0x000000665b900000) (1024K)]
  0x000001d8f7566770 JavaThread "C2 CompilerThread0"         daemon [_thread_blocked, id=9724, stack(0x000000665b900000,0x000000665ba00000) (1024K)]
  0x000001d8f7569800 JavaThread "C1 CompilerThread0"         daemon [_thread_blocked, id=34544, stack(0x000000665ba00000,0x000000665bb00000) (1024K)]
  0x000001d8e1d48a00 JavaThread "Common-Cleaner"             daemon [_thread_blocked, id=34296, stack(0x000000665bb00000,0x000000665bc00000) (1024K)]
  0x000001d8f7661dd0 JavaThread "C1 CompilerThread1"         daemon [_thread_blocked, id=11572, stack(0x000000665bc00000,0x000000665bd00000) (1024K)]
  0x000001d8f7662470 JavaThread "C1 CompilerThread2"         daemon [_thread_blocked, id=9484, stack(0x000000665bd00000,0x000000665be00000) (1024K)]
  0x000001d8e1d45c10 JavaThread "Notification Thread"        daemon [_thread_blocked, id=26712, stack(0x000000665cf00000,0x000000665d000000) (1024K)]
  0x000001d8e1d45580 JavaThread "Active Thread: Equinox Container: dac154a3-de33-4371-9c77-74905bc37aeb"        [_thread_blocked, id=21468, stack(0x000000665db80000,0x000000665dc80000) (1024K)]
  0x000001d8e1d462a0 JavaThread "Refresh Thread: Equinox Container: dac154a3-de33-4371-9c77-74905bc37aeb" daemon [_thread_blocked, id=31948, stack(0x000000665dd80000,0x000000665de80000) (1024K)]
  0x000001d8e1d46930 JavaThread "Framework Event Dispatcher: Equinox Container: dac154a3-de33-4371-9c77-74905bc37aeb" daemon [_thread_blocked, id=31572, stack(0x000000665de80000,0x000000665df80000) (1024K)]
  0x000001d8e1d46fc0 JavaThread "Start Level: Equinox Container: dac154a3-de33-4371-9c77-74905bc37aeb" daemon [_thread_blocked, id=20528, stack(0x000000665df80000,0x000000665e080000) (1024K)]
  0x000001d8e1d47650 JavaThread "Bundle File Closer"         daemon [_thread_blocked, id=8820, stack(0x000000665e380000,0x000000665e480000) (1024K)]
  0x000001d8feb40450 JavaThread "SCR Component Actor"        daemon [_thread_blocked, id=17988, stack(0x000000665e480000,0x000000665e580000) (1024K)]
  0x000001d8feb3dcf0 JavaThread "Worker-JM"                         [_thread_blocked, id=30196, stack(0x000000665e780000,0x000000665e880000) (1024K)]
  0x000001d8feb3fdc0 JavaThread "Worker-0"                          [_thread_blocked, id=20248, stack(0x000000665e980000,0x000000665ea80000) (1024K)]
  0x000001d8feb3ea10 JavaThread "Worker-1: Initialize Workspace"        [_thread_blocked, id=13208, stack(0x000000665ea80000,0x000000665eb80000) (1024K)]
  0x000001d8feb3cfd0 JavaThread "Java indexing"              daemon [_thread_blocked, id=30328, stack(0x000000665eb80000,0x000000665ec80000) (1024K)]
  0x000001d8feb40ae0 JavaThread "JNA Cleaner"                daemon [_thread_blocked, id=30208, stack(0x000000665ec80000,0x000000665ed80000) (1024K)]
  0x000001d8feb3f0a0 JavaThread "Worker-2"                          [_thread_blocked, id=35584, stack(0x000000665f080000,0x000000665f180000) (1024K)]
  0x000001d8feb3d660 JavaThread "Worker-3"                          [_thread_blocked, id=34720, stack(0x000000665f180000,0x000000665f280000) (1024K)]
  0x000001d8feb43240 JavaThread "Thread-2"                   daemon [_thread_in_native, id=29296, stack(0x000000665f280000,0x000000665f380000) (1024K)]
  0x000001d8feb42520 JavaThread "Thread-3"                   daemon [_thread_in_native, id=12348, stack(0x000000665f380000,0x000000665f480000) (1024K)]
  0x000001d8feb445f0 JavaThread "Thread-4"                   daemon [_thread_in_native, id=8980, stack(0x000000665f480000,0x000000665f580000) (1024K)]
  0x000001d8feb41800 JavaThread "Thread-5"                   daemon [_thread_in_native, id=10132, stack(0x000000665f580000,0x000000665f680000) (1024K)]
  0x000001d8feb41170 JavaThread "Thread-6"                   daemon [_thread_in_native, id=29104, stack(0x000000665f680000,0x000000665f780000) (1024K)]
  0x000001d8feb41e90 JavaThread "Thread-7"                   daemon [_thread_in_native, id=21508, stack(0x000000665f780000,0x000000665f880000) (1024K)]
  0x000001d8feb42bb0 JavaThread "Thread-8"                   daemon [_thread_in_native, id=13452, stack(0x000000665f880000,0x000000665f980000) (1024K)]
  0x000001d8feb43f60 JavaThread "Thread-9"                   daemon [_thread_in_native, id=34188, stack(0x000000665f980000,0x000000665fa80000) (1024K)]
  0x000001d8feb438d0 JavaThread "Thread-10"                  daemon [_thread_in_native, id=10848, stack(0x000000665fa80000,0x000000665fb80000) (1024K)]
  0x000001d8ff423130 JavaThread "Thread-11"                  daemon [_thread_in_native, id=4584, stack(0x000000665fb80000,0x000000665fc80000) (1024K)]
  0x000001d8ff421d80 JavaThread "Thread-12"                  daemon [_thread_in_native, id=35192, stack(0x000000665fc80000,0x000000665fd80000) (1024K)]
  0x000001d8ff422410 JavaThread "Thread-13"                  daemon [_thread_in_native, id=19360, stack(0x000000665fd80000,0x000000665fe80000) (1024K)]
  0x000001d8ff422aa0 JavaThread "Thread-14"                  daemon [_thread_in_native, id=21808, stack(0x000000665fe80000,0x000000665ff80000) (1024K)]
  0x000001d8ff4237c0 JavaThread "Thread-15"                  daemon [_thread_in_native, id=31748, stack(0x000000665ff80000,0x0000006660080000) (1024K)]
  0x000001d8ff423e50 JavaThread "Thread-16"                  daemon [_thread_in_native, id=26272, stack(0x0000006660080000,0x0000006660180000) (1024K)]
  0x000001d8ff4244e0 JavaThread "Thread-17"                  daemon [_thread_in_native, id=27008, stack(0x0000006660180000,0x0000006660280000) (1024K)]
  0x000001d8ff424b70 JavaThread "Thread-18"                  daemon [_thread_in_native, id=26700, stack(0x0000006660280000,0x0000006660380000) (1024K)]
  0x000001d8ff4216f0 JavaThread "pool-2-thread-1"                   [_thread_blocked, id=27332, stack(0x0000006660380000,0x0000006660480000) (1024K)]
  0x000001d8ff4272d0 JavaThread "WorkspaceEventsHandler"            [_thread_blocked, id=10064, stack(0x0000006660480000,0x0000006660580000) (1024K)]
  0x000001d8ff426c40 JavaThread "pool-1-thread-1"                   [_thread_blocked, id=32640, stack(0x0000006660580000,0x0000006660680000) (1024K)]
  0x000001d8ff427960 JavaThread "Worker-4"                          [_thread_blocked, id=9892, stack(0x0000006660980000,0x0000006660a80000) (1024K)]
  0x000001d8ff427ff0 JavaThread "Timer-0"                           [_thread_blocked, id=24308, stack(0x0000006660a80000,0x0000006660b80000) (1024K)]
  0x000001d8ff425200 JavaThread "Timer-1"                           [_thread_blocked, id=23928, stack(0x000000665da80000,0x000000665db80000) (1024K)]
  0x000001d8ff425f20 JavaThread "Timer-2"                           [_thread_blocked, id=21280, stack(0x0000006660680000,0x0000006660780000) (1024K)]
  0x000001d8ff4265b0 JavaThread "LocalFile Deleter"          daemon [_thread_blocked, id=2868, stack(0x0000006660780000,0x0000006660880000) (1024K)]
  0x000001d8c1eef220 JavaThread "LocalFile Deleter"          daemon [_thread_blocked, id=24344, stack(0x0000006660880000,0x0000006660980000) (1024K)]
  0x000001d8c1eef8b0 JavaThread "LocalFile Deleter"          daemon [_thread_blocked, id=21624, stack(0x0000006660b80000,0x0000006660c80000) (1024K)]
  0x000001d8c1ef0c60 JavaThread "Timer-3"                           [_thread_blocked, id=29072, stack(0x0000006660c80000,0x0000006660d80000) (1024K)]
  0x000001d8c1ef33c0 JavaThread "Timer-4"                           [_thread_blocked, id=29152, stack(0x0000006660d80000,0x0000006660e80000) (1024K)]
=>0x000001d8c1ef05d0 JavaThread "Connection worker"                 [_thread_in_native, id=21532, stack(0x0000006660e80000,0x0000006660f80000) (1024K)]
  0x000001d8c1eeff40 JavaThread "pool-3-thread-1"                   [_thread_blocked, id=33516, stack(0x000000665d980000,0x000000665da80000) (1024K)]
  0x000001d8c1ef2d30 JavaThread "Exec process"                      [_thread_blocked, id=20788, stack(0x0000006660f80000,0x0000006661080000) (1024K)]
  0x000001d8c1ef40e0 JavaThread "Exec process Thread 2"             [_thread_blocked, id=7316, stack(0x0000006661080000,0x0000006661180000) (1024K)]
  0x000001d8c1ef12f0 JavaThread "Exec process Thread 3"             [_thread_blocked, id=31492, stack(0x0000006661180000,0x0000006661280000) (1024K)]
Total: 60

Other Threads:
  0x000001d8df8f0ca0 VMThread "VM Thread"                           [id=26824, stack(0x000000665b200000,0x000000665b300000) (1024K)]
  0x000001d8f5f5ca00 WatcherThread "VM Periodic Task Thread"        [id=26876, stack(0x000000665b100000,0x000000665b200000) (1024K)]
  0x000001d8df8f0900 WorkerThread "GC Thread#0"                     [id=6356, stack(0x000000665b000000,0x000000665b100000) (1024K)]
  0x000001d8df8f13e0 WorkerThread "GC Thread#1"                     [id=14740, stack(0x000000665d380000,0x000000665d480000) (1024K)]
  0x000001d8df8efe20 WorkerThread "GC Thread#2"                     [id=16072, stack(0x000000665d480000,0x000000665d580000) (1024K)]
  0x000001d8fdf5a2e0 WorkerThread "GC Thread#3"                     [id=19504, stack(0x000000665d580000,0x000000665d680000) (1024K)]
  0x000001d8fdf57b00 WorkerThread "GC Thread#4"                     [id=33044, stack(0x000000665d680000,0x000000665d780000) (1024K)]
  0x000001d8fdf5aa20 WorkerThread "GC Thread#5"                     [id=8764, stack(0x000000665d780000,0x000000665d880000) (1024K)]
  0x000001d8fdf573c0 WorkerThread "GC Thread#6"                     [id=20728, stack(0x000000665d880000,0x000000665d980000) (1024K)]
  0x000001d8fdf57ea0 WorkerThread "GC Thread#7"                     [id=31404, stack(0x000000665dc80000,0x000000665dd80000) (1024K)]
  0x000001d8fdf58d20 WorkerThread "GC Thread#8"                     [id=33708, stack(0x000000665e080000,0x000000665e180000) (1024K)]
  0x000001d8fdf59460 WorkerThread "GC Thread#9"                     [id=20432, stack(0x000000665e180000,0x000000665e280000) (1024K)]
  0x000001d8fdf59800 WorkerThread "GC Thread#10"                    [id=23352, stack(0x000000665e280000,0x000000665e380000) (1024K)]
  0x000001d8fdf5adc0 WorkerThread "GC Thread#11"                    [id=24928, stack(0x000000665e680000,0x000000665e780000) (1024K)]
  0x000001d8fdf585e0 WorkerThread "GC Thread#12"                    [id=6328, stack(0x000000665e880000,0x000000665e980000) (1024K)]
Total: 15

Threads with active compile tasks:
Total: 0

VM state: not at safepoint (normal execution)

VM Mutex/Monitor currently owned by a thread: None

Heap address: 0x00000000c0000000, size: 1024 MB, Compressed Oops mode: 32-bit

CDS archive(s) mapped at: [0x000001d880000000-0x000001d880ba0000-0x000001d880ba0000), size 12189696, SharedBaseAddress: 0x000001d880000000, ArchiveRelocationMode: 1.
Compressed class space mapped at: 0x000001d881000000-0x000001d8c1000000, reserved size: 1073741824
Narrow klass base: 0x000001d880000000, Narrow klass shift: 0, Narrow klass range: 0x100000000

GC Precious Log:
 CardTable entry size: 512
 CPUs: 16 total, 16 available
 Memory: 16096M
 Large Page Support: Disabled
 NUMA Support: Disabled
 Compressed Oops: Enabled (32-bit)
 Alignments: Space 512K, Generation 512K, Heap 2M
 Heap Min Capacity: 100M
 Heap Initial Capacity: 100M
 Heap Max Capacity: 1G
 Pre-touch: Disabled
 Parallel Workers: 13

Heap:
 PSYoungGen      total 15872K, used 10606K [0x00000000eab00000, 0x00000000ebd80000, 0x0000000100000000)
  eden space 14848K, 66% used [0x00000000eab00000,0x00000000eb4b3810,0x00000000eb980000)
  from space 1024K, 65% used [0x00000000ebb80000,0x00000000ebc28010,0x00000000ebc80000)
  to   space 1024K, 0% used [0x00000000ebc80000,0x00000000ebc80000,0x00000000ebd80000)
 ParOldGen       total 68608K, used 41698K [0x00000000c0000000, 0x00000000c4300000, 0x00000000eab00000)
  object space 68608K, 60% used [0x00000000c0000000,0x00000000c28b8830,0x00000000c4300000)
 Metaspace       used 62443K, committed 63744K, reserved 1114112K
  class space    used 7713K, committed 8320K, reserved 1048576K

Card table byte_map: [0x000001d8e1660000,0x000001d8e1870000] _byte_map_base: 0x000001d8e1060000

Marking Bits: (ParMarkBitMap*) 0x00007ff846c831f0
 Begin Bits: [0x000001d8f3e80000, 0x000001d8f4e80000)
 End Bits:   [0x000001d8f4e80000, 0x000001d8f5e80000)

Polling page: 0x000001d8e1450000

Metaspace:

Usage:
  Non-class:     53.45 MB used.
      Class:      7.53 MB used.
       Both:     60.98 MB used.

Virtual space:
  Non-class space:       64.00 MB reserved,      54.12 MB ( 85%) committed,  1 nodes.
      Class space:        1.00 GB reserved,       8.12 MB ( <1%) committed,  1 nodes.
             Both:        1.06 GB reserved,      62.25 MB (  6%) committed. 

Chunk freelists:
   Non-Class:  9.89 MB
       Class:  7.91 MB
        Both:  17.80 MB

MaxMetaspaceSize: unlimited
CompressedClassSpaceSize: 1.00 GB
Initial GC threshold: 21.00 MB
Current GC threshold: 97.31 MB
CDS: on
 - commit_granule_bytes: 65536.
 - commit_granule_words: 8192.
 - virtual_space_node_default_size: 8388608.
 - enlarge_chunks_in_place: 1.
 - use_allocation_guard: 0.


Internal statistics:

num_allocs_failed_limit: 9.
num_arena_births: 1128.
num_arena_deaths: 14.
num_vsnodes_births: 2.
num_vsnodes_deaths: 0.
num_space_committed: 996.
num_space_uncommitted: 0.
num_chunks_returned_to_freelist: 23.
num_chunks_taken_from_freelist: 3730.
num_chunk_merges: 14.
num_chunk_splits: 2485.
num_chunks_enlarged: 1633.
num_inconsistent_stats: 0.

CodeHeap 'non-profiled nmethods': size=119168Kb used=4832Kb max_used=4832Kb free=114335Kb
 bounds [0x000001d8eca20000, 0x000001d8ecee0000, 0x000001d8f3e80000]
CodeHeap 'profiled nmethods': size=119104Kb used=14391Kb max_used=14639Kb free=104712Kb
 bounds [0x000001d8e4e80000, 0x000001d8e5cd0000, 0x000001d8ec2d0000]
CodeHeap 'non-nmethods': size=7488Kb used=2513Kb max_used=3156Kb free=4974Kb
 bounds [0x000001d8ec2d0000, 0x000001d8ec5f0000, 0x000001d8eca20000]
 total_blobs=7768 nmethods=7079 adapters=593
 compilation: enabled
              stopped_count=0, restarted_count=0
 full_count=0

Compilation events (20 events):
Event: 8.827 Thread 0x000001d8f7661dd0 nmethod 7879 0x000001d8e563e610 code [0x000001d8e563e8c0, 0x000001d8e563f540]
Event: 8.832 Thread 0x000001d8f7662470 7883       1       java.nio.DirectByteBuffer::attachment (5 bytes)
Event: 8.832 Thread 0x000001d8f7662470 nmethod 7883 0x000001d8eced5e10 code [0x000001d8eced5fa0, 0x000001d8eced6068]
Event: 8.836 Thread 0x000001d8f7662470 7884       3       java.util.HashMap::computeIfAbsent (330 bytes)
Event: 8.837 Thread 0x000001d8f7569800 7885       3       sun.security.util.SecurityProviderConstants::getAliases (63 bytes)
Event: 8.837 Thread 0x000001d8f7569800 nmethod 7885 0x000001d8e563d810 code [0x000001d8e563da80, 0x000001d8e563e320]
Event: 8.837 Thread 0x000001d8f7662470 nmethod 7884 0x000001d8e5835410 code [0x000001d8e5835740, 0x000001d8e5836cb8]
Event: 8.837 Thread 0x000001d8f7566770 nmethod 7866 0x000001d8eced6110 code [0x000001d8eced6340, 0x000001d8eced7150]
Event: 8.837 Thread 0x000001d8f7566770 7886       4       java.util.HashMap::hash (20 bytes)
Event: 8.838 Thread 0x000001d8f7566770 nmethod 7886 0x000001d8eced7910 code [0x000001d8eced7aa0, 0x000001d8eced7ba0]
Event: 8.838 Thread 0x000001d8f7566770 7882       4       java.lang.ref.WeakReference::<init> (6 bytes)
Event: 8.838 Thread 0x000001d8f7566770 nmethod 7882 0x000001d8eced7c90 code [0x000001d8eced7e20, 0x000001d8eced7ed8]
Event: 8.838 Thread 0x000001d8f7566770 7867       4       java.lang.Long::reverseBytes (46 bytes)
Event: 8.838 Thread 0x000001d8f7566770 nmethod 7867 0x000001d8eced7f90 code [0x000001d8eced8100, 0x000001d8eced81b8]
Event: 8.840 Thread 0x000001d8f7662470 7887       3       java.security.MessageDigest::update (11 bytes)
Event: 8.840 Thread 0x000001d8f7661dd0 7888       3       java.security.MessageDigest$Delegate::engineUpdate (9 bytes)
Event: 8.840 Thread 0x000001d8f7569800 7889       3       sun.security.provider.DigestBase::engineUpdate (32 bytes)
Event: 8.840 Thread 0x000001d8f7661dd0 nmethod 7888 0x000001d8e547bd90 code [0x000001d8e547bf40, 0x000001d8e547c118]
Event: 8.840 Thread 0x000001d8f7662470 nmethod 7887 0x000001d8e563d290 code [0x000001d8e563d440, 0x000001d8e563d700]
Event: 8.840 Thread 0x000001d8f7569800 nmethod 7889 0x000001d8e563cd90 code [0x000001d8e563cf40, 0x000001d8e563d1a8]

GC Heap History (20 events):
Event: 5.546 GC heap before
{Heap before GC invocations=41 (full 3):
 PSYoungGen      total 15872K, used 15861K [0x00000000eab00000, 0x00000000ebf80000, 0x0000000100000000)
  eden space 14848K, 100% used [0x00000000eab00000,0x00000000eb980000,0x00000000eb980000)
  from space 1024K, 98% used [0x00000000ebd80000,0x00000000ebe7d668,0x00000000ebe80000)
  to   space 1024K, 0% used [0x00000000ebe80000,0x00000000ebe80000,0x00000000ebf80000)
 ParOldGen       total 68608K, used 38750K [0x00000000c0000000, 0x00000000c4300000, 0x00000000eab00000)
  object space 68608K, 56% used [0x00000000c0000000,0x00000000c25d79e8,0x00000000c4300000)
 Metaspace       used 58848K, committed 60032K, reserved 1114112K
  class space    used 7195K, committed 7680K, reserved 1048576K
}
Event: 5.547 GC heap after
{Heap after GC invocations=41 (full 3):
 PSYoungGen      total 15872K, used 778K [0x00000000eab00000, 0x00000000ebf80000, 0x0000000100000000)
  eden space 14848K, 0% used [0x00000000eab00000,0x00000000eab00000,0x00000000eb980000)
  from space 1024K, 76% used [0x00000000ebe80000,0x00000000ebf42a70,0x00000000ebf80000)
  to   space 1024K, 0% used [0x00000000ebd80000,0x00000000ebd80000,0x00000000ebe80000)
 ParOldGen       total 68608K, used 38838K [0x00000000c0000000, 0x00000000c4300000, 0x00000000eab00000)
  object space 68608K, 56% used [0x00000000c0000000,0x00000000c25ed9e8,0x00000000c4300000)
 Metaspace       used 58848K, committed 60032K, reserved 1114112K
  class space    used 7195K, committed 7680K, reserved 1048576K
}
Event: 5.601 GC heap before
{Heap before GC invocations=42 (full 3):
 PSYoungGen      total 15872K, used 15626K [0x00000000eab00000, 0x00000000ebf80000, 0x0000000100000000)
  eden space 14848K, 100% used [0x00000000eab00000,0x00000000eb980000,0x00000000eb980000)
  from space 1024K, 76% used [0x00000000ebe80000,0x00000000ebf42a70,0x00000000ebf80000)
  to   space 1024K, 0% used [0x00000000ebd80000,0x00000000ebd80000,0x00000000ebe80000)
 ParOldGen       total 68608K, used 38838K [0x00000000c0000000, 0x00000000c4300000, 0x00000000eab00000)
  object space 68608K, 56% used [0x00000000c0000000,0x00000000c25ed9e8,0x00000000c4300000)
 Metaspace       used 58848K, committed 60032K, reserved 1114112K
  class space    used 7195K, committed 7680K, reserved 1048576K
}
Event: 5.602 GC heap after
{Heap after GC invocations=42 (full 3):
 PSYoungGen      total 15360K, used 384K [0x00000000eab00000, 0x00000000ebf00000, 0x0000000100000000)
  eden space 14848K, 0% used [0x00000000eab00000,0x00000000eab00000,0x00000000eb980000)
  from space 512K, 75% used [0x00000000ebd80000,0x00000000ebde0000,0x00000000ebe00000)
  to   space 1024K, 0% used [0x00000000ebe00000,0x00000000ebe00000,0x00000000ebf00000)
 ParOldGen       total 68608K, used 39495K [0x00000000c0000000, 0x00000000c4300000, 0x00000000eab00000)
  object space 68608K, 57% used [0x00000000c0000000,0x00000000c2691c88,0x00000000c4300000)
 Metaspace       used 58848K, committed 60032K, reserved 1114112K
  class space    used 7195K, committed 7680K, reserved 1048576K
}
Event: 5.656 GC heap before
{Heap before GC invocations=43 (full 3):
 PSYoungGen      total 15360K, used 15232K [0x00000000eab00000, 0x00000000ebf00000, 0x0000000100000000)
  eden space 14848K, 100% used [0x00000000eab00000,0x00000000eb980000,0x00000000eb980000)
  from space 512K, 75% used [0x00000000ebd80000,0x00000000ebde0000,0x00000000ebe00000)
  to   space 1024K, 0% used [0x00000000ebe00000,0x00000000ebe00000,0x00000000ebf00000)
 ParOldGen       total 68608K, used 39495K [0x00000000c0000000, 0x00000000c4300000, 0x00000000eab00000)
  object space 68608K, 57% used [0x00000000c0000000,0x00000000c2691c88,0x00000000c4300000)
 Metaspace       used 58848K, committed 60032K, reserved 1114112K
  class space    used 7195K, committed 7680K, reserved 1048576K
}
Event: 5.657 GC heap after
{Heap after GC invocations=43 (full 3):
 PSYoungGen      total 15872K, used 1015K [0x00000000eab00000, 0x00000000ebf00000, 0x0000000100000000)
  eden space 14848K, 0% used [0x00000000eab00000,0x00000000eab00000,0x00000000eb980000)
  from space 1024K, 99% used [0x00000000ebe00000,0x00000000ebefdd58,0x00000000ebf00000)
  to   space 2048K, 0% used [0x00000000ebb00000,0x00000000ebb00000,0x00000000ebd00000)
 ParOldGen       total 68608K, used 39884K [0x00000000c0000000, 0x00000000c4300000, 0x00000000eab00000)
  object space 68608K, 58% used [0x00000000c0000000,0x00000000c26f30d8,0x00000000c4300000)
 Metaspace       used 58848K, committed 60032K, reserved 1114112K
  class space    used 7195K, committed 7680K, reserved 1048576K
}
Event: 5.709 GC heap before
{Heap before GC invocations=44 (full 3):
 PSYoungGen      total 15872K, used 15863K [0x00000000eab00000, 0x00000000ebf00000, 0x0000000100000000)
  eden space 14848K, 100% used [0x00000000eab00000,0x00000000eb980000,0x00000000eb980000)
  from space 1024K, 99% used [0x00000000ebe00000,0x00000000ebefdd58,0x00000000ebf00000)
  to   space 2048K, 0% used [0x00000000ebb00000,0x00000000ebb00000,0x00000000ebd00000)
 ParOldGen       total 68608K, used 39884K [0x00000000c0000000, 0x00000000c4300000, 0x00000000eab00000)
  object space 68608K, 58% used [0x00000000c0000000,0x00000000c26f30d8,0x00000000c4300000)
 Metaspace       used 58849K, committed 60032K, reserved 1114112K
  class space    used 7195K, committed 7680K, reserved 1048576K
}
Event: 5.710 GC heap after
{Heap after GC invocations=44 (full 3):
 PSYoungGen      total 16896K, used 352K [0x00000000eab00000, 0x00000000ebe80000, 0x0000000100000000)
  eden space 14848K, 0% used [0x00000000eab00000,0x00000000eab00000,0x00000000eb980000)
  from space 2048K, 17% used [0x00000000ebb00000,0x00000000ebb58000,0x00000000ebd00000)
  to   space 1024K, 0% used [0x00000000ebd80000,0x00000000ebd80000,0x00000000ebe80000)
 ParOldGen       total 68608K, used 39972K [0x00000000c0000000, 0x00000000c4300000, 0x00000000eab00000)
  object space 68608K, 58% used [0x00000000c0000000,0x00000000c27090d8,0x00000000c4300000)
 Metaspace       used 58849K, committed 60032K, reserved 1114112K
  class space    used 7195K, committed 7680K, reserved 1048576K
}
Event: 5.759 GC heap before
{Heap before GC invocations=45 (full 3):
 PSYoungGen      total 16896K, used 15200K [0x00000000eab00000, 0x00000000ebe80000, 0x0000000100000000)
  eden space 14848K, 100% used [0x00000000eab00000,0x00000000eb980000,0x00000000eb980000)
  from space 2048K, 17% used [0x00000000ebb00000,0x00000000ebb58000,0x00000000ebd00000)
  to   space 1024K, 0% used [0x00000000ebd80000,0x00000000ebd80000,0x00000000ebe80000)
 ParOldGen       total 68608K, used 39972K [0x00000000c0000000, 0x00000000c4300000, 0x00000000eab00000)
  object space 68608K, 58% used [0x00000000c0000000,0x00000000c27090d8,0x00000000c4300000)
 Metaspace       used 58849K, committed 60032K, reserved 1114112K
  class space    used 7195K, committed 7680K, reserved 1048576K
}
Event: 5.760 GC heap after
{Heap after GC invocations=45 (full 3):
 PSYoungGen      total 15872K, used 1012K [0x00000000eab00000, 0x00000000ebe80000, 0x0000000100000000)
  eden space 14848K, 0% used [0x00000000eab00000,0x00000000eab00000,0x00000000eb980000)
  from space 1024K, 98% used [0x00000000ebd80000,0x00000000ebe7d3f8,0x00000000ebe80000)
  to   space 1536K, 0% used [0x00000000ebb80000,0x00000000ebb80000,0x00000000ebd00000)
 ParOldGen       total 68608K, used 40163K [0x00000000c0000000, 0x00000000c4300000, 0x00000000eab00000)
  object space 68608K, 58% used [0x00000000c0000000,0x00000000c2738d88,0x00000000c4300000)
 Metaspace       used 58849K, committed 60032K, reserved 1114112K
  class space    used 7195K, committed 7680K, reserved 1048576K
}
Event: 5.819 GC heap before
{Heap before GC invocations=46 (full 3):
 PSYoungGen      total 15872K, used 15860K [0x00000000eab00000, 0x00000000ebe80000, 0x0000000100000000)
  eden space 14848K, 100% used [0x00000000eab00000,0x00000000eb980000,0x00000000eb980000)
  from space 1024K, 98% used [0x00000000ebd80000,0x00000000ebe7d3f8,0x00000000ebe80000)
  to   space 1536K, 0% used [0x00000000ebb80000,0x00000000ebb80000,0x00000000ebd00000)
 ParOldGen       total 68608K, used 40163K [0x00000000c0000000, 0x00000000c4300000, 0x00000000eab00000)
  object space 68608K, 58% used [0x00000000c0000000,0x00000000c2738d88,0x00000000c4300000)
 Metaspace       used 58850K, committed 60032K, reserved 1114112K
  class space    used 7195K, committed 7680K, reserved 1048576K
}
Event: 5.820 GC heap after
{Heap after GC invocations=46 (full 3):
 PSYoungGen      total 16384K, used 1037K [0x00000000eab00000, 0x00000000ebe00000, 0x0000000100000000)
  eden space 14848K, 0% used [0x00000000eab00000,0x00000000eab00000,0x00000000eb980000)
  from space 1536K, 67% used [0x00000000ebb80000,0x00000000ebc837d0,0x00000000ebd00000)
  to   space 1024K, 0% used [0x00000000ebd00000,0x00000000ebd00000,0x00000000ebe00000)
 ParOldGen       total 68608K, used 40267K [0x00000000c0000000, 0x00000000c4300000, 0x00000000eab00000)
  object space 68608K, 58% used [0x00000000c0000000,0x00000000c2752d98,0x00000000c4300000)
 Metaspace       used 58850K, committed 60032K, reserved 1114112K
  class space    used 7195K, committed 7680K, reserved 1048576K
}
Event: 5.870 GC heap before
{Heap before GC invocations=47 (full 3):
 PSYoungGen      total 16384K, used 15885K [0x00000000eab00000, 0x00000000ebe00000, 0x0000000100000000)
  eden space 14848K, 99% used [0x00000000eab00000,0x00000000eb97ffc0,0x00000000eb980000)
  from space 1536K, 67% used [0x00000000ebb80000,0x00000000ebc837d0,0x00000000ebd00000)
  to   space 1024K, 0% used [0x00000000ebd00000,0x00000000ebd00000,0x00000000ebe00000)
 ParOldGen       total 68608K, used 40267K [0x00000000c0000000, 0x00000000c4300000, 0x00000000eab00000)
  object space 68608K, 58% used [0x00000000c0000000,0x00000000c2752d98,0x00000000c4300000)
 Metaspace       used 58850K, committed 60032K, reserved 1114112K
  class space    used 7195K, committed 7680K, reserved 1048576K
}
Event: 5.871 GC heap after
{Heap after GC invocations=47 (full 3):
 PSYoungGen      total 15872K, used 557K [0x00000000eab00000, 0x00000000ebe00000, 0x0000000100000000)
  eden space 14848K, 0% used [0x00000000eab00000,0x00000000eab00000,0x00000000eb980000)
  from space 1024K, 54% used [0x00000000ebd00000,0x00000000ebd8b420,0x00000000ebe00000)
  to   space 1024K, 0% used [0x00000000ebc00000,0x00000000ebc00000,0x00000000ebd00000)
 ParOldGen       total 68608K, used 40339K [0x00000000c0000000, 0x00000000c4300000, 0x00000000eab00000)
  object space 68608K, 58% used [0x00000000c0000000,0x00000000c2764d98,0x00000000c4300000)
 Metaspace       used 58850K, committed 60032K, reserved 1114112K
  class space    used 7195K, committed 7680K, reserved 1048576K
}
Event: 5.915 GC heap before
{Heap before GC invocations=48 (full 3):
 PSYoungGen      total 15872K, used 15405K [0x00000000eab00000, 0x00000000ebe00000, 0x0000000100000000)
  eden space 14848K, 100% used [0x00000000eab00000,0x00000000eb980000,0x00000000eb980000)
  from space 1024K, 54% used [0x00000000ebd00000,0x00000000ebd8b420,0x00000000ebe00000)
  to   space 1024K, 0% used [0x00000000ebc00000,0x00000000ebc00000,0x00000000ebd00000)
 ParOldGen       total 68608K, used 40339K [0x00000000c0000000, 0x00000000c4300000, 0x00000000eab00000)
  object space 68608K, 58% used [0x00000000c0000000,0x00000000c2764d98,0x00000000c4300000)
 Metaspace       used 58850K, committed 60032K, reserved 1114112K
  class space    used 7195K, committed 7680K, reserved 1048576K
}
Event: 5.915 GC heap after
{Heap after GC invocations=48 (full 3):
 PSYoungGen      total 15872K, used 956K [0x00000000eab00000, 0x00000000ebd80000, 0x0000000100000000)
  eden space 14848K, 0% used [0x00000000eab00000,0x00000000eab00000,0x00000000eb980000)
  from space 1024K, 93% used [0x00000000ebc00000,0x00000000ebcef0c0,0x00000000ebd00000)
  to   space 512K, 0% used [0x00000000ebd00000,0x00000000ebd00000,0x00000000ebd80000)
 ParOldGen       total 68608K, used 40445K [0x00000000c0000000, 0x00000000c4300000, 0x00000000eab00000)
  object space 68608K, 58% used [0x00000000c0000000,0x00000000c277f600,0x00000000c4300000)
 Metaspace       used 58850K, committed 60032K, reserved 1114112K
  class space    used 7195K, committed 7680K, reserved 1048576K
}
Event: 6.034 GC heap before
{Heap before GC invocations=49 (full 3):
 PSYoungGen      total 15872K, used 15804K [0x00000000eab00000, 0x00000000ebd80000, 0x0000000100000000)
  eden space 14848K, 100% used [0x00000000eab00000,0x00000000eb980000,0x00000000eb980000)
  from space 1024K, 93% used [0x00000000ebc00000,0x00000000ebcef0c0,0x00000000ebd00000)
  to   space 512K, 0% used [0x00000000ebd00000,0x00000000ebd00000,0x00000000ebd80000)
 ParOldGen       total 68608K, used 40445K [0x00000000c0000000, 0x00000000c4300000, 0x00000000eab00000)
  object space 68608K, 58% used [0x00000000c0000000,0x00000000c277f600,0x00000000c4300000)
 Metaspace       used 60016K, committed 61312K, reserved 1114112K
  class space    used 7362K, committed 7936K, reserved 1048576K
}
Event: 6.035 GC heap after
{Heap after GC invocations=49 (full 3):
 PSYoungGen      total 15360K, used 512K [0x00000000eab00000, 0x00000000ebd80000, 0x0000000100000000)
  eden space 14848K, 0% used [0x00000000eab00000,0x00000000eab00000,0x00000000eb980000)
  from space 512K, 100% used [0x00000000ebd00000,0x00000000ebd80000,0x00000000ebd80000)
  to   space 1024K, 0% used [0x00000000ebb80000,0x00000000ebb80000,0x00000000ebc80000)
 ParOldGen       total 68608K, used 40541K [0x00000000c0000000, 0x00000000c4300000, 0x00000000eab00000)
  object space 68608K, 59% used [0x00000000c0000000,0x00000000c2797600,0x00000000c4300000)
 Metaspace       used 60016K, committed 61312K, reserved 1114112K
  class space    used 7362K, committed 7936K, reserved 1048576K
}
Event: 6.247 GC heap before
{Heap before GC invocations=50 (full 3):
 PSYoungGen      total 15360K, used 15360K [0x00000000eab00000, 0x00000000ebd80000, 0x0000000100000000)
  eden space 14848K, 100% used [0x00000000eab00000,0x00000000eb980000,0x00000000eb980000)
  from space 512K, 100% used [0x00000000ebd00000,0x00000000ebd80000,0x00000000ebd80000)
  to   space 1024K, 0% used [0x00000000ebb80000,0x00000000ebb80000,0x00000000ebc80000)
 ParOldGen       total 68608K, used 40541K [0x00000000c0000000, 0x00000000c4300000, 0x00000000eab00000)
  object space 68608K, 59% used [0x00000000c0000000,0x00000000c2797600,0x00000000c4300000)
 Metaspace       used 61492K, committed 62784K, reserved 1114112K
  class space    used 7593K, committed 8192K, reserved 1048576K
}
Event: 6.248 GC heap after
{Heap after GC invocations=50 (full 3):
 PSYoungGen      total 15872K, used 672K [0x00000000eab00000, 0x00000000ebd80000, 0x0000000100000000)
  eden space 14848K, 0% used [0x00000000eab00000,0x00000000eab00000,0x00000000eb980000)
  from space 1024K, 65% used [0x00000000ebb80000,0x00000000ebc28010,0x00000000ebc80000)
  to   space 1024K, 0% used [0x00000000ebc80000,0x00000000ebc80000,0x00000000ebd80000)
 ParOldGen       total 68608K, used 41698K [0x00000000c0000000, 0x00000000c4300000, 0x00000000eab00000)
  object space 68608K, 60% used [0x00000000c0000000,0x00000000c28b8830,0x00000000c4300000)
 Metaspace       used 61492K, committed 62784K, reserved 1114112K
  class space    used 7593K, committed 8192K, reserved 1048576K
}

Dll operation events (15 events):
Event: 0.011 Loaded shared library c:\Users\admin\.cursor\extensions\redhat.java-1.42.0-win32-x64\jre\21.0.7-win32-x86_64\bin\java.dll
Event: 0.063 Loaded shared library c:\Users\admin\.cursor\extensions\redhat.java-1.42.0-win32-x64\jre\21.0.7-win32-x86_64\bin\zip.dll
Event: 0.075 Loaded shared library C:\Users\admin\.cursor\extensions\redhat.java-1.42.0-win32-x64\jre\21.0.7-win32-x86_64\bin\instrument.dll
Event: 0.078 Loaded shared library C:\Users\admin\.cursor\extensions\redhat.java-1.42.0-win32-x64\jre\21.0.7-win32-x86_64\bin\net.dll
Event: 0.085 Loaded shared library C:\Users\admin\.cursor\extensions\redhat.java-1.42.0-win32-x64\jre\21.0.7-win32-x86_64\bin\nio.dll
Event: 0.087 Loaded shared library C:\Users\admin\.cursor\extensions\redhat.java-1.42.0-win32-x64\jre\21.0.7-win32-x86_64\bin\zip.dll
Event: 0.097 Loaded shared library C:\Users\admin\.cursor\extensions\redhat.java-1.42.0-win32-x64\jre\21.0.7-win32-x86_64\bin\jimage.dll
Event: 0.143 Loaded shared library c:\Users\admin\.cursor\extensions\redhat.java-1.42.0-win32-x64\jre\21.0.7-win32-x86_64\bin\verify.dll
Event: 0.942 Loaded shared library C:\Users\admin\AppData\Roaming\Cursor\User\globalStorage\redhat.java\1.42.0\config_win\org.eclipse.equinox.launcher\org.eclipse.equinox.launcher.win32.win32.x86_64_1.2.1300.v20250331-1702\eclipse_11911.dll
Event: 2.134 Loaded shared library C:\Users\admin\.cursor\extensions\redhat.java-1.42.0-win32-x64\jre\21.0.7-win32-x86_64\bin\management.dll
Event: 2.136 Loaded shared library C:\Users\admin\.cursor\extensions\redhat.java-1.42.0-win32-x64\jre\21.0.7-win32-x86_64\bin\management_ext.dll
Event: 2.291 Loaded shared library C:\Users\admin\AppData\Local\Temp\jna-92668751\jna421868166632761172.dll
Event: 4.110 Loaded shared library C:\Users\admin\.gradle\native\1def1411415f61bf3af743bc5b6707747c0891f09f0c88961ee8f79bc544acac\windows-amd64\native-platform.dll
Event: 5.990 Loaded shared library C:\Users\admin\.cursor\extensions\redhat.java-1.42.0-win32-x64\jre\21.0.7-win32-x86_64\bin\extnet.dll
Event: 8.830 Loaded shared library C:\Users\admin\.cursor\extensions\redhat.java-1.42.0-win32-x64\jre\21.0.7-win32-x86_64\bin\sunmscapi.dll

Deoptimization events (20 events):
Event: 8.836 Thread 0x000001d8c1ef05d0 Uncommon trap: trap_request=0xffffff45 fr.pc=0x000001d8ecad6af8 relative=0x00000000000008b8
Event: 8.836 Thread 0x000001d8c1ef05d0 Uncommon trap: reason=unstable_if action=reinterpret pc=0x000001d8ecad6af8 method=java.util.HashMap.computeIfAbsent(Ljava/lang/Object;Ljava/util/function/Function;)Ljava/lang/Object; @ 294 c2
Event: 8.836 Thread 0x000001d8c1ef05d0 DEOPT PACKING pc=0x000001d8ecad6af8 sp=0x0000006660f7c5e0
Event: 8.836 Thread 0x000001d8c1ef05d0 DEOPT UNPACKING pc=0x000001d8ec323aa2 sp=0x0000006660f7c588 mode 2
Event: 8.841 Thread 0x000001d8c1ef05d0 Uncommon trap: trap_request=0xffffff45 fr.pc=0x000001d8ecd7fe44 relative=0x0000000000000b84
Event: 8.841 Thread 0x000001d8c1ef05d0 Uncommon trap: reason=unstable_if action=reinterpret pc=0x000001d8ecd7fe44 method=sun.nio.fs.WindowsPath.openForReadAttributeAccess(Z)J @ 5 c2
Event: 8.841 Thread 0x000001d8c1ef05d0 DEOPT PACKING pc=0x000001d8ecd7fe44 sp=0x0000006660f7e160
Event: 8.841 Thread 0x000001d8c1ef05d0 DEOPT UNPACKING pc=0x000001d8ec323aa2 sp=0x0000006660f7e138 mode 2
Event: 8.841 Thread 0x000001d8c1ef05d0 Uncommon trap: trap_request=0xffffff45 fr.pc=0x000001d8ecd84888 relative=0x0000000000000a68
Event: 8.841 Thread 0x000001d8c1ef05d0 Uncommon trap: reason=unstable_if action=reinterpret pc=0x000001d8ecd84888 method=sun.nio.fs.WindowsNativeDispatcher.asNativeBuffer(Ljava/lang/String;)Lsun/nio/fs/NativeBuffer; @ 52 c2
Event: 8.841 Thread 0x000001d8c1ef05d0 DEOPT PACKING pc=0x000001d8ecd84888 sp=0x0000006660f7e0e0
Event: 8.841 Thread 0x000001d8c1ef05d0 DEOPT UNPACKING pc=0x000001d8ec323aa2 sp=0x0000006660f7df88 mode 2
Event: 8.841 Thread 0x000001d8c1ef05d0 Uncommon trap: trap_request=0xffffff45 fr.pc=0x000001d8ecd7de30 relative=0x0000000000000650
Event: 8.841 Thread 0x000001d8c1ef05d0 Uncommon trap: reason=unstable_if action=reinterpret pc=0x000001d8ecd7de30 method=sun.nio.fs.WindowsFileAttributes.isReparsePoint(I)Z @ 5 c2
Event: 8.841 Thread 0x000001d8c1ef05d0 DEOPT PACKING pc=0x000001d8ecd7de30 sp=0x0000006660f7e180
Event: 8.841 Thread 0x000001d8c1ef05d0 DEOPT UNPACKING pc=0x000001d8ec323aa2 sp=0x0000006660f7e0a8 mode 2
Event: 8.841 Thread 0x000001d8c1ef05d0 Uncommon trap: trap_request=0xffffff45 fr.pc=0x000001d8ecd67804 relative=0x00000000000001c4
Event: 8.841 Thread 0x000001d8c1ef05d0 Uncommon trap: reason=unstable_if action=reinterpret pc=0x000001d8ecd67804 method=sun.nio.fs.NativeBuffers.getNativeBufferFromCache(I)Lsun/nio/fs/NativeBuffer; @ 34 c2
Event: 8.841 Thread 0x000001d8c1ef05d0 DEOPT PACKING pc=0x000001d8ecd67804 sp=0x0000006660f7e090
Event: 8.841 Thread 0x000001d8c1ef05d0 DEOPT UNPACKING pc=0x000001d8ec323aa2 sp=0x0000006660f7e018 mode 2

Classes loaded (20 events):
Event: 8.837 Loading class sun/security/provider/certpath/ldap/JdkLDAP$ProviderService
Event: 8.838 Loading class sun/security/provider/certpath/ldap/JdkLDAP$ProviderService done
Event: 8.838 Loading class com/sun/security/sasl/Provider
Event: 8.838 Loading class com/sun/security/sasl/Provider done
Event: 8.838 Loading class com/sun/security/sasl/Provider$1
Event: 8.838 Loading class com/sun/security/sasl/Provider$1 done
Event: 8.838 Loading class com/sun/security/sasl/Provider$ProviderService
Event: 8.838 Loading class com/sun/security/sasl/Provider$ProviderService done
Event: 8.839 Loading class sun/nio/ch/ServerSocketChannelImpl
Event: 8.839 Loading class sun/nio/ch/ServerSocketChannelImpl done
Event: 8.840 Loading class java/nio/BufferMismatch
Event: 8.841 Loading class java/nio/BufferMismatch done
Event: 8.841 Loading class sun/nio/ch/SourceChannelImpl
Event: 8.841 Loading class java/nio/channels/Pipe$SourceChannel
Event: 8.841 Loading class java/nio/channels/Pipe$SourceChannel done
Event: 8.841 Loading class sun/nio/ch/SourceChannelImpl done
Event: 8.841 Loading class sun/nio/ch/SinkChannelImpl
Event: 8.841 Loading class java/nio/channels/Pipe$SinkChannel
Event: 8.841 Loading class java/nio/channels/Pipe$SinkChannel done
Event: 8.841 Loading class sun/nio/ch/SinkChannelImpl done

Classes unloaded (7 events):
Event: 1.850 Thread 0x000001d8df8f0ca0 Unloading class 0x000001d8811a5400 'java/lang/invoke/LambdaForm$MH+0x000001d8811a5400'
Event: 1.850 Thread 0x000001d8df8f0ca0 Unloading class 0x000001d8811a5000 'java/lang/invoke/LambdaForm$MH+0x000001d8811a5000'
Event: 1.850 Thread 0x000001d8df8f0ca0 Unloading class 0x000001d8811a4c00 'java/lang/invoke/LambdaForm$MH+0x000001d8811a4c00'
Event: 1.850 Thread 0x000001d8df8f0ca0 Unloading class 0x000001d8811a4800 'java/lang/invoke/LambdaForm$MH+0x000001d8811a4800'
Event: 1.850 Thread 0x000001d8df8f0ca0 Unloading class 0x000001d8811a4400 'java/lang/invoke/LambdaForm$BMH+0x000001d8811a4400'
Event: 1.850 Thread 0x000001d8df8f0ca0 Unloading class 0x000001d8811a4000 'java/lang/invoke/LambdaForm$DMH+0x000001d8811a4000'
Event: 1.850 Thread 0x000001d8df8f0ca0 Unloading class 0x000001d8811a2c00 'java/lang/invoke/LambdaForm$DMH+0x000001d8811a2c00'

Classes redefined (0 events):
No events

Internal exceptions (20 events):
Event: 6.045 Thread 0x000001d8c1ef05d0 Exception <a 'java/lang/NoSuchMethodError'{0x00000000eac1a860}: 'java.lang.Object java.lang.invoke.DirectMethodHandle$Holder.invokeStatic(java.lang.Object, java.lang.Object, java.lang.Object, java.lang.Object, java.lang.Object, java.lang.Object, java.lang.Object, java.lang.Object, java.lang.Object, java.lang.Object, java.lang.Object, java.lang.Object, java.lang.Object, java.lang.Object, java.lang.Object, java.lang.Object, java.lang.Object)'> (0x00000000eac1a860) 
thrown [s\src\hotspot\share\interpreter\lin
Event: 6.046 Thread 0x000001d8c1ef05d0 Exception <a 'java/lang/NoSuchMethodError'{0x00000000eac472a8}: 'java.lang.Object java.lang.invoke.DirectMethodHandle$Holder.invokeStatic(java.lang.Object, java.lang.Object, java.lang.Object, java.lang.Object, java.lang.Object, java.lang.Object, java.lang.Object, java.lang.Object, java.lang.Object, java.lang.Object, java.lang.Object, java.lang.Object, java.lang.Object, java.lang.Object, java.lang.Object, java.lang.Object, java.lang.Object, java.lang.Object)'> (0x00000000eac472a8) 
thrown [s\src\hotspot\sha
Event: 6.046 Thread 0x000001d8c1ef05d0 Exception <a 'java/lang/NoSuchMethodError'{0x00000000eac764d8}: 'java.lang.Object java.lang.invoke.DirectMethodHandle$Holder.invokeStatic(java.lang.Object, java.lang.Object, java.lang.Object, java.lang.Object, java.lang.Object, java.lang.Object, java.lang.Object, java.lang.Object, java.lang.Object, java.lang.Object, java.lang.Object, java.lang.Object, java.lang.Object, java.lang.Object, java.lang.Object, java.lang.Object, java.lang.Object, java.lang.Object, java.lang.Object)'> (0x00000000eac764d8) 
thrown 
Event: 6.047 Thread 0x000001d8c1ef05d0 Exception <a 'java/lang/NoSuchMethodError'{0x00000000eaca5430}: 'java.lang.Object java.lang.invoke.DirectMethodHandle$Holder.invokeStatic(java.lang.Object, java.lang.Object, java.lang.Object, java.lang.Object, java.lang.Object, java.lang.Object, java.lang.Object, java.lang.Object, java.lang.Object, java.lang.Object, java.lang.Object, java.lang.Object, java.lang.Object, java.lang.Object, java.lang.Object, java.lang.Object, java.lang.Object, java.lang.Object, java.lang.Object, java.lang.Object)'> (0x00000000
Event: 6.048 Thread 0x000001d8c1ef05d0 Exception <a 'java/lang/NoSuchMethodError'{0x00000000eacd5888}: 'java.lang.Object java.lang.invoke.DirectMethodHandle$Holder.invokeStatic(java.lang.Object, java.lang.Object, java.lang.Object, java.lang.Object, java.lang.Object, java.lang.Object, java.lang.Object, java.lang.Object, java.lang.Object, java.lang.Object, java.lang.Object, java.lang.Object, java.lang.Object, java.lang.Object, java.lang.Object, java.lang.Object, java.lang.Object, java.lang.Object, java.lang.Object, java.lang.Object, java.lang.Obj
Event: 6.049 Thread 0x000001d8c1ef05d0 Exception <a 'java/lang/NoSuchMethodError'{0x00000000ead066b0}: 'java.lang.Object java.lang.invoke.DirectMethodHandle$Holder.invokeStatic(java.lang.Object, java.lang.Object, java.lang.Object, java.lang.Object, java.lang.Object, java.lang.Object, java.lang.Object, java.lang.Object, java.lang.Object, java.lang.Object, java.lang.Object, java.lang.Object, java.lang.Object, java.lang.Object, java.lang.Object, java.lang.Object, java.lang.Object, java.lang.Object, java.lang.Object, java.lang.Object, java.lang.Obj
Event: 6.051 Thread 0x000001d8c1ef05d0 Exception <a 'java/lang/NoSuchMethodError'{0x00000000ead383e0}: 'java.lang.Object java.lang.invoke.DirectMethodHandle$Holder.invokeStatic(java.lang.Object, java.lang.Object, java.lang.Object, java.lang.Object, java.lang.Object, java.lang.Object, java.lang.Object, java.lang.Object, java.lang.Object, java.lang.Object, java.lang.Object, java.lang.Object, java.lang.Object, java.lang.Object, java.lang.Object, java.lang.Object, java.lang.Object, java.lang.Object, java.lang.Object, java.lang.Object, java.lang.Obj
Event: 6.053 Thread 0x000001d8c1ef05d0 Exception <a 'java/lang/NoSuchMethodError'{0x00000000ead6b0f0}: 'java.lang.Object java.lang.invoke.DirectMethodHandle$Holder.invokeStatic(java.lang.Object, java.lang.Object, java.lang.Object, java.lang.Object, java.lang.Object, java.lang.Object, java.lang.Object, java.lang.Object, java.lang.Object, java.lang.Object, java.lang.Object, java.lang.Object, java.lang.Object, java.lang.Object, java.lang.Object, java.lang.Object, java.lang.Object, java.lang.Object, java.lang.Object, java.lang.Object, java.lang.Obj
Event: 6.055 Thread 0x000001d8c1ef05d0 Exception <a 'java/lang/NoSuchMethodError'{0x00000000eada0220}: 'java.lang.Object java.lang.invoke.DirectMethodHandle$Holder.invokeStatic(java.lang.Object, java.lang.Object, java.lang.Object, java.lang.Object, java.lang.Object, java.lang.Object, java.lang.Object, java.lang.Object, java.lang.Object, java.lang.Object, java.lang.Object, java.lang.Object, java.lang.Object, java.lang.Object, java.lang.Object, java.lang.Object, java.lang.Object, java.lang.Object, java.lang.Object, java.lang.Object, java.lang.Obj
Event: 6.056 Thread 0x000001d8c1ef05d0 Exception <a 'java/lang/NoSuchMethodError'{0x00000000eadc5dc0}: 'java.lang.Object java.lang.invoke.DirectMethodHandle$Holder.invokeSpecial(java.lang.Object, java.lang.Object, java.lang.Object, java.lang.Object, java.lang.Object, java.lang.Object, java.lang.Object, java.lang.Object, java.lang.Object, java.lang.Object, java.lang.Object, java.lang.Object, java.lang.Object, java.lang.Object, java.lang.Object, java.lang.Object, java.lang.Object, java.lang.Object, java.lang.Object, java.lang.Object, java.lang.Ob
Event: 6.057 Thread 0x000001d8c1ef05d0 Exception <a 'java/lang/NoSuchMethodError'{0x00000000eaddb5a8}: 'java.lang.Object java.lang.invoke.DirectMethodHandle$Holder.newInvokeSpecial(java.lang.Object, java.lang.Object, java.lang.Object, java.lang.Object, java.lang.Object, java.lang.Object, java.lang.Object, java.lang.Object, java.lang.Object, java.lang.Object, java.lang.Object, java.lang.Object, java.lang.Object, java.lang.Object, java.lang.Object, java.lang.Object, java.lang.Object, java.lang.Object, java.lang.Object, java.lang.Object, java.lang
Event: 6.057 Thread 0x000001d8c1ef05d0 Exception <a 'java/lang/NoSuchMethodError'{0x00000000eade17a0}: 'java.lang.Object java.lang.invoke.Invokers$Holder.linkToTargetMethod(java.lang.Object, java.lang.Object, java.lang.Object, java.lang.Object, java.lang.Object, java.lang.Object, java.lang.Object, java.lang.Object, java.lang.Object, java.lang.Object, java.lang.Object, java.lang.Object, java.lang.Object, java.lang.Object, java.lang.Object, java.lang.Object, java.lang.Object, java.lang.Object, java.lang.Object, java.lang.Object, java.lang.Object,
Event: 6.057 Thread 0x000001d8c1ef05d0 Exception <a 'java/lang/NoSuchMethodError'{0x00000000eade6bb0}: 'java.lang.Object java.lang.invoke.DirectMethodHandle$Holder.invokeVirtual(java.lang.Object, java.lang.Object, java.lang.Object, java.lang.Object, java.lang.Object, java.lang.Object, java.lang.Object, java.lang.Object, java.lang.Object, java.lang.Object)'> (0x00000000eade6bb0) 
thrown [s\src\hotspot\share\interpreter\linkResolver.cpp, line 773]
Event: 6.074 Thread 0x000001d8c1ef05d0 Exception <a 'java/lang/NoSuchMethodError'{0x00000000eaf81be0}: 'java.lang.Object java.lang.invoke.DirectMethodHandle$Holder.invokeVirtual(java.lang.Object, java.lang.Object, java.lang.Object, java.lang.Object, java.lang.Object, java.lang.Object, java.lang.Object, java.lang.Object, java.lang.Object)'> (0x00000000eaf81be0) 
thrown [s\src\hotspot\share\interpreter\linkResolver.cpp, line 773]
Event: 6.089 Thread 0x000001d8c1ef05d0 Exception <a 'java/lang/NoSuchMethodError'{0x00000000eb1bfb48}: 'java.lang.Object java.lang.invoke.DirectMethodHandle$Holder.invokeVirtual(java.lang.Object, java.lang.Object, java.lang.Object, java.lang.Object, java.lang.Object, java.lang.Object, java.lang.Object, java.lang.Object)'> (0x00000000eb1bfb48) 
thrown [s\src\hotspot\share\interpreter\linkResolver.cpp, line 773]
Event: 6.092 Thread 0x000001d8c1ef05d0 Exception <a 'java/lang/NoSuchMethodError'{0x00000000eb2378d0}: 'long java.lang.invoke.DirectMethodHandle$Holder.invokeVirtual(java.lang.Object, java.lang.Object)'> (0x00000000eb2378d0) 
thrown [s\src\hotspot\share\interpreter\linkResolver.cpp, line 773]
Event: 6.092 Thread 0x000001d8c1ef05d0 Exception <a 'java/lang/NoSuchMethodError'{0x00000000eb23af48}: 'long java.lang.invoke.DelegatingMethodHandle$Holder.reinvoke_L(java.lang.Object, java.lang.Object)'> (0x00000000eb23af48) 
thrown [s\src\hotspot\share\interpreter\linkResolver.cpp, line 773]
Event: 6.258 Thread 0x000001d8c1ef2d30 Exception <a 'java/lang/NoSuchMethodError'{0x00000000eaba9508}: 'void java.lang.invoke.DirectMethodHandle$Holder.invokeStatic(java.lang.Object, long)'> (0x00000000eaba9508) 
thrown [s\src\hotspot\share\interpreter\linkResolver.cpp, line 773]
Event: 6.408 Thread 0x000001d8c1ef2d30 Exception <a 'java/lang/NoSuchMethodError'{0x00000000eabcd388}: 'void java.lang.invoke.DirectMethodHandle$Holder.invokeSpecial(java.lang.Object, java.lang.Object, int)'> (0x00000000eabcd388) 
thrown [s\src\hotspot\share\interpreter\linkResolver.cpp, line 773]
Event: 6.408 Thread 0x000001d8c1ef2d30 Exception <a 'java/lang/NoSuchMethodError'{0x00000000eac09398}: 'java.lang.Object java.lang.invoke.DirectMethodHandle$Holder.newInvokeSpecial(java.lang.Object, java.lang.Object, int)'> (0x00000000eac09398) 
thrown [s\src\hotspot\share\interpreter\linkResolver.cpp, line 773]

ZGC Phase Switch (0 events):
No events

VM Operations (20 events):
Event: 5.819 Executing VM operation: ParallelGCFailedAllocation (Allocation Failure)
Event: 5.820 Executing VM operation: ParallelGCFailedAllocation (Allocation Failure) done
Event: 5.870 Executing VM operation: ParallelGCFailedAllocation (Allocation Failure)
Event: 5.871 Executing VM operation: ParallelGCFailedAllocation (Allocation Failure) done
Event: 5.915 Executing VM operation: ParallelGCFailedAllocation (Allocation Failure)
Event: 5.915 Executing VM operation: ParallelGCFailedAllocation (Allocation Failure) done
Event: 6.034 Executing VM operation: ParallelGCFailedAllocation (Allocation Failure)
Event: 6.035 Executing VM operation: ParallelGCFailedAllocation (Allocation Failure) done
Event: 6.079 Executing VM operation: HandshakeAllThreads (Deoptimize)
Event: 6.079 Executing VM operation: HandshakeAllThreads (Deoptimize) done
Event: 6.230 Executing VM operation: HandshakeAllThreads (Deoptimize)
Event: 6.230 Executing VM operation: HandshakeAllThreads (Deoptimize) done
Event: 6.247 Executing VM operation: ParallelGCFailedAllocation (Allocation Failure)
Event: 6.248 Executing VM operation: ParallelGCFailedAllocation (Allocation Failure) done
Event: 7.249 Executing VM operation: Cleanup
Event: 7.249 Executing VM operation: Cleanup done
Event: 8.820 Executing VM operation: HandshakeAllThreads (Deoptimize)
Event: 8.820 Executing VM operation: HandshakeAllThreads (Deoptimize) done
Event: 8.820 Executing VM operation: Cleanup
Event: 8.820 Executing VM operation: Cleanup done

Memory protections (0 events):
No events

Nmethod flushes (20 events):
Event: 5.278 Thread 0x000001d8df8f0ca0 flushing  nmethod 0x000001d8e57edf90
Event: 5.278 Thread 0x000001d8df8f0ca0 flushing  nmethod 0x000001d8e57ee310
Event: 5.278 Thread 0x000001d8df8f0ca0 flushing  nmethod 0x000001d8e57f0b10
Event: 5.278 Thread 0x000001d8df8f0ca0 flushing  nmethod 0x000001d8e57f2410
Event: 5.278 Thread 0x000001d8df8f0ca0 flushing  nmethod 0x000001d8e57fc710
Event: 5.278 Thread 0x000001d8df8f0ca0 flushing  nmethod 0x000001d8e5811c10
Event: 5.278 Thread 0x000001d8df8f0ca0 flushing  nmethod 0x000001d8e5830890
Event: 5.278 Thread 0x000001d8df8f0ca0 flushing  nmethod 0x000001d8e5830c90
Event: 5.278 Thread 0x000001d8df8f0ca0 flushing  nmethod 0x000001d8e583b890
Event: 5.278 Thread 0x000001d8df8f0ca0 flushing  nmethod 0x000001d8e584f290
Event: 5.278 Thread 0x000001d8df8f0ca0 flushing  nmethod 0x000001d8e584fc90
Event: 5.278 Thread 0x000001d8df8f0ca0 flushing  nmethod 0x000001d8e5851590
Event: 5.278 Thread 0x000001d8df8f0ca0 flushing  nmethod 0x000001d8e5851a10
Event: 5.278 Thread 0x000001d8df8f0ca0 flushing  nmethod 0x000001d8e5851d90
Event: 5.278 Thread 0x000001d8df8f0ca0 flushing  nmethod 0x000001d8e5853d90
Event: 5.278 Thread 0x000001d8df8f0ca0 flushing  nmethod 0x000001d8e5854790
Event: 5.278 Thread 0x000001d8df8f0ca0 flushing  nmethod 0x000001d8e5855190
Event: 5.278 Thread 0x000001d8df8f0ca0 flushing  nmethod 0x000001d8e5860a90
Event: 5.278 Thread 0x000001d8df8f0ca0 flushing  nmethod 0x000001d8e5871d10
Event: 5.278 Thread 0x000001d8df8f0ca0 flushing  nmethod 0x000001d8e58c1390

Events (20 events):
Event: 4.840 Thread 0x000001d8feb3ea10 Thread added: 0x000001d8c1ef0c60
Event: 4.842 Thread 0x000001d8feb3ea10 Thread added: 0x000001d8c1ef2010
Event: 4.852 Thread 0x000001d8c1ef2010 Thread exited: 0x000001d8c1ef2010
Event: 4.853 Thread 0x000001d8feb3ea10 Thread added: 0x000001d8c1ef33c0
Event: 4.854 Thread 0x000001d8feb3ea10 Thread added: 0x000001d8c1ef05d0
Event: 5.937 Thread 0x000001d8fd7a4020 Thread exited: 0x000001d8fd7a4020
Event: 6.098 Thread 0x000001d8c1ef05d0 Thread added: 0x000001d8c1eeff40
Event: 6.253 Thread 0x000001d8c1ef05d0 Thread added: 0x000001d8c1ef2d30
Event: 6.260 Thread 0x000001d8c1ef2d30 Thread added: 0x000001d8c1ef40e0
Event: 6.260 Thread 0x000001d8c1ef2d30 Thread added: 0x000001d8c1ef12f0
Event: 6.396 Thread 0x000001d8fdf32ec0 Thread exited: 0x000001d8fdf32ec0
Event: 6.409 Thread 0x000001d8fdf32820 Thread exited: 0x000001d8fdf32820
Event: 6.455 Thread 0x000001d8c1ef05d0 Thread added: 0x000001d8c1ef4770
Event: 6.461 Thread 0x000001d8c1ef4770 Thread added: 0x000001d8c1ef4e00
Event: 6.461 Thread 0x000001d8c1ef4770 Thread added: 0x000001d8c1ef5490
Event: 6.461 Thread 0x000001d8c1ef4e00 Thread exited: 0x000001d8c1ef4e00
Event: 6.772 Thread 0x000001d8feb3e380 Thread exited: 0x000001d8feb3e380
Event: 8.804 Thread 0x000001d8f789aad0 Thread exited: 0x000001d8f789aad0
Event: 8.804 Thread 0x000001d8c1ef4770 Thread exited: 0x000001d8c1ef4770
Event: 8.804 Thread 0x000001d8c1ef5490 Thread exited: 0x000001d8c1ef5490


Dynamic libraries:
0x00007ff7d0960000 - 0x00007ff7d096e000 	c:\Users\admin\.cursor\extensions\redhat.java-1.42.0-win32-x64\jre\21.0.7-win32-x86_64\bin\java.exe
0x00007ff8f0da0000 - 0x00007ff8f1006000 	C:\WINDOWS\SYSTEM32\ntdll.dll
0x00007ff8eeec0000 - 0x00007ff8eef89000 	C:\WINDOWS\System32\KERNEL32.DLL
0x00007ff8ee410000 - 0x00007ff8ee7dc000 	C:\WINDOWS\System32\KERNELBASE.dll
0x00007ff8edfd0000 - 0x00007ff8ee11b000 	C:\WINDOWS\System32\ucrtbase.dll
0x00007ff8cea30000 - 0x00007ff8cea48000 	c:\Users\admin\.cursor\extensions\redhat.java-1.42.0-win32-x64\jre\21.0.7-win32-x86_64\bin\jli.dll
0x00007ff8c73c0000 - 0x00007ff8c73de000 	c:\Users\admin\.cursor\extensions\redhat.java-1.42.0-win32-x64\jre\21.0.7-win32-x86_64\bin\VCRUNTIME140.dll
0x00007ff8f0aa0000 - 0x00007ff8f0c6a000 	C:\WINDOWS\System32\USER32.dll
0x00007ff8ee120000 - 0x00007ff8ee147000 	C:\WINDOWS\System32\win32u.dll
0x00007ff8f0440000 - 0x00007ff8f046b000 	C:\WINDOWS\System32\GDI32.dll
0x00007ff8db710000 - 0x00007ff8db9aa000 	C:\WINDOWS\WinSxS\amd64_microsoft.windows.common-controls_6595b64144ccf1df_6.0.26100.3912_none_3e07963ce335137e\COMCTL32.dll
0x00007ff8ee2d0000 - 0x00007ff8ee402000 	C:\WINDOWS\System32\gdi32full.dll
0x00007ff8eeb60000 - 0x00007ff8eec09000 	C:\WINDOWS\System32\msvcrt.dll
0x00007ff8eea20000 - 0x00007ff8eeac3000 	C:\WINDOWS\System32\msvcp_win.dll
0x00007ff8f0c70000 - 0x00007ff8f0ca0000 	C:\WINDOWS\System32\IMM32.DLL
0x00007ff8d6ca0000 - 0x00007ff8d6cac000 	c:\Users\admin\.cursor\extensions\redhat.java-1.42.0-win32-x64\jre\21.0.7-win32-x86_64\bin\vcruntime140_1.dll
0x00007ff8c1570000 - 0x00007ff8c15fd000 	c:\Users\admin\.cursor\extensions\redhat.java-1.42.0-win32-x64\jre\21.0.7-win32-x86_64\bin\msvcp140.dll
0x00007ff845fd0000 - 0x00007ff846d60000 	c:\Users\admin\.cursor\extensions\redhat.java-1.42.0-win32-x64\jre\21.0.7-win32-x86_64\bin\server\jvm.dll
0x00007ff8f0140000 - 0x00007ff8f01f2000 	C:\WINDOWS\System32\ADVAPI32.dll
0x00007ff8f0cb0000 - 0x00007ff8f0d56000 	C:\WINDOWS\System32\sechost.dll
0x00007ff8efb60000 - 0x00007ff8efc76000 	C:\WINDOWS\System32\RPCRT4.dll
0x00007ff8ef340000 - 0x00007ff8ef3b4000 	C:\WINDOWS\System32\WS2_32.dll
0x00007ff8edda0000 - 0x00007ff8eddfe000 	C:\WINDOWS\SYSTEM32\POWRPROF.dll
0x00007ff8ea6e0000 - 0x00007ff8ea6eb000 	C:\WINDOWS\SYSTEM32\VERSION.dll
0x00007ff8e4950000 - 0x00007ff8e4986000 	C:\WINDOWS\SYSTEM32\WINMM.dll
0x00007ff8edd80000 - 0x00007ff8edd94000 	C:\WINDOWS\SYSTEM32\UMPDC.dll
0x00007ff8eccf0000 - 0x00007ff8ecd0a000 	C:\WINDOWS\SYSTEM32\kernel.appcore.dll
0x00007ff8d6650000 - 0x00007ff8d665a000 	c:\Users\admin\.cursor\extensions\redhat.java-1.42.0-win32-x64\jre\21.0.7-win32-x86_64\bin\jimage.dll
0x00007ff89bae0000 - 0x00007ff89bd21000 	C:\WINDOWS\SYSTEM32\DBGHELP.DLL
0x00007ff8eef90000 - 0x00007ff8ef314000 	C:\WINDOWS\System32\combase.dll
0x00007ff8f0050000 - 0x00007ff8f0130000 	C:\WINDOWS\System32\OLEAUT32.dll
0x00007ff8d7240000 - 0x00007ff8d7279000 	C:\WINDOWS\SYSTEM32\dbgcore.DLL
0x00007ff8edf30000 - 0x00007ff8edfc9000 	C:\WINDOWS\System32\bcryptPrimitives.dll
0x00007ff8d5d00000 - 0x00007ff8d5d0f000 	c:\Users\admin\.cursor\extensions\redhat.java-1.42.0-win32-x64\jre\21.0.7-win32-x86_64\bin\instrument.dll
0x00007ff8c5200000 - 0x00007ff8c521f000 	c:\Users\admin\.cursor\extensions\redhat.java-1.42.0-win32-x64\jre\21.0.7-win32-x86_64\bin\java.dll
0x00007ff8ef430000 - 0x00007ff8efb5d000 	C:\WINDOWS\System32\SHELL32.dll
0x00007ff8ee150000 - 0x00007ff8ee2c4000 	C:\WINDOWS\System32\wintypes.dll
0x00007ff8ebbe0000 - 0x00007ff8ec436000 	C:\WINDOWS\SYSTEM32\windows.storage.dll
0x00007ff8eedc0000 - 0x00007ff8eeeaf000 	C:\WINDOWS\System32\SHCORE.dll
0x00007ff8ef3c0000 - 0x00007ff8ef429000 	C:\WINDOWS\System32\shlwapi.dll
0x00007ff8ede10000 - 0x00007ff8ede3f000 	C:\WINDOWS\SYSTEM32\profapi.dll
0x00007ff8c4460000 - 0x00007ff8c4478000 	c:\Users\admin\.cursor\extensions\redhat.java-1.42.0-win32-x64\jre\21.0.7-win32-x86_64\bin\zip.dll
0x00007ff8d5f80000 - 0x00007ff8d5f90000 	C:\Users\admin\.cursor\extensions\redhat.java-1.42.0-win32-x64\jre\21.0.7-win32-x86_64\bin\net.dll
0x00007ff8e8a60000 - 0x00007ff8e8b7e000 	C:\WINDOWS\SYSTEM32\WINHTTP.dll
0x0000000180000000 - 0x000000018008c000 	C:\WINDOWS\system32\ASProxy64.dll
0x00007ff8efc80000 - 0x00007ff8efe1f000 	C:\WINDOWS\System32\ole32.dll
0x00007ff8ec730000 - 0x00007ff8ec763000 	C:\WINDOWS\SYSTEM32\IPHLPAPI.DLL
0x00007ff8ed260000 - 0x00007ff8ed2ca000 	C:\WINDOWS\SYSTEM32\MSWSOCK.dll
0x00007ff8ecf90000 - 0x00007ff8ecfd8000 	C:\WINDOWS\SYSTEM32\SspiCli.dll
0x00007ff8c3e00000 - 0x00007ff8c3e16000 	C:\Users\admin\.cursor\extensions\redhat.java-1.42.0-win32-x64\jre\21.0.7-win32-x86_64\bin\nio.dll
0x00007ff8d3a60000 - 0x00007ff8d3a70000 	c:\Users\admin\.cursor\extensions\redhat.java-1.42.0-win32-x64\jre\21.0.7-win32-x86_64\bin\verify.dll
0x00007ff8eb200000 - 0x00007ff8eb2af000 	C:\WINDOWS\system32\uxtheme.dll
0x00007ff8ce170000 - 0x00007ff8ce1b5000 	C:\Users\admin\AppData\Roaming\Cursor\User\globalStorage\redhat.java\1.42.0\config_win\org.eclipse.equinox.launcher\org.eclipse.equinox.launcher.win32.win32.x86_64_1.2.1300.v20250331-1702\eclipse_11911.dll
0x00007ff8ed510000 - 0x00007ff8ed52c000 	C:\WINDOWS\SYSTEM32\CRYPTSP.dll
0x00007ff8ecc50000 - 0x00007ff8ecc8a000 	C:\WINDOWS\system32\rsaenh.dll
0x00007ff8ed300000 - 0x00007ff8ed32b000 	C:\WINDOWS\SYSTEM32\USERENV.dll
0x00007ff8ede50000 - 0x00007ff8ede76000 	C:\WINDOWS\SYSTEM32\bcrypt.dll
0x00007ff8ed500000 - 0x00007ff8ed50c000 	C:\WINDOWS\SYSTEM32\CRYPTBASE.dll
0x00007ff8eedb0000 - 0x00007ff8eedba000 	C:\WINDOWS\System32\NSI.dll
0x00007ff8d3250000 - 0x00007ff8d325a000 	C:\Users\admin\.cursor\extensions\redhat.java-1.42.0-win32-x64\jre\21.0.7-win32-x86_64\bin\management.dll
0x00007ff8ce390000 - 0x00007ff8ce39b000 	C:\Users\admin\.cursor\extensions\redhat.java-1.42.0-win32-x64\jre\21.0.7-win32-x86_64\bin\management_ext.dll
0x00007ff8f0040000 - 0x00007ff8f0048000 	C:\WINDOWS\System32\PSAPI.DLL
0x00007ff8cdd90000 - 0x00007ff8cddd9000 	C:\Users\admin\AppData\Local\Temp\jna-92668751\jna421868166632761172.dll
0x00007ff8e86b0000 - 0x00007ff8e86cf000 	C:\WINDOWS\SYSTEM32\dhcpcsvc6.DLL
0x00007ff8e7810000 - 0x00007ff8e7835000 	C:\WINDOWS\SYSTEM32\dhcpcsvc.DLL
0x00007ff8cdd60000 - 0x00007ff8cdd87000 	C:\Users\admin\.gradle\native\1def1411415f61bf3af743bc5b6707747c0891f09f0c88961ee8f79bc544acac\windows-amd64\native-platform.dll
0x00007ff8d3bd0000 - 0x00007ff8d3bd9000 	C:\Users\admin\.cursor\extensions\redhat.java-1.42.0-win32-x64\jre\21.0.7-win32-x86_64\bin\extnet.dll
0x00007ff8ce0f0000 - 0x00007ff8ce0fe000 	C:\Users\admin\.cursor\extensions\redhat.java-1.42.0-win32-x64\jre\21.0.7-win32-x86_64\bin\sunmscapi.dll
0x00007ff8ee7e0000 - 0x00007ff8ee957000 	C:\WINDOWS\System32\CRYPT32.dll
0x00007ff8ed710000 - 0x00007ff8ed740000 	C:\WINDOWS\SYSTEM32\ncrypt.dll
0x00007ff8ed6c0000 - 0x00007ff8ed6ff000 	C:\WINDOWS\SYSTEM32\NTASN1.dll
0x00007ff8cd780000 - 0x00007ff8cd788000 	C:\WINDOWS\system32\wshunix.dll

dbghelp: loaded successfully - version: 4.0.5 - missing functions: none
symbol engine: initialized successfully - sym options: 0x614 - pdb path: .;c:\Users\admin\.cursor\extensions\redhat.java-1.42.0-win32-x64\jre\21.0.7-win32-x86_64\bin;C:\WINDOWS\SYSTEM32;C:\WINDOWS\WinSxS\amd64_microsoft.windows.common-controls_6595b64144ccf1df_6.0.26100.3912_none_3e07963ce335137e;c:\Users\admin\.cursor\extensions\redhat.java-1.42.0-win32-x64\jre\21.0.7-win32-x86_64\bin\server;C:\Users\admin\AppData\Roaming\Cursor\User\globalStorage\redhat.java\1.42.0\config_win\org.eclipse.equinox.launcher\org.eclipse.equinox.launcher.win32.win32.x86_64_1.2.1300.v20250331-1702;C:\Users\admin\AppData\Local\Temp\jna-92668751;C:\Users\admin\.gradle\native\1def1411415f61bf3af743bc5b6707747c0891f09f0c88961ee8f79bc544acac\windows-amd64

VM Arguments:
jvm_args: --add-modules=ALL-SYSTEM --add-opens=java.base/java.util=ALL-UNNAMED --add-opens=java.base/java.lang=ALL-UNNAMED --add-opens=java.base/sun.nio.fs=ALL-UNNAMED -Declipse.application=org.eclipse.jdt.ls.core.id1 -Dosgi.bundles.defaultStartLevel=4 -Declipse.product=org.eclipse.jdt.ls.core.product -Djava.import.generatesMetadataFilesAtProjectRoot=false -DDetectVMInstallationsJob.disabled=true -Dfile.encoding=utf8 -XX:+UseParallelGC -XX:GCTimeRatio=4 -XX:AdaptiveSizePolicyWeight=90 -Dsun.zip.disableMemoryMapping=true -Xmx1G -Xms100m -Xlog:disable -javaagent:c:\Users\admin\.cursor\extensions\redhat.java-1.42.0-win32-x64\lombok\lombok-1.18.36.jar -XX:+HeapDumpOnOutOfMemoryError -XX:HeapDumpPath=c:\Users\admin\AppData\Roaming\Cursor\User\workspaceStorage\0426a641ec518546e312a5bf184515bb\redhat.java -Daether.dependencyCollector.impl=bf 
java_command: c:\Users\admin\.cursor\extensions\redhat.java-1.42.0-win32-x64\server\plugins\org.eclipse.equinox.launcher_1.7.0.v20250424-1814.jar -configuration c:\Users\admin\AppData\Roaming\Cursor\User\globalStorage\redhat.java\1.42.0\config_win -data c:\Users\admin\AppData\Roaming\Cursor\User\workspaceStorage\0426a641ec518546e312a5bf184515bb\redhat.java\jdt_ws --pipe=\\.\pipe\lsp-8641130eb2fc449ffbd911802ee4fd3a-sock
java_class_path (initial): c:\Users\admin\.cursor\extensions\redhat.java-1.42.0-win32-x64\server\plugins\org.eclipse.equinox.launcher_1.7.0.v20250424-1814.jar
Launcher Type: SUN_STANDARD

[Global flags]
    uintx AdaptiveSizePolicyWeight                 = 90                                        {product} {command line}
     intx CICompilerCount                          = 12                                        {product} {ergonomic}
    uintx GCTimeRatio                              = 4                                         {product} {command line}
     bool HeapDumpOnOutOfMemoryError               = true                                   {manageable} {command line}
    ccstr HeapDumpPath                             = c:\Users\admin\AppData\Roaming\Cursor\User\workspaceStorage\0426a641ec518546e312a5bf184515bb\redhat.java         {manageable} {command line}
   size_t InitialHeapSize                          = 104857600                                 {product} {command line}
   size_t MaxHeapSize                              = 1073741824                                {product} {command line}
   size_t MaxNewSize                               = 357564416                                 {product} {ergonomic}
   size_t MinHeapDeltaBytes                        = 524288                                    {product} {ergonomic}
   size_t MinHeapSize                              = 104857600                                 {product} {command line}
   size_t NewSize                                  = 34603008                                  {product} {ergonomic}
    uintx NonNMethodCodeHeapSize                   = 7602480                                {pd product} {ergonomic}
    uintx NonProfiledCodeHeapSize                  = 122027880                              {pd product} {ergonomic}
   size_t OldSize                                  = 70254592                                  {product} {ergonomic}
    uintx ProfiledCodeHeapSize                     = 122027880                              {pd product} {ergonomic}
    uintx ReservedCodeCacheSize                    = 251658240                              {pd product} {ergonomic}
     bool SegmentedCodeCache                       = true                                      {product} {ergonomic}
   size_t SoftMaxHeapSize                          = 1073741824                             {manageable} {ergonomic}
     bool UseCompressedOops                        = true                           {product lp64_product} {ergonomic}
     bool UseLargePagesIndividualAllocation        = false                                  {pd product} {ergonomic}
     bool UseParallelGC                            = true                                      {product} {command line}

Logging:
Log output configuration:
 #0: stdout all=off uptime,level,tags foldmultilines=false
 #1: stderr all=off uptime,level,tags foldmultilines=false

Environment Variables:
JAVA_HOME=C:\Program Files\OpenLogic\jdk-17.0.15.6-hotspot
PATH=C:\Program Files\Common Files\Oracle\Java\javapath;C:\Program Files\OpenLogic\jdk-17.0.15.6-hotspot\bin;C:\WINDOWS\system32;C:\WINDOWS;C:\WINDOWS\System32\Wbem;C:\WINDOWS\System32\WindowsPowerShell\v1.0\;C:\WINDOWS\System32\OpenSSH\;C:\Program Files\dotnet\;C:\Program Files\Microsoft SQL Server\130\Tools\Binn\;C:\Program Files\Git\cmd;C:\Users\admin\AppData\Roaming\nvm;C:\Program Files\nodejs;C:\Program Files\Microsoft SQL Server\150\Tools\Binn\;C:\Users\admin\AppData\Local\Microsoft\WindowsApps;C:\Users\admin\AppData\Roaming\npm;C:\Users\admin\AppData\Local\Programs\Microsoft VS Code\bin;C:\Users\admin\AppData\Roaming\nvm;C:\Program Files\nodejs;C:\Users\admin\AppData\Local\Android\Sdk\platform-tools;C:\Users\admin\AppData\Local\Programs\cursor\resources\app\bin;C:\;C:\Users\admin\.dotnet\tools
USERNAME=admin
OS=Windows_NT
PROCESSOR_IDENTIFIER=Intel64 Family 6 Model 165 Stepping 5, GenuineIntel
TMP=C:\Users\admin\AppData\Local\Temp
TEMP=C:\Users\admin\AppData\Local\Temp




Periodic native trim disabled

---------------  S Y S T E M  ---------------

OS:
 Windows 11 , 64 bit Build 26100 (10.0.26100.3912)
OS uptime: 3 days 0:59 hours

CPU: total 16 (initial active 16) (8 cores per cpu, 2 threads per core) family 6 model 165 stepping 5 microcode 0xec, cx8, cmov, fxsr, ht, mmx, 3dnowpref, sse, sse2, sse3, ssse3, sse4.1, sse4.2, popcnt, lzcnt, tsc, tscinvbit, avx, avx2, aes, erms, clmul, bmi1, bmi2, adx, fma, vzeroupper, clflush, clflushopt, rdtscp, f16c, pku
Processor Information for processor 0
  Max Mhz: 2901, Current Mhz: 2901, Mhz Limit: 2901
Processor Information for processor 1
  Max Mhz: 2901, Current Mhz: 2901, Mhz Limit: 2901
Processor Information for processor 2
  Max Mhz: 2901, Current Mhz: 2901, Mhz Limit: 2901
Processor Information for processor 3
  Max Mhz: 2901, Current Mhz: 2100, Mhz Limit: 2901
Processor Information for processor 4
  Max Mhz: 2901, Current Mhz: 2901, Mhz Limit: 2901
Processor Information for processor 5
  Max Mhz: 2901, Current Mhz: 2100, Mhz Limit: 2901
Processor Information for processor 6
  Max Mhz: 2901, Current Mhz: 2901, Mhz Limit: 2901
Processor Information for processor 7
  Max Mhz: 2901, Current Mhz: 2100, Mhz Limit: 2901
Processor Information for processor 8
  Max Mhz: 2901, Current Mhz: 2100, Mhz Limit: 2901
Processor Information for processor 9
  Max Mhz: 2901, Current Mhz: 2100, Mhz Limit: 2901
Processor Information for processor 10
  Max Mhz: 2901, Current Mhz: 2901, Mhz Limit: 2901
Processor Information for processor 11
  Max Mhz: 2901, Current Mhz: 2100, Mhz Limit: 2901
Processor Information for processor 12
  Max Mhz: 2901, Current Mhz: 2901, Mhz Limit: 2901
Processor Information for processor 13
  Max Mhz: 2901, Current Mhz: 2100, Mhz Limit: 2901
Processor Information for processor 14
  Max Mhz: 2901, Current Mhz: 2901, Mhz Limit: 2901
Processor Information for processor 15
  Max Mhz: 2901, Current Mhz: 2100, Mhz Limit: 2901

Memory: 4k page, system-wide physical 16096M (3050M free)
TotalPageFile size 34528M (AvailPageFile size 4009M)
current process WorkingSet (physical memory assigned to process): 279M, peak: 299M
current process commit charge ("private bytes"): 359M, peak: 381M

vm_info: OpenJDK 64-Bit Server VM (21.0.7+6-LTS) for windows-amd64 JRE (21.0.7+6-LTS), built on 2025-04-15T00:00:00Z by "admin" with MS VC++ 17.7 (VS2022)

END.
