#
# A fatal error has been detected by the Java Runtime Environment:
#
#  EXCEPTION_ACCESS_VIOLATION (0xc0000005) at pc=0x000000018000c274, pid=25316, tid=32116
#
# JRE version: OpenJDK Runtime Environment Temurin-21.0.7+6 (21.0.7+6) (build 21.0.7+6-LTS)
# Java VM: OpenJDK 64-Bit Server VM Temurin-21.0.7+6 (21.0.7+6-LTS, mixed mode, sharing, tiered, compressed oops, compressed class ptrs, parallel gc, windows-amd64)
# Problematic frame:
# C  [ASProxy64.dll+0xc274]
#
# No core dump will be written. Minidumps are not enabled by default on client versions of Windows
#
# If you would like to submit a bug report, please visit:
#   https://github.com/adoptium/adoptium-support/issues
# The crash happened outside the Java Virtual Machine in native code.
# See problematic frame for where to report the bug.
#

---------------  S U M M A R Y ------------

Command Line: --add-modules=ALL-SYSTEM --add-opens=java.base/java.util=ALL-UNNAMED --add-opens=java.base/java.lang=ALL-UNNAMED --add-opens=java.base/sun.nio.fs=ALL-UNNAMED -Declipse.application=org.eclipse.jdt.ls.core.id1 -Dosgi.bundles.defaultStartLevel=4 -Declipse.product=org.eclipse.jdt.ls.core.product -Djava.import.generatesMetadataFilesAtProjectRoot=false -DDetectVMInstallationsJob.disabled=true -Dfile.encoding=utf8 -XX:+UseParallelGC -XX:GCTimeRatio=4 -XX:AdaptiveSizePolicyWeight=90 -Dsun.zip.disableMemoryMapping=true -Xmx1G -Xms100m -Xlog:disable -javaagent:c:\Users\admin\.cursor\extensions\redhat.java-1.42.0-win32-x64\lombok\lombok-1.18.36.jar -XX:+HeapDumpOnOutOfMemoryError -XX:HeapDumpPath=c:\Users\admin\AppData\Roaming\Cursor\User\workspaceStorage\0426a641ec518546e312a5bf184515bb\redhat.java -Daether.dependencyCollector.impl=bf c:\Users\admin\.cursor\extensions\redhat.java-1.42.0-win32-x64\server\plugins\org.eclipse.equinox.launcher_1.7.0.v20250424-1814.jar -configuration c:\Users\admin\AppData\Roaming\Cursor\User\globalStorage\redhat.java\1.42.0\config_win -data c:\Users\admin\AppData\Roaming\Cursor\User\workspaceStorage\0426a641ec518546e312a5bf184515bb\redhat.java\jdt_ws --pipe=\\.\pipe\lsp-20f90be49adcd2250f8c2a5a933a478b-sock

Host: Intel(R) Core(TM) i7-10700 CPU @ 2.90GHz, 16 cores, 15G,  Windows 11 , 64 bit Build 26100 (10.0.26100.3912)
Time: Sat May 17 12:27:56 2025 Eastern Daylight Time elapsed time: 7.569867 seconds (0d 0h 0m 7s)

---------------  T H R E A D  ---------------

Current thread (0x0000029621ea9d30):  JavaThread "Connection worker"        [_thread_in_native, id=32116, stack(0x0000009817600000,0x0000009817700000) (1024K)]

Stack: [0x0000009817600000,0x0000009817700000],  sp=0x00000098176fddb0,  free space=1015k
Native frames: (J=compiled Java code, j=interpreted, Vv=VM code, C=native code)
C  [ASProxy64.dll+0xc274]

Java frames: (J=compiled Java code, j=interpreted, Vv=VM code)
j  sun.nio.ch.WEPoll.ctl(JIJI)I+0 java.base@21.0.7
j  sun.nio.ch.WEPollSelectorImpl.<init>(Ljava/nio/channels/spi/SelectorProvider;)V+139 java.base@21.0.7
j  sun.nio.ch.WEPollSelectorProvider.openSelector()Ljava/nio/channels/spi/AbstractSelector;+5 java.base@21.0.7
j  java.nio.channels.Selector.open()Ljava/nio/channels/Selector;+3 java.base@21.0.7
j  org.gradle.internal.remote.internal.inet.SocketConnection$SocketInputStream.<init>(Ljava/nio/channels/SocketChannel;)V+17
j  org.gradle.internal.remote.internal.inet.SocketConnection.<init>(Ljava/nio/channels/SocketChannel;Lorg/gradle/internal/remote/internal/MessageSerializer;Lorg/gradle/internal/serialize/StatefulSerializer;)V+27
j  org.gradle.internal.remote.internal.inet.SocketConnectCompletion.create(Lorg/gradle/internal/serialize/StatefulSerializer;)Lorg/gradle/internal/remote/internal/RemoteConnection;+16
j  org.gradle.launcher.daemon.client.DefaultDaemonConnector.connectToDaemon(Lorg/gradle/launcher/daemon/context/DaemonConnectDetails;Lorg/gradle/launcher/daemon/client/DaemonClientConnection$StaleAddressDetector;)Lorg/gradle/launcher/daemon/client/DaemonClientConnection;+45
j  org.gradle.launcher.daemon.client.DefaultDaemonConnector.connectToDaemonWithId(Lorg/gradle/launcher/daemon/diagnostics/DaemonStartupInfo;Lorg/gradle/api/internal/specs/ExplainingSpec;)Lorg/gradle/launcher/daemon/client/DaemonClientConnection;+116
j  org.gradle.launcher.daemon.client.DefaultDaemonConnector.doStartDaemon(Lorg/gradle/api/internal/specs/ExplainingSpec;Z)Lorg/gradle/launcher/daemon/client/DaemonClientConnection;+61
j  org.gradle.launcher.daemon.client.DefaultDaemonConnector.startDaemon(Lorg/gradle/api/internal/specs/ExplainingSpec;)Lorg/gradle/launcher/daemon/client/DaemonClientConnection;+3
j  org.gradle.launcher.daemon.client.DaemonClient.execute(Lorg/gradle/internal/invocation/BuildAction;Lorg/gradle/launcher/exec/BuildActionParameters;Lorg/gradle/internal/daemon/client/execution/ClientBuildRequestContext;)Lorg/gradle/launcher/exec/BuildActionResult;+201
j  org.gradle.launcher.daemon.client.DaemonClient.execute(Lorg/gradle/internal/invocation/BuildAction;Ljava/lang/Object;Ljava/lang/Object;)Lorg/gradle/launcher/exec/BuildActionResult;+10
j  org.gradle.tooling.internal.provider.DaemonBuildActionExecuter.execute(Lorg/gradle/internal/invocation/BuildAction;Lorg/gradle/tooling/internal/provider/ConnectionOperationParameters;Lorg/gradle/internal/daemon/client/execution/ClientBuildRequestContext;)Lorg/gradle/launcher/exec/BuildActionResult;+72
j  org.gradle.tooling.internal.provider.DaemonBuildActionExecuter.execute(Lorg/gradle/internal/invocation/BuildAction;Ljava/lang/Object;Ljava/lang/Object;)Lorg/gradle/launcher/exec/BuildActionResult;+10
j  org.gradle.tooling.internal.provider.LoggingBridgingBuildActionExecuter.execute(Lorg/gradle/internal/invocation/BuildAction;Lorg/gradle/tooling/internal/provider/ConnectionOperationParameters;Lorg/gradle/internal/daemon/client/execution/ClientBuildRequestContext;)Lorg/gradle/launcher/exec/BuildActionResult;+77
j  org.gradle.tooling.internal.provider.LoggingBridgingBuildActionExecuter.execute(Lorg/gradle/internal/invocation/BuildAction;Ljava/lang/Object;Ljava/lang/Object;)Lorg/gradle/launcher/exec/BuildActionResult;+10
j  org.gradle.tooling.internal.provider.ProviderConnection.run(Lorg/gradle/internal/invocation/BuildAction;Lorg/gradle/initialization/BuildCancellationToken;Lorg/gradle/tooling/internal/provider/ProviderConnection$ProgressListenerConfiguration;Lorg/gradle/initialization/BuildEventConsumer;Lorg/gradle/tooling/internal/provider/connection/ProviderOperationParameters;Lorg/gradle/tooling/internal/provider/ProviderConnection$Parameters;)Ljava/lang/Object;+79
j  org.gradle.tooling.internal.provider.ProviderConnection.runPhasedAction(Lorg/gradle/tooling/internal/protocol/InternalPhasedAction;Lorg/gradle/tooling/internal/protocol/PhasedActionResultListener;Lorg/gradle/initialization/BuildCancellationToken;Lorg/gradle/tooling/internal/provider/connection/ProviderOperationParameters;)Ljava/lang/Object;+132
j  org.gradle.tooling.internal.provider.DefaultConnection.run(Lorg/gradle/tooling/internal/protocol/InternalPhasedAction;Lorg/gradle/tooling/internal/protocol/PhasedActionResultListener;Lorg/gradle/tooling/internal/protocol/InternalCancellationToken;Lorg/gradle/tooling/internal/protocol/BuildParameters;)Lorg/gradle/tooling/internal/protocol/BuildResult;+28
j  org.gradle.tooling.internal.consumer.connection.PhasedActionAwareConsumerConnection.run(Lorg/gradle/tooling/internal/consumer/PhasedBuildAction;Lorg/gradle/tooling/internal/consumer/parameters/ConsumerOperationParameters;)V+66
j  org.gradle.tooling.internal.consumer.connection.ParameterValidatingConsumerConnection.run(Lorg/gradle/tooling/internal/consumer/PhasedBuildAction;Lorg/gradle/tooling/internal/consumer/parameters/ConsumerOperationParameters;)V+11
j  org.gradle.tooling.internal.consumer.DefaultPhasedBuildActionExecuter$1.run(Lorg/gradle/tooling/internal/consumer/connection/ConsumerConnection;)Ljava/lang/Void;+12
j  org.gradle.tooling.internal.consumer.DefaultPhasedBuildActionExecuter$1.run(Lorg/gradle/tooling/internal/consumer/connection/ConsumerConnection;)Ljava/lang/Object;+2
j  org.gradle.tooling.internal.consumer.connection.LazyConsumerActionExecutor.run(Lorg/gradle/tooling/internal/consumer/connection/ConsumerAction;)Ljava/lang/Object;+34
j  org.gradle.tooling.internal.consumer.connection.CancellableConsumerActionExecutor.run(Lorg/gradle/tooling/internal/consumer/connection/ConsumerAction;)Ljava/lang/Object;+34
j  org.gradle.tooling.internal.consumer.connection.ProgressLoggingConsumerActionExecutor.run(Lorg/gradle/tooling/internal/consumer/connection/ConsumerAction;)Ljava/lang/Object;+78
j  org.gradle.tooling.internal.consumer.connection.RethrowingErrorsConsumerActionExecutor.run(Lorg/gradle/tooling/internal/consumer/connection/ConsumerAction;)Ljava/lang/Object;+5
j  org.gradle.tooling.internal.consumer.async.DefaultAsyncConsumerActionExecutor$1$1.run()V+17
j  org.gradle.internal.concurrent.ExecutorPolicy$CatchAndRecordFailures.onExecute(Ljava/lang/Runnable;)V+1
j  org.gradle.internal.concurrent.AbstractManagedExecutor$1.run()V+25
j  java.util.concurrent.ThreadPoolExecutor.runWorker(Ljava/util/concurrent/ThreadPoolExecutor$Worker;)V+92 java.base@21.0.7
j  java.util.concurrent.ThreadPoolExecutor$Worker.run()V+5 java.base@21.0.7
j  java.lang.Thread.runWith(Ljava/lang/Object;Ljava/lang/Runnable;)V+5 java.base@21.0.7
j  java.lang.Thread.run()V+19 java.base@21.0.7
v  ~StubRoutines::call_stub 0x00000295c847100d

siginfo: EXCEPTION_ACCESS_VIOLATION (0xc0000005), reading address 0x00000000000005ec


Registers:
RAX=0x0000000000000000, RBX=0x000002961e0e3bb8, RCX=0x00000000000012ec, RDX=0x0000000000000002
RSP=0x00000098176fddb0, RBP=0x00000000000005ec, RSI=0x0000029622068c80, RDI=0x00000000000005ec
R8 =0x7ffffffffffffffc, R9 =0x0000000000000001, R10=0x00000000000012ec, R11=0x00000295bde2c2b8
R12=0x00000098176fdff0, R13=0x0000000000001300, R14=0x0000029622068c50, R15=0x0000000000001300
RIP=0x000000018000c274, EFLAGS=0x0000000000010246

XMM[0]=0x0000000000000000 0x0000000000000000
XMM[1]=0x0000000000000000 0x0000000000000000
XMM[2]=0x0000000000000000 0x0000000000000000
XMM[3]=0x0000000000000000 0x0000000000000000
XMM[4]=0x0000000000000000 0x0000000000000000
XMM[5]=0x0000000000000000 0x0000000000000000
XMM[6]=0x79adc264407a8667 0x7038ad8f92353af1
XMM[7]=0x9de326c582b99e26 0x2ec06d177f645c7c
XMM[8]=0x0000000000000000 0x5960d89313ef5693
XMM[9]=0x64549fb741b3421d 0xd310da0210235c76
XMM[10]=0xffffffffffffffff 0x0b0a090803020100
XMM[11]=0x3b22c2a3a5ae6949 0x0000000000000000
XMM[12]=0x0b0a090803020100 0xffffffffffffffff
XMM[13]=0x0c0d0e0f08090a0b 0x0405060700010203
XMM[14]=0x0000000000000000 0x6c9c4e785cd1fc34
XMM[15]=0x0000000000000000 0x00000000f035adbc
  MXCSR=0x00001fa0


Register to memory mapping:

RAX=0x0 is null
RBX=0x000002961e0e3bb8 points into unknown readable memory: 0x0000000000000000 | 00 00 00 00 00 00 00 00
RCX=0x00000000000012ec is an unknown value
RDX=0x0000000000000002 is an unknown value
RSP=0x00000098176fddb0 is pointing into the stack for thread: 0x0000029621ea9d30
RBP=0x00000000000005ec is an unknown value
RSI=0x0000029622068c80 points into unknown readable memory: 0x0000029622068c80 | 80 8c 06 22 96 02 00 00
RDI=0x00000000000005ec is an unknown value
R8 =0x7ffffffffffffffc is an unknown value
R9 =0x0000000000000001 is an unknown value
R10=0x00000000000012ec is an unknown value
R11=0x00000295bde2c2b8 points into unknown readable memory: 0x00000000000007d0 | d0 07 00 00 00 00 00 00
R12=0x00000098176fdff0 is pointing into the stack for thread: 0x0000029621ea9d30
R13=0x0000000000001300 is an unknown value
R14=0x0000029622068c50 points into unknown readable memory: 0x00000000000005ec | ec 05 00 00 00 00 00 00
R15=0x0000000000001300 is an unknown value

Top of Stack: (sp=0x00000098176fddb0)
0x00000098176fddb0:   0000000000000000 0000000000000000
0x00000098176fddc0:   00000000000005ec 000000018001f4c2
0x00000098176fddd0:   0000000180065ec8 0000000000002736
0x00000098176fdde0:   0000000000000000 00000000000012ec
0x00000098176fddf0:   00000000000005ec 000000018000c506
0x00000098176fde00:   000002961e0e3bb8 0000000000002736
0x00000098176fde10:   0000000000000000 0000029500000008
0x00000098176fde20:   000000980000001e 0000000000000000
0x00000098176fde30:   00000000000005ec 0000000000000000
0x00000098176fde40:   0000000000000001 0000000000000000
0x00000098176fde50:   00000000000005ec 00007ff8c74777e6
0x00000098176fde60:   00000000000012ec 0000000000000502
0x00000098176fde70:   0000029622068c80 00000098176fdfc0
0x00000098176fde80:   0000000000000000 0000029600000000
0x00000098176fde90:   0000000000000003 0000029600000001
0x00000098176fdea0:   0000000000000000 0000000000000000
0x00000098176fdeb0:   00007ff800000000 00007ff8edfe0139
0x00000098176fdec0:   00000000000012ec 0000000000000000
0x00000098176fded0:   0000000000000000 00009d97634292a6
0x00000098176fdee0:   000002961e0e3ba0 00007ff8c74782af
0x00000098176fdef0:   0000000000000028 00007ff870212cac
0x00000098176fdf00:   000002961e0e3ba8 00000295bde54c20
0x00000098176fdf10:   0000029622068c50 00007ff8c7478359
0x00000098176fdf20:   0000029622068c80 00000098176fdff0
0x00000098176fdf30:   0000029622068c80 0000029622068c50
0x00000098176fdf40:   0000029621ea9d30 00000098176fdff0
0x00000098176fdf50:   00000296195f2778 0000000000000000
0x00000098176fdf60:   0000029622068c50 00007ff8c7478787
0x00000098176fdf70:   0000000000000000 00000098176fdff0
0x00000098176fdf80:   0000000000001300 0000029621ea9d30
0x00000098176fdf90:   0000000000000001 00007ff8c7477a75
0x00000098176fdfa0:   00000000000005ec 00000098176fdff0 

Instructions: (pc=0x000000018000c274)
0x000000018000c174:   70 48 8b 6c 24 78 32 c0 48 83 c4 50 41 5c c3 cc
0x000000018000c184:   cc cc cc cc cc cc cc cc cc cc cc cc 48 85 c9 74
0x000000018000c194:   23 8b 05 ad ff 06 00 89 01 8b 05 a9 ff 06 00 89
0x000000018000c1a4:   41 04 8b 05 a4 ff 06 00 89 41 08 8b 05 9f ff 06
0x000000018000c1b4:   00 89 41 0c f3 c3 cc cc cc cc cc cc c6 01 01 c7
0x000000018000c1c4:   02 01 00 00 00 c3 cc cc cc cc cc cc 48 89 5c 24
0x000000018000c1d4:   08 57 48 83 ec 70 48 8b fa 8b d9 48 8d 15 82 73
0x000000018000c1e4:   05 00 48 8d 4c 24 20 45 33 c0 48 c7 44 24 40 0f
0x000000018000c1f4:   00 00 00 48 c7 44 24 38 00 00 00 00 c6 44 24 28
0x000000018000c204:   00 e8 d6 6b ff ff 4c 8d 4c 24 20 48 8d 4c 24 48
0x000000018000c214:   41 b0 01 8b d3 e8 52 06 02 00 48 83 78 20 10 72
0x000000018000c224:   06 48 8b 48 08 eb 05 48 8d 48 08 90 0f b6 01 48
0x000000018000c234:   ff c7 48 ff c1 88 47 ff 84 c0 75 f0 48 83 7c 24
0x000000018000c244:   68 10 72 0a 48 8b 4c 24 50 e8 52 94 03 00 48 8b
0x000000018000c254:   9c 24 80 00 00 00 48 83 c4 70 5f c3 48 83 ec 48
0x000000018000c264:   0f b6 c2 0f 57 c0 0f 11 44 24 ff 25 00 00 00 00
0x000000018000c274:   ae 7e ef ee f8 7f 00 00 8b 44 24 04 0f af 04 24
0x000000018000c284:   89 04 24 8b 44 24 04 0f af 04 24 83 c0 01 89 04
0x000000018000c294:   24 8b 44 24 04 0f af 04 24 83 c0 02 89 04 24 8b
0x000000018000c2a4:   44 24 04 0f af 04 24 83 c0 03 89 04 24 8b 44 24
0x000000018000c2b4:   04 0f af 04 24 83 c0 04 89 04 24 8b 44 24 04 0f
0x000000018000c2c4:   af 04 24 83 c0 05 89 04 24 8b 44 24 04 0f af 04
0x000000018000c2d4:   24 83 c0 06 89 04 24 8b 44 24 04 0f af 04 24 83
0x000000018000c2e4:   c0 07 89 04 24 8b 44 24 04 0f af 04 24 83 c0 08
0x000000018000c2f4:   89 04 24 8b 44 24 04 0f af 04 24 83 c0 09 89 04
0x000000018000c304:   24 8b 44 24 04 0f af 04 24 83 c0 0a 89 04 24 8b
0x000000018000c314:   44 24 04 0f af 04 24 83 c0 0b 89 04 24 8b 44 24
0x000000018000c324:   04 0f af 04 24 83 c0 0d 89 04 24 8b 44 24 04 0f
0x000000018000c334:   af 04 24 83 c0 0e 89 04 24 8b 44 24 04 0f af 04
0x000000018000c344:   24 83 c0 0f 89 04 24 8b 44 24 04 0f af 04 24 83
0x000000018000c354:   c0 10 89 04 24 8b 44 24 04 0f af 04 24 83 c0 11
0x000000018000c364:   89 04 24 8b 44 24 04 0f af 04 24 83 c0 12 89 04 


Stack slot to memory mapping:

stack at sp + 0 slots: 0x0 is null
stack at sp + 1 slots: 0x0 is null
stack at sp + 2 slots: 0x00000000000005ec is an unknown value
stack at sp + 3 slots: 0x000000018001f4c2 ASProxy64.dll
stack at sp + 4 slots: 0x0000000180065ec8 ASProxy64.dll
stack at sp + 5 slots: 0x0000000000002736 is an unknown value
stack at sp + 6 slots: 0x0 is null
stack at sp + 7 slots: 0x00000000000012ec is an unknown value


---------------  P R O C E S S  ---------------

Threads class SMR info:
_java_thread_list=0x0000029621fff230, length=59, elements={
0x00000295bbaaad10, 0x00000295bdedae10, 0x00000295bdedbac0, 0x00000295bdedec20,
0x00000295bdee1c10, 0x00000295bdee8930, 0x00000295bdee6bb0, 0x00000295bdeee4a0,
0x00000296146edfd0, 0x00000296147fe8c0, 0x0000029614801890, 0x000002961a67d520,
0x000002961ae91a90, 0x000002961ae90d70, 0x000002961ae92e40, 0x000002961ae934d0,
0x000002961ae90050, 0x000002961ae906e0, 0x000002961ae92120, 0x000002961b309290,
0x000002961b308c00, 0x000002961b309920, 0x000002961b3071c0, 0x000002961b308570,
0x000002961b309fb0, 0x000002961b307ee0, 0x000002961b30a640, 0x000002961b30acd0,
0x000002961b307850, 0x000002961b30e150, 0x000002961b30b9f0, 0x000002961b30dac0,
0x000002961b30c080, 0x000002961b30c710, 0x000002961b30b360, 0x000002961b30cda0,
0x000002961b30d430, 0x000002961c94a940, 0x000002961c948f00, 0x000002961c9481e0,
0x000002961c949590, 0x000002961c94afd0, 0x000002961c94bcf0, 0x000002961c949c20,
0x000002961c94b660, 0x000002961c948870, 0x000002961c94a2b0, 0x000002961c94eae0,
0x000002961c94e450, 0x000002961c94f170, 0x000002961c94d0a0, 0x000002961c94d730,
0x000002961c94ddc0, 0x0000029621eabe00, 0x0000029621ea9d30, 0x0000029621eab770,
0x0000029621eac490, 0x0000029621eaa3c0, 0x0000029621ea9010
}

Java Threads: ( => current thread )
  0x00000295bbaaad10 JavaThread "main"                              [_thread_blocked, id=29420, stack(0x0000009811300000,0x0000009811400000) (1024K)]
  0x00000295bdedae10 JavaThread "Reference Handler"          daemon [_thread_blocked, id=6152, stack(0x0000009811700000,0x0000009811800000) (1024K)]
  0x00000295bdedbac0 JavaThread "Finalizer"                  daemon [_thread_blocked, id=21488, stack(0x0000009811800000,0x0000009811900000) (1024K)]
  0x00000295bdedec20 JavaThread "Signal Dispatcher"          daemon [_thread_blocked, id=29920, stack(0x0000009811900000,0x0000009811a00000) (1024K)]
  0x00000295bdee1c10 JavaThread "Attach Listener"            daemon [_thread_blocked, id=8796, stack(0x0000009811a00000,0x0000009811b00000) (1024K)]
  0x00000295bdee8930 JavaThread "Service Thread"             daemon [_thread_blocked, id=31184, stack(0x0000009811b00000,0x0000009811c00000) (1024K)]
  0x00000295bdee6bb0 JavaThread "Monitor Deflation Thread"   daemon [_thread_blocked, id=18200, stack(0x0000009811c00000,0x0000009811d00000) (1024K)]
  0x00000295bdeee4a0 JavaThread "C2 CompilerThread0"         daemon [_thread_blocked, id=28460, stack(0x0000009811d00000,0x0000009811e00000) (1024K)]
  0x00000296146edfd0 JavaThread "C1 CompilerThread0"         daemon [_thread_blocked, id=31172, stack(0x0000009811e00000,0x0000009811f00000) (1024K)]
  0x00000296147fe8c0 JavaThread "Common-Cleaner"             daemon [_thread_blocked, id=9680, stack(0x0000009811f00000,0x0000009812000000) (1024K)]
  0x0000029614801890 JavaThread "C1 CompilerThread1"         daemon [_thread_blocked, id=31712, stack(0x0000009812000000,0x0000009812100000) (1024K)]
  0x000002961a67d520 JavaThread "Notification Thread"        daemon [_thread_blocked, id=4364, stack(0x0000009813500000,0x0000009813600000) (1024K)]
  0x000002961ae91a90 JavaThread "Active Thread: Equinox Container: 334ddd56-d611-4f70-950a-93a3b79ca99d"        [_thread_blocked, id=9472, stack(0x0000009813e00000,0x0000009813f00000) (1024K)]
  0x000002961ae90d70 JavaThread "Refresh Thread: Equinox Container: 334ddd56-d611-4f70-950a-93a3b79ca99d" daemon [_thread_blocked, id=29372, stack(0x0000009814000000,0x0000009814100000) (1024K)]
  0x000002961ae92e40 JavaThread "Framework Event Dispatcher: Equinox Container: 334ddd56-d611-4f70-950a-93a3b79ca99d" daemon [_thread_blocked, id=25144, stack(0x0000009814100000,0x0000009814200000) (1024K)]
  0x000002961ae934d0 JavaThread "Start Level: Equinox Container: 334ddd56-d611-4f70-950a-93a3b79ca99d" daemon [_thread_blocked, id=15444, stack(0x0000009814200000,0x0000009814300000) (1024K)]
  0x000002961ae90050 JavaThread "Bundle File Closer"         daemon [_thread_blocked, id=24448, stack(0x0000009814600000,0x0000009814700000) (1024K)]
  0x000002961ae906e0 JavaThread "SCR Component Actor"        daemon [_thread_blocked, id=18436, stack(0x0000009814700000,0x0000009814800000) (1024K)]
  0x000002961ae92120 JavaThread "Worker-JM"                         [_thread_blocked, id=15528, stack(0x0000009814a00000,0x0000009814b00000) (1024K)]
  0x000002961b309290 JavaThread "Worker-0"                          [_thread_blocked, id=32836, stack(0x0000009814c00000,0x0000009814d00000) (1024K)]
  0x000002961b308c00 JavaThread "Worker-1: Initialize Workspace"        [_thread_blocked, id=14760, stack(0x0000009814d00000,0x0000009814e00000) (1024K)]
  0x000002961b309920 JavaThread "Java indexing"              daemon [_thread_blocked, id=33968, stack(0x0000009813c00000,0x0000009813d00000) (1024K)]
  0x000002961b3071c0 JavaThread "JNA Cleaner"                daemon [_thread_blocked, id=25556, stack(0x0000009813d00000,0x0000009813e00000) (1024K)]
  0x000002961b308570 JavaThread "Worker-2"                          [_thread_blocked, id=30952, stack(0x0000009815200000,0x0000009815300000) (1024K)]
  0x000002961b309fb0 JavaThread "Worker-3"                          [_thread_blocked, id=12020, stack(0x0000009815300000,0x0000009815400000) (1024K)]
  0x000002961b307ee0 JavaThread "Thread-2"                   daemon [_thread_in_native, id=28028, stack(0x0000009815400000,0x0000009815500000) (1024K)]
  0x000002961b30a640 JavaThread "Thread-3"                   daemon [_thread_in_native, id=22816, stack(0x0000009815500000,0x0000009815600000) (1024K)]
  0x000002961b30acd0 JavaThread "Thread-4"                   daemon [_thread_in_native, id=26936, stack(0x0000009815600000,0x0000009815700000) (1024K)]
  0x000002961b307850 JavaThread "Thread-5"                   daemon [_thread_in_native, id=16900, stack(0x0000009815700000,0x0000009815800000) (1024K)]
  0x000002961b30e150 JavaThread "Thread-6"                   daemon [_thread_in_native, id=34076, stack(0x0000009815800000,0x0000009815900000) (1024K)]
  0x000002961b30b9f0 JavaThread "Thread-7"                   daemon [_thread_in_native, id=23736, stack(0x0000009815900000,0x0000009815a00000) (1024K)]
  0x000002961b30dac0 JavaThread "Thread-8"                   daemon [_thread_in_native, id=25836, stack(0x0000009815a00000,0x0000009815b00000) (1024K)]
  0x000002961b30c080 JavaThread "Thread-9"                   daemon [_thread_in_native, id=2836, stack(0x0000009815b00000,0x0000009815c00000) (1024K)]
  0x000002961b30c710 JavaThread "Thread-10"                  daemon [_thread_in_native, id=30300, stack(0x0000009815c00000,0x0000009815d00000) (1024K)]
  0x000002961b30b360 JavaThread "Thread-11"                  daemon [_thread_in_native, id=26064, stack(0x0000009815d00000,0x0000009815e00000) (1024K)]
  0x000002961b30cda0 JavaThread "Thread-12"                  daemon [_thread_in_native, id=8704, stack(0x0000009815e00000,0x0000009815f00000) (1024K)]
  0x000002961b30d430 JavaThread "Thread-13"                  daemon [_thread_in_native, id=22960, stack(0x0000009815f00000,0x0000009816000000) (1024K)]
  0x000002961c94a940 JavaThread "Thread-14"                  daemon [_thread_in_native, id=3464, stack(0x0000009816000000,0x0000009816100000) (1024K)]
  0x000002961c948f00 JavaThread "Thread-15"                  daemon [_thread_in_native, id=11784, stack(0x0000009816100000,0x0000009816200000) (1024K)]
  0x000002961c9481e0 JavaThread "Thread-16"                  daemon [_thread_in_native, id=31840, stack(0x0000009816200000,0x0000009816300000) (1024K)]
  0x000002961c949590 JavaThread "Thread-17"                  daemon [_thread_in_native, id=13780, stack(0x0000009816300000,0x0000009816400000) (1024K)]
  0x000002961c94afd0 JavaThread "Thread-18"                  daemon [_thread_in_native, id=488, stack(0x0000009816400000,0x0000009816500000) (1024K)]
  0x000002961c94bcf0 JavaThread "pool-2-thread-1"                   [_thread_blocked, id=20028, stack(0x0000009816700000,0x0000009816800000) (1024K)]
  0x000002961c949c20 JavaThread "WorkspaceEventsHandler"            [_thread_blocked, id=8292, stack(0x0000009816800000,0x0000009816900000) (1024K)]
  0x000002961c94b660 JavaThread "pool-1-thread-1"                   [_thread_blocked, id=26424, stack(0x0000009816900000,0x0000009816a00000) (1024K)]
  0x000002961c948870 JavaThread "Worker-4"                          [_thread_blocked, id=16424, stack(0x0000009816d00000,0x0000009816e00000) (1024K)]
  0x000002961c94a2b0 JavaThread "Timer-0"                           [_thread_blocked, id=35492, stack(0x0000009816e00000,0x0000009816f00000) (1024K)]
  0x000002961c94eae0 JavaThread "Timer-1"                           [_thread_blocked, id=8028, stack(0x0000009816f00000,0x0000009817000000) (1024K)]
  0x000002961c94e450 JavaThread "Timer-2"                           [_thread_blocked, id=35156, stack(0x0000009817000000,0x0000009817100000) (1024K)]
  0x000002961c94f170 JavaThread "LocalFile Deleter"          daemon [_thread_blocked, id=840, stack(0x0000009817100000,0x0000009817200000) (1024K)]
  0x000002961c94d0a0 JavaThread "LocalFile Deleter"          daemon [_thread_blocked, id=27916, stack(0x0000009817200000,0x0000009817300000) (1024K)]
  0x000002961c94d730 JavaThread "LocalFile Deleter"          daemon [_thread_blocked, id=18184, stack(0x0000009817300000,0x0000009817400000) (1024K)]
  0x000002961c94ddc0 JavaThread "Timer-3"                           [_thread_blocked, id=33392, stack(0x0000009817400000,0x0000009817500000) (1024K)]
  0x0000029621eabe00 JavaThread "Timer-4"                           [_thread_blocked, id=29508, stack(0x0000009817500000,0x0000009817600000) (1024K)]
=>0x0000029621ea9d30 JavaThread "Connection worker"                 [_thread_in_native, id=32116, stack(0x0000009817600000,0x0000009817700000) (1024K)]
  0x0000029621eab770 JavaThread "pool-3-thread-1"                   [_thread_blocked, id=13280, stack(0x0000009814e00000,0x0000009814f00000) (1024K)]
  0x0000029621eac490 JavaThread "Exec process"                      [_thread_blocked, id=13380, stack(0x0000009816600000,0x0000009816700000) (1024K)]
  0x0000029621eaa3c0 JavaThread "Exec process Thread 2"             [_thread_blocked, id=30960, stack(0x0000009816a00000,0x0000009816b00000) (1024K)]
  0x0000029621ea9010 JavaThread "Exec process Thread 3"             [_thread_blocked, id=30920, stack(0x0000009816b00000,0x0000009816c00000) (1024K)]
Total: 59

Other Threads:
  0x00000295d22041b0 VMThread "VM Thread"                           [id=21824, stack(0x0000009811600000,0x0000009811700000) (1024K)]
  0x00000295d20fba00 WatcherThread "VM Periodic Task Thread"        [id=33524, stack(0x0000009811500000,0x0000009811600000) (1024K)]
  0x00000295bde4fc50 WorkerThread "GC Thread#0"                     [id=22520, stack(0x0000009811400000,0x0000009811500000) (1024K)]
  0x000002961a6c6f60 WorkerThread "GC Thread#1"                     [id=20472, stack(0x0000009813600000,0x0000009813700000) (1024K)]
  0x000002961aee1020 WorkerThread "GC Thread#2"                     [id=28708, stack(0x0000009813700000,0x0000009813800000) (1024K)]
  0x000002961aee13c0 WorkerThread "GC Thread#3"                     [id=7632, stack(0x0000009813800000,0x0000009813900000) (1024K)]
  0x000002961aee1760 WorkerThread "GC Thread#4"                     [id=20880, stack(0x0000009813900000,0x0000009813a00000) (1024K)]
  0x000002961ad002d0 WorkerThread "GC Thread#5"                     [id=35148, stack(0x0000009813a00000,0x0000009813b00000) (1024K)]
  0x000002961ad00670 WorkerThread "GC Thread#6"                     [id=34840, stack(0x0000009813b00000,0x0000009813c00000) (1024K)]
  0x000002961b18dd00 WorkerThread "GC Thread#7"                     [id=34040, stack(0x0000009813f00000,0x0000009814000000) (1024K)]
  0x000002961b4cdbf0 WorkerThread "GC Thread#8"                     [id=14432, stack(0x0000009814300000,0x0000009814400000) (1024K)]
  0x000002961b7c3010 WorkerThread "GC Thread#9"                     [id=2260, stack(0x0000009814400000,0x0000009814500000) (1024K)]
  0x000002961b7c37c0 WorkerThread "GC Thread#10"                    [id=24840, stack(0x0000009814500000,0x0000009814600000) (1024K)]
  0x000002961b915ef0 WorkerThread "GC Thread#11"                    [id=34164, stack(0x0000009814900000,0x0000009814a00000) (1024K)]
  0x000002961b915410 WorkerThread "GC Thread#12"                    [id=21760, stack(0x0000009814b00000,0x0000009814c00000) (1024K)]
Total: 15

Threads with active compile tasks:
Total: 0

VM state: not at safepoint (normal execution)

VM Mutex/Monitor currently owned by a thread: None

Heap address: 0x00000000c0000000, size: 1024 MB, Compressed Oops mode: 32-bit

CDS archive(s) mapped at: [0x00000295d3000000-0x00000295d3ba0000-0x00000295d3ba0000), size 12189696, SharedBaseAddress: 0x00000295d3000000, ArchiveRelocationMode: 1.
Compressed class space mapped at: 0x00000295d4000000-0x0000029614000000, reserved size: 1073741824
Narrow klass base: 0x00000295d3000000, Narrow klass shift: 0, Narrow klass range: 0x100000000

GC Precious Log:
 CardTable entry size: 512
 CPUs: 16 total, 16 available
 Memory: 16096M
 Large Page Support: Disabled
 NUMA Support: Disabled
 Compressed Oops: Enabled (32-bit)
 Alignments: Space 512K, Generation 512K, Heap 2M
 Heap Min Capacity: 100M
 Heap Initial Capacity: 100M
 Heap Max Capacity: 1G
 Pre-touch: Disabled
 Parallel Workers: 13

Heap:
 PSYoungGen      total 15872K, used 4316K [0x00000000eab00000, 0x00000000ebc80000, 0x0000000100000000)
  eden space 15360K, 24% used [0x00000000eab00000,0x00000000eaebf1d0,0x00000000eba00000)
  from space 512K, 93% used [0x00000000ebb00000,0x00000000ebb78000,0x00000000ebb80000)
  to   space 1024K, 0% used [0x00000000ebb80000,0x00000000ebb80000,0x00000000ebc80000)
 ParOldGen       total 68608K, used 41443K [0x00000000c0000000, 0x00000000c4300000, 0x00000000eab00000)
  object space 68608K, 60% used [0x00000000c0000000,0x00000000c2878c08,0x00000000c4300000)
 Metaspace       used 62431K, committed 63808K, reserved 1114112K
  class space    used 7717K, committed 8320K, reserved 1048576K

Card table byte_map: [0x00000295bd7d0000,0x00000295bd9e0000] _byte_map_base: 0x00000295bd1d0000

Marking Bits: (ParMarkBitMap*) 0x00007ff8708531f0
 Begin Bits: [0x00000295d0020000, 0x00000295d1020000)
 End Bits:   [0x00000295d1020000, 0x00000295d2020000)

Polling page: 0x00000295bbe10000

Metaspace:

Usage:
  Non-class:     53.43 MB used.
      Class:      7.54 MB used.
       Both:     60.97 MB used.

Virtual space:
  Non-class space:       64.00 MB reserved,      54.19 MB ( 85%) committed,  1 nodes.
      Class space:        1.00 GB reserved,       8.12 MB ( <1%) committed,  1 nodes.
             Both:        1.06 GB reserved,      62.31 MB (  6%) committed. 

Chunk freelists:
   Non-Class:  8.94 MB
       Class:  7.88 MB
        Both:  16.81 MB

MaxMetaspaceSize: unlimited
CompressedClassSpaceSize: 1.00 GB
Initial GC threshold: 21.00 MB
Current GC threshold: 97.31 MB
CDS: on
 - commit_granule_bytes: 65536.
 - commit_granule_words: 8192.
 - virtual_space_node_default_size: 8388608.
 - enlarge_chunks_in_place: 1.
 - use_allocation_guard: 0.


Internal statistics:

num_allocs_failed_limit: 11.
num_arena_births: 1134.
num_arena_deaths: 14.
num_vsnodes_births: 2.
num_vsnodes_deaths: 0.
num_space_committed: 997.
num_space_uncommitted: 0.
num_chunks_returned_to_freelist: 25.
num_chunks_taken_from_freelist: 3750.
num_chunk_merges: 14.
num_chunk_splits: 2498.
num_chunks_enlarged: 1641.
num_inconsistent_stats: 0.

CodeHeap 'non-profiled nmethods': size=119168Kb used=4898Kb max_used=4898Kb free=114269Kb
 bounds [0x00000295c8bc0000, 0x00000295c9090000, 0x00000295d0020000]
CodeHeap 'profiled nmethods': size=119104Kb used=14302Kb max_used=14523Kb free=104801Kb
 bounds [0x00000295c1020000, 0x00000295c1e50000, 0x00000295c8470000]
CodeHeap 'non-nmethods': size=7488Kb used=1950Kb max_used=3160Kb free=5537Kb
 bounds [0x00000295c8470000, 0x00000295c87a0000, 0x00000295c8bc0000]
 total_blobs=7736 nmethods=7048 adapters=593
 compilation: enabled
              stopped_count=0, restarted_count=0
 full_count=0

Compilation events (20 events):
Event: 7.514 Thread 0x0000029614801890 nmethod 7846 0x00000295c19d2090 code [0x00000295c19d2420, 0x00000295c19d3958]
Event: 7.514 Thread 0x0000029614801890 7845       3       java.security.Provider::getEngineName (49 bytes)
Event: 7.514 Thread 0x0000029614801890 nmethod 7845 0x00000295c15e3b10 code [0x00000295c15e3d40, 0x00000295c15e4580]
Event: 7.514 Thread 0x0000029614801890 7847       3       java.security.Provider::check (18 bytes)
Event: 7.514 Thread 0x0000029614801890 nmethod 7847 0x00000295c19d1a10 code [0x00000295c19d1be0, 0x00000295c19d1f40]
Event: 7.514 Thread 0x0000029614801890 7848       3       java.security.Provider::implRemoveService (149 bytes)
Event: 7.514 Thread 0x00000296146edfd0 nmethod 7849 0x00000295c19ce510 code [0x00000295c19cea00, 0x00000295c19d0d30]
Event: 7.514 Thread 0x00000296146edfd0 7850       3       java.security.Provider::checkAndUpdateSecureRandom (88 bytes)
Event: 7.515 Thread 0x0000029614801890 nmethod 7848 0x00000295c1894f10 code [0x00000295c18951c0, 0x00000295c1895e40]
Event: 7.515 Thread 0x0000029614801890 7851       3       sun.security.util.SecurityProviderConstants::getAliases (63 bytes)
Event: 7.515 Thread 0x00000296146edfd0 nmethod 7850 0x00000295c19cde10 code [0x00000295c19cdfe0, 0x00000295c19ce380]
Event: 7.515 Thread 0x0000029614801890 nmethod 7851 0x00000295c1894110 code [0x00000295c1894380, 0x00000295c1894c20]
Event: 7.518 Thread 0x0000029614801890 7852       1       java.nio.DirectByteBuffer::attachment (5 bytes)
Event: 7.518 Thread 0x0000029614801890 nmethod 7852 0x00000295c907fb10 code [0x00000295c907fca0, 0x00000295c907fd68]
Event: 7.523 Thread 0x0000029614801890 7853       3       java.security.MessageDigest::update (11 bytes)
Event: 7.523 Thread 0x00000296146edfd0 7854       3       java.security.MessageDigest$Delegate::engineUpdate (9 bytes)
Event: 7.524 Thread 0x00000296146edfd0 nmethod 7854 0x00000295c1893c90 code [0x00000295c1893e40, 0x00000295c1894018]
Event: 7.524 Thread 0x00000296146edfd0 7855       3       sun.security.provider.DigestBase::engineUpdate (32 bytes)
Event: 7.524 Thread 0x0000029614801890 nmethod 7853 0x00000295c1893710 code [0x00000295c18938c0, 0x00000295c1893b80]
Event: 7.524 Thread 0x00000296146edfd0 nmethod 7855 0x00000295c1893210 code [0x00000295c18933c0, 0x00000295c1893628]

GC Heap History (20 events):
Event: 5.469 GC heap before
{Heap before GC invocations=41 (full 3):
 PSYoungGen      total 16384K, used 16364K [0x00000000eab00000, 0x00000000ebf00000, 0x0000000100000000)
  eden space 15360K, 100% used [0x00000000eab00000,0x00000000eba00000,0x00000000eba00000)
  from space 1024K, 98% used [0x00000000ebd00000,0x00000000ebdfb160,0x00000000ebe00000)
  to   space 1024K, 0% used [0x00000000ebe00000,0x00000000ebe00000,0x00000000ebf00000)
 ParOldGen       total 68608K, used 38758K [0x00000000c0000000, 0x00000000c4300000, 0x00000000eab00000)
  object space 68608K, 56% used [0x00000000c0000000,0x00000000c25d9b78,0x00000000c4300000)
 Metaspace       used 58835K, committed 60096K, reserved 1114112K
  class space    used 7201K, committed 7744K, reserved 1048576K
}
Event: 5.469 GC heap after
{Heap after GC invocations=41 (full 3):
 PSYoungGen      total 16384K, used 939K [0x00000000eab00000, 0x00000000ebf00000, 0x0000000100000000)
  eden space 15360K, 0% used [0x00000000eab00000,0x00000000eab00000,0x00000000eba00000)
  from space 1024K, 91% used [0x00000000ebe00000,0x00000000ebeeae40,0x00000000ebf00000)
  to   space 1536K, 0% used [0x00000000ebc00000,0x00000000ebc00000,0x00000000ebd80000)
 ParOldGen       total 68608K, used 38822K [0x00000000c0000000, 0x00000000c4300000, 0x00000000eab00000)
  object space 68608K, 56% used [0x00000000c0000000,0x00000000c25e9b78,0x00000000c4300000)
 Metaspace       used 58835K, committed 60096K, reserved 1114112K
  class space    used 7201K, committed 7744K, reserved 1048576K
}
Event: 5.527 GC heap before
{Heap before GC invocations=42 (full 3):
 PSYoungGen      total 16384K, used 16299K [0x00000000eab00000, 0x00000000ebf00000, 0x0000000100000000)
  eden space 15360K, 100% used [0x00000000eab00000,0x00000000eba00000,0x00000000eba00000)
  from space 1024K, 91% used [0x00000000ebe00000,0x00000000ebeeae40,0x00000000ebf00000)
  to   space 1536K, 0% used [0x00000000ebc00000,0x00000000ebc00000,0x00000000ebd80000)
 ParOldGen       total 68608K, used 38822K [0x00000000c0000000, 0x00000000c4300000, 0x00000000eab00000)
  object space 68608K, 56% used [0x00000000c0000000,0x00000000c25e9b78,0x00000000c4300000)
 Metaspace       used 58835K, committed 60096K, reserved 1114112K
  class space    used 7201K, committed 7744K, reserved 1048576K
}
Event: 5.527 GC heap after
{Heap after GC invocations=42 (full 3):
 PSYoungGen      total 16896K, used 288K [0x00000000eab00000, 0x00000000ebe80000, 0x0000000100000000)
  eden space 15360K, 0% used [0x00000000eab00000,0x00000000eab00000,0x00000000eba00000)
  from space 1536K, 18% used [0x00000000ebc00000,0x00000000ebc48000,0x00000000ebd80000)
  to   space 1024K, 0% used [0x00000000ebd80000,0x00000000ebd80000,0x00000000ebe80000)
 ParOldGen       total 68608K, used 38910K [0x00000000c0000000, 0x00000000c4300000, 0x00000000eab00000)
  object space 68608K, 56% used [0x00000000c0000000,0x00000000c25ffb88,0x00000000c4300000)
 Metaspace       used 58835K, committed 60096K, reserved 1114112K
  class space    used 7201K, committed 7744K, reserved 1048576K
}
Event: 5.582 GC heap before
{Heap before GC invocations=43 (full 3):
 PSYoungGen      total 16896K, used 15648K [0x00000000eab00000, 0x00000000ebe80000, 0x0000000100000000)
  eden space 15360K, 100% used [0x00000000eab00000,0x00000000eba00000,0x00000000eba00000)
  from space 1536K, 18% used [0x00000000ebc00000,0x00000000ebc48000,0x00000000ebd80000)
  to   space 1024K, 0% used [0x00000000ebd80000,0x00000000ebd80000,0x00000000ebe80000)
 ParOldGen       total 68608K, used 38910K [0x00000000c0000000, 0x00000000c4300000, 0x00000000eab00000)
  object space 68608K, 56% used [0x00000000c0000000,0x00000000c25ffb88,0x00000000c4300000)
 Metaspace       used 58835K, committed 60096K, reserved 1114112K
  class space    used 7201K, committed 7744K, reserved 1048576K
}
Event: 5.583 GC heap after
{Heap after GC invocations=43 (full 3):
 PSYoungGen      total 16384K, used 1008K [0x00000000eab00000, 0x00000000ebe80000, 0x0000000100000000)
  eden space 15360K, 0% used [0x00000000eab00000,0x00000000eab00000,0x00000000eba00000)
  from space 1024K, 98% used [0x00000000ebd80000,0x00000000ebe7c270,0x00000000ebe80000)
  to   space 1536K, 0% used [0x00000000ebb80000,0x00000000ebb80000,0x00000000ebd00000)
 ParOldGen       total 68608K, used 39134K [0x00000000c0000000, 0x00000000c4300000, 0x00000000eab00000)
  object space 68608K, 57% used [0x00000000c0000000,0x00000000c2637988,0x00000000c4300000)
 Metaspace       used 58835K, committed 60096K, reserved 1114112K
  class space    used 7201K, committed 7744K, reserved 1048576K
}
Event: 5.639 GC heap before
{Heap before GC invocations=44 (full 3):
 PSYoungGen      total 16384K, used 16368K [0x00000000eab00000, 0x00000000ebe80000, 0x0000000100000000)
  eden space 15360K, 100% used [0x00000000eab00000,0x00000000eba00000,0x00000000eba00000)
  from space 1024K, 98% used [0x00000000ebd80000,0x00000000ebe7c270,0x00000000ebe80000)
  to   space 1536K, 0% used [0x00000000ebb80000,0x00000000ebb80000,0x00000000ebd00000)
 ParOldGen       total 68608K, used 39134K [0x00000000c0000000, 0x00000000c4300000, 0x00000000eab00000)
  object space 68608K, 57% used [0x00000000c0000000,0x00000000c2637988,0x00000000c4300000)
 Metaspace       used 58836K, committed 60096K, reserved 1114112K
  class space    used 7201K, committed 7744K, reserved 1048576K
}
Event: 5.639 GC heap after
{Heap after GC invocations=44 (full 3):
 PSYoungGen      total 16896K, used 851K [0x00000000eab00000, 0x00000000ebe00000, 0x0000000100000000)
  eden space 15360K, 0% used [0x00000000eab00000,0x00000000eab00000,0x00000000eba00000)
  from space 1536K, 55% used [0x00000000ebb80000,0x00000000ebc54f30,0x00000000ebd00000)
  to   space 1024K, 0% used [0x00000000ebd00000,0x00000000ebd00000,0x00000000ebe00000)
 ParOldGen       total 68608K, used 39214K [0x00000000c0000000, 0x00000000c4300000, 0x00000000eab00000)
  object space 68608K, 57% used [0x00000000c0000000,0x00000000c264b988,0x00000000c4300000)
 Metaspace       used 58836K, committed 60096K, reserved 1114112K
  class space    used 7201K, committed 7744K, reserved 1048576K
}
Event: 5.695 GC heap before
{Heap before GC invocations=45 (full 3):
 PSYoungGen      total 16896K, used 16211K [0x00000000eab00000, 0x00000000ebe00000, 0x0000000100000000)
  eden space 15360K, 100% used [0x00000000eab00000,0x00000000eba00000,0x00000000eba00000)
  from space 1536K, 55% used [0x00000000ebb80000,0x00000000ebc54f30,0x00000000ebd00000)
  to   space 1024K, 0% used [0x00000000ebd00000,0x00000000ebd00000,0x00000000ebe00000)
 ParOldGen       total 68608K, used 39214K [0x00000000c0000000, 0x00000000c4300000, 0x00000000eab00000)
  object space 68608K, 57% used [0x00000000c0000000,0x00000000c264b988,0x00000000c4300000)
 Metaspace       used 58836K, committed 60096K, reserved 1114112K
  class space    used 7201K, committed 7744K, reserved 1048576K
}
Event: 5.696 GC heap after
{Heap after GC invocations=45 (full 3):
 PSYoungGen      total 15872K, used 387K [0x00000000eab00000, 0x00000000ebd80000, 0x0000000100000000)
  eden space 15360K, 0% used [0x00000000eab00000,0x00000000eab00000,0x00000000eba00000)
  from space 512K, 75% used [0x00000000ebd00000,0x00000000ebd60c80,0x00000000ebd80000)
  to   space 1024K, 0% used [0x00000000ebb80000,0x00000000ebb80000,0x00000000ebc80000)
 ParOldGen       total 68608K, used 39404K [0x00000000c0000000, 0x00000000c4300000, 0x00000000eab00000)
  object space 68608K, 57% used [0x00000000c0000000,0x00000000c267b3b8,0x00000000c4300000)
 Metaspace       used 58836K, committed 60096K, reserved 1114112K
  class space    used 7201K, committed 7744K, reserved 1048576K
}
Event: 5.748 GC heap before
{Heap before GC invocations=46 (full 3):
 PSYoungGen      total 15872K, used 15747K [0x00000000eab00000, 0x00000000ebd80000, 0x0000000100000000)
  eden space 15360K, 100% used [0x00000000eab00000,0x00000000eba00000,0x00000000eba00000)
  from space 512K, 75% used [0x00000000ebd00000,0x00000000ebd60c80,0x00000000ebd80000)
  to   space 1024K, 0% used [0x00000000ebb80000,0x00000000ebb80000,0x00000000ebc80000)
 ParOldGen       total 68608K, used 39404K [0x00000000c0000000, 0x00000000c4300000, 0x00000000eab00000)
  object space 68608K, 57% used [0x00000000c0000000,0x00000000c267b3b8,0x00000000c4300000)
 Metaspace       used 58836K, committed 60096K, reserved 1114112K
  class space    used 7201K, committed 7744K, reserved 1048576K
}
Event: 5.748 GC heap after
{Heap after GC invocations=46 (full 3):
 PSYoungGen      total 16384K, used 1018K [0x00000000eab00000, 0x00000000ebd80000, 0x0000000100000000)
  eden space 15360K, 0% used [0x00000000eab00000,0x00000000eab00000,0x00000000eba00000)
  from space 1024K, 99% used [0x00000000ebb80000,0x00000000ebc7eb30,0x00000000ebc80000)
  to   space 1024K, 0% used [0x00000000ebc80000,0x00000000ebc80000,0x00000000ebd80000)
 ParOldGen       total 68608K, used 39727K [0x00000000c0000000, 0x00000000c4300000, 0x00000000eab00000)
  object space 68608K, 57% used [0x00000000c0000000,0x00000000c26cbfa8,0x00000000c4300000)
 Metaspace       used 58836K, committed 60096K, reserved 1114112K
  class space    used 7201K, committed 7744K, reserved 1048576K
}
Event: 5.797 GC heap before
{Heap before GC invocations=47 (full 3):
 PSYoungGen      total 16384K, used 16378K [0x00000000eab00000, 0x00000000ebd80000, 0x0000000100000000)
  eden space 15360K, 100% used [0x00000000eab00000,0x00000000eba00000,0x00000000eba00000)
  from space 1024K, 99% used [0x00000000ebb80000,0x00000000ebc7eb30,0x00000000ebc80000)
  to   space 1024K, 0% used [0x00000000ebc80000,0x00000000ebc80000,0x00000000ebd80000)
 ParOldGen       total 68608K, used 39727K [0x00000000c0000000, 0x00000000c4300000, 0x00000000eab00000)
  object space 68608K, 57% used [0x00000000c0000000,0x00000000c26cbfa8,0x00000000c4300000)
 Metaspace       used 58836K, committed 60096K, reserved 1114112K
  class space    used 7201K, committed 7744K, reserved 1048576K
}
Event: 5.798 GC heap after
{Heap after GC invocations=47 (full 3):
 PSYoungGen      total 16384K, used 770K [0x00000000eab00000, 0x00000000ebd80000, 0x0000000100000000)
  eden space 15360K, 0% used [0x00000000eab00000,0x00000000eab00000,0x00000000eba00000)
  from space 1024K, 75% used [0x00000000ebc80000,0x00000000ebd40bb0,0x00000000ebd80000)
  to   space 1024K, 0% used [0x00000000ebb80000,0x00000000ebb80000,0x00000000ebc80000)
 ParOldGen       total 68608K, used 39783K [0x00000000c0000000, 0x00000000c4300000, 0x00000000eab00000)
  object space 68608K, 57% used [0x00000000c0000000,0x00000000c26d9fa8,0x00000000c4300000)
 Metaspace       used 58836K, committed 60096K, reserved 1114112K
  class space    used 7201K, committed 7744K, reserved 1048576K
}
Event: 5.843 GC heap before
{Heap before GC invocations=48 (full 3):
 PSYoungGen      total 16384K, used 16130K [0x00000000eab00000, 0x00000000ebd80000, 0x0000000100000000)
  eden space 15360K, 100% used [0x00000000eab00000,0x00000000eba00000,0x00000000eba00000)
  from space 1024K, 75% used [0x00000000ebc80000,0x00000000ebd40bb0,0x00000000ebd80000)
  to   space 1024K, 0% used [0x00000000ebb80000,0x00000000ebb80000,0x00000000ebc80000)
 ParOldGen       total 68608K, used 39783K [0x00000000c0000000, 0x00000000c4300000, 0x00000000eab00000)
  object space 68608K, 57% used [0x00000000c0000000,0x00000000c26d9fa8,0x00000000c4300000)
 Metaspace       used 58836K, committed 60096K, reserved 1114112K
  class space    used 7201K, committed 7744K, reserved 1048576K
}
Event: 5.844 GC heap after
{Heap after GC invocations=48 (full 3):
 PSYoungGen      total 15872K, used 384K [0x00000000eab00000, 0x00000000ebd00000, 0x0000000100000000)
  eden space 15360K, 0% used [0x00000000eab00000,0x00000000eab00000,0x00000000eba00000)
  from space 512K, 75% used [0x00000000ebb80000,0x00000000ebbe0000,0x00000000ebc00000)
  to   space 1024K, 0% used [0x00000000ebc00000,0x00000000ebc00000,0x00000000ebd00000)
 ParOldGen       total 68608K, used 39958K [0x00000000c0000000, 0x00000000c4300000, 0x00000000eab00000)
  object space 68608K, 58% used [0x00000000c0000000,0x00000000c27059c8,0x00000000c4300000)
 Metaspace       used 58836K, committed 60096K, reserved 1114112K
  class space    used 7201K, committed 7744K, reserved 1048576K
}
Event: 5.960 GC heap before
{Heap before GC invocations=49 (full 3):
 PSYoungGen      total 15872K, used 15744K [0x00000000eab00000, 0x00000000ebd00000, 0x0000000100000000)
  eden space 15360K, 100% used [0x00000000eab00000,0x00000000eba00000,0x00000000eba00000)
  from space 512K, 75% used [0x00000000ebb80000,0x00000000ebbe0000,0x00000000ebc00000)
  to   space 1024K, 0% used [0x00000000ebc00000,0x00000000ebc00000,0x00000000ebd00000)
 ParOldGen       total 68608K, used 39958K [0x00000000c0000000, 0x00000000c4300000, 0x00000000eab00000)
  object space 68608K, 58% used [0x00000000c0000000,0x00000000c27059c8,0x00000000c4300000)
 Metaspace       used 60499K, committed 61888K, reserved 1114112K
  class space    used 7455K, committed 8064K, reserved 1048576K
}
Event: 5.961 GC heap after
{Heap after GC invocations=49 (full 3):
 PSYoungGen      total 16384K, used 800K [0x00000000eab00000, 0x00000000ebd00000, 0x0000000100000000)
  eden space 15360K, 0% used [0x00000000eab00000,0x00000000eab00000,0x00000000eba00000)
  from space 1024K, 78% used [0x00000000ebc00000,0x00000000ebcc8010,0x00000000ebd00000)
  to   space 1024K, 0% used [0x00000000ebb00000,0x00000000ebb00000,0x00000000ebc00000)
 ParOldGen       total 68608K, used 40062K [0x00000000c0000000, 0x00000000c4300000, 0x00000000eab00000)
  object space 68608K, 58% used [0x00000000c0000000,0x00000000c271f9d8,0x00000000c4300000)
 Metaspace       used 60499K, committed 61888K, reserved 1114112K
  class space    used 7455K, committed 8064K, reserved 1048576K
}
Event: 6.148 GC heap before
{Heap before GC invocations=50 (full 3):
 PSYoungGen      total 16384K, used 16160K [0x00000000eab00000, 0x00000000ebd00000, 0x0000000100000000)
  eden space 15360K, 99% used [0x00000000eab00000,0x00000000eb9ffff0,0x00000000eba00000)
  from space 1024K, 78% used [0x00000000ebc00000,0x00000000ebcc8010,0x00000000ebd00000)
  to   space 1024K, 0% used [0x00000000ebb00000,0x00000000ebb00000,0x00000000ebc00000)
 ParOldGen       total 68608K, used 40062K [0x00000000c0000000, 0x00000000c4300000, 0x00000000eab00000)
  object space 68608K, 58% used [0x00000000c0000000,0x00000000c271f9d8,0x00000000c4300000)
 Metaspace       used 61859K, committed 63232K, reserved 1114112K
  class space    used 7643K, committed 8256K, reserved 1048576K
}
Event: 6.150 GC heap after
{Heap after GC invocations=50 (full 3):
 PSYoungGen      total 15872K, used 480K [0x00000000eab00000, 0x00000000ebc80000, 0x0000000100000000)
  eden space 15360K, 0% used [0x00000000eab00000,0x00000000eab00000,0x00000000eba00000)
  from space 512K, 93% used [0x00000000ebb00000,0x00000000ebb78000,0x00000000ebb80000)
  to   space 1024K, 0% used [0x00000000ebb80000,0x00000000ebb80000,0x00000000ebc80000)
 ParOldGen       total 68608K, used 41443K [0x00000000c0000000, 0x00000000c4300000, 0x00000000eab00000)
  object space 68608K, 60% used [0x00000000c0000000,0x00000000c2878c08,0x00000000c4300000)
 Metaspace       used 61859K, committed 63232K, reserved 1114112K
  class space    used 7643K, committed 8256K, reserved 1048576K
}

Dll operation events (15 events):
Event: 0.009 Loaded shared library c:\Users\admin\.cursor\extensions\redhat.java-1.42.0-win32-x64\jre\21.0.7-win32-x86_64\bin\java.dll
Event: 0.055 Loaded shared library c:\Users\admin\.cursor\extensions\redhat.java-1.42.0-win32-x64\jre\21.0.7-win32-x86_64\bin\zip.dll
Event: 0.067 Loaded shared library C:\Users\admin\.cursor\extensions\redhat.java-1.42.0-win32-x64\jre\21.0.7-win32-x86_64\bin\instrument.dll
Event: 0.071 Loaded shared library C:\Users\admin\.cursor\extensions\redhat.java-1.42.0-win32-x64\jre\21.0.7-win32-x86_64\bin\net.dll
Event: 0.079 Loaded shared library C:\Users\admin\.cursor\extensions\redhat.java-1.42.0-win32-x64\jre\21.0.7-win32-x86_64\bin\nio.dll
Event: 0.081 Loaded shared library C:\Users\admin\.cursor\extensions\redhat.java-1.42.0-win32-x64\jre\21.0.7-win32-x86_64\bin\zip.dll
Event: 0.092 Loaded shared library C:\Users\admin\.cursor\extensions\redhat.java-1.42.0-win32-x64\jre\21.0.7-win32-x86_64\bin\jimage.dll
Event: 0.129 Loaded shared library c:\Users\admin\.cursor\extensions\redhat.java-1.42.0-win32-x64\jre\21.0.7-win32-x86_64\bin\verify.dll
Event: 0.697 Loaded shared library C:\Users\admin\AppData\Roaming\Cursor\User\globalStorage\redhat.java\1.42.0\config_win\org.eclipse.equinox.launcher\org.eclipse.equinox.launcher.win32.win32.x86_64_1.2.1300.v20250331-1702\eclipse_11911.dll
Event: 2.061 Loaded shared library C:\Users\admin\.cursor\extensions\redhat.java-1.42.0-win32-x64\jre\21.0.7-win32-x86_64\bin\management.dll
Event: 2.062 Loaded shared library C:\Users\admin\.cursor\extensions\redhat.java-1.42.0-win32-x64\jre\21.0.7-win32-x86_64\bin\management_ext.dll
Event: 2.233 Loaded shared library C:\Users\admin\AppData\Local\Temp\jna-92668751\jna3612253592215962583.dll
Event: 4.058 Loaded shared library C:\Users\admin\.gradle\native\1def1411415f61bf3af743bc5b6707747c0891f09f0c88961ee8f79bc544acac\windows-amd64\native-platform.dll
Event: 5.885 Loaded shared library C:\Users\admin\.cursor\extensions\redhat.java-1.42.0-win32-x64\jre\21.0.7-win32-x86_64\bin\extnet.dll
Event: 7.517 Loaded shared library C:\Users\admin\.cursor\extensions\redhat.java-1.42.0-win32-x64\jre\21.0.7-win32-x86_64\bin\sunmscapi.dll

Deoptimization events (20 events):
Event: 7.504 Thread 0x0000029621ea9d30 Uncommon trap: trap_request=0xffffff45 fr.pc=0x00000295c8c73360 relative=0x00000000000008a0
Event: 7.504 Thread 0x0000029621ea9d30 Uncommon trap: reason=unstable_if action=reinterpret pc=0x00000295c8c73360 method=java.util.HashMap.computeIfAbsent(Ljava/lang/Object;Ljava/util/function/Function;)Ljava/lang/Object; @ 294 c2
Event: 7.504 Thread 0x0000029621ea9d30 DEOPT PACKING pc=0x00000295c8c73360 sp=0x00000098176fbfd0
Event: 7.504 Thread 0x0000029621ea9d30 DEOPT UNPACKING pc=0x00000295c84c3aa2 sp=0x00000098176fbf78 mode 2
Event: 7.525 Thread 0x0000029621ea9d30 Uncommon trap: trap_request=0xffffff45 fr.pc=0x00000295c8f46044 relative=0x0000000000000b84
Event: 7.525 Thread 0x0000029621ea9d30 Uncommon trap: reason=unstable_if action=reinterpret pc=0x00000295c8f46044 method=sun.nio.fs.WindowsPath.openForReadAttributeAccess(Z)J @ 5 c2
Event: 7.525 Thread 0x0000029621ea9d30 DEOPT PACKING pc=0x00000295c8f46044 sp=0x00000098176fdb50
Event: 7.525 Thread 0x0000029621ea9d30 DEOPT UNPACKING pc=0x00000295c84c3aa2 sp=0x00000098176fdb28 mode 2
Event: 7.525 Thread 0x0000029621ea9d30 Uncommon trap: trap_request=0xffffff45 fr.pc=0x00000295c8f4aa88 relative=0x0000000000000a68
Event: 7.525 Thread 0x0000029621ea9d30 Uncommon trap: reason=unstable_if action=reinterpret pc=0x00000295c8f4aa88 method=sun.nio.fs.WindowsNativeDispatcher.asNativeBuffer(Ljava/lang/String;)Lsun/nio/fs/NativeBuffer; @ 52 c2
Event: 7.525 Thread 0x0000029621ea9d30 DEOPT PACKING pc=0x00000295c8f4aa88 sp=0x00000098176fdad0
Event: 7.525 Thread 0x0000029621ea9d30 DEOPT UNPACKING pc=0x00000295c84c3aa2 sp=0x00000098176fd978 mode 2
Event: 7.525 Thread 0x0000029621ea9d30 Uncommon trap: trap_request=0xffffff45 fr.pc=0x00000295c8f44030 relative=0x0000000000000650
Event: 7.525 Thread 0x0000029621ea9d30 Uncommon trap: reason=unstable_if action=reinterpret pc=0x00000295c8f44030 method=sun.nio.fs.WindowsFileAttributes.isReparsePoint(I)Z @ 5 c2
Event: 7.525 Thread 0x0000029621ea9d30 DEOPT PACKING pc=0x00000295c8f44030 sp=0x00000098176fdb70
Event: 7.525 Thread 0x0000029621ea9d30 DEOPT UNPACKING pc=0x00000295c84c3aa2 sp=0x00000098176fda98 mode 2
Event: 7.525 Thread 0x0000029621ea9d30 Uncommon trap: trap_request=0xffffff45 fr.pc=0x00000295c8f0ca04 relative=0x00000000000001c4
Event: 7.525 Thread 0x0000029621ea9d30 Uncommon trap: reason=unstable_if action=reinterpret pc=0x00000295c8f0ca04 method=sun.nio.fs.NativeBuffers.getNativeBufferFromCache(I)Lsun/nio/fs/NativeBuffer; @ 34 c2
Event: 7.525 Thread 0x0000029621ea9d30 DEOPT PACKING pc=0x00000295c8f0ca04 sp=0x00000098176fda80
Event: 7.525 Thread 0x0000029621ea9d30 DEOPT UNPACKING pc=0x00000295c84c3aa2 sp=0x00000098176fda08 mode 2

Classes loaded (20 events):
Event: 7.520 Loading class com/sun/security/sasl/Provider$1
Event: 7.520 Loading class com/sun/security/sasl/Provider$1 done
Event: 7.520 Loading class com/sun/security/sasl/Provider$ProviderService
Event: 7.520 Loading class com/sun/security/sasl/Provider$ProviderService done
Event: 7.520 Loading class sun/security/provider/certpath/ldap/JdkLDAP
Event: 7.520 Loading class sun/security/provider/certpath/ldap/JdkLDAP done
Event: 7.521 Loading class sun/security/provider/certpath/ldap/JdkLDAP$ProviderService
Event: 7.521 Loading class sun/security/provider/certpath/ldap/JdkLDAP$ProviderService done
Event: 7.522 Loading class sun/nio/ch/ServerSocketChannelImpl
Event: 7.523 Loading class sun/nio/ch/ServerSocketChannelImpl done
Event: 7.524 Loading class java/nio/BufferMismatch
Event: 7.524 Loading class java/nio/BufferMismatch done
Event: 7.524 Loading class sun/nio/ch/SourceChannelImpl
Event: 7.524 Loading class java/nio/channels/Pipe$SourceChannel
Event: 7.524 Loading class java/nio/channels/Pipe$SourceChannel done
Event: 7.524 Loading class sun/nio/ch/SourceChannelImpl done
Event: 7.524 Loading class sun/nio/ch/SinkChannelImpl
Event: 7.524 Loading class java/nio/channels/Pipe$SinkChannel
Event: 7.524 Loading class java/nio/channels/Pipe$SinkChannel done
Event: 7.524 Loading class sun/nio/ch/SinkChannelImpl done

Classes unloaded (7 events):
Event: 1.744 Thread 0x00000295d22041b0 Unloading class 0x00000295d41a3c00 'java/lang/invoke/LambdaForm$MH+0x00000295d41a3c00'
Event: 1.744 Thread 0x00000295d22041b0 Unloading class 0x00000295d41a3800 'java/lang/invoke/LambdaForm$MH+0x00000295d41a3800'
Event: 1.744 Thread 0x00000295d22041b0 Unloading class 0x00000295d41a3400 'java/lang/invoke/LambdaForm$MH+0x00000295d41a3400'
Event: 1.744 Thread 0x00000295d22041b0 Unloading class 0x00000295d41a3000 'java/lang/invoke/LambdaForm$MH+0x00000295d41a3000'
Event: 1.744 Thread 0x00000295d22041b0 Unloading class 0x00000295d41a2c00 'java/lang/invoke/LambdaForm$BMH+0x00000295d41a2c00'
Event: 1.744 Thread 0x00000295d22041b0 Unloading class 0x00000295d41a2800 'java/lang/invoke/LambdaForm$DMH+0x00000295d41a2800'
Event: 1.744 Thread 0x00000295d22041b0 Unloading class 0x00000295d41a1400 'java/lang/invoke/LambdaForm$DMH+0x00000295d41a1400'

Classes redefined (0 events):
No events

Internal exceptions (20 events):
Event: 5.930 Thread 0x0000029621ea9d30 Exception <a 'java/lang/NoSuchMethodError'{0x00000000eb550058}: 'java.lang.Object java.lang.invoke.DirectMethodHandle$Holder.invokeStatic(java.lang.Object, java.lang.Object, java.lang.Object, java.lang.Object, java.lang.Object, java.lang.Object, java.lang.Object, java.lang.Object, java.lang.Object, java.lang.Object, java.lang.Object, java.lang.Object, java.lang.Object, java.lang.Object, java.lang.Object, java.lang.Object, java.lang.Object)'> (0x00000000eb550058) 
thrown [s\src\hotspot\share\interpreter\lin
Event: 5.931 Thread 0x0000029621ea9d30 Exception <a 'java/lang/NoSuchMethodError'{0x00000000eb57cab8}: 'java.lang.Object java.lang.invoke.DirectMethodHandle$Holder.invokeStatic(java.lang.Object, java.lang.Object, java.lang.Object, java.lang.Object, java.lang.Object, java.lang.Object, java.lang.Object, java.lang.Object, java.lang.Object, java.lang.Object, java.lang.Object, java.lang.Object, java.lang.Object, java.lang.Object, java.lang.Object, java.lang.Object, java.lang.Object, java.lang.Object)'> (0x00000000eb57cab8) 
thrown [s\src\hotspot\sha
Event: 5.932 Thread 0x0000029621ea9d30 Exception <a 'java/lang/NoSuchMethodError'{0x00000000eb5aa5c0}: 'java.lang.Object java.lang.invoke.DirectMethodHandle$Holder.invokeStatic(java.lang.Object, java.lang.Object, java.lang.Object, java.lang.Object, java.lang.Object, java.lang.Object, java.lang.Object, java.lang.Object, java.lang.Object, java.lang.Object, java.lang.Object, java.lang.Object, java.lang.Object, java.lang.Object, java.lang.Object, java.lang.Object, java.lang.Object, java.lang.Object, java.lang.Object)'> (0x00000000eb5aa5c0) 
thrown 
Event: 5.932 Thread 0x0000029621ea9d30 Exception <a 'java/lang/NoSuchMethodError'{0x00000000eb5da1b8}: 'java.lang.Object java.lang.invoke.DirectMethodHandle$Holder.invokeStatic(java.lang.Object, java.lang.Object, java.lang.Object, java.lang.Object, java.lang.Object, java.lang.Object, java.lang.Object, java.lang.Object, java.lang.Object, java.lang.Object, java.lang.Object, java.lang.Object, java.lang.Object, java.lang.Object, java.lang.Object, java.lang.Object, java.lang.Object, java.lang.Object, java.lang.Object, java.lang.Object)'> (0x00000000
Event: 5.934 Thread 0x0000029621ea9d30 Exception <a 'java/lang/NoSuchMethodError'{0x00000000eb60a648}: 'java.lang.Object java.lang.invoke.DirectMethodHandle$Holder.invokeStatic(java.lang.Object, java.lang.Object, java.lang.Object, java.lang.Object, java.lang.Object, java.lang.Object, java.lang.Object, java.lang.Object, java.lang.Object, java.lang.Object, java.lang.Object, java.lang.Object, java.lang.Object, java.lang.Object, java.lang.Object, java.lang.Object, java.lang.Object, java.lang.Object, java.lang.Object, java.lang.Object, java.lang.Obj
Event: 5.934 Thread 0x0000029621ea9d30 Exception <a 'java/lang/NoSuchMethodError'{0x00000000eb63b248}: 'java.lang.Object java.lang.invoke.DirectMethodHandle$Holder.invokeStatic(java.lang.Object, java.lang.Object, java.lang.Object, java.lang.Object, java.lang.Object, java.lang.Object, java.lang.Object, java.lang.Object, java.lang.Object, java.lang.Object, java.lang.Object, java.lang.Object, java.lang.Object, java.lang.Object, java.lang.Object, java.lang.Object, java.lang.Object, java.lang.Object, java.lang.Object, java.lang.Object, java.lang.Obj
Event: 5.935 Thread 0x0000029621ea9d30 Exception <a 'java/lang/NoSuchMethodError'{0x00000000eb66d1b8}: 'java.lang.Object java.lang.invoke.DirectMethodHandle$Holder.invokeStatic(java.lang.Object, java.lang.Object, java.lang.Object, java.lang.Object, java.lang.Object, java.lang.Object, java.lang.Object, java.lang.Object, java.lang.Object, java.lang.Object, java.lang.Object, java.lang.Object, java.lang.Object, java.lang.Object, java.lang.Object, java.lang.Object, java.lang.Object, java.lang.Object, java.lang.Object, java.lang.Object, java.lang.Obj
Event: 5.936 Thread 0x0000029621ea9d30 Exception <a 'java/lang/NoSuchMethodError'{0x00000000eb69f918}: 'java.lang.Object java.lang.invoke.DirectMethodHandle$Holder.invokeStatic(java.lang.Object, java.lang.Object, java.lang.Object, java.lang.Object, java.lang.Object, java.lang.Object, java.lang.Object, java.lang.Object, java.lang.Object, java.lang.Object, java.lang.Object, java.lang.Object, java.lang.Object, java.lang.Object, java.lang.Object, java.lang.Object, java.lang.Object, java.lang.Object, java.lang.Object, java.lang.Object, java.lang.Obj
Event: 5.938 Thread 0x0000029621ea9d30 Exception <a 'java/lang/NoSuchMethodError'{0x00000000eb6d3d70}: 'java.lang.Object java.lang.invoke.DirectMethodHandle$Holder.invokeStatic(java.lang.Object, java.lang.Object, java.lang.Object, java.lang.Object, java.lang.Object, java.lang.Object, java.lang.Object, java.lang.Object, java.lang.Object, java.lang.Object, java.lang.Object, java.lang.Object, java.lang.Object, java.lang.Object, java.lang.Object, java.lang.Object, java.lang.Object, java.lang.Object, java.lang.Object, java.lang.Object, java.lang.Obj
Event: 5.940 Thread 0x0000029621ea9d30 Exception <a 'java/lang/NoSuchMethodError'{0x00000000eb6f9b70}: 'java.lang.Object java.lang.invoke.DirectMethodHandle$Holder.invokeSpecial(java.lang.Object, java.lang.Object, java.lang.Object, java.lang.Object, java.lang.Object, java.lang.Object, java.lang.Object, java.lang.Object, java.lang.Object, java.lang.Object, java.lang.Object, java.lang.Object, java.lang.Object, java.lang.Object, java.lang.Object, java.lang.Object, java.lang.Object, java.lang.Object, java.lang.Object, java.lang.Object, java.lang.Ob
Event: 5.940 Thread 0x0000029621ea9d30 Exception <a 'java/lang/NoSuchMethodError'{0x00000000eb70f358}: 'java.lang.Object java.lang.invoke.DirectMethodHandle$Holder.newInvokeSpecial(java.lang.Object, java.lang.Object, java.lang.Object, java.lang.Object, java.lang.Object, java.lang.Object, java.lang.Object, java.lang.Object, java.lang.Object, java.lang.Object, java.lang.Object, java.lang.Object, java.lang.Object, java.lang.Object, java.lang.Object, java.lang.Object, java.lang.Object, java.lang.Object, java.lang.Object, java.lang.Object, java.lang
Event: 5.940 Thread 0x0000029621ea9d30 Exception <a 'java/lang/NoSuchMethodError'{0x00000000eb715550}: 'java.lang.Object java.lang.invoke.Invokers$Holder.linkToTargetMethod(java.lang.Object, java.lang.Object, java.lang.Object, java.lang.Object, java.lang.Object, java.lang.Object, java.lang.Object, java.lang.Object, java.lang.Object, java.lang.Object, java.lang.Object, java.lang.Object, java.lang.Object, java.lang.Object, java.lang.Object, java.lang.Object, java.lang.Object, java.lang.Object, java.lang.Object, java.lang.Object, java.lang.Object,
Event: 5.941 Thread 0x0000029621ea9d30 Exception <a 'java/lang/NoSuchMethodError'{0x00000000eb71a718}: 'java.lang.Object java.lang.invoke.DirectMethodHandle$Holder.invokeVirtual(java.lang.Object, java.lang.Object, java.lang.Object, java.lang.Object, java.lang.Object, java.lang.Object, java.lang.Object, java.lang.Object, java.lang.Object, java.lang.Object)'> (0x00000000eb71a718) 
thrown [s\src\hotspot\share\interpreter\linkResolver.cpp, line 773]
Event: 5.950 Thread 0x0000029621ea9d30 Exception <a 'java/lang/NoSuchMethodError'{0x00000000eb8b52c0}: 'java.lang.Object java.lang.invoke.DirectMethodHandle$Holder.invokeVirtual(java.lang.Object, java.lang.Object, java.lang.Object, java.lang.Object, java.lang.Object, java.lang.Object, java.lang.Object, java.lang.Object, java.lang.Object)'> (0x00000000eb8b52c0) 
thrown [s\src\hotspot\share\interpreter\linkResolver.cpp, line 773]
Event: 5.966 Thread 0x0000029621ea9d30 Exception <a 'java/lang/NoSuchMethodError'{0x00000000eabf3dc8}: 'java.lang.Object java.lang.invoke.DirectMethodHandle$Holder.invokeVirtual(java.lang.Object, java.lang.Object, java.lang.Object, java.lang.Object, java.lang.Object, java.lang.Object, java.lang.Object, java.lang.Object)'> (0x00000000eabf3dc8) 
thrown [s\src\hotspot\share\interpreter\linkResolver.cpp, line 773]
Event: 5.968 Thread 0x0000029621ea9d30 Exception <a 'java/lang/NoSuchMethodError'{0x00000000eac6ac18}: 'long java.lang.invoke.DirectMethodHandle$Holder.invokeVirtual(java.lang.Object, java.lang.Object)'> (0x00000000eac6ac18) 
thrown [s\src\hotspot\share\interpreter\linkResolver.cpp, line 773]
Event: 5.969 Thread 0x0000029621ea9d30 Exception <a 'java/lang/NoSuchMethodError'{0x00000000eac6e018}: 'long java.lang.invoke.DelegatingMethodHandle$Holder.reinvoke_L(java.lang.Object, java.lang.Object)'> (0x00000000eac6e018) 
thrown [s\src\hotspot\share\interpreter\linkResolver.cpp, line 773]
Event: 6.030 Thread 0x0000029621eac490 Exception <a 'java/lang/NoSuchMethodError'{0x00000000eb2f7520}: 'void java.lang.invoke.DirectMethodHandle$Holder.invokeStatic(java.lang.Object, long)'> (0x00000000eb2f7520) 
thrown [s\src\hotspot\share\interpreter\linkResolver.cpp, line 773]
Event: 6.101 Thread 0x0000029621eac490 Exception <a 'java/lang/NoSuchMethodError'{0x00000000eb31b390}: 'void java.lang.invoke.DirectMethodHandle$Holder.invokeSpecial(java.lang.Object, java.lang.Object, int)'> (0x00000000eb31b390) 
thrown [s\src\hotspot\share\interpreter\linkResolver.cpp, line 773]
Event: 6.102 Thread 0x0000029621eac490 Exception <a 'java/lang/NoSuchMethodError'{0x00000000eb3207b8}: 'java.lang.Object java.lang.invoke.DirectMethodHandle$Holder.newInvokeSpecial(java.lang.Object, java.lang.Object, int)'> (0x00000000eb3207b8) 
thrown [s\src\hotspot\share\interpreter\linkResolver.cpp, line 773]

ZGC Phase Switch (0 events):
No events

VM Operations (20 events):
Event: 5.695 Executing VM operation: ParallelGCFailedAllocation (Allocation Failure)
Event: 5.696 Executing VM operation: ParallelGCFailedAllocation (Allocation Failure) done
Event: 5.748 Executing VM operation: ParallelGCFailedAllocation (Allocation Failure)
Event: 5.748 Executing VM operation: ParallelGCFailedAllocation (Allocation Failure) done
Event: 5.797 Executing VM operation: ParallelGCFailedAllocation (Allocation Failure)
Event: 5.798 Executing VM operation: ParallelGCFailedAllocation (Allocation Failure) done
Event: 5.843 Executing VM operation: ParallelGCFailedAllocation (Allocation Failure)
Event: 5.844 Executing VM operation: ParallelGCFailedAllocation (Allocation Failure) done
Event: 5.956 Executing VM operation: HandshakeAllThreads (Deoptimize)
Event: 5.956 Executing VM operation: HandshakeAllThreads (Deoptimize) done
Event: 5.960 Executing VM operation: ParallelGCFailedAllocation (Allocation Failure)
Event: 5.961 Executing VM operation: ParallelGCFailedAllocation (Allocation Failure) done
Event: 6.145 Executing VM operation: HandshakeAllThreads (Deoptimize)
Event: 6.146 Executing VM operation: HandshakeAllThreads (Deoptimize) done
Event: 6.148 Executing VM operation: ParallelGCFailedAllocation (Allocation Failure)
Event: 6.150 Executing VM operation: ParallelGCFailedAllocation (Allocation Failure) done
Event: 7.150 Executing VM operation: Cleanup
Event: 7.150 Executing VM operation: Cleanup done
Event: 7.507 Executing VM operation: HandshakeAllThreads (Deoptimize)
Event: 7.507 Executing VM operation: HandshakeAllThreads (Deoptimize) done

Memory protections (0 events):
No events

Nmethod flushes (20 events):
Event: 5.194 Thread 0x00000295d22041b0 flushing  nmethod 0x00000295c1997210
Event: 5.194 Thread 0x00000295d22041b0 flushing  nmethod 0x00000295c1998b10
Event: 5.194 Thread 0x00000295d22041b0 flushing  nmethod 0x00000295c19a2e90
Event: 5.194 Thread 0x00000295d22041b0 flushing  nmethod 0x00000295c19b7b10
Event: 5.194 Thread 0x00000295d22041b0 flushing  nmethod 0x00000295c19cdb10
Event: 5.194 Thread 0x00000295d22041b0 flushing  nmethod 0x00000295c19d4590
Event: 5.194 Thread 0x00000295d22041b0 flushing  nmethod 0x00000295c19e9290
Event: 5.194 Thread 0x00000295d22041b0 flushing  nmethod 0x00000295c19e9c90
Event: 5.194 Thread 0x00000295d22041b0 flushing  nmethod 0x00000295c19ea110
Event: 5.194 Thread 0x00000295d22041b0 flushing  nmethod 0x00000295c19ebc10
Event: 5.194 Thread 0x00000295d22041b0 flushing  nmethod 0x00000295c19ec010
Event: 5.194 Thread 0x00000295d22041b0 flushing  nmethod 0x00000295c19ed910
Event: 5.194 Thread 0x00000295d22041b0 flushing  nmethod 0x00000295c19ee810
Event: 5.194 Thread 0x00000295d22041b0 flushing  nmethod 0x00000295c19ef210
Event: 5.194 Thread 0x00000295d22041b0 flushing  nmethod 0x00000295c19fa410
Event: 5.194 Thread 0x00000295d22041b0 flushing  nmethod 0x00000295c1a0a510
Event: 5.194 Thread 0x00000295d22041b0 flushing  nmethod 0x00000295c1a15010
Event: 5.194 Thread 0x00000295d22041b0 flushing  nmethod 0x00000295c1a59c10
Event: 5.194 Thread 0x00000295d22041b0 flushing  nmethod 0x00000295c1a5a710
Event: 5.194 Thread 0x00000295d22041b0 flushing  nmethod 0x00000295c1a5bd90

Events (20 events):
Event: 4.946 Thread 0x000002961ab0dd50 Thread exited: 0x000002961ab0dd50
Event: 5.158 Thread 0x000002961b9d1ed0 Thread exited: 0x000002961b9d1ed0
Event: 5.216 Thread 0x000002961a6b3810 Thread exited: 0x000002961a6b3810
Event: 5.846 Thread 0x000002961b61cdb0 Thread exited: 0x000002961b61cdb0
Event: 5.863 Thread 0x000002961c085cf0 Thread exited: 0x000002961c085cf0
Event: 5.976 Thread 0x0000029621ea9d30 Thread added: 0x0000029621eab770
Event: 6.024 Thread 0x0000029621ea9d30 Thread added: 0x0000029621eac490
Event: 6.031 Thread 0x0000029621eac490 Thread added: 0x0000029621eaa3c0
Event: 6.031 Thread 0x0000029621eac490 Thread added: 0x0000029621ea9010
Event: 6.146 Thread 0x0000029621ea9d30 Thread added: 0x0000029621eacb20
Event: 6.152 Thread 0x0000029621eacb20 Thread added: 0x0000029621eab0e0
Event: 6.152 Thread 0x0000029621eacb20 Thread added: 0x0000029621ea96a0
Event: 6.152 Thread 0x0000029621eab0e0 Thread exited: 0x0000029621eab0e0
Event: 6.249 Thread 0x000002961cfa7a60 Thread exited: 0x000002961cfa7a60
Event: 6.249 Thread 0x000002961aeaed20 Thread exited: 0x000002961aeaed20
Event: 6.249 Thread 0x000002961aeadef0 Thread exited: 0x000002961aeadef0
Event: 6.633 Thread 0x000002961ae91400 Thread exited: 0x000002961ae91400
Event: 7.483 Thread 0x0000029614801f30 Thread exited: 0x0000029614801f30
Event: 7.484 Thread 0x0000029621eacb20 Thread exited: 0x0000029621eacb20
Event: 7.484 Thread 0x0000029621ea96a0 Thread exited: 0x0000029621ea96a0


Dynamic libraries:
0x00007ff7af130000 - 0x00007ff7af13e000 	c:\Users\admin\.cursor\extensions\redhat.java-1.42.0-win32-x64\jre\21.0.7-win32-x86_64\bin\java.exe
0x00007ff8f0da0000 - 0x00007ff8f1006000 	C:\WINDOWS\SYSTEM32\ntdll.dll
0x00007ff8eeec0000 - 0x00007ff8eef89000 	C:\WINDOWS\System32\KERNEL32.DLL
0x00007ff8ee410000 - 0x00007ff8ee7dc000 	C:\WINDOWS\System32\KERNELBASE.dll
0x00007ff8edfd0000 - 0x00007ff8ee11b000 	C:\WINDOWS\System32\ucrtbase.dll
0x00007ff8cd780000 - 0x00007ff8cd798000 	c:\Users\admin\.cursor\extensions\redhat.java-1.42.0-win32-x64\jre\21.0.7-win32-x86_64\bin\jli.dll
0x00007ff8cd7a0000 - 0x00007ff8cd7be000 	c:\Users\admin\.cursor\extensions\redhat.java-1.42.0-win32-x64\jre\21.0.7-win32-x86_64\bin\VCRUNTIME140.dll
0x00007ff8f0aa0000 - 0x00007ff8f0c6a000 	C:\WINDOWS\System32\USER32.dll
0x00007ff8ee120000 - 0x00007ff8ee147000 	C:\WINDOWS\System32\win32u.dll
0x00007ff8f0440000 - 0x00007ff8f046b000 	C:\WINDOWS\System32\GDI32.dll
0x00007ff8db710000 - 0x00007ff8db9aa000 	C:\WINDOWS\WinSxS\amd64_microsoft.windows.common-controls_6595b64144ccf1df_6.0.26100.3912_none_3e07963ce335137e\COMCTL32.dll
0x00007ff8ee2d0000 - 0x00007ff8ee402000 	C:\WINDOWS\System32\gdi32full.dll
0x00007ff8eeb60000 - 0x00007ff8eec09000 	C:\WINDOWS\System32\msvcrt.dll
0x00007ff8eea20000 - 0x00007ff8eeac3000 	C:\WINDOWS\System32\msvcp_win.dll
0x00007ff8f0c70000 - 0x00007ff8f0ca0000 	C:\WINDOWS\System32\IMM32.DLL
0x00007ff8ea4a0000 - 0x00007ff8ea4ac000 	c:\Users\admin\.cursor\extensions\redhat.java-1.42.0-win32-x64\jre\21.0.7-win32-x86_64\bin\vcruntime140_1.dll
0x00007ff8c7240000 - 0x00007ff8c72cd000 	c:\Users\admin\.cursor\extensions\redhat.java-1.42.0-win32-x64\jre\21.0.7-win32-x86_64\bin\msvcp140.dll
0x00007ff86fba0000 - 0x00007ff870930000 	c:\Users\admin\.cursor\extensions\redhat.java-1.42.0-win32-x64\jre\21.0.7-win32-x86_64\bin\server\jvm.dll
0x00007ff8f0140000 - 0x00007ff8f01f2000 	C:\WINDOWS\System32\ADVAPI32.dll
0x00007ff8f0cb0000 - 0x00007ff8f0d56000 	C:\WINDOWS\System32\sechost.dll
0x00007ff8efb60000 - 0x00007ff8efc76000 	C:\WINDOWS\System32\RPCRT4.dll
0x00007ff8ef340000 - 0x00007ff8ef3b4000 	C:\WINDOWS\System32\WS2_32.dll
0x00007ff8edda0000 - 0x00007ff8eddfe000 	C:\WINDOWS\SYSTEM32\POWRPROF.dll
0x00007ff8e4950000 - 0x00007ff8e4986000 	C:\WINDOWS\SYSTEM32\WINMM.dll
0x00007ff8ea6e0000 - 0x00007ff8ea6eb000 	C:\WINDOWS\SYSTEM32\VERSION.dll
0x00007ff8edd80000 - 0x00007ff8edd94000 	C:\WINDOWS\SYSTEM32\UMPDC.dll
0x00007ff8eccf0000 - 0x00007ff8ecd0a000 	C:\WINDOWS\SYSTEM32\kernel.appcore.dll
0x00007ff8e04c0000 - 0x00007ff8e04ca000 	c:\Users\admin\.cursor\extensions\redhat.java-1.42.0-win32-x64\jre\21.0.7-win32-x86_64\bin\jimage.dll
0x00007ff89bae0000 - 0x00007ff89bd21000 	C:\WINDOWS\SYSTEM32\DBGHELP.DLL
0x00007ff8eef90000 - 0x00007ff8ef314000 	C:\WINDOWS\System32\combase.dll
0x00007ff8f0050000 - 0x00007ff8f0130000 	C:\WINDOWS\System32\OLEAUT32.dll
0x00007ff8d7240000 - 0x00007ff8d7279000 	C:\WINDOWS\SYSTEM32\dbgcore.DLL
0x00007ff8edf30000 - 0x00007ff8edfc9000 	C:\WINDOWS\System32\bcryptPrimitives.dll
0x00007ff8e0420000 - 0x00007ff8e042f000 	c:\Users\admin\.cursor\extensions\redhat.java-1.42.0-win32-x64\jre\21.0.7-win32-x86_64\bin\instrument.dll
0x00007ff8c9e90000 - 0x00007ff8c9eaf000 	c:\Users\admin\.cursor\extensions\redhat.java-1.42.0-win32-x64\jre\21.0.7-win32-x86_64\bin\java.dll
0x00007ff8ef430000 - 0x00007ff8efb5d000 	C:\WINDOWS\System32\SHELL32.dll
0x00007ff8ee150000 - 0x00007ff8ee2c4000 	C:\WINDOWS\System32\wintypes.dll
0x00007ff8ebbe0000 - 0x00007ff8ec436000 	C:\WINDOWS\SYSTEM32\windows.storage.dll
0x00007ff8eedc0000 - 0x00007ff8eeeaf000 	C:\WINDOWS\System32\SHCORE.dll
0x00007ff8ef3c0000 - 0x00007ff8ef429000 	C:\WINDOWS\System32\shlwapi.dll
0x00007ff8ede10000 - 0x00007ff8ede3f000 	C:\WINDOWS\SYSTEM32\profapi.dll
0x00007ff8c9100000 - 0x00007ff8c9118000 	c:\Users\admin\.cursor\extensions\redhat.java-1.42.0-win32-x64\jre\21.0.7-win32-x86_64\bin\zip.dll
0x00007ff8e0490000 - 0x00007ff8e04a0000 	C:\Users\admin\.cursor\extensions\redhat.java-1.42.0-win32-x64\jre\21.0.7-win32-x86_64\bin\net.dll
0x00007ff8e8a60000 - 0x00007ff8e8b7e000 	C:\WINDOWS\SYSTEM32\WINHTTP.dll
0x0000000180000000 - 0x000000018008c000 	C:\WINDOWS\system32\ASProxy64.dll
0x00007ff8efc80000 - 0x00007ff8efe1f000 	C:\WINDOWS\System32\ole32.dll
0x00007ff8ed260000 - 0x00007ff8ed2ca000 	C:\WINDOWS\SYSTEM32\MSWSOCK.dll
0x00007ff8ec730000 - 0x00007ff8ec763000 	C:\WINDOWS\SYSTEM32\IPHLPAPI.DLL
0x00007ff8ecf90000 - 0x00007ff8ecfd8000 	C:\WINDOWS\SYSTEM32\SspiCli.dll
0x00007ff8c7470000 - 0x00007ff8c7486000 	C:\Users\admin\.cursor\extensions\redhat.java-1.42.0-win32-x64\jre\21.0.7-win32-x86_64\bin\nio.dll
0x00007ff8d9400000 - 0x00007ff8d9410000 	c:\Users\admin\.cursor\extensions\redhat.java-1.42.0-win32-x64\jre\21.0.7-win32-x86_64\bin\verify.dll
0x00007ff8eb200000 - 0x00007ff8eb2af000 	C:\WINDOWS\system32\uxtheme.dll
0x00007ff8d68c0000 - 0x00007ff8d6905000 	C:\Users\admin\AppData\Roaming\Cursor\User\globalStorage\redhat.java\1.42.0\config_win\org.eclipse.equinox.launcher\org.eclipse.equinox.launcher.win32.win32.x86_64_1.2.1300.v20250331-1702\eclipse_11911.dll
0x00007ff8ed510000 - 0x00007ff8ed52c000 	C:\WINDOWS\SYSTEM32\CRYPTSP.dll
0x00007ff8ecc50000 - 0x00007ff8ecc8a000 	C:\WINDOWS\system32\rsaenh.dll
0x00007ff8ed300000 - 0x00007ff8ed32b000 	C:\WINDOWS\SYSTEM32\USERENV.dll
0x00007ff8ede50000 - 0x00007ff8ede76000 	C:\WINDOWS\SYSTEM32\bcrypt.dll
0x00007ff8ed500000 - 0x00007ff8ed50c000 	C:\WINDOWS\SYSTEM32\CRYPTBASE.dll
0x00007ff8eedb0000 - 0x00007ff8eedba000 	C:\WINDOWS\System32\NSI.dll
0x00007ff8ddf50000 - 0x00007ff8ddf5a000 	C:\Users\admin\.cursor\extensions\redhat.java-1.42.0-win32-x64\jre\21.0.7-win32-x86_64\bin\management.dll
0x00007ff8ddf40000 - 0x00007ff8ddf4b000 	C:\Users\admin\.cursor\extensions\redhat.java-1.42.0-win32-x64\jre\21.0.7-win32-x86_64\bin\management_ext.dll
0x00007ff8f0040000 - 0x00007ff8f0048000 	C:\WINDOWS\System32\PSAPI.DLL
0x00007ff8ceac0000 - 0x00007ff8ceb09000 	C:\Users\admin\AppData\Local\Temp\jna-92668751\jna3612253592215962583.dll
0x00007ff8e86b0000 - 0x00007ff8e86cf000 	C:\WINDOWS\SYSTEM32\dhcpcsvc6.DLL
0x00007ff8e7810000 - 0x00007ff8e7835000 	C:\WINDOWS\SYSTEM32\dhcpcsvc.DLL
0x00007ff8cea90000 - 0x00007ff8ceab7000 	C:\Users\admin\.gradle\native\1def1411415f61bf3af743bc5b6707747c0891f09f0c88961ee8f79bc544acac\windows-amd64\native-platform.dll
0x00007ff8ddf30000 - 0x00007ff8ddf39000 	C:\Users\admin\.cursor\extensions\redhat.java-1.42.0-win32-x64\jre\21.0.7-win32-x86_64\bin\extnet.dll
0x00007ff8d24f0000 - 0x00007ff8d24fe000 	C:\Users\admin\.cursor\extensions\redhat.java-1.42.0-win32-x64\jre\21.0.7-win32-x86_64\bin\sunmscapi.dll
0x00007ff8ee7e0000 - 0x00007ff8ee957000 	C:\WINDOWS\System32\CRYPT32.dll
0x00007ff8ed710000 - 0x00007ff8ed740000 	C:\WINDOWS\SYSTEM32\ncrypt.dll
0x00007ff8ed6c0000 - 0x00007ff8ed6ff000 	C:\WINDOWS\SYSTEM32\NTASN1.dll
0x00007ff8cea60000 - 0x00007ff8cea68000 	C:\WINDOWS\system32\wshunix.dll

dbghelp: loaded successfully - version: 4.0.5 - missing functions: none
symbol engine: initialized successfully - sym options: 0x614 - pdb path: .;c:\Users\admin\.cursor\extensions\redhat.java-1.42.0-win32-x64\jre\21.0.7-win32-x86_64\bin;C:\WINDOWS\SYSTEM32;C:\WINDOWS\WinSxS\amd64_microsoft.windows.common-controls_6595b64144ccf1df_6.0.26100.3912_none_3e07963ce335137e;c:\Users\admin\.cursor\extensions\redhat.java-1.42.0-win32-x64\jre\21.0.7-win32-x86_64\bin\server;C:\Users\admin\AppData\Roaming\Cursor\User\globalStorage\redhat.java\1.42.0\config_win\org.eclipse.equinox.launcher\org.eclipse.equinox.launcher.win32.win32.x86_64_1.2.1300.v20250331-1702;C:\Users\admin\AppData\Local\Temp\jna-92668751;C:\Users\admin\.gradle\native\1def1411415f61bf3af743bc5b6707747c0891f09f0c88961ee8f79bc544acac\windows-amd64

VM Arguments:
jvm_args: --add-modules=ALL-SYSTEM --add-opens=java.base/java.util=ALL-UNNAMED --add-opens=java.base/java.lang=ALL-UNNAMED --add-opens=java.base/sun.nio.fs=ALL-UNNAMED -Declipse.application=org.eclipse.jdt.ls.core.id1 -Dosgi.bundles.defaultStartLevel=4 -Declipse.product=org.eclipse.jdt.ls.core.product -Djava.import.generatesMetadataFilesAtProjectRoot=false -DDetectVMInstallationsJob.disabled=true -Dfile.encoding=utf8 -XX:+UseParallelGC -XX:GCTimeRatio=4 -XX:AdaptiveSizePolicyWeight=90 -Dsun.zip.disableMemoryMapping=true -Xmx1G -Xms100m -Xlog:disable -javaagent:c:\Users\admin\.cursor\extensions\redhat.java-1.42.0-win32-x64\lombok\lombok-1.18.36.jar -XX:+HeapDumpOnOutOfMemoryError -XX:HeapDumpPath=c:\Users\admin\AppData\Roaming\Cursor\User\workspaceStorage\0426a641ec518546e312a5bf184515bb\redhat.java -Daether.dependencyCollector.impl=bf 
java_command: c:\Users\admin\.cursor\extensions\redhat.java-1.42.0-win32-x64\server\plugins\org.eclipse.equinox.launcher_1.7.0.v20250424-1814.jar -configuration c:\Users\admin\AppData\Roaming\Cursor\User\globalStorage\redhat.java\1.42.0\config_win -data c:\Users\admin\AppData\Roaming\Cursor\User\workspaceStorage\0426a641ec518546e312a5bf184515bb\redhat.java\jdt_ws --pipe=\\.\pipe\lsp-20f90be49adcd2250f8c2a5a933a478b-sock
java_class_path (initial): c:\Users\admin\.cursor\extensions\redhat.java-1.42.0-win32-x64\server\plugins\org.eclipse.equinox.launcher_1.7.0.v20250424-1814.jar
Launcher Type: SUN_STANDARD

[Global flags]
    uintx AdaptiveSizePolicyWeight                 = 90                                        {product} {command line}
     intx CICompilerCount                          = 12                                        {product} {ergonomic}
    uintx GCTimeRatio                              = 4                                         {product} {command line}
     bool HeapDumpOnOutOfMemoryError               = true                                   {manageable} {command line}
    ccstr HeapDumpPath                             = c:\Users\admin\AppData\Roaming\Cursor\User\workspaceStorage\0426a641ec518546e312a5bf184515bb\redhat.java         {manageable} {command line}
   size_t InitialHeapSize                          = 104857600                                 {product} {command line}
   size_t MaxHeapSize                              = 1073741824                                {product} {command line}
   size_t MaxNewSize                               = 357564416                                 {product} {ergonomic}
   size_t MinHeapDeltaBytes                        = 524288                                    {product} {ergonomic}
   size_t MinHeapSize                              = 104857600                                 {product} {command line}
   size_t NewSize                                  = 34603008                                  {product} {ergonomic}
    uintx NonNMethodCodeHeapSize                   = 7602480                                {pd product} {ergonomic}
    uintx NonProfiledCodeHeapSize                  = 122027880                              {pd product} {ergonomic}
   size_t OldSize                                  = 70254592                                  {product} {ergonomic}
    uintx ProfiledCodeHeapSize                     = 122027880                              {pd product} {ergonomic}
    uintx ReservedCodeCacheSize                    = 251658240                              {pd product} {ergonomic}
     bool SegmentedCodeCache                       = true                                      {product} {ergonomic}
   size_t SoftMaxHeapSize                          = 1073741824                             {manageable} {ergonomic}
     bool UseCompressedOops                        = true                           {product lp64_product} {ergonomic}
     bool UseLargePagesIndividualAllocation        = false                                  {pd product} {ergonomic}
     bool UseParallelGC                            = true                                      {product} {command line}

Logging:
Log output configuration:
 #0: stdout all=off uptime,level,tags foldmultilines=false
 #1: stderr all=off uptime,level,tags foldmultilines=false

Environment Variables:
JAVA_HOME=C:\Program Files\OpenLogic\jdk-17.0.15.6-hotspot
PATH=C:\Program Files\Common Files\Oracle\Java\javapath;C:\Program Files\OpenLogic\jdk-17.0.15.6-hotspot\bin;C:\WINDOWS\system32;C:\WINDOWS;C:\WINDOWS\System32\Wbem;C:\WINDOWS\System32\WindowsPowerShell\v1.0\;C:\WINDOWS\System32\OpenSSH\;C:\Program Files\dotnet\;C:\Program Files\Microsoft SQL Server\130\Tools\Binn\;C:\Program Files\Git\cmd;C:\Users\admin\AppData\Roaming\nvm;C:\Program Files\nodejs;C:\Program Files\Microsoft SQL Server\150\Tools\Binn\;C:\Users\admin\AppData\Local\Microsoft\WindowsApps;C:\Users\admin\AppData\Roaming\npm;C:\Users\admin\AppData\Local\Programs\Microsoft VS Code\bin;C:\Users\admin\AppData\Roaming\nvm;C:\Program Files\nodejs;C:\Users\admin\AppData\Local\Android\Sdk\platform-tools;C:\Users\admin\AppData\Local\Programs\cursor\resources\app\bin;C:\;C:\Users\admin\.dotnet\tools
USERNAME=admin
OS=Windows_NT
PROCESSOR_IDENTIFIER=Intel64 Family 6 Model 165 Stepping 5, GenuineIntel
TMP=C:\Users\admin\AppData\Local\Temp
TEMP=C:\Users\admin\AppData\Local\Temp




Periodic native trim disabled

---------------  S Y S T E M  ---------------

OS:
 Windows 11 , 64 bit Build 26100 (10.0.26100.3912)
OS uptime: 1 days 7:22 hours

CPU: total 16 (initial active 16) (8 cores per cpu, 2 threads per core) family 6 model 165 stepping 5 microcode 0xec, cx8, cmov, fxsr, ht, mmx, 3dnowpref, sse, sse2, sse3, ssse3, sse4.1, sse4.2, popcnt, lzcnt, tsc, tscinvbit, avx, avx2, aes, erms, clmul, bmi1, bmi2, adx, fma, vzeroupper, clflush, clflushopt, rdtscp, f16c, pku
Processor Information for processor 0
  Max Mhz: 2901, Current Mhz: 1800, Mhz Limit: 2901
Processor Information for processor 1
  Max Mhz: 2901, Current Mhz: 2901, Mhz Limit: 2901
Processor Information for processor 2
  Max Mhz: 2901, Current Mhz: 2901, Mhz Limit: 2901
Processor Information for processor 3
  Max Mhz: 2901, Current Mhz: 1800, Mhz Limit: 2901
Processor Information for processor 4
  Max Mhz: 2901, Current Mhz: 2901, Mhz Limit: 2901
Processor Information for processor 5
  Max Mhz: 2901, Current Mhz: 1800, Mhz Limit: 2901
Processor Information for processor 6
  Max Mhz: 2901, Current Mhz: 800, Mhz Limit: 2901
Processor Information for processor 7
  Max Mhz: 2901, Current Mhz: 2901, Mhz Limit: 2901
Processor Information for processor 8
  Max Mhz: 2901, Current Mhz: 2901, Mhz Limit: 2901
Processor Information for processor 9
  Max Mhz: 2901, Current Mhz: 1800, Mhz Limit: 2901
Processor Information for processor 10
  Max Mhz: 2901, Current Mhz: 2901, Mhz Limit: 2901
Processor Information for processor 11
  Max Mhz: 2901, Current Mhz: 1800, Mhz Limit: 2901
Processor Information for processor 12
  Max Mhz: 2901, Current Mhz: 2901, Mhz Limit: 2901
Processor Information for processor 13
  Max Mhz: 2901, Current Mhz: 1800, Mhz Limit: 2901
Processor Information for processor 14
  Max Mhz: 2901, Current Mhz: 2901, Mhz Limit: 2901
Processor Information for processor 15
  Max Mhz: 2901, Current Mhz: 2901, Mhz Limit: 2901

Memory: 4k page, system-wide physical 16096M (3840M free)
TotalPageFile size 34528M (AvailPageFile size 5017M)
current process WorkingSet (physical memory assigned to process): 285M, peak: 299M
current process commit charge ("private bytes"): 366M, peak: 386M

vm_info: OpenJDK 64-Bit Server VM (21.0.7+6-LTS) for windows-amd64 JRE (21.0.7+6-LTS), built on 2025-04-15T00:00:00Z by "admin" with MS VC++ 17.7 (VS2022)

END.
