#
# A fatal error has been detected by the Java Runtime Environment:
#
#  EXCEPTION_ACCESS_VIOLATION (0xc0000005) at pc=0x000000018000c274, pid=32136, tid=34352
#
# JRE version: OpenJDK Runtime Environment Temurin-21.0.7+6 (21.0.7+6) (build 21.0.7+6-LTS)
# Java VM: OpenJDK 64-Bit Server VM Temurin-21.0.7+6 (21.0.7+6-LTS, mixed mode, sharing, tiered, compressed oops, compressed class ptrs, parallel gc, windows-amd64)
# Problematic frame:
# C  [ASProxy64.dll+0xc274]
#
# No core dump will be written. Minidumps are not enabled by default on client versions of Windows
#
# If you would like to submit a bug report, please visit:
#   https://github.com/adoptium/adoptium-support/issues
# The crash happened outside the Java Virtual Machine in native code.
# See problematic frame for where to report the bug.
#

---------------  S U M M A R Y ------------

Command Line: --add-modules=ALL-SYSTEM --add-opens=java.base/java.util=ALL-UNNAMED --add-opens=java.base/java.lang=ALL-UNNAMED --add-opens=java.base/sun.nio.fs=ALL-UNNAMED -Declipse.application=org.eclipse.jdt.ls.core.id1 -Dosgi.bundles.defaultStartLevel=4 -Declipse.product=org.eclipse.jdt.ls.core.product -Djava.import.generatesMetadataFilesAtProjectRoot=false -DDetectVMInstallationsJob.disabled=true -Dfile.encoding=utf8 -XX:+UseParallelGC -XX:GCTimeRatio=4 -XX:AdaptiveSizePolicyWeight=90 -Dsun.zip.disableMemoryMapping=true -Xmx1G -Xms100m -Xlog:disable -javaagent:c:\Users\admin\.cursor\extensions\redhat.java-1.42.0-win32-x64\lombok\lombok-1.18.36.jar -XX:+HeapDumpOnOutOfMemoryError -XX:HeapDumpPath=c:\Users\admin\AppData\Roaming\Cursor\User\workspaceStorage\0426a641ec518546e312a5bf184515bb\redhat.java -Daether.dependencyCollector.impl=bf c:\Users\admin\.cursor\extensions\redhat.java-1.42.0-win32-x64\server\plugins\org.eclipse.equinox.launcher_1.7.0.v20250424-1814.jar -configuration c:\Users\admin\AppData\Roaming\Cursor\User\globalStorage\redhat.java\1.42.0\config_win -data c:\Users\admin\AppData\Roaming\Cursor\User\workspaceStorage\0426a641ec518546e312a5bf184515bb\redhat.java\jdt_ws --pipe=\\.\pipe\lsp-bb26dc4dacdcd61451dbe5dadbf2cc54-sock

Host: Intel(R) Core(TM) i7-10700 CPU @ 2.90GHz, 16 cores, 15G,  Windows 11 , 64 bit Build 26100 (10.0.26100.3912)
Time: Sat May 17 05:59:33 2025 Eastern Daylight Time elapsed time: 7.747326 seconds (0d 0h 0m 7s)

---------------  T H R E A D  ---------------

Current thread (0x00000246eb51ff60):  JavaThread "Connection worker"        [_thread_in_native, id=34352, stack(0x000000b667f80000,0x000000b668080000) (1024K)]

Stack: [0x000000b667f80000,0x000000b668080000],  sp=0x000000b66807e1d0,  free space=1016k
Native frames: (J=compiled Java code, j=interpreted, Vv=VM code, C=native code)
C  [ASProxy64.dll+0xc274]

Java frames: (J=compiled Java code, j=interpreted, Vv=VM code)
j  sun.nio.ch.WEPoll.ctl(JIJI)I+0 java.base@21.0.7
j  sun.nio.ch.WEPollSelectorImpl.<init>(Ljava/nio/channels/spi/SelectorProvider;)V+139 java.base@21.0.7
j  sun.nio.ch.WEPollSelectorProvider.openSelector()Ljava/nio/channels/spi/AbstractSelector;+5 java.base@21.0.7
j  java.nio.channels.Selector.open()Ljava/nio/channels/Selector;+3 java.base@21.0.7
j  org.gradle.internal.remote.internal.inet.SocketConnection$SocketInputStream.<init>(Ljava/nio/channels/SocketChannel;)V+17
j  org.gradle.internal.remote.internal.inet.SocketConnection.<init>(Ljava/nio/channels/SocketChannel;Lorg/gradle/internal/remote/internal/MessageSerializer;Lorg/gradle/internal/serialize/StatefulSerializer;)V+27
j  org.gradle.internal.remote.internal.inet.SocketConnectCompletion.create(Lorg/gradle/internal/serialize/StatefulSerializer;)Lorg/gradle/internal/remote/internal/RemoteConnection;+16
j  org.gradle.launcher.daemon.client.DefaultDaemonConnector.connectToDaemon(Lorg/gradle/launcher/daemon/context/DaemonConnectDetails;Lorg/gradle/launcher/daemon/client/DaemonClientConnection$StaleAddressDetector;)Lorg/gradle/launcher/daemon/client/DaemonClientConnection;+45
j  org.gradle.launcher.daemon.client.DefaultDaemonConnector.connectToDaemonWithId(Lorg/gradle/launcher/daemon/diagnostics/DaemonStartupInfo;Lorg/gradle/api/internal/specs/ExplainingSpec;)Lorg/gradle/launcher/daemon/client/DaemonClientConnection;+116
j  org.gradle.launcher.daemon.client.DefaultDaemonConnector.doStartDaemon(Lorg/gradle/api/internal/specs/ExplainingSpec;Z)Lorg/gradle/launcher/daemon/client/DaemonClientConnection;+61
j  org.gradle.launcher.daemon.client.DefaultDaemonConnector.startDaemon(Lorg/gradle/api/internal/specs/ExplainingSpec;)Lorg/gradle/launcher/daemon/client/DaemonClientConnection;+3
j  org.gradle.launcher.daemon.client.DaemonClient.execute(Lorg/gradle/internal/invocation/BuildAction;Lorg/gradle/launcher/exec/BuildActionParameters;Lorg/gradle/internal/daemon/client/execution/ClientBuildRequestContext;)Lorg/gradle/launcher/exec/BuildActionResult;+201
j  org.gradle.launcher.daemon.client.DaemonClient.execute(Lorg/gradle/internal/invocation/BuildAction;Ljava/lang/Object;Ljava/lang/Object;)Lorg/gradle/launcher/exec/BuildActionResult;+10
j  org.gradle.tooling.internal.provider.DaemonBuildActionExecuter.execute(Lorg/gradle/internal/invocation/BuildAction;Lorg/gradle/tooling/internal/provider/ConnectionOperationParameters;Lorg/gradle/internal/daemon/client/execution/ClientBuildRequestContext;)Lorg/gradle/launcher/exec/BuildActionResult;+72
j  org.gradle.tooling.internal.provider.DaemonBuildActionExecuter.execute(Lorg/gradle/internal/invocation/BuildAction;Ljava/lang/Object;Ljava/lang/Object;)Lorg/gradle/launcher/exec/BuildActionResult;+10
j  org.gradle.tooling.internal.provider.LoggingBridgingBuildActionExecuter.execute(Lorg/gradle/internal/invocation/BuildAction;Lorg/gradle/tooling/internal/provider/ConnectionOperationParameters;Lorg/gradle/internal/daemon/client/execution/ClientBuildRequestContext;)Lorg/gradle/launcher/exec/BuildActionResult;+77
j  org.gradle.tooling.internal.provider.LoggingBridgingBuildActionExecuter.execute(Lorg/gradle/internal/invocation/BuildAction;Ljava/lang/Object;Ljava/lang/Object;)Lorg/gradle/launcher/exec/BuildActionResult;+10
j  org.gradle.tooling.internal.provider.ProviderConnection.run(Lorg/gradle/internal/invocation/BuildAction;Lorg/gradle/initialization/BuildCancellationToken;Lorg/gradle/tooling/internal/provider/ProviderConnection$ProgressListenerConfiguration;Lorg/gradle/initialization/BuildEventConsumer;Lorg/gradle/tooling/internal/provider/connection/ProviderOperationParameters;Lorg/gradle/tooling/internal/provider/ProviderConnection$Parameters;)Ljava/lang/Object;+79
j  org.gradle.tooling.internal.provider.ProviderConnection.runPhasedAction(Lorg/gradle/tooling/internal/protocol/InternalPhasedAction;Lorg/gradle/tooling/internal/protocol/PhasedActionResultListener;Lorg/gradle/initialization/BuildCancellationToken;Lorg/gradle/tooling/internal/provider/connection/ProviderOperationParameters;)Ljava/lang/Object;+132
j  org.gradle.tooling.internal.provider.DefaultConnection.run(Lorg/gradle/tooling/internal/protocol/InternalPhasedAction;Lorg/gradle/tooling/internal/protocol/PhasedActionResultListener;Lorg/gradle/tooling/internal/protocol/InternalCancellationToken;Lorg/gradle/tooling/internal/protocol/BuildParameters;)Lorg/gradle/tooling/internal/protocol/BuildResult;+28
j  org.gradle.tooling.internal.consumer.connection.PhasedActionAwareConsumerConnection.run(Lorg/gradle/tooling/internal/consumer/PhasedBuildAction;Lorg/gradle/tooling/internal/consumer/parameters/ConsumerOperationParameters;)V+66
j  org.gradle.tooling.internal.consumer.connection.ParameterValidatingConsumerConnection.run(Lorg/gradle/tooling/internal/consumer/PhasedBuildAction;Lorg/gradle/tooling/internal/consumer/parameters/ConsumerOperationParameters;)V+11
j  org.gradle.tooling.internal.consumer.DefaultPhasedBuildActionExecuter$1.run(Lorg/gradle/tooling/internal/consumer/connection/ConsumerConnection;)Ljava/lang/Void;+12
j  org.gradle.tooling.internal.consumer.DefaultPhasedBuildActionExecuter$1.run(Lorg/gradle/tooling/internal/consumer/connection/ConsumerConnection;)Ljava/lang/Object;+2
j  org.gradle.tooling.internal.consumer.connection.LazyConsumerActionExecutor.run(Lorg/gradle/tooling/internal/consumer/connection/ConsumerAction;)Ljava/lang/Object;+34
j  org.gradle.tooling.internal.consumer.connection.CancellableConsumerActionExecutor.run(Lorg/gradle/tooling/internal/consumer/connection/ConsumerAction;)Ljava/lang/Object;+34
j  org.gradle.tooling.internal.consumer.connection.ProgressLoggingConsumerActionExecutor.run(Lorg/gradle/tooling/internal/consumer/connection/ConsumerAction;)Ljava/lang/Object;+78
j  org.gradle.tooling.internal.consumer.connection.RethrowingErrorsConsumerActionExecutor.run(Lorg/gradle/tooling/internal/consumer/connection/ConsumerAction;)Ljava/lang/Object;+5
j  org.gradle.tooling.internal.consumer.async.DefaultAsyncConsumerActionExecutor$1$1.run()V+17
j  org.gradle.internal.concurrent.ExecutorPolicy$CatchAndRecordFailures.onExecute(Ljava/lang/Runnable;)V+1
j  org.gradle.internal.concurrent.AbstractManagedExecutor$1.run()V+25
j  java.util.concurrent.ThreadPoolExecutor.runWorker(Ljava/util/concurrent/ThreadPoolExecutor$Worker;)V+92 java.base@21.0.7
j  java.util.concurrent.ThreadPoolExecutor$Worker.run()V+5 java.base@21.0.7
j  java.lang.Thread.runWith(Ljava/lang/Object;Ljava/lang/Runnable;)V+5 java.base@21.0.7
j  java.lang.Thread.run()V+19 java.base@21.0.7
v  ~StubRoutines::call_stub 0x000002469684100d

siginfo: EXCEPTION_ACCESS_VIOLATION (0xc0000005), reading address 0x00000000000008dc


Registers:
RAX=0x0000000000000000, RBX=0x00000246ed9deb58, RCX=0x0000000000001374, RDX=0x0000000000000002
RSP=0x000000b66807e1d0, RBP=0x00000000000008dc, RSI=0x00000246ee7b66f0, RDI=0x00000000000008dc
R8 =0x7ffffffffffffffc, R9 =0x0000000000000000, R10=0x0000000000001374, R11=0x000002468c1fd3c8
R12=0x000000b66807e410, R13=0x0000000000001380, R14=0x00000246ee7b66c0, R15=0x0000000000001380
RIP=0x000000018000c274, EFLAGS=0x0000000000010246

XMM[0]=0x0000000000000000 0x0000000000000000
XMM[1]=0x0000000000000000 0x0000000000000000
XMM[2]=0x0000000000000000 0x0000000000000000
XMM[3]=0x0000000000000000 0x0000000000000000
XMM[4]=0x0000000000000000 0x0000000000000000
XMM[5]=0x0000000000000000 0x0000000000000000
XMM[6]=0xcca3d157cbdb27bc 0x30819d908c84900c
XMM[7]=0xef987c03f46e2e56 0x41afb1f6a6208a27
XMM[8]=0x0000000000000000 0x92b23731f71b0a5f
XMM[9]=0xb609f4f5b367d24d 0xe6001ee136df8a21
XMM[10]=0xffffffffffffffff 0x0b0a090803020100
XMM[11]=0x2ed5830e547eaff6 0x0000000000000000
XMM[12]=0x0b0a090803020100 0xffffffffffffffff
XMM[13]=0x0c0d0e0f08090a0b 0x0405060700010203
XMM[14]=0x0000000000000000 0x6c9c4e785cd1fc34
XMM[15]=0x0000000000000000 0x00000000f035adbc
  MXCSR=0x00001fa0


Register to memory mapping:

RAX=0x0 is null
RBX=0x00000246ed9deb58 points into unknown readable memory: 0x0000000000000000 | 00 00 00 00 00 00 00 00
RCX=0x0000000000001374 is an unknown value
RDX=0x0000000000000002 is an unknown value
RSP=0x000000b66807e1d0 is pointing into the stack for thread: 0x00000246eb51ff60
RBP=0x00000000000008dc is an unknown value
RSI=0x00000246ee7b66f0 points into unknown readable memory: 0x00000246ee7b66f0 | f0 66 7b ee 46 02 00 00
RDI=0x00000000000008dc is an unknown value
R8 =0x7ffffffffffffffc is an unknown value
R9 =0x0 is null
R10=0x0000000000001374 is an unknown value
R11=0x000002468c1fd3c8 points into unknown readable memory: 0x00000000000007d0 | d0 07 00 00 00 00 00 00
R12=0x000000b66807e410 is pointing into the stack for thread: 0x00000246eb51ff60
R13=0x0000000000001380 is an unknown value
R14=0x00000246ee7b66c0 points into unknown readable memory: 0x00000000000008dc | dc 08 00 00 00 00 00 00
R15=0x0000000000001380 is an unknown value

Top of Stack: (sp=0x000000b66807e1d0)
0x000000b66807e1d0:   0000000000000000 0000000000000000
0x000000b66807e1e0:   00000000000008dc 000000018001f4c2
0x000000b66807e1f0:   0000000180065ec8 0000000000002736
0x000000b66807e200:   0000000000000001 0000000000001374
0x000000b66807e210:   00000000000008dc 000000018000c506
0x000000b66807e220:   00000246ed9deb58 0000000000002736
0x000000b66807e230:   0000000000000000 0000024600000008
0x000000b66807e240:   000000b60000001e 0000000000000000
0x000000b66807e250:   00000000000008dc 0000000000000000
0x000000b66807e260:   0000000000000001 0000000000000000
0x000000b66807e270:   00000000000008dc 00007ff8c70077e6
0x000000b66807e280:   0000000000001374 0000000000000802
0x000000b66807e290:   00000246ee7b66f0 000000b66807e3e0
0x000000b66807e2a0:   0000000000000000 0000024600000000
0x000000b66807e2b0:   0000000000000003 0000024600000001
0x000000b66807e2c0:   0000000000000000 0000000000000000
0x000000b66807e2d0:   00007ff800000000 00007ff8edfe0139
0x000000b66807e2e0:   0000000000001374 0000000000000000
0x000000b66807e2f0:   0000000000000000 0000b7dbac0365ea
0x000000b66807e300:   00000246ed9deb40 00007ff8c70082af
0x000000b66807e310:   0000000000000028 00007ff846ab2cac
0x000000b66807e320:   00000246ed9deb48 000002468c224d00
0x000000b66807e330:   00000246ee7b66c0 00007ff8c7008359
0x000000b66807e340:   00000246ee7b66f0 000000b66807e410
0x000000b66807e350:   00000246ee7b66f0 00000246ee7b66c0
0x000000b66807e360:   00000246eb51ff60 000000b66807e410
0x000000b66807e370:   00000246e85ea050 0000000000000000
0x000000b66807e380:   00000246ee7b66c0 00007ff8c7008787
0x000000b66807e390:   0000000000000000 000000b66807e410
0x000000b66807e3a0:   0000000000001380 00000246eb51ff60
0x000000b66807e3b0:   0000000000000001 00007ff8c7007a75
0x000000b66807e3c0:   00000000000008dc 000000b66807e410 

Instructions: (pc=0x000000018000c274)
0x000000018000c174:   70 48 8b 6c 24 78 32 c0 48 83 c4 50 41 5c c3 cc
0x000000018000c184:   cc cc cc cc cc cc cc cc cc cc cc cc 48 85 c9 74
0x000000018000c194:   23 8b 05 ad ff 06 00 89 01 8b 05 a9 ff 06 00 89
0x000000018000c1a4:   41 04 8b 05 a4 ff 06 00 89 41 08 8b 05 9f ff 06
0x000000018000c1b4:   00 89 41 0c f3 c3 cc cc cc cc cc cc c6 01 01 c7
0x000000018000c1c4:   02 01 00 00 00 c3 cc cc cc cc cc cc 48 89 5c 24
0x000000018000c1d4:   08 57 48 83 ec 70 48 8b fa 8b d9 48 8d 15 82 73
0x000000018000c1e4:   05 00 48 8d 4c 24 20 45 33 c0 48 c7 44 24 40 0f
0x000000018000c1f4:   00 00 00 48 c7 44 24 38 00 00 00 00 c6 44 24 28
0x000000018000c204:   00 e8 d6 6b ff ff 4c 8d 4c 24 20 48 8d 4c 24 48
0x000000018000c214:   41 b0 01 8b d3 e8 52 06 02 00 48 83 78 20 10 72
0x000000018000c224:   06 48 8b 48 08 eb 05 48 8d 48 08 90 0f b6 01 48
0x000000018000c234:   ff c7 48 ff c1 88 47 ff 84 c0 75 f0 48 83 7c 24
0x000000018000c244:   68 10 72 0a 48 8b 4c 24 50 e8 52 94 03 00 48 8b
0x000000018000c254:   9c 24 80 00 00 00 48 83 c4 70 5f c3 48 83 ec 48
0x000000018000c264:   0f b6 c2 0f 57 c0 0f 11 44 24 ff 25 00 00 00 00
0x000000018000c274:   ae 7e ef ee f8 7f 00 00 8b 44 24 04 0f af 04 24
0x000000018000c284:   89 04 24 8b 44 24 04 0f af 04 24 83 c0 01 89 04
0x000000018000c294:   24 8b 44 24 04 0f af 04 24 83 c0 02 89 04 24 8b
0x000000018000c2a4:   44 24 04 0f af 04 24 83 c0 03 89 04 24 8b 44 24
0x000000018000c2b4:   04 0f af 04 24 83 c0 04 89 04 24 8b 44 24 04 0f
0x000000018000c2c4:   af 04 24 83 c0 05 89 04 24 8b 44 24 04 0f af 04
0x000000018000c2d4:   24 83 c0 06 89 04 24 8b 44 24 04 0f af 04 24 83
0x000000018000c2e4:   c0 07 89 04 24 8b 44 24 04 0f af 04 24 83 c0 08
0x000000018000c2f4:   89 04 24 8b 44 24 04 0f af 04 24 83 c0 09 89 04
0x000000018000c304:   24 8b 44 24 04 0f af 04 24 83 c0 0a 89 04 24 8b
0x000000018000c314:   44 24 04 0f af 04 24 83 c0 0b 89 04 24 8b 44 24
0x000000018000c324:   04 0f af 04 24 83 c0 0d 89 04 24 8b 44 24 04 0f
0x000000018000c334:   af 04 24 83 c0 0e 89 04 24 8b 44 24 04 0f af 04
0x000000018000c344:   24 83 c0 0f 89 04 24 8b 44 24 04 0f af 04 24 83
0x000000018000c354:   c0 10 89 04 24 8b 44 24 04 0f af 04 24 83 c0 11
0x000000018000c364:   89 04 24 8b 44 24 04 0f af 04 24 83 c0 12 89 04 


Stack slot to memory mapping:

stack at sp + 0 slots: 0x0 is null
stack at sp + 1 slots: 0x0 is null
stack at sp + 2 slots: 0x00000000000008dc is an unknown value
stack at sp + 3 slots: 0x000000018001f4c2 ASProxy64.dll
stack at sp + 4 slots: 0x0000000180065ec8 ASProxy64.dll
stack at sp + 5 slots: 0x0000000000002736 is an unknown value
stack at sp + 6 slots: 0x0000000000000001 is an unknown value
stack at sp + 7 slots: 0x0000000000001374 is an unknown value


---------------  P R O C E S S  ---------------

Threads class SMR info:
_java_thread_list=0x00000246edb57b50, length=59, elements={
0x0000024689d8b9a0, 0x00000246a05d9390, 0x000002468c2bbd60, 0x00000246a05dcc00,
0x00000246a05dd850, 0x00000246a05e3f20, 0x00000246a05e59b0, 0x00000246a05ec7a0,
0x00000246a05ee670, 0x00000246e2c52100, 0x00000246e2c5c5f0, 0x00000246e90af7e0,
0x00000246e948f280, 0x00000246e9c180c0, 0x00000246e99ad560, 0x00000246e98eeea0,
0x00000246e9bfaa40, 0x00000246e9bf9690, 0x00000246e9bfa3b0, 0x00000246ea4f0320,
0x00000246ea4ef600, 0x00000246ea4ee8e0, 0x00000246ea4eef70, 0x00000246ea4f09b0,
0x00000246ea4ee250, 0x00000246ea4ed530, 0x00000246ea4f1040, 0x00000246ea4f1d60,
0x00000246ea4f23f0, 0x00000246ea4f2a80, 0x00000246ea4f16d0, 0x00000246ea4efc90,
0x00000246ea4f4b50, 0x00000246ea4f3110, 0x00000246ea4f44c0, 0x00000246ea4f37a0,
0x00000246ea4f3e30, 0x00000246eb2153b0, 0x00000246eb2181a0, 0x00000246eb218830,
0x00000246eb218ec0, 0x00000246eb216760, 0x00000246eb215a40, 0x00000246eb216df0,
0x00000246eb219550, 0x00000246eb2160d0, 0x00000246eb217480, 0x00000246eb21af90,
0x00000246eb21a270, 0x00000246eb217b10, 0x00000246eb21b620, 0x00000246eb21c340,
0x00000246eb21c9d0, 0x00000246eb21bcb0, 0x00000246eb51ff60, 0x00000246eb522030,
0x00000246eb522d50, 0x00000246eb523a70, 0x00000246eb5226c0
}

Java Threads: ( => current thread )
  0x0000024689d8b9a0 JavaThread "main"                              [_thread_blocked, id=14500, stack(0x000000b661e00000,0x000000b661f00000) (1024K)]
  0x00000246a05d9390 JavaThread "Reference Handler"          daemon [_thread_blocked, id=26192, stack(0x000000b662200000,0x000000b662300000) (1024K)]
  0x000002468c2bbd60 JavaThread "Finalizer"                  daemon [_thread_blocked, id=20692, stack(0x000000b662300000,0x000000b662400000) (1024K)]
  0x00000246a05dcc00 JavaThread "Signal Dispatcher"          daemon [_thread_blocked, id=25948, stack(0x000000b662400000,0x000000b662500000) (1024K)]
  0x00000246a05dd850 JavaThread "Attach Listener"            daemon [_thread_blocked, id=19088, stack(0x000000b662500000,0x000000b662600000) (1024K)]
  0x00000246a05e3f20 JavaThread "Service Thread"             daemon [_thread_blocked, id=10156, stack(0x000000b662600000,0x000000b662700000) (1024K)]
  0x00000246a05e59b0 JavaThread "Monitor Deflation Thread"   daemon [_thread_blocked, id=32656, stack(0x000000b662700000,0x000000b662800000) (1024K)]
  0x00000246a05ec7a0 JavaThread "C2 CompilerThread0"         daemon [_thread_blocked, id=2868, stack(0x000000b662800000,0x000000b662900000) (1024K)]
  0x00000246a05ee670 JavaThread "C1 CompilerThread0"         daemon [_thread_blocked, id=14788, stack(0x000000b662900000,0x000000b662a00000) (1024K)]
  0x00000246e2c52100 JavaThread "Common-Cleaner"             daemon [_thread_blocked, id=13320, stack(0x000000b662a00000,0x000000b662b00000) (1024K)]
  0x00000246e2c5c5f0 JavaThread "C1 CompilerThread1"         daemon [_thread_blocked, id=15920, stack(0x000000b662b00000,0x000000b662c00000) (1024K)]
  0x00000246e90af7e0 JavaThread "Notification Thread"        daemon [_thread_blocked, id=33688, stack(0x000000b664240000,0x000000b664340000) (1024K)]
  0x00000246e948f280 JavaThread "Active Thread: Equinox Container: b85ff97d-fd66-4da8-86cd-bfa223abda08"        [_thread_blocked, id=26092, stack(0x000000b664a80000,0x000000b664b80000) (1024K)]
  0x00000246e9c180c0 JavaThread "Refresh Thread: Equinox Container: b85ff97d-fd66-4da8-86cd-bfa223abda08" daemon [_thread_blocked, id=12536, stack(0x000000b664c80000,0x000000b664d80000) (1024K)]
  0x00000246e99ad560 JavaThread "Framework Event Dispatcher: Equinox Container: b85ff97d-fd66-4da8-86cd-bfa223abda08" daemon [_thread_blocked, id=34788, stack(0x000000b664d80000,0x000000b664e80000) (1024K)]
  0x00000246e98eeea0 JavaThread "Start Level: Equinox Container: b85ff97d-fd66-4da8-86cd-bfa223abda08" daemon [_thread_blocked, id=14628, stack(0x000000b664e80000,0x000000b664f80000) (1024K)]
  0x00000246e9bfaa40 JavaThread "Bundle File Closer"         daemon [_thread_blocked, id=13260, stack(0x000000b665280000,0x000000b665380000) (1024K)]
  0x00000246e9bf9690 JavaThread "SCR Component Actor"        daemon [_thread_blocked, id=33108, stack(0x000000b665380000,0x000000b665480000) (1024K)]
  0x00000246e9bfa3b0 JavaThread "Worker-JM"                         [_thread_blocked, id=35316, stack(0x000000b665680000,0x000000b665780000) (1024K)]
  0x00000246ea4f0320 JavaThread "Worker-0: Initialize Workspace"        [_thread_blocked, id=31216, stack(0x000000b665880000,0x000000b665980000) (1024K)]
  0x00000246ea4ef600 JavaThread "Worker-1"                          [_thread_blocked, id=30316, stack(0x000000b665980000,0x000000b665a80000) (1024K)]
  0x00000246ea4ee8e0 JavaThread "Java indexing"              daemon [_thread_blocked, id=35432, stack(0x000000b664880000,0x000000b664980000) (1024K)]
  0x00000246ea4eef70 JavaThread "JNA Cleaner"                daemon [_thread_blocked, id=16832, stack(0x000000b664980000,0x000000b664a80000) (1024K)]
  0x00000246ea4f09b0 JavaThread "Worker-2"                          [_thread_blocked, id=34984, stack(0x000000b665d80000,0x000000b665e80000) (1024K)]
  0x00000246ea4ee250 JavaThread "Worker-3"                          [_thread_blocked, id=21836, stack(0x000000b665e80000,0x000000b665f80000) (1024K)]
  0x00000246ea4ed530 JavaThread "Thread-2"                   daemon [_thread_in_native, id=24632, stack(0x000000b665f80000,0x000000b666080000) (1024K)]
  0x00000246ea4f1040 JavaThread "Thread-3"                   daemon [_thread_in_native, id=19824, stack(0x000000b666080000,0x000000b666180000) (1024K)]
  0x00000246ea4f1d60 JavaThread "Thread-4"                   daemon [_thread_in_native, id=33880, stack(0x000000b666180000,0x000000b666280000) (1024K)]
  0x00000246ea4f23f0 JavaThread "Thread-5"                   daemon [_thread_in_native, id=26376, stack(0x000000b666280000,0x000000b666380000) (1024K)]
  0x00000246ea4f2a80 JavaThread "Thread-6"                   daemon [_thread_in_native, id=32820, stack(0x000000b666380000,0x000000b666480000) (1024K)]
  0x00000246ea4f16d0 JavaThread "Thread-7"                   daemon [_thread_in_native, id=28616, stack(0x000000b666480000,0x000000b666580000) (1024K)]
  0x00000246ea4efc90 JavaThread "Thread-8"                   daemon [_thread_in_native, id=35116, stack(0x000000b666580000,0x000000b666680000) (1024K)]
  0x00000246ea4f4b50 JavaThread "Thread-9"                   daemon [_thread_in_native, id=3228, stack(0x000000b666680000,0x000000b666780000) (1024K)]
  0x00000246ea4f3110 JavaThread "Thread-10"                  daemon [_thread_in_native, id=5188, stack(0x000000b666780000,0x000000b666880000) (1024K)]
  0x00000246ea4f44c0 JavaThread "Thread-11"                  daemon [_thread_in_native, id=14396, stack(0x000000b666880000,0x000000b666980000) (1024K)]
  0x00000246ea4f37a0 JavaThread "Thread-12"                  daemon [_thread_in_native, id=30436, stack(0x000000b666980000,0x000000b666a80000) (1024K)]
  0x00000246ea4f3e30 JavaThread "Thread-13"                  daemon [_thread_in_native, id=29372, stack(0x000000b666a80000,0x000000b666b80000) (1024K)]
  0x00000246eb2153b0 JavaThread "Thread-14"                  daemon [_thread_in_native, id=35712, stack(0x000000b666b80000,0x000000b666c80000) (1024K)]
  0x00000246eb2181a0 JavaThread "Thread-15"                  daemon [_thread_in_native, id=15968, stack(0x000000b666c80000,0x000000b666d80000) (1024K)]
  0x00000246eb218830 JavaThread "Thread-16"                  daemon [_thread_in_native, id=13280, stack(0x000000b666d80000,0x000000b666e80000) (1024K)]
  0x00000246eb218ec0 JavaThread "Thread-17"                  daemon [_thread_in_native, id=18060, stack(0x000000b666e80000,0x000000b666f80000) (1024K)]
  0x00000246eb216760 JavaThread "Thread-18"                  daemon [_thread_in_native, id=13948, stack(0x000000b666f80000,0x000000b667080000) (1024K)]
  0x00000246eb215a40 JavaThread "pool-2-thread-1"                   [_thread_blocked, id=31048, stack(0x000000b667280000,0x000000b667380000) (1024K)]
  0x00000246eb216df0 JavaThread "WorkspaceEventsHandler"            [_thread_blocked, id=29572, stack(0x000000b667380000,0x000000b667480000) (1024K)]
  0x00000246eb219550 JavaThread "pool-1-thread-1"                   [_thread_blocked, id=24420, stack(0x000000b667480000,0x000000b667580000) (1024K)]
  0x00000246eb2160d0 JavaThread "Worker-4"                          [_thread_blocked, id=11444, stack(0x000000b667880000,0x000000b667980000) (1024K)]
  0x00000246eb217480 JavaThread "Timer-0"                           [_thread_blocked, id=17900, stack(0x000000b667980000,0x000000b667a80000) (1024K)]
  0x00000246eb21af90 JavaThread "Timer-1"                           [_thread_blocked, id=7440, stack(0x000000b667680000,0x000000b667780000) (1024K)]
  0x00000246eb21a270 JavaThread "Timer-2"                           [_thread_blocked, id=13136, stack(0x000000b667780000,0x000000b667880000) (1024K)]
  0x00000246eb217b10 JavaThread "LocalFile Deleter"          daemon [_thread_blocked, id=35536, stack(0x000000b667a80000,0x000000b667b80000) (1024K)]
  0x00000246eb21b620 JavaThread "LocalFile Deleter"          daemon [_thread_blocked, id=20356, stack(0x000000b667b80000,0x000000b667c80000) (1024K)]
  0x00000246eb21c340 JavaThread "LocalFile Deleter"          daemon [_thread_blocked, id=9236, stack(0x000000b667c80000,0x000000b667d80000) (1024K)]
  0x00000246eb21c9d0 JavaThread "Timer-3"                           [_thread_blocked, id=33964, stack(0x000000b667d80000,0x000000b667e80000) (1024K)]
  0x00000246eb21bcb0 JavaThread "Timer-4"                           [_thread_blocked, id=25328, stack(0x000000b667e80000,0x000000b667f80000) (1024K)]
=>0x00000246eb51ff60 JavaThread "Connection worker"                 [_thread_in_native, id=34352, stack(0x000000b667f80000,0x000000b668080000) (1024K)]
  0x00000246eb522030 JavaThread "pool-3-thread-1"                   [_thread_blocked, id=8172, stack(0x000000b664140000,0x000000b664240000) (1024K)]
  0x00000246eb522d50 JavaThread "Exec process"                      [_thread_blocked, id=20512, stack(0x000000b667080000,0x000000b667180000) (1024K)]
  0x00000246eb523a70 JavaThread "Exec process Thread 2"             [_thread_blocked, id=28636, stack(0x000000b667180000,0x000000b667280000) (1024K)]
  0x00000246eb5226c0 JavaThread "Exec process Thread 3"             [_thread_blocked, id=35064, stack(0x000000b667580000,0x000000b667680000) (1024K)]
Total: 59

Other Threads:
  0x00000246a05d4070 VMThread "VM Thread"                           [id=17500, stack(0x000000b662100000,0x000000b662200000) (1024K)]
  0x00000246a04cca00 WatcherThread "VM Periodic Task Thread"        [id=23496, stack(0x000000b662000000,0x000000b662100000) (1024K)]
  0x000002468c220370 WorkerThread "GC Thread#0"                     [id=26216, stack(0x000000b661f00000,0x000000b662000000) (1024K)]
  0x00000246e9971ce0 WorkerThread "GC Thread#1"                     [id=20588, stack(0x000000b663e00000,0x000000b663f00000) (1024K)]
  0x00000246e986d4b0 WorkerThread "GC Thread#2"                     [id=19316, stack(0x000000b664380000,0x000000b664480000) (1024K)]
  0x00000246e9aafc50 WorkerThread "GC Thread#3"                     [id=26000, stack(0x000000b664480000,0x000000b664580000) (1024K)]
  0x00000246e9aafff0 WorkerThread "GC Thread#4"                     [id=15184, stack(0x000000b664580000,0x000000b664680000) (1024K)]
  0x00000246e98ffd40 WorkerThread "GC Thread#5"                     [id=31652, stack(0x000000b664680000,0x000000b664780000) (1024K)]
  0x00000246e99004e0 WorkerThread "GC Thread#6"                     [id=14284, stack(0x000000b664780000,0x000000b664880000) (1024K)]
  0x00000246e9743ab0 WorkerThread "GC Thread#7"                     [id=22540, stack(0x000000b664b80000,0x000000b664c80000) (1024K)]
  0x00000246e9744590 WorkerThread "GC Thread#8"                     [id=33700, stack(0x000000b664f80000,0x000000b665080000) (1024K)]
  0x00000246e97441f0 WorkerThread "GC Thread#9"                     [id=23736, stack(0x000000b665080000,0x000000b665180000) (1024K)]
  0x00000246e9745070 WorkerThread "GC Thread#10"                    [id=19860, stack(0x000000b665180000,0x000000b665280000) (1024K)]
  0x00000246e9744930 WorkerThread "GC Thread#11"                    [id=31516, stack(0x000000b665580000,0x000000b665680000) (1024K)]
  0x00000246e9e78550 WorkerThread "GC Thread#12"                    [id=29092, stack(0x000000b665780000,0x000000b665880000) (1024K)]
Total: 15

Threads with active compile tasks:
Total: 0

VM state: not at safepoint (normal execution)

VM Mutex/Monitor currently owned by a thread: None

Heap address: 0x00000000c0000000, size: 1024 MB, Compressed Oops mode: 32-bit

CDS archive(s) mapped at: [0x00000246a1000000-0x00000246a1ba0000-0x00000246a1ba0000), size 12189696, SharedBaseAddress: 0x00000246a1000000, ArchiveRelocationMode: 1.
Compressed class space mapped at: 0x00000246a2000000-0x00000246e2000000, reserved size: 1073741824
Narrow klass base: 0x00000246a1000000, Narrow klass shift: 0, Narrow klass range: 0x100000000

GC Precious Log:
 CardTable entry size: 512
 CPUs: 16 total, 16 available
 Memory: 16096M
 Large Page Support: Disabled
 NUMA Support: Disabled
 Compressed Oops: Enabled (32-bit)
 Alignments: Space 512K, Generation 512K, Heap 2M
 Heap Min Capacity: 100M
 Heap Initial Capacity: 100M
 Heap Max Capacity: 1G
 Pre-touch: Disabled
 Parallel Workers: 13

Heap:
 PSYoungGen      total 14848K, used 3985K [0x00000000eab00000, 0x00000000ebc00000, 0x0000000100000000)
  eden space 14336K, 24% used [0x00000000eab00000,0x00000000eae6c768,0x00000000eb900000)
  from space 512K, 93% used [0x00000000eba80000,0x00000000ebaf8000,0x00000000ebb00000)
  to   space 1024K, 0% used [0x00000000ebb00000,0x00000000ebb00000,0x00000000ebc00000)
 ParOldGen       total 68608K, used 41794K [0x00000000c0000000, 0x00000000c4300000, 0x00000000eab00000)
  object space 68608K, 60% used [0x00000000c0000000,0x00000000c28d0880,0x00000000c4300000)
 Metaspace       used 62427K, committed 63744K, reserved 1114112K
  class space    used 7719K, committed 8320K, reserved 1048576K

Card table byte_map: [0x000002468bba0000,0x000002468bdb0000] _byte_map_base: 0x000002468b5a0000

Marking Bits: (ParMarkBitMap*) 0x00007ff8470f31f0
 Begin Bits: [0x000002469e3f0000, 0x000002469f3f0000)
 End Bits:   [0x000002469f3f0000, 0x00000246a03f0000)

Polling page: 0x000002468a050000

Metaspace:

Usage:
  Non-class:     53.43 MB used.
      Class:      7.54 MB used.
       Both:     60.96 MB used.

Virtual space:
  Non-class space:       64.00 MB reserved,      54.12 MB ( 85%) committed,  1 nodes.
      Class space:        1.00 GB reserved,       8.12 MB ( <1%) committed,  1 nodes.
             Both:        1.06 GB reserved,      62.25 MB (  6%) committed. 

Chunk freelists:
   Non-Class:  8.95 MB
       Class:  7.88 MB
        Both:  16.83 MB

MaxMetaspaceSize: unlimited
CompressedClassSpaceSize: 1.00 GB
Initial GC threshold: 21.00 MB
Current GC threshold: 97.31 MB
CDS: on
 - commit_granule_bytes: 65536.
 - commit_granule_words: 8192.
 - virtual_space_node_default_size: 8388608.
 - enlarge_chunks_in_place: 1.
 - use_allocation_guard: 0.


Internal statistics:

num_allocs_failed_limit: 9.
num_arena_births: 1138.
num_arena_deaths: 14.
num_vsnodes_births: 2.
num_vsnodes_deaths: 0.
num_space_committed: 996.
num_space_uncommitted: 0.
num_chunks_returned_to_freelist: 23.
num_chunks_taken_from_freelist: 3741.
num_chunk_merges: 12.
num_chunk_splits: 2478.
num_chunks_enlarged: 1636.
num_inconsistent_stats: 0.

CodeHeap 'non-profiled nmethods': size=119168Kb used=4917Kb max_used=4917Kb free=114250Kb
 bounds [0x0000024696f90000, 0x0000024697460000, 0x000002469e3f0000]
CodeHeap 'profiled nmethods': size=119104Kb used=14302Kb max_used=14602Kb free=104801Kb
 bounds [0x000002468f3f0000, 0x0000024690240000, 0x0000024696840000]
CodeHeap 'non-nmethods': size=7488Kb used=1951Kb max_used=3218Kb free=5536Kb
 bounds [0x0000024696840000, 0x0000024696b70000, 0x0000024696f90000]
 total_blobs=7714 nmethods=7026 adapters=593
 compilation: enabled
              stopped_count=0, restarted_count=0
 full_count=0

Compilation events (20 events):
Event: 7.717 Thread 0x00000246a05ee670 nmethod 7831 0x000002468fcef910 code [0x000002468fcefae0, 0x000002468fcefe40]
Event: 7.717 Thread 0x00000246a05ee670 7834       3       java.security.Provider::checkAndUpdateSecureRandom (88 bytes)
Event: 7.718 Thread 0x00000246a05ee670 nmethod 7834 0x000002468fcef210 code [0x000002468fcef3e0, 0x000002468fcef780]
Event: 7.718 Thread 0x00000246e2c5c5f0 nmethod 7832 0x000002468f9f7190 code [0x000002468f9f7440, 0x000002468f9f80c0]
Event: 7.723 Thread 0x00000246a05ec7a0 7835       4       java.util.HashMap::hash (20 bytes)
Event: 7.723 Thread 0x00000246a05ee670 7836       3       java.util.HashMap::computeIfAbsent (330 bytes)
Event: 7.723 Thread 0x00000246e2c5c5f0 7837       3       sun.security.util.SecurityProviderConstants::getAliases (63 bytes)
Event: 7.724 Thread 0x00000246e2c5c5f0 nmethod 7837 0x000002468fe39290 code [0x000002468fe39500, 0x000002468fe39da0]
Event: 7.724 Thread 0x00000246a05ee670 nmethod 7836 0x000002468fe37410 code [0x000002468fe37740, 0x000002468fe38cb8]
Event: 7.724 Thread 0x00000246e2c5c5f0 7838       3       java.util.HashMap::afterNodeAccess (1 bytes)
Event: 7.724 Thread 0x00000246a05ec7a0 nmethod 7835 0x000002469745d090 code [0x000002469745d220, 0x000002469745d320]
Event: 7.724 Thread 0x00000246e2c5c5f0 nmethod 7838 0x000002468f982d90 code [0x000002468f982f20, 0x000002468f983028]
Event: 7.727 Thread 0x00000246a05ee670 7839       1       java.nio.DirectByteBuffer::attachment (5 bytes)
Event: 7.727 Thread 0x00000246a05ee670 nmethod 7839 0x000002469745d410 code [0x000002469745d5a0, 0x000002469745d668]
Event: 7.733 Thread 0x00000246e2c5c5f0 7840       3       java.security.MessageDigest::update (11 bytes)
Event: 7.733 Thread 0x00000246a05ee670 7841       3       java.security.MessageDigest$Delegate::engineUpdate (9 bytes)
Event: 7.734 Thread 0x00000246a05ee670 nmethod 7841 0x000002468fceed90 code [0x000002468fceef40, 0x000002468fcef118]
Event: 7.734 Thread 0x00000246e2c5c5f0 nmethod 7840 0x000002468fcee710 code [0x000002468fcee8c0, 0x000002468fceeb80]
Event: 7.734 Thread 0x00000246a05ee670 7842       3       sun.security.provider.DigestBase::engineUpdate (32 bytes)
Event: 7.734 Thread 0x00000246a05ee670 nmethod 7842 0x000002468f9f6c90 code [0x000002468f9f6e40, 0x000002468f9f70a8]

GC Heap History (20 events):
Event: 5.714 GC heap before
{Heap before GC invocations=43 (full 3):
 PSYoungGen      total 16384K, used 14829K [0x00000000eab00000, 0x00000000ebe80000, 0x0000000100000000)
  eden space 14336K, 100% used [0x00000000eab00000,0x00000000eb900000,0x00000000eb900000)
  from space 2048K, 24% used [0x00000000ebb00000,0x00000000ebb7b420,0x00000000ebd00000)
  to   space 1024K, 0% used [0x00000000ebd80000,0x00000000ebd80000,0x00000000ebe80000)
 ParOldGen       total 68608K, used 39019K [0x00000000c0000000, 0x00000000c4300000, 0x00000000eab00000)
  object space 68608K, 56% used [0x00000000c0000000,0x00000000c261ad60,0x00000000c4300000)
 Metaspace       used 58841K, committed 60096K, reserved 1114112K
  class space    used 7200K, committed 7744K, reserved 1048576K
}
Event: 5.715 GC heap after
{Heap after GC invocations=43 (full 3):
 PSYoungGen      total 15360K, used 1012K [0x00000000eab00000, 0x00000000ebe80000, 0x0000000100000000)
  eden space 14336K, 0% used [0x00000000eab00000,0x00000000eab00000,0x00000000eb900000)
  from space 1024K, 98% used [0x00000000ebd80000,0x00000000ebe7d1b0,0x00000000ebe80000)
  to   space 1536K, 0% used [0x00000000ebb80000,0x00000000ebb80000,0x00000000ebd00000)
 ParOldGen       total 68608K, used 39174K [0x00000000c0000000, 0x00000000c4300000, 0x00000000eab00000)
  object space 68608K, 57% used [0x00000000c0000000,0x00000000c2641a60,0x00000000c4300000)
 Metaspace       used 58841K, committed 60096K, reserved 1114112K
  class space    used 7200K, committed 7744K, reserved 1048576K
}
Event: 5.781 GC heap before
{Heap before GC invocations=44 (full 3):
 PSYoungGen      total 15360K, used 15348K [0x00000000eab00000, 0x00000000ebe80000, 0x0000000100000000)
  eden space 14336K, 100% used [0x00000000eab00000,0x00000000eb900000,0x00000000eb900000)
  from space 1024K, 98% used [0x00000000ebd80000,0x00000000ebe7d1b0,0x00000000ebe80000)
  to   space 1536K, 0% used [0x00000000ebb80000,0x00000000ebb80000,0x00000000ebd00000)
 ParOldGen       total 68608K, used 39174K [0x00000000c0000000, 0x00000000c4300000, 0x00000000eab00000)
  object space 68608K, 57% used [0x00000000c0000000,0x00000000c2641a60,0x00000000c4300000)
 Metaspace       used 58841K, committed 60096K, reserved 1114112K
  class space    used 7200K, committed 7744K, reserved 1048576K
}
Event: 5.782 GC heap after
{Heap after GC invocations=44 (full 3):
 PSYoungGen      total 15872K, used 925K [0x00000000eab00000, 0x00000000ebe00000, 0x0000000100000000)
  eden space 14336K, 0% used [0x00000000eab00000,0x00000000eab00000,0x00000000eb900000)
  from space 1536K, 60% used [0x00000000ebb80000,0x00000000ebc67410,0x00000000ebd00000)
  to   space 1024K, 0% used [0x00000000ebd00000,0x00000000ebd00000,0x00000000ebe00000)
 ParOldGen       total 68608K, used 39246K [0x00000000c0000000, 0x00000000c4300000, 0x00000000eab00000)
  object space 68608K, 57% used [0x00000000c0000000,0x00000000c2653a60,0x00000000c4300000)
 Metaspace       used 58841K, committed 60096K, reserved 1114112K
  class space    used 7200K, committed 7744K, reserved 1048576K
}
Event: 5.838 GC heap before
{Heap before GC invocations=45 (full 3):
 PSYoungGen      total 15872K, used 15261K [0x00000000eab00000, 0x00000000ebe00000, 0x0000000100000000)
  eden space 14336K, 100% used [0x00000000eab00000,0x00000000eb900000,0x00000000eb900000)
  from space 1536K, 60% used [0x00000000ebb80000,0x00000000ebc67410,0x00000000ebd00000)
  to   space 1024K, 0% used [0x00000000ebd00000,0x00000000ebd00000,0x00000000ebe00000)
 ParOldGen       total 68608K, used 39246K [0x00000000c0000000, 0x00000000c4300000, 0x00000000eab00000)
  object space 68608K, 57% used [0x00000000c0000000,0x00000000c2653a60,0x00000000c4300000)
 Metaspace       used 58841K, committed 60096K, reserved 1114112K
  class space    used 7200K, committed 7744K, reserved 1048576K
}
Event: 5.838 GC heap after
{Heap after GC invocations=45 (full 3):
 PSYoungGen      total 14848K, used 384K [0x00000000eab00000, 0x00000000ebd80000, 0x0000000100000000)
  eden space 14336K, 0% used [0x00000000eab00000,0x00000000eab00000,0x00000000eb900000)
  from space 512K, 75% used [0x00000000ebd00000,0x00000000ebd60000,0x00000000ebd80000)
  to   space 1024K, 0% used [0x00000000ebb80000,0x00000000ebb80000,0x00000000ebc80000)
 ParOldGen       total 68608K, used 39437K [0x00000000c0000000, 0x00000000c4300000, 0x00000000eab00000)
  object space 68608K, 57% used [0x00000000c0000000,0x00000000c2683490,0x00000000c4300000)
 Metaspace       used 58841K, committed 60096K, reserved 1114112K
  class space    used 7200K, committed 7744K, reserved 1048576K
}
Event: 5.885 GC heap before
{Heap before GC invocations=46 (full 3):
 PSYoungGen      total 14848K, used 14720K [0x00000000eab00000, 0x00000000ebd80000, 0x0000000100000000)
  eden space 14336K, 100% used [0x00000000eab00000,0x00000000eb900000,0x00000000eb900000)
  from space 512K, 75% used [0x00000000ebd00000,0x00000000ebd60000,0x00000000ebd80000)
  to   space 1024K, 0% used [0x00000000ebb80000,0x00000000ebb80000,0x00000000ebc80000)
 ParOldGen       total 68608K, used 39437K [0x00000000c0000000, 0x00000000c4300000, 0x00000000eab00000)
  object space 68608K, 57% used [0x00000000c0000000,0x00000000c2683490,0x00000000c4300000)
 Metaspace       used 58841K, committed 60096K, reserved 1114112K
  class space    used 7200K, committed 7744K, reserved 1048576K
}
Event: 5.886 GC heap after
{Heap after GC invocations=46 (full 3):
 PSYoungGen      total 15360K, used 1019K [0x00000000eab00000, 0x00000000ebd80000, 0x0000000100000000)
  eden space 14336K, 0% used [0x00000000eab00000,0x00000000eab00000,0x00000000eb900000)
  from space 1024K, 99% used [0x00000000ebb80000,0x00000000ebc7ec30,0x00000000ebc80000)
  to   space 1024K, 0% used [0x00000000ebc80000,0x00000000ebc80000,0x00000000ebd80000)
 ParOldGen       total 68608K, used 39648K [0x00000000c0000000, 0x00000000c4300000, 0x00000000eab00000)
  object space 68608K, 57% used [0x00000000c0000000,0x00000000c26b8360,0x00000000c4300000)
 Metaspace       used 58841K, committed 60096K, reserved 1114112K
  class space    used 7200K, committed 7744K, reserved 1048576K
}
Event: 5.932 GC heap before
{Heap before GC invocations=47 (full 3):
 PSYoungGen      total 15360K, used 15355K [0x00000000eab00000, 0x00000000ebd80000, 0x0000000100000000)
  eden space 14336K, 100% used [0x00000000eab00000,0x00000000eb900000,0x00000000eb900000)
  from space 1024K, 99% used [0x00000000ebb80000,0x00000000ebc7ec30,0x00000000ebc80000)
  to   space 1024K, 0% used [0x00000000ebc80000,0x00000000ebc80000,0x00000000ebd80000)
 ParOldGen       total 68608K, used 39648K [0x00000000c0000000, 0x00000000c4300000, 0x00000000eab00000)
  object space 68608K, 57% used [0x00000000c0000000,0x00000000c26b8360,0x00000000c4300000)
 Metaspace       used 58841K, committed 60096K, reserved 1114112K
  class space    used 7200K, committed 7744K, reserved 1048576K
}
Event: 5.932 GC heap after
{Heap after GC invocations=47 (full 3):
 PSYoungGen      total 14848K, used 416K [0x00000000eab00000, 0x00000000ebd00000, 0x0000000100000000)
  eden space 14336K, 0% used [0x00000000eab00000,0x00000000eab00000,0x00000000eb900000)
  from space 512K, 81% used [0x00000000ebc80000,0x00000000ebce8000,0x00000000ebd00000)
  to   space 1024K, 0% used [0x00000000ebb00000,0x00000000ebb00000,0x00000000ebc00000)
 ParOldGen       total 68608K, used 39720K [0x00000000c0000000, 0x00000000c4300000, 0x00000000eab00000)
  object space 68608K, 57% used [0x00000000c0000000,0x00000000c26ca360,0x00000000c4300000)
 Metaspace       used 58841K, committed 60096K, reserved 1114112K
  class space    used 7200K, committed 7744K, reserved 1048576K
}
Event: 5.972 GC heap before
{Heap before GC invocations=48 (full 3):
 PSYoungGen      total 14848K, used 14752K [0x00000000eab00000, 0x00000000ebd00000, 0x0000000100000000)
  eden space 14336K, 100% used [0x00000000eab00000,0x00000000eb900000,0x00000000eb900000)
  from space 512K, 81% used [0x00000000ebc80000,0x00000000ebce8000,0x00000000ebd00000)
  to   space 1024K, 0% used [0x00000000ebb00000,0x00000000ebb00000,0x00000000ebc00000)
 ParOldGen       total 68608K, used 39720K [0x00000000c0000000, 0x00000000c4300000, 0x00000000eab00000)
  object space 68608K, 57% used [0x00000000c0000000,0x00000000c26ca360,0x00000000c4300000)
 Metaspace       used 58841K, committed 60096K, reserved 1114112K
  class space    used 7200K, committed 7744K, reserved 1048576K
}
Event: 5.972 GC heap after
{Heap after GC invocations=48 (full 3):
 PSYoungGen      total 15360K, used 673K [0x00000000eab00000, 0x00000000ebd00000, 0x0000000100000000)
  eden space 14336K, 0% used [0x00000000eab00000,0x00000000eab00000,0x00000000eb900000)
  from space 1024K, 65% used [0x00000000ebb00000,0x00000000ebba8720,0x00000000ebc00000)
  to   space 1024K, 0% used [0x00000000ebc00000,0x00000000ebc00000,0x00000000ebd00000)
 ParOldGen       total 68608K, used 40099K [0x00000000c0000000, 0x00000000c4300000, 0x00000000eab00000)
  object space 68608K, 58% used [0x00000000c0000000,0x00000000c2728c50,0x00000000c4300000)
 Metaspace       used 58841K, committed 60096K, reserved 1114112K
  class space    used 7200K, committed 7744K, reserved 1048576K
}
Event: 6.019 GC heap before
{Heap before GC invocations=49 (full 3):
 PSYoungGen      total 15360K, used 15009K [0x00000000eab00000, 0x00000000ebd00000, 0x0000000100000000)
  eden space 14336K, 100% used [0x00000000eab00000,0x00000000eb900000,0x00000000eb900000)
  from space 1024K, 65% used [0x00000000ebb00000,0x00000000ebba8720,0x00000000ebc00000)
  to   space 1024K, 0% used [0x00000000ebc00000,0x00000000ebc00000,0x00000000ebd00000)
 ParOldGen       total 68608K, used 40099K [0x00000000c0000000, 0x00000000c4300000, 0x00000000eab00000)
  object space 68608K, 58% used [0x00000000c0000000,0x00000000c2728c50,0x00000000c4300000)
 Metaspace       used 58841K, committed 60096K, reserved 1114112K
  class space    used 7200K, committed 7744K, reserved 1048576K
}
Event: 6.019 GC heap after
{Heap after GC invocations=49 (full 3):
 PSYoungGen      total 15360K, used 1013K [0x00000000eab00000, 0x00000000ebd00000, 0x0000000100000000)
  eden space 14336K, 0% used [0x00000000eab00000,0x00000000eab00000,0x00000000eb900000)
  from space 1024K, 99% used [0x00000000ebc00000,0x00000000ebcfd758,0x00000000ebd00000)
  to   space 1536K, 0% used [0x00000000eba00000,0x00000000eba00000,0x00000000ebb80000)
 ParOldGen       total 68608K, used 40237K [0x00000000c0000000, 0x00000000c4300000, 0x00000000eab00000)
  object space 68608K, 58% used [0x00000000c0000000,0x00000000c274b650,0x00000000c4300000)
 Metaspace       used 58841K, committed 60096K, reserved 1114112K
  class space    used 7200K, committed 7744K, reserved 1048576K
}
Event: 6.077 GC heap before
{Heap before GC invocations=50 (full 3):
 PSYoungGen      total 15360K, used 15349K [0x00000000eab00000, 0x00000000ebd00000, 0x0000000100000000)
  eden space 14336K, 100% used [0x00000000eab00000,0x00000000eb900000,0x00000000eb900000)
  from space 1024K, 99% used [0x00000000ebc00000,0x00000000ebcfd758,0x00000000ebd00000)
  to   space 1536K, 0% used [0x00000000eba00000,0x00000000eba00000,0x00000000ebb80000)
 ParOldGen       total 68608K, used 40237K [0x00000000c0000000, 0x00000000c4300000, 0x00000000eab00000)
  object space 68608K, 58% used [0x00000000c0000000,0x00000000c274b650,0x00000000c4300000)
 Metaspace       used 59026K, committed 60288K, reserved 1114112K
  class space    used 7233K, committed 7808K, reserved 1048576K
}
Event: 6.078 GC heap after
{Heap after GC invocations=50 (full 3):
 PSYoungGen      total 15872K, used 384K [0x00000000eab00000, 0x00000000ebc80000, 0x0000000100000000)
  eden space 14336K, 0% used [0x00000000eab00000,0x00000000eab00000,0x00000000eb900000)
  from space 1536K, 25% used [0x00000000eba00000,0x00000000eba60000,0x00000000ebb80000)
  to   space 1024K, 0% used [0x00000000ebb80000,0x00000000ebb80000,0x00000000ebc80000)
 ParOldGen       total 68608K, used 40325K [0x00000000c0000000, 0x00000000c4300000, 0x00000000eab00000)
  object space 68608K, 58% used [0x00000000c0000000,0x00000000c2761650,0x00000000c4300000)
 Metaspace       used 59026K, committed 60288K, reserved 1114112K
  class space    used 7233K, committed 7808K, reserved 1048576K
}
Event: 6.182 GC heap before
{Heap before GC invocations=51 (full 3):
 PSYoungGen      total 15872K, used 14720K [0x00000000eab00000, 0x00000000ebc80000, 0x0000000100000000)
  eden space 14336K, 100% used [0x00000000eab00000,0x00000000eb900000,0x00000000eb900000)
  from space 1536K, 25% used [0x00000000eba00000,0x00000000eba60000,0x00000000ebb80000)
  to   space 1024K, 0% used [0x00000000ebb80000,0x00000000ebb80000,0x00000000ebc80000)
 ParOldGen       total 68608K, used 40325K [0x00000000c0000000, 0x00000000c4300000, 0x00000000eab00000)
  object space 68608K, 58% used [0x00000000c0000000,0x00000000c2761650,0x00000000c4300000)
 Metaspace       used 60648K, committed 62016K, reserved 1114112K
  class space    used 7484K, committed 8128K, reserved 1048576K
}
Event: 6.183 GC heap after
{Heap after GC invocations=51 (full 3):
 PSYoungGen      total 15360K, used 736K [0x00000000eab00000, 0x00000000ebc80000, 0x0000000100000000)
  eden space 14336K, 0% used [0x00000000eab00000,0x00000000eab00000,0x00000000eb900000)
  from space 1024K, 71% used [0x00000000ebb80000,0x00000000ebc38010,0x00000000ebc80000)
  to   space 1024K, 0% used [0x00000000eba80000,0x00000000eba80000,0x00000000ebb80000)
 ParOldGen       total 68608K, used 40437K [0x00000000c0000000, 0x00000000c4300000, 0x00000000eab00000)
  object space 68608K, 58% used [0x00000000c0000000,0x00000000c277d650,0x00000000c4300000)
 Metaspace       used 60648K, committed 62016K, reserved 1114112K
  class space    used 7484K, committed 8128K, reserved 1048576K
}
Event: 6.393 GC heap before
{Heap before GC invocations=52 (full 3):
 PSYoungGen      total 15360K, used 15072K [0x00000000eab00000, 0x00000000ebc80000, 0x0000000100000000)
  eden space 14336K, 100% used [0x00000000eab00000,0x00000000eb900000,0x00000000eb900000)
  from space 1024K, 71% used [0x00000000ebb80000,0x00000000ebc38010,0x00000000ebc80000)
  to   space 1024K, 0% used [0x00000000eba80000,0x00000000eba80000,0x00000000ebb80000)
 ParOldGen       total 68608K, used 40437K [0x00000000c0000000, 0x00000000c4300000, 0x00000000eab00000)
  object space 68608K, 58% used [0x00000000c0000000,0x00000000c277d650,0x00000000c4300000)
 Metaspace       used 61887K, committed 63232K, reserved 1114112K
  class space    used 7650K, committed 8256K, reserved 1048576K
}
Event: 6.394 GC heap after
{Heap after GC invocations=52 (full 3):
 PSYoungGen      total 14848K, used 480K [0x00000000eab00000, 0x00000000ebc00000, 0x0000000100000000)
  eden space 14336K, 0% used [0x00000000eab00000,0x00000000eab00000,0x00000000eb900000)
  from space 512K, 93% used [0x00000000eba80000,0x00000000ebaf8000,0x00000000ebb00000)
  to   space 1024K, 0% used [0x00000000ebb00000,0x00000000ebb00000,0x00000000ebc00000)
 ParOldGen       total 68608K, used 41794K [0x00000000c0000000, 0x00000000c4300000, 0x00000000eab00000)
  object space 68608K, 60% used [0x00000000c0000000,0x00000000c28d0880,0x00000000c4300000)
 Metaspace       used 61887K, committed 63232K, reserved 1114112K
  class space    used 7650K, committed 8256K, reserved 1048576K
}

Dll operation events (15 events):
Event: 0.006 Loaded shared library c:\Users\admin\.cursor\extensions\redhat.java-1.42.0-win32-x64\jre\21.0.7-win32-x86_64\bin\java.dll
Event: 0.067 Loaded shared library c:\Users\admin\.cursor\extensions\redhat.java-1.42.0-win32-x64\jre\21.0.7-win32-x86_64\bin\zip.dll
Event: 0.080 Loaded shared library C:\Users\admin\.cursor\extensions\redhat.java-1.42.0-win32-x64\jre\21.0.7-win32-x86_64\bin\instrument.dll
Event: 0.083 Loaded shared library C:\Users\admin\.cursor\extensions\redhat.java-1.42.0-win32-x64\jre\21.0.7-win32-x86_64\bin\net.dll
Event: 0.088 Loaded shared library C:\Users\admin\.cursor\extensions\redhat.java-1.42.0-win32-x64\jre\21.0.7-win32-x86_64\bin\nio.dll
Event: 0.090 Loaded shared library C:\Users\admin\.cursor\extensions\redhat.java-1.42.0-win32-x64\jre\21.0.7-win32-x86_64\bin\zip.dll
Event: 0.100 Loaded shared library C:\Users\admin\.cursor\extensions\redhat.java-1.42.0-win32-x64\jre\21.0.7-win32-x86_64\bin\jimage.dll
Event: 0.136 Loaded shared library c:\Users\admin\.cursor\extensions\redhat.java-1.42.0-win32-x64\jre\21.0.7-win32-x86_64\bin\verify.dll
Event: 0.701 Loaded shared library C:\Users\admin\AppData\Roaming\Cursor\User\globalStorage\redhat.java\1.42.0\config_win\org.eclipse.equinox.launcher\org.eclipse.equinox.launcher.win32.win32.x86_64_1.2.1300.v20250331-1702\eclipse_11911.dll
Event: 2.082 Loaded shared library C:\Users\admin\.cursor\extensions\redhat.java-1.42.0-win32-x64\jre\21.0.7-win32-x86_64\bin\management.dll
Event: 2.085 Loaded shared library C:\Users\admin\.cursor\extensions\redhat.java-1.42.0-win32-x64\jre\21.0.7-win32-x86_64\bin\management_ext.dll
Event: 2.234 Loaded shared library C:\Users\admin\AppData\Local\Temp\jna-92668751\jna15297472502311241718.dll
Event: 4.182 Loaded shared library C:\Users\admin\.gradle\native\1def1411415f61bf3af743bc5b6707747c0891f09f0c88961ee8f79bc544acac\windows-amd64\native-platform.dll
Event: 6.099 Loaded shared library C:\Users\admin\.cursor\extensions\redhat.java-1.42.0-win32-x64\jre\21.0.7-win32-x86_64\bin\extnet.dll
Event: 7.726 Loaded shared library C:\Users\admin\.cursor\extensions\redhat.java-1.42.0-win32-x64\jre\21.0.7-win32-x86_64\bin\sunmscapi.dll

Deoptimization events (20 events):
Event: 7.723 Thread 0x00000246eb51ff60 Uncommon trap: trap_request=0xffffff45 fr.pc=0x0000024697043af8 relative=0x00000000000008b8
Event: 7.723 Thread 0x00000246eb51ff60 Uncommon trap: reason=unstable_if action=reinterpret pc=0x0000024697043af8 method=java.util.HashMap.computeIfAbsent(Ljava/lang/Object;Ljava/util/function/Function;)Ljava/lang/Object; @ 294 c2
Event: 7.723 Thread 0x00000246eb51ff60 DEOPT PACKING pc=0x0000024697043af8 sp=0x000000b66807c3f0
Event: 7.723 Thread 0x00000246eb51ff60 DEOPT UNPACKING pc=0x0000024696893aa2 sp=0x000000b66807c398 mode 2
Event: 7.735 Thread 0x00000246eb51ff60 Uncommon trap: trap_request=0xffffff45 fr.pc=0x000002469730c7c4 relative=0x0000000000000b84
Event: 7.735 Thread 0x00000246eb51ff60 Uncommon trap: reason=unstable_if action=reinterpret pc=0x000002469730c7c4 method=sun.nio.fs.WindowsPath.openForReadAttributeAccess(Z)J @ 5 c2
Event: 7.735 Thread 0x00000246eb51ff60 DEOPT PACKING pc=0x000002469730c7c4 sp=0x000000b66807df70
Event: 7.735 Thread 0x00000246eb51ff60 DEOPT UNPACKING pc=0x0000024696893aa2 sp=0x000000b66807df48 mode 2
Event: 7.735 Thread 0x00000246eb51ff60 Uncommon trap: trap_request=0xffffff45 fr.pc=0x0000024697311208 relative=0x0000000000000a68
Event: 7.735 Thread 0x00000246eb51ff60 Uncommon trap: reason=unstable_if action=reinterpret pc=0x0000024697311208 method=sun.nio.fs.WindowsNativeDispatcher.asNativeBuffer(Ljava/lang/String;)Lsun/nio/fs/NativeBuffer; @ 52 c2
Event: 7.735 Thread 0x00000246eb51ff60 DEOPT PACKING pc=0x0000024697311208 sp=0x000000b66807def0
Event: 7.735 Thread 0x00000246eb51ff60 DEOPT UNPACKING pc=0x0000024696893aa2 sp=0x000000b66807dd98 mode 2
Event: 7.735 Thread 0x00000246eb51ff60 Uncommon trap: trap_request=0xffffff45 fr.pc=0x000002469730a7b0 relative=0x0000000000000650
Event: 7.735 Thread 0x00000246eb51ff60 Uncommon trap: reason=unstable_if action=reinterpret pc=0x000002469730a7b0 method=sun.nio.fs.WindowsFileAttributes.isReparsePoint(I)Z @ 5 c2
Event: 7.735 Thread 0x00000246eb51ff60 DEOPT PACKING pc=0x000002469730a7b0 sp=0x000000b66807df90
Event: 7.735 Thread 0x00000246eb51ff60 DEOPT UNPACKING pc=0x0000024696893aa2 sp=0x000000b66807deb8 mode 2
Event: 7.735 Thread 0x00000246eb51ff60 Uncommon trap: trap_request=0xffffff45 fr.pc=0x00000246972cde84 relative=0x00000000000001c4
Event: 7.735 Thread 0x00000246eb51ff60 Uncommon trap: reason=unstable_if action=reinterpret pc=0x00000246972cde84 method=sun.nio.fs.NativeBuffers.getNativeBufferFromCache(I)Lsun/nio/fs/NativeBuffer; @ 34 c2
Event: 7.735 Thread 0x00000246eb51ff60 DEOPT PACKING pc=0x00000246972cde84 sp=0x000000b66807dea0
Event: 7.735 Thread 0x00000246eb51ff60 DEOPT UNPACKING pc=0x0000024696893aa2 sp=0x000000b66807de28 mode 2

Classes loaded (20 events):
Event: 7.730 Loading class sun/security/provider/certpath/ldap/JdkLDAP$ProviderService
Event: 7.730 Loading class sun/security/provider/certpath/ldap/JdkLDAP$ProviderService done
Event: 7.730 Loading class com/sun/security/sasl/Provider
Event: 7.731 Loading class com/sun/security/sasl/Provider done
Event: 7.731 Loading class com/sun/security/sasl/Provider$1
Event: 7.731 Loading class com/sun/security/sasl/Provider$1 done
Event: 7.731 Loading class com/sun/security/sasl/Provider$ProviderService
Event: 7.731 Loading class com/sun/security/sasl/Provider$ProviderService done
Event: 7.732 Loading class sun/nio/ch/ServerSocketChannelImpl
Event: 7.732 Loading class sun/nio/ch/ServerSocketChannelImpl done
Event: 7.734 Loading class java/nio/BufferMismatch
Event: 7.734 Loading class java/nio/BufferMismatch done
Event: 7.734 Loading class sun/nio/ch/SourceChannelImpl
Event: 7.734 Loading class java/nio/channels/Pipe$SourceChannel
Event: 7.734 Loading class java/nio/channels/Pipe$SourceChannel done
Event: 7.734 Loading class sun/nio/ch/SourceChannelImpl done
Event: 7.734 Loading class sun/nio/ch/SinkChannelImpl
Event: 7.734 Loading class java/nio/channels/Pipe$SinkChannel
Event: 7.734 Loading class java/nio/channels/Pipe$SinkChannel done
Event: 7.734 Loading class sun/nio/ch/SinkChannelImpl done

Classes unloaded (7 events):
Event: 1.759 Thread 0x00000246a05d4070 Unloading class 0x00000246a21a3c00 'java/lang/invoke/LambdaForm$MH+0x00000246a21a3c00'
Event: 1.759 Thread 0x00000246a05d4070 Unloading class 0x00000246a21a3800 'java/lang/invoke/LambdaForm$MH+0x00000246a21a3800'
Event: 1.759 Thread 0x00000246a05d4070 Unloading class 0x00000246a21a3400 'java/lang/invoke/LambdaForm$MH+0x00000246a21a3400'
Event: 1.759 Thread 0x00000246a05d4070 Unloading class 0x00000246a21a3000 'java/lang/invoke/LambdaForm$MH+0x00000246a21a3000'
Event: 1.759 Thread 0x00000246a05d4070 Unloading class 0x00000246a21a2c00 'java/lang/invoke/LambdaForm$BMH+0x00000246a21a2c00'
Event: 1.759 Thread 0x00000246a05d4070 Unloading class 0x00000246a21a2800 'java/lang/invoke/LambdaForm$DMH+0x00000246a21a2800'
Event: 1.759 Thread 0x00000246a05d4070 Unloading class 0x00000246a21a1400 'java/lang/invoke/LambdaForm$DMH+0x00000246a21a1400'

Classes redefined (0 events):
No events

Internal exceptions (20 events):
Event: 6.144 Thread 0x00000246eb51ff60 Exception <a 'java/lang/NoSuchMethodError'{0x00000000eb2eeb90}: 'java.lang.Object java.lang.invoke.DirectMethodHandle$Holder.invokeStatic(java.lang.Object, java.lang.Object, java.lang.Object, java.lang.Object, java.lang.Object, java.lang.Object, java.lang.Object, java.lang.Object, java.lang.Object, java.lang.Object, java.lang.Object, java.lang.Object, java.lang.Object, java.lang.Object, java.lang.Object, java.lang.Object, java.lang.Object)'> (0x00000000eb2eeb90) 
thrown [s\src\hotspot\share\interpreter\lin
Event: 6.146 Thread 0x00000246eb51ff60 Exception <a 'java/lang/NoSuchMethodError'{0x00000000eb31b630}: 'java.lang.Object java.lang.invoke.DirectMethodHandle$Holder.invokeStatic(java.lang.Object, java.lang.Object, java.lang.Object, java.lang.Object, java.lang.Object, java.lang.Object, java.lang.Object, java.lang.Object, java.lang.Object, java.lang.Object, java.lang.Object, java.lang.Object, java.lang.Object, java.lang.Object, java.lang.Object, java.lang.Object, java.lang.Object, java.lang.Object)'> (0x00000000eb31b630) 
thrown [s\src\hotspot\sha
Event: 6.146 Thread 0x00000246eb51ff60 Exception <a 'java/lang/NoSuchMethodError'{0x00000000eb34b930}: 'java.lang.Object java.lang.invoke.DirectMethodHandle$Holder.invokeStatic(java.lang.Object, java.lang.Object, java.lang.Object, java.lang.Object, java.lang.Object, java.lang.Object, java.lang.Object, java.lang.Object, java.lang.Object, java.lang.Object, java.lang.Object, java.lang.Object, java.lang.Object, java.lang.Object, java.lang.Object, java.lang.Object, java.lang.Object, java.lang.Object, java.lang.Object)'> (0x00000000eb34b930) 
thrown 
Event: 6.147 Thread 0x00000246eb51ff60 Exception <a 'java/lang/NoSuchMethodError'{0x00000000eb37a888}: 'java.lang.Object java.lang.invoke.DirectMethodHandle$Holder.invokeStatic(java.lang.Object, java.lang.Object, java.lang.Object, java.lang.Object, java.lang.Object, java.lang.Object, java.lang.Object, java.lang.Object, java.lang.Object, java.lang.Object, java.lang.Object, java.lang.Object, java.lang.Object, java.lang.Object, java.lang.Object, java.lang.Object, java.lang.Object, java.lang.Object, java.lang.Object, java.lang.Object)'> (0x00000000
Event: 6.148 Thread 0x00000246eb51ff60 Exception <a 'java/lang/NoSuchMethodError'{0x00000000eb3aace8}: 'java.lang.Object java.lang.invoke.DirectMethodHandle$Holder.invokeStatic(java.lang.Object, java.lang.Object, java.lang.Object, java.lang.Object, java.lang.Object, java.lang.Object, java.lang.Object, java.lang.Object, java.lang.Object, java.lang.Object, java.lang.Object, java.lang.Object, java.lang.Object, java.lang.Object, java.lang.Object, java.lang.Object, java.lang.Object, java.lang.Object, java.lang.Object, java.lang.Object, java.lang.Obj
Event: 6.149 Thread 0x00000246eb51ff60 Exception <a 'java/lang/NoSuchMethodError'{0x00000000eb3dbaf0}: 'java.lang.Object java.lang.invoke.DirectMethodHandle$Holder.invokeStatic(java.lang.Object, java.lang.Object, java.lang.Object, java.lang.Object, java.lang.Object, java.lang.Object, java.lang.Object, java.lang.Object, java.lang.Object, java.lang.Object, java.lang.Object, java.lang.Object, java.lang.Object, java.lang.Object, java.lang.Object, java.lang.Object, java.lang.Object, java.lang.Object, java.lang.Object, java.lang.Object, java.lang.Obj
Event: 6.150 Thread 0x00000246eb51ff60 Exception <a 'java/lang/NoSuchMethodError'{0x00000000eb40d820}: 'java.lang.Object java.lang.invoke.DirectMethodHandle$Holder.invokeStatic(java.lang.Object, java.lang.Object, java.lang.Object, java.lang.Object, java.lang.Object, java.lang.Object, java.lang.Object, java.lang.Object, java.lang.Object, java.lang.Object, java.lang.Object, java.lang.Object, java.lang.Object, java.lang.Object, java.lang.Object, java.lang.Object, java.lang.Object, java.lang.Object, java.lang.Object, java.lang.Object, java.lang.Obj
Event: 6.150 Thread 0x00000246eb51ff60 Exception <a 'java/lang/NoSuchMethodError'{0x00000000eb43ff80}: 'java.lang.Object java.lang.invoke.DirectMethodHandle$Holder.invokeStatic(java.lang.Object, java.lang.Object, java.lang.Object, java.lang.Object, java.lang.Object, java.lang.Object, java.lang.Object, java.lang.Object, java.lang.Object, java.lang.Object, java.lang.Object, java.lang.Object, java.lang.Object, java.lang.Object, java.lang.Object, java.lang.Object, java.lang.Object, java.lang.Object, java.lang.Object, java.lang.Object, java.lang.Obj
Event: 6.151 Thread 0x00000246eb51ff60 Exception <a 'java/lang/NoSuchMethodError'{0x00000000eb4746b0}: 'java.lang.Object java.lang.invoke.DirectMethodHandle$Holder.invokeStatic(java.lang.Object, java.lang.Object, java.lang.Object, java.lang.Object, java.lang.Object, java.lang.Object, java.lang.Object, java.lang.Object, java.lang.Object, java.lang.Object, java.lang.Object, java.lang.Object, java.lang.Object, java.lang.Object, java.lang.Object, java.lang.Object, java.lang.Object, java.lang.Object, java.lang.Object, java.lang.Object, java.lang.Obj
Event: 6.153 Thread 0x00000246eb51ff60 Exception <a 'java/lang/NoSuchMethodError'{0x00000000eb49a250}: 'java.lang.Object java.lang.invoke.DirectMethodHandle$Holder.invokeSpecial(java.lang.Object, java.lang.Object, java.lang.Object, java.lang.Object, java.lang.Object, java.lang.Object, java.lang.Object, java.lang.Object, java.lang.Object, java.lang.Object, java.lang.Object, java.lang.Object, java.lang.Object, java.lang.Object, java.lang.Object, java.lang.Object, java.lang.Object, java.lang.Object, java.lang.Object, java.lang.Object, java.lang.Ob
Event: 6.154 Thread 0x00000246eb51ff60 Exception <a 'java/lang/NoSuchMethodError'{0x00000000eb4afa38}: 'java.lang.Object java.lang.invoke.DirectMethodHandle$Holder.newInvokeSpecial(java.lang.Object, java.lang.Object, java.lang.Object, java.lang.Object, java.lang.Object, java.lang.Object, java.lang.Object, java.lang.Object, java.lang.Object, java.lang.Object, java.lang.Object, java.lang.Object, java.lang.Object, java.lang.Object, java.lang.Object, java.lang.Object, java.lang.Object, java.lang.Object, java.lang.Object, java.lang.Object, java.lang
Event: 6.154 Thread 0x00000246eb51ff60 Exception <a 'java/lang/NoSuchMethodError'{0x00000000eb4b5e98}: 'java.lang.Object java.lang.invoke.Invokers$Holder.linkToTargetMethod(java.lang.Object, java.lang.Object, java.lang.Object, java.lang.Object, java.lang.Object, java.lang.Object, java.lang.Object, java.lang.Object, java.lang.Object, java.lang.Object, java.lang.Object, java.lang.Object, java.lang.Object, java.lang.Object, java.lang.Object, java.lang.Object, java.lang.Object, java.lang.Object, java.lang.Object, java.lang.Object, java.lang.Object,
Event: 6.154 Thread 0x00000246eb51ff60 Exception <a 'java/lang/NoSuchMethodError'{0x00000000eb4bb060}: 'java.lang.Object java.lang.invoke.DirectMethodHandle$Holder.invokeVirtual(java.lang.Object, java.lang.Object, java.lang.Object, java.lang.Object, java.lang.Object, java.lang.Object, java.lang.Object, java.lang.Object, java.lang.Object, java.lang.Object)'> (0x00000000eb4bb060) 
thrown [s\src\hotspot\share\interpreter\linkResolver.cpp, line 773]
Event: 6.167 Thread 0x00000246eb51ff60 Exception <a 'java/lang/NoSuchMethodError'{0x00000000eb655f00}: 'java.lang.Object java.lang.invoke.DirectMethodHandle$Holder.invokeVirtual(java.lang.Object, java.lang.Object, java.lang.Object, java.lang.Object, java.lang.Object, java.lang.Object, java.lang.Object, java.lang.Object, java.lang.Object)'> (0x00000000eb655f00) 
thrown [s\src\hotspot\share\interpreter\linkResolver.cpp, line 773]
Event: 6.179 Thread 0x00000246eb51ff60 Exception <a 'java/lang/NoSuchMethodError'{0x00000000eb8933f0}: 'java.lang.Object java.lang.invoke.DirectMethodHandle$Holder.invokeVirtual(java.lang.Object, java.lang.Object, java.lang.Object, java.lang.Object, java.lang.Object, java.lang.Object, java.lang.Object, java.lang.Object)'> (0x00000000eb8933f0) 
thrown [s\src\hotspot\share\interpreter\linkResolver.cpp, line 773]
Event: 6.184 Thread 0x00000246eb51ff60 Exception <a 'java/lang/NoSuchMethodError'{0x00000000eab0a7e8}: 'long java.lang.invoke.DirectMethodHandle$Holder.invokeVirtual(java.lang.Object, java.lang.Object)'> (0x00000000eab0a7e8) 
thrown [s\src\hotspot\share\interpreter\linkResolver.cpp, line 773]
Event: 6.184 Thread 0x00000246eb51ff60 Exception <a 'java/lang/NoSuchMethodError'{0x00000000eab0dbe8}: 'long java.lang.invoke.DelegatingMethodHandle$Holder.reinvoke_L(java.lang.Object, java.lang.Object)'> (0x00000000eab0dbe8) 
thrown [s\src\hotspot\share\interpreter\linkResolver.cpp, line 773]
Event: 6.248 Thread 0x00000246eb522d50 Exception <a 'java/lang/NoSuchMethodError'{0x00000000eb183a28}: 'void java.lang.invoke.DirectMethodHandle$Holder.invokeStatic(java.lang.Object, long)'> (0x00000000eb183a28) 
thrown [s\src\hotspot\share\interpreter\linkResolver.cpp, line 773]
Event: 6.334 Thread 0x00000246eb522d50 Exception <a 'java/lang/NoSuchMethodError'{0x00000000eb1a7640}: 'void java.lang.invoke.DirectMethodHandle$Holder.invokeSpecial(java.lang.Object, java.lang.Object, int)'> (0x00000000eb1a7640) 
thrown [s\src\hotspot\share\interpreter\linkResolver.cpp, line 773]
Event: 6.335 Thread 0x00000246eb522d50 Exception <a 'java/lang/NoSuchMethodError'{0x00000000eb1aca68}: 'java.lang.Object java.lang.invoke.DirectMethodHandle$Holder.newInvokeSpecial(java.lang.Object, java.lang.Object, int)'> (0x00000000eb1aca68) 
thrown [s\src\hotspot\share\interpreter\linkResolver.cpp, line 773]

ZGC Phase Switch (0 events):
No events

VM Operations (20 events):
Event: 5.932 Executing VM operation: ParallelGCFailedAllocation (Allocation Failure)
Event: 5.932 Executing VM operation: ParallelGCFailedAllocation (Allocation Failure) done
Event: 5.972 Executing VM operation: ParallelGCFailedAllocation (Allocation Failure)
Event: 5.972 Executing VM operation: ParallelGCFailedAllocation (Allocation Failure) done
Event: 6.019 Executing VM operation: ParallelGCFailedAllocation (Allocation Failure)
Event: 6.020 Executing VM operation: ParallelGCFailedAllocation (Allocation Failure) done
Event: 6.077 Executing VM operation: ParallelGCFailedAllocation (Allocation Failure)
Event: 6.078 Executing VM operation: ParallelGCFailedAllocation (Allocation Failure) done
Event: 6.170 Executing VM operation: HandshakeAllThreads (Deoptimize)
Event: 6.170 Executing VM operation: HandshakeAllThreads (Deoptimize) done
Event: 6.182 Executing VM operation: ParallelGCFailedAllocation (Allocation Failure)
Event: 6.183 Executing VM operation: ParallelGCFailedAllocation (Allocation Failure) done
Event: 6.289 Executing VM operation: HandshakeAllThreads (Deoptimize)
Event: 6.289 Executing VM operation: HandshakeAllThreads (Deoptimize) done
Event: 6.393 Executing VM operation: ParallelGCFailedAllocation (Allocation Failure)
Event: 6.395 Executing VM operation: ParallelGCFailedAllocation (Allocation Failure) done
Event: 7.710 Executing VM operation: HandshakeAllThreads (Deoptimize)
Event: 7.710 Executing VM operation: HandshakeAllThreads (Deoptimize) done
Event: 7.710 Executing VM operation: Cleanup
Event: 7.710 Executing VM operation: Cleanup done

Memory protections (0 events):
No events

Nmethod flushes (20 events):
Event: 5.375 Thread 0x00000246a05d4070 flushing  nmethod 0x000002468fd70b90
Event: 5.375 Thread 0x00000246a05d4070 flushing  nmethod 0x000002468fd7b610
Event: 5.375 Thread 0x00000246a05d4070 flushing  nmethod 0x000002468fd90810
Event: 5.375 Thread 0x00000246a05d4070 flushing  nmethod 0x000002468fda6590
Event: 5.375 Thread 0x00000246a05d4070 flushing  nmethod 0x000002468fda7190
Event: 5.375 Thread 0x00000246a05d4070 flushing  nmethod 0x000002468fdc1590
Event: 5.375 Thread 0x00000246a05d4070 flushing  nmethod 0x000002468fdc1f90
Event: 5.375 Thread 0x00000246a05d4070 flushing  nmethod 0x000002468fdc2410
Event: 5.375 Thread 0x00000246a05d4070 flushing  nmethod 0x000002468fdc2810
Event: 5.375 Thread 0x00000246a05d4070 flushing  nmethod 0x000002468fdc4310
Event: 5.375 Thread 0x00000246a05d4070 flushing  nmethod 0x000002468fdc5c10
Event: 5.375 Thread 0x00000246a05d4070 flushing  nmethod 0x000002468fdc6610
Event: 5.375 Thread 0x00000246a05d4070 flushing  nmethod 0x000002468fdc7010
Event: 5.375 Thread 0x00000246a05d4070 flushing  nmethod 0x000002468fdc9790
Event: 5.375 Thread 0x00000246a05d4070 flushing  nmethod 0x000002468fdd4f10
Event: 5.375 Thread 0x00000246a05d4070 flushing  nmethod 0x000002468fde4310
Event: 5.375 Thread 0x00000246a05d4070 flushing  nmethod 0x000002468fdeff10
Event: 5.375 Thread 0x00000246a05d4070 flushing  nmethod 0x000002468fe36010
Event: 5.375 Thread 0x00000246a05d4070 flushing  nmethod 0x000002468fe36690
Event: 5.375 Thread 0x00000246a05d4070 flushing  nmethod 0x000002468fe37690

Events (20 events):
Event: 4.906 Thread 0x00000246ea4f0320 Thread added: 0x00000246eb21bcb0
Event: 4.907 Thread 0x00000246ea4f0320 Thread added: 0x00000246eb51ff60
Event: 5.427 Thread 0x00000246ec8f71d0 Thread exited: 0x00000246ec8f71d0
Event: 6.058 Thread 0x00000246eb3d1900 Thread exited: 0x00000246eb3d1900
Event: 6.058 Thread 0x00000246e2e3b730 Thread exited: 0x00000246e2e3b730
Event: 6.059 Thread 0x00000246eb3cff50 Thread exited: 0x00000246eb3cff50
Event: 6.190 Thread 0x00000246eb51ff60 Thread added: 0x00000246eb522030
Event: 6.240 Thread 0x00000246eb51ff60 Thread added: 0x00000246eb522d50
Event: 6.251 Thread 0x00000246eb522d50 Thread added: 0x00000246eb523a70
Event: 6.251 Thread 0x00000246eb522d50 Thread added: 0x00000246eb5226c0
Event: 6.388 Thread 0x00000246eb51ff60 Thread added: 0x00000246eb5233e0
Event: 6.392 Thread 0x00000246eb5233e0 Thread added: 0x00000246eb521310
Event: 6.392 Thread 0x00000246eb5233e0 Thread added: 0x00000246eb5205f0
Event: 6.392 Thread 0x00000246eb521310 Thread exited: 0x00000246eb521310
Event: 6.558 Thread 0x00000246ea3322e0 Thread exited: 0x00000246ea3322e0
Event: 6.651 Thread 0x00000246e9bf9d20 Thread exited: 0x00000246e9bf9d20
Event: 6.805 Thread 0x00000246e98412c0 Thread exited: 0x00000246e98412c0
Event: 7.693 Thread 0x00000246e2e36ea0 Thread exited: 0x00000246e2e36ea0
Event: 7.695 Thread 0x00000246eb5233e0 Thread exited: 0x00000246eb5233e0
Event: 7.695 Thread 0x00000246eb5205f0 Thread exited: 0x00000246eb5205f0


Dynamic libraries:
0x00007ff7af130000 - 0x00007ff7af13e000 	c:\Users\admin\.cursor\extensions\redhat.java-1.42.0-win32-x64\jre\21.0.7-win32-x86_64\bin\java.exe
0x00007ff8f0da0000 - 0x00007ff8f1006000 	C:\WINDOWS\SYSTEM32\ntdll.dll
0x00007ff8eeec0000 - 0x00007ff8eef89000 	C:\WINDOWS\System32\KERNEL32.DLL
0x00007ff8ee410000 - 0x00007ff8ee7dc000 	C:\WINDOWS\System32\KERNELBASE.dll
0x00007ff8edfd0000 - 0x00007ff8ee11b000 	C:\WINDOWS\System32\ucrtbase.dll
0x00007ff8c6120000 - 0x00007ff8c6138000 	c:\Users\admin\.cursor\extensions\redhat.java-1.42.0-win32-x64\jre\21.0.7-win32-x86_64\bin\jli.dll
0x00007ff8c60e0000 - 0x00007ff8c60fe000 	c:\Users\admin\.cursor\extensions\redhat.java-1.42.0-win32-x64\jre\21.0.7-win32-x86_64\bin\VCRUNTIME140.dll
0x00007ff8f0aa0000 - 0x00007ff8f0c6a000 	C:\WINDOWS\System32\USER32.dll
0x00007ff8ee120000 - 0x00007ff8ee147000 	C:\WINDOWS\System32\win32u.dll
0x00007ff8f0440000 - 0x00007ff8f046b000 	C:\WINDOWS\System32\GDI32.dll
0x00007ff8db710000 - 0x00007ff8db9aa000 	C:\WINDOWS\WinSxS\amd64_microsoft.windows.common-controls_6595b64144ccf1df_6.0.26100.3912_none_3e07963ce335137e\COMCTL32.dll
0x00007ff8ee2d0000 - 0x00007ff8ee402000 	C:\WINDOWS\System32\gdi32full.dll
0x00007ff8eeb60000 - 0x00007ff8eec09000 	C:\WINDOWS\System32\msvcrt.dll
0x00007ff8eea20000 - 0x00007ff8eeac3000 	C:\WINDOWS\System32\msvcp_win.dll
0x00007ff8f0c70000 - 0x00007ff8f0ca0000 	C:\WINDOWS\System32\IMM32.DLL
0x00007ff8d6650000 - 0x00007ff8d665c000 	c:\Users\admin\.cursor\extensions\redhat.java-1.42.0-win32-x64\jre\21.0.7-win32-x86_64\bin\vcruntime140_1.dll
0x00007ff8b0720000 - 0x00007ff8b07ad000 	c:\Users\admin\.cursor\extensions\redhat.java-1.42.0-win32-x64\jre\21.0.7-win32-x86_64\bin\msvcp140.dll
0x00007ff846440000 - 0x00007ff8471d0000 	c:\Users\admin\.cursor\extensions\redhat.java-1.42.0-win32-x64\jre\21.0.7-win32-x86_64\bin\server\jvm.dll
0x00007ff8f0140000 - 0x00007ff8f01f2000 	C:\WINDOWS\System32\ADVAPI32.dll
0x00007ff8f0cb0000 - 0x00007ff8f0d56000 	C:\WINDOWS\System32\sechost.dll
0x00007ff8efb60000 - 0x00007ff8efc76000 	C:\WINDOWS\System32\RPCRT4.dll
0x00007ff8ef340000 - 0x00007ff8ef3b4000 	C:\WINDOWS\System32\WS2_32.dll
0x00007ff8edda0000 - 0x00007ff8eddfe000 	C:\WINDOWS\SYSTEM32\POWRPROF.dll
0x00007ff8ea6e0000 - 0x00007ff8ea6eb000 	C:\WINDOWS\SYSTEM32\VERSION.dll
0x00007ff8e4950000 - 0x00007ff8e4986000 	C:\WINDOWS\SYSTEM32\WINMM.dll
0x00007ff8edd80000 - 0x00007ff8edd94000 	C:\WINDOWS\SYSTEM32\UMPDC.dll
0x00007ff8eccf0000 - 0x00007ff8ecd0a000 	C:\WINDOWS\SYSTEM32\kernel.appcore.dll
0x00007ff8d5d00000 - 0x00007ff8d5d0a000 	c:\Users\admin\.cursor\extensions\redhat.java-1.42.0-win32-x64\jre\21.0.7-win32-x86_64\bin\jimage.dll
0x00007ff89bae0000 - 0x00007ff89bd21000 	C:\WINDOWS\SYSTEM32\DBGHELP.DLL
0x00007ff8eef90000 - 0x00007ff8ef314000 	C:\WINDOWS\System32\combase.dll
0x00007ff8f0050000 - 0x00007ff8f0130000 	C:\WINDOWS\System32\OLEAUT32.dll
0x00007ff8d7240000 - 0x00007ff8d7279000 	C:\WINDOWS\SYSTEM32\dbgcore.DLL
0x00007ff8edf30000 - 0x00007ff8edfc9000 	C:\WINDOWS\System32\bcryptPrimitives.dll
0x00007ff8d5f80000 - 0x00007ff8d5f8f000 	c:\Users\admin\.cursor\extensions\redhat.java-1.42.0-win32-x64\jre\21.0.7-win32-x86_64\bin\instrument.dll
0x00007ff8c7040000 - 0x00007ff8c705f000 	c:\Users\admin\.cursor\extensions\redhat.java-1.42.0-win32-x64\jre\21.0.7-win32-x86_64\bin\java.dll
0x00007ff8ef430000 - 0x00007ff8efb5d000 	C:\WINDOWS\System32\SHELL32.dll
0x00007ff8ee150000 - 0x00007ff8ee2c4000 	C:\WINDOWS\System32\wintypes.dll
0x00007ff8ebbe0000 - 0x00007ff8ec436000 	C:\WINDOWS\SYSTEM32\windows.storage.dll
0x00007ff8eedc0000 - 0x00007ff8eeeaf000 	C:\WINDOWS\System32\SHCORE.dll
0x00007ff8ef3c0000 - 0x00007ff8ef429000 	C:\WINDOWS\System32\shlwapi.dll
0x00007ff8ede10000 - 0x00007ff8ede3f000 	C:\WINDOWS\SYSTEM32\profapi.dll
0x00007ff8c7020000 - 0x00007ff8c7038000 	c:\Users\admin\.cursor\extensions\redhat.java-1.42.0-win32-x64\jre\21.0.7-win32-x86_64\bin\zip.dll
0x00007ff8d3a60000 - 0x00007ff8d3a70000 	C:\Users\admin\.cursor\extensions\redhat.java-1.42.0-win32-x64\jre\21.0.7-win32-x86_64\bin\net.dll
0x00007ff8e8a60000 - 0x00007ff8e8b7e000 	C:\WINDOWS\SYSTEM32\WINHTTP.dll
0x0000000180000000 - 0x000000018008c000 	C:\WINDOWS\system32\ASProxy64.dll
0x00007ff8efc80000 - 0x00007ff8efe1f000 	C:\WINDOWS\System32\ole32.dll
0x00007ff8ed260000 - 0x00007ff8ed2ca000 	C:\WINDOWS\SYSTEM32\MSWSOCK.dll
0x00007ff8ec730000 - 0x00007ff8ec763000 	C:\WINDOWS\SYSTEM32\IPHLPAPI.DLL
0x00007ff8ecf90000 - 0x00007ff8ecfd8000 	C:\WINDOWS\SYSTEM32\SspiCli.dll
0x00007ff8c7000000 - 0x00007ff8c7016000 	C:\Users\admin\.cursor\extensions\redhat.java-1.42.0-win32-x64\jre\21.0.7-win32-x86_64\bin\nio.dll
0x00007ff8d37b0000 - 0x00007ff8d37c0000 	c:\Users\admin\.cursor\extensions\redhat.java-1.42.0-win32-x64\jre\21.0.7-win32-x86_64\bin\verify.dll
0x00007ff8eb200000 - 0x00007ff8eb2af000 	C:\WINDOWS\system32\uxtheme.dll
0x00007ff8be340000 - 0x00007ff8be385000 	C:\Users\admin\AppData\Roaming\Cursor\User\globalStorage\redhat.java\1.42.0\config_win\org.eclipse.equinox.launcher\org.eclipse.equinox.launcher.win32.win32.x86_64_1.2.1300.v20250331-1702\eclipse_11911.dll
0x00007ff8ed510000 - 0x00007ff8ed52c000 	C:\WINDOWS\SYSTEM32\CRYPTSP.dll
0x00007ff8ecc50000 - 0x00007ff8ecc8a000 	C:\WINDOWS\system32\rsaenh.dll
0x00007ff8ed300000 - 0x00007ff8ed32b000 	C:\WINDOWS\SYSTEM32\USERENV.dll
0x00007ff8ede50000 - 0x00007ff8ede76000 	C:\WINDOWS\SYSTEM32\bcrypt.dll
0x00007ff8ed500000 - 0x00007ff8ed50c000 	C:\WINDOWS\SYSTEM32\CRYPTBASE.dll
0x00007ff8eedb0000 - 0x00007ff8eedba000 	C:\WINDOWS\System32\NSI.dll
0x00007ff8ddf50000 - 0x00007ff8ddf5a000 	C:\Users\admin\.cursor\extensions\redhat.java-1.42.0-win32-x64\jre\21.0.7-win32-x86_64\bin\management.dll
0x00007ff8ddf40000 - 0x00007ff8ddf4b000 	C:\Users\admin\.cursor\extensions\redhat.java-1.42.0-win32-x64\jre\21.0.7-win32-x86_64\bin\management_ext.dll
0x00007ff8f0040000 - 0x00007ff8f0048000 	C:\WINDOWS\System32\PSAPI.DLL
0x00007ff8b7cf0000 - 0x00007ff8b7d39000 	C:\Users\admin\AppData\Local\Temp\jna-92668751\jna15297472502311241718.dll
0x00007ff8e86b0000 - 0x00007ff8e86cf000 	C:\WINDOWS\SYSTEM32\dhcpcsvc6.DLL
0x00007ff8e7810000 - 0x00007ff8e7835000 	C:\WINDOWS\SYSTEM32\dhcpcsvc.DLL
0x00007ff8c7080000 - 0x00007ff8c70a7000 	C:\Users\admin\.gradle\native\1def1411415f61bf3af743bc5b6707747c0891f09f0c88961ee8f79bc544acac\windows-amd64\native-platform.dll
0x00007ff8d3250000 - 0x00007ff8d3259000 	C:\Users\admin\.cursor\extensions\redhat.java-1.42.0-win32-x64\jre\21.0.7-win32-x86_64\bin\extnet.dll
0x00007ff8c5820000 - 0x00007ff8c582e000 	C:\Users\admin\.cursor\extensions\redhat.java-1.42.0-win32-x64\jre\21.0.7-win32-x86_64\bin\sunmscapi.dll
0x00007ff8ee7e0000 - 0x00007ff8ee957000 	C:\WINDOWS\System32\CRYPT32.dll
0x00007ff8ed710000 - 0x00007ff8ed740000 	C:\WINDOWS\SYSTEM32\ncrypt.dll
0x00007ff8ed6c0000 - 0x00007ff8ed6ff000 	C:\WINDOWS\SYSTEM32\NTASN1.dll
0x00007ff8c3dd0000 - 0x00007ff8c3dd8000 	C:\WINDOWS\system32\wshunix.dll

dbghelp: loaded successfully - version: 4.0.5 - missing functions: none
symbol engine: initialized successfully - sym options: 0x614 - pdb path: .;c:\Users\admin\.cursor\extensions\redhat.java-1.42.0-win32-x64\jre\21.0.7-win32-x86_64\bin;C:\WINDOWS\SYSTEM32;C:\WINDOWS\WinSxS\amd64_microsoft.windows.common-controls_6595b64144ccf1df_6.0.26100.3912_none_3e07963ce335137e;c:\Users\admin\.cursor\extensions\redhat.java-1.42.0-win32-x64\jre\21.0.7-win32-x86_64\bin\server;C:\Users\admin\AppData\Roaming\Cursor\User\globalStorage\redhat.java\1.42.0\config_win\org.eclipse.equinox.launcher\org.eclipse.equinox.launcher.win32.win32.x86_64_1.2.1300.v20250331-1702;C:\Users\admin\AppData\Local\Temp\jna-92668751;C:\Users\admin\.gradle\native\1def1411415f61bf3af743bc5b6707747c0891f09f0c88961ee8f79bc544acac\windows-amd64

VM Arguments:
jvm_args: --add-modules=ALL-SYSTEM --add-opens=java.base/java.util=ALL-UNNAMED --add-opens=java.base/java.lang=ALL-UNNAMED --add-opens=java.base/sun.nio.fs=ALL-UNNAMED -Declipse.application=org.eclipse.jdt.ls.core.id1 -Dosgi.bundles.defaultStartLevel=4 -Declipse.product=org.eclipse.jdt.ls.core.product -Djava.import.generatesMetadataFilesAtProjectRoot=false -DDetectVMInstallationsJob.disabled=true -Dfile.encoding=utf8 -XX:+UseParallelGC -XX:GCTimeRatio=4 -XX:AdaptiveSizePolicyWeight=90 -Dsun.zip.disableMemoryMapping=true -Xmx1G -Xms100m -Xlog:disable -javaagent:c:\Users\admin\.cursor\extensions\redhat.java-1.42.0-win32-x64\lombok\lombok-1.18.36.jar -XX:+HeapDumpOnOutOfMemoryError -XX:HeapDumpPath=c:\Users\admin\AppData\Roaming\Cursor\User\workspaceStorage\0426a641ec518546e312a5bf184515bb\redhat.java -Daether.dependencyCollector.impl=bf 
java_command: c:\Users\admin\.cursor\extensions\redhat.java-1.42.0-win32-x64\server\plugins\org.eclipse.equinox.launcher_1.7.0.v20250424-1814.jar -configuration c:\Users\admin\AppData\Roaming\Cursor\User\globalStorage\redhat.java\1.42.0\config_win -data c:\Users\admin\AppData\Roaming\Cursor\User\workspaceStorage\0426a641ec518546e312a5bf184515bb\redhat.java\jdt_ws --pipe=\\.\pipe\lsp-bb26dc4dacdcd61451dbe5dadbf2cc54-sock
java_class_path (initial): c:\Users\admin\.cursor\extensions\redhat.java-1.42.0-win32-x64\server\plugins\org.eclipse.equinox.launcher_1.7.0.v20250424-1814.jar
Launcher Type: SUN_STANDARD

[Global flags]
    uintx AdaptiveSizePolicyWeight                 = 90                                        {product} {command line}
     intx CICompilerCount                          = 12                                        {product} {ergonomic}
    uintx GCTimeRatio                              = 4                                         {product} {command line}
     bool HeapDumpOnOutOfMemoryError               = true                                   {manageable} {command line}
    ccstr HeapDumpPath                             = c:\Users\admin\AppData\Roaming\Cursor\User\workspaceStorage\0426a641ec518546e312a5bf184515bb\redhat.java         {manageable} {command line}
   size_t InitialHeapSize                          = 104857600                                 {product} {command line}
   size_t MaxHeapSize                              = 1073741824                                {product} {command line}
   size_t MaxNewSize                               = 357564416                                 {product} {ergonomic}
   size_t MinHeapDeltaBytes                        = 524288                                    {product} {ergonomic}
   size_t MinHeapSize                              = 104857600                                 {product} {command line}
   size_t NewSize                                  = 34603008                                  {product} {ergonomic}
    uintx NonNMethodCodeHeapSize                   = 7602480                                {pd product} {ergonomic}
    uintx NonProfiledCodeHeapSize                  = 122027880                              {pd product} {ergonomic}
   size_t OldSize                                  = 70254592                                  {product} {ergonomic}
    uintx ProfiledCodeHeapSize                     = 122027880                              {pd product} {ergonomic}
    uintx ReservedCodeCacheSize                    = 251658240                              {pd product} {ergonomic}
     bool SegmentedCodeCache                       = true                                      {product} {ergonomic}
   size_t SoftMaxHeapSize                          = 1073741824                             {manageable} {ergonomic}
     bool UseCompressedOops                        = true                           {product lp64_product} {ergonomic}
     bool UseLargePagesIndividualAllocation        = false                                  {pd product} {ergonomic}
     bool UseParallelGC                            = true                                      {product} {command line}

Logging:
Log output configuration:
 #0: stdout all=off uptime,level,tags foldmultilines=false
 #1: stderr all=off uptime,level,tags foldmultilines=false

Environment Variables:
JAVA_HOME=C:\Program Files\OpenLogic\jdk-17.0.15.6-hotspot
PATH=C:\Program Files\Common Files\Oracle\Java\javapath;C:\Program Files\OpenLogic\jdk-17.0.15.6-hotspot\bin;C:\WINDOWS\system32;C:\WINDOWS;C:\WINDOWS\System32\Wbem;C:\WINDOWS\System32\WindowsPowerShell\v1.0\;C:\WINDOWS\System32\OpenSSH\;C:\Program Files\dotnet\;C:\Program Files\Microsoft SQL Server\130\Tools\Binn\;C:\Program Files\Git\cmd;C:\Users\admin\AppData\Roaming\nvm;C:\Program Files\nodejs;C:\Program Files\Microsoft SQL Server\150\Tools\Binn\;C:\Users\admin\AppData\Local\Microsoft\WindowsApps;C:\Users\admin\AppData\Roaming\npm;C:\Users\admin\AppData\Local\Programs\Microsoft VS Code\bin;C:\Users\admin\AppData\Roaming\nvm;C:\Program Files\nodejs;C:\Users\admin\AppData\Local\Android\Sdk\platform-tools;C:\Users\admin\AppData\Local\Programs\cursor\resources\app\bin;C:\;C:\Users\admin\.dotnet\tools
USERNAME=admin
OS=Windows_NT
PROCESSOR_IDENTIFIER=Intel64 Family 6 Model 165 Stepping 5, GenuineIntel
TMP=C:\Users\admin\AppData\Local\Temp
TEMP=C:\Users\admin\AppData\Local\Temp




Periodic native trim disabled

---------------  S Y S T E M  ---------------

OS:
 Windows 11 , 64 bit Build 26100 (10.0.26100.3912)
OS uptime: 1 days 0:53 hours

CPU: total 16 (initial active 16) (8 cores per cpu, 2 threads per core) family 6 model 165 stepping 5 microcode 0xec, cx8, cmov, fxsr, ht, mmx, 3dnowpref, sse, sse2, sse3, ssse3, sse4.1, sse4.2, popcnt, lzcnt, tsc, tscinvbit, avx, avx2, aes, erms, clmul, bmi1, bmi2, adx, fma, vzeroupper, clflush, clflushopt, rdtscp, f16c, pku
Processor Information for the first 16 processors :
  Max Mhz: 2901, Current Mhz: 2901, Mhz Limit: 2901

Memory: 4k page, system-wide physical 16096M (3234M free)
TotalPageFile size 34528M (AvailPageFile size 3975M)
current process WorkingSet (physical memory assigned to process): 266M, peak: 287M
current process commit charge ("private bytes"): 363M, peak: 396M

vm_info: OpenJDK 64-Bit Server VM (21.0.7+6-LTS) for windows-amd64 JRE (21.0.7+6-LTS), built on 2025-04-15T00:00:00Z by "admin" with MS VC++ 17.7 (VS2022)

END.
