#
# A fatal error has been detected by the Java Runtime Environment:
#
#  EXCEPTION_ACCESS_VIOLATION (0xc0000005) at pc=0x000000018000c274, pid=14148, tid=2356
#
# JRE version: OpenJDK Runtime Environment Temurin-21.0.7+6 (21.0.7+6) (build 21.0.7+6-LTS)
# Java VM: OpenJDK 64-Bit Server VM Temurin-21.0.7+6 (21.0.7+6-LTS, mixed mode, sharing, tiered, compressed oops, compressed class ptrs, parallel gc, windows-amd64)
# Problematic frame:
# C  [ASProxy64.dll+0xc274]
#
# No core dump will be written. Minidumps are not enabled by default on client versions of Windows
#
# If you would like to submit a bug report, please visit:
#   https://github.com/adoptium/adoptium-support/issues
# The crash happened outside the Java Virtual Machine in native code.
# See problematic frame for where to report the bug.
#

---------------  S U M M A R Y ------------

Command Line: --add-modules=ALL-SYSTEM --add-opens=java.base/java.util=ALL-UNNAMED --add-opens=java.base/java.lang=ALL-UNNAMED --add-opens=java.base/sun.nio.fs=ALL-UNNAMED -Declipse.application=org.eclipse.jdt.ls.core.id1 -Dosgi.bundles.defaultStartLevel=4 -Declipse.product=org.eclipse.jdt.ls.core.product -Djava.import.generatesMetadataFilesAtProjectRoot=false -DDetectVMInstallationsJob.disabled=true -Dfile.encoding=utf8 -XX:+UseParallelGC -XX:GCTimeRatio=4 -XX:AdaptiveSizePolicyWeight=90 -Dsun.zip.disableMemoryMapping=true -Xmx1G -Xms100m -Xlog:disable -javaagent:c:\Users\admin\.cursor\extensions\redhat.java-1.42.0-win32-x64\lombok\lombok-1.18.36.jar -XX:+HeapDumpOnOutOfMemoryError -XX:HeapDumpPath=c:\Users\admin\AppData\Roaming\Cursor\User\workspaceStorage\0426a641ec518546e312a5bf184515bb\redhat.java -Daether.dependencyCollector.impl=bf c:\Users\admin\.cursor\extensions\redhat.java-1.42.0-win32-x64\server\plugins\org.eclipse.equinox.launcher_1.7.0.v20250424-1814.jar -configuration c:\Users\admin\AppData\Roaming\Cursor\User\globalStorage\redhat.java\1.42.0\config_win -data c:\Users\admin\AppData\Roaming\Cursor\User\workspaceStorage\0426a641ec518546e312a5bf184515bb\redhat.java\jdt_ws --pipe=\\.\pipe\lsp-f9b3165c255ed91e2c2e2012b5765648-sock

Host: Intel(R) Core(TM) i7-10700 CPU @ 2.90GHz, 16 cores, 15G,  Windows 11 , 64 bit Build 26100 (10.0.26100.3912)
Time: Fri May 16 21:36:49 2025 Eastern Daylight Time elapsed time: 11.460882 seconds (0d 0h 0m 11s)

---------------  T H R E A D  ---------------

Current thread (0x000002ae0a4432f0):  JavaThread "Connection worker"        [_thread_in_native, id=2356, stack(0x000000bab0c00000,0x000000bab0d00000) (1024K)]

Stack: [0x000000bab0c00000,0x000000bab0d00000],  sp=0x000000bab0cfdbf0,  free space=1014k
Native frames: (J=compiled Java code, j=interpreted, Vv=VM code, C=native code)
C  [ASProxy64.dll+0xc274]

Java frames: (J=compiled Java code, j=interpreted, Vv=VM code)
j  sun.nio.ch.WEPoll.ctl(JIJI)I+0 java.base@21.0.7
j  sun.nio.ch.WEPollSelectorImpl.<init>(Ljava/nio/channels/spi/SelectorProvider;)V+139 java.base@21.0.7
j  sun.nio.ch.WEPollSelectorProvider.openSelector()Ljava/nio/channels/spi/AbstractSelector;+5 java.base@21.0.7
j  java.nio.channels.Selector.open()Ljava/nio/channels/Selector;+3 java.base@21.0.7
j  org.gradle.internal.remote.internal.inet.SocketConnection$SocketInputStream.<init>(Ljava/nio/channels/SocketChannel;)V+17
j  org.gradle.internal.remote.internal.inet.SocketConnection.<init>(Ljava/nio/channels/SocketChannel;Lorg/gradle/internal/remote/internal/MessageSerializer;Lorg/gradle/internal/serialize/StatefulSerializer;)V+27
j  org.gradle.internal.remote.internal.inet.SocketConnectCompletion.create(Lorg/gradle/internal/serialize/StatefulSerializer;)Lorg/gradle/internal/remote/internal/RemoteConnection;+16
j  org.gradle.launcher.daemon.client.DefaultDaemonConnector.connectToDaemon(Lorg/gradle/launcher/daemon/context/DaemonConnectDetails;Lorg/gradle/launcher/daemon/client/DaemonClientConnection$StaleAddressDetector;)Lorg/gradle/launcher/daemon/client/DaemonClientConnection;+45
j  org.gradle.launcher.daemon.client.DefaultDaemonConnector.connectToDaemonWithId(Lorg/gradle/launcher/daemon/diagnostics/DaemonStartupInfo;Lorg/gradle/api/internal/specs/ExplainingSpec;)Lorg/gradle/launcher/daemon/client/DaemonClientConnection;+116
j  org.gradle.launcher.daemon.client.DefaultDaemonConnector.doStartDaemon(Lorg/gradle/api/internal/specs/ExplainingSpec;Z)Lorg/gradle/launcher/daemon/client/DaemonClientConnection;+61
j  org.gradle.launcher.daemon.client.DefaultDaemonConnector.startDaemon(Lorg/gradle/api/internal/specs/ExplainingSpec;)Lorg/gradle/launcher/daemon/client/DaemonClientConnection;+3
j  org.gradle.launcher.daemon.client.DaemonClient.execute(Lorg/gradle/internal/invocation/BuildAction;Lorg/gradle/launcher/exec/BuildActionParameters;Lorg/gradle/internal/daemon/client/execution/ClientBuildRequestContext;)Lorg/gradle/launcher/exec/BuildActionResult;+201
j  org.gradle.launcher.daemon.client.DaemonClient.execute(Lorg/gradle/internal/invocation/BuildAction;Ljava/lang/Object;Ljava/lang/Object;)Lorg/gradle/launcher/exec/BuildActionResult;+10
j  org.gradle.tooling.internal.provider.DaemonBuildActionExecuter.execute(Lorg/gradle/internal/invocation/BuildAction;Lorg/gradle/tooling/internal/provider/ConnectionOperationParameters;Lorg/gradle/internal/daemon/client/execution/ClientBuildRequestContext;)Lorg/gradle/launcher/exec/BuildActionResult;+72
j  org.gradle.tooling.internal.provider.DaemonBuildActionExecuter.execute(Lorg/gradle/internal/invocation/BuildAction;Ljava/lang/Object;Ljava/lang/Object;)Lorg/gradle/launcher/exec/BuildActionResult;+10
j  org.gradle.tooling.internal.provider.LoggingBridgingBuildActionExecuter.execute(Lorg/gradle/internal/invocation/BuildAction;Lorg/gradle/tooling/internal/provider/ConnectionOperationParameters;Lorg/gradle/internal/daemon/client/execution/ClientBuildRequestContext;)Lorg/gradle/launcher/exec/BuildActionResult;+77
j  org.gradle.tooling.internal.provider.LoggingBridgingBuildActionExecuter.execute(Lorg/gradle/internal/invocation/BuildAction;Ljava/lang/Object;Ljava/lang/Object;)Lorg/gradle/launcher/exec/BuildActionResult;+10
j  org.gradle.tooling.internal.provider.ProviderConnection.run(Lorg/gradle/internal/invocation/BuildAction;Lorg/gradle/initialization/BuildCancellationToken;Lorg/gradle/tooling/internal/provider/ProviderConnection$ProgressListenerConfiguration;Lorg/gradle/initialization/BuildEventConsumer;Lorg/gradle/tooling/internal/provider/connection/ProviderOperationParameters;Lorg/gradle/tooling/internal/provider/ProviderConnection$Parameters;)Ljava/lang/Object;+79
j  org.gradle.tooling.internal.provider.ProviderConnection.runPhasedAction(Lorg/gradle/tooling/internal/protocol/InternalPhasedAction;Lorg/gradle/tooling/internal/protocol/PhasedActionResultListener;Lorg/gradle/initialization/BuildCancellationToken;Lorg/gradle/tooling/internal/provider/connection/ProviderOperationParameters;)Ljava/lang/Object;+132
j  org.gradle.tooling.internal.provider.DefaultConnection.run(Lorg/gradle/tooling/internal/protocol/InternalPhasedAction;Lorg/gradle/tooling/internal/protocol/PhasedActionResultListener;Lorg/gradle/tooling/internal/protocol/InternalCancellationToken;Lorg/gradle/tooling/internal/protocol/BuildParameters;)Lorg/gradle/tooling/internal/protocol/BuildResult;+28
j  org.gradle.tooling.internal.consumer.connection.PhasedActionAwareConsumerConnection.run(Lorg/gradle/tooling/internal/consumer/PhasedBuildAction;Lorg/gradle/tooling/internal/consumer/parameters/ConsumerOperationParameters;)V+66
j  org.gradle.tooling.internal.consumer.connection.ParameterValidatingConsumerConnection.run(Lorg/gradle/tooling/internal/consumer/PhasedBuildAction;Lorg/gradle/tooling/internal/consumer/parameters/ConsumerOperationParameters;)V+11
j  org.gradle.tooling.internal.consumer.DefaultPhasedBuildActionExecuter$1.run(Lorg/gradle/tooling/internal/consumer/connection/ConsumerConnection;)Ljava/lang/Void;+12
j  org.gradle.tooling.internal.consumer.DefaultPhasedBuildActionExecuter$1.run(Lorg/gradle/tooling/internal/consumer/connection/ConsumerConnection;)Ljava/lang/Object;+2
j  org.gradle.tooling.internal.consumer.connection.LazyConsumerActionExecutor.run(Lorg/gradle/tooling/internal/consumer/connection/ConsumerAction;)Ljava/lang/Object;+34
j  org.gradle.tooling.internal.consumer.connection.CancellableConsumerActionExecutor.run(Lorg/gradle/tooling/internal/consumer/connection/ConsumerAction;)Ljava/lang/Object;+34
j  org.gradle.tooling.internal.consumer.connection.ProgressLoggingConsumerActionExecutor.run(Lorg/gradle/tooling/internal/consumer/connection/ConsumerAction;)Ljava/lang/Object;+78
j  org.gradle.tooling.internal.consumer.connection.RethrowingErrorsConsumerActionExecutor.run(Lorg/gradle/tooling/internal/consumer/connection/ConsumerAction;)Ljava/lang/Object;+5
j  org.gradle.tooling.internal.consumer.async.DefaultAsyncConsumerActionExecutor$1$1.run()V+17
j  org.gradle.internal.concurrent.ExecutorPolicy$CatchAndRecordFailures.onExecute(Ljava/lang/Runnable;)V+1
j  org.gradle.internal.concurrent.AbstractManagedExecutor$1.run()V+25
j  java.util.concurrent.ThreadPoolExecutor.runWorker(Ljava/util/concurrent/ThreadPoolExecutor$Worker;)V+92 java.base@21.0.7
j  java.util.concurrent.ThreadPoolExecutor$Worker.run()V+5 java.base@21.0.7
j  java.lang.Thread.runWith(Ljava/lang/Object;Ljava/lang/Runnable;)V+5 java.base@21.0.7
j  java.lang.Thread.run()V+19 java.base@21.0.7
v  ~StubRoutines::call_stub 0x000002adb4e8100d

siginfo: EXCEPTION_ACCESS_VIOLATION (0xc0000005), reading address 0x0000000000001238


Registers:
RAX=0x0000000000000000, RBX=0x000002ae0a0a2958, RCX=0x00000000000012c4, RDX=0x0000000000000002
RSP=0x000000bab0cfdbf0, RBP=0x0000000000001238, RSI=0x000002ae09688de0, RDI=0x0000000000001238
R8 =0x7ffffffffffffffc, R9 =0x0000000000000000, R10=0x00000000000012c4, R11=0x000002adaa844428
R12=0x000000bab0cfde30, R13=0x00000000000012c0, R14=0x000002ae09688db0, R15=0x00000000000012c0
RIP=0x000000018000c274, EFLAGS=0x0000000000010246

XMM[0]=0x0000000000000000 0x0000000000000000
XMM[1]=0x0000000000000000 0x0000000000000000
XMM[2]=0x0000000000000000 0x0000000000000000
XMM[3]=0x0000000000000000 0x0000000000000000
XMM[4]=0x0000000000000000 0x0000000000000000
XMM[5]=0x0000000000000000 0x0000000000000000
XMM[6]=0x47a0ec0ebe58c74b 0x2751e4ff3e4650d0
XMM[7]=0x56260dcba03eeb64 0xc9c571c46b317968
XMM[8]=0x0000000000000000 0x6b97031f7b633ed6
XMM[9]=0x1c9786bd5f388f5b 0x6e15deaffbf07962
XMM[10]=0xffffffffffffffff 0x0b0a090803020100
XMM[11]=0x16e88c869383f4a0 0x0000000000000000
XMM[12]=0x0b0a090803020100 0xffffffffffffffff
XMM[13]=0x0c0d0e0f08090a0b 0x0405060700010203
XMM[14]=0x0000000000000000 0x6c9c4e785cd1fc34
XMM[15]=0x0000000000000000 0x00000000f035adbc
  MXCSR=0x00001fa0


Register to memory mapping:

RAX=0x0 is null
RBX=0x000002ae0a0a2958 points into unknown readable memory: 0x0000000000000000 | 00 00 00 00 00 00 00 00
RCX=0x00000000000012c4 is an unknown value
RDX=0x0000000000000002 is an unknown value
RSP=0x000000bab0cfdbf0 is pointing into the stack for thread: 0x000002ae0a4432f0
RBP=0x0000000000001238 is an unknown value
RSI=0x000002ae09688de0 points into unknown readable memory: 0x000002ae09688de0 | e0 8d 68 09 ae 02 00 00
RDI=0x0000000000001238 is an unknown value
R8 =0x7ffffffffffffffc is an unknown value
R9 =0x0 is null
R10=0x00000000000012c4 is an unknown value
R11=0x000002adaa844428 points into unknown readable memory: 0x00000000000007d0 | d0 07 00 00 00 00 00 00
R12=0x000000bab0cfde30 is pointing into the stack for thread: 0x000002ae0a4432f0
R13=0x00000000000012c0 is an unknown value
R14=0x000002ae09688db0 points into unknown readable memory: 0x0000000000001238 | 38 12 00 00 00 00 00 00
R15=0x00000000000012c0 is an unknown value

Top of Stack: (sp=0x000000bab0cfdbf0)
0x000000bab0cfdbf0:   0000000000000000 0000000000000000
0x000000bab0cfdc00:   0000000000001238 000000018001f4c2
0x000000bab0cfdc10:   0000000180065ec8 0000000000002736
0x000000bab0cfdc20:   0000000000000001 00000000000012c4
0x000000bab0cfdc30:   0000000000001238 000000018000c506
0x000000bab0cfdc40:   000002ae0a0a2958 0000000000002736
0x000000bab0cfdc50:   0000000000000000 000002ad00000008
0x000000bab0cfdc60:   000000ba0000001e 0000000000000000
0x000000bab0cfdc70:   0000000000001238 0000000000000000
0x000000bab0cfdc80:   0000000000000001 0000000000000000
0x000000bab0cfdc90:   0000000000001238 00007ff8ddf277e6
0x000000bab0cfdca0:   00000000000012c4 0000000000001202
0x000000bab0cfdcb0:   000002ae09688de0 000000bab0cfde00
0x000000bab0cfdcc0:   0000000000000000 000002ae00000000
0x000000bab0cfdcd0:   0000000000000003 000002ae00000001
0x000000bab0cfdce0:   0000000000000000 0000000000000000
0x000000bab0cfdcf0:   00007ff800000000 00007ff8edfe0139
0x000000bab0cfdd00:   00000000000012c4 0000000000000000
0x000000bab0cfdd10:   0000000000000000 0000ae93bdda1abd
0x000000bab0cfdd20:   000002ae0a0a2940 00007ff8ddf282af
0x000000bab0cfdd30:   0000000000000028 00007ff81ff52cac
0x000000bab0cfdd40:   000002ae0a0a2948 000002adaa869cf0
0x000000bab0cfdd50:   000002ae09688db0 00007ff8ddf28359
0x000000bab0cfdd60:   000002ae09688de0 000000bab0cfde30
0x000000bab0cfdd70:   000002ae09688de0 000002ae09688db0
0x000000bab0cfdd80:   000002ae0a4432f0 000000bab0cfde30
0x000000bab0cfdd90:   000002ae06392b58 0000000000000000
0x000000bab0cfdda0:   000002ae09688db0 00007ff8ddf28787
0x000000bab0cfddb0:   0000000000000000 000000bab0cfde30
0x000000bab0cfddc0:   00000000000012c0 000002ae0a4432f0
0x000000bab0cfddd0:   0000000000000001 00007ff8ddf27a75
0x000000bab0cfdde0:   0000000000001238 000000bab0cfde30 

Instructions: (pc=0x000000018000c274)
0x000000018000c174:   70 48 8b 6c 24 78 32 c0 48 83 c4 50 41 5c c3 cc
0x000000018000c184:   cc cc cc cc cc cc cc cc cc cc cc cc 48 85 c9 74
0x000000018000c194:   23 8b 05 ad ff 06 00 89 01 8b 05 a9 ff 06 00 89
0x000000018000c1a4:   41 04 8b 05 a4 ff 06 00 89 41 08 8b 05 9f ff 06
0x000000018000c1b4:   00 89 41 0c f3 c3 cc cc cc cc cc cc c6 01 01 c7
0x000000018000c1c4:   02 01 00 00 00 c3 cc cc cc cc cc cc 48 89 5c 24
0x000000018000c1d4:   08 57 48 83 ec 70 48 8b fa 8b d9 48 8d 15 82 73
0x000000018000c1e4:   05 00 48 8d 4c 24 20 45 33 c0 48 c7 44 24 40 0f
0x000000018000c1f4:   00 00 00 48 c7 44 24 38 00 00 00 00 c6 44 24 28
0x000000018000c204:   00 e8 d6 6b ff ff 4c 8d 4c 24 20 48 8d 4c 24 48
0x000000018000c214:   41 b0 01 8b d3 e8 52 06 02 00 48 83 78 20 10 72
0x000000018000c224:   06 48 8b 48 08 eb 05 48 8d 48 08 90 0f b6 01 48
0x000000018000c234:   ff c7 48 ff c1 88 47 ff 84 c0 75 f0 48 83 7c 24
0x000000018000c244:   68 10 72 0a 48 8b 4c 24 50 e8 52 94 03 00 48 8b
0x000000018000c254:   9c 24 80 00 00 00 48 83 c4 70 5f c3 48 83 ec 48
0x000000018000c264:   0f b6 c2 0f 57 c0 0f 11 44 24 ff 25 00 00 00 00
0x000000018000c274:   ae 7e ef ee f8 7f 00 00 8b 44 24 04 0f af 04 24
0x000000018000c284:   89 04 24 8b 44 24 04 0f af 04 24 83 c0 01 89 04
0x000000018000c294:   24 8b 44 24 04 0f af 04 24 83 c0 02 89 04 24 8b
0x000000018000c2a4:   44 24 04 0f af 04 24 83 c0 03 89 04 24 8b 44 24
0x000000018000c2b4:   04 0f af 04 24 83 c0 04 89 04 24 8b 44 24 04 0f
0x000000018000c2c4:   af 04 24 83 c0 05 89 04 24 8b 44 24 04 0f af 04
0x000000018000c2d4:   24 83 c0 06 89 04 24 8b 44 24 04 0f af 04 24 83
0x000000018000c2e4:   c0 07 89 04 24 8b 44 24 04 0f af 04 24 83 c0 08
0x000000018000c2f4:   89 04 24 8b 44 24 04 0f af 04 24 83 c0 09 89 04
0x000000018000c304:   24 8b 44 24 04 0f af 04 24 83 c0 0a 89 04 24 8b
0x000000018000c314:   44 24 04 0f af 04 24 83 c0 0b 89 04 24 8b 44 24
0x000000018000c324:   04 0f af 04 24 83 c0 0d 89 04 24 8b 44 24 04 0f
0x000000018000c334:   af 04 24 83 c0 0e 89 04 24 8b 44 24 04 0f af 04
0x000000018000c344:   24 83 c0 0f 89 04 24 8b 44 24 04 0f af 04 24 83
0x000000018000c354:   c0 10 89 04 24 8b 44 24 04 0f af 04 24 83 c0 11
0x000000018000c364:   89 04 24 8b 44 24 04 0f af 04 24 83 c0 12 89 04 


Stack slot to memory mapping:

stack at sp + 0 slots: 0x0 is null
stack at sp + 1 slots: 0x0 is null
stack at sp + 2 slots: 0x0000000000001238 is an unknown value
stack at sp + 3 slots: 0x000000018001f4c2 ASProxy64.dll
stack at sp + 4 slots: 0x0000000180065ec8 ASProxy64.dll
stack at sp + 5 slots: 0x0000000000002736 is an unknown value
stack at sp + 6 slots: 0x0000000000000001 is an unknown value
stack at sp + 7 slots: 0x00000000000012c4 is an unknown value


---------------  P R O C E S S  ---------------

Threads class SMR info:
_java_thread_list=0x000002ae0aa4cad0, length=58, elements={
0x000002adaa847860, 0x000002adaa8e7400, 0x000002adaa8e7fb0, 0x000002adaa8ecce0,
0x000002adaa8edce0, 0x000002adaa8f4160, 0x000002adaa8f1850, 0x000002adaa8fde50,
0x000002ae01191d80, 0x000002ae0128dfe0, 0x000002ae01290dd0, 0x000002ae0128e670,
0x000002ae012900b0, 0x000002ae0128d950, 0x000002ae0128ed00, 0x000002ae0128f390,
0x000002ae0128fa20, 0x000002ae084d9a10, 0x000002ae084d8cf0, 0x000002ae084dadc0,
0x000002ae084da0a0, 0x000002ae084dbae0, 0x000002ae084da730, 0x000002ae084d8660,
0x000002ae084dc800, 0x000002ae084df5f0, 0x000002ae084dc170, 0x000002ae084dd520,
0x000002ae084ddbb0, 0x000002ae084dfc80, 0x000002ae084de240, 0x000002ae084dce90,
0x000002ae084de8d0, 0x000002ae084def60, 0x000002ae0941a5c0, 0x000002ae09418b80,
0x000002ae09419f30, 0x000002ae09417140, 0x000002ae094177d0, 0x000002ae09417e60,
0x000002ae094184f0, 0x000002ae09419210, 0x000002ae0a43f150, 0x000002ae0a440500,
0x000002ae0a43fe70, 0x000002ae0a43eac0, 0x000002ae0a440b90, 0x000002ae0a43d710,
0x000002ae0a441220, 0x000002ae0a43dda0, 0x000002ae0a4418b0, 0x000002ae0a43e430,
0x000002ae0a442c60, 0x000002ae0a4432f0, 0x000002ae0a441f40, 0x000002ae0a444010,
0x000002ae0a4446a0, 0x000002ae0a4425d0
}

Java Threads: ( => current thread )
  0x000002adaa847860 JavaThread "main"                              [_thread_blocked, id=32044, stack(0x000000baab000000,0x000000baab100000) (1024K)]
  0x000002adaa8e7400 JavaThread "Reference Handler"          daemon [_thread_blocked, id=7276, stack(0x000000baab400000,0x000000baab500000) (1024K)]
  0x000002adaa8e7fb0 JavaThread "Finalizer"                  daemon [_thread_blocked, id=22044, stack(0x000000baab500000,0x000000baab600000) (1024K)]
  0x000002adaa8ecce0 JavaThread "Signal Dispatcher"          daemon [_thread_blocked, id=30608, stack(0x000000baab600000,0x000000baab700000) (1024K)]
  0x000002adaa8edce0 JavaThread "Attach Listener"            daemon [_thread_blocked, id=33904, stack(0x000000baab700000,0x000000baab800000) (1024K)]
  0x000002adaa8f4160 JavaThread "Service Thread"             daemon [_thread_blocked, id=14636, stack(0x000000baab800000,0x000000baab900000) (1024K)]
  0x000002adaa8f1850 JavaThread "Monitor Deflation Thread"   daemon [_thread_blocked, id=28164, stack(0x000000baab900000,0x000000baaba00000) (1024K)]
  0x000002adaa8fde50 JavaThread "C2 CompilerThread0"         daemon [_thread_blocked, id=35228, stack(0x000000baaba00000,0x000000baabb00000) (1024K)]
  0x000002ae01191d80 JavaThread "C1 CompilerThread0"         daemon [_thread_blocked, id=14244, stack(0x000000baabb00000,0x000000baabc00000) (1024K)]
  0x000002ae0128dfe0 JavaThread "Common-Cleaner"             daemon [_thread_blocked, id=10388, stack(0x000000baabc00000,0x000000baabd00000) (1024K)]
  0x000002ae01290dd0 JavaThread "Notification Thread"        daemon [_thread_blocked, id=6692, stack(0x000000baad400000,0x000000baad500000) (1024K)]
  0x000002ae0128e670 JavaThread "Active Thread: Equinox Container: c2475a9a-ecf9-48d3-9a37-c168c51f2dfc"        [_thread_blocked, id=35800, stack(0x000000baadb00000,0x000000baadc00000) (1024K)]
  0x000002ae012900b0 JavaThread "Refresh Thread: Equinox Container: c2475a9a-ecf9-48d3-9a37-c168c51f2dfc" daemon [_thread_blocked, id=30656, stack(0x000000baadd00000,0x000000baade00000) (1024K)]
  0x000002ae0128d950 JavaThread "Framework Event Dispatcher: Equinox Container: c2475a9a-ecf9-48d3-9a37-c168c51f2dfc" daemon [_thread_blocked, id=11100, stack(0x000000baade00000,0x000000baadf00000) (1024K)]
  0x000002ae0128ed00 JavaThread "Start Level: Equinox Container: c2475a9a-ecf9-48d3-9a37-c168c51f2dfc" daemon [_thread_blocked, id=30068, stack(0x000000baadf00000,0x000000baae000000) (1024K)]
  0x000002ae0128f390 JavaThread "Bundle File Closer"         daemon [_thread_blocked, id=28392, stack(0x000000baae300000,0x000000baae400000) (1024K)]
  0x000002ae0128fa20 JavaThread "SCR Component Actor"        daemon [_thread_blocked, id=22500, stack(0x000000baae400000,0x000000baae500000) (1024K)]
  0x000002ae084d9a10 JavaThread "Worker-JM"                         [_thread_blocked, id=10276, stack(0x000000baae700000,0x000000baae800000) (1024K)]
  0x000002ae084d8cf0 JavaThread "Worker-0"                          [_thread_blocked, id=4664, stack(0x000000baae900000,0x000000baaea00000) (1024K)]
  0x000002ae084dadc0 JavaThread "Worker-1"                          [_thread_blocked, id=35160, stack(0x000000baaea00000,0x000000baaeb00000) (1024K)]
  0x000002ae084da0a0 JavaThread "Java indexing"              daemon [_thread_blocked, id=27208, stack(0x000000baaeb00000,0x000000baaec00000) (1024K)]
  0x000002ae084dbae0 JavaThread "JNA Cleaner"                daemon [_thread_blocked, id=26088, stack(0x000000baaec00000,0x000000baaed00000) (1024K)]
  0x000002ae084da730 JavaThread "Worker-2"                          [_thread_blocked, id=14060, stack(0x000000baaf000000,0x000000baaf100000) (1024K)]
  0x000002ae084d8660 JavaThread "Worker-3: Initialize Workspace"        [_thread_blocked, id=28316, stack(0x000000baaf100000,0x000000baaf200000) (1024K)]
  0x000002ae084dc800 JavaThread "Thread-2"                   daemon [_thread_in_native, id=22148, stack(0x000000baaf200000,0x000000baaf300000) (1024K)]
  0x000002ae084df5f0 JavaThread "Thread-3"                   daemon [_thread_in_native, id=21404, stack(0x000000baaf300000,0x000000baaf400000) (1024K)]
  0x000002ae084dc170 JavaThread "Thread-4"                   daemon [_thread_in_native, id=16572, stack(0x000000baaf400000,0x000000baaf500000) (1024K)]
  0x000002ae084dd520 JavaThread "Thread-5"                   daemon [_thread_in_native, id=33468, stack(0x000000baaf500000,0x000000baaf600000) (1024K)]
  0x000002ae084ddbb0 JavaThread "Thread-6"                   daemon [_thread_in_native, id=10448, stack(0x000000baaf600000,0x000000baaf700000) (1024K)]
  0x000002ae084dfc80 JavaThread "Thread-7"                   daemon [_thread_in_native, id=5544, stack(0x000000baaf700000,0x000000baaf800000) (1024K)]
  0x000002ae084de240 JavaThread "Thread-8"                   daemon [_thread_in_native, id=16964, stack(0x000000baaf800000,0x000000baaf900000) (1024K)]
  0x000002ae084dce90 JavaThread "Thread-9"                   daemon [_thread_in_native, id=32268, stack(0x000000baaf900000,0x000000baafa00000) (1024K)]
  0x000002ae084de8d0 JavaThread "Thread-10"                  daemon [_thread_in_native, id=5448, stack(0x000000baafa00000,0x000000baafb00000) (1024K)]
  0x000002ae084def60 JavaThread "Thread-11"                  daemon [_thread_in_native, id=19712, stack(0x000000baafb00000,0x000000baafc00000) (1024K)]
  0x000002ae0941a5c0 JavaThread "Thread-12"                  daemon [_thread_in_native, id=33068, stack(0x000000baafc00000,0x000000baafd00000) (1024K)]
  0x000002ae09418b80 JavaThread "Thread-13"                  daemon [_thread_in_native, id=21824, stack(0x000000baafd00000,0x000000baafe00000) (1024K)]
  0x000002ae09419f30 JavaThread "Thread-14"                  daemon [_thread_in_native, id=6736, stack(0x000000baafe00000,0x000000baaff00000) (1024K)]
  0x000002ae09417140 JavaThread "Thread-15"                  daemon [_thread_in_native, id=23872, stack(0x000000baaff00000,0x000000bab0000000) (1024K)]
  0x000002ae094177d0 JavaThread "Thread-16"                  daemon [_thread_in_native, id=2400, stack(0x000000bab0000000,0x000000bab0100000) (1024K)]
  0x000002ae09417e60 JavaThread "Thread-17"                  daemon [_thread_in_native, id=20544, stack(0x000000bab0100000,0x000000bab0200000) (1024K)]
  0x000002ae094184f0 JavaThread "Thread-18"                  daemon [_thread_in_native, id=27408, stack(0x000000bab0200000,0x000000bab0300000) (1024K)]
  0x000002ae09419210 JavaThread "pool-2-thread-1"                   [_thread_blocked, id=33928, stack(0x000000bab0400000,0x000000bab0500000) (1024K)]
  0x000002ae0a43f150 JavaThread "WorkspaceEventsHandler"            [_thread_blocked, id=32680, stack(0x000000bab0700000,0x000000bab0800000) (1024K)]
  0x000002ae0a440500 JavaThread "pool-1-thread-1"                   [_thread_blocked, id=12664, stack(0x000000bab0800000,0x000000bab0900000) (1024K)]
  0x000002ae0a43fe70 JavaThread "Worker-4"                          [_thread_blocked, id=8444, stack(0x000000bab0a00000,0x000000bab0b00000) (1024K)]
  0x000002ae0a43eac0 JavaThread "Timer-0"                           [_thread_blocked, id=32856, stack(0x000000baac000000,0x000000baac100000) (1024K)]
  0x000002ae0a440b90 JavaThread "Timer-1"                           [_thread_blocked, id=26752, stack(0x000000baac100000,0x000000baac200000) (1024K)]
  0x000002ae0a43d710 JavaThread "Timer-2"                           [_thread_blocked, id=10784, stack(0x000000baada00000,0x000000baadb00000) (1024K)]
  0x000002ae0a441220 JavaThread "LocalFile Deleter"          daemon [_thread_blocked, id=33844, stack(0x000000bab0300000,0x000000bab0400000) (1024K)]
  0x000002ae0a43dda0 JavaThread "LocalFile Deleter"          daemon [_thread_blocked, id=26140, stack(0x000000bab0500000,0x000000bab0600000) (1024K)]
  0x000002ae0a4418b0 JavaThread "LocalFile Deleter"          daemon [_thread_blocked, id=35796, stack(0x000000bab0600000,0x000000bab0700000) (1024K)]
  0x000002ae0a43e430 JavaThread "Timer-3"                           [_thread_blocked, id=23388, stack(0x000000bab0900000,0x000000bab0a00000) (1024K)]
  0x000002ae0a442c60 JavaThread "Timer-4"                           [_thread_blocked, id=16932, stack(0x000000bab0b00000,0x000000bab0c00000) (1024K)]
=>0x000002ae0a4432f0 JavaThread "Connection worker"                 [_thread_in_native, id=2356, stack(0x000000bab0c00000,0x000000bab0d00000) (1024K)]
  0x000002ae0a441f40 JavaThread "pool-3-thread-1"                   [_thread_blocked, id=28760, stack(0x000000baabd00000,0x000000baabe00000) (1024K)]
  0x000002ae0a444010 JavaThread "Exec process"                      [_thread_blocked, id=25352, stack(0x000000bab0d00000,0x000000bab0e00000) (1024K)]
  0x000002ae0a4446a0 JavaThread "Exec process Thread 2"             [_thread_blocked, id=15016, stack(0x000000bab0e00000,0x000000bab0f00000) (1024K)]
  0x000002ae0a4425d0 JavaThread "Exec process Thread 3"             [_thread_blocked, id=3220, stack(0x000000bab0f00000,0x000000bab1000000) (1024K)]
Total: 58

Other Threads:
  0x000002adaa8e2c30 VMThread "VM Thread"                           [id=21624, stack(0x000000baab300000,0x000000baab400000) (1024K)]
  0x000002adbeb0ca00 WatcherThread "VM Periodic Task Thread"        [id=25016, stack(0x000000baab200000,0x000000baab300000) (1024K)]
  0x000002adaa8662a0 WorkerThread "GC Thread#0"                     [id=19924, stack(0x000000baab100000,0x000000baab200000) (1024K)]
  0x000002ae074d79f0 WorkerThread "GC Thread#1"                     [id=30300, stack(0x000000baad200000,0x000000baad300000) (1024K)]
  0x000002ae074d7d90 WorkerThread "GC Thread#2"                     [id=23352, stack(0x000000baad500000,0x000000baad600000) (1024K)]
  0x000002ae074d8130 WorkerThread "GC Thread#3"                     [id=27164, stack(0x000000baad600000,0x000000baad700000) (1024K)]
  0x000002ae074d84d0 WorkerThread "GC Thread#4"                     [id=18328, stack(0x000000baad700000,0x000000baad800000) (1024K)]
  0x000002ae07780fb0 WorkerThread "GC Thread#5"                     [id=16312, stack(0x000000baad800000,0x000000baad900000) (1024K)]
  0x000002ae07781760 WorkerThread "GC Thread#6"                     [id=23212, stack(0x000000baad900000,0x000000baada00000) (1024K)]
  0x000002ae07d24b80 WorkerThread "GC Thread#7"                     [id=31552, stack(0x000000baadc00000,0x000000baadd00000) (1024K)]
  0x000002ae08377e30 WorkerThread "GC Thread#8"                     [id=27804, stack(0x000000baae000000,0x000000baae100000) (1024K)]
  0x000002ae083781d0 WorkerThread "GC Thread#9"                     [id=22896, stack(0x000000baae100000,0x000000baae200000) (1024K)]
  0x000002ae07cd1650 WorkerThread "GC Thread#10"                    [id=20168, stack(0x000000baae200000,0x000000baae300000) (1024K)]
  0x000002ae07cd2870 WorkerThread "GC Thread#11"                    [id=31768, stack(0x000000baae600000,0x000000baae700000) (1024K)]
  0x000002ae07cd12b0 WorkerThread "GC Thread#12"                    [id=26008, stack(0x000000baae800000,0x000000baae900000) (1024K)]
Total: 15

Threads with active compile tasks:
Total: 0

VM state: not at safepoint (normal execution)

VM Mutex/Monitor currently owned by a thread: None

Heap address: 0x00000000c0000000, size: 1024 MB, Compressed Oops mode: 32-bit

CDS archive(s) mapped at: [0x000002adbf000000-0x000002adbfba0000-0x000002adbfba0000), size 12189696, SharedBaseAddress: 0x000002adbf000000, ArchiveRelocationMode: 1.
Compressed class space mapped at: 0x000002adc0000000-0x000002ae00000000, reserved size: 1073741824
Narrow klass base: 0x000002adbf000000, Narrow klass shift: 0, Narrow klass range: 0x100000000

GC Precious Log:
 CardTable entry size: 512
 CPUs: 16 total, 16 available
 Memory: 16096M
 Large Page Support: Disabled
 NUMA Support: Disabled
 Compressed Oops: Enabled (32-bit)
 Alignments: Space 512K, Generation 512K, Heap 2M
 Heap Min Capacity: 100M
 Heap Initial Capacity: 100M
 Heap Max Capacity: 1G
 Pre-touch: Disabled
 Parallel Workers: 13

Heap:
 PSYoungGen      total 15872K, used 8584K [0x00000000eab00000, 0x00000000ebd00000, 0x0000000100000000)
  eden space 14848K, 53% used [0x00000000eab00000,0x00000000eb2d21b0,0x00000000eb980000)
  from space 1024K, 56% used [0x00000000ebb80000,0x00000000ebc10000,0x00000000ebc80000)
  to   space 512K, 0% used [0x00000000ebc80000,0x00000000ebc80000,0x00000000ebd00000)
 ParOldGen       total 68608K, used 42856K [0x00000000c0000000, 0x00000000c4300000, 0x00000000eab00000)
  object space 68608K, 62% used [0x00000000c0000000,0x00000000c29da200,0x00000000c4300000)
 Metaspace       used 62352K, committed 63680K, reserved 1114112K
  class space    used 7716K, committed 8320K, reserved 1048576K

Card table byte_map: [0x000002adaa1e0000,0x000002adaa3f0000] _byte_map_base: 0x000002ada9be0000

Marking Bits: (ParMarkBitMap*) 0x00007ff8205931f0
 Begin Bits: [0x000002adbca30000, 0x000002adbda30000)
 End Bits:   [0x000002adbda30000, 0x000002adbea30000)

Polling page: 0x000002ada86b0000

Metaspace:

Usage:
  Non-class:     53.36 MB used.
      Class:      7.54 MB used.
       Both:     60.89 MB used.

Virtual space:
  Non-class space:       64.00 MB reserved,      54.06 MB ( 84%) committed,  1 nodes.
      Class space:        1.00 GB reserved,       8.12 MB ( <1%) committed,  1 nodes.
             Both:        1.06 GB reserved,      62.19 MB (  6%) committed. 

Chunk freelists:
   Non-Class:  9.69 MB
       Class:  7.77 MB
        Both:  17.45 MB

MaxMetaspaceSize: unlimited
CompressedClassSpaceSize: 1.00 GB
Initial GC threshold: 21.00 MB
Current GC threshold: 97.31 MB
CDS: on
 - commit_granule_bytes: 65536.
 - commit_granule_words: 8192.
 - virtual_space_node_default_size: 8388608.
 - enlarge_chunks_in_place: 1.
 - use_allocation_guard: 0.


Internal statistics:

num_allocs_failed_limit: 11.
num_arena_births: 1136.
num_arena_deaths: 14.
num_vsnodes_births: 2.
num_vsnodes_deaths: 0.
num_space_committed: 995.
num_space_uncommitted: 0.
num_chunks_returned_to_freelist: 25.
num_chunks_taken_from_freelist: 3762.
num_chunk_merges: 17.
num_chunk_splits: 2496.
num_chunks_enlarged: 1627.
num_inconsistent_stats: 0.

CodeHeap 'non-profiled nmethods': size=119168Kb used=5103Kb max_used=5103Kb free=114064Kb
 bounds [0x000002adb55d0000, 0x000002adb5ad0000, 0x000002adbca30000]
CodeHeap 'profiled nmethods': size=119104Kb used=14002Kb max_used=14444Kb free=105101Kb
 bounds [0x000002adada30000, 0x000002adae850000, 0x000002adb4e80000]
CodeHeap 'non-nmethods': size=7488Kb used=1386Kb max_used=3160Kb free=6101Kb
 bounds [0x000002adb4e80000, 0x000002adb51b0000, 0x000002adb55d0000]
 total_blobs=7647 nmethods=6960 adapters=593
 compilation: enabled
              stopped_count=0, restarted_count=0
 full_count=0

Compilation events (20 events):
Event: 11.252 Thread 0x000002ae01191d80 7784   !   3       java.security.Provider::putService (244 bytes)
Event: 11.252 Thread 0x000002ae01191d80 nmethod 7784 0x000002adadeba110 code [0x000002adadeba4a0, 0x000002adadebb9d8]
Event: 11.252 Thread 0x000002ae01191d80 7787       3       java.security.Provider::putPropertyStrings (214 bytes)
Event: 11.253 Thread 0x000002ae01191d80 nmethod 7787 0x000002adae2b6890 code [0x000002adae2b6d80, 0x000002adae2b90b0]
Event: 11.253 Thread 0x000002ae01191d80 7782       3       java.security.Provider$Service::<init> (200 bytes)
Event: 11.254 Thread 0x000002ae01191d80 nmethod 7782 0x000002adadd2bb10 code [0x000002adadd2be60, 0x000002adadd2d578]
Event: 11.254 Thread 0x000002ae01191d80 7783       3       java.security.Provider::getEngineName (49 bytes)
Event: 11.254 Thread 0x000002ae01191d80 nmethod 7783 0x000002adae054310 code [0x000002adae054540, 0x000002adae054d80]
Event: 11.254 Thread 0x000002ae01191d80 7785       3       java.security.Provider::check (18 bytes)
Event: 11.254 Thread 0x000002ae01191d80 nmethod 7785 0x000002adadd2b410 code [0x000002adadd2b5e0, 0x000002adadd2b940]
Event: 11.254 Thread 0x000002ae01191d80 7786       3       java.security.Provider::implRemoveService (149 bytes)
Event: 11.254 Thread 0x000002ae01191d80 nmethod 7786 0x000002adae2beb90 code [0x000002adae2bee40, 0x000002adae2bfac0]
Event: 11.254 Thread 0x000002ae01191d80 7788       3       java.security.Provider::checkAndUpdateSecureRandom (88 bytes)
Event: 11.254 Thread 0x000002ae01191d80 nmethod 7788 0x000002adadeb9990 code [0x000002adadeb9b60, 0x000002adadeb9f00]
Event: 11.456 Thread 0x000002ae01191d80 7789       3       java.security.MessageDigest::update (11 bytes)
Event: 11.456 Thread 0x000002ae01191d80 nmethod 7789 0x000002adade22710 code [0x000002adade228c0, 0x000002adade22b80]
Event: 11.456 Thread 0x000002ae01191d80 7790       3       java.security.MessageDigest$Delegate::engineUpdate (9 bytes)
Event: 11.456 Thread 0x000002ae01191d80 nmethod 7790 0x000002adade22290 code [0x000002adade22440, 0x000002adade22618]
Event: 11.456 Thread 0x000002ae01191d80 7791       3       sun.security.provider.DigestBase::engineUpdate (32 bytes)
Event: 11.456 Thread 0x000002ae01191d80 nmethod 7791 0x000002adade21b10 code [0x000002adade21cc0, 0x000002adade21f28]

GC Heap History (20 events):
Event: 8.382 GC heap before
{Heap before GC invocations=41 (full 3):
 PSYoungGen      total 15872K, used 15870K [0x00000000eab00000, 0x00000000ebf00000, 0x0000000100000000)
  eden space 14848K, 100% used [0x00000000eab00000,0x00000000eb980000,0x00000000eb980000)
  from space 1024K, 99% used [0x00000000ebd00000,0x00000000ebdff958,0x00000000ebe00000)
  to   space 1024K, 0% used [0x00000000ebe00000,0x00000000ebe00000,0x00000000ebf00000)
 ParOldGen       total 68608K, used 39147K [0x00000000c0000000, 0x00000000c4300000, 0x00000000eab00000)
  object space 68608K, 57% used [0x00000000c0000000,0x00000000c263ade0,0x00000000c4300000)
 Metaspace       used 58786K, committed 60032K, reserved 1114112K
  class space    used 7198K, committed 7744K, reserved 1048576K
}
Event: 8.383 GC heap after
{Heap after GC invocations=41 (full 3):
 PSYoungGen      total 15872K, used 922K [0x00000000eab00000, 0x00000000ebf00000, 0x0000000100000000)
  eden space 14848K, 0% used [0x00000000eab00000,0x00000000eab00000,0x00000000eb980000)
  from space 1024K, 90% used [0x00000000ebe00000,0x00000000ebee68d8,0x00000000ebf00000)
  to   space 1024K, 0% used [0x00000000ebd00000,0x00000000ebd00000,0x00000000ebe00000)
 ParOldGen       total 68608K, used 39227K [0x00000000c0000000, 0x00000000c4300000, 0x00000000eab00000)
  object space 68608K, 57% used [0x00000000c0000000,0x00000000c264ede0,0x00000000c4300000)
 Metaspace       used 58786K, committed 60032K, reserved 1114112K
  class space    used 7198K, committed 7744K, reserved 1048576K
}
Event: 8.438 GC heap before
{Heap before GC invocations=42 (full 3):
 PSYoungGen      total 15872K, used 15770K [0x00000000eab00000, 0x00000000ebf00000, 0x0000000100000000)
  eden space 14848K, 100% used [0x00000000eab00000,0x00000000eb980000,0x00000000eb980000)
  from space 1024K, 90% used [0x00000000ebe00000,0x00000000ebee68d8,0x00000000ebf00000)
  to   space 1024K, 0% used [0x00000000ebd00000,0x00000000ebd00000,0x00000000ebe00000)
 ParOldGen       total 68608K, used 39227K [0x00000000c0000000, 0x00000000c4300000, 0x00000000eab00000)
  object space 68608K, 57% used [0x00000000c0000000,0x00000000c264ede0,0x00000000c4300000)
 Metaspace       used 58786K, committed 60032K, reserved 1114112K
  class space    used 7198K, committed 7744K, reserved 1048576K
}
Event: 8.439 GC heap after
{Heap after GC invocations=42 (full 3):
 PSYoungGen      total 15360K, used 352K [0x00000000eab00000, 0x00000000ebe80000, 0x0000000100000000)
  eden space 14848K, 0% used [0x00000000eab00000,0x00000000eab00000,0x00000000eb980000)
  from space 512K, 68% used [0x00000000ebd00000,0x00000000ebd58000,0x00000000ebd80000)
  to   space 1024K, 0% used [0x00000000ebd80000,0x00000000ebd80000,0x00000000ebe80000)
 ParOldGen       total 68608K, used 39307K [0x00000000c0000000, 0x00000000c4300000, 0x00000000eab00000)
  object space 68608K, 57% used [0x00000000c0000000,0x00000000c2662df0,0x00000000c4300000)
 Metaspace       used 58786K, committed 60032K, reserved 1114112K
  class space    used 7198K, committed 7744K, reserved 1048576K
}
Event: 8.492 GC heap before
{Heap before GC invocations=43 (full 3):
 PSYoungGen      total 15360K, used 15200K [0x00000000eab00000, 0x00000000ebe80000, 0x0000000100000000)
  eden space 14848K, 100% used [0x00000000eab00000,0x00000000eb980000,0x00000000eb980000)
  from space 512K, 68% used [0x00000000ebd00000,0x00000000ebd58000,0x00000000ebd80000)
  to   space 1024K, 0% used [0x00000000ebd80000,0x00000000ebd80000,0x00000000ebe80000)
 ParOldGen       total 68608K, used 39307K [0x00000000c0000000, 0x00000000c4300000, 0x00000000eab00000)
  object space 68608K, 57% used [0x00000000c0000000,0x00000000c2662df0,0x00000000c4300000)
 Metaspace       used 58786K, committed 60032K, reserved 1114112K
  class space    used 7198K, committed 7744K, reserved 1048576K
}
Event: 8.493 GC heap after
{Heap after GC invocations=43 (full 3):
 PSYoungGen      total 15872K, used 1021K [0x00000000eab00000, 0x00000000ebe80000, 0x0000000100000000)
  eden space 14848K, 0% used [0x00000000eab00000,0x00000000eab00000,0x00000000eb980000)
  from space 1024K, 99% used [0x00000000ebd80000,0x00000000ebe7f7b0,0x00000000ebe80000)
  to   space 1536K, 0% used [0x00000000ebb80000,0x00000000ebb80000,0x00000000ebd00000)
 ParOldGen       total 68608K, used 39543K [0x00000000c0000000, 0x00000000c4300000, 0x00000000eab00000)
  object space 68608K, 57% used [0x00000000c0000000,0x00000000c269dd60,0x00000000c4300000)
 Metaspace       used 58786K, committed 60032K, reserved 1114112K
  class space    used 7198K, committed 7744K, reserved 1048576K
}
Event: 8.556 GC heap before
{Heap before GC invocations=44 (full 3):
 PSYoungGen      total 15872K, used 15869K [0x00000000eab00000, 0x00000000ebe80000, 0x0000000100000000)
  eden space 14848K, 100% used [0x00000000eab00000,0x00000000eb980000,0x00000000eb980000)
  from space 1024K, 99% used [0x00000000ebd80000,0x00000000ebe7f7b0,0x00000000ebe80000)
  to   space 1536K, 0% used [0x00000000ebb80000,0x00000000ebb80000,0x00000000ebd00000)
 ParOldGen       total 68608K, used 39543K [0x00000000c0000000, 0x00000000c4300000, 0x00000000eab00000)
  object space 68608K, 57% used [0x00000000c0000000,0x00000000c269dd60,0x00000000c4300000)
 Metaspace       used 58786K, committed 60032K, reserved 1114112K
  class space    used 7198K, committed 7744K, reserved 1048576K
}
Event: 8.556 GC heap after
{Heap after GC invocations=44 (full 3):
 PSYoungGen      total 16384K, used 705K [0x00000000eab00000, 0x00000000ebe00000, 0x0000000100000000)
  eden space 14848K, 0% used [0x00000000eab00000,0x00000000eab00000,0x00000000eb980000)
  from space 1536K, 45% used [0x00000000ebb80000,0x00000000ebc30698,0x00000000ebd00000)
  to   space 1024K, 0% used [0x00000000ebd00000,0x00000000ebd00000,0x00000000ebe00000)
 ParOldGen       total 68608K, used 39615K [0x00000000c0000000, 0x00000000c4300000, 0x00000000eab00000)
  object space 68608K, 57% used [0x00000000c0000000,0x00000000c26afd60,0x00000000c4300000)
 Metaspace       used 58786K, committed 60032K, reserved 1114112K
  class space    used 7198K, committed 7744K, reserved 1048576K
}
Event: 8.613 GC heap before
{Heap before GC invocations=45 (full 3):
 PSYoungGen      total 16384K, used 15553K [0x00000000eab00000, 0x00000000ebe00000, 0x0000000100000000)
  eden space 14848K, 100% used [0x00000000eab00000,0x00000000eb980000,0x00000000eb980000)
  from space 1536K, 45% used [0x00000000ebb80000,0x00000000ebc30698,0x00000000ebd00000)
  to   space 1024K, 0% used [0x00000000ebd00000,0x00000000ebd00000,0x00000000ebe00000)
 ParOldGen       total 68608K, used 39615K [0x00000000c0000000, 0x00000000c4300000, 0x00000000eab00000)
  object space 68608K, 57% used [0x00000000c0000000,0x00000000c26afd60,0x00000000c4300000)
 Metaspace       used 58786K, committed 60032K, reserved 1114112K
  class space    used 7198K, committed 7744K, reserved 1048576K
}
Event: 8.614 GC heap after
{Heap after GC invocations=45 (full 3):
 PSYoungGen      total 15360K, used 320K [0x00000000eab00000, 0x00000000ebd80000, 0x0000000100000000)
  eden space 14848K, 0% used [0x00000000eab00000,0x00000000eab00000,0x00000000eb980000)
  from space 512K, 62% used [0x00000000ebd00000,0x00000000ebd50000,0x00000000ebd80000)
  to   space 512K, 0% used [0x00000000ebc80000,0x00000000ebc80000,0x00000000ebd00000)
 ParOldGen       total 68608K, used 40240K [0x00000000c0000000, 0x00000000c4300000, 0x00000000eab00000)
  object space 68608K, 58% used [0x00000000c0000000,0x00000000c274c168,0x00000000c4300000)
 Metaspace       used 58786K, committed 60032K, reserved 1114112K
  class space    used 7198K, committed 7744K, reserved 1048576K
}
Event: 8.676 GC heap before
{Heap before GC invocations=46 (full 3):
 PSYoungGen      total 15360K, used 15168K [0x00000000eab00000, 0x00000000ebd80000, 0x0000000100000000)
  eden space 14848K, 100% used [0x00000000eab00000,0x00000000eb980000,0x00000000eb980000)
  from space 512K, 62% used [0x00000000ebd00000,0x00000000ebd50000,0x00000000ebd80000)
  to   space 512K, 0% used [0x00000000ebc80000,0x00000000ebc80000,0x00000000ebd00000)
 ParOldGen       total 68608K, used 40240K [0x00000000c0000000, 0x00000000c4300000, 0x00000000eab00000)
  object space 68608K, 58% used [0x00000000c0000000,0x00000000c274c168,0x00000000c4300000)
 Metaspace       used 58786K, committed 60032K, reserved 1114112K
  class space    used 7198K, committed 7744K, reserved 1048576K
}
Event: 8.676 GC heap after
{Heap after GC invocations=46 (full 3):
 PSYoungGen      total 15360K, used 503K [0x00000000eab00000, 0x00000000ebd80000, 0x0000000100000000)
  eden space 14848K, 0% used [0x00000000eab00000,0x00000000eab00000,0x00000000eb980000)
  from space 512K, 98% used [0x00000000ebc80000,0x00000000ebcfdc80,0x00000000ebd00000)
  to   space 512K, 0% used [0x00000000ebd00000,0x00000000ebd00000,0x00000000ebd80000)
 ParOldGen       total 68608K, used 41154K [0x00000000c0000000, 0x00000000c4300000, 0x00000000eab00000)
  object space 68608K, 59% used [0x00000000c0000000,0x00000000c2830b10,0x00000000c4300000)
 Metaspace       used 58786K, committed 60032K, reserved 1114112K
  class space    used 7198K, committed 7744K, reserved 1048576K
}
Event: 8.753 GC heap before
{Heap before GC invocations=47 (full 3):
 PSYoungGen      total 15360K, used 15351K [0x00000000eab00000, 0x00000000ebd80000, 0x0000000100000000)
  eden space 14848K, 100% used [0x00000000eab00000,0x00000000eb980000,0x00000000eb980000)
  from space 512K, 98% used [0x00000000ebc80000,0x00000000ebcfdc80,0x00000000ebd00000)
  to   space 512K, 0% used [0x00000000ebd00000,0x00000000ebd00000,0x00000000ebd80000)
 ParOldGen       total 68608K, used 41154K [0x00000000c0000000, 0x00000000c4300000, 0x00000000eab00000)
  object space 68608K, 59% used [0x00000000c0000000,0x00000000c2830b10,0x00000000c4300000)
 Metaspace       used 58786K, committed 60032K, reserved 1114112K
  class space    used 7198K, committed 7744K, reserved 1048576K
}
Event: 8.754 GC heap after
{Heap after GC invocations=47 (full 3):
 PSYoungGen      total 15360K, used 416K [0x00000000eab00000, 0x00000000ebd80000, 0x0000000100000000)
  eden space 14848K, 0% used [0x00000000eab00000,0x00000000eab00000,0x00000000eb980000)
  from space 512K, 81% used [0x00000000ebd00000,0x00000000ebd68000,0x00000000ebd80000)
  to   space 1024K, 0% used [0x00000000ebb80000,0x00000000ebb80000,0x00000000ebc80000)
 ParOldGen       total 68608K, used 41242K [0x00000000c0000000, 0x00000000c4300000, 0x00000000eab00000)
  object space 68608K, 60% used [0x00000000c0000000,0x00000000c2846b10,0x00000000c4300000)
 Metaspace       used 58786K, committed 60032K, reserved 1114112K
  class space    used 7198K, committed 7744K, reserved 1048576K
}
Event: 8.830 GC heap before
{Heap before GC invocations=48 (full 3):
 PSYoungGen      total 15360K, used 15264K [0x00000000eab00000, 0x00000000ebd80000, 0x0000000100000000)
  eden space 14848K, 100% used [0x00000000eab00000,0x00000000eb980000,0x00000000eb980000)
  from space 512K, 81% used [0x00000000ebd00000,0x00000000ebd68000,0x00000000ebd80000)
  to   space 1024K, 0% used [0x00000000ebb80000,0x00000000ebb80000,0x00000000ebc80000)
 ParOldGen       total 68608K, used 41242K [0x00000000c0000000, 0x00000000c4300000, 0x00000000eab00000)
  object space 68608K, 60% used [0x00000000c0000000,0x00000000c2846b10,0x00000000c4300000)
 Metaspace       used 58786K, committed 60032K, reserved 1114112K
  class space    used 7198K, committed 7744K, reserved 1048576K
}
Event: 8.831 GC heap after
{Heap after GC invocations=48 (full 3):
 PSYoungGen      total 15872K, used 1019K [0x00000000eab00000, 0x00000000ebd80000, 0x0000000100000000)
  eden space 14848K, 0% used [0x00000000eab00000,0x00000000eab00000,0x00000000eb980000)
  from space 1024K, 99% used [0x00000000ebb80000,0x00000000ebc7ecb8,0x00000000ebc80000)
  to   space 1024K, 0% used [0x00000000ebc80000,0x00000000ebc80000,0x00000000ebd80000)
 ParOldGen       total 68608K, used 41499K [0x00000000c0000000, 0x00000000c4300000, 0x00000000eab00000)
  object space 68608K, 60% used [0x00000000c0000000,0x00000000c2886fc0,0x00000000c4300000)
 Metaspace       used 58786K, committed 60032K, reserved 1114112K
  class space    used 7198K, committed 7744K, reserved 1048576K
}
Event: 9.029 GC heap before
{Heap before GC invocations=49 (full 3):
 PSYoungGen      total 15872K, used 15867K [0x00000000eab00000, 0x00000000ebd80000, 0x0000000100000000)
  eden space 14848K, 100% used [0x00000000eab00000,0x00000000eb980000,0x00000000eb980000)
  from space 1024K, 99% used [0x00000000ebb80000,0x00000000ebc7ecb8,0x00000000ebc80000)
  to   space 1024K, 0% used [0x00000000ebc80000,0x00000000ebc80000,0x00000000ebd80000)
 ParOldGen       total 68608K, used 41499K [0x00000000c0000000, 0x00000000c4300000, 0x00000000eab00000)
  object space 68608K, 60% used [0x00000000c0000000,0x00000000c2886fc0,0x00000000c4300000)
 Metaspace       used 60076K, committed 61376K, reserved 1114112K
  class space    used 7387K, committed 7936K, reserved 1048576K
}
Event: 9.031 GC heap after
{Heap after GC invocations=49 (full 3):
 PSYoungGen      total 15872K, used 672K [0x00000000eab00000, 0x00000000ebd80000, 0x0000000100000000)
  eden space 14848K, 0% used [0x00000000eab00000,0x00000000eab00000,0x00000000eb980000)
  from space 1024K, 65% used [0x00000000ebc80000,0x00000000ebd28010,0x00000000ebd80000)
  to   space 1024K, 0% used [0x00000000ebb80000,0x00000000ebb80000,0x00000000ebc80000)
 ParOldGen       total 68608K, used 41587K [0x00000000c0000000, 0x00000000c4300000, 0x00000000eab00000)
  object space 68608K, 60% used [0x00000000c0000000,0x00000000c289cfd0,0x00000000c4300000)
 Metaspace       used 60076K, committed 61376K, reserved 1114112K
  class space    used 7387K, committed 7936K, reserved 1048576K
}
Event: 9.413 GC heap before
{Heap before GC invocations=50 (full 3):
 PSYoungGen      total 15872K, used 15520K [0x00000000eab00000, 0x00000000ebd80000, 0x0000000100000000)
  eden space 14848K, 100% used [0x00000000eab00000,0x00000000eb980000,0x00000000eb980000)
  from space 1024K, 65% used [0x00000000ebc80000,0x00000000ebd28010,0x00000000ebd80000)
  to   space 1024K, 0% used [0x00000000ebb80000,0x00000000ebb80000,0x00000000ebc80000)
 ParOldGen       total 68608K, used 41587K [0x00000000c0000000, 0x00000000c4300000, 0x00000000eab00000)
  object space 68608K, 60% used [0x00000000c0000000,0x00000000c289cfd0,0x00000000c4300000)
 Metaspace       used 61695K, committed 63040K, reserved 1114112K
  class space    used 7633K, committed 8256K, reserved 1048576K
}
Event: 9.415 GC heap after
{Heap after GC invocations=50 (full 3):
 PSYoungGen      total 15872K, used 576K [0x00000000eab00000, 0x00000000ebd00000, 0x0000000100000000)
  eden space 14848K, 0% used [0x00000000eab00000,0x00000000eab00000,0x00000000eb980000)
  from space 1024K, 56% used [0x00000000ebb80000,0x00000000ebc10000,0x00000000ebc80000)
  to   space 512K, 0% used [0x00000000ebc80000,0x00000000ebc80000,0x00000000ebd00000)
 ParOldGen       total 68608K, used 42856K [0x00000000c0000000, 0x00000000c4300000, 0x00000000eab00000)
  object space 68608K, 62% used [0x00000000c0000000,0x00000000c29da200,0x00000000c4300000)
 Metaspace       used 61695K, committed 63040K, reserved 1114112K
  class space    used 7633K, committed 8256K, reserved 1048576K
}

Dll operation events (15 events):
Event: 0.007 Loaded shared library c:\Users\admin\.cursor\extensions\redhat.java-1.42.0-win32-x64\jre\21.0.7-win32-x86_64\bin\java.dll
Event: 0.177 Loaded shared library c:\Users\admin\.cursor\extensions\redhat.java-1.42.0-win32-x64\jre\21.0.7-win32-x86_64\bin\zip.dll
Event: 0.189 Loaded shared library C:\Users\admin\.cursor\extensions\redhat.java-1.42.0-win32-x64\jre\21.0.7-win32-x86_64\bin\instrument.dll
Event: 0.192 Loaded shared library C:\Users\admin\.cursor\extensions\redhat.java-1.42.0-win32-x64\jre\21.0.7-win32-x86_64\bin\net.dll
Event: 0.198 Loaded shared library C:\Users\admin\.cursor\extensions\redhat.java-1.42.0-win32-x64\jre\21.0.7-win32-x86_64\bin\nio.dll
Event: 0.200 Loaded shared library C:\Users\admin\.cursor\extensions\redhat.java-1.42.0-win32-x64\jre\21.0.7-win32-x86_64\bin\zip.dll
Event: 0.210 Loaded shared library C:\Users\admin\.cursor\extensions\redhat.java-1.42.0-win32-x64\jre\21.0.7-win32-x86_64\bin\jimage.dll
Event: 0.249 Loaded shared library c:\Users\admin\.cursor\extensions\redhat.java-1.42.0-win32-x64\jre\21.0.7-win32-x86_64\bin\verify.dll
Event: 1.411 Loaded shared library C:\Users\admin\AppData\Roaming\Cursor\User\globalStorage\redhat.java\1.42.0\config_win\org.eclipse.equinox.launcher\org.eclipse.equinox.launcher.win32.win32.x86_64_1.2.1300.v20250331-1702\eclipse_11911.dll
Event: 3.107 Loaded shared library C:\Users\admin\.cursor\extensions\redhat.java-1.42.0-win32-x64\jre\21.0.7-win32-x86_64\bin\management.dll
Event: 3.109 Loaded shared library C:\Users\admin\.cursor\extensions\redhat.java-1.42.0-win32-x64\jre\21.0.7-win32-x86_64\bin\management_ext.dll
Event: 3.259 Loaded shared library C:\Users\admin\AppData\Local\Temp\jna-92668751\jna14997371965569281456.dll
Event: 6.862 Loaded shared library C:\Users\admin\.gradle\native\1def1411415f61bf3af743bc5b6707747c0891f09f0c88961ee8f79bc544acac\windows-amd64\native-platform.dll
Event: 8.940 Loaded shared library C:\Users\admin\.cursor\extensions\redhat.java-1.42.0-win32-x64\jre\21.0.7-win32-x86_64\bin\extnet.dll
Event: 11.241 Loaded shared library C:\Users\admin\.cursor\extensions\redhat.java-1.42.0-win32-x64\jre\21.0.7-win32-x86_64\bin\sunmscapi.dll

Deoptimization events (20 events):
Event: 11.245 Thread 0x000002ae0a4432f0 Uncommon trap: trap_request=0xffffff45 fr.pc=0x000002adb56876e0 relative=0x00000000000008a0
Event: 11.245 Thread 0x000002ae0a4432f0 Uncommon trap: reason=unstable_if action=reinterpret pc=0x000002adb56876e0 method=java.util.HashMap.computeIfAbsent(Ljava/lang/Object;Ljava/util/function/Function;)Ljava/lang/Object; @ 294 c2
Event: 11.245 Thread 0x000002ae0a4432f0 DEOPT PACKING pc=0x000002adb56876e0 sp=0x000000bab0cfbe10
Event: 11.245 Thread 0x000002ae0a4432f0 DEOPT UNPACKING pc=0x000002adb4ed3aa2 sp=0x000000bab0cfbdb8 mode 2
Event: 11.457 Thread 0x000002ae0a4432f0 Uncommon trap: trap_request=0xffffff45 fr.pc=0x000002adb5958244 relative=0x0000000000000b84
Event: 11.457 Thread 0x000002ae0a4432f0 Uncommon trap: reason=unstable_if action=reinterpret pc=0x000002adb5958244 method=sun.nio.fs.WindowsPath.openForReadAttributeAccess(Z)J @ 5 c2
Event: 11.457 Thread 0x000002ae0a4432f0 DEOPT PACKING pc=0x000002adb5958244 sp=0x000000bab0cfd990
Event: 11.457 Thread 0x000002ae0a4432f0 DEOPT UNPACKING pc=0x000002adb4ed3aa2 sp=0x000000bab0cfd968 mode 2
Event: 11.457 Thread 0x000002ae0a4432f0 Uncommon trap: trap_request=0xffffff45 fr.pc=0x000002adb595cc88 relative=0x0000000000000a68
Event: 11.457 Thread 0x000002ae0a4432f0 Uncommon trap: reason=unstable_if action=reinterpret pc=0x000002adb595cc88 method=sun.nio.fs.WindowsNativeDispatcher.asNativeBuffer(Ljava/lang/String;)Lsun/nio/fs/NativeBuffer; @ 52 c2
Event: 11.457 Thread 0x000002ae0a4432f0 DEOPT PACKING pc=0x000002adb595cc88 sp=0x000000bab0cfd910
Event: 11.457 Thread 0x000002ae0a4432f0 DEOPT UNPACKING pc=0x000002adb4ed3aa2 sp=0x000000bab0cfd7b8 mode 2
Event: 11.457 Thread 0x000002ae0a4432f0 Uncommon trap: trap_request=0xffffff45 fr.pc=0x000002adb5956230 relative=0x0000000000000650
Event: 11.457 Thread 0x000002ae0a4432f0 Uncommon trap: reason=unstable_if action=reinterpret pc=0x000002adb5956230 method=sun.nio.fs.WindowsFileAttributes.isReparsePoint(I)Z @ 5 c2
Event: 11.457 Thread 0x000002ae0a4432f0 DEOPT PACKING pc=0x000002adb5956230 sp=0x000000bab0cfd9b0
Event: 11.457 Thread 0x000002ae0a4432f0 DEOPT UNPACKING pc=0x000002adb4ed3aa2 sp=0x000000bab0cfd8d8 mode 2
Event: 11.457 Thread 0x000002ae0a4432f0 Uncommon trap: trap_request=0xffffff45 fr.pc=0x000002adb593f684 relative=0x00000000000001c4
Event: 11.457 Thread 0x000002ae0a4432f0 Uncommon trap: reason=unstable_if action=reinterpret pc=0x000002adb593f684 method=sun.nio.fs.NativeBuffers.getNativeBufferFromCache(I)Lsun/nio/fs/NativeBuffer; @ 34 c2
Event: 11.457 Thread 0x000002ae0a4432f0 DEOPT PACKING pc=0x000002adb593f684 sp=0x000000bab0cfd8c0
Event: 11.457 Thread 0x000002ae0a4432f0 DEOPT UNPACKING pc=0x000002adb4ed3aa2 sp=0x000000bab0cfd848 mode 2

Classes loaded (20 events):
Event: 11.253 Loading class sun/security/provider/certpath/ldap/JdkLDAP$ProviderService
Event: 11.253 Loading class sun/security/provider/certpath/ldap/JdkLDAP$ProviderService done
Event: 11.253 Loading class com/sun/security/sasl/Provider
Event: 11.253 Loading class com/sun/security/sasl/Provider done
Event: 11.253 Loading class com/sun/security/sasl/Provider$1
Event: 11.253 Loading class com/sun/security/sasl/Provider$1 done
Event: 11.253 Loading class com/sun/security/sasl/Provider$ProviderService
Event: 11.253 Loading class com/sun/security/sasl/Provider$ProviderService done
Event: 11.254 Loading class sun/nio/ch/ServerSocketChannelImpl
Event: 11.254 Loading class sun/nio/ch/ServerSocketChannelImpl done
Event: 11.456 Loading class java/nio/BufferMismatch
Event: 11.456 Loading class java/nio/BufferMismatch done
Event: 11.456 Loading class sun/nio/ch/SourceChannelImpl
Event: 11.457 Loading class java/nio/channels/Pipe$SourceChannel
Event: 11.457 Loading class java/nio/channels/Pipe$SourceChannel done
Event: 11.457 Loading class sun/nio/ch/SourceChannelImpl done
Event: 11.457 Loading class sun/nio/ch/SinkChannelImpl
Event: 11.457 Loading class java/nio/channels/Pipe$SinkChannel
Event: 11.457 Loading class java/nio/channels/Pipe$SinkChannel done
Event: 11.457 Loading class sun/nio/ch/SinkChannelImpl done

Classes unloaded (7 events):
Event: 2.786 Thread 0x000002adaa8e2c30 Unloading class 0x000002adc01a3c00 'java/lang/invoke/LambdaForm$MH+0x000002adc01a3c00'
Event: 2.786 Thread 0x000002adaa8e2c30 Unloading class 0x000002adc01a3800 'java/lang/invoke/LambdaForm$MH+0x000002adc01a3800'
Event: 2.786 Thread 0x000002adaa8e2c30 Unloading class 0x000002adc01a3400 'java/lang/invoke/LambdaForm$MH+0x000002adc01a3400'
Event: 2.786 Thread 0x000002adaa8e2c30 Unloading class 0x000002adc01a3000 'java/lang/invoke/LambdaForm$MH+0x000002adc01a3000'
Event: 2.786 Thread 0x000002adaa8e2c30 Unloading class 0x000002adc01a2c00 'java/lang/invoke/LambdaForm$BMH+0x000002adc01a2c00'
Event: 2.786 Thread 0x000002adaa8e2c30 Unloading class 0x000002adc01a2800 'java/lang/invoke/LambdaForm$DMH+0x000002adc01a2800'
Event: 2.786 Thread 0x000002adaa8e2c30 Unloading class 0x000002adc01a1400 'java/lang/invoke/LambdaForm$DMH+0x000002adc01a1400'

Classes redefined (0 events):
No events

Internal exceptions (20 events):
Event: 9.023 Thread 0x000002ae0a4432f0 Exception <a 'java/lang/NoSuchMethodError'{0x00000000eb8d5860}: 'java.lang.Object java.lang.invoke.DirectMethodHandle$Holder.invokeStatic(java.lang.Object, java.lang.Object, java.lang.Object, java.lang.Object, java.lang.Object, java.lang.Object, java.lang.Object, java.lang.Object, java.lang.Object, java.lang.Object, java.lang.Object, java.lang.Object, java.lang.Object, java.lang.Object, java.lang.Object, java.lang.Object, java.lang.Object)'> (0x00000000eb8d5860) 
thrown [s\src\hotspot\share\interpreter\lin
Event: 9.024 Thread 0x000002ae0a4432f0 Exception <a 'java/lang/NoSuchMethodError'{0x00000000eb903380}: 'java.lang.Object java.lang.invoke.DirectMethodHandle$Holder.invokeStatic(java.lang.Object, java.lang.Object, java.lang.Object, java.lang.Object, java.lang.Object, java.lang.Object, java.lang.Object, java.lang.Object, java.lang.Object, java.lang.Object, java.lang.Object, java.lang.Object, java.lang.Object, java.lang.Object, java.lang.Object, java.lang.Object, java.lang.Object, java.lang.Object)'> (0x00000000eb903380) 
thrown [s\src\hotspot\sha
Event: 9.026 Thread 0x000002ae0a4432f0 Exception <a 'java/lang/NoSuchMethodError'{0x00000000eb930ec0}: 'java.lang.Object java.lang.invoke.DirectMethodHandle$Holder.invokeStatic(java.lang.Object, java.lang.Object, java.lang.Object, java.lang.Object, java.lang.Object, java.lang.Object, java.lang.Object, java.lang.Object, java.lang.Object, java.lang.Object, java.lang.Object, java.lang.Object, java.lang.Object, java.lang.Object, java.lang.Object, java.lang.Object, java.lang.Object, java.lang.Object, java.lang.Object)'> (0x00000000eb930ec0) 
thrown 
Event: 9.029 Thread 0x000002ae0a4432f0 Exception <a 'java/lang/NoSuchMethodError'{0x00000000eb969d10}: 'java.lang.Object java.lang.invoke.DirectMethodHandle$Holder.invokeStatic(java.lang.Object, java.lang.Object, java.lang.Object, java.lang.Object, java.lang.Object, java.lang.Object, java.lang.Object, java.lang.Object, java.lang.Object, java.lang.Object, java.lang.Object, java.lang.Object, java.lang.Object, java.lang.Object, java.lang.Object, java.lang.Object, java.lang.Object, java.lang.Object, java.lang.Object, java.lang.Object)'> (0x00000000
Event: 9.034 Thread 0x000002ae0a4432f0 Exception <a 'java/lang/NoSuchMethodError'{0x00000000eab294c8}: 'java.lang.Object java.lang.invoke.DirectMethodHandle$Holder.invokeStatic(java.lang.Object, java.lang.Object, java.lang.Object, java.lang.Object, java.lang.Object, java.lang.Object, java.lang.Object, java.lang.Object, java.lang.Object, java.lang.Object, java.lang.Object, java.lang.Object, java.lang.Object, java.lang.Object, java.lang.Object, java.lang.Object, java.lang.Object, java.lang.Object, java.lang.Object, java.lang.Object, java.lang.Obj
Event: 9.036 Thread 0x000002ae0a4432f0 Exception <a 'java/lang/NoSuchMethodError'{0x00000000eab6d770}: 'java.lang.Object java.lang.invoke.DirectMethodHandle$Holder.invokeStatic(java.lang.Object, java.lang.Object, java.lang.Object, java.lang.Object, java.lang.Object, java.lang.Object, java.lang.Object, java.lang.Object, java.lang.Object, java.lang.Object, java.lang.Object, java.lang.Object, java.lang.Object, java.lang.Object, java.lang.Object, java.lang.Object, java.lang.Object, java.lang.Object, java.lang.Object, java.lang.Object, java.lang.Obj
Event: 9.039 Thread 0x000002ae0a4432f0 Exception <a 'java/lang/NoSuchMethodError'{0x00000000eab9f4a0}: 'java.lang.Object java.lang.invoke.DirectMethodHandle$Holder.invokeStatic(java.lang.Object, java.lang.Object, java.lang.Object, java.lang.Object, java.lang.Object, java.lang.Object, java.lang.Object, java.lang.Object, java.lang.Object, java.lang.Object, java.lang.Object, java.lang.Object, java.lang.Object, java.lang.Object, java.lang.Object, java.lang.Object, java.lang.Object, java.lang.Object, java.lang.Object, java.lang.Object, java.lang.Obj
Event: 9.042 Thread 0x000002ae0a4432f0 Exception <a 'java/lang/NoSuchMethodError'{0x00000000eacc7600}: 'java.lang.Object java.lang.invoke.DirectMethodHandle$Holder.invokeStatic(java.lang.Object, java.lang.Object, java.lang.Object, java.lang.Object, java.lang.Object, java.lang.Object, java.lang.Object, java.lang.Object, java.lang.Object, java.lang.Object, java.lang.Object, java.lang.Object, java.lang.Object, java.lang.Object, java.lang.Object, java.lang.Object, java.lang.Object, java.lang.Object, java.lang.Object, java.lang.Object, java.lang.Obj
Event: 9.045 Thread 0x000002ae0a4432f0 Exception <a 'java/lang/NoSuchMethodError'{0x00000000ead18910}: 'java.lang.Object java.lang.invoke.DirectMethodHandle$Holder.invokeStatic(java.lang.Object, java.lang.Object, java.lang.Object, java.lang.Object, java.lang.Object, java.lang.Object, java.lang.Object, java.lang.Object, java.lang.Object, java.lang.Object, java.lang.Object, java.lang.Object, java.lang.Object, java.lang.Object, java.lang.Object, java.lang.Object, java.lang.Object, java.lang.Object, java.lang.Object, java.lang.Object, java.lang.Obj
Event: 9.051 Thread 0x000002ae0a4432f0 Exception <a 'java/lang/NoSuchMethodError'{0x00000000ead3e4b0}: 'java.lang.Object java.lang.invoke.DirectMethodHandle$Holder.invokeSpecial(java.lang.Object, java.lang.Object, java.lang.Object, java.lang.Object, java.lang.Object, java.lang.Object, java.lang.Object, java.lang.Object, java.lang.Object, java.lang.Object, java.lang.Object, java.lang.Object, java.lang.Object, java.lang.Object, java.lang.Object, java.lang.Object, java.lang.Object, java.lang.Object, java.lang.Object, java.lang.Object, java.lang.Ob
Event: 9.052 Thread 0x000002ae0a4432f0 Exception <a 'java/lang/NoSuchMethodError'{0x00000000ead73980}: 'java.lang.Object java.lang.invoke.DirectMethodHandle$Holder.newInvokeSpecial(java.lang.Object, java.lang.Object, java.lang.Object, java.lang.Object, java.lang.Object, java.lang.Object, java.lang.Object, java.lang.Object, java.lang.Object, java.lang.Object, java.lang.Object, java.lang.Object, java.lang.Object, java.lang.Object, java.lang.Object, java.lang.Object, java.lang.Object, java.lang.Object, java.lang.Object, java.lang.Object, java.lang
Event: 9.054 Thread 0x000002ae0a4432f0 Exception <a 'java/lang/NoSuchMethodError'{0x00000000ead79b78}: 'java.lang.Object java.lang.invoke.Invokers$Holder.linkToTargetMethod(java.lang.Object, java.lang.Object, java.lang.Object, java.lang.Object, java.lang.Object, java.lang.Object, java.lang.Object, java.lang.Object, java.lang.Object, java.lang.Object, java.lang.Object, java.lang.Object, java.lang.Object, java.lang.Object, java.lang.Object, java.lang.Object, java.lang.Object, java.lang.Object, java.lang.Object, java.lang.Object, java.lang.Object,
Event: 9.055 Thread 0x000002ae0a4432f0 Exception <a 'java/lang/NoSuchMethodError'{0x00000000ead7ed40}: 'java.lang.Object java.lang.invoke.DirectMethodHandle$Holder.invokeVirtual(java.lang.Object, java.lang.Object, java.lang.Object, java.lang.Object, java.lang.Object, java.lang.Object, java.lang.Object, java.lang.Object, java.lang.Object, java.lang.Object)'> (0x00000000ead7ed40) 
thrown [s\src\hotspot\share\interpreter\linkResolver.cpp, line 773]
Event: 9.077 Thread 0x000002ae0a4432f0 Exception <a 'java/lang/NoSuchMethodError'{0x00000000eaf1a658}: 'java.lang.Object java.lang.invoke.DirectMethodHandle$Holder.invokeVirtual(java.lang.Object, java.lang.Object, java.lang.Object, java.lang.Object, java.lang.Object, java.lang.Object, java.lang.Object, java.lang.Object, java.lang.Object)'> (0x00000000eaf1a658) 
thrown [s\src\hotspot\share\interpreter\linkResolver.cpp, line 773]
Event: 9.106 Thread 0x000002ae0a4432f0 Exception <a 'java/lang/NoSuchMethodError'{0x00000000eb158d00}: 'java.lang.Object java.lang.invoke.DirectMethodHandle$Holder.invokeVirtual(java.lang.Object, java.lang.Object, java.lang.Object, java.lang.Object, java.lang.Object, java.lang.Object, java.lang.Object, java.lang.Object)'> (0x00000000eb158d00) 
thrown [s\src\hotspot\share\interpreter\linkResolver.cpp, line 773]
Event: 9.110 Thread 0x000002ae0a4432f0 Exception <a 'java/lang/NoSuchMethodError'{0x00000000eb1d03d0}: 'long java.lang.invoke.DirectMethodHandle$Holder.invokeVirtual(java.lang.Object, java.lang.Object)'> (0x00000000eb1d03d0) 
thrown [s\src\hotspot\share\interpreter\linkResolver.cpp, line 773]
Event: 9.110 Thread 0x000002ae0a4432f0 Exception <a 'java/lang/NoSuchMethodError'{0x00000000eb1d37d0}: 'long java.lang.invoke.DelegatingMethodHandle$Holder.reinvoke_L(java.lang.Object, java.lang.Object)'> (0x00000000eb1d37d0) 
thrown [s\src\hotspot\share\interpreter\linkResolver.cpp, line 773]
Event: 9.270 Thread 0x000002ae0a444010 Exception <a 'java/lang/NoSuchMethodError'{0x00000000eb845930}: 'void java.lang.invoke.DirectMethodHandle$Holder.invokeStatic(java.lang.Object, long)'> (0x00000000eb845930) 
thrown [s\src\hotspot\share\interpreter\linkResolver.cpp, line 773]
Event: 9.402 Thread 0x000002ae0a444010 Exception <a 'java/lang/NoSuchMethodError'{0x00000000eb869780}: 'void java.lang.invoke.DirectMethodHandle$Holder.invokeSpecial(java.lang.Object, java.lang.Object, int)'> (0x00000000eb869780) 
thrown [s\src\hotspot\share\interpreter\linkResolver.cpp, line 773]
Event: 9.403 Thread 0x000002ae0a444010 Exception <a 'java/lang/NoSuchMethodError'{0x00000000eb86eba8}: 'java.lang.Object java.lang.invoke.DirectMethodHandle$Holder.newInvokeSpecial(java.lang.Object, java.lang.Object, int)'> (0x00000000eb86eba8) 
thrown [s\src\hotspot\share\interpreter\linkResolver.cpp, line 773]

ZGC Phase Switch (0 events):
No events

VM Operations (20 events):
Event: 8.613 Executing VM operation: ParallelGCFailedAllocation (Allocation Failure)
Event: 8.614 Executing VM operation: ParallelGCFailedAllocation (Allocation Failure) done
Event: 8.676 Executing VM operation: ParallelGCFailedAllocation (Allocation Failure)
Event: 8.676 Executing VM operation: ParallelGCFailedAllocation (Allocation Failure) done
Event: 8.753 Executing VM operation: ParallelGCFailedAllocation (Allocation Failure)
Event: 8.754 Executing VM operation: ParallelGCFailedAllocation (Allocation Failure) done
Event: 8.830 Executing VM operation: ParallelGCFailedAllocation (Allocation Failure)
Event: 8.831 Executing VM operation: ParallelGCFailedAllocation (Allocation Failure) done
Event: 9.029 Executing VM operation: HandshakeAllThreads (Deoptimize)
Event: 9.029 Executing VM operation: HandshakeAllThreads (Deoptimize) done
Event: 9.029 Executing VM operation: ParallelGCFailedAllocation (Allocation Failure)
Event: 9.031 Executing VM operation: ParallelGCFailedAllocation (Allocation Failure) done
Event: 9.088 Executing VM operation: HandshakeAllThreads (Deoptimize)
Event: 9.088 Executing VM operation: HandshakeAllThreads (Deoptimize) done
Event: 9.413 Executing VM operation: ParallelGCFailedAllocation (Allocation Failure)
Event: 9.415 Executing VM operation: ParallelGCFailedAllocation (Allocation Failure) done
Event: 11.238 Executing VM operation: HandshakeAllThreads (Deoptimize)
Event: 11.238 Executing VM operation: HandshakeAllThreads (Deoptimize) done
Event: 11.238 Executing VM operation: Cleanup
Event: 11.238 Executing VM operation: Cleanup done

Memory protections (0 events):
No events

Nmethod flushes (20 events):
Event: 8.136 Thread 0x000002adaa8e2c30 flushing  nmethod 0x000002adae3d3310
Event: 8.136 Thread 0x000002adaa8e2c30 flushing  nmethod 0x000002adae3e7310
Event: 8.136 Thread 0x000002adaa8e2c30 flushing  nmethod 0x000002adae3ed910
Event: 8.136 Thread 0x000002adaa8e2c30 flushing  nmethod 0x000002adae40e210
Event: 8.136 Thread 0x000002adaa8e2c30 flushing  nmethod 0x000002adae418710
Event: 8.136 Thread 0x000002adaa8e2c30 flushing  nmethod 0x000002adae419110
Event: 8.136 Thread 0x000002adaa8e2c30 flushing  nmethod 0x000002adae419590
Event: 8.136 Thread 0x000002adaa8e2c30 flushing  nmethod 0x000002adae419990
Event: 8.136 Thread 0x000002adaa8e2c30 flushing  nmethod 0x000002adae41b290
Event: 8.136 Thread 0x000002adaa8e2c30 flushing  nmethod 0x000002adae41cd90
Event: 8.136 Thread 0x000002adaa8e2c30 flushing  nmethod 0x000002adae41dc90
Event: 8.136 Thread 0x000002adaa8e2c30 flushing  nmethod 0x000002adae41e690
Event: 8.136 Thread 0x000002adaa8e2c30 flushing  nmethod 0x000002adae429c90
Event: 8.136 Thread 0x000002adaa8e2c30 flushing  nmethod 0x000002adae436b10
Event: 8.136 Thread 0x000002adaa8e2c30 flushing  nmethod 0x000002adae44d810
Event: 8.136 Thread 0x000002adaa8e2c30 flushing  nmethod 0x000002adae48b610
Event: 8.136 Thread 0x000002adaa8e2c30 flushing  nmethod 0x000002adae48ce10
Event: 8.136 Thread 0x000002adaa8e2c30 flushing  nmethod 0x000002adae48d490
Event: 8.136 Thread 0x000002adaa8e2c30 flushing  nmethod 0x000002adae492c10
Event: 8.136 Thread 0x000002adaa8e2c30 flushing  nmethod 0x000002adae49ba10

Events (20 events):
Event: 7.703 Thread 0x000002ae084d9380 Thread exited: 0x000002ae084d9380
Event: 8.086 Thread 0x000002ae073f3840 Thread exited: 0x000002ae073f3840
Event: 8.475 Thread 0x000002ae01191d80 Thread added: 0x000002ae0c42ae50
Event: 8.475 Thread 0x000002ae01191d80 Thread added: 0x000002ae0c427ea0
Event: 8.546 Thread 0x000002ae01191d80 Thread added: 0x000002ae0c428570
Event: 8.734 Thread 0x000002ae01295970 Thread exited: 0x000002ae01295970
Event: 9.122 Thread 0x000002ae0a4432f0 Thread added: 0x000002ae0a441f40
Event: 9.201 Thread 0x000002ae0c428570 Thread exited: 0x000002ae0c428570
Event: 9.264 Thread 0x000002ae0a4432f0 Thread added: 0x000002ae0a444010
Event: 9.272 Thread 0x000002ae0a444010 Thread added: 0x000002ae0a4446a0
Event: 9.272 Thread 0x000002ae0a444010 Thread added: 0x000002ae0a4425d0
Event: 9.449 Thread 0x000002ae0a4432f0 Thread added: 0x000002ae084d9380
Event: 9.453 Thread 0x000002ae084d9380 Thread added: 0x000002ae014277b0
Event: 9.454 Thread 0x000002ae084d9380 Thread added: 0x000002ae014249c0
Event: 9.454 Thread 0x000002ae014277b0 Thread exited: 0x000002ae014277b0
Event: 10.044 Thread 0x000002ae0c427ea0 Thread exited: 0x000002ae0c427ea0
Event: 10.044 Thread 0x000002ae0c42ae50 Thread exited: 0x000002ae0c42ae50
Event: 11.182 Thread 0x000002ae0129a430 Thread exited: 0x000002ae0129a430
Event: 11.183 Thread 0x000002ae084d9380 Thread exited: 0x000002ae084d9380
Event: 11.183 Thread 0x000002ae014249c0 Thread exited: 0x000002ae014249c0


Dynamic libraries:
0x00007ff776830000 - 0x00007ff77683e000 	c:\Users\admin\.cursor\extensions\redhat.java-1.42.0-win32-x64\jre\21.0.7-win32-x86_64\bin\java.exe
0x00007ff8f0da0000 - 0x00007ff8f1006000 	C:\WINDOWS\SYSTEM32\ntdll.dll
0x00007ff8eeec0000 - 0x00007ff8eef89000 	C:\WINDOWS\System32\KERNEL32.DLL
0x00007ff8ee410000 - 0x00007ff8ee7dc000 	C:\WINDOWS\System32\KERNELBASE.dll
0x00007ff8edfd0000 - 0x00007ff8ee11b000 	C:\WINDOWS\System32\ucrtbase.dll
0x00007ff8c56e0000 - 0x00007ff8c56f8000 	c:\Users\admin\.cursor\extensions\redhat.java-1.42.0-win32-x64\jre\21.0.7-win32-x86_64\bin\jli.dll
0x00007ff8c56c0000 - 0x00007ff8c56de000 	c:\Users\admin\.cursor\extensions\redhat.java-1.42.0-win32-x64\jre\21.0.7-win32-x86_64\bin\VCRUNTIME140.dll
0x00007ff8f0aa0000 - 0x00007ff8f0c6a000 	C:\WINDOWS\System32\USER32.dll
0x00007ff8ee120000 - 0x00007ff8ee147000 	C:\WINDOWS\System32\win32u.dll
0x00007ff8f0440000 - 0x00007ff8f046b000 	C:\WINDOWS\System32\GDI32.dll
0x00007ff8db710000 - 0x00007ff8db9aa000 	C:\WINDOWS\WinSxS\amd64_microsoft.windows.common-controls_6595b64144ccf1df_6.0.26100.3912_none_3e07963ce335137e\COMCTL32.dll
0x00007ff8ee2d0000 - 0x00007ff8ee402000 	C:\WINDOWS\System32\gdi32full.dll
0x00007ff8eeb60000 - 0x00007ff8eec09000 	C:\WINDOWS\System32\msvcrt.dll
0x00007ff8eea20000 - 0x00007ff8eeac3000 	C:\WINDOWS\System32\msvcp_win.dll
0x00007ff8f0c70000 - 0x00007ff8f0ca0000 	C:\WINDOWS\System32\IMM32.DLL
0x00007ff8ea3c0000 - 0x00007ff8ea3cc000 	c:\Users\admin\.cursor\extensions\redhat.java-1.42.0-win32-x64\jre\21.0.7-win32-x86_64\bin\vcruntime140_1.dll
0x00007ff8b8060000 - 0x00007ff8b80ed000 	c:\Users\admin\.cursor\extensions\redhat.java-1.42.0-win32-x64\jre\21.0.7-win32-x86_64\bin\msvcp140.dll
0x00007ff81f8e0000 - 0x00007ff820670000 	c:\Users\admin\.cursor\extensions\redhat.java-1.42.0-win32-x64\jre\21.0.7-win32-x86_64\bin\server\jvm.dll
0x00007ff8f0140000 - 0x00007ff8f01f2000 	C:\WINDOWS\System32\ADVAPI32.dll
0x00007ff8f0cb0000 - 0x00007ff8f0d56000 	C:\WINDOWS\System32\sechost.dll
0x00007ff8efb60000 - 0x00007ff8efc76000 	C:\WINDOWS\System32\RPCRT4.dll
0x00007ff8ef340000 - 0x00007ff8ef3b4000 	C:\WINDOWS\System32\WS2_32.dll
0x00007ff8edda0000 - 0x00007ff8eddfe000 	C:\WINDOWS\SYSTEM32\POWRPROF.dll
0x00007ff8ea6e0000 - 0x00007ff8ea6eb000 	C:\WINDOWS\SYSTEM32\VERSION.dll
0x00007ff8e4950000 - 0x00007ff8e4986000 	C:\WINDOWS\SYSTEM32\WINMM.dll
0x00007ff8edd80000 - 0x00007ff8edd94000 	C:\WINDOWS\SYSTEM32\UMPDC.dll
0x00007ff8eccf0000 - 0x00007ff8ecd0a000 	C:\WINDOWS\SYSTEM32\kernel.appcore.dll
0x00007ff8e5730000 - 0x00007ff8e573a000 	c:\Users\admin\.cursor\extensions\redhat.java-1.42.0-win32-x64\jre\21.0.7-win32-x86_64\bin\jimage.dll
0x00007ff89bae0000 - 0x00007ff89bd21000 	C:\WINDOWS\SYSTEM32\DBGHELP.DLL
0x00007ff8eef90000 - 0x00007ff8ef314000 	C:\WINDOWS\System32\combase.dll
0x00007ff8f0050000 - 0x00007ff8f0130000 	C:\WINDOWS\System32\OLEAUT32.dll
0x00007ff8d7240000 - 0x00007ff8d7279000 	C:\WINDOWS\SYSTEM32\dbgcore.DLL
0x00007ff8edf30000 - 0x00007ff8edfc9000 	C:\WINDOWS\System32\bcryptPrimitives.dll
0x00007ff8e0490000 - 0x00007ff8e049f000 	c:\Users\admin\.cursor\extensions\redhat.java-1.42.0-win32-x64\jre\21.0.7-win32-x86_64\bin\instrument.dll
0x00007ff8d91d0000 - 0x00007ff8d91ef000 	c:\Users\admin\.cursor\extensions\redhat.java-1.42.0-win32-x64\jre\21.0.7-win32-x86_64\bin\java.dll
0x00007ff8ef430000 - 0x00007ff8efb5d000 	C:\WINDOWS\System32\SHELL32.dll
0x00007ff8ee150000 - 0x00007ff8ee2c4000 	C:\WINDOWS\System32\wintypes.dll
0x00007ff8ebbe0000 - 0x00007ff8ec436000 	C:\WINDOWS\SYSTEM32\windows.storage.dll
0x00007ff8eedc0000 - 0x00007ff8eeeaf000 	C:\WINDOWS\System32\SHCORE.dll
0x00007ff8ef3c0000 - 0x00007ff8ef429000 	C:\WINDOWS\System32\shlwapi.dll
0x00007ff8ede10000 - 0x00007ff8ede3f000 	C:\WINDOWS\SYSTEM32\profapi.dll
0x00007ff8ddf40000 - 0x00007ff8ddf58000 	c:\Users\admin\.cursor\extensions\redhat.java-1.42.0-win32-x64\jre\21.0.7-win32-x86_64\bin\zip.dll
0x00007ff8e05b0000 - 0x00007ff8e05c0000 	C:\Users\admin\.cursor\extensions\redhat.java-1.42.0-win32-x64\jre\21.0.7-win32-x86_64\bin\net.dll
0x00007ff8e8a60000 - 0x00007ff8e8b7e000 	C:\WINDOWS\SYSTEM32\WINHTTP.dll
0x0000000180000000 - 0x000000018008c000 	C:\WINDOWS\system32\ASProxy64.dll
0x00007ff8efc80000 - 0x00007ff8efe1f000 	C:\WINDOWS\System32\ole32.dll
0x00007ff8ec730000 - 0x00007ff8ec763000 	C:\WINDOWS\SYSTEM32\IPHLPAPI.DLL
0x00007ff8ed260000 - 0x00007ff8ed2ca000 	C:\WINDOWS\SYSTEM32\MSWSOCK.dll
0x00007ff8ecf90000 - 0x00007ff8ecfd8000 	C:\WINDOWS\SYSTEM32\SspiCli.dll
0x00007ff8ddf20000 - 0x00007ff8ddf36000 	C:\Users\admin\.cursor\extensions\redhat.java-1.42.0-win32-x64\jre\21.0.7-win32-x86_64\bin\nio.dll
0x00007ff8e0420000 - 0x00007ff8e0430000 	c:\Users\admin\.cursor\extensions\redhat.java-1.42.0-win32-x64\jre\21.0.7-win32-x86_64\bin\verify.dll
0x00007ff8eb200000 - 0x00007ff8eb2af000 	C:\WINDOWS\system32\uxtheme.dll
0x00007ff8c1600000 - 0x00007ff8c1645000 	C:\Users\admin\AppData\Roaming\Cursor\User\globalStorage\redhat.java\1.42.0\config_win\org.eclipse.equinox.launcher\org.eclipse.equinox.launcher.win32.win32.x86_64_1.2.1300.v20250331-1702\eclipse_11911.dll
0x00007ff8ed510000 - 0x00007ff8ed52c000 	C:\WINDOWS\SYSTEM32\CRYPTSP.dll
0x00007ff8ecc50000 - 0x00007ff8ecc8a000 	C:\WINDOWS\system32\rsaenh.dll
0x00007ff8ed300000 - 0x00007ff8ed32b000 	C:\WINDOWS\SYSTEM32\USERENV.dll
0x00007ff8ede50000 - 0x00007ff8ede76000 	C:\WINDOWS\SYSTEM32\bcrypt.dll
0x00007ff8ed500000 - 0x00007ff8ed50c000 	C:\WINDOWS\SYSTEM32\CRYPTBASE.dll
0x00007ff8eedb0000 - 0x00007ff8eedba000 	C:\WINDOWS\System32\NSI.dll
0x00007ff8e5720000 - 0x00007ff8e572a000 	C:\Users\admin\.cursor\extensions\redhat.java-1.42.0-win32-x64\jre\21.0.7-win32-x86_64\bin\management.dll
0x00007ff8d5d00000 - 0x00007ff8d5d0b000 	C:\Users\admin\.cursor\extensions\redhat.java-1.42.0-win32-x64\jre\21.0.7-win32-x86_64\bin\management_ext.dll
0x00007ff8f0040000 - 0x00007ff8f0048000 	C:\WINDOWS\System32\PSAPI.DLL
0x00007ff8b8010000 - 0x00007ff8b8059000 	C:\Users\admin\AppData\Local\Temp\jna-92668751\jna14997371965569281456.dll
0x00007ff8e86b0000 - 0x00007ff8e86cf000 	C:\WINDOWS\SYSTEM32\dhcpcsvc6.DLL
0x00007ff8e7810000 - 0x00007ff8e7835000 	C:\WINDOWS\SYSTEM32\dhcpcsvc.DLL
0x00007ff8c90f0000 - 0x00007ff8c9117000 	C:\Users\admin\.gradle\native\1def1411415f61bf3af743bc5b6707747c0891f09f0c88961ee8f79bc544acac\windows-amd64\native-platform.dll
0x00007ff8d68d0000 - 0x00007ff8d68d9000 	C:\Users\admin\.cursor\extensions\redhat.java-1.42.0-win32-x64\jre\21.0.7-win32-x86_64\bin\extnet.dll
0x00007ff8c73a0000 - 0x00007ff8c73ae000 	C:\Users\admin\.cursor\extensions\redhat.java-1.42.0-win32-x64\jre\21.0.7-win32-x86_64\bin\sunmscapi.dll
0x00007ff8ee7e0000 - 0x00007ff8ee957000 	C:\WINDOWS\System32\CRYPT32.dll
0x00007ff8ed710000 - 0x00007ff8ed740000 	C:\WINDOWS\SYSTEM32\ncrypt.dll
0x00007ff8ed6c0000 - 0x00007ff8ed6ff000 	C:\WINDOWS\SYSTEM32\NTASN1.dll
0x00007ff8d2020000 - 0x00007ff8d2028000 	C:\WINDOWS\system32\wshunix.dll

dbghelp: loaded successfully - version: 4.0.5 - missing functions: none
symbol engine: initialized successfully - sym options: 0x614 - pdb path: .;c:\Users\admin\.cursor\extensions\redhat.java-1.42.0-win32-x64\jre\21.0.7-win32-x86_64\bin;C:\WINDOWS\SYSTEM32;C:\WINDOWS\WinSxS\amd64_microsoft.windows.common-controls_6595b64144ccf1df_6.0.26100.3912_none_3e07963ce335137e;c:\Users\admin\.cursor\extensions\redhat.java-1.42.0-win32-x64\jre\21.0.7-win32-x86_64\bin\server;C:\Users\admin\AppData\Roaming\Cursor\User\globalStorage\redhat.java\1.42.0\config_win\org.eclipse.equinox.launcher\org.eclipse.equinox.launcher.win32.win32.x86_64_1.2.1300.v20250331-1702;C:\Users\admin\AppData\Local\Temp\jna-92668751;C:\Users\admin\.gradle\native\1def1411415f61bf3af743bc5b6707747c0891f09f0c88961ee8f79bc544acac\windows-amd64

VM Arguments:
jvm_args: --add-modules=ALL-SYSTEM --add-opens=java.base/java.util=ALL-UNNAMED --add-opens=java.base/java.lang=ALL-UNNAMED --add-opens=java.base/sun.nio.fs=ALL-UNNAMED -Declipse.application=org.eclipse.jdt.ls.core.id1 -Dosgi.bundles.defaultStartLevel=4 -Declipse.product=org.eclipse.jdt.ls.core.product -Djava.import.generatesMetadataFilesAtProjectRoot=false -DDetectVMInstallationsJob.disabled=true -Dfile.encoding=utf8 -XX:+UseParallelGC -XX:GCTimeRatio=4 -XX:AdaptiveSizePolicyWeight=90 -Dsun.zip.disableMemoryMapping=true -Xmx1G -Xms100m -Xlog:disable -javaagent:c:\Users\admin\.cursor\extensions\redhat.java-1.42.0-win32-x64\lombok\lombok-1.18.36.jar -XX:+HeapDumpOnOutOfMemoryError -XX:HeapDumpPath=c:\Users\admin\AppData\Roaming\Cursor\User\workspaceStorage\0426a641ec518546e312a5bf184515bb\redhat.java -Daether.dependencyCollector.impl=bf 
java_command: c:\Users\admin\.cursor\extensions\redhat.java-1.42.0-win32-x64\server\plugins\org.eclipse.equinox.launcher_1.7.0.v20250424-1814.jar -configuration c:\Users\admin\AppData\Roaming\Cursor\User\globalStorage\redhat.java\1.42.0\config_win -data c:\Users\admin\AppData\Roaming\Cursor\User\workspaceStorage\0426a641ec518546e312a5bf184515bb\redhat.java\jdt_ws --pipe=\\.\pipe\lsp-f9b3165c255ed91e2c2e2012b5765648-sock
java_class_path (initial): c:\Users\admin\.cursor\extensions\redhat.java-1.42.0-win32-x64\server\plugins\org.eclipse.equinox.launcher_1.7.0.v20250424-1814.jar
Launcher Type: SUN_STANDARD

[Global flags]
    uintx AdaptiveSizePolicyWeight                 = 90                                        {product} {command line}
     intx CICompilerCount                          = 12                                        {product} {ergonomic}
    uintx GCTimeRatio                              = 4                                         {product} {command line}
     bool HeapDumpOnOutOfMemoryError               = true                                   {manageable} {command line}
    ccstr HeapDumpPath                             = c:\Users\admin\AppData\Roaming\Cursor\User\workspaceStorage\0426a641ec518546e312a5bf184515bb\redhat.java         {manageable} {command line}
   size_t InitialHeapSize                          = 104857600                                 {product} {command line}
   size_t MaxHeapSize                              = 1073741824                                {product} {command line}
   size_t MaxNewSize                               = 357564416                                 {product} {ergonomic}
   size_t MinHeapDeltaBytes                        = 524288                                    {product} {ergonomic}
   size_t MinHeapSize                              = 104857600                                 {product} {command line}
   size_t NewSize                                  = 34603008                                  {product} {ergonomic}
    uintx NonNMethodCodeHeapSize                   = 7602480                                {pd product} {ergonomic}
    uintx NonProfiledCodeHeapSize                  = 122027880                              {pd product} {ergonomic}
   size_t OldSize                                  = 70254592                                  {product} {ergonomic}
    uintx ProfiledCodeHeapSize                     = 122027880                              {pd product} {ergonomic}
    uintx ReservedCodeCacheSize                    = 251658240                              {pd product} {ergonomic}
     bool SegmentedCodeCache                       = true                                      {product} {ergonomic}
   size_t SoftMaxHeapSize                          = 1073741824                             {manageable} {ergonomic}
     bool UseCompressedOops                        = true                           {product lp64_product} {ergonomic}
     bool UseLargePagesIndividualAllocation        = false                                  {pd product} {ergonomic}
     bool UseParallelGC                            = true                                      {product} {command line}

Logging:
Log output configuration:
 #0: stdout all=off uptime,level,tags foldmultilines=false
 #1: stderr all=off uptime,level,tags foldmultilines=false

Environment Variables:
JAVA_HOME=C:\Program Files\OpenLogic\jdk-17.0.15.6-hotspot
PATH=C:\Program Files\Common Files\Oracle\Java\javapath;C:\Program Files\OpenLogic\jdk-17.0.15.6-hotspot\bin;C:\WINDOWS\system32;C:\WINDOWS;C:\WINDOWS\System32\Wbem;C:\WINDOWS\System32\WindowsPowerShell\v1.0\;C:\WINDOWS\System32\OpenSSH\;C:\Program Files\dotnet\;C:\Program Files\Microsoft SQL Server\130\Tools\Binn\;C:\Program Files\Git\cmd;C:\Users\admin\AppData\Roaming\nvm;C:\Program Files\nodejs;C:\Program Files\Microsoft SQL Server\150\Tools\Binn\;C:\Users\admin\AppData\Local\Microsoft\WindowsApps;C:\Users\admin\AppData\Roaming\npm;C:\Users\admin\AppData\Local\Programs\Microsoft VS Code\bin;C:\Users\admin\AppData\Roaming\nvm;C:\Program Files\nodejs;C:\Users\admin\AppData\Local\Android\Sdk\platform-tools;C:\Users\admin\AppData\Local\Programs\cursor\resources\app\bin;C:\;C:\Users\admin\.dotnet\tools
USERNAME=admin
OS=Windows_NT
PROCESSOR_IDENTIFIER=Intel64 Family 6 Model 165 Stepping 5, GenuineIntel
TMP=C:\Users\admin\AppData\Local\Temp
TEMP=C:\Users\admin\AppData\Local\Temp




Periodic native trim disabled

---------------  S Y S T E M  ---------------

OS:
 Windows 11 , 64 bit Build 26100 (10.0.26100.3912)
OS uptime: 0 days 16:31 hours

CPU: total 16 (initial active 16) (8 cores per cpu, 2 threads per core) family 6 model 165 stepping 5 microcode 0xec, cx8, cmov, fxsr, ht, mmx, 3dnowpref, sse, sse2, sse3, ssse3, sse4.1, sse4.2, popcnt, lzcnt, tsc, tscinvbit, avx, avx2, aes, erms, clmul, bmi1, bmi2, adx, fma, vzeroupper, clflush, clflushopt, rdtscp, f16c, pku
Processor Information for processor 0
  Max Mhz: 2901, Current Mhz: 1500, Mhz Limit: 2901
Processor Information for processor 1
  Max Mhz: 2901, Current Mhz: 1500, Mhz Limit: 2901
Processor Information for processor 2
  Max Mhz: 2901, Current Mhz: 2901, Mhz Limit: 2901
Processor Information for processor 3
  Max Mhz: 2901, Current Mhz: 1500, Mhz Limit: 2901
Processor Information for processor 4
  Max Mhz: 2901, Current Mhz: 1500, Mhz Limit: 2901
Processor Information for processor 5
  Max Mhz: 2901, Current Mhz: 2000, Mhz Limit: 2901
Processor Information for processor 6
  Max Mhz: 2901, Current Mhz: 1500, Mhz Limit: 2901
Processor Information for processor 7
  Max Mhz: 2901, Current Mhz: 1500, Mhz Limit: 2901
Processor Information for processor 8
  Max Mhz: 2901, Current Mhz: 1500, Mhz Limit: 2901
Processor Information for processor 9
  Max Mhz: 2901, Current Mhz: 1500, Mhz Limit: 2901
Processor Information for processor 10
  Max Mhz: 2901, Current Mhz: 1500, Mhz Limit: 2901
Processor Information for processor 11
  Max Mhz: 2901, Current Mhz: 800, Mhz Limit: 2901
Processor Information for processor 12
  Max Mhz: 2901, Current Mhz: 1500, Mhz Limit: 2901
Processor Information for processor 13
  Max Mhz: 2901, Current Mhz: 1500, Mhz Limit: 2901
Processor Information for processor 14
  Max Mhz: 2901, Current Mhz: 2901, Mhz Limit: 2901
Processor Information for processor 15
  Max Mhz: 2901, Current Mhz: 1500, Mhz Limit: 2901

Memory: 4k page, system-wide physical 16096M (2617M free)
TotalPageFile size 34528M (AvailPageFile size 4894M)
current process WorkingSet (physical memory assigned to process): 245M, peak: 313M
current process commit charge ("private bytes"): 336M, peak: 398M

vm_info: OpenJDK 64-Bit Server VM (21.0.7+6-LTS) for windows-amd64 JRE (21.0.7+6-LTS), built on 2025-04-15T00:00:00Z by "admin" with MS VC++ 17.7 (VS2022)

END.
