#
# A fatal error has been detected by the Java Runtime Environment:
#
#  EXCEPTION_ACCESS_VIOLATION (0xc0000005) at pc=0x000000018000c274, pid=15200, tid=34560
#
# JRE version: OpenJDK Runtime Environment Temurin-21.0.7+6 (21.0.7+6) (build 21.0.7+6-LTS)
# Java VM: OpenJDK 64-Bit Server VM Temurin-21.0.7+6 (21.0.7+6-LTS, mixed mode, sharing, tiered, compressed oops, compressed class ptrs, parallel gc, windows-amd64)
# Problematic frame:
# C  [ASProxy64.dll+0xc274]
#
# No core dump will be written. Minidumps are not enabled by default on client versions of Windows
#
# If you would like to submit a bug report, please visit:
#   https://github.com/adoptium/adoptium-support/issues
# The crash happened outside the Java Virtual Machine in native code.
# See problematic frame for where to report the bug.
#

---------------  S U M M A R Y ------------

Command Line: --add-modules=ALL-SYSTEM --add-opens=java.base/java.util=ALL-UNNAMED --add-opens=java.base/java.lang=ALL-UNNAMED --add-opens=java.base/sun.nio.fs=ALL-UNNAMED -Declipse.application=org.eclipse.jdt.ls.core.id1 -Dosgi.bundles.defaultStartLevel=4 -Declipse.product=org.eclipse.jdt.ls.core.product -Djava.import.generatesMetadataFilesAtProjectRoot=false -DDetectVMInstallationsJob.disabled=true -Dfile.encoding=utf8 -XX:+UseParallelGC -XX:GCTimeRatio=4 -XX:AdaptiveSizePolicyWeight=90 -Dsun.zip.disableMemoryMapping=true -Xmx1G -Xms100m -Xlog:disable -javaagent:c:\Users\admin\.cursor\extensions\redhat.java-1.42.0-win32-x64\lombok\lombok-1.18.36.jar -XX:+HeapDumpOnOutOfMemoryError -XX:HeapDumpPath=c:\Users\admin\AppData\Roaming\Cursor\User\workspaceStorage\0426a641ec518546e312a5bf184515bb\redhat.java -Daether.dependencyCollector.impl=bf c:\Users\admin\.cursor\extensions\redhat.java-1.42.0-win32-x64\server\plugins\org.eclipse.equinox.launcher_1.7.0.v20250424-1814.jar -configuration c:\Users\admin\AppData\Roaming\Cursor\User\globalStorage\redhat.java\1.42.0\config_win -data c:\Users\admin\AppData\Roaming\Cursor\User\workspaceStorage\0426a641ec518546e312a5bf184515bb\redhat.java\jdt_ws --pipe=\\.\pipe\lsp-2747daf211a73836f3f5fb21ba0415a2-sock

Host: Intel(R) Core(TM) i7-10700 CPU @ 2.90GHz, 16 cores, 15G,  Windows 11 , 64 bit Build 26100 (10.0.26100.3912)
Time: Sat May 17 05:59:01 2025 Eastern Daylight Time elapsed time: 142.815035 seconds (0d 0h 2m 22s)

---------------  T H R E A D  ---------------

Current thread (0x000002aca0243910):  JavaThread "Connection worker"        [_thread_in_native, id=34560, stack(0x000000c215840000,0x000000c215940000) (1024K)]

Stack: [0x000000c215840000,0x000000c215940000],  sp=0x000000c21593e3a0,  free space=1016k
Native frames: (J=compiled Java code, j=interpreted, Vv=VM code, C=native code)
C  [ASProxy64.dll+0xc274]

Java frames: (J=compiled Java code, j=interpreted, Vv=VM code)
j  sun.nio.ch.WEPoll.ctl(JIJI)I+0 java.base@21.0.7
j  sun.nio.ch.WEPollSelectorImpl.<init>(Ljava/nio/channels/spi/SelectorProvider;)V+139 java.base@21.0.7
j  sun.nio.ch.WEPollSelectorProvider.openSelector()Ljava/nio/channels/spi/AbstractSelector;+5 java.base@21.0.7
j  java.nio.channels.Selector.open()Ljava/nio/channels/Selector;+3 java.base@21.0.7
j  org.gradle.internal.remote.internal.inet.SocketConnection$SocketInputStream.<init>(Ljava/nio/channels/SocketChannel;)V+17
j  org.gradle.internal.remote.internal.inet.SocketConnection.<init>(Ljava/nio/channels/SocketChannel;Lorg/gradle/internal/remote/internal/MessageSerializer;Lorg/gradle/internal/serialize/StatefulSerializer;)V+27
j  org.gradle.internal.remote.internal.inet.SocketConnectCompletion.create(Lorg/gradle/internal/serialize/StatefulSerializer;)Lorg/gradle/internal/remote/internal/RemoteConnection;+16
j  org.gradle.launcher.daemon.client.DefaultDaemonConnector.connectToDaemon(Lorg/gradle/launcher/daemon/context/DaemonConnectDetails;Lorg/gradle/launcher/daemon/client/DaemonClientConnection$StaleAddressDetector;)Lorg/gradle/launcher/daemon/client/DaemonClientConnection;+45
j  org.gradle.launcher.daemon.client.DefaultDaemonConnector.connectToDaemonWithId(Lorg/gradle/launcher/daemon/diagnostics/DaemonStartupInfo;Lorg/gradle/api/internal/specs/ExplainingSpec;)Lorg/gradle/launcher/daemon/client/DaemonClientConnection;+116
j  org.gradle.launcher.daemon.client.DefaultDaemonConnector.doStartDaemon(Lorg/gradle/api/internal/specs/ExplainingSpec;Z)Lorg/gradle/launcher/daemon/client/DaemonClientConnection;+61
j  org.gradle.launcher.daemon.client.DefaultDaemonConnector.startDaemon(Lorg/gradle/api/internal/specs/ExplainingSpec;)Lorg/gradle/launcher/daemon/client/DaemonClientConnection;+3
j  org.gradle.launcher.daemon.client.DaemonClient.execute(Lorg/gradle/internal/invocation/BuildAction;Lorg/gradle/launcher/exec/BuildActionParameters;Lorg/gradle/internal/daemon/client/execution/ClientBuildRequestContext;)Lorg/gradle/launcher/exec/BuildActionResult;+201
j  org.gradle.launcher.daemon.client.DaemonClient.execute(Lorg/gradle/internal/invocation/BuildAction;Ljava/lang/Object;Ljava/lang/Object;)Lorg/gradle/launcher/exec/BuildActionResult;+10
j  org.gradle.tooling.internal.provider.DaemonBuildActionExecuter.execute(Lorg/gradle/internal/invocation/BuildAction;Lorg/gradle/tooling/internal/provider/ConnectionOperationParameters;Lorg/gradle/internal/daemon/client/execution/ClientBuildRequestContext;)Lorg/gradle/launcher/exec/BuildActionResult;+72
j  org.gradle.tooling.internal.provider.DaemonBuildActionExecuter.execute(Lorg/gradle/internal/invocation/BuildAction;Ljava/lang/Object;Ljava/lang/Object;)Lorg/gradle/launcher/exec/BuildActionResult;+10
j  org.gradle.tooling.internal.provider.LoggingBridgingBuildActionExecuter.execute(Lorg/gradle/internal/invocation/BuildAction;Lorg/gradle/tooling/internal/provider/ConnectionOperationParameters;Lorg/gradle/internal/daemon/client/execution/ClientBuildRequestContext;)Lorg/gradle/launcher/exec/BuildActionResult;+77
j  org.gradle.tooling.internal.provider.LoggingBridgingBuildActionExecuter.execute(Lorg/gradle/internal/invocation/BuildAction;Ljava/lang/Object;Ljava/lang/Object;)Lorg/gradle/launcher/exec/BuildActionResult;+10
j  org.gradle.tooling.internal.provider.ProviderConnection.run(Lorg/gradle/internal/invocation/BuildAction;Lorg/gradle/initialization/BuildCancellationToken;Lorg/gradle/tooling/internal/provider/ProviderConnection$ProgressListenerConfiguration;Lorg/gradle/initialization/BuildEventConsumer;Lorg/gradle/tooling/internal/provider/connection/ProviderOperationParameters;Lorg/gradle/tooling/internal/provider/ProviderConnection$Parameters;)Ljava/lang/Object;+79
j  org.gradle.tooling.internal.provider.ProviderConnection.runPhasedAction(Lorg/gradle/tooling/internal/protocol/InternalPhasedAction;Lorg/gradle/tooling/internal/protocol/PhasedActionResultListener;Lorg/gradle/initialization/BuildCancellationToken;Lorg/gradle/tooling/internal/provider/connection/ProviderOperationParameters;)Ljava/lang/Object;+132
j  org.gradle.tooling.internal.provider.DefaultConnection.run(Lorg/gradle/tooling/internal/protocol/InternalPhasedAction;Lorg/gradle/tooling/internal/protocol/PhasedActionResultListener;Lorg/gradle/tooling/internal/protocol/InternalCancellationToken;Lorg/gradle/tooling/internal/protocol/BuildParameters;)Lorg/gradle/tooling/internal/protocol/BuildResult;+28
j  org.gradle.tooling.internal.consumer.connection.PhasedActionAwareConsumerConnection.run(Lorg/gradle/tooling/internal/consumer/PhasedBuildAction;Lorg/gradle/tooling/internal/consumer/parameters/ConsumerOperationParameters;)V+66
j  org.gradle.tooling.internal.consumer.connection.ParameterValidatingConsumerConnection.run(Lorg/gradle/tooling/internal/consumer/PhasedBuildAction;Lorg/gradle/tooling/internal/consumer/parameters/ConsumerOperationParameters;)V+11
j  org.gradle.tooling.internal.consumer.DefaultPhasedBuildActionExecuter$1.run(Lorg/gradle/tooling/internal/consumer/connection/ConsumerConnection;)Ljava/lang/Void;+12
j  org.gradle.tooling.internal.consumer.DefaultPhasedBuildActionExecuter$1.run(Lorg/gradle/tooling/internal/consumer/connection/ConsumerConnection;)Ljava/lang/Object;+2
j  org.gradle.tooling.internal.consumer.connection.LazyConsumerActionExecutor.run(Lorg/gradle/tooling/internal/consumer/connection/ConsumerAction;)Ljava/lang/Object;+34
j  org.gradle.tooling.internal.consumer.connection.CancellableConsumerActionExecutor.run(Lorg/gradle/tooling/internal/consumer/connection/ConsumerAction;)Ljava/lang/Object;+34
j  org.gradle.tooling.internal.consumer.connection.ProgressLoggingConsumerActionExecutor.run(Lorg/gradle/tooling/internal/consumer/connection/ConsumerAction;)Ljava/lang/Object;+78
j  org.gradle.tooling.internal.consumer.connection.RethrowingErrorsConsumerActionExecutor.run(Lorg/gradle/tooling/internal/consumer/connection/ConsumerAction;)Ljava/lang/Object;+5
j  org.gradle.tooling.internal.consumer.async.DefaultAsyncConsumerActionExecutor$1$1.run()V+17
j  org.gradle.internal.concurrent.ExecutorPolicy$CatchAndRecordFailures.onExecute(Ljava/lang/Runnable;)V+1
j  org.gradle.internal.concurrent.AbstractManagedExecutor$1.run()V+25
j  java.util.concurrent.ThreadPoolExecutor.runWorker(Ljava/util/concurrent/ThreadPoolExecutor$Worker;)V+92 java.base@21.0.7
j  java.util.concurrent.ThreadPoolExecutor$Worker.run()V+5 java.base@21.0.7
j  java.lang.Thread.runWith(Ljava/lang/Object;Ljava/lang/Runnable;)V+5 java.base@21.0.7
j  java.lang.Thread.run()V+19 java.base@21.0.7
v  ~StubRoutines::call_stub 0x000002ac4bac100d

siginfo: EXCEPTION_ACCESS_VIOLATION (0xc0000005), reading address 0x0000000000000844


Registers:
RAX=0x0000000000000000, RBX=0x000002aca2ca7db8, RCX=0x0000000000000840, RDX=0x0000000000000002
RSP=0x000000c21593e3a0, RBP=0x0000000000000844, RSI=0x000002aca1552310, RDI=0x0000000000000844
R8 =0x7ffffffffffffffc, R9 =0x0000000000000001, R10=0x0000000000000840, R11=0x000002ac4147bf70
R12=0x000000c21593e5e0, R13=0x0000000000000804, R14=0x000002aca15522e0, R15=0x0000000000000804
RIP=0x000000018000c274, EFLAGS=0x0000000000010246

XMM[0]=0x0000000000000000 0x0000000000000000
XMM[1]=0x0000000000000000 0x0000000000000000
XMM[2]=0x0000000000000000 0x0000000000000000
XMM[3]=0x0000000000000000 0x0000000000000000
XMM[4]=0x0000000000000000 0x0000000000000000
XMM[5]=0x0000000000000000 0x0000000000000000
XMM[6]=0x6be79f724584a795 0x64fe11579df90f08
XMM[7]=0x11938e07430b9c5c 0x42d433fa2719193f
XMM[8]=0x0000000000000000 0x3c4d8168c7296b5b
XMM[9]=0xd80506f902054053 0xe724a0e5b7d81939
XMM[10]=0xffffffffffffffff 0x0b0a090803020100
XMM[11]=0x9f92dc3cafb1b129 0x0000000000000000
XMM[12]=0x0b0a090803020100 0xffffffffffffffff
XMM[13]=0x0c0d0e0f08090a0b 0x0405060700010203
XMM[14]=0x0000000000000000 0x00000000f035adbc
XMM[15]=0x0000000000000000 0x00000000eb0715e8
  MXCSR=0x00001fa0


Register to memory mapping:

RAX=0x0 is null
RBX=0x000002aca2ca7db8 points into unknown readable memory: 0x0000000000000000 | 00 00 00 00 00 00 00 00
RCX=0x0000000000000840 is an unknown value
RDX=0x0000000000000002 is an unknown value
RSP=0x000000c21593e3a0 is pointing into the stack for thread: 0x000002aca0243910
RBP=0x0000000000000844 is an unknown value
RSI=0x000002aca1552310 points into unknown readable memory: 0x000002aca1552310 | 10 23 55 a1 ac 02 00 00
RDI=0x0000000000000844 is an unknown value
R8 =0x7ffffffffffffffc is an unknown value
R9 =0x0000000000000001 is an unknown value
R10=0x0000000000000840 is an unknown value
R11=0x000002ac4147bf70 points into unknown readable memory: 0x0000000000000007 | 07 00 00 00 00 00 00 00
R12=0x000000c21593e5e0 is pointing into the stack for thread: 0x000002aca0243910
R13=0x0000000000000804 is an unknown value
R14=0x000002aca15522e0 points into unknown readable memory: 0x0000000000000844 | 44 08 00 00 00 00 00 00
R15=0x0000000000000804 is an unknown value

Top of Stack: (sp=0x000000c21593e3a0)
0x000000c21593e3a0:   0000000000000000 0000000000000000
0x000000c21593e3b0:   0000000000000844 000000018001f4c2
0x000000c21593e3c0:   0000000180065ec8 0000000000002736
0x000000c21593e3d0:   0000000000000000 0000000000000840
0x000000c21593e3e0:   0000000000000844 000000018000c506
0x000000c21593e3f0:   000002aca2ca7db8 0000000000002736
0x000000c21593e400:   0000000000000000 000002ac00000008
0x000000c21593e410:   000000c20000001e 0000000000000000
0x000000c21593e420:   0000000000000844 0000000000000000
0x000000c21593e430:   0000000000000001 0000000000000000
0x000000c21593e440:   0000000000000844 00007ff8c70077e6
0x000000c21593e450:   0000000000000840 0000000000000802
0x000000c21593e460:   000002aca1552310 000000c21593e5b0
0x000000c21593e470:   0000000000000000 000002ac00000000
0x000000c21593e480:   0000000000000003 000002ac00000001
0x000000c21593e490:   0000000000000000 0000000000000000
0x000000c21593e4a0:   00007ff800000000 00007ff8edfe0139
0x000000c21593e4b0:   0000000000000840 0000000000000000
0x000000c21593e4c0:   0000000000000000 000097bbfdce1ca8
0x000000c21593e4d0:   000002aca2ca7da0 00007ff8c70082af
0x000000c21593e4e0:   0000000000000028 00007ff846ab2cac
0x000000c21593e4f0:   000002aca2ca7da8 000002ac414a4810
0x000000c21593e500:   000002aca15522e0 00007ff8c7008359
0x000000c21593e510:   000002aca1552310 000000c21593e5e0
0x000000c21593e520:   000002aca1552310 000002aca15522e0
0x000000c21593e530:   000002aca0243910 000000c21593e5e0
0x000000c21593e540:   000002ac9d9411d8 0000000000000000
0x000000c21593e550:   000002aca15522e0 00007ff8c7008787
0x000000c21593e560:   0000000000000000 000000c21593e5e0
0x000000c21593e570:   0000000000000804 000002aca0243910
0x000000c21593e580:   0000000000000001 00007ff8c7007a75
0x000000c21593e590:   0000000000000844 000000c21593e5e0 

Instructions: (pc=0x000000018000c274)
0x000000018000c174:   70 48 8b 6c 24 78 32 c0 48 83 c4 50 41 5c c3 cc
0x000000018000c184:   cc cc cc cc cc cc cc cc cc cc cc cc 48 85 c9 74
0x000000018000c194:   23 8b 05 ad ff 06 00 89 01 8b 05 a9 ff 06 00 89
0x000000018000c1a4:   41 04 8b 05 a4 ff 06 00 89 41 08 8b 05 9f ff 06
0x000000018000c1b4:   00 89 41 0c f3 c3 cc cc cc cc cc cc c6 01 01 c7
0x000000018000c1c4:   02 01 00 00 00 c3 cc cc cc cc cc cc 48 89 5c 24
0x000000018000c1d4:   08 57 48 83 ec 70 48 8b fa 8b d9 48 8d 15 82 73
0x000000018000c1e4:   05 00 48 8d 4c 24 20 45 33 c0 48 c7 44 24 40 0f
0x000000018000c1f4:   00 00 00 48 c7 44 24 38 00 00 00 00 c6 44 24 28
0x000000018000c204:   00 e8 d6 6b ff ff 4c 8d 4c 24 20 48 8d 4c 24 48
0x000000018000c214:   41 b0 01 8b d3 e8 52 06 02 00 48 83 78 20 10 72
0x000000018000c224:   06 48 8b 48 08 eb 05 48 8d 48 08 90 0f b6 01 48
0x000000018000c234:   ff c7 48 ff c1 88 47 ff 84 c0 75 f0 48 83 7c 24
0x000000018000c244:   68 10 72 0a 48 8b 4c 24 50 e8 52 94 03 00 48 8b
0x000000018000c254:   9c 24 80 00 00 00 48 83 c4 70 5f c3 48 83 ec 48
0x000000018000c264:   0f b6 c2 0f 57 c0 0f 11 44 24 ff 25 00 00 00 00
0x000000018000c274:   ae 7e ef ee f8 7f 00 00 8b 44 24 04 0f af 04 24
0x000000018000c284:   89 04 24 8b 44 24 04 0f af 04 24 83 c0 01 89 04
0x000000018000c294:   24 8b 44 24 04 0f af 04 24 83 c0 02 89 04 24 8b
0x000000018000c2a4:   44 24 04 0f af 04 24 83 c0 03 89 04 24 8b 44 24
0x000000018000c2b4:   04 0f af 04 24 83 c0 04 89 04 24 8b 44 24 04 0f
0x000000018000c2c4:   af 04 24 83 c0 05 89 04 24 8b 44 24 04 0f af 04
0x000000018000c2d4:   24 83 c0 06 89 04 24 8b 44 24 04 0f af 04 24 83
0x000000018000c2e4:   c0 07 89 04 24 8b 44 24 04 0f af 04 24 83 c0 08
0x000000018000c2f4:   89 04 24 8b 44 24 04 0f af 04 24 83 c0 09 89 04
0x000000018000c304:   24 8b 44 24 04 0f af 04 24 83 c0 0a 89 04 24 8b
0x000000018000c314:   44 24 04 0f af 04 24 83 c0 0b 89 04 24 8b 44 24
0x000000018000c324:   04 0f af 04 24 83 c0 0d 89 04 24 8b 44 24 04 0f
0x000000018000c334:   af 04 24 83 c0 0e 89 04 24 8b 44 24 04 0f af 04
0x000000018000c344:   24 83 c0 0f 89 04 24 8b 44 24 04 0f af 04 24 83
0x000000018000c354:   c0 10 89 04 24 8b 44 24 04 0f af 04 24 83 c0 11
0x000000018000c364:   89 04 24 8b 44 24 04 0f af 04 24 83 c0 12 89 04 


Stack slot to memory mapping:

stack at sp + 0 slots: 0x0 is null
stack at sp + 1 slots: 0x0 is null
stack at sp + 2 slots: 0x0000000000000844 is an unknown value
stack at sp + 3 slots: 0x000000018001f4c2 ASProxy64.dll
stack at sp + 4 slots: 0x0000000180065ec8 ASProxy64.dll
stack at sp + 5 slots: 0x0000000000002736 is an unknown value
stack at sp + 6 slots: 0x0 is null
stack at sp + 7 slots: 0x0000000000000840 is an unknown value


---------------  P R O C E S S  ---------------

Threads class SMR info:
_java_thread_list=0x000002aca158a090, length=59, elements={
0x000002ac414811d0, 0x000002ac5586e580, 0x000002ac41526840, 0x000002ac415296c0,
0x000002ac4152b100, 0x000002ac41529030, 0x000002ac4152c4b0, 0x000002ac4153dc60,
0x000002ac97d5e6e0, 0x000002ac41529d50, 0x000002ac4152a3e0, 0x000002ac4152aa70,
0x000002ac4152b790, 0x000002ac9e8000d0, 0x000002ac9e801b10, 0x000002ac9e8021a0,
0x000002ac9e802830, 0x000002ac9e803550, 0x000002ac9e803be0, 0x000002ac9e804270,
0x000002ac9e804900, 0x000002ac9e807060, 0x000002ac9e804f90, 0x000002ac9e806340,
0x000002ac9e8069d0, 0x000002ac9e805620, 0x000002ac9e8076f0, 0x000002ac9e805cb0,
0x000002ac9e52e120, 0x000002ac9e52e7b0, 0x000002ac9e52ee40, 0x000002ac9e52f4d0,
0x000002ac9e5301f0, 0x000002ac9e530880, 0x000002ac9e52fb60, 0x000002ac9e52da90,
0x000002ac9e52d400, 0x000002ac9e5322c0, 0x000002ac9e534390, 0x000002ac9e532950,
0x000002ac9e530f10, 0x000002ac9e534a20, 0x000002ac9e5315a0, 0x000002ac9e533d00,
0x000002ac9e531c30, 0x000002ac9e532fe0, 0x000002aca023f770, 0x000002aca023e3c0,
0x000002aca0240490, 0x000002aca0243280, 0x000002aca0242bf0, 0x000002aca0243fa0,
0x000002aca0241ed0, 0x000002aca0242560, 0x000002aca0243910, 0x000002aca0244630,
0x000002aca02411b0, 0x000002aca0244cc0, 0x000002aca0241840
}

Java Threads: ( => current thread )
  0x000002ac414811d0 JavaThread "main"                              [_thread_blocked, id=4340, stack(0x000000c20fd00000,0x000000c20fe00000) (1024K)]
  0x000002ac5586e580 JavaThread "Reference Handler"          daemon [_thread_blocked, id=31560, stack(0x000000c210100000,0x000000c210200000) (1024K)]
  0x000002ac41526840 JavaThread "Finalizer"                  daemon [_thread_blocked, id=34840, stack(0x000000c210200000,0x000000c210300000) (1024K)]
  0x000002ac415296c0 JavaThread "Signal Dispatcher"          daemon [_thread_blocked, id=26928, stack(0x000000c210300000,0x000000c210400000) (1024K)]
  0x000002ac4152b100 JavaThread "Attach Listener"            daemon [_thread_blocked, id=7764, stack(0x000000c210400000,0x000000c210500000) (1024K)]
  0x000002ac41529030 JavaThread "Service Thread"             daemon [_thread_blocked, id=816, stack(0x000000c210500000,0x000000c210600000) (1024K)]
  0x000002ac4152c4b0 JavaThread "Monitor Deflation Thread"   daemon [_thread_blocked, id=20724, stack(0x000000c210600000,0x000000c210700000) (1024K)]
  0x000002ac4153dc60 JavaThread "C2 CompilerThread0"         daemon [_thread_blocked, id=34328, stack(0x000000c210700000,0x000000c210800000) (1024K)]
  0x000002ac97d5e6e0 JavaThread "C1 CompilerThread0"         daemon [_thread_blocked, id=14572, stack(0x000000c210800000,0x000000c210900000) (1024K)]
  0x000002ac41529d50 JavaThread "Common-Cleaner"             daemon [_thread_blocked, id=34084, stack(0x000000c210900000,0x000000c210a00000) (1024K)]
  0x000002ac4152a3e0 JavaThread "Notification Thread"        daemon [_thread_blocked, id=23464, stack(0x000000c210a00000,0x000000c210b00000) (1024K)]
  0x000002ac4152aa70 JavaThread "Active Thread: Equinox Container: 383e9041-efc2-4f9a-9385-5f8d5b940255"        [_thread_blocked, id=27016, stack(0x000000c212440000,0x000000c212540000) (1024K)]
  0x000002ac4152b790 JavaThread "Refresh Thread: Equinox Container: 383e9041-efc2-4f9a-9385-5f8d5b940255" daemon [_thread_blocked, id=22104, stack(0x000000c212540000,0x000000c212640000) (1024K)]
  0x000002ac9e8000d0 JavaThread "Framework Event Dispatcher: Equinox Container: 383e9041-efc2-4f9a-9385-5f8d5b940255" daemon [_thread_blocked, id=14720, stack(0x000000c210b00000,0x000000c210c00000) (1024K)]
  0x000002ac9e801b10 JavaThread "Start Level: Equinox Container: 383e9041-efc2-4f9a-9385-5f8d5b940255" daemon [_thread_blocked, id=32596, stack(0x000000c212640000,0x000000c212740000) (1024K)]
  0x000002ac9e8021a0 JavaThread "Bundle File Closer"         daemon [_thread_blocked, id=31708, stack(0x000000c212740000,0x000000c212840000) (1024K)]
  0x000002ac9e802830 JavaThread "SCR Component Actor"        daemon [_thread_blocked, id=34248, stack(0x000000c20fa00000,0x000000c20fb00000) (1024K)]
  0x000002ac9e803550 JavaThread "Worker-JM"                         [_thread_blocked, id=23608, stack(0x000000c212d40000,0x000000c212e40000) (1024K)]
  0x000002ac9e803be0 JavaThread "Worker-0"                          [_thread_blocked, id=30608, stack(0x000000c212f40000,0x000000c213040000) (1024K)]
  0x000002ac9e804270 JavaThread "Worker-1"                          [_thread_blocked, id=19800, stack(0x000000c213040000,0x000000c213140000) (1024K)]
  0x000002ac9e804900 JavaThread "Java indexing"              daemon [_thread_blocked, id=32180, stack(0x000000c213440000,0x000000c213540000) (1024K)]
  0x000002ac9e807060 JavaThread "JNA Cleaner"                daemon [_thread_blocked, id=30672, stack(0x000000c212c40000,0x000000c212d40000) (1024K)]
  0x000002ac9e804f90 JavaThread "Worker-2"                          [_thread_blocked, id=2280, stack(0x000000c213940000,0x000000c213a40000) (1024K)]
  0x000002ac9e806340 JavaThread "Worker-3"                          [_thread_blocked, id=25968, stack(0x000000c213a40000,0x000000c213b40000) (1024K)]
  0x000002ac9e8069d0 JavaThread "Worker-4: Initialize Workspace"        [_thread_blocked, id=30832, stack(0x000000c213c40000,0x000000c213d40000) (1024K)]
  0x000002ac9e805620 JavaThread "Thread-2"                   daemon [_thread_in_native, id=32684, stack(0x000000c213240000,0x000000c213340000) (1024K)]
  0x000002ac9e8076f0 JavaThread "Thread-3"                   daemon [_thread_in_native, id=5932, stack(0x000000c213840000,0x000000c213940000) (1024K)]
  0x000002ac9e805cb0 JavaThread "Thread-4"                   daemon [_thread_in_native, id=10364, stack(0x000000c213b40000,0x000000c213c40000) (1024K)]
  0x000002ac9e52e120 JavaThread "Thread-5"                   daemon [_thread_in_native, id=9776, stack(0x000000c213d40000,0x000000c213e40000) (1024K)]
  0x000002ac9e52e7b0 JavaThread "Thread-6"                   daemon [_thread_in_native, id=20180, stack(0x000000c213e40000,0x000000c213f40000) (1024K)]
  0x000002ac9e52ee40 JavaThread "Thread-7"                   daemon [_thread_in_native, id=32004, stack(0x000000c213f40000,0x000000c214040000) (1024K)]
  0x000002ac9e52f4d0 JavaThread "Thread-8"                   daemon [_thread_in_native, id=34364, stack(0x000000c214040000,0x000000c214140000) (1024K)]
  0x000002ac9e5301f0 JavaThread "Thread-9"                   daemon [_thread_in_native, id=19864, stack(0x000000c214140000,0x000000c214240000) (1024K)]
  0x000002ac9e530880 JavaThread "Thread-10"                  daemon [_thread_in_native, id=21988, stack(0x000000c214240000,0x000000c214340000) (1024K)]
  0x000002ac9e52fb60 JavaThread "Thread-11"                  daemon [_thread_in_native, id=16820, stack(0x000000c214340000,0x000000c214440000) (1024K)]
  0x000002ac9e52da90 JavaThread "Thread-12"                  daemon [_thread_in_native, id=33992, stack(0x000000c214440000,0x000000c214540000) (1024K)]
  0x000002ac9e52d400 JavaThread "Thread-13"                  daemon [_thread_in_native, id=8028, stack(0x000000c214540000,0x000000c214640000) (1024K)]
  0x000002ac9e5322c0 JavaThread "Thread-14"                  daemon [_thread_in_native, id=12360, stack(0x000000c214640000,0x000000c214740000) (1024K)]
  0x000002ac9e534390 JavaThread "Thread-15"                  daemon [_thread_in_native, id=32960, stack(0x000000c214740000,0x000000c214840000) (1024K)]
  0x000002ac9e532950 JavaThread "Thread-16"                  daemon [_thread_in_native, id=19460, stack(0x000000c214840000,0x000000c214940000) (1024K)]
  0x000002ac9e530f10 JavaThread "Thread-17"                  daemon [_thread_in_native, id=35764, stack(0x000000c214940000,0x000000c214a40000) (1024K)]
  0x000002ac9e534a20 JavaThread "Thread-18"                  daemon [_thread_in_native, id=35304, stack(0x000000c214a40000,0x000000c214b40000) (1024K)]
  0x000002ac9e5315a0 JavaThread "pool-2-thread-1"                   [_thread_blocked, id=21232, stack(0x000000c214b40000,0x000000c214c40000) (1024K)]
  0x000002ac9e533d00 JavaThread "Worker-5"                          [_thread_blocked, id=33592, stack(0x000000c214d40000,0x000000c214e40000) (1024K)]
  0x000002ac9e531c30 JavaThread "WorkspaceEventsHandler"            [_thread_blocked, id=24796, stack(0x000000c215040000,0x000000c215140000) (1024K)]
  0x000002ac9e532fe0 JavaThread "pool-1-thread-1"                   [_thread_blocked, id=3220, stack(0x000000c215140000,0x000000c215240000) (1024K)]
  0x000002aca023f770 JavaThread "Timer-0"                           [_thread_blocked, id=19476, stack(0x000000c20fb00000,0x000000c20fc00000) (1024K)]
  0x000002aca023e3c0 JavaThread "Timer-1"                           [_thread_blocked, id=15896, stack(0x000000c212b40000,0x000000c212c40000) (1024K)]
  0x000002aca0240490 JavaThread "Timer-2"                           [_thread_blocked, id=23508, stack(0x000000c215240000,0x000000c215340000) (1024K)]
  0x000002aca0243280 JavaThread "LocalFile Deleter"          daemon [_thread_blocked, id=23976, stack(0x000000c215340000,0x000000c215440000) (1024K)]
  0x000002aca0242bf0 JavaThread "LocalFile Deleter"          daemon [_thread_blocked, id=32640, stack(0x000000c215440000,0x000000c215540000) (1024K)]
  0x000002aca0243fa0 JavaThread "LocalFile Deleter"          daemon [_thread_blocked, id=9088, stack(0x000000c215540000,0x000000c215640000) (1024K)]
  0x000002aca0241ed0 JavaThread "Timer-3"                           [_thread_blocked, id=2644, stack(0x000000c215640000,0x000000c215740000) (1024K)]
  0x000002aca0242560 JavaThread "Timer-4"                           [_thread_blocked, id=20368, stack(0x000000c215740000,0x000000c215840000) (1024K)]
=>0x000002aca0243910 JavaThread "Connection worker"                 [_thread_in_native, id=34560, stack(0x000000c215840000,0x000000c215940000) (1024K)]
  0x000002aca0244630 JavaThread "pool-3-thread-1"                   [_thread_blocked, id=18628, stack(0x000000c215940000,0x000000c215a40000) (1024K)]
  0x000002aca02411b0 JavaThread "Exec process"                      [_thread_blocked, id=4884, stack(0x000000c215a40000,0x000000c215b40000) (1024K)]
  0x000002aca0244cc0 JavaThread "Exec process Thread 2"             [_thread_blocked, id=22468, stack(0x000000c215b40000,0x000000c215c40000) (1024K)]
  0x000002aca0241840 JavaThread "Exec process Thread 3"             [_thread_blocked, id=26120, stack(0x000000c215c40000,0x000000c215d40000) (1024K)]
Total: 59

Other Threads:
  0x000002ac55854120 VMThread "VM Thread"                           [id=9268, stack(0x000000c210000000,0x000000c210100000) (1024K)]
  0x000002ac5574ca00 WatcherThread "VM Periodic Task Thread"        [id=24736, stack(0x000000c20ff00000,0x000000c210000000) (1024K)]
  0x000002ac4149fb60 WorkerThread "GC Thread#0"                     [id=15108, stack(0x000000c20fe00000,0x000000c20ff00000) (1024K)]
  0x000002ac9e8ac8d0 WorkerThread "GC Thread#1"                     [id=27208, stack(0x000000c211c00000,0x000000c211d00000) (1024K)]
  0x000002ac97efa0f0 WorkerThread "GC Thread#2"                     [id=25884, stack(0x000000c211e00000,0x000000c211f00000) (1024K)]
  0x000002ac9e6a9b90 WorkerThread "GC Thread#3"                     [id=18564, stack(0x000000c211f00000,0x000000c212000000) (1024K)]
  0x000002ac9e6a9f30 WorkerThread "GC Thread#4"                     [id=15952, stack(0x000000c212040000,0x000000c212140000) (1024K)]
  0x000002ac9e6aa2d0 WorkerThread "GC Thread#5"                     [id=22148, stack(0x000000c212140000,0x000000c212240000) (1024K)]
  0x000002ac9e119f60 WorkerThread "GC Thread#6"                     [id=34572, stack(0x000000c212240000,0x000000c212340000) (1024K)]
  0x000002ac97ead480 WorkerThread "GC Thread#7"                     [id=11380, stack(0x000000c212340000,0x000000c212440000) (1024K)]
  0x000002ac9e90e060 WorkerThread "GC Thread#8"                     [id=18056, stack(0x000000c212840000,0x000000c212940000) (1024K)]
  0x000002ac97f4cb30 WorkerThread "GC Thread#9"                     [id=22880, stack(0x000000c212940000,0x000000c212a40000) (1024K)]
  0x000002ac97f4b1d0 WorkerThread "GC Thread#10"                    [id=25696, stack(0x000000c212a40000,0x000000c212b40000) (1024K)]
  0x000002ac97f4c790 WorkerThread "GC Thread#11"                    [id=21768, stack(0x000000c20fc00000,0x000000c20fd00000) (1024K)]
  0x000002ac97f4c3f0 WorkerThread "GC Thread#12"                    [id=30956, stack(0x000000c212e40000,0x000000c212f40000) (1024K)]
Total: 15

Threads with active compile tasks:
Total: 0

VM state: not at safepoint (normal execution)

VM Mutex/Monitor currently owned by a thread: None

Heap address: 0x00000000c0000000, size: 1024 MB, Compressed Oops mode: 32-bit

CDS archive(s) mapped at: [0x000002ac56000000-0x000002ac56ba0000-0x000002ac56ba0000), size 12189696, SharedBaseAddress: 0x000002ac56000000, ArchiveRelocationMode: 1.
Compressed class space mapped at: 0x000002ac57000000-0x000002ac97000000, reserved size: 1073741824
Narrow klass base: 0x000002ac56000000, Narrow klass shift: 0, Narrow klass range: 0x100000000

GC Precious Log:
 CardTable entry size: 512
 CPUs: 16 total, 16 available
 Memory: 16096M
 Large Page Support: Disabled
 NUMA Support: Disabled
 Compressed Oops: Enabled (32-bit)
 Alignments: Space 512K, Generation 512K, Heap 2M
 Heap Min Capacity: 100M
 Heap Initial Capacity: 100M
 Heap Max Capacity: 1G
 Pre-touch: Disabled
 Parallel Workers: 13

Heap:
 PSYoungGen      total 15360K, used 8277K [0x00000000eab00000, 0x00000000ebc00000, 0x0000000100000000)
  eden space 14336K, 53% used [0x00000000eab00000,0x00000000eb2857f0,0x00000000eb900000)
  from space 1024K, 56% used [0x00000000ebb00000,0x00000000ebb90000,0x00000000ebc00000)
  to   space 1024K, 0% used [0x00000000eba00000,0x00000000eba00000,0x00000000ebb00000)
 ParOldGen       total 68608K, used 45734K [0x00000000c0000000, 0x00000000c4300000, 0x00000000eab00000)
  object space 68608K, 66% used [0x00000000c0000000,0x00000000c2ca9b28,0x00000000c4300000)
 Metaspace       used 66846K, committed 68288K, reserved 1114112K
  class space    used 8229K, committed 8896K, reserved 1048576K

Card table byte_map: [0x000002ac40e20000,0x000002ac41030000] _byte_map_base: 0x000002ac40820000

Marking Bits: (ParMarkBitMap*) 0x00007ff8470f31f0
 Begin Bits: [0x000002ac53670000, 0x000002ac54670000)
 End Bits:   [0x000002ac54670000, 0x000002ac55670000)

Polling page: 0x000002ac40ac0000

Metaspace:

Usage:
  Non-class:     57.24 MB used.
      Class:      8.04 MB used.
       Both:     65.28 MB used.

Virtual space:
  Non-class space:       64.00 MB reserved,      58.00 MB ( 91%) committed,  1 nodes.
      Class space:        1.00 GB reserved,       8.69 MB ( <1%) committed,  1 nodes.
             Both:        1.06 GB reserved,      66.69 MB (  6%) committed. 

Chunk freelists:
   Non-Class:  5.38 MB
       Class:  7.30 MB
        Both:  12.67 MB

MaxMetaspaceSize: unlimited
CompressedClassSpaceSize: 1.00 GB
Initial GC threshold: 21.00 MB
Current GC threshold: 97.31 MB
CDS: on
 - commit_granule_bytes: 65536.
 - commit_granule_words: 8192.
 - virtual_space_node_default_size: 8388608.
 - enlarge_chunks_in_place: 1.
 - use_allocation_guard: 0.


Internal statistics:

num_allocs_failed_limit: 9.
num_arena_births: 1138.
num_arena_deaths: 14.
num_vsnodes_births: 2.
num_vsnodes_deaths: 0.
num_space_committed: 1067.
num_space_uncommitted: 0.
num_chunks_returned_to_freelist: 23.
num_chunks_taken_from_freelist: 3746.
num_chunk_merges: 12.
num_chunk_splits: 2498.
num_chunks_enlarged: 1674.
num_inconsistent_stats: 0.

CodeHeap 'non-profiled nmethods': size=119168Kb used=5299Kb max_used=5299Kb free=113868Kb
 bounds [0x000002ac4c210000, 0x000002ac4c740000, 0x000002ac53670000]
CodeHeap 'profiled nmethods': size=119104Kb used=15450Kb max_used=15904Kb free=103653Kb
 bounds [0x000002ac44670000, 0x000002ac45600000, 0x000002ac4bac0000]
CodeHeap 'non-nmethods': size=7488Kb used=1423Kb max_used=3191Kb free=6064Kb
 bounds [0x000002ac4bac0000, 0x000002ac4be20000, 0x000002ac4c210000]
 total_blobs=8320 nmethods=7590 adapters=636
 compilation: enabled
              stopped_count=0, restarted_count=0
 full_count=0

Compilation events (20 events):
Event: 141.760 Thread 0x000002ac97d5e6e0 nmethod 8451 0x000002ac4517ad10 code [0x000002ac4517aea0, 0x000002ac4517afe0]
Event: 142.759 Thread 0x000002ac97d5e6e0 8452       3       java.lang.Character::codePointAt (51 bytes)
Event: 142.759 Thread 0x000002ac97d5e6e0 nmethod 8452 0x000002ac4492ce90 code [0x000002ac4492d0a0, 0x000002ac4492d6e0]
Event: 142.759 Thread 0x000002ac97d5e6e0 8453       3       java.nio.Buffer::checkIndex (16 bytes)
Event: 142.760 Thread 0x000002ac97d5e6e0 nmethod 8453 0x000002ac4492c810 code [0x000002ac4492c9c0, 0x000002ac4492cb20]
Event: 142.760 Thread 0x000002ac97d5e6e0 8454       3       java.nio.CharBuffer::charAt (16 bytes)
Event: 142.760 Thread 0x000002ac97d5e6e0 nmethod 8454 0x000002ac4517a510 code [0x000002ac4517a6c0, 0x000002ac4517a960]
Event: 142.760 Thread 0x000002ac97d5e6e0 8455       3       java.nio.HeapCharBuffer::get (15 bytes)
Event: 142.760 Thread 0x000002ac97d5e6e0 nmethod 8455 0x000002ac44a56d10 code [0x000002ac44a56ec0, 0x000002ac44a57120]
Event: 142.787 Thread 0x000002ac97d5e6e0 8456       3       org.gradle.internal.stream.EncodedStream$EncodedInput::hexToByte (61 bytes)
Event: 142.788 Thread 0x000002ac97d5e6e0 nmethod 8456 0x000002ac44ebbd90 code [0x000002ac44ebc040, 0x000002ac44ebcdd0]
Event: 142.791 Thread 0x000002ac4153dc60 8457 %     4       java.io.DataInputStream::readFully @ 11 (59 bytes)
Event: 142.793 Thread 0x000002ac4153dc60 nmethod 8457% 0x000002ac4c73ac90 code [0x000002ac4c73ae20, 0x000002ac4c73afd8]
Event: 142.793 Thread 0x000002ac4153dc60 8458       4       java.io.DataInputStream::readUTF (501 bytes)
Event: 142.808 Thread 0x000002ac97d5e6e0 8459       3       java.security.MessageDigest::update (11 bytes)
Event: 142.808 Thread 0x000002ac97d5e6e0 nmethod 8459 0x000002ac44ebb590 code [0x000002ac44ebb740, 0x000002ac44ebba00]
Event: 142.808 Thread 0x000002ac97d5e6e0 8460       3       java.security.MessageDigest$Delegate::engineUpdate (9 bytes)
Event: 142.808 Thread 0x000002ac97d5e6e0 nmethod 8460 0x000002ac44a56890 code [0x000002ac44a56a40, 0x000002ac44a56c18]
Event: 142.808 Thread 0x000002ac97d5e6e0 8461       3       sun.security.provider.DigestBase::engineUpdate (32 bytes)
Event: 142.809 Thread 0x000002ac97d5e6e0 nmethod 8461 0x000002ac44a56210 code [0x000002ac44a563c0, 0x000002ac44a56628]

GC Heap History (20 events):
Event: 138.787 GC heap before
{Heap before GC invocations=44 (full 3):
 PSYoungGen      total 15360K, used 15322K [0x00000000eab00000, 0x00000000ebe80000, 0x0000000100000000)
  eden space 14336K, 100% used [0x00000000eab00000,0x00000000eb900000,0x00000000eb900000)
  from space 1024K, 96% used [0x00000000ebd80000,0x00000000ebe769b0,0x00000000ebe80000)
  to   space 1536K, 0% used [0x00000000ebb80000,0x00000000ebb80000,0x00000000ebd00000)
 ParOldGen       total 68608K, used 43654K [0x00000000c0000000, 0x00000000c4300000, 0x00000000eab00000)
  object space 68608K, 63% used [0x00000000c0000000,0x00000000c2aa1928,0x00000000c4300000)
 Metaspace       used 63697K, committed 65024K, reserved 1114112K
  class space    used 7771K, committed 8320K, reserved 1048576K
}
Event: 138.788 GC heap after
{Heap after GC invocations=44 (full 3):
 PSYoungGen      total 15872K, used 1038K [0x00000000eab00000, 0x00000000ebe00000, 0x0000000100000000)
  eden space 14336K, 0% used [0x00000000eab00000,0x00000000eab00000,0x00000000eb900000)
  from space 1536K, 67% used [0x00000000ebb80000,0x00000000ebc83a18,0x00000000ebd00000)
  to   space 1024K, 0% used [0x00000000ebd00000,0x00000000ebd00000,0x00000000ebe00000)
 ParOldGen       total 68608K, used 43726K [0x00000000c0000000, 0x00000000c4300000, 0x00000000eab00000)
  object space 68608K, 63% used [0x00000000c0000000,0x00000000c2ab3938,0x00000000c4300000)
 Metaspace       used 63697K, committed 65024K, reserved 1114112K
  class space    used 7771K, committed 8320K, reserved 1048576K
}
Event: 138.843 GC heap before
{Heap before GC invocations=45 (full 3):
 PSYoungGen      total 15872K, used 15374K [0x00000000eab00000, 0x00000000ebe00000, 0x0000000100000000)
  eden space 14336K, 100% used [0x00000000eab00000,0x00000000eb900000,0x00000000eb900000)
  from space 1536K, 67% used [0x00000000ebb80000,0x00000000ebc83a18,0x00000000ebd00000)
  to   space 1024K, 0% used [0x00000000ebd00000,0x00000000ebd00000,0x00000000ebe00000)
 ParOldGen       total 68608K, used 43726K [0x00000000c0000000, 0x00000000c4300000, 0x00000000eab00000)
  object space 68608K, 63% used [0x00000000c0000000,0x00000000c2ab3938,0x00000000c4300000)
 Metaspace       used 63697K, committed 65024K, reserved 1114112K
  class space    used 7771K, committed 8320K, reserved 1048576K
}
Event: 138.844 GC heap after
{Heap after GC invocations=45 (full 3):
 PSYoungGen      total 14848K, used 309K [0x00000000eab00000, 0x00000000ebd80000, 0x0000000100000000)
  eden space 14336K, 0% used [0x00000000eab00000,0x00000000eab00000,0x00000000eb900000)
  from space 512K, 60% used [0x00000000ebd00000,0x00000000ebd4d4b8,0x00000000ebd80000)
  to   space 1024K, 0% used [0x00000000ebb80000,0x00000000ebb80000,0x00000000ebc80000)
 ParOldGen       total 68608K, used 43806K [0x00000000c0000000, 0x00000000c4300000, 0x00000000eab00000)
  object space 68608K, 63% used [0x00000000c0000000,0x00000000c2ac7938,0x00000000c4300000)
 Metaspace       used 63697K, committed 65024K, reserved 1114112K
  class space    used 7771K, committed 8320K, reserved 1048576K
}
Event: 138.894 GC heap before
{Heap before GC invocations=46 (full 3):
 PSYoungGen      total 14848K, used 14645K [0x00000000eab00000, 0x00000000ebd80000, 0x0000000100000000)
  eden space 14336K, 100% used [0x00000000eab00000,0x00000000eb900000,0x00000000eb900000)
  from space 512K, 60% used [0x00000000ebd00000,0x00000000ebd4d4b8,0x00000000ebd80000)
  to   space 1024K, 0% used [0x00000000ebb80000,0x00000000ebb80000,0x00000000ebc80000)
 ParOldGen       total 68608K, used 43806K [0x00000000c0000000, 0x00000000c4300000, 0x00000000eab00000)
  object space 68608K, 63% used [0x00000000c0000000,0x00000000c2ac7938,0x00000000c4300000)
 Metaspace       used 63697K, committed 65024K, reserved 1114112K
  class space    used 7771K, committed 8320K, reserved 1048576K
}
Event: 138.894 GC heap after
{Heap after GC invocations=46 (full 3):
 PSYoungGen      total 15360K, used 1020K [0x00000000eab00000, 0x00000000ebd80000, 0x0000000100000000)
  eden space 14336K, 0% used [0x00000000eab00000,0x00000000eab00000,0x00000000eb900000)
  from space 1024K, 99% used [0x00000000ebb80000,0x00000000ebc7f130,0x00000000ebc80000)
  to   space 1024K, 0% used [0x00000000ebc80000,0x00000000ebc80000,0x00000000ebd80000)
 ParOldGen       total 68608K, used 44167K [0x00000000c0000000, 0x00000000c4300000, 0x00000000eab00000)
  object space 68608K, 64% used [0x00000000c0000000,0x00000000c2b21f10,0x00000000c4300000)
 Metaspace       used 63697K, committed 65024K, reserved 1114112K
  class space    used 7771K, committed 8320K, reserved 1048576K
}
Event: 138.950 GC heap before
{Heap before GC invocations=47 (full 3):
 PSYoungGen      total 15360K, used 15338K [0x00000000eab00000, 0x00000000ebd80000, 0x0000000100000000)
  eden space 14336K, 99% used [0x00000000eab00000,0x00000000eb8fb9f8,0x00000000eb900000)
  from space 1024K, 99% used [0x00000000ebb80000,0x00000000ebc7f130,0x00000000ebc80000)
  to   space 1024K, 0% used [0x00000000ebc80000,0x00000000ebc80000,0x00000000ebd80000)
 ParOldGen       total 68608K, used 44167K [0x00000000c0000000, 0x00000000c4300000, 0x00000000eab00000)
  object space 68608K, 64% used [0x00000000c0000000,0x00000000c2b21f10,0x00000000c4300000)
 Metaspace       used 63697K, committed 65024K, reserved 1114112K
  class space    used 7771K, committed 8320K, reserved 1048576K
}
Event: 138.950 GC heap after
{Heap after GC invocations=47 (full 3):
 PSYoungGen      total 15360K, used 620K [0x00000000eab00000, 0x00000000ebd80000, 0x0000000100000000)
  eden space 14336K, 0% used [0x00000000eab00000,0x00000000eab00000,0x00000000eb900000)
  from space 1024K, 60% used [0x00000000ebc80000,0x00000000ebd1b3f8,0x00000000ebd80000)
  to   space 1024K, 0% used [0x00000000ebb80000,0x00000000ebb80000,0x00000000ebc80000)
 ParOldGen       total 68608K, used 44271K [0x00000000c0000000, 0x00000000c4300000, 0x00000000eab00000)
  object space 68608K, 64% used [0x00000000c0000000,0x00000000c2b3bf10,0x00000000c4300000)
 Metaspace       used 63697K, committed 65024K, reserved 1114112K
  class space    used 7771K, committed 8320K, reserved 1048576K
}
Event: 138.995 GC heap before
{Heap before GC invocations=48 (full 3):
 PSYoungGen      total 15360K, used 14956K [0x00000000eab00000, 0x00000000ebd80000, 0x0000000100000000)
  eden space 14336K, 100% used [0x00000000eab00000,0x00000000eb900000,0x00000000eb900000)
  from space 1024K, 60% used [0x00000000ebc80000,0x00000000ebd1b3f8,0x00000000ebd80000)
  to   space 1024K, 0% used [0x00000000ebb80000,0x00000000ebb80000,0x00000000ebc80000)
 ParOldGen       total 68608K, used 44271K [0x00000000c0000000, 0x00000000c4300000, 0x00000000eab00000)
  object space 68608K, 64% used [0x00000000c0000000,0x00000000c2b3bf10,0x00000000c4300000)
 Metaspace       used 63697K, committed 65024K, reserved 1114112K
  class space    used 7771K, committed 8320K, reserved 1048576K
}
Event: 138.996 GC heap after
{Heap after GC invocations=48 (full 3):
 PSYoungGen      total 14848K, used 500K [0x00000000eab00000, 0x00000000ebd00000, 0x0000000100000000)
  eden space 14336K, 0% used [0x00000000eab00000,0x00000000eab00000,0x00000000eb900000)
  from space 512K, 97% used [0x00000000ebb80000,0x00000000ebbfd2a0,0x00000000ebc00000)
  to   space 1024K, 0% used [0x00000000ebc00000,0x00000000ebc00000,0x00000000ebd00000)
 ParOldGen       total 68608K, used 44779K [0x00000000c0000000, 0x00000000c4300000, 0x00000000eab00000)
  object space 68608K, 65% used [0x00000000c0000000,0x00000000c2bbaf10,0x00000000c4300000)
 Metaspace       used 63697K, committed 65024K, reserved 1114112K
  class space    used 7771K, committed 8320K, reserved 1048576K
}
Event: 139.049 GC heap before
{Heap before GC invocations=49 (full 3):
 PSYoungGen      total 14848K, used 14836K [0x00000000eab00000, 0x00000000ebd00000, 0x0000000100000000)
  eden space 14336K, 100% used [0x00000000eab00000,0x00000000eb900000,0x00000000eb900000)
  from space 512K, 97% used [0x00000000ebb80000,0x00000000ebbfd2a0,0x00000000ebc00000)
  to   space 1024K, 0% used [0x00000000ebc00000,0x00000000ebc00000,0x00000000ebd00000)
 ParOldGen       total 68608K, used 44779K [0x00000000c0000000, 0x00000000c4300000, 0x00000000eab00000)
  object space 68608K, 65% used [0x00000000c0000000,0x00000000c2bbaf10,0x00000000c4300000)
 Metaspace       used 63697K, committed 65024K, reserved 1114112K
  class space    used 7771K, committed 8320K, reserved 1048576K
}
Event: 139.050 GC heap after
{Heap after GC invocations=49 (full 3):
 PSYoungGen      total 15360K, used 1018K [0x00000000eab00000, 0x00000000ebd00000, 0x0000000100000000)
  eden space 14336K, 0% used [0x00000000eab00000,0x00000000eab00000,0x00000000eb900000)
  from space 1024K, 99% used [0x00000000ebc00000,0x00000000ebcfeb30,0x00000000ebd00000)
  to   space 1536K, 0% used [0x00000000eba00000,0x00000000eba00000,0x00000000ebb80000)
 ParOldGen       total 68608K, used 45038K [0x00000000c0000000, 0x00000000c4300000, 0x00000000eab00000)
  object space 68608K, 65% used [0x00000000c0000000,0x00000000c2bfb890,0x00000000c4300000)
 Metaspace       used 63697K, committed 65024K, reserved 1114112K
  class space    used 7771K, committed 8320K, reserved 1048576K
}
Event: 139.105 GC heap before
{Heap before GC invocations=50 (full 3):
 PSYoungGen      total 15360K, used 15354K [0x00000000eab00000, 0x00000000ebd00000, 0x0000000100000000)
  eden space 14336K, 100% used [0x00000000eab00000,0x00000000eb900000,0x00000000eb900000)
  from space 1024K, 99% used [0x00000000ebc00000,0x00000000ebcfeb30,0x00000000ebd00000)
  to   space 1536K, 0% used [0x00000000eba00000,0x00000000eba00000,0x00000000ebb80000)
 ParOldGen       total 68608K, used 45038K [0x00000000c0000000, 0x00000000c4300000, 0x00000000eab00000)
  object space 68608K, 65% used [0x00000000c0000000,0x00000000c2bfb890,0x00000000c4300000)
 Metaspace       used 63697K, committed 65024K, reserved 1114112K
  class space    used 7771K, committed 8320K, reserved 1048576K
}
Event: 139.106 GC heap after
{Heap after GC invocations=50 (full 3):
 PSYoungGen      total 15872K, used 461K [0x00000000eab00000, 0x00000000ebc80000, 0x0000000100000000)
  eden space 14336K, 0% used [0x00000000eab00000,0x00000000eab00000,0x00000000eb900000)
  from space 1536K, 30% used [0x00000000eba00000,0x00000000eba73420,0x00000000ebb80000)
  to   space 1024K, 0% used [0x00000000ebb80000,0x00000000ebb80000,0x00000000ebc80000)
 ParOldGen       total 68608K, used 45126K [0x00000000c0000000, 0x00000000c4300000, 0x00000000eab00000)
  object space 68608K, 65% used [0x00000000c0000000,0x00000000c2c11890,0x00000000c4300000)
 Metaspace       used 63697K, committed 65024K, reserved 1114112K
  class space    used 7771K, committed 8320K, reserved 1048576K
}
Event: 139.150 GC heap before
{Heap before GC invocations=51 (full 3):
 PSYoungGen      total 15872K, used 14797K [0x00000000eab00000, 0x00000000ebc80000, 0x0000000100000000)
  eden space 14336K, 100% used [0x00000000eab00000,0x00000000eb900000,0x00000000eb900000)
  from space 1536K, 30% used [0x00000000eba00000,0x00000000eba73420,0x00000000ebb80000)
  to   space 1024K, 0% used [0x00000000ebb80000,0x00000000ebb80000,0x00000000ebc80000)
 ParOldGen       total 68608K, used 45126K [0x00000000c0000000, 0x00000000c4300000, 0x00000000eab00000)
  object space 68608K, 65% used [0x00000000c0000000,0x00000000c2c11890,0x00000000c4300000)
 Metaspace       used 63697K, committed 65024K, reserved 1114112K
  class space    used 7771K, committed 8320K, reserved 1048576K
}
Event: 139.151 GC heap after
{Heap after GC invocations=51 (full 3):
 PSYoungGen      total 15360K, used 1018K [0x00000000eab00000, 0x00000000ebc80000, 0x0000000100000000)
  eden space 14336K, 0% used [0x00000000eab00000,0x00000000eab00000,0x00000000eb900000)
  from space 1024K, 99% used [0x00000000ebb80000,0x00000000ebc7e808,0x00000000ebc80000)
  to   space 1536K, 0% used [0x00000000eb980000,0x00000000eb980000,0x00000000ebb00000)
 ParOldGen       total 68608K, used 45319K [0x00000000c0000000, 0x00000000c4300000, 0x00000000eab00000)
  object space 68608K, 66% used [0x00000000c0000000,0x00000000c2c41e08,0x00000000c4300000)
 Metaspace       used 63697K, committed 65024K, reserved 1114112K
  class space    used 7771K, committed 8320K, reserved 1048576K
}
Event: 139.454 GC heap before
{Heap before GC invocations=52 (full 3):
 PSYoungGen      total 15360K, used 15354K [0x00000000eab00000, 0x00000000ebc80000, 0x0000000100000000)
  eden space 14336K, 100% used [0x00000000eab00000,0x00000000eb900000,0x00000000eb900000)
  from space 1024K, 99% used [0x00000000ebb80000,0x00000000ebc7e808,0x00000000ebc80000)
  to   space 1536K, 0% used [0x00000000eb980000,0x00000000eb980000,0x00000000ebb00000)
 ParOldGen       total 68608K, used 45319K [0x00000000c0000000, 0x00000000c4300000, 0x00000000eab00000)
  object space 68608K, 66% used [0x00000000c0000000,0x00000000c2c41e08,0x00000000c4300000)
 Metaspace       used 64700K, committed 66048K, reserved 1114112K
  class space    used 7915K, committed 8512K, reserved 1048576K
}
Event: 139.455 GC heap after
{Heap after GC invocations=52 (full 3):
 PSYoungGen      total 15872K, used 480K [0x00000000eab00000, 0x00000000ebc00000, 0x0000000100000000)
  eden space 14336K, 0% used [0x00000000eab00000,0x00000000eab00000,0x00000000eb900000)
  from space 1536K, 31% used [0x00000000eb980000,0x00000000eb9f8000,0x00000000ebb00000)
  to   space 1024K, 0% used [0x00000000ebb00000,0x00000000ebb00000,0x00000000ebc00000)
 ParOldGen       total 68608K, used 45391K [0x00000000c0000000, 0x00000000c4300000, 0x00000000eab00000)
  object space 68608K, 66% used [0x00000000c0000000,0x00000000c2c53e08,0x00000000c4300000)
 Metaspace       used 64700K, committed 66048K, reserved 1114112K
  class space    used 7915K, committed 8512K, reserved 1048576K
}
Event: 139.858 GC heap before
{Heap before GC invocations=53 (full 3):
 PSYoungGen      total 15872K, used 14816K [0x00000000eab00000, 0x00000000ebc00000, 0x0000000100000000)
  eden space 14336K, 100% used [0x00000000eab00000,0x00000000eb900000,0x00000000eb900000)
  from space 1536K, 31% used [0x00000000eb980000,0x00000000eb9f8000,0x00000000ebb00000)
  to   space 1024K, 0% used [0x00000000ebb00000,0x00000000ebb00000,0x00000000ebc00000)
 ParOldGen       total 68608K, used 45391K [0x00000000c0000000, 0x00000000c4300000, 0x00000000eab00000)
  object space 68608K, 66% used [0x00000000c0000000,0x00000000c2c53e08,0x00000000c4300000)
 Metaspace       used 66220K, committed 67648K, reserved 1114112K
  class space    used 8153K, committed 8768K, reserved 1048576K
}
Event: 139.859 GC heap after
{Heap after GC invocations=53 (full 3):
 PSYoungGen      total 15360K, used 576K [0x00000000eab00000, 0x00000000ebc00000, 0x0000000100000000)
  eden space 14336K, 0% used [0x00000000eab00000,0x00000000eab00000,0x00000000eb900000)
  from space 1024K, 56% used [0x00000000ebb00000,0x00000000ebb90000,0x00000000ebc00000)
  to   space 1024K, 0% used [0x00000000eba00000,0x00000000eba00000,0x00000000ebb00000)
 ParOldGen       total 68608K, used 45734K [0x00000000c0000000, 0x00000000c4300000, 0x00000000eab00000)
  object space 68608K, 66% used [0x00000000c0000000,0x00000000c2ca9b28,0x00000000c4300000)
 Metaspace       used 66220K, committed 67648K, reserved 1114112K
  class space    used 8153K, committed 8768K, reserved 1048576K
}

Dll operation events (15 events):
Event: 0.338 Loaded shared library c:\Users\admin\.cursor\extensions\redhat.java-1.42.0-win32-x64\jre\21.0.7-win32-x86_64\bin\java.dll
Event: 0.616 Loaded shared library c:\Users\admin\.cursor\extensions\redhat.java-1.42.0-win32-x64\jre\21.0.7-win32-x86_64\bin\zip.dll
Event: 0.628 Loaded shared library C:\Users\admin\.cursor\extensions\redhat.java-1.42.0-win32-x64\jre\21.0.7-win32-x86_64\bin\instrument.dll
Event: 0.631 Loaded shared library C:\Users\admin\.cursor\extensions\redhat.java-1.42.0-win32-x64\jre\21.0.7-win32-x86_64\bin\net.dll
Event: 0.636 Loaded shared library C:\Users\admin\.cursor\extensions\redhat.java-1.42.0-win32-x64\jre\21.0.7-win32-x86_64\bin\nio.dll
Event: 0.639 Loaded shared library C:\Users\admin\.cursor\extensions\redhat.java-1.42.0-win32-x64\jre\21.0.7-win32-x86_64\bin\zip.dll
Event: 0.647 Loaded shared library C:\Users\admin\.cursor\extensions\redhat.java-1.42.0-win32-x64\jre\21.0.7-win32-x86_64\bin\jimage.dll
Event: 1.748 Loaded shared library c:\Users\admin\.cursor\extensions\redhat.java-1.42.0-win32-x64\jre\21.0.7-win32-x86_64\bin\verify.dll
Event: 42.397 Loaded shared library C:\Users\admin\AppData\Roaming\Cursor\User\globalStorage\redhat.java\1.42.0\config_win\org.eclipse.equinox.launcher\org.eclipse.equinox.launcher.win32.win32.x86_64_1.2.1300.v20250331-1702\eclipse_11911.dll
Event: 90.448 Loaded shared library C:\Users\admin\.cursor\extensions\redhat.java-1.42.0-win32-x64\jre\21.0.7-win32-x86_64\bin\management.dll
Event: 90.450 Loaded shared library C:\Users\admin\.cursor\extensions\redhat.java-1.42.0-win32-x64\jre\21.0.7-win32-x86_64\bin\management_ext.dll
Event: 90.867 Loaded shared library C:\Users\admin\AppData\Local\Temp\jna-92668751\jna8455211521685282234.dll
Event: 93.395 Loaded shared library C:\Users\admin\.cursor\extensions\redhat.java-1.42.0-win32-x64\jre\21.0.7-win32-x86_64\bin\sunmscapi.dll
Event: 94.227 Loaded shared library C:\Users\admin\.cursor\extensions\redhat.java-1.42.0-win32-x64\jre\21.0.7-win32-x86_64\bin\extnet.dll
Event: 123.209 Loaded shared library C:\Users\admin\.gradle\native\1def1411415f61bf3af743bc5b6707747c0891f09f0c88961ee8f79bc544acac\windows-amd64\native-platform.dll

Deoptimization events (20 events):
Event: 142.786 Thread 0x000002aca0243910 Uncommon trap: trap_request=0xffffffc6 fr.pc=0x000002ac4c295880 relative=0x0000000000001380
Event: 142.786 Thread 0x000002aca0243910 Uncommon trap: reason=bimorphic_or_optimized_type_check action=maybe_recompile pc=0x000002ac4c295880 method=java.io.DataInputStream.readFully([BII)V @ 30 c2
Event: 142.786 Thread 0x000002aca0243910 DEOPT PACKING pc=0x000002ac4c295880 sp=0x000000c21593e540
Event: 142.786 Thread 0x000002aca0243910 DEOPT UNPACKING pc=0x000002ac4bb13aa2 sp=0x000000c21593e528 mode 2
Event: 142.786 Thread 0x000002aca0243910 Uncommon trap: trap_request=0xffffffc6 fr.pc=0x000002ac4c295880 relative=0x0000000000001380
Event: 142.786 Thread 0x000002aca0243910 Uncommon trap: reason=bimorphic_or_optimized_type_check action=maybe_recompile pc=0x000002ac4c295880 method=java.io.DataInputStream.readFully([BII)V @ 30 c2
Event: 142.786 Thread 0x000002aca0243910 DEOPT PACKING pc=0x000002ac4c295880 sp=0x000000c21593e610
Event: 142.786 Thread 0x000002aca0243910 DEOPT UNPACKING pc=0x000002ac4bb13aa2 sp=0x000000c21593e618 mode 2
Event: 142.811 Thread 0x000002aca0243910 Uncommon trap: trap_request=0xffffff45 fr.pc=0x000002ac4c5d1d34 relative=0x0000000000000af4
Event: 142.811 Thread 0x000002aca0243910 Uncommon trap: reason=unstable_if action=reinterpret pc=0x000002ac4c5d1d34 method=sun.nio.fs.WindowsPath.openForReadAttributeAccess(Z)J @ 5 c2
Event: 142.811 Thread 0x000002aca0243910 DEOPT PACKING pc=0x000002ac4c5d1d34 sp=0x000000c21593e140
Event: 142.811 Thread 0x000002aca0243910 DEOPT UNPACKING pc=0x000002ac4bb13aa2 sp=0x000000c21593e118 mode 2
Event: 142.811 Thread 0x000002aca0243910 Uncommon trap: trap_request=0xffffff45 fr.pc=0x000002ac4c5d6db0 relative=0x0000000000000650
Event: 142.811 Thread 0x000002aca0243910 Uncommon trap: reason=unstable_if action=reinterpret pc=0x000002ac4c5d6db0 method=sun.nio.fs.WindowsFileAttributes.isReparsePoint(I)Z @ 5 c2
Event: 142.811 Thread 0x000002aca0243910 DEOPT PACKING pc=0x000002ac4c5d6db0 sp=0x000000c21593e160
Event: 142.811 Thread 0x000002aca0243910 DEOPT UNPACKING pc=0x000002ac4bb13aa2 sp=0x000000c21593e088 mode 2
Event: 142.811 Thread 0x000002aca0243910 Uncommon trap: trap_request=0xffffff45 fr.pc=0x000002ac4c5c6094 relative=0x00000000000001d4
Event: 142.811 Thread 0x000002aca0243910 Uncommon trap: reason=unstable_if action=reinterpret pc=0x000002ac4c5c6094 method=sun.nio.fs.NativeBuffers.getNativeBufferFromCache(I)Lsun/nio/fs/NativeBuffer; @ 34 c2
Event: 142.811 Thread 0x000002aca0243910 DEOPT PACKING pc=0x000002ac4c5c6094 sp=0x000000c21593e070
Event: 142.811 Thread 0x000002aca0243910 DEOPT UNPACKING pc=0x000002ac4bb13aa2 sp=0x000000c21593dff8 mode 2

Classes loaded (20 events):
Event: 142.804 Loading class sun/nio/ch/PipeImpl$Initializer
Event: 142.805 Loading class sun/nio/ch/PipeImpl$Initializer done
Event: 142.805 Loading class sun/nio/ch/PipeImpl$Initializer$LoopbackConnector
Event: 142.805 Loading class sun/nio/ch/PipeImpl$Initializer$LoopbackConnector done
Event: 142.805 Loading class sun/nio/ch/UnixDomainSockets
Event: 142.805 Loading class sun/nio/ch/UnixDomainSockets done
Event: 142.805 Loading class sun/nio/ch/UnixDomainSocketsUtil
Event: 142.805 Loading class sun/nio/ch/UnixDomainSocketsUtil done
Event: 142.807 Loading class sun/nio/ch/ServerSocketChannelImpl
Event: 142.808 Loading class sun/nio/ch/ServerSocketChannelImpl done
Event: 142.809 Loading class java/nio/BufferMismatch
Event: 142.810 Loading class java/nio/BufferMismatch done
Event: 142.810 Loading class sun/nio/ch/SourceChannelImpl
Event: 142.810 Loading class java/nio/channels/Pipe$SourceChannel
Event: 142.810 Loading class java/nio/channels/Pipe$SourceChannel done
Event: 142.810 Loading class sun/nio/ch/SourceChannelImpl done
Event: 142.810 Loading class sun/nio/ch/SinkChannelImpl
Event: 142.810 Loading class java/nio/channels/Pipe$SinkChannel
Event: 142.810 Loading class java/nio/channels/Pipe$SinkChannel done
Event: 142.810 Loading class sun/nio/ch/SinkChannelImpl done

Classes unloaded (7 events):
Event: 90.014 Thread 0x000002ac55854120 Unloading class 0x000002ac571a4c00 'java/lang/invoke/LambdaForm$MH+0x000002ac571a4c00'
Event: 90.014 Thread 0x000002ac55854120 Unloading class 0x000002ac571a4800 'java/lang/invoke/LambdaForm$MH+0x000002ac571a4800'
Event: 90.014 Thread 0x000002ac55854120 Unloading class 0x000002ac571a4400 'java/lang/invoke/LambdaForm$MH+0x000002ac571a4400'
Event: 90.014 Thread 0x000002ac55854120 Unloading class 0x000002ac571a4000 'java/lang/invoke/LambdaForm$MH+0x000002ac571a4000'
Event: 90.014 Thread 0x000002ac55854120 Unloading class 0x000002ac571a3c00 'java/lang/invoke/LambdaForm$BMH+0x000002ac571a3c00'
Event: 90.014 Thread 0x000002ac55854120 Unloading class 0x000002ac571a3800 'java/lang/invoke/LambdaForm$DMH+0x000002ac571a3800'
Event: 90.014 Thread 0x000002ac55854120 Unloading class 0x000002ac571a2400 'java/lang/invoke/LambdaForm$DMH+0x000002ac571a2400'

Classes redefined (0 events):
No events

Internal exceptions (20 events):
Event: 139.465 Thread 0x000002aca0243910 Exception <a 'java/lang/NoSuchMethodError'{0x00000000eac7a708}: 'java.lang.Object java.lang.invoke.DirectMethodHandle$Holder.invokeStatic(java.lang.Object, java.lang.Object, java.lang.Object, java.lang.Object, java.lang.Object, java.lang.Object, java.lang.Object, java.lang.Object, java.lang.Object, java.lang.Object, java.lang.Object, java.lang.Object, java.lang.Object, java.lang.Object, java.lang.Object, java.lang.Object, java.lang.Object)'> (0x00000000eac7a708) 
thrown [s\src\hotspot\share\interpreter\lin
Event: 139.466 Thread 0x000002aca0243910 Exception <a 'java/lang/NoSuchMethodError'{0x00000000eaca6f10}: 'java.lang.Object java.lang.invoke.DirectMethodHandle$Holder.invokeStatic(java.lang.Object, java.lang.Object, java.lang.Object, java.lang.Object, java.lang.Object, java.lang.Object, java.lang.Object, java.lang.Object, java.lang.Object, java.lang.Object, java.lang.Object, java.lang.Object, java.lang.Object, java.lang.Object, java.lang.Object, java.lang.Object, java.lang.Object, java.lang.Object)'> (0x00000000eaca6f10) 
thrown [s\src\hotspot\sha
Event: 139.467 Thread 0x000002aca0243910 Exception <a 'java/lang/NoSuchMethodError'{0x00000000eacd4c70}: 'java.lang.Object java.lang.invoke.DirectMethodHandle$Holder.invokeStatic(java.lang.Object, java.lang.Object, java.lang.Object, java.lang.Object, java.lang.Object, java.lang.Object, java.lang.Object, java.lang.Object, java.lang.Object, java.lang.Object, java.lang.Object, java.lang.Object, java.lang.Object, java.lang.Object, java.lang.Object, java.lang.Object, java.lang.Object, java.lang.Object, java.lang.Object)'> (0x00000000eacd4c70) 
thrown 
Event: 139.468 Thread 0x000002aca0243910 Exception <a 'java/lang/NoSuchMethodError'{0x00000000ead04e18}: 'java.lang.Object java.lang.invoke.DirectMethodHandle$Holder.invokeStatic(java.lang.Object, java.lang.Object, java.lang.Object, java.lang.Object, java.lang.Object, java.lang.Object, java.lang.Object, java.lang.Object, java.lang.Object, java.lang.Object, java.lang.Object, java.lang.Object, java.lang.Object, java.lang.Object, java.lang.Object, java.lang.Object, java.lang.Object, java.lang.Object, java.lang.Object, java.lang.Object)'> (0x00000000
Event: 139.468 Thread 0x000002aca0243910 Exception <a 'java/lang/NoSuchMethodError'{0x00000000ead35020}: 'java.lang.Object java.lang.invoke.DirectMethodHandle$Holder.invokeStatic(java.lang.Object, java.lang.Object, java.lang.Object, java.lang.Object, java.lang.Object, java.lang.Object, java.lang.Object, java.lang.Object, java.lang.Object, java.lang.Object, java.lang.Object, java.lang.Object, java.lang.Object, java.lang.Object, java.lang.Object, java.lang.Object, java.lang.Object, java.lang.Object, java.lang.Object, java.lang.Object, java.lang.Obj
Event: 139.470 Thread 0x000002aca0243910 Exception <a 'java/lang/NoSuchMethodError'{0x00000000ead65ea0}: 'java.lang.Object java.lang.invoke.DirectMethodHandle$Holder.invokeStatic(java.lang.Object, java.lang.Object, java.lang.Object, java.lang.Object, java.lang.Object, java.lang.Object, java.lang.Object, java.lang.Object, java.lang.Object, java.lang.Object, java.lang.Object, java.lang.Object, java.lang.Object, java.lang.Object, java.lang.Object, java.lang.Object, java.lang.Object, java.lang.Object, java.lang.Object, java.lang.Object, java.lang.Obj
Event: 139.471 Thread 0x000002aca0243910 Exception <a 'java/lang/NoSuchMethodError'{0x00000000ead97b90}: 'java.lang.Object java.lang.invoke.DirectMethodHandle$Holder.invokeStatic(java.lang.Object, java.lang.Object, java.lang.Object, java.lang.Object, java.lang.Object, java.lang.Object, java.lang.Object, java.lang.Object, java.lang.Object, java.lang.Object, java.lang.Object, java.lang.Object, java.lang.Object, java.lang.Object, java.lang.Object, java.lang.Object, java.lang.Object, java.lang.Object, java.lang.Object, java.lang.Object, java.lang.Obj
Event: 139.471 Thread 0x000002aca0243910 Exception <a 'java/lang/NoSuchMethodError'{0x00000000eadca0a0}: 'java.lang.Object java.lang.invoke.DirectMethodHandle$Holder.invokeStatic(java.lang.Object, java.lang.Object, java.lang.Object, java.lang.Object, java.lang.Object, java.lang.Object, java.lang.Object, java.lang.Object, java.lang.Object, java.lang.Object, java.lang.Object, java.lang.Object, java.lang.Object, java.lang.Object, java.lang.Object, java.lang.Object, java.lang.Object, java.lang.Object, java.lang.Object, java.lang.Object, java.lang.Obj
Event: 139.472 Thread 0x000002aca0243910 Exception <a 'java/lang/NoSuchMethodError'{0x00000000eadfe740}: 'java.lang.Object java.lang.invoke.DirectMethodHandle$Holder.invokeStatic(java.lang.Object, java.lang.Object, java.lang.Object, java.lang.Object, java.lang.Object, java.lang.Object, java.lang.Object, java.lang.Object, java.lang.Object, java.lang.Object, java.lang.Object, java.lang.Object, java.lang.Object, java.lang.Object, java.lang.Object, java.lang.Object, java.lang.Object, java.lang.Object, java.lang.Object, java.lang.Object, java.lang.Obj
Event: 139.474 Thread 0x000002aca0243910 Exception <a 'java/lang/NoSuchMethodError'{0x00000000eae24800}: 'java.lang.Object java.lang.invoke.DirectMethodHandle$Holder.invokeSpecial(java.lang.Object, java.lang.Object, java.lang.Object, java.lang.Object, java.lang.Object, java.lang.Object, java.lang.Object, java.lang.Object, java.lang.Object, java.lang.Object, java.lang.Object, java.lang.Object, java.lang.Object, java.lang.Object, java.lang.Object, java.lang.Object, java.lang.Object, java.lang.Object, java.lang.Object, java.lang.Object, java.lang.Ob
Event: 139.475 Thread 0x000002aca0243910 Exception <a 'java/lang/NoSuchMethodError'{0x00000000eae39fe8}: 'java.lang.Object java.lang.invoke.DirectMethodHandle$Holder.newInvokeSpecial(java.lang.Object, java.lang.Object, java.lang.Object, java.lang.Object, java.lang.Object, java.lang.Object, java.lang.Object, java.lang.Object, java.lang.Object, java.lang.Object, java.lang.Object, java.lang.Object, java.lang.Object, java.lang.Object, java.lang.Object, java.lang.Object, java.lang.Object, java.lang.Object, java.lang.Object, java.lang.Object, java.lang
Event: 139.475 Thread 0x000002aca0243910 Exception <a 'java/lang/NoSuchMethodError'{0x00000000eae401e0}: 'java.lang.Object java.lang.invoke.Invokers$Holder.linkToTargetMethod(java.lang.Object, java.lang.Object, java.lang.Object, java.lang.Object, java.lang.Object, java.lang.Object, java.lang.Object, java.lang.Object, java.lang.Object, java.lang.Object, java.lang.Object, java.lang.Object, java.lang.Object, java.lang.Object, java.lang.Object, java.lang.Object, java.lang.Object, java.lang.Object, java.lang.Object, java.lang.Object, java.lang.Object,
Event: 139.475 Thread 0x000002aca0243910 Exception <a 'java/lang/NoSuchMethodError'{0x00000000eae453a8}: 'java.lang.Object java.lang.invoke.DirectMethodHandle$Holder.invokeVirtual(java.lang.Object, java.lang.Object, java.lang.Object, java.lang.Object, java.lang.Object, java.lang.Object, java.lang.Object, java.lang.Object, java.lang.Object, java.lang.Object)'> (0x00000000eae453a8) 
thrown [s\src\hotspot\share\interpreter\linkResolver.cpp, line 773]
Event: 139.486 Thread 0x000002aca0243910 Exception <a 'java/lang/NoSuchMethodError'{0x00000000eafdbd00}: 'java.lang.Object java.lang.invoke.DirectMethodHandle$Holder.invokeVirtual(java.lang.Object, java.lang.Object, java.lang.Object, java.lang.Object, java.lang.Object, java.lang.Object, java.lang.Object, java.lang.Object, java.lang.Object)'> (0x00000000eafdbd00) 
thrown [s\src\hotspot\share\interpreter\linkResolver.cpp, line 773]
Event: 139.504 Thread 0x000002aca0243910 Exception <a 'java/lang/NoSuchMethodError'{0x00000000eb21a168}: 'java.lang.Object java.lang.invoke.DirectMethodHandle$Holder.invokeVirtual(java.lang.Object, java.lang.Object, java.lang.Object, java.lang.Object, java.lang.Object, java.lang.Object, java.lang.Object, java.lang.Object)'> (0x00000000eb21a168) 
thrown [s\src\hotspot\share\interpreter\linkResolver.cpp, line 773]
Event: 139.508 Thread 0x000002aca0243910 Exception <a 'java/lang/NoSuchMethodError'{0x00000000eb290f98}: 'long java.lang.invoke.DirectMethodHandle$Holder.invokeVirtual(java.lang.Object, java.lang.Object)'> (0x00000000eb290f98) 
thrown [s\src\hotspot\share\interpreter\linkResolver.cpp, line 773]
Event: 139.508 Thread 0x000002aca0243910 Exception <a 'java/lang/NoSuchMethodError'{0x00000000eb294398}: 'long java.lang.invoke.DelegatingMethodHandle$Holder.reinvoke_L(java.lang.Object, java.lang.Object)'> (0x00000000eb294398) 
thrown [s\src\hotspot\share\interpreter\linkResolver.cpp, line 773]
Event: 139.991 Thread 0x000002aca02411b0 Exception <a 'java/lang/NoSuchMethodError'{0x00000000eab23fe8}: 'void java.lang.invoke.DirectMethodHandle$Holder.invokeStatic(java.lang.Object, long)'> (0x00000000eab23fe8) 
thrown [s\src\hotspot\share\interpreter\linkResolver.cpp, line 773]
Event: 141.251 Thread 0x000002aca02411b0 Exception <a 'java/lang/NoSuchMethodError'{0x00000000eab545f0}: 'void java.lang.invoke.DirectMethodHandle$Holder.invokeSpecial(java.lang.Object, java.lang.Object, int)'> (0x00000000eab545f0) 
thrown [s\src\hotspot\share\interpreter\linkResolver.cpp, line 773]
Event: 141.251 Thread 0x000002aca02411b0 Exception <a 'java/lang/NoSuchMethodError'{0x00000000eab59a18}: 'java.lang.Object java.lang.invoke.DirectMethodHandle$Holder.newInvokeSpecial(java.lang.Object, java.lang.Object, int)'> (0x00000000eab59a18) 
thrown [s\src\hotspot\share\interpreter\linkResolver.cpp, line 773]

ZGC Phase Switch (0 events):
No events

VM Operations (20 events):
Event: 138.995 Executing VM operation: ParallelGCFailedAllocation (Allocation Failure)
Event: 138.996 Executing VM operation: ParallelGCFailedAllocation (Allocation Failure) done
Event: 139.049 Executing VM operation: ParallelGCFailedAllocation (Allocation Failure)
Event: 139.050 Executing VM operation: ParallelGCFailedAllocation (Allocation Failure) done
Event: 139.105 Executing VM operation: ParallelGCFailedAllocation (Allocation Failure)
Event: 139.106 Executing VM operation: ParallelGCFailedAllocation (Allocation Failure) done
Event: 139.150 Executing VM operation: ParallelGCFailedAllocation (Allocation Failure)
Event: 139.151 Executing VM operation: ParallelGCFailedAllocation (Allocation Failure) done
Event: 139.454 Executing VM operation: ParallelGCFailedAllocation (Allocation Failure)
Event: 139.455 Executing VM operation: ParallelGCFailedAllocation (Allocation Failure) done
Event: 139.491 Executing VM operation: HandshakeAllThreads (Deoptimize)
Event: 139.492 Executing VM operation: HandshakeAllThreads (Deoptimize) done
Event: 139.858 Executing VM operation: ParallelGCFailedAllocation (Allocation Failure)
Event: 139.859 Executing VM operation: ParallelGCFailedAllocation (Allocation Failure) done
Event: 139.992 Executing VM operation: HandshakeAllThreads (Deoptimize)
Event: 139.992 Executing VM operation: HandshakeAllThreads (Deoptimize) done
Event: 140.993 Executing VM operation: Cleanup
Event: 140.993 Executing VM operation: Cleanup done
Event: 141.994 Executing VM operation: Cleanup
Event: 141.994 Executing VM operation: Cleanup done

Memory protections (0 events):
No events

Nmethod flushes (20 events):
Event: 137.788 Thread 0x000002ac55854120 flushing  nmethod 0x000002ac45071c90
Event: 137.788 Thread 0x000002ac55854120 flushing  nmethod 0x000002ac4507e710
Event: 137.788 Thread 0x000002ac55854120 flushing  nmethod 0x000002ac4508c310
Event: 137.788 Thread 0x000002ac55854120 flushing  nmethod 0x000002ac450afe90
Event: 137.788 Thread 0x000002ac55854120 flushing  nmethod 0x000002ac450bb710
Event: 137.788 Thread 0x000002ac55854120 flushing  nmethod 0x000002ac45105c90
Event: 137.788 Thread 0x000002ac55854120 flushing  nmethod 0x000002ac45106310
Event: 137.788 Thread 0x000002ac55854120 flushing  nmethod 0x000002ac45107710
Event: 137.788 Thread 0x000002ac55854120 flushing  nmethod 0x000002ac4510a110
Event: 137.788 Thread 0x000002ac55854120 flushing  nmethod 0x000002ac4510cb90
Event: 137.788 Thread 0x000002ac55854120 flushing  nmethod 0x000002ac45121610
Event: 137.788 Thread 0x000002ac55854120 flushing  nmethod 0x000002ac45127c10
Event: 137.788 Thread 0x000002ac55854120 flushing  nmethod 0x000002ac4512a210
Event: 137.788 Thread 0x000002ac55854120 flushing  nmethod 0x000002ac4512af10
Event: 137.788 Thread 0x000002ac55854120 flushing  nmethod 0x000002ac4512bc90
Event: 137.788 Thread 0x000002ac55854120 flushing  nmethod 0x000002ac45136d90
Event: 137.788 Thread 0x000002ac55854120 flushing  nmethod 0x000002ac4513a910
Event: 137.788 Thread 0x000002ac55854120 flushing  nmethod 0x000002ac45146310
Event: 137.788 Thread 0x000002ac55854120 flushing  nmethod 0x000002ac4514ae10
Event: 137.788 Thread 0x000002ac55854120 flushing  nmethod 0x000002ac4517a510

Events (20 events):
Event: 138.548 Thread 0x000002aca033a9e0 Thread added: 0x000002aca073d2c0
Event: 139.018 Thread 0x000002ac4153dc60 Thread added: 0x000002aca073d990
Event: 139.018 Thread 0x000002ac4153dc60 Thread added: 0x000002aca073e730
Event: 139.175 Thread 0x000002aca033a9e0 Thread exited: 0x000002aca033a9e0
Event: 139.312 Thread 0x000002aca073e730 Thread exited: 0x000002aca073e730
Event: 139.317 Thread 0x000002aca073d990 Thread exited: 0x000002aca073d990
Event: 139.328 Thread 0x000002aca073d2c0 Thread exited: 0x000002aca073d2c0
Event: 139.369 Thread 0x000002aca073cbf0 Thread exited: 0x000002aca073cbf0
Event: 139.473 Thread 0x000002ac97d5e6e0 Thread added: 0x000002aca073d990
Event: 139.514 Thread 0x000002aca0243910 Thread added: 0x000002aca0244630
Event: 139.856 Thread 0x000002aca0243910 Thread added: 0x000002aca02411b0
Event: 139.993 Thread 0x000002aca02411b0 Thread added: 0x000002aca0244cc0
Event: 139.994 Thread 0x000002aca02411b0 Thread added: 0x000002aca0241840
Event: 141.363 Thread 0x000002aca0243910 Thread added: 0x000002aca0245350
Event: 141.369 Thread 0x000002aca0245350 Thread added: 0x000002ac9e802ec0
Event: 141.370 Thread 0x000002aca0245350 Thread added: 0x000002aca1ca9b10
Event: 141.370 Thread 0x000002ac9e802ec0 Thread exited: 0x000002ac9e802ec0
Event: 141.760 Thread 0x000002aca073d990 Thread exited: 0x000002aca073d990
Event: 142.786 Thread 0x000002aca0245350 Thread exited: 0x000002aca0245350
Event: 142.786 Thread 0x000002aca1ca9b10 Thread exited: 0x000002aca1ca9b10


Dynamic libraries:
0x00007ff7af130000 - 0x00007ff7af13e000 	c:\Users\admin\.cursor\extensions\redhat.java-1.42.0-win32-x64\jre\21.0.7-win32-x86_64\bin\java.exe
0x00007ff8f0da0000 - 0x00007ff8f1006000 	C:\WINDOWS\SYSTEM32\ntdll.dll
0x00007ff8eeec0000 - 0x00007ff8eef89000 	C:\WINDOWS\System32\KERNEL32.DLL
0x00007ff8ee410000 - 0x00007ff8ee7dc000 	C:\WINDOWS\System32\KERNELBASE.dll
0x00007ff8edfd0000 - 0x00007ff8ee11b000 	C:\WINDOWS\System32\ucrtbase.dll
0x00007ff8c6120000 - 0x00007ff8c6138000 	c:\Users\admin\.cursor\extensions\redhat.java-1.42.0-win32-x64\jre\21.0.7-win32-x86_64\bin\jli.dll
0x00007ff8c60e0000 - 0x00007ff8c60fe000 	c:\Users\admin\.cursor\extensions\redhat.java-1.42.0-win32-x64\jre\21.0.7-win32-x86_64\bin\VCRUNTIME140.dll
0x00007ff8f0aa0000 - 0x00007ff8f0c6a000 	C:\WINDOWS\System32\USER32.dll
0x00007ff8ee120000 - 0x00007ff8ee147000 	C:\WINDOWS\System32\win32u.dll
0x00007ff8f0440000 - 0x00007ff8f046b000 	C:\WINDOWS\System32\GDI32.dll
0x00007ff8db710000 - 0x00007ff8db9aa000 	C:\WINDOWS\WinSxS\amd64_microsoft.windows.common-controls_6595b64144ccf1df_6.0.26100.3912_none_3e07963ce335137e\COMCTL32.dll
0x00007ff8eeb60000 - 0x00007ff8eec09000 	C:\WINDOWS\System32\msvcrt.dll
0x00007ff8ee2d0000 - 0x00007ff8ee402000 	C:\WINDOWS\System32\gdi32full.dll
0x00007ff8eea20000 - 0x00007ff8eeac3000 	C:\WINDOWS\System32\msvcp_win.dll
0x00007ff8f0c70000 - 0x00007ff8f0ca0000 	C:\WINDOWS\System32\IMM32.DLL
0x00007ff8d6650000 - 0x00007ff8d665c000 	c:\Users\admin\.cursor\extensions\redhat.java-1.42.0-win32-x64\jre\21.0.7-win32-x86_64\bin\vcruntime140_1.dll
0x00007ff8b0720000 - 0x00007ff8b07ad000 	c:\Users\admin\.cursor\extensions\redhat.java-1.42.0-win32-x64\jre\21.0.7-win32-x86_64\bin\msvcp140.dll
0x00007ff846440000 - 0x00007ff8471d0000 	c:\Users\admin\.cursor\extensions\redhat.java-1.42.0-win32-x64\jre\21.0.7-win32-x86_64\bin\server\jvm.dll
0x00007ff8f0140000 - 0x00007ff8f01f2000 	C:\WINDOWS\System32\ADVAPI32.dll
0x00007ff8f0cb0000 - 0x00007ff8f0d56000 	C:\WINDOWS\System32\sechost.dll
0x00007ff8efb60000 - 0x00007ff8efc76000 	C:\WINDOWS\System32\RPCRT4.dll
0x00007ff8ef340000 - 0x00007ff8ef3b4000 	C:\WINDOWS\System32\WS2_32.dll
0x00007ff8edda0000 - 0x00007ff8eddfe000 	C:\WINDOWS\SYSTEM32\POWRPROF.dll
0x00007ff8e4950000 - 0x00007ff8e4986000 	C:\WINDOWS\SYSTEM32\WINMM.dll
0x00007ff8ea6e0000 - 0x00007ff8ea6eb000 	C:\WINDOWS\SYSTEM32\VERSION.dll
0x00007ff8edd80000 - 0x00007ff8edd94000 	C:\WINDOWS\SYSTEM32\UMPDC.dll
0x00007ff8eccf0000 - 0x00007ff8ecd0a000 	C:\WINDOWS\SYSTEM32\kernel.appcore.dll
0x00007ff8d5d00000 - 0x00007ff8d5d0a000 	c:\Users\admin\.cursor\extensions\redhat.java-1.42.0-win32-x64\jre\21.0.7-win32-x86_64\bin\jimage.dll
0x00007ff89bae0000 - 0x00007ff89bd21000 	C:\WINDOWS\SYSTEM32\DBGHELP.DLL
0x00007ff8eef90000 - 0x00007ff8ef314000 	C:\WINDOWS\System32\combase.dll
0x00007ff8f0050000 - 0x00007ff8f0130000 	C:\WINDOWS\System32\OLEAUT32.dll
0x00007ff8d7240000 - 0x00007ff8d7279000 	C:\WINDOWS\SYSTEM32\dbgcore.DLL
0x00007ff8edf30000 - 0x00007ff8edfc9000 	C:\WINDOWS\System32\bcryptPrimitives.dll
0x00007ff8d5f80000 - 0x00007ff8d5f8f000 	c:\Users\admin\.cursor\extensions\redhat.java-1.42.0-win32-x64\jre\21.0.7-win32-x86_64\bin\instrument.dll
0x00007ff8c7040000 - 0x00007ff8c705f000 	c:\Users\admin\.cursor\extensions\redhat.java-1.42.0-win32-x64\jre\21.0.7-win32-x86_64\bin\java.dll
0x00007ff8ef430000 - 0x00007ff8efb5d000 	C:\WINDOWS\System32\SHELL32.dll
0x00007ff8ee150000 - 0x00007ff8ee2c4000 	C:\WINDOWS\System32\wintypes.dll
0x00007ff8ebbe0000 - 0x00007ff8ec436000 	C:\WINDOWS\SYSTEM32\windows.storage.dll
0x00007ff8eedc0000 - 0x00007ff8eeeaf000 	C:\WINDOWS\System32\SHCORE.dll
0x00007ff8ef3c0000 - 0x00007ff8ef429000 	C:\WINDOWS\System32\shlwapi.dll
0x00007ff8ede10000 - 0x00007ff8ede3f000 	C:\WINDOWS\SYSTEM32\profapi.dll
0x00007ff8c7020000 - 0x00007ff8c7038000 	c:\Users\admin\.cursor\extensions\redhat.java-1.42.0-win32-x64\jre\21.0.7-win32-x86_64\bin\zip.dll
0x00007ff8d3a60000 - 0x00007ff8d3a70000 	C:\Users\admin\.cursor\extensions\redhat.java-1.42.0-win32-x64\jre\21.0.7-win32-x86_64\bin\net.dll
0x00007ff8e8a60000 - 0x00007ff8e8b7e000 	C:\WINDOWS\SYSTEM32\WINHTTP.dll
0x0000000180000000 - 0x000000018008c000 	C:\WINDOWS\system32\ASProxy64.dll
0x00007ff8efc80000 - 0x00007ff8efe1f000 	C:\WINDOWS\System32\ole32.dll
0x00007ff8ec730000 - 0x00007ff8ec763000 	C:\WINDOWS\SYSTEM32\IPHLPAPI.DLL
0x00007ff8ed260000 - 0x00007ff8ed2ca000 	C:\WINDOWS\SYSTEM32\MSWSOCK.dll
0x00007ff8ecf90000 - 0x00007ff8ecfd8000 	C:\WINDOWS\SYSTEM32\SspiCli.dll
0x00007ff8c7000000 - 0x00007ff8c7016000 	C:\Users\admin\.cursor\extensions\redhat.java-1.42.0-win32-x64\jre\21.0.7-win32-x86_64\bin\nio.dll
0x00007ff8eb200000 - 0x00007ff8eb2af000 	C:\WINDOWS\system32\uxtheme.dll
0x00007ff8d37b0000 - 0x00007ff8d37c0000 	c:\Users\admin\.cursor\extensions\redhat.java-1.42.0-win32-x64\jre\21.0.7-win32-x86_64\bin\verify.dll
0x00007ff8be340000 - 0x00007ff8be385000 	C:\Users\admin\AppData\Roaming\Cursor\User\globalStorage\redhat.java\1.42.0\config_win\org.eclipse.equinox.launcher\org.eclipse.equinox.launcher.win32.win32.x86_64_1.2.1300.v20250331-1702\eclipse_11911.dll
0x00007ff8ed510000 - 0x00007ff8ed52c000 	C:\WINDOWS\SYSTEM32\CRYPTSP.dll
0x00007ff8ecc50000 - 0x00007ff8ecc8a000 	C:\WINDOWS\system32\rsaenh.dll
0x00007ff8ed300000 - 0x00007ff8ed32b000 	C:\WINDOWS\SYSTEM32\USERENV.dll
0x00007ff8ede50000 - 0x00007ff8ede76000 	C:\WINDOWS\SYSTEM32\bcrypt.dll
0x00007ff8ed500000 - 0x00007ff8ed50c000 	C:\WINDOWS\SYSTEM32\CRYPTBASE.dll
0x00007ff8eedb0000 - 0x00007ff8eedba000 	C:\WINDOWS\System32\NSI.dll
0x00007ff8ddf50000 - 0x00007ff8ddf5a000 	C:\Users\admin\.cursor\extensions\redhat.java-1.42.0-win32-x64\jre\21.0.7-win32-x86_64\bin\management.dll
0x00007ff8ddf40000 - 0x00007ff8ddf4b000 	C:\Users\admin\.cursor\extensions\redhat.java-1.42.0-win32-x64\jre\21.0.7-win32-x86_64\bin\management_ext.dll
0x00007ff8f0040000 - 0x00007ff8f0048000 	C:\WINDOWS\System32\PSAPI.DLL
0x00007ff8b7cf0000 - 0x00007ff8b7d39000 	C:\Users\admin\AppData\Local\Temp\jna-92668751\jna8455211521685282234.dll
0x00007ff8e86b0000 - 0x00007ff8e86cf000 	C:\WINDOWS\SYSTEM32\dhcpcsvc6.DLL
0x00007ff8e7810000 - 0x00007ff8e7835000 	C:\WINDOWS\SYSTEM32\dhcpcsvc.DLL
0x00007ff8d3250000 - 0x00007ff8d325e000 	C:\Users\admin\.cursor\extensions\redhat.java-1.42.0-win32-x64\jre\21.0.7-win32-x86_64\bin\sunmscapi.dll
0x00007ff8ee7e0000 - 0x00007ff8ee957000 	C:\WINDOWS\System32\CRYPT32.dll
0x00007ff8ed710000 - 0x00007ff8ed740000 	C:\WINDOWS\SYSTEM32\ncrypt.dll
0x00007ff8ed6c0000 - 0x00007ff8ed6ff000 	C:\WINDOWS\SYSTEM32\NTASN1.dll
0x00007ff8ec770000 - 0x00007ff8ec897000 	C:\WINDOWS\SYSTEM32\DNSAPI.dll
0x00007ff8e7840000 - 0x00007ff8e784b000 	C:\Windows\System32\rasadhlp.dll
0x00007ff8e6760000 - 0x00007ff8e67e6000 	C:\WINDOWS\System32\fwpuclnt.dll
0x00007ff8d2ae0000 - 0x00007ff8d2ae9000 	C:\Users\admin\.cursor\extensions\redhat.java-1.42.0-win32-x64\jre\21.0.7-win32-x86_64\bin\extnet.dll
0x00007ff8c7080000 - 0x00007ff8c70a7000 	C:\Users\admin\.gradle\native\1def1411415f61bf3af743bc5b6707747c0891f09f0c88961ee8f79bc544acac\windows-amd64\native-platform.dll
0x00007ff8c5820000 - 0x00007ff8c5828000 	C:\WINDOWS\system32\wshunix.dll

dbghelp: loaded successfully - version: 4.0.5 - missing functions: none
symbol engine: initialized successfully - sym options: 0x614 - pdb path: .;c:\Users\admin\.cursor\extensions\redhat.java-1.42.0-win32-x64\jre\21.0.7-win32-x86_64\bin;C:\WINDOWS\SYSTEM32;C:\WINDOWS\WinSxS\amd64_microsoft.windows.common-controls_6595b64144ccf1df_6.0.26100.3912_none_3e07963ce335137e;c:\Users\admin\.cursor\extensions\redhat.java-1.42.0-win32-x64\jre\21.0.7-win32-x86_64\bin\server;C:\Users\admin\AppData\Roaming\Cursor\User\globalStorage\redhat.java\1.42.0\config_win\org.eclipse.equinox.launcher\org.eclipse.equinox.launcher.win32.win32.x86_64_1.2.1300.v20250331-1702;C:\Users\admin\AppData\Local\Temp\jna-92668751;C:\Users\admin\.gradle\native\1def1411415f61bf3af743bc5b6707747c0891f09f0c88961ee8f79bc544acac\windows-amd64

VM Arguments:
jvm_args: --add-modules=ALL-SYSTEM --add-opens=java.base/java.util=ALL-UNNAMED --add-opens=java.base/java.lang=ALL-UNNAMED --add-opens=java.base/sun.nio.fs=ALL-UNNAMED -Declipse.application=org.eclipse.jdt.ls.core.id1 -Dosgi.bundles.defaultStartLevel=4 -Declipse.product=org.eclipse.jdt.ls.core.product -Djava.import.generatesMetadataFilesAtProjectRoot=false -DDetectVMInstallationsJob.disabled=true -Dfile.encoding=utf8 -XX:+UseParallelGC -XX:GCTimeRatio=4 -XX:AdaptiveSizePolicyWeight=90 -Dsun.zip.disableMemoryMapping=true -Xmx1G -Xms100m -Xlog:disable -javaagent:c:\Users\admin\.cursor\extensions\redhat.java-1.42.0-win32-x64\lombok\lombok-1.18.36.jar -XX:+HeapDumpOnOutOfMemoryError -XX:HeapDumpPath=c:\Users\admin\AppData\Roaming\Cursor\User\workspaceStorage\0426a641ec518546e312a5bf184515bb\redhat.java -Daether.dependencyCollector.impl=bf 
java_command: c:\Users\admin\.cursor\extensions\redhat.java-1.42.0-win32-x64\server\plugins\org.eclipse.equinox.launcher_1.7.0.v20250424-1814.jar -configuration c:\Users\admin\AppData\Roaming\Cursor\User\globalStorage\redhat.java\1.42.0\config_win -data c:\Users\admin\AppData\Roaming\Cursor\User\workspaceStorage\0426a641ec518546e312a5bf184515bb\redhat.java\jdt_ws --pipe=\\.\pipe\lsp-2747daf211a73836f3f5fb21ba0415a2-sock
java_class_path (initial): c:\Users\admin\.cursor\extensions\redhat.java-1.42.0-win32-x64\server\plugins\org.eclipse.equinox.launcher_1.7.0.v20250424-1814.jar
Launcher Type: SUN_STANDARD

[Global flags]
    uintx AdaptiveSizePolicyWeight                 = 90                                        {product} {command line}
     intx CICompilerCount                          = 12                                        {product} {ergonomic}
    uintx GCTimeRatio                              = 4                                         {product} {command line}
     bool HeapDumpOnOutOfMemoryError               = true                                   {manageable} {command line}
    ccstr HeapDumpPath                             = c:\Users\admin\AppData\Roaming\Cursor\User\workspaceStorage\0426a641ec518546e312a5bf184515bb\redhat.java         {manageable} {command line}
   size_t InitialHeapSize                          = 104857600                                 {product} {command line}
   size_t MaxHeapSize                              = 1073741824                                {product} {command line}
   size_t MaxNewSize                               = 357564416                                 {product} {ergonomic}
   size_t MinHeapDeltaBytes                        = 524288                                    {product} {ergonomic}
   size_t MinHeapSize                              = 104857600                                 {product} {command line}
   size_t NewSize                                  = 34603008                                  {product} {ergonomic}
    uintx NonNMethodCodeHeapSize                   = 7602480                                {pd product} {ergonomic}
    uintx NonProfiledCodeHeapSize                  = 122027880                              {pd product} {ergonomic}
   size_t OldSize                                  = 70254592                                  {product} {ergonomic}
    uintx ProfiledCodeHeapSize                     = 122027880                              {pd product} {ergonomic}
    uintx ReservedCodeCacheSize                    = 251658240                              {pd product} {ergonomic}
     bool SegmentedCodeCache                       = true                                      {product} {ergonomic}
   size_t SoftMaxHeapSize                          = 1073741824                             {manageable} {ergonomic}
     bool UseCompressedOops                        = true                           {product lp64_product} {ergonomic}
     bool UseLargePagesIndividualAllocation        = false                                  {pd product} {ergonomic}
     bool UseParallelGC                            = true                                      {product} {command line}

Logging:
Log output configuration:
 #0: stdout all=off uptime,level,tags foldmultilines=false
 #1: stderr all=off uptime,level,tags foldmultilines=false

Environment Variables:
JAVA_HOME=C:\Program Files\OpenLogic\jdk-17.0.15.6-hotspot
PATH=C:\Program Files\Common Files\Oracle\Java\javapath;C:\Program Files\OpenLogic\jdk-17.0.15.6-hotspot\bin;C:\WINDOWS\system32;C:\WINDOWS;C:\WINDOWS\System32\Wbem;C:\WINDOWS\System32\WindowsPowerShell\v1.0\;C:\WINDOWS\System32\OpenSSH\;C:\Program Files\dotnet\;C:\Program Files\Microsoft SQL Server\130\Tools\Binn\;C:\Program Files\Git\cmd;C:\Users\admin\AppData\Roaming\nvm;C:\Program Files\nodejs;C:\Program Files\Microsoft SQL Server\150\Tools\Binn\;C:\Users\admin\AppData\Local\Microsoft\WindowsApps;C:\Users\admin\AppData\Roaming\npm;C:\Users\admin\AppData\Local\Programs\Microsoft VS Code\bin;C:\Users\admin\AppData\Roaming\nvm;C:\Program Files\nodejs;C:\Users\admin\AppData\Local\Android\Sdk\platform-tools;C:\Users\admin\AppData\Local\Programs\cursor\resources\app\bin;C:\;C:\Users\admin\.dotnet\tools
USERNAME=admin
OS=Windows_NT
PROCESSOR_IDENTIFIER=Intel64 Family 6 Model 165 Stepping 5, GenuineIntel
TMP=C:\Users\admin\AppData\Local\Temp
TEMP=C:\Users\admin\AppData\Local\Temp




Periodic native trim disabled

---------------  S Y S T E M  ---------------

OS:
 Windows 11 , 64 bit Build 26100 (10.0.26100.3912)
OS uptime: 1 days 0:53 hours

CPU: total 16 (initial active 16) (8 cores per cpu, 2 threads per core) family 6 model 165 stepping 5 microcode 0xec, cx8, cmov, fxsr, ht, mmx, 3dnowpref, sse, sse2, sse3, ssse3, sse4.1, sse4.2, popcnt, lzcnt, tsc, tscinvbit, avx, avx2, aes, erms, clmul, bmi1, bmi2, adx, fma, vzeroupper, clflush, clflushopt, rdtscp, f16c, pku
Processor Information for processor 0
  Max Mhz: 2901, Current Mhz: 2901, Mhz Limit: 2901
Processor Information for processor 1
  Max Mhz: 2901, Current Mhz: 2000, Mhz Limit: 2901
Processor Information for processor 2
  Max Mhz: 2901, Current Mhz: 2901, Mhz Limit: 2901
Processor Information for processor 3
  Max Mhz: 2901, Current Mhz: 2000, Mhz Limit: 2901
Processor Information for processor 4
  Max Mhz: 2901, Current Mhz: 2901, Mhz Limit: 2901
Processor Information for processor 5
  Max Mhz: 2901, Current Mhz: 2000, Mhz Limit: 2901
Processor Information for processor 6
  Max Mhz: 2901, Current Mhz: 2901, Mhz Limit: 2901
Processor Information for processor 7
  Max Mhz: 2901, Current Mhz: 2000, Mhz Limit: 2901
Processor Information for processor 8
  Max Mhz: 2901, Current Mhz: 2901, Mhz Limit: 2901
Processor Information for processor 9
  Max Mhz: 2901, Current Mhz: 2000, Mhz Limit: 2901
Processor Information for processor 10
  Max Mhz: 2901, Current Mhz: 2901, Mhz Limit: 2901
Processor Information for processor 11
  Max Mhz: 2901, Current Mhz: 2000, Mhz Limit: 2901
Processor Information for processor 12
  Max Mhz: 2901, Current Mhz: 2901, Mhz Limit: 2901
Processor Information for processor 13
  Max Mhz: 2901, Current Mhz: 2000, Mhz Limit: 2901
Processor Information for processor 14
  Max Mhz: 2901, Current Mhz: 2000, Mhz Limit: 2901
Processor Information for processor 15
  Max Mhz: 2901, Current Mhz: 2901, Mhz Limit: 2901

Memory: 4k page, system-wide physical 16096M (3735M free)
TotalPageFile size 34528M (AvailPageFile size 4144M)
current process WorkingSet (physical memory assigned to process): 54M, peak: 236M
current process commit charge ("private bytes"): 343M, peak: 384M

vm_info: OpenJDK 64-Bit Server VM (21.0.7+6-LTS) for windows-amd64 JRE (21.0.7+6-LTS), built on 2025-04-15T00:00:00Z by "admin" with MS VC++ 17.7 (VS2022)

END.
