#
# A fatal error has been detected by the Java Runtime Environment:
#
#  EXCEPTION_ACCESS_VIOLATION (0xc0000005) at pc=0x000000018000c274, pid=28016, tid=21924
#
# JRE version: OpenJDK Runtime Environment Temurin-21.0.7+6 (21.0.7+6) (build 21.0.7+6-LTS)
# Java VM: OpenJDK 64-Bit Server VM Temurin-21.0.7+6 (21.0.7+6-LTS, mixed mode, sharing, tiered, compressed oops, compressed class ptrs, parallel gc, windows-amd64)
# Problematic frame:
# C  [ASProxy64.dll+0xc274]
#
# No core dump will be written. Minidumps are not enabled by default on client versions of Windows
#
# If you would like to submit a bug report, please visit:
#   https://github.com/adoptium/adoptium-support/issues
# The crash happened outside the Java Virtual Machine in native code.
# See problematic frame for where to report the bug.
#

---------------  S U M M A R Y ------------

Command Line: --add-modules=ALL-SYSTEM --add-opens=java.base/java.util=ALL-UNNAMED --add-opens=java.base/java.lang=ALL-UNNAMED --add-opens=java.base/sun.nio.fs=ALL-UNNAMED -Declipse.application=org.eclipse.jdt.ls.core.id1 -Dosgi.bundles.defaultStartLevel=4 -Declipse.product=org.eclipse.jdt.ls.core.product -Djava.import.generatesMetadataFilesAtProjectRoot=false -DDetectVMInstallationsJob.disabled=true -Dfile.encoding=utf8 -XX:+UseParallelGC -XX:GCTimeRatio=4 -XX:AdaptiveSizePolicyWeight=90 -Dsun.zip.disableMemoryMapping=true -Xmx1G -Xms100m -Xlog:disable -javaagent:c:\Users\admin\.cursor\extensions\redhat.java-1.42.0-win32-x64\lombok\lombok-1.18.36.jar -XX:+HeapDumpOnOutOfMemoryError -XX:HeapDumpPath=c:\Users\admin\AppData\Roaming\Cursor\User\workspaceStorage\0426a641ec518546e312a5bf184515bb\redhat.java -Daether.dependencyCollector.impl=bf c:\Users\admin\.cursor\extensions\redhat.java-1.42.0-win32-x64\server\plugins\org.eclipse.equinox.launcher_1.7.0.v20250424-1814.jar -configuration c:\Users\admin\AppData\Roaming\Cursor\User\globalStorage\redhat.java\1.42.0\config_win -data c:\Users\admin\AppData\Roaming\Cursor\User\workspaceStorage\0426a641ec518546e312a5bf184515bb\redhat.java\jdt_ws --pipe=\\.\pipe\lsp-df63a2d265cdcd8803059364f0bf18ce-sock

Host: Intel(R) Core(TM) i7-10700 CPU @ 2.90GHz, 16 cores, 15G,  Windows 11 , 64 bit Build 26100 (10.0.26100.3912)
Time: Sun May 18 14:30:43 2025 Eastern Daylight Time elapsed time: 12.144862 seconds (0d 0h 0m 12s)

---------------  T H R E A D  ---------------

Current thread (0x0000026068379b80):  JavaThread "Connection worker"        [_thread_in_native, id=21924, stack(0x000000b0f5500000,0x000000b0f5600000) (1024K)]

Stack: [0x000000b0f5500000,0x000000b0f5600000],  sp=0x000000b0f55fde50,  free space=1015k
Native frames: (J=compiled Java code, j=interpreted, Vv=VM code, C=native code)
C  [ASProxy64.dll+0xc274]

Java frames: (J=compiled Java code, j=interpreted, Vv=VM code)
j  sun.nio.ch.WEPoll.ctl(JIJI)I+0 java.base@21.0.7
j  sun.nio.ch.WEPollSelectorImpl.<init>(Ljava/nio/channels/spi/SelectorProvider;)V+139 java.base@21.0.7
j  sun.nio.ch.WEPollSelectorProvider.openSelector()Ljava/nio/channels/spi/AbstractSelector;+5 java.base@21.0.7
j  java.nio.channels.Selector.open()Ljava/nio/channels/Selector;+3 java.base@21.0.7
j  org.gradle.internal.remote.internal.inet.SocketConnection$SocketInputStream.<init>(Ljava/nio/channels/SocketChannel;)V+17
j  org.gradle.internal.remote.internal.inet.SocketConnection.<init>(Ljava/nio/channels/SocketChannel;Lorg/gradle/internal/remote/internal/MessageSerializer;Lorg/gradle/internal/serialize/StatefulSerializer;)V+27
j  org.gradle.internal.remote.internal.inet.SocketConnectCompletion.create(Lorg/gradle/internal/serialize/StatefulSerializer;)Lorg/gradle/internal/remote/internal/RemoteConnection;+16
j  org.gradle.launcher.daemon.client.DefaultDaemonConnector.connectToDaemon(Lorg/gradle/launcher/daemon/context/DaemonConnectDetails;Lorg/gradle/launcher/daemon/client/DaemonClientConnection$StaleAddressDetector;)Lorg/gradle/launcher/daemon/client/DaemonClientConnection;+45
j  org.gradle.launcher.daemon.client.DefaultDaemonConnector.connectToDaemonWithId(Lorg/gradle/launcher/daemon/diagnostics/DaemonStartupInfo;Lorg/gradle/api/internal/specs/ExplainingSpec;)Lorg/gradle/launcher/daemon/client/DaemonClientConnection;+116
j  org.gradle.launcher.daemon.client.DefaultDaemonConnector.doStartDaemon(Lorg/gradle/api/internal/specs/ExplainingSpec;Z)Lorg/gradle/launcher/daemon/client/DaemonClientConnection;+61
j  org.gradle.launcher.daemon.client.DefaultDaemonConnector.startDaemon(Lorg/gradle/api/internal/specs/ExplainingSpec;)Lorg/gradle/launcher/daemon/client/DaemonClientConnection;+3
j  org.gradle.launcher.daemon.client.DaemonClient.execute(Lorg/gradle/internal/invocation/BuildAction;Lorg/gradle/launcher/exec/BuildActionParameters;Lorg/gradle/internal/daemon/client/execution/ClientBuildRequestContext;)Lorg/gradle/launcher/exec/BuildActionResult;+201
j  org.gradle.launcher.daemon.client.DaemonClient.execute(Lorg/gradle/internal/invocation/BuildAction;Ljava/lang/Object;Ljava/lang/Object;)Lorg/gradle/launcher/exec/BuildActionResult;+10
j  org.gradle.tooling.internal.provider.DaemonBuildActionExecuter.execute(Lorg/gradle/internal/invocation/BuildAction;Lorg/gradle/tooling/internal/provider/ConnectionOperationParameters;Lorg/gradle/internal/daemon/client/execution/ClientBuildRequestContext;)Lorg/gradle/launcher/exec/BuildActionResult;+72
j  org.gradle.tooling.internal.provider.DaemonBuildActionExecuter.execute(Lorg/gradle/internal/invocation/BuildAction;Ljava/lang/Object;Ljava/lang/Object;)Lorg/gradle/launcher/exec/BuildActionResult;+10
j  org.gradle.tooling.internal.provider.LoggingBridgingBuildActionExecuter.execute(Lorg/gradle/internal/invocation/BuildAction;Lorg/gradle/tooling/internal/provider/ConnectionOperationParameters;Lorg/gradle/internal/daemon/client/execution/ClientBuildRequestContext;)Lorg/gradle/launcher/exec/BuildActionResult;+77
j  org.gradle.tooling.internal.provider.LoggingBridgingBuildActionExecuter.execute(Lorg/gradle/internal/invocation/BuildAction;Ljava/lang/Object;Ljava/lang/Object;)Lorg/gradle/launcher/exec/BuildActionResult;+10
j  org.gradle.tooling.internal.provider.ProviderConnection.run(Lorg/gradle/internal/invocation/BuildAction;Lorg/gradle/initialization/BuildCancellationToken;Lorg/gradle/tooling/internal/provider/ProviderConnection$ProgressListenerConfiguration;Lorg/gradle/initialization/BuildEventConsumer;Lorg/gradle/tooling/internal/provider/connection/ProviderOperationParameters;Lorg/gradle/tooling/internal/provider/ProviderConnection$Parameters;)Ljava/lang/Object;+79
j  org.gradle.tooling.internal.provider.ProviderConnection.runPhasedAction(Lorg/gradle/tooling/internal/protocol/InternalPhasedAction;Lorg/gradle/tooling/internal/protocol/PhasedActionResultListener;Lorg/gradle/initialization/BuildCancellationToken;Lorg/gradle/tooling/internal/provider/connection/ProviderOperationParameters;)Ljava/lang/Object;+132
j  org.gradle.tooling.internal.provider.DefaultConnection.run(Lorg/gradle/tooling/internal/protocol/InternalPhasedAction;Lorg/gradle/tooling/internal/protocol/PhasedActionResultListener;Lorg/gradle/tooling/internal/protocol/InternalCancellationToken;Lorg/gradle/tooling/internal/protocol/BuildParameters;)Lorg/gradle/tooling/internal/protocol/BuildResult;+28
j  org.gradle.tooling.internal.consumer.connection.PhasedActionAwareConsumerConnection.run(Lorg/gradle/tooling/internal/consumer/PhasedBuildAction;Lorg/gradle/tooling/internal/consumer/parameters/ConsumerOperationParameters;)V+66
j  org.gradle.tooling.internal.consumer.connection.ParameterValidatingConsumerConnection.run(Lorg/gradle/tooling/internal/consumer/PhasedBuildAction;Lorg/gradle/tooling/internal/consumer/parameters/ConsumerOperationParameters;)V+11
j  org.gradle.tooling.internal.consumer.DefaultPhasedBuildActionExecuter$1.run(Lorg/gradle/tooling/internal/consumer/connection/ConsumerConnection;)Ljava/lang/Void;+12
j  org.gradle.tooling.internal.consumer.DefaultPhasedBuildActionExecuter$1.run(Lorg/gradle/tooling/internal/consumer/connection/ConsumerConnection;)Ljava/lang/Object;+2
j  org.gradle.tooling.internal.consumer.connection.LazyConsumerActionExecutor.run(Lorg/gradle/tooling/internal/consumer/connection/ConsumerAction;)Ljava/lang/Object;+34
j  org.gradle.tooling.internal.consumer.connection.CancellableConsumerActionExecutor.run(Lorg/gradle/tooling/internal/consumer/connection/ConsumerAction;)Ljava/lang/Object;+34
j  org.gradle.tooling.internal.consumer.connection.ProgressLoggingConsumerActionExecutor.run(Lorg/gradle/tooling/internal/consumer/connection/ConsumerAction;)Ljava/lang/Object;+78
j  org.gradle.tooling.internal.consumer.connection.RethrowingErrorsConsumerActionExecutor.run(Lorg/gradle/tooling/internal/consumer/connection/ConsumerAction;)Ljava/lang/Object;+5
j  org.gradle.tooling.internal.consumer.async.DefaultAsyncConsumerActionExecutor$1$1.run()V+17
j  org.gradle.internal.concurrent.ExecutorPolicy$CatchAndRecordFailures.onExecute(Ljava/lang/Runnable;)V+1
j  org.gradle.internal.concurrent.AbstractManagedExecutor$1.run()V+25
j  java.util.concurrent.ThreadPoolExecutor.runWorker(Ljava/util/concurrent/ThreadPoolExecutor$Worker;)V+92 java.base@21.0.7
j  java.util.concurrent.ThreadPoolExecutor$Worker.run()V+5 java.base@21.0.7
j  java.lang.Thread.runWith(Ljava/lang/Object;Ljava/lang/Runnable;)V+5 java.base@21.0.7
j  java.lang.Thread.run()V+19 java.base@21.0.7
v  ~StubRoutines::call_stub 0x000002601016100d

siginfo: EXCEPTION_ACCESS_VIOLATION (0xc0000005), reading address 0x00000000000012fc


Registers:
RAX=0x0000000000000000, RBX=0x00000260681ddc78, RCX=0x0000000000001300, RDX=0x0000000000000002
RSP=0x000000b0f55fde50, RBP=0x00000000000012fc, RSI=0x00000260699dd8b0, RDI=0x00000000000012fc
R8 =0x7ffffffffffffffc, R9 =0x0000000000000001, R10=0x0000000000001300, R11=0x0000026005b1b640
R12=0x000000b0f55fe090, R13=0x0000000000000a3c, R14=0x00000260699dd880, R15=0x0000000000000a3c
RIP=0x000000018000c274, EFLAGS=0x0000000000010246

XMM[0]=0x0000000000000000 0x0000000000000000
XMM[1]=0x0000000000000000 0x0000000000000000
XMM[2]=0x0000000000000000 0x0000000000000000
XMM[3]=0x0000000000000000 0x0000000000000000
XMM[4]=0x0000000000000000 0x0000000000000000
XMM[5]=0x0000000000000000 0x0000000000000000
XMM[6]=0xae4d910763d5832e 0xc78f83665c965c90
XMM[7]=0x8f8c2708ab93e639 0x0a1f7a728e89e562
XMM[8]=0x0000000000000000 0x7a88b18b71ea08f0
XMM[9]=0x55fd9ffa6a8d8a30 0xae6fe75d1f48e55c
XMM[10]=0xffffffffffffffff 0x0b0a090803020100
XMM[11]=0x5275c392ce3eb4ec 0x0000000000000000
XMM[12]=0x0b0a090803020100 0xffffffffffffffff
XMM[13]=0x0c0d0e0f08090a0b 0x0405060700010203
XMM[14]=0x0000000000000000 0x6c9c4e785cd1fc34
XMM[15]=0x0000000000000000 0x00000000f035adbc
  MXCSR=0x00001fa0


Register to memory mapping:

RAX=0x0 is null
RBX=0x00000260681ddc78 points into unknown readable memory: 0x0000000000000000 | 00 00 00 00 00 00 00 00
RCX=0x0000000000001300 is an unknown value
RDX=0x0000000000000002 is an unknown value
RSP=0x000000b0f55fde50 is pointing into the stack for thread: 0x0000026068379b80
RBP=0x00000000000012fc is an unknown value
RSI=0x00000260699dd8b0 points into unknown readable memory: 0x00000260699dd8b0 | b0 d8 9d 69 60 02 00 00
RDI=0x00000000000012fc is an unknown value
R8 =0x7ffffffffffffffc is an unknown value
R9 =0x0000000000000001 is an unknown value
R10=0x0000000000001300 is an unknown value
R11=0x0000026005b1b640 points into unknown readable memory: 0x0000000000000007 | 07 00 00 00 00 00 00 00
R12=0x000000b0f55fe090 is pointing into the stack for thread: 0x0000026068379b80
R13=0x0000000000000a3c is an unknown value
R14=0x00000260699dd880 points into unknown readable memory: 0x00000000000012fc | fc 12 00 00 00 00 00 00
R15=0x0000000000000a3c is an unknown value

Top of Stack: (sp=0x000000b0f55fde50)
0x000000b0f55fde50:   0000000000000000 0000000000000000
0x000000b0f55fde60:   00000000000012fc 000000018001f4c2
0x000000b0f55fde70:   0000000180065ec8 0000000000002736
0x000000b0f55fde80:   0000000000000000 0000000000001300
0x000000b0f55fde90:   00000000000012fc 000000018000c506
0x000000b0f55fdea0:   00000260681ddc78 0000000000002736
0x000000b0f55fdeb0:   0000000000000000 0000026000000008
0x000000b0f55fdec0:   000000b00000001e 0000000000000000
0x000000b0f55fded0:   00000000000012fc 0000000000000000
0x000000b0f55fdee0:   0000000000000001 0000000000000000
0x000000b0f55fdef0:   00000000000012fc 00007ff8c17f77e6
0x000000b0f55fdf00:   0000000000001300 0000000000001202
0x000000b0f55fdf10:   00000260699dd8b0 000000b0f55fe060
0x000000b0f55fdf20:   0000000000000000 0000026000000000
0x000000b0f55fdf30:   0000000000000003 0000026000000001
0x000000b0f55fdf40:   0000000000000000 0000000000000000
0x000000b0f55fdf50:   00007ff800000000 00007ff8edfe0139
0x000000b0f55fdf60:   0000000000001300 0000000000000000
0x000000b0f55fdf70:   0000000000000000 00004eb3478c56ab
0x000000b0f55fdf80:   00000260681ddc60 00007ff8c17f82af
0x000000b0f55fdf90:   0000000000000028 00007ff84efc2cac
0x000000b0f55fdfa0:   00000260681ddc68 0000026005b439b0
0x000000b0f55fdfb0:   00000260699dd880 00007ff8c17f8359
0x000000b0f55fdfc0:   00000260699dd8b0 000000b0f55fe090
0x000000b0f55fdfd0:   00000260699dd8b0 00000260699dd880
0x000000b0f55fdfe0:   0000026068379b80 000000b0f55fe090
0x000000b0f55fdff0:   00000260615ad420 0000000000000000
0x000000b0f55fe000:   00000260699dd880 00007ff8c17f8787
0x000000b0f55fe010:   0000000000000000 000000b0f55fe090
0x000000b0f55fe020:   0000000000000a3c 0000026068379b80
0x000000b0f55fe030:   0000000000000001 00007ff8c17f7a75
0x000000b0f55fe040:   00000000000012fc 000000b0f55fe090 

Instructions: (pc=0x000000018000c274)
0x000000018000c174:   70 48 8b 6c 24 78 32 c0 48 83 c4 50 41 5c c3 cc
0x000000018000c184:   cc cc cc cc cc cc cc cc cc cc cc cc 48 85 c9 74
0x000000018000c194:   23 8b 05 ad ff 06 00 89 01 8b 05 a9 ff 06 00 89
0x000000018000c1a4:   41 04 8b 05 a4 ff 06 00 89 41 08 8b 05 9f ff 06
0x000000018000c1b4:   00 89 41 0c f3 c3 cc cc cc cc cc cc c6 01 01 c7
0x000000018000c1c4:   02 01 00 00 00 c3 cc cc cc cc cc cc 48 89 5c 24
0x000000018000c1d4:   08 57 48 83 ec 70 48 8b fa 8b d9 48 8d 15 82 73
0x000000018000c1e4:   05 00 48 8d 4c 24 20 45 33 c0 48 c7 44 24 40 0f
0x000000018000c1f4:   00 00 00 48 c7 44 24 38 00 00 00 00 c6 44 24 28
0x000000018000c204:   00 e8 d6 6b ff ff 4c 8d 4c 24 20 48 8d 4c 24 48
0x000000018000c214:   41 b0 01 8b d3 e8 52 06 02 00 48 83 78 20 10 72
0x000000018000c224:   06 48 8b 48 08 eb 05 48 8d 48 08 90 0f b6 01 48
0x000000018000c234:   ff c7 48 ff c1 88 47 ff 84 c0 75 f0 48 83 7c 24
0x000000018000c244:   68 10 72 0a 48 8b 4c 24 50 e8 52 94 03 00 48 8b
0x000000018000c254:   9c 24 80 00 00 00 48 83 c4 70 5f c3 48 83 ec 48
0x000000018000c264:   0f b6 c2 0f 57 c0 0f 11 44 24 ff 25 00 00 00 00
0x000000018000c274:   ae 7e ef ee f8 7f 00 00 8b 44 24 04 0f af 04 24
0x000000018000c284:   89 04 24 8b 44 24 04 0f af 04 24 83 c0 01 89 04
0x000000018000c294:   24 8b 44 24 04 0f af 04 24 83 c0 02 89 04 24 8b
0x000000018000c2a4:   44 24 04 0f af 04 24 83 c0 03 89 04 24 8b 44 24
0x000000018000c2b4:   04 0f af 04 24 83 c0 04 89 04 24 8b 44 24 04 0f
0x000000018000c2c4:   af 04 24 83 c0 05 89 04 24 8b 44 24 04 0f af 04
0x000000018000c2d4:   24 83 c0 06 89 04 24 8b 44 24 04 0f af 04 24 83
0x000000018000c2e4:   c0 07 89 04 24 8b 44 24 04 0f af 04 24 83 c0 08
0x000000018000c2f4:   89 04 24 8b 44 24 04 0f af 04 24 83 c0 09 89 04
0x000000018000c304:   24 8b 44 24 04 0f af 04 24 83 c0 0a 89 04 24 8b
0x000000018000c314:   44 24 04 0f af 04 24 83 c0 0b 89 04 24 8b 44 24
0x000000018000c324:   04 0f af 04 24 83 c0 0d 89 04 24 8b 44 24 04 0f
0x000000018000c334:   af 04 24 83 c0 0e 89 04 24 8b 44 24 04 0f af 04
0x000000018000c344:   24 83 c0 0f 89 04 24 8b 44 24 04 0f af 04 24 83
0x000000018000c354:   c0 10 89 04 24 8b 44 24 04 0f af 04 24 83 c0 11
0x000000018000c364:   89 04 24 8b 44 24 04 0f af 04 24 83 c0 12 89 04 


Stack slot to memory mapping:

stack at sp + 0 slots: 0x0 is null
stack at sp + 1 slots: 0x0 is null
stack at sp + 2 slots: 0x00000000000012fc is an unknown value
stack at sp + 3 slots: 0x000000018001f4c2 ASProxy64.dll
stack at sp + 4 slots: 0x0000000180065ec8 ASProxy64.dll
stack at sp + 5 slots: 0x0000000000002736 is an unknown value
stack at sp + 6 slots: 0x0 is null
stack at sp + 7 slots: 0x0000000000001300 is an unknown value


---------------  P R O C E S S  ---------------

Threads class SMR info:
_java_thread_list=0x00000260661dfb30, length=59, elements={
0x00000260035e9bf0, 0x0000026019ef9390, 0x0000026019ef9f40, 0x0000026019efce10,
0x0000026019effcf0, 0x0000026019f01ea0, 0x0000026019f02c20, 0x0000026019f08780,
0x0000026019f09ae0, 0x0000026005b8e600, 0x0000026062375de0, 0x0000026062b17080,
0x00000260632e19e0, 0x0000026062c9a580, 0x0000026062c9b3c0, 0x00000260636e9ba0,
0x00000260636ea230, 0x00000260636e8e80, 0x00000260636ebc70, 0x00000260636ea8c0,
0x00000260636e9510, 0x00000260636eaf50, 0x0000026063e2aed0, 0x0000026063e280e0,
0x0000026063e28770, 0x0000026063e2a840, 0x0000026063e29490, 0x0000026063e2a1b0,
0x0000026063e28e00, 0x0000026063e29b20, 0x0000026063e2b560, 0x000002606500adc0,
0x000002606500b450, 0x000002606500bae0, 0x0000026065008cf0, 0x000002606500c800,
0x000002606500a730, 0x000002606500c170, 0x0000026065009a10, 0x0000026065009380,
0x000002606500ce90, 0x000002606500d520, 0x000002606500a0a0, 0x000002606500e8d0,
0x000002606500dbb0, 0x000002606500e240, 0x000002606500ef60, 0x0000026068377ab0,
0x00000260683794f0, 0x0000026068376d90, 0x00000260683787d0, 0x0000026068376070,
0x0000026068376700, 0x0000026068378e60, 0x0000026068379b80, 0x000002606837a210,
0x000002606837a8a0, 0x0000026068377420, 0x000002606837bc50
}

Java Threads: ( => current thread )
  0x00000260035e9bf0 JavaThread "main"                              [_thread_blocked, id=14648, stack(0x000000b0ef600000,0x000000b0ef700000) (1024K)]
  0x0000026019ef9390 JavaThread "Reference Handler"          daemon [_thread_blocked, id=7588, stack(0x000000b0efa00000,0x000000b0efb00000) (1024K)]
  0x0000026019ef9f40 JavaThread "Finalizer"                  daemon [_thread_blocked, id=28400, stack(0x000000b0efb00000,0x000000b0efc00000) (1024K)]
  0x0000026019efce10 JavaThread "Signal Dispatcher"          daemon [_thread_blocked, id=16604, stack(0x000000b0efc00000,0x000000b0efd00000) (1024K)]
  0x0000026019effcf0 JavaThread "Attach Listener"            daemon [_thread_blocked, id=10652, stack(0x000000b0efd00000,0x000000b0efe00000) (1024K)]
  0x0000026019f01ea0 JavaThread "Service Thread"             daemon [_thread_blocked, id=29184, stack(0x000000b0efe00000,0x000000b0eff00000) (1024K)]
  0x0000026019f02c20 JavaThread "Monitor Deflation Thread"   daemon [_thread_blocked, id=19700, stack(0x000000b0eff00000,0x000000b0f0000000) (1024K)]
  0x0000026019f08780 JavaThread "C2 CompilerThread0"         daemon [_thread_blocked, id=9648, stack(0x000000b0f0000000,0x000000b0f0100000) (1024K)]
  0x0000026019f09ae0 JavaThread "C1 CompilerThread0"         daemon [_thread_blocked, id=14544, stack(0x000000b0f0100000,0x000000b0f0200000) (1024K)]
  0x0000026005b8e600 JavaThread "Common-Cleaner"             daemon [_thread_blocked, id=29612, stack(0x000000b0f0200000,0x000000b0f0300000) (1024K)]
  0x0000026062375de0 JavaThread "Notification Thread"        daemon [_thread_blocked, id=9472, stack(0x000000b0f1900000,0x000000b0f1a00000) (1024K)]
  0x0000026062b17080 JavaThread "Active Thread: Equinox Container: d99935f6-9b1d-4e67-b45d-1db0949dbe57"        [_thread_blocked, id=18140, stack(0x000000b0f2200000,0x000000b0f2300000) (1024K)]
  0x00000260632e19e0 JavaThread "Refresh Thread: Equinox Container: d99935f6-9b1d-4e67-b45d-1db0949dbe57" daemon [_thread_blocked, id=10892, stack(0x000000b0f2400000,0x000000b0f2500000) (1024K)]
  0x0000026062c9a580 JavaThread "Framework Event Dispatcher: Equinox Container: d99935f6-9b1d-4e67-b45d-1db0949dbe57" daemon [_thread_blocked, id=21356, stack(0x000000b0f2500000,0x000000b0f2600000) (1024K)]
  0x0000026062c9b3c0 JavaThread "Start Level: Equinox Container: d99935f6-9b1d-4e67-b45d-1db0949dbe57" daemon [_thread_blocked, id=19032, stack(0x000000b0f2600000,0x000000b0f2700000) (1024K)]
  0x00000260636e9ba0 JavaThread "Bundle File Closer"         daemon [_thread_blocked, id=28880, stack(0x000000b0f2a00000,0x000000b0f2b00000) (1024K)]
  0x00000260636ea230 JavaThread "SCR Component Actor"        daemon [_thread_blocked, id=1492, stack(0x000000b0f2b00000,0x000000b0f2c00000) (1024K)]
  0x00000260636e8e80 JavaThread "Worker-JM"                         [_thread_blocked, id=16236, stack(0x000000b0f2e00000,0x000000b0f2f00000) (1024K)]
  0x00000260636ebc70 JavaThread "Worker-0: Initialize Workspace"        [_thread_blocked, id=23844, stack(0x000000b0f3000000,0x000000b0f3100000) (1024K)]
  0x00000260636ea8c0 JavaThread "Worker-1"                          [_thread_blocked, id=30712, stack(0x000000b0f3100000,0x000000b0f3200000) (1024K)]
  0x00000260636e9510 JavaThread "Java indexing"              daemon [_thread_blocked, id=9492, stack(0x000000b0f3200000,0x000000b0f3300000) (1024K)]
  0x00000260636eaf50 JavaThread "Worker-2"                          [_thread_blocked, id=20364, stack(0x000000b0f3300000,0x000000b0f3400000) (1024K)]
  0x0000026063e2aed0 JavaThread "JNA Cleaner"                daemon [_thread_blocked, id=13972, stack(0x000000b0f1600000,0x000000b0f1700000) (1024K)]
  0x0000026063e280e0 JavaThread "Worker-3"                          [_thread_blocked, id=11900, stack(0x000000b0f3600000,0x000000b0f3700000) (1024K)]
  0x0000026063e28770 JavaThread "Worker-4"                          [_thread_blocked, id=26332, stack(0x000000b0f3700000,0x000000b0f3800000) (1024K)]
  0x0000026063e2a840 JavaThread "Worker-5"                          [_thread_blocked, id=33860, stack(0x000000b0f3800000,0x000000b0f3900000) (1024K)]
  0x0000026063e29490 JavaThread "Thread-2"                   daemon [_thread_in_native, id=25040, stack(0x000000b0f3900000,0x000000b0f3a00000) (1024K)]
  0x0000026063e2a1b0 JavaThread "Thread-3"                   daemon [_thread_in_native, id=20716, stack(0x000000b0f3a00000,0x000000b0f3b00000) (1024K)]
  0x0000026063e28e00 JavaThread "Thread-4"                   daemon [_thread_in_native, id=31280, stack(0x000000b0f3b00000,0x000000b0f3c00000) (1024K)]
  0x0000026063e29b20 JavaThread "Thread-5"                   daemon [_thread_in_native, id=2360, stack(0x000000b0f3c00000,0x000000b0f3d00000) (1024K)]
  0x0000026063e2b560 JavaThread "Thread-6"                   daemon [_thread_in_native, id=28932, stack(0x000000b0f3d00000,0x000000b0f3e00000) (1024K)]
  0x000002606500adc0 JavaThread "Thread-7"                   daemon [_thread_in_native, id=26000, stack(0x000000b0f3e00000,0x000000b0f3f00000) (1024K)]
  0x000002606500b450 JavaThread "Thread-8"                   daemon [_thread_in_native, id=4764, stack(0x000000b0f3f00000,0x000000b0f4000000) (1024K)]
  0x000002606500bae0 JavaThread "Thread-9"                   daemon [_thread_in_native, id=22936, stack(0x000000b0f4000000,0x000000b0f4100000) (1024K)]
  0x0000026065008cf0 JavaThread "Thread-10"                  daemon [_thread_in_native, id=24476, stack(0x000000b0f4100000,0x000000b0f4200000) (1024K)]
  0x000002606500c800 JavaThread "Thread-11"                  daemon [_thread_in_native, id=30836, stack(0x000000b0f4200000,0x000000b0f4300000) (1024K)]
  0x000002606500a730 JavaThread "Thread-12"                  daemon [_thread_in_native, id=31652, stack(0x000000b0f4300000,0x000000b0f4400000) (1024K)]
  0x000002606500c170 JavaThread "Thread-13"                  daemon [_thread_in_native, id=17592, stack(0x000000b0f4400000,0x000000b0f4500000) (1024K)]
  0x0000026065009a10 JavaThread "Thread-14"                  daemon [_thread_in_native, id=35360, stack(0x000000b0f4500000,0x000000b0f4600000) (1024K)]
  0x0000026065009380 JavaThread "Thread-15"                  daemon [_thread_in_native, id=34080, stack(0x000000b0f4600000,0x000000b0f4700000) (1024K)]
  0x000002606500ce90 JavaThread "Thread-16"                  daemon [_thread_in_native, id=35180, stack(0x000000b0f4700000,0x000000b0f4800000) (1024K)]
  0x000002606500d520 JavaThread "Thread-17"                  daemon [_thread_in_native, id=27360, stack(0x000000b0f4800000,0x000000b0f4900000) (1024K)]
  0x000002606500a0a0 JavaThread "Thread-18"                  daemon [_thread_in_native, id=32376, stack(0x000000b0f4900000,0x000000b0f4a00000) (1024K)]
  0x000002606500e8d0 JavaThread "pool-2-thread-1"                   [_thread_blocked, id=30164, stack(0x000000b0f4f00000,0x000000b0f5000000) (1024K)]
  0x000002606500dbb0 JavaThread "WorkspaceEventsHandler"            [_thread_blocked, id=19572, stack(0x000000b0f5000000,0x000000b0f5100000) (1024K)]
  0x000002606500e240 JavaThread "pool-1-thread-1"                   [_thread_blocked, id=19476, stack(0x000000b0f5100000,0x000000b0f5200000) (1024K)]
  0x000002606500ef60 JavaThread "Timer-0"                           [_thread_blocked, id=28828, stack(0x000000b0f4e00000,0x000000b0f4f00000) (1024K)]
  0x0000026068377ab0 JavaThread "Timer-1"                           [_thread_blocked, id=5492, stack(0x000000b0f4a00000,0x000000b0f4b00000) (1024K)]
  0x00000260683794f0 JavaThread "Timer-2"                           [_thread_blocked, id=14736, stack(0x000000b0f4b00000,0x000000b0f4c00000) (1024K)]
  0x0000026068376d90 JavaThread "LocalFile Deleter"          daemon [_thread_blocked, id=21688, stack(0x000000b0f4c00000,0x000000b0f4d00000) (1024K)]
  0x00000260683787d0 JavaThread "LocalFile Deleter"          daemon [_thread_blocked, id=15312, stack(0x000000b0f4d00000,0x000000b0f4e00000) (1024K)]
  0x0000026068376070 JavaThread "LocalFile Deleter"          daemon [_thread_blocked, id=16876, stack(0x000000b0f5200000,0x000000b0f5300000) (1024K)]
  0x0000026068376700 JavaThread "Timer-3"                           [_thread_blocked, id=26884, stack(0x000000b0f5300000,0x000000b0f5400000) (1024K)]
  0x0000026068378e60 JavaThread "Timer-4"                           [_thread_blocked, id=3440, stack(0x000000b0f5400000,0x000000b0f5500000) (1024K)]
=>0x0000026068379b80 JavaThread "Connection worker"                 [_thread_in_native, id=21924, stack(0x000000b0f5500000,0x000000b0f5600000) (1024K)]
  0x000002606837a210 JavaThread "pool-3-thread-1"                   [_thread_blocked, id=9636, stack(0x000000b0f0500000,0x000000b0f0600000) (1024K)]
  0x000002606837a8a0 JavaThread "Exec process"                      [_thread_blocked, id=32560, stack(0x000000b0f2c00000,0x000000b0f2d00000) (1024K)]
  0x0000026068377420 JavaThread "Exec process Thread 2"             [_thread_blocked, id=12780, stack(0x000000b0f3500000,0x000000b0f3600000) (1024K)]
  0x000002606837bc50 JavaThread "Exec process Thread 3"             [_thread_blocked, id=34608, stack(0x000000b0f5600000,0x000000b0f5700000) (1024K)]
Total: 59

Other Threads:
  0x0000026005bc68b0 VMThread "VM Thread"                           [id=23736, stack(0x000000b0ef900000,0x000000b0efa00000) (1024K)]
  0x0000026019dec090 WatcherThread "VM Periodic Task Thread"        [id=14176, stack(0x000000b0ef800000,0x000000b0ef900000) (1024K)]
  0x0000026005b3f0c0 WorkerThread "GC Thread#0"                     [id=488, stack(0x000000b0ef700000,0x000000b0ef800000) (1024K)]
  0x0000026062b9c670 WorkerThread "GC Thread#1"                     [id=18228, stack(0x000000b0f1a00000,0x000000b0f1b00000) (1024K)]
  0x0000026062996ee0 WorkerThread "GC Thread#2"                     [id=22824, stack(0x000000b0f1b00000,0x000000b0f1c00000) (1024K)]
  0x00000260628a2560 WorkerThread "GC Thread#3"                     [id=33688, stack(0x000000b0f1c00000,0x000000b0f1d00000) (1024K)]
  0x00000260628a2d00 WorkerThread "GC Thread#4"                     [id=15428, stack(0x000000b0f1d00000,0x000000b0f1e00000) (1024K)]
  0x00000260628a30a0 WorkerThread "GC Thread#5"                     [id=30856, stack(0x000000b0f1e00000,0x000000b0f1f00000) (1024K)]
  0x000002606293e4b0 WorkerThread "GC Thread#6"                     [id=30100, stack(0x000000b0f1f00000,0x000000b0f2000000) (1024K)]
  0x0000026062ff24d0 WorkerThread "GC Thread#7"                     [id=8704, stack(0x000000b0f2300000,0x000000b0f2400000) (1024K)]
  0x0000026062ff0f10 WorkerThread "GC Thread#8"                     [id=29676, stack(0x000000b0f2700000,0x000000b0f2800000) (1024K)]
  0x0000026062ff12b0 WorkerThread "GC Thread#9"                     [id=1244, stack(0x000000b0f2800000,0x000000b0f2900000) (1024K)]
  0x0000026062ff19f0 WorkerThread "GC Thread#10"                    [id=26156, stack(0x000000b0f2900000,0x000000b0f2a00000) (1024K)]
  0x0000026062ff2870 WorkerThread "GC Thread#11"                    [id=6056, stack(0x000000b0f2d00000,0x000000b0f2e00000) (1024K)]
  0x000002606300cc70 WorkerThread "GC Thread#12"                    [id=13320, stack(0x000000b0f2f00000,0x000000b0f3000000) (1024K)]
Total: 15

Threads with active compile tasks:
Total: 0

VM state: not at safepoint (normal execution)

VM Mutex/Monitor currently owned by a thread: None

Heap address: 0x00000000c0000000, size: 1024 MB, Compressed Oops mode: 32-bit

CDS archive(s) mapped at: [0x000002601a000000-0x000002601aba0000-0x000002601aba0000), size 12189696, SharedBaseAddress: 0x000002601a000000, ArchiveRelocationMode: 1.
Compressed class space mapped at: 0x000002601b000000-0x000002605b000000, reserved size: 1073741824
Narrow klass base: 0x000002601a000000, Narrow klass shift: 0, Narrow klass range: 0x100000000

GC Precious Log:
 CardTable entry size: 512
 CPUs: 16 total, 16 available
 Memory: 16096M
 Large Page Support: Disabled
 NUMA Support: Disabled
 Compressed Oops: Enabled (32-bit)
 Alignments: Space 512K, Generation 512K, Heap 2M
 Heap Min Capacity: 100M
 Heap Initial Capacity: 100M
 Heap Max Capacity: 1G
 Pre-touch: Disabled
 Parallel Workers: 13

Heap:
 PSYoungGen      total 19968K, used 14258K [0x00000000eab00000, 0x00000000ebf80000, 0x0000000100000000)
  eden space 18944K, 70% used [0x00000000eab00000,0x00000000eb814960,0x00000000ebd80000)
  from space 1024K, 84% used [0x00000000ebd80000,0x00000000ebe58010,0x00000000ebe80000)
  to   space 1024K, 0% used [0x00000000ebe80000,0x00000000ebe80000,0x00000000ebf80000)
 ParOldGen       total 68608K, used 40514K [0x00000000c0000000, 0x00000000c4300000, 0x00000000eab00000)
  object space 68608K, 59% used [0x00000000c0000000,0x00000000c2790bd8,0x00000000c4300000)
 Metaspace       used 62463K, committed 63808K, reserved 1114112K
  class space    used 7722K, committed 8320K, reserved 1048576K

Card table byte_map: [0x00000260054c0000,0x00000260056d0000] _byte_map_base: 0x0000026004ec0000

Marking Bits: (ParMarkBitMap*) 0x00007ff84f6031f0
 Begin Bits: [0x0000026017d10000, 0x0000026018d10000)
 End Bits:   [0x0000026018d10000, 0x0000026019d10000)

Polling page: 0x00000260038d0000

Metaspace:

Usage:
  Non-class:     53.46 MB used.
      Class:      7.54 MB used.
       Both:     61.00 MB used.

Virtual space:
  Non-class space:       64.00 MB reserved,      54.19 MB ( 85%) committed,  1 nodes.
      Class space:        1.00 GB reserved,       8.12 MB ( <1%) committed,  1 nodes.
             Both:        1.06 GB reserved,      62.31 MB (  6%) committed. 

Chunk freelists:
   Non-Class:  9.69 MB
       Class:  7.89 MB
        Both:  17.58 MB

MaxMetaspaceSize: unlimited
CompressedClassSpaceSize: 1.00 GB
Initial GC threshold: 21.00 MB
Current GC threshold: 97.31 MB
CDS: on
 - commit_granule_bytes: 65536.
 - commit_granule_words: 8192.
 - virtual_space_node_default_size: 8388608.
 - enlarge_chunks_in_place: 1.
 - use_allocation_guard: 0.


Internal statistics:

num_allocs_failed_limit: 9.
num_arena_births: 1142.
num_arena_deaths: 26.
num_vsnodes_births: 2.
num_vsnodes_deaths: 0.
num_space_committed: 997.
num_space_uncommitted: 0.
num_chunks_returned_to_freelist: 37.
num_chunks_taken_from_freelist: 3795.
num_chunk_merges: 16.
num_chunk_splits: 2494.
num_chunks_enlarged: 1600.
num_inconsistent_stats: 0.

CodeHeap 'non-profiled nmethods': size=119168Kb used=4914Kb max_used=4914Kb free=114253Kb
 bounds [0x00000260108b0000, 0x0000026010d80000, 0x0000026017d10000]
CodeHeap 'profiled nmethods': size=119104Kb used=14386Kb max_used=14533Kb free=104717Kb
 bounds [0x0000026008d10000, 0x0000026009b50000, 0x0000026010160000]
CodeHeap 'non-nmethods': size=7488Kb used=1386Kb max_used=3156Kb free=6101Kb
 bounds [0x0000026010160000, 0x0000026010480000, 0x00000260108b0000]
 total_blobs=7757 nmethods=7070 adapters=593
 compilation: enabled
              stopped_count=0, restarted_count=0
 full_count=0

Compilation events (20 events):
Event: 12.022 Thread 0x0000026019f09ae0 nmethod 7876 0x0000026009239d90 code [0x000002600923a0e0, 0x000002600923b7f8]
Event: 12.022 Thread 0x0000026019f09ae0 7883       3       sun.security.util.SecurityProviderConstants::getAliases (63 bytes)
Event: 12.022 Thread 0x0000026019f09ae0 nmethod 7883 0x00000260091d0010 code [0x00000260091d0280, 0x00000260091d0b20]
Event: 12.022 Thread 0x0000026019f09ae0 7877       3       java.security.Provider::getEngineName (49 bytes)
Event: 12.023 Thread 0x0000026019f09ae0 nmethod 7877 0x0000026009239090 code [0x00000260092392c0, 0x0000026009239b00]
Event: 12.023 Thread 0x0000026019f09ae0 7879       3       java.security.Provider::check (18 bytes)
Event: 12.023 Thread 0x0000026019f09ae0 nmethod 7879 0x0000026009238a10 code [0x0000026009238be0, 0x0000026009238f40]
Event: 12.023 Thread 0x0000026019f09ae0 7880       3       java.security.Provider::implRemoveService (149 bytes)
Event: 12.023 Thread 0x0000026019f09ae0 nmethod 7880 0x0000026009237710 code [0x00000260092379c0, 0x0000026009238640]
Event: 12.024 Thread 0x0000026019f09ae0 7884       1       java.nio.DirectByteBuffer::attachment (5 bytes)
Event: 12.025 Thread 0x0000026019f09ae0 nmethod 7884 0x0000026010d7ad10 code [0x0000026010d7aea0, 0x0000026010d7af68]
Event: 12.027 Thread 0x0000026019f08780 nmethod 7866 0x0000026010d7b010 code [0x0000026010d7b240, 0x0000026010d7c050]
Event: 12.027 Thread 0x0000026019f08780 7882       4       java.util.concurrent.ConcurrentHashMap::put (8 bytes)
Event: 12.027 Thread 0x0000026019f08780 nmethod 7882 0x0000026010d7c810 code [0x0000026010d7c9a0, 0x0000026010d7ca58]
Event: 12.030 Thread 0x0000026019f09ae0 7885       3       java.security.MessageDigest::update (11 bytes)
Event: 12.030 Thread 0x0000026019f09ae0 nmethod 7885 0x0000026009237190 code [0x0000026009237340, 0x0000026009237600]
Event: 12.030 Thread 0x0000026019f09ae0 7886       3       java.security.MessageDigest$Delegate::engineUpdate (9 bytes)
Event: 12.030 Thread 0x0000026019f09ae0 nmethod 7886 0x0000026009236d10 code [0x0000026009236ec0, 0x0000026009237098]
Event: 12.030 Thread 0x0000026019f09ae0 7887       3       sun.security.provider.DigestBase::engineUpdate (32 bytes)
Event: 12.031 Thread 0x0000026019f09ae0 nmethod 7887 0x000002600903cc90 code [0x000002600903ce40, 0x000002600903d0a8]

GC Heap History (20 events):
Event: 5.802 GC heap before
{Heap before GC invocations=35 (full 3):
 PSYoungGen      total 19968K, used 19456K [0x00000000eab00000, 0x00000000ec080000, 0x0000000100000000)
  eden space 19456K, 100% used [0x00000000eab00000,0x00000000ebe00000,0x00000000ebe00000)
  from space 512K, 0% used [0x00000000ebf00000,0x00000000ebf00000,0x00000000ebf80000)
  to   space 1024K, 0% used [0x00000000ebf80000,0x00000000ebf80000,0x00000000ec080000)
 ParOldGen       total 68608K, used 37826K [0x00000000c0000000, 0x00000000c4300000, 0x00000000eab00000)
  object space 68608K, 55% used [0x00000000c0000000,0x00000000c24f0bd0,0x00000000c4300000)
 Metaspace       used 58867K, committed 60096K, reserved 1114112K
  class space    used 7204K, committed 7744K, reserved 1048576K
}
Event: 5.803 GC heap after
{Heap after GC invocations=35 (full 3):
 PSYoungGen      total 19968K, used 1022K [0x00000000eab00000, 0x00000000ec200000, 0x0000000100000000)
  eden space 18944K, 0% used [0x00000000eab00000,0x00000000eab00000,0x00000000ebd80000)
  from space 1024K, 99% used [0x00000000ebf80000,0x00000000ec07fb18,0x00000000ec080000)
  to   space 2048K, 0% used [0x00000000ebd80000,0x00000000ebd80000,0x00000000ebf80000)
 ParOldGen       total 68608K, used 38302K [0x00000000c0000000, 0x00000000c4300000, 0x00000000eab00000)
  object space 68608K, 55% used [0x00000000c0000000,0x00000000c2567b48,0x00000000c4300000)
 Metaspace       used 58867K, committed 60096K, reserved 1114112K
  class space    used 7204K, committed 7744K, reserved 1048576K
}
Event: 5.866 GC heap before
{Heap before GC invocations=36 (full 3):
 PSYoungGen      total 19968K, used 19966K [0x00000000eab00000, 0x00000000ec200000, 0x0000000100000000)
  eden space 18944K, 100% used [0x00000000eab00000,0x00000000ebd80000,0x00000000ebd80000)
  from space 1024K, 99% used [0x00000000ebf80000,0x00000000ec07fb18,0x00000000ec080000)
  to   space 2048K, 0% used [0x00000000ebd80000,0x00000000ebd80000,0x00000000ebf80000)
 ParOldGen       total 68608K, used 38302K [0x00000000c0000000, 0x00000000c4300000, 0x00000000eab00000)
  object space 68608K, 55% used [0x00000000c0000000,0x00000000c2567b48,0x00000000c4300000)
 Metaspace       used 58875K, committed 60096K, reserved 1114112K
  class space    used 7204K, committed 7744K, reserved 1048576K
}
Event: 5.867 GC heap after
{Heap after GC invocations=36 (full 3):
 PSYoungGen      total 19968K, used 927K [0x00000000eab00000, 0x00000000ec080000, 0x0000000100000000)
  eden space 18944K, 0% used [0x00000000eab00000,0x00000000eab00000,0x00000000ebd80000)
  from space 1024K, 90% used [0x00000000ebd80000,0x00000000ebe67fe8,0x00000000ebe80000)
  to   space 1536K, 0% used [0x00000000ebf00000,0x00000000ebf00000,0x00000000ec080000)
 ParOldGen       total 68608K, used 38494K [0x00000000c0000000, 0x00000000c4300000, 0x00000000eab00000)
  object space 68608K, 56% used [0x00000000c0000000,0x00000000c2597b48,0x00000000c4300000)
 Metaspace       used 58875K, committed 60096K, reserved 1114112K
  class space    used 7204K, committed 7744K, reserved 1048576K
}
Event: 5.935 GC heap before
{Heap before GC invocations=37 (full 3):
 PSYoungGen      total 19968K, used 19871K [0x00000000eab00000, 0x00000000ec080000, 0x0000000100000000)
  eden space 18944K, 100% used [0x00000000eab00000,0x00000000ebd80000,0x00000000ebd80000)
  from space 1024K, 90% used [0x00000000ebd80000,0x00000000ebe67fe8,0x00000000ebe80000)
  to   space 1536K, 0% used [0x00000000ebf00000,0x00000000ebf00000,0x00000000ec080000)
 ParOldGen       total 68608K, used 38494K [0x00000000c0000000, 0x00000000c4300000, 0x00000000eab00000)
  object space 68608K, 56% used [0x00000000c0000000,0x00000000c2597b48,0x00000000c4300000)
 Metaspace       used 58875K, committed 60096K, reserved 1114112K
  class space    used 7204K, committed 7744K, reserved 1048576K
}
Event: 5.935 GC heap after
{Heap after GC invocations=37 (full 3):
 PSYoungGen      total 19456K, used 352K [0x00000000eab00000, 0x00000000ebf80000, 0x0000000100000000)
  eden space 18944K, 0% used [0x00000000eab00000,0x00000000eab00000,0x00000000ebd80000)
  from space 512K, 68% used [0x00000000ebf00000,0x00000000ebf58000,0x00000000ebf80000)
  to   space 1024K, 0% used [0x00000000ebd80000,0x00000000ebd80000,0x00000000ebe80000)
 ParOldGen       total 68608K, used 38566K [0x00000000c0000000, 0x00000000c4300000, 0x00000000eab00000)
  object space 68608K, 56% used [0x00000000c0000000,0x00000000c25a9b48,0x00000000c4300000)
 Metaspace       used 58875K, committed 60096K, reserved 1114112K
  class space    used 7204K, committed 7744K, reserved 1048576K
}
Event: 6.002 GC heap before
{Heap before GC invocations=38 (full 3):
 PSYoungGen      total 19456K, used 19296K [0x00000000eab00000, 0x00000000ebf80000, 0x0000000100000000)
  eden space 18944K, 100% used [0x00000000eab00000,0x00000000ebd80000,0x00000000ebd80000)
  from space 512K, 68% used [0x00000000ebf00000,0x00000000ebf58000,0x00000000ebf80000)
  to   space 1024K, 0% used [0x00000000ebd80000,0x00000000ebd80000,0x00000000ebe80000)
 ParOldGen       total 68608K, used 38566K [0x00000000c0000000, 0x00000000c4300000, 0x00000000eab00000)
  object space 68608K, 56% used [0x00000000c0000000,0x00000000c25a9b48,0x00000000c4300000)
 Metaspace       used 58875K, committed 60096K, reserved 1114112K
  class space    used 7204K, committed 7744K, reserved 1048576K
}
Event: 6.003 GC heap after
{Heap after GC invocations=38 (full 3):
 PSYoungGen      total 19968K, used 384K [0x00000000eab00000, 0x00000000ebf80000, 0x0000000100000000)
  eden space 18944K, 0% used [0x00000000eab00000,0x00000000eab00000,0x00000000ebd80000)
  from space 1024K, 37% used [0x00000000ebd80000,0x00000000ebde0000,0x00000000ebe80000)
  to   space 512K, 0% used [0x00000000ebf00000,0x00000000ebf00000,0x00000000ebf80000)
 ParOldGen       total 68608K, used 38675K [0x00000000c0000000, 0x00000000c4300000, 0x00000000eab00000)
  object space 68608K, 56% used [0x00000000c0000000,0x00000000c25c4c18,0x00000000c4300000)
 Metaspace       used 58875K, committed 60096K, reserved 1114112K
  class space    used 7204K, committed 7744K, reserved 1048576K
}
Event: 6.078 GC heap before
{Heap before GC invocations=39 (full 3):
 PSYoungGen      total 19968K, used 19328K [0x00000000eab00000, 0x00000000ebf80000, 0x0000000100000000)
  eden space 18944K, 100% used [0x00000000eab00000,0x00000000ebd80000,0x00000000ebd80000)
  from space 1024K, 37% used [0x00000000ebd80000,0x00000000ebde0000,0x00000000ebe80000)
  to   space 512K, 0% used [0x00000000ebf00000,0x00000000ebf00000,0x00000000ebf80000)
 ParOldGen       total 68608K, used 38675K [0x00000000c0000000, 0x00000000c4300000, 0x00000000eab00000)
  object space 68608K, 56% used [0x00000000c0000000,0x00000000c25c4c18,0x00000000c4300000)
 Metaspace       used 58875K, committed 60096K, reserved 1114112K
  class space    used 7204K, committed 7744K, reserved 1048576K
}
Event: 6.078 GC heap after
{Heap after GC invocations=39 (full 3):
 PSYoungGen      total 19456K, used 510K [0x00000000eab00000, 0x00000000ec080000, 0x0000000100000000)
  eden space 18944K, 0% used [0x00000000eab00000,0x00000000eab00000,0x00000000ebd80000)
  from space 512K, 99% used [0x00000000ebf00000,0x00000000ebf7fbc8,0x00000000ebf80000)
  to   space 1536K, 0% used [0x00000000ebd80000,0x00000000ebd80000,0x00000000ebf00000)
 ParOldGen       total 68608K, used 39429K [0x00000000c0000000, 0x00000000c4300000, 0x00000000eab00000)
  object space 68608K, 57% used [0x00000000c0000000,0x00000000c26816c8,0x00000000c4300000)
 Metaspace       used 58875K, committed 60096K, reserved 1114112K
  class space    used 7204K, committed 7744K, reserved 1048576K
}
Event: 6.147 GC heap before
{Heap before GC invocations=40 (full 3):
 PSYoungGen      total 19456K, used 19454K [0x00000000eab00000, 0x00000000ec080000, 0x0000000100000000)
  eden space 18944K, 100% used [0x00000000eab00000,0x00000000ebd80000,0x00000000ebd80000)
  from space 512K, 99% used [0x00000000ebf00000,0x00000000ebf7fbc8,0x00000000ebf80000)
  to   space 1536K, 0% used [0x00000000ebd80000,0x00000000ebd80000,0x00000000ebf00000)
 ParOldGen       total 68608K, used 39429K [0x00000000c0000000, 0x00000000c4300000, 0x00000000eab00000)
  object space 68608K, 57% used [0x00000000c0000000,0x00000000c26816c8,0x00000000c4300000)
 Metaspace       used 58877K, committed 60096K, reserved 1114112K
  class space    used 7204K, committed 7744K, reserved 1048576K
}
Event: 6.148 GC heap after
{Heap after GC invocations=40 (full 3):
 PSYoungGen      total 20480K, used 1269K [0x00000000eab00000, 0x00000000ec080000, 0x0000000100000000)
  eden space 18944K, 0% used [0x00000000eab00000,0x00000000eab00000,0x00000000ebd80000)
  from space 1536K, 82% used [0x00000000ebd80000,0x00000000ebebd698,0x00000000ebf00000)
  to   space 1536K, 0% used [0x00000000ebf00000,0x00000000ebf00000,0x00000000ec080000)
 ParOldGen       total 68608K, used 39469K [0x00000000c0000000, 0x00000000c4300000, 0x00000000eab00000)
  object space 68608K, 57% used [0x00000000c0000000,0x00000000c268b6c8,0x00000000c4300000)
 Metaspace       used 58877K, committed 60096K, reserved 1114112K
  class space    used 7204K, committed 7744K, reserved 1048576K
}
Event: 6.217 GC heap before
{Heap before GC invocations=41 (full 3):
 PSYoungGen      total 20480K, used 20213K [0x00000000eab00000, 0x00000000ec080000, 0x0000000100000000)
  eden space 18944K, 100% used [0x00000000eab00000,0x00000000ebd80000,0x00000000ebd80000)
  from space 1536K, 82% used [0x00000000ebd80000,0x00000000ebebd698,0x00000000ebf00000)
  to   space 1536K, 0% used [0x00000000ebf00000,0x00000000ebf00000,0x00000000ec080000)
 ParOldGen       total 68608K, used 39469K [0x00000000c0000000, 0x00000000c4300000, 0x00000000eab00000)
  object space 68608K, 57% used [0x00000000c0000000,0x00000000c268b6c8,0x00000000c4300000)
 Metaspace       used 58877K, committed 60096K, reserved 1114112K
  class space    used 7204K, committed 7744K, reserved 1048576K
}
Event: 6.218 GC heap after
{Heap after GC invocations=41 (full 3):
 PSYoungGen      total 20480K, used 1126K [0x00000000eab00000, 0x00000000ec080000, 0x0000000100000000)
  eden space 18944K, 0% used [0x00000000eab00000,0x00000000eab00000,0x00000000ebd80000)
  from space 1536K, 73% used [0x00000000ebf00000,0x00000000ec019a68,0x00000000ec080000)
  to   space 1536K, 0% used [0x00000000ebd80000,0x00000000ebd80000,0x00000000ebf00000)
 ParOldGen       total 68608K, used 39549K [0x00000000c0000000, 0x00000000c4300000, 0x00000000eab00000)
  object space 68608K, 57% used [0x00000000c0000000,0x00000000c269f6c8,0x00000000c4300000)
 Metaspace       used 58877K, committed 60096K, reserved 1114112K
  class space    used 7204K, committed 7744K, reserved 1048576K
}
Event: 6.284 GC heap before
{Heap before GC invocations=42 (full 3):
 PSYoungGen      total 20480K, used 20070K [0x00000000eab00000, 0x00000000ec080000, 0x0000000100000000)
  eden space 18944K, 100% used [0x00000000eab00000,0x00000000ebd80000,0x00000000ebd80000)
  from space 1536K, 73% used [0x00000000ebf00000,0x00000000ec019a68,0x00000000ec080000)
  to   space 1536K, 0% used [0x00000000ebd80000,0x00000000ebd80000,0x00000000ebf00000)
 ParOldGen       total 68608K, used 39549K [0x00000000c0000000, 0x00000000c4300000, 0x00000000eab00000)
  object space 68608K, 57% used [0x00000000c0000000,0x00000000c269f6c8,0x00000000c4300000)
 Metaspace       used 58877K, committed 60096K, reserved 1114112K
  class space    used 7204K, committed 7744K, reserved 1048576K
}
Event: 6.285 GC heap after
{Heap after GC invocations=42 (full 3):
 PSYoungGen      total 19968K, used 737K [0x00000000eab00000, 0x00000000ebf80000, 0x0000000100000000)
  eden space 18944K, 0% used [0x00000000eab00000,0x00000000eab00000,0x00000000ebd80000)
  from space 1024K, 71% used [0x00000000ebd80000,0x00000000ebe38470,0x00000000ebe80000)
  to   space 1024K, 0% used [0x00000000ebe80000,0x00000000ebe80000,0x00000000ebf80000)
 ParOldGen       total 68608K, used 39581K [0x00000000c0000000, 0x00000000c4300000, 0x00000000eab00000)
  object space 68608K, 57% used [0x00000000c0000000,0x00000000c26a76c8,0x00000000c4300000)
 Metaspace       used 58877K, committed 60096K, reserved 1114112K
  class space    used 7204K, committed 7744K, reserved 1048576K
}
Event: 6.354 GC heap before
{Heap before GC invocations=43 (full 3):
 PSYoungGen      total 19968K, used 19681K [0x00000000eab00000, 0x00000000ebf80000, 0x0000000100000000)
  eden space 18944K, 100% used [0x00000000eab00000,0x00000000ebd80000,0x00000000ebd80000)
  from space 1024K, 71% used [0x00000000ebd80000,0x00000000ebe38470,0x00000000ebe80000)
  to   space 1024K, 0% used [0x00000000ebe80000,0x00000000ebe80000,0x00000000ebf80000)
 ParOldGen       total 68608K, used 39581K [0x00000000c0000000, 0x00000000c4300000, 0x00000000eab00000)
  object space 68608K, 57% used [0x00000000c0000000,0x00000000c26a76c8,0x00000000c4300000)
 Metaspace       used 59048K, committed 60224K, reserved 1114112K
  class space    used 7234K, committed 7744K, reserved 1048576K
}
Event: 6.354 GC heap after
{Heap after GC invocations=43 (full 3):
 PSYoungGen      total 19968K, used 416K [0x00000000eab00000, 0x00000000ebf80000, 0x0000000100000000)
  eden space 18944K, 0% used [0x00000000eab00000,0x00000000eab00000,0x00000000ebd80000)
  from space 1024K, 40% used [0x00000000ebe80000,0x00000000ebee8000,0x00000000ebf80000)
  to   space 1024K, 0% used [0x00000000ebd80000,0x00000000ebd80000,0x00000000ebe80000)
 ParOldGen       total 68608K, used 39613K [0x00000000c0000000, 0x00000000c4300000, 0x00000000eab00000)
  object space 68608K, 57% used [0x00000000c0000000,0x00000000c26af6c8,0x00000000c4300000)
 Metaspace       used 59048K, committed 60224K, reserved 1114112K
  class space    used 7234K, committed 7744K, reserved 1048576K
}
Event: 10.129 GC heap before
{Heap before GC invocations=44 (full 3):
 PSYoungGen      total 19968K, used 19360K [0x00000000eab00000, 0x00000000ebf80000, 0x0000000100000000)
  eden space 18944K, 100% used [0x00000000eab00000,0x00000000ebd80000,0x00000000ebd80000)
  from space 1024K, 40% used [0x00000000ebe80000,0x00000000ebee8000,0x00000000ebf80000)
  to   space 1024K, 0% used [0x00000000ebd80000,0x00000000ebd80000,0x00000000ebe80000)
 ParOldGen       total 68608K, used 39613K [0x00000000c0000000, 0x00000000c4300000, 0x00000000eab00000)
  object space 68608K, 57% used [0x00000000c0000000,0x00000000c26af6c8,0x00000000c4300000)
 Metaspace       used 61019K, committed 62336K, reserved 1114112K
  class space    used 7546K, committed 8128K, reserved 1048576K
}
Event: 10.130 GC heap after
{Heap after GC invocations=44 (full 3):
 PSYoungGen      total 19968K, used 864K [0x00000000eab00000, 0x00000000ebf80000, 0x0000000100000000)
  eden space 18944K, 0% used [0x00000000eab00000,0x00000000eab00000,0x00000000ebd80000)
  from space 1024K, 84% used [0x00000000ebd80000,0x00000000ebe58010,0x00000000ebe80000)
  to   space 1024K, 0% used [0x00000000ebe80000,0x00000000ebe80000,0x00000000ebf80000)
 ParOldGen       total 68608K, used 40514K [0x00000000c0000000, 0x00000000c4300000, 0x00000000eab00000)
  object space 68608K, 59% used [0x00000000c0000000,0x00000000c2790bd8,0x00000000c4300000)
 Metaspace       used 61019K, committed 62336K, reserved 1114112K
  class space    used 7546K, committed 8128K, reserved 1048576K
}

Dll operation events (15 events):
Event: 0.006 Loaded shared library c:\Users\admin\.cursor\extensions\redhat.java-1.42.0-win32-x64\jre\21.0.7-win32-x86_64\bin\java.dll
Event: 0.047 Loaded shared library c:\Users\admin\.cursor\extensions\redhat.java-1.42.0-win32-x64\jre\21.0.7-win32-x86_64\bin\zip.dll
Event: 0.060 Loaded shared library C:\Users\admin\.cursor\extensions\redhat.java-1.42.0-win32-x64\jre\21.0.7-win32-x86_64\bin\instrument.dll
Event: 0.063 Loaded shared library C:\Users\admin\.cursor\extensions\redhat.java-1.42.0-win32-x64\jre\21.0.7-win32-x86_64\bin\net.dll
Event: 0.068 Loaded shared library C:\Users\admin\.cursor\extensions\redhat.java-1.42.0-win32-x64\jre\21.0.7-win32-x86_64\bin\nio.dll
Event: 0.070 Loaded shared library C:\Users\admin\.cursor\extensions\redhat.java-1.42.0-win32-x64\jre\21.0.7-win32-x86_64\bin\zip.dll
Event: 0.080 Loaded shared library C:\Users\admin\.cursor\extensions\redhat.java-1.42.0-win32-x64\jre\21.0.7-win32-x86_64\bin\jimage.dll
Event: 0.118 Loaded shared library c:\Users\admin\.cursor\extensions\redhat.java-1.42.0-win32-x64\jre\21.0.7-win32-x86_64\bin\verify.dll
Event: 0.793 Loaded shared library C:\Users\admin\AppData\Roaming\Cursor\User\globalStorage\redhat.java\1.42.0\config_win\org.eclipse.equinox.launcher\org.eclipse.equinox.launcher.win32.win32.x86_64_1.2.1300.v20250331-1702\eclipse_11911.dll
Event: 2.049 Loaded shared library C:\Users\admin\.cursor\extensions\redhat.java-1.42.0-win32-x64\jre\21.0.7-win32-x86_64\bin\management.dll
Event: 2.051 Loaded shared library C:\Users\admin\.cursor\extensions\redhat.java-1.42.0-win32-x64\jre\21.0.7-win32-x86_64\bin\management_ext.dll
Event: 2.816 Loaded shared library C:\Users\admin\AppData\Local\Temp\jna-92668751\jna3117102575682625530.dll
Event: 4.568 Loaded shared library C:\Users\admin\.gradle\native\1def1411415f61bf3af743bc5b6707747c0891f09f0c88961ee8f79bc544acac\windows-amd64\native-platform.dll
Event: 10.016 Loaded shared library C:\Users\admin\.cursor\extensions\redhat.java-1.42.0-win32-x64\jre\21.0.7-win32-x86_64\bin\extnet.dll
Event: 12.024 Loaded shared library C:\Users\admin\.cursor\extensions\redhat.java-1.42.0-win32-x64\jre\21.0.7-win32-x86_64\bin\sunmscapi.dll

Deoptimization events (20 events):
Event: 12.012 Thread 0x0000026068379b80 Uncommon trap: trap_request=0xffffff45 fr.pc=0x0000026010969878 relative=0x00000000000008b8
Event: 12.012 Thread 0x0000026068379b80 Uncommon trap: reason=unstable_if action=reinterpret pc=0x0000026010969878 method=java.util.HashMap.computeIfAbsent(Ljava/lang/Object;Ljava/util/function/Function;)Ljava/lang/Object; @ 294 c2
Event: 12.012 Thread 0x0000026068379b80 DEOPT PACKING pc=0x0000026010969878 sp=0x000000b0f55fc030
Event: 12.012 Thread 0x0000026068379b80 DEOPT UNPACKING pc=0x00000260101b3aa2 sp=0x000000b0f55fbfd8 mode 2
Event: 12.031 Thread 0x0000026068379b80 Uncommon trap: trap_request=0xffffff45 fr.pc=0x0000026010c35a44 relative=0x0000000000000b84
Event: 12.031 Thread 0x0000026068379b80 Uncommon trap: reason=unstable_if action=reinterpret pc=0x0000026010c35a44 method=sun.nio.fs.WindowsPath.openForReadAttributeAccess(Z)J @ 5 c2
Event: 12.031 Thread 0x0000026068379b80 DEOPT PACKING pc=0x0000026010c35a44 sp=0x000000b0f55fdbf0
Event: 12.031 Thread 0x0000026068379b80 DEOPT UNPACKING pc=0x00000260101b3aa2 sp=0x000000b0f55fdbc8 mode 2
Event: 12.031 Thread 0x0000026068379b80 Uncommon trap: trap_request=0xffffff45 fr.pc=0x0000026010c3a488 relative=0x0000000000000a68
Event: 12.031 Thread 0x0000026068379b80 Uncommon trap: reason=unstable_if action=reinterpret pc=0x0000026010c3a488 method=sun.nio.fs.WindowsNativeDispatcher.asNativeBuffer(Ljava/lang/String;)Lsun/nio/fs/NativeBuffer; @ 52 c2
Event: 12.031 Thread 0x0000026068379b80 DEOPT PACKING pc=0x0000026010c3a488 sp=0x000000b0f55fdb70
Event: 12.031 Thread 0x0000026068379b80 DEOPT UNPACKING pc=0x00000260101b3aa2 sp=0x000000b0f55fda18 mode 2
Event: 12.031 Thread 0x0000026068379b80 Uncommon trap: trap_request=0xffffff45 fr.pc=0x0000026010c33a30 relative=0x0000000000000650
Event: 12.031 Thread 0x0000026068379b80 Uncommon trap: reason=unstable_if action=reinterpret pc=0x0000026010c33a30 method=sun.nio.fs.WindowsFileAttributes.isReparsePoint(I)Z @ 5 c2
Event: 12.031 Thread 0x0000026068379b80 DEOPT PACKING pc=0x0000026010c33a30 sp=0x000000b0f55fdc10
Event: 12.031 Thread 0x0000026068379b80 DEOPT UNPACKING pc=0x00000260101b3aa2 sp=0x000000b0f55fdb38 mode 2
Event: 12.031 Thread 0x0000026068379b80 Uncommon trap: trap_request=0xffffff45 fr.pc=0x0000026010c1a304 relative=0x00000000000001c4
Event: 12.031 Thread 0x0000026068379b80 Uncommon trap: reason=unstable_if action=reinterpret pc=0x0000026010c1a304 method=sun.nio.fs.NativeBuffers.getNativeBufferFromCache(I)Lsun/nio/fs/NativeBuffer; @ 34 c2
Event: 12.031 Thread 0x0000026068379b80 DEOPT PACKING pc=0x0000026010c1a304 sp=0x000000b0f55fdb20
Event: 12.031 Thread 0x0000026068379b80 DEOPT UNPACKING pc=0x00000260101b3aa2 sp=0x000000b0f55fdaa8 mode 2

Classes loaded (20 events):
Event: 12.027 Loading class com/sun/security/sasl/Provider$1
Event: 12.027 Loading class com/sun/security/sasl/Provider$1 done
Event: 12.027 Loading class com/sun/security/sasl/Provider$ProviderService
Event: 12.027 Loading class com/sun/security/sasl/Provider$ProviderService done
Event: 12.027 Loading class sun/security/provider/certpath/ldap/JdkLDAP
Event: 12.027 Loading class sun/security/provider/certpath/ldap/JdkLDAP done
Event: 12.028 Loading class sun/security/provider/certpath/ldap/JdkLDAP$ProviderService
Event: 12.028 Loading class sun/security/provider/certpath/ldap/JdkLDAP$ProviderService done
Event: 12.028 Loading class sun/nio/ch/ServerSocketChannelImpl
Event: 12.029 Loading class sun/nio/ch/ServerSocketChannelImpl done
Event: 12.030 Loading class java/nio/BufferMismatch
Event: 12.031 Loading class java/nio/BufferMismatch done
Event: 12.031 Loading class sun/nio/ch/SourceChannelImpl
Event: 12.031 Loading class java/nio/channels/Pipe$SourceChannel
Event: 12.031 Loading class java/nio/channels/Pipe$SourceChannel done
Event: 12.031 Loading class sun/nio/ch/SourceChannelImpl done
Event: 12.031 Loading class sun/nio/ch/SinkChannelImpl
Event: 12.031 Loading class java/nio/channels/Pipe$SinkChannel
Event: 12.031 Loading class java/nio/channels/Pipe$SinkChannel done
Event: 12.031 Loading class sun/nio/ch/SinkChannelImpl done

Classes unloaded (13 events):
Event: 1.758 Thread 0x0000026005bc68b0 Unloading class 0x000002601b1a3c00 'java/lang/invoke/LambdaForm$MH+0x000002601b1a3c00'
Event: 1.758 Thread 0x0000026005bc68b0 Unloading class 0x000002601b1a3800 'java/lang/invoke/LambdaForm$MH+0x000002601b1a3800'
Event: 1.758 Thread 0x0000026005bc68b0 Unloading class 0x000002601b1a3400 'java/lang/invoke/LambdaForm$MH+0x000002601b1a3400'
Event: 1.758 Thread 0x0000026005bc68b0 Unloading class 0x000002601b1a3000 'java/lang/invoke/LambdaForm$MH+0x000002601b1a3000'
Event: 1.758 Thread 0x0000026005bc68b0 Unloading class 0x000002601b1a2c00 'java/lang/invoke/LambdaForm$BMH+0x000002601b1a2c00'
Event: 1.758 Thread 0x0000026005bc68b0 Unloading class 0x000002601b1a2800 'java/lang/invoke/LambdaForm$DMH+0x000002601b1a2800'
Event: 1.758 Thread 0x0000026005bc68b0 Unloading class 0x000002601b1a1400 'java/lang/invoke/LambdaForm$DMH+0x000002601b1a1400'
Event: 3.098 Thread 0x0000026005bc68b0 Unloading class 0x000002601b304800 'java/lang/invoke/LambdaForm$MH+0x000002601b304800'
Event: 3.098 Thread 0x0000026005bc68b0 Unloading class 0x000002601b303c00 'java/lang/invoke/LambdaForm$MH+0x000002601b303c00'
Event: 3.098 Thread 0x0000026005bc68b0 Unloading class 0x000002601b303400 'java/lang/invoke/LambdaForm$MH+0x000002601b303400'
Event: 3.098 Thread 0x0000026005bc68b0 Unloading class 0x000002601b302c00 'java/lang/invoke/LambdaForm$MH+0x000002601b302c00'
Event: 3.098 Thread 0x0000026005bc68b0 Unloading class 0x000002601b302800 'java/lang/invoke/LambdaForm$DMH+0x000002601b302800'
Event: 3.098 Thread 0x0000026005bc68b0 Unloading class 0x000002601b301c00 'java/lang/invoke/LambdaForm$MH+0x000002601b301c00'

Classes redefined (0 events):
No events

Internal exceptions (20 events):
Event: 10.066 Thread 0x0000026068379b80 Exception <a 'java/lang/NoSuchMethodError'{0x00000000eb4bc0d8}: 'java.lang.Object java.lang.invoke.DirectMethodHandle$Holder.invokeStatic(java.lang.Object, java.lang.Object, java.lang.Object, java.lang.Object, java.lang.Object, java.lang.Object, java.lang.Object, java.lang.Object, java.lang.Object, java.lang.Object, java.lang.Object, java.lang.Object, java.lang.Object, java.lang.Object, java.lang.Object, java.lang.Object, java.lang.Object)'> (0x00000000eb4bc0d8) 
thrown [s\src\hotspot\share\interpreter\lin
Event: 10.067 Thread 0x0000026068379b80 Exception <a 'java/lang/NoSuchMethodError'{0x00000000eb4e88e0}: 'java.lang.Object java.lang.invoke.DirectMethodHandle$Holder.invokeStatic(java.lang.Object, java.lang.Object, java.lang.Object, java.lang.Object, java.lang.Object, java.lang.Object, java.lang.Object, java.lang.Object, java.lang.Object, java.lang.Object, java.lang.Object, java.lang.Object, java.lang.Object, java.lang.Object, java.lang.Object, java.lang.Object, java.lang.Object, java.lang.Object)'> (0x00000000eb4e88e0) 
thrown [s\src\hotspot\sha
Event: 10.068 Thread 0x0000026068379b80 Exception <a 'java/lang/NoSuchMethodError'{0x00000000eb517100}: 'java.lang.Object java.lang.invoke.DirectMethodHandle$Holder.invokeStatic(java.lang.Object, java.lang.Object, java.lang.Object, java.lang.Object, java.lang.Object, java.lang.Object, java.lang.Object, java.lang.Object, java.lang.Object, java.lang.Object, java.lang.Object, java.lang.Object, java.lang.Object, java.lang.Object, java.lang.Object, java.lang.Object, java.lang.Object, java.lang.Object, java.lang.Object)'> (0x00000000eb517100) 
thrown 
Event: 10.068 Thread 0x0000026068379b80 Exception <a 'java/lang/NoSuchMethodError'{0x00000000eb546058}: 'java.lang.Object java.lang.invoke.DirectMethodHandle$Holder.invokeStatic(java.lang.Object, java.lang.Object, java.lang.Object, java.lang.Object, java.lang.Object, java.lang.Object, java.lang.Object, java.lang.Object, java.lang.Object, java.lang.Object, java.lang.Object, java.lang.Object, java.lang.Object, java.lang.Object, java.lang.Object, java.lang.Object, java.lang.Object, java.lang.Object, java.lang.Object, java.lang.Object)'> (0x00000000
Event: 10.069 Thread 0x0000026068379b80 Exception <a 'java/lang/NoSuchMethodError'{0x00000000eb5764e8}: 'java.lang.Object java.lang.invoke.DirectMethodHandle$Holder.invokeStatic(java.lang.Object, java.lang.Object, java.lang.Object, java.lang.Object, java.lang.Object, java.lang.Object, java.lang.Object, java.lang.Object, java.lang.Object, java.lang.Object, java.lang.Object, java.lang.Object, java.lang.Object, java.lang.Object, java.lang.Object, java.lang.Object, java.lang.Object, java.lang.Object, java.lang.Object, java.lang.Object, java.lang.Obj
Event: 10.070 Thread 0x0000026068379b80 Exception <a 'java/lang/NoSuchMethodError'{0x00000000eb5a70b0}: 'java.lang.Object java.lang.invoke.DirectMethodHandle$Holder.invokeStatic(java.lang.Object, java.lang.Object, java.lang.Object, java.lang.Object, java.lang.Object, java.lang.Object, java.lang.Object, java.lang.Object, java.lang.Object, java.lang.Object, java.lang.Object, java.lang.Object, java.lang.Object, java.lang.Object, java.lang.Object, java.lang.Object, java.lang.Object, java.lang.Object, java.lang.Object, java.lang.Object, java.lang.Obj
Event: 10.071 Thread 0x0000026068379b80 Exception <a 'java/lang/NoSuchMethodError'{0x00000000eb5d8da8}: 'java.lang.Object java.lang.invoke.DirectMethodHandle$Holder.invokeStatic(java.lang.Object, java.lang.Object, java.lang.Object, java.lang.Object, java.lang.Object, java.lang.Object, java.lang.Object, java.lang.Object, java.lang.Object, java.lang.Object, java.lang.Object, java.lang.Object, java.lang.Object, java.lang.Object, java.lang.Object, java.lang.Object, java.lang.Object, java.lang.Object, java.lang.Object, java.lang.Object, java.lang.Obj
Event: 10.072 Thread 0x0000026068379b80 Exception <a 'java/lang/NoSuchMethodError'{0x00000000eb60b2b8}: 'java.lang.Object java.lang.invoke.DirectMethodHandle$Holder.invokeStatic(java.lang.Object, java.lang.Object, java.lang.Object, java.lang.Object, java.lang.Object, java.lang.Object, java.lang.Object, java.lang.Object, java.lang.Object, java.lang.Object, java.lang.Object, java.lang.Object, java.lang.Object, java.lang.Object, java.lang.Object, java.lang.Object, java.lang.Object, java.lang.Object, java.lang.Object, java.lang.Object, java.lang.Obj
Event: 10.073 Thread 0x0000026068379b80 Exception <a 'java/lang/NoSuchMethodError'{0x00000000eb63f948}: 'java.lang.Object java.lang.invoke.DirectMethodHandle$Holder.invokeStatic(java.lang.Object, java.lang.Object, java.lang.Object, java.lang.Object, java.lang.Object, java.lang.Object, java.lang.Object, java.lang.Object, java.lang.Object, java.lang.Object, java.lang.Object, java.lang.Object, java.lang.Object, java.lang.Object, java.lang.Object, java.lang.Object, java.lang.Object, java.lang.Object, java.lang.Object, java.lang.Object, java.lang.Obj
Event: 10.076 Thread 0x0000026068379b80 Exception <a 'java/lang/NoSuchMethodError'{0x00000000eb6654e8}: 'java.lang.Object java.lang.invoke.DirectMethodHandle$Holder.invokeSpecial(java.lang.Object, java.lang.Object, java.lang.Object, java.lang.Object, java.lang.Object, java.lang.Object, java.lang.Object, java.lang.Object, java.lang.Object, java.lang.Object, java.lang.Object, java.lang.Object, java.lang.Object, java.lang.Object, java.lang.Object, java.lang.Object, java.lang.Object, java.lang.Object, java.lang.Object, java.lang.Object, java.lang.Ob
Event: 10.076 Thread 0x0000026068379b80 Exception <a 'java/lang/NoSuchMethodError'{0x00000000eb67acd0}: 'java.lang.Object java.lang.invoke.DirectMethodHandle$Holder.newInvokeSpecial(java.lang.Object, java.lang.Object, java.lang.Object, java.lang.Object, java.lang.Object, java.lang.Object, java.lang.Object, java.lang.Object, java.lang.Object, java.lang.Object, java.lang.Object, java.lang.Object, java.lang.Object, java.lang.Object, java.lang.Object, java.lang.Object, java.lang.Object, java.lang.Object, java.lang.Object, java.lang.Object, java.lang
Event: 10.077 Thread 0x0000026068379b80 Exception <a 'java/lang/NoSuchMethodError'{0x00000000eb680ec8}: 'java.lang.Object java.lang.invoke.Invokers$Holder.linkToTargetMethod(java.lang.Object, java.lang.Object, java.lang.Object, java.lang.Object, java.lang.Object, java.lang.Object, java.lang.Object, java.lang.Object, java.lang.Object, java.lang.Object, java.lang.Object, java.lang.Object, java.lang.Object, java.lang.Object, java.lang.Object, java.lang.Object, java.lang.Object, java.lang.Object, java.lang.Object, java.lang.Object, java.lang.Object,
Event: 10.077 Thread 0x0000026068379b80 Exception <a 'java/lang/NoSuchMethodError'{0x00000000eb6862e0}: 'java.lang.Object java.lang.invoke.DirectMethodHandle$Holder.invokeVirtual(java.lang.Object, java.lang.Object, java.lang.Object, java.lang.Object, java.lang.Object, java.lang.Object, java.lang.Object, java.lang.Object, java.lang.Object, java.lang.Object)'> (0x00000000eb6862e0) 
thrown [s\src\hotspot\share\interpreter\linkResolver.cpp, line 773]
Event: 10.087 Thread 0x0000026068379b80 Exception <a 'java/lang/NoSuchMethodError'{0x00000000eb821d30}: 'java.lang.Object java.lang.invoke.DirectMethodHandle$Holder.invokeVirtual(java.lang.Object, java.lang.Object, java.lang.Object, java.lang.Object, java.lang.Object, java.lang.Object, java.lang.Object, java.lang.Object, java.lang.Object)'> (0x00000000eb821d30) 
thrown [s\src\hotspot\share\interpreter\linkResolver.cpp, line 773]
Event: 10.104 Thread 0x0000026068379b80 Exception <a 'java/lang/NoSuchMethodError'{0x00000000eba61b10}: 'java.lang.Object java.lang.invoke.DirectMethodHandle$Holder.invokeVirtual(java.lang.Object, java.lang.Object, java.lang.Object, java.lang.Object, java.lang.Object, java.lang.Object, java.lang.Object, java.lang.Object)'> (0x00000000eba61b10) 
thrown [s\src\hotspot\share\interpreter\linkResolver.cpp, line 773]
Event: 10.108 Thread 0x0000026068379b80 Exception <a 'java/lang/NoSuchMethodError'{0x00000000ebad8950}: 'long java.lang.invoke.DirectMethodHandle$Holder.invokeVirtual(java.lang.Object, java.lang.Object)'> (0x00000000ebad8950) 
thrown [s\src\hotspot\share\interpreter\linkResolver.cpp, line 773]
Event: 10.108 Thread 0x0000026068379b80 Exception <a 'java/lang/NoSuchMethodError'{0x00000000ebadbd50}: 'long java.lang.invoke.DelegatingMethodHandle$Holder.reinvoke_L(java.lang.Object, java.lang.Object)'> (0x00000000ebadbd50) 
thrown [s\src\hotspot\share\interpreter\linkResolver.cpp, line 773]
Event: 10.174 Thread 0x000002606837a8a0 Exception <a 'java/lang/NoSuchMethodError'{0x00000000eaecbf40}: 'void java.lang.invoke.DirectMethodHandle$Holder.invokeStatic(java.lang.Object, long)'> (0x00000000eaecbf40) 
thrown [s\src\hotspot\share\interpreter\linkResolver.cpp, line 773]
Event: 10.520 Thread 0x000002606837a8a0 Exception <a 'java/lang/NoSuchMethodError'{0x00000000eaeefdb0}: 'void java.lang.invoke.DirectMethodHandle$Holder.invokeSpecial(java.lang.Object, java.lang.Object, int)'> (0x00000000eaeefdb0) 
thrown [s\src\hotspot\share\interpreter\linkResolver.cpp, line 773]
Event: 10.520 Thread 0x000002606837a8a0 Exception <a 'java/lang/NoSuchMethodError'{0x00000000eaf2a808}: 'java.lang.Object java.lang.invoke.DirectMethodHandle$Holder.newInvokeSpecial(java.lang.Object, java.lang.Object, int)'> (0x00000000eaf2a808) 
thrown [s\src\hotspot\share\interpreter\linkResolver.cpp, line 773]

ZGC Phase Switch (0 events):
No events

VM Operations (20 events):
Event: 6.217 Executing VM operation: ParallelGCFailedAllocation (Allocation Failure)
Event: 6.218 Executing VM operation: ParallelGCFailedAllocation (Allocation Failure) done
Event: 6.284 Executing VM operation: ParallelGCFailedAllocation (Allocation Failure)
Event: 6.285 Executing VM operation: ParallelGCFailedAllocation (Allocation Failure) done
Event: 6.354 Executing VM operation: ParallelGCFailedAllocation (Allocation Failure)
Event: 6.354 Executing VM operation: ParallelGCFailedAllocation (Allocation Failure) done
Event: 6.698 Executing VM operation: HandshakeAllThreads (Deoptimize)
Event: 6.698 Executing VM operation: HandshakeAllThreads (Deoptimize) done
Event: 7.697 Executing VM operation: Cleanup
Event: 7.697 Executing VM operation: Cleanup done
Event: 10.092 Executing VM operation: HandshakeAllThreads (Deoptimize)
Event: 10.093 Executing VM operation: HandshakeAllThreads (Deoptimize) done
Event: 10.093 Executing VM operation: Cleanup
Event: 10.093 Executing VM operation: Cleanup done
Event: 10.129 Executing VM operation: ParallelGCFailedAllocation (Allocation Failure)
Event: 10.130 Executing VM operation: ParallelGCFailedAllocation (Allocation Failure) done
Event: 12.014 Executing VM operation: HandshakeAllThreads (Deoptimize)
Event: 12.014 Executing VM operation: HandshakeAllThreads (Deoptimize) done
Event: 12.014 Executing VM operation: Cleanup
Event: 12.014 Executing VM operation: Cleanup done

Memory protections (0 events):
No events

Nmethod flushes (20 events):
Event: 5.696 Thread 0x0000026005bc68b0 flushing  nmethod 0x0000026009685b10
Event: 5.696 Thread 0x0000026005bc68b0 flushing  nmethod 0x0000026009687410
Event: 5.696 Thread 0x0000026005bc68b0 flushing  nmethod 0x0000026009691710
Event: 5.696 Thread 0x0000026005bc68b0 flushing  nmethod 0x00000260096a6c10
Event: 5.696 Thread 0x0000026005bc68b0 flushing  nmethod 0x00000260096b6810
Event: 5.696 Thread 0x0000026005bc68b0 flushing  nmethod 0x00000260096d7f90
Event: 5.696 Thread 0x0000026005bc68b0 flushing  nmethod 0x00000260096e1610
Event: 5.696 Thread 0x0000026005bc68b0 flushing  nmethod 0x00000260096ffc10
Event: 5.696 Thread 0x0000026005bc68b0 flushing  nmethod 0x0000026009700610
Event: 5.696 Thread 0x0000026005bc68b0 flushing  nmethod 0x0000026009700a90
Event: 5.696 Thread 0x0000026005bc68b0 flushing  nmethod 0x0000026009700e90
Event: 5.696 Thread 0x0000026005bc68b0 flushing  nmethod 0x0000026009702790
Event: 5.696 Thread 0x0000026005bc68b0 flushing  nmethod 0x0000026009703190
Event: 5.696 Thread 0x0000026005bc68b0 flushing  nmethod 0x0000026009705c10
Event: 5.696 Thread 0x0000026005bc68b0 flushing  nmethod 0x0000026009706610
Event: 5.696 Thread 0x0000026005bc68b0 flushing  nmethod 0x0000026009712710
Event: 5.696 Thread 0x0000026005bc68b0 flushing  nmethod 0x0000026009731c10
Event: 5.696 Thread 0x0000026005bc68b0 flushing  nmethod 0x0000026009749b10
Event: 5.696 Thread 0x0000026005bc68b0 flushing  nmethod 0x000002600974db90
Event: 5.696 Thread 0x0000026005bc68b0 flushing  nmethod 0x0000026009775190

Events (20 events):
Event: 5.280 Thread 0x00000260636ebc70 Thread added: 0x0000026068378e60
Event: 5.282 Thread 0x00000260636ebc70 Thread added: 0x0000026068379b80
Event: 6.143 Thread 0x0000026062552b70 Thread added: 0x00000260662b6ce0
Event: 6.447 Thread 0x00000260662b6ce0 Thread exited: 0x00000260662b6ce0
Event: 6.652 Thread 0x0000026062553240 Thread exited: 0x0000026062553240
Event: 6.652 Thread 0x0000026062552b70 Thread exited: 0x0000026062552b70
Event: 6.669 Thread 0x00000260636ec300 Thread exited: 0x00000260636ec300
Event: 10.115 Thread 0x0000026068379b80 Thread added: 0x000002606837a210
Event: 10.168 Thread 0x0000026068379b80 Thread added: 0x000002606837a8a0
Event: 10.177 Thread 0x000002606837a8a0 Thread added: 0x0000026068377420
Event: 10.177 Thread 0x000002606837a8a0 Thread added: 0x000002606837bc50
Event: 10.564 Thread 0x0000026068379b80 Thread added: 0x000002606837b5c0
Event: 10.568 Thread 0x000002606837b5c0 Thread added: 0x000002606837af30
Event: 10.568 Thread 0x000002606837b5c0 Thread added: 0x000002606837c2e0
Event: 10.569 Thread 0x000002606837af30 Thread exited: 0x000002606837af30
Event: 11.267 Thread 0x000002605c805e70 Thread exited: 0x000002605c805e70
Event: 11.788 Thread 0x000002605c62f630 Thread exited: 0x000002605c62f630
Event: 11.799 Thread 0x000002605c62cf80 Thread exited: 0x000002605c62cf80
Event: 11.994 Thread 0x000002606837c2e0 Thread exited: 0x000002606837c2e0
Event: 11.994 Thread 0x000002606837b5c0 Thread exited: 0x000002606837b5c0


Dynamic libraries:
0x00007ff7af130000 - 0x00007ff7af13e000 	c:\Users\admin\.cursor\extensions\redhat.java-1.42.0-win32-x64\jre\21.0.7-win32-x86_64\bin\java.exe
0x00007ff8f0da0000 - 0x00007ff8f1006000 	C:\WINDOWS\SYSTEM32\ntdll.dll
0x00007ff8eeec0000 - 0x00007ff8eef89000 	C:\WINDOWS\System32\KERNEL32.DLL
0x00007ff8ee410000 - 0x00007ff8ee7dc000 	C:\WINDOWS\System32\KERNELBASE.dll
0x00007ff8edfd0000 - 0x00007ff8ee11b000 	C:\WINDOWS\System32\ucrtbase.dll
0x00007ff8c5f20000 - 0x00007ff8c5f38000 	c:\Users\admin\.cursor\extensions\redhat.java-1.42.0-win32-x64\jre\21.0.7-win32-x86_64\bin\jli.dll
0x00007ff8c73b0000 - 0x00007ff8c73ce000 	c:\Users\admin\.cursor\extensions\redhat.java-1.42.0-win32-x64\jre\21.0.7-win32-x86_64\bin\VCRUNTIME140.dll
0x00007ff8f0aa0000 - 0x00007ff8f0c6a000 	C:\WINDOWS\System32\USER32.dll
0x00007ff8ee120000 - 0x00007ff8ee147000 	C:\WINDOWS\System32\win32u.dll
0x00007ff8f0440000 - 0x00007ff8f046b000 	C:\WINDOWS\System32\GDI32.dll
0x00007ff8db710000 - 0x00007ff8db9aa000 	C:\WINDOWS\WinSxS\amd64_microsoft.windows.common-controls_6595b64144ccf1df_6.0.26100.3912_none_3e07963ce335137e\COMCTL32.dll
0x00007ff8ee2d0000 - 0x00007ff8ee402000 	C:\WINDOWS\System32\gdi32full.dll
0x00007ff8eeb60000 - 0x00007ff8eec09000 	C:\WINDOWS\System32\msvcrt.dll
0x00007ff8eea20000 - 0x00007ff8eeac3000 	C:\WINDOWS\System32\msvcp_win.dll
0x00007ff8f0c70000 - 0x00007ff8f0ca0000 	C:\WINDOWS\System32\IMM32.DLL
0x00007ff8e09f0000 - 0x00007ff8e09fc000 	c:\Users\admin\.cursor\extensions\redhat.java-1.42.0-win32-x64\jre\21.0.7-win32-x86_64\bin\vcruntime140_1.dll
0x00007ff8ab790000 - 0x00007ff8ab81d000 	c:\Users\admin\.cursor\extensions\redhat.java-1.42.0-win32-x64\jre\21.0.7-win32-x86_64\bin\msvcp140.dll
0x00007ff84e950000 - 0x00007ff84f6e0000 	c:\Users\admin\.cursor\extensions\redhat.java-1.42.0-win32-x64\jre\21.0.7-win32-x86_64\bin\server\jvm.dll
0x00007ff8f0140000 - 0x00007ff8f01f2000 	C:\WINDOWS\System32\ADVAPI32.dll
0x00007ff8f0cb0000 - 0x00007ff8f0d56000 	C:\WINDOWS\System32\sechost.dll
0x00007ff8efb60000 - 0x00007ff8efc76000 	C:\WINDOWS\System32\RPCRT4.dll
0x00007ff8ef340000 - 0x00007ff8ef3b4000 	C:\WINDOWS\System32\WS2_32.dll
0x00007ff8edda0000 - 0x00007ff8eddfe000 	C:\WINDOWS\SYSTEM32\POWRPROF.dll
0x00007ff8e4950000 - 0x00007ff8e4986000 	C:\WINDOWS\SYSTEM32\WINMM.dll
0x00007ff8ea6e0000 - 0x00007ff8ea6eb000 	C:\WINDOWS\SYSTEM32\VERSION.dll
0x00007ff8edd80000 - 0x00007ff8edd94000 	C:\WINDOWS\SYSTEM32\UMPDC.dll
0x00007ff8eccf0000 - 0x00007ff8ecd0a000 	C:\WINDOWS\SYSTEM32\kernel.appcore.dll
0x00007ff8e04c0000 - 0x00007ff8e04ca000 	c:\Users\admin\.cursor\extensions\redhat.java-1.42.0-win32-x64\jre\21.0.7-win32-x86_64\bin\jimage.dll
0x00007ff89bae0000 - 0x00007ff89bd21000 	C:\WINDOWS\SYSTEM32\DBGHELP.DLL
0x00007ff8eef90000 - 0x00007ff8ef314000 	C:\WINDOWS\System32\combase.dll
0x00007ff8f0050000 - 0x00007ff8f0130000 	C:\WINDOWS\System32\OLEAUT32.dll
0x00007ff8d7240000 - 0x00007ff8d7279000 	C:\WINDOWS\SYSTEM32\dbgcore.DLL
0x00007ff8edf30000 - 0x00007ff8edfc9000 	C:\WINDOWS\System32\bcryptPrimitives.dll
0x00007ff8cded0000 - 0x00007ff8cdedf000 	c:\Users\admin\.cursor\extensions\redhat.java-1.42.0-win32-x64\jre\21.0.7-win32-x86_64\bin\instrument.dll
0x00007ff8c2d80000 - 0x00007ff8c2d9f000 	c:\Users\admin\.cursor\extensions\redhat.java-1.42.0-win32-x64\jre\21.0.7-win32-x86_64\bin\java.dll
0x00007ff8ef430000 - 0x00007ff8efb5d000 	C:\WINDOWS\System32\SHELL32.dll
0x00007ff8ee150000 - 0x00007ff8ee2c4000 	C:\WINDOWS\System32\wintypes.dll
0x00007ff8ebbe0000 - 0x00007ff8ec436000 	C:\WINDOWS\SYSTEM32\windows.storage.dll
0x00007ff8eedc0000 - 0x00007ff8eeeaf000 	C:\WINDOWS\System32\SHCORE.dll
0x00007ff8ef3c0000 - 0x00007ff8ef429000 	C:\WINDOWS\System32\shlwapi.dll
0x00007ff8ede10000 - 0x00007ff8ede3f000 	C:\WINDOWS\SYSTEM32\profapi.dll
0x00007ff8c2d60000 - 0x00007ff8c2d78000 	c:\Users\admin\.cursor\extensions\redhat.java-1.42.0-win32-x64\jre\21.0.7-win32-x86_64\bin\zip.dll
0x00007ff8d2020000 - 0x00007ff8d2030000 	C:\Users\admin\.cursor\extensions\redhat.java-1.42.0-win32-x64\jre\21.0.7-win32-x86_64\bin\net.dll
0x00007ff8e8a60000 - 0x00007ff8e8b7e000 	C:\WINDOWS\SYSTEM32\WINHTTP.dll
0x0000000180000000 - 0x000000018008c000 	C:\WINDOWS\system32\ASProxy64.dll
0x00007ff8efc80000 - 0x00007ff8efe1f000 	C:\WINDOWS\System32\ole32.dll
0x00007ff8ec730000 - 0x00007ff8ec763000 	C:\WINDOWS\SYSTEM32\IPHLPAPI.DLL
0x00007ff8ed260000 - 0x00007ff8ed2ca000 	C:\WINDOWS\SYSTEM32\MSWSOCK.dll
0x00007ff8ecf90000 - 0x00007ff8ecfd8000 	C:\WINDOWS\SYSTEM32\SspiCli.dll
0x00007ff8c17f0000 - 0x00007ff8c1806000 	C:\Users\admin\.cursor\extensions\redhat.java-1.42.0-win32-x64\jre\21.0.7-win32-x86_64\bin\nio.dll
0x00007ff8cd970000 - 0x00007ff8cd980000 	c:\Users\admin\.cursor\extensions\redhat.java-1.42.0-win32-x64\jre\21.0.7-win32-x86_64\bin\verify.dll
0x00007ff8eb200000 - 0x00007ff8eb2af000 	C:\WINDOWS\system32\uxtheme.dll
0x00007ff8ce3c0000 - 0x00007ff8ce405000 	C:\Users\admin\AppData\Roaming\Cursor\User\globalStorage\redhat.java\1.42.0\config_win\org.eclipse.equinox.launcher\org.eclipse.equinox.launcher.win32.win32.x86_64_1.2.1300.v20250331-1702\eclipse_11911.dll
0x00007ff8ed510000 - 0x00007ff8ed52c000 	C:\WINDOWS\SYSTEM32\CRYPTSP.dll
0x00007ff8ecc50000 - 0x00007ff8ecc8a000 	C:\WINDOWS\system32\rsaenh.dll
0x00007ff8ed300000 - 0x00007ff8ed32b000 	C:\WINDOWS\SYSTEM32\USERENV.dll
0x00007ff8ede50000 - 0x00007ff8ede76000 	C:\WINDOWS\SYSTEM32\bcrypt.dll
0x00007ff8ed500000 - 0x00007ff8ed50c000 	C:\WINDOWS\SYSTEM32\CRYPTBASE.dll
0x00007ff8eedb0000 - 0x00007ff8eedba000 	C:\WINDOWS\System32\NSI.dll
0x00007ff8e03d0000 - 0x00007ff8e03da000 	C:\Users\admin\.cursor\extensions\redhat.java-1.42.0-win32-x64\jre\21.0.7-win32-x86_64\bin\management.dll
0x00007ff8d9400000 - 0x00007ff8d940b000 	C:\Users\admin\.cursor\extensions\redhat.java-1.42.0-win32-x64\jre\21.0.7-win32-x86_64\bin\management_ext.dll
0x00007ff8f0040000 - 0x00007ff8f0048000 	C:\WINDOWS\System32\PSAPI.DLL
0x00007ff8ce370000 - 0x00007ff8ce3b9000 	C:\Users\admin\AppData\Local\Temp\jna-92668751\jna3117102575682625530.dll
0x00007ff8e86b0000 - 0x00007ff8e86cf000 	C:\WINDOWS\SYSTEM32\dhcpcsvc6.DLL
0x00007ff8e7810000 - 0x00007ff8e7835000 	C:\WINDOWS\SYSTEM32\dhcpcsvc.DLL
0x00007ff8cea40000 - 0x00007ff8cea67000 	C:\Users\admin\.gradle\native\1def1411415f61bf3af743bc5b6707747c0891f09f0c88961ee8f79bc544acac\windows-amd64\native-platform.dll
0x00007ff8d6d30000 - 0x00007ff8d6d39000 	C:\Users\admin\.cursor\extensions\redhat.java-1.42.0-win32-x64\jre\21.0.7-win32-x86_64\bin\extnet.dll
0x00007ff8d3a60000 - 0x00007ff8d3a6e000 	C:\Users\admin\.cursor\extensions\redhat.java-1.42.0-win32-x64\jre\21.0.7-win32-x86_64\bin\sunmscapi.dll
0x00007ff8ee7e0000 - 0x00007ff8ee957000 	C:\WINDOWS\System32\CRYPT32.dll
0x00007ff8ed710000 - 0x00007ff8ed740000 	C:\WINDOWS\SYSTEM32\ncrypt.dll
0x00007ff8ed6c0000 - 0x00007ff8ed6ff000 	C:\WINDOWS\SYSTEM32\NTASN1.dll
0x00007ff8d3250000 - 0x00007ff8d3258000 	C:\WINDOWS\system32\wshunix.dll

dbghelp: loaded successfully - version: 4.0.5 - missing functions: none
symbol engine: initialized successfully - sym options: 0x614 - pdb path: .;c:\Users\admin\.cursor\extensions\redhat.java-1.42.0-win32-x64\jre\21.0.7-win32-x86_64\bin;C:\WINDOWS\SYSTEM32;C:\WINDOWS\WinSxS\amd64_microsoft.windows.common-controls_6595b64144ccf1df_6.0.26100.3912_none_3e07963ce335137e;c:\Users\admin\.cursor\extensions\redhat.java-1.42.0-win32-x64\jre\21.0.7-win32-x86_64\bin\server;C:\Users\admin\AppData\Roaming\Cursor\User\globalStorage\redhat.java\1.42.0\config_win\org.eclipse.equinox.launcher\org.eclipse.equinox.launcher.win32.win32.x86_64_1.2.1300.v20250331-1702;C:\Users\admin\AppData\Local\Temp\jna-92668751;C:\Users\admin\.gradle\native\1def1411415f61bf3af743bc5b6707747c0891f09f0c88961ee8f79bc544acac\windows-amd64

VM Arguments:
jvm_args: --add-modules=ALL-SYSTEM --add-opens=java.base/java.util=ALL-UNNAMED --add-opens=java.base/java.lang=ALL-UNNAMED --add-opens=java.base/sun.nio.fs=ALL-UNNAMED -Declipse.application=org.eclipse.jdt.ls.core.id1 -Dosgi.bundles.defaultStartLevel=4 -Declipse.product=org.eclipse.jdt.ls.core.product -Djava.import.generatesMetadataFilesAtProjectRoot=false -DDetectVMInstallationsJob.disabled=true -Dfile.encoding=utf8 -XX:+UseParallelGC -XX:GCTimeRatio=4 -XX:AdaptiveSizePolicyWeight=90 -Dsun.zip.disableMemoryMapping=true -Xmx1G -Xms100m -Xlog:disable -javaagent:c:\Users\admin\.cursor\extensions\redhat.java-1.42.0-win32-x64\lombok\lombok-1.18.36.jar -XX:+HeapDumpOnOutOfMemoryError -XX:HeapDumpPath=c:\Users\admin\AppData\Roaming\Cursor\User\workspaceStorage\0426a641ec518546e312a5bf184515bb\redhat.java -Daether.dependencyCollector.impl=bf 
java_command: c:\Users\admin\.cursor\extensions\redhat.java-1.42.0-win32-x64\server\plugins\org.eclipse.equinox.launcher_1.7.0.v20250424-1814.jar -configuration c:\Users\admin\AppData\Roaming\Cursor\User\globalStorage\redhat.java\1.42.0\config_win -data c:\Users\admin\AppData\Roaming\Cursor\User\workspaceStorage\0426a641ec518546e312a5bf184515bb\redhat.java\jdt_ws --pipe=\\.\pipe\lsp-df63a2d265cdcd8803059364f0bf18ce-sock
java_class_path (initial): c:\Users\admin\.cursor\extensions\redhat.java-1.42.0-win32-x64\server\plugins\org.eclipse.equinox.launcher_1.7.0.v20250424-1814.jar
Launcher Type: SUN_STANDARD

[Global flags]
    uintx AdaptiveSizePolicyWeight                 = 90                                        {product} {command line}
     intx CICompilerCount                          = 12                                        {product} {ergonomic}
    uintx GCTimeRatio                              = 4                                         {product} {command line}
     bool HeapDumpOnOutOfMemoryError               = true                                   {manageable} {command line}
    ccstr HeapDumpPath                             = c:\Users\admin\AppData\Roaming\Cursor\User\workspaceStorage\0426a641ec518546e312a5bf184515bb\redhat.java         {manageable} {command line}
   size_t InitialHeapSize                          = 104857600                                 {product} {command line}
   size_t MaxHeapSize                              = 1073741824                                {product} {command line}
   size_t MaxNewSize                               = 357564416                                 {product} {ergonomic}
   size_t MinHeapDeltaBytes                        = 524288                                    {product} {ergonomic}
   size_t MinHeapSize                              = 104857600                                 {product} {command line}
   size_t NewSize                                  = 34603008                                  {product} {ergonomic}
    uintx NonNMethodCodeHeapSize                   = 7602480                                {pd product} {ergonomic}
    uintx NonProfiledCodeHeapSize                  = 122027880                              {pd product} {ergonomic}
   size_t OldSize                                  = 70254592                                  {product} {ergonomic}
    uintx ProfiledCodeHeapSize                     = 122027880                              {pd product} {ergonomic}
    uintx ReservedCodeCacheSize                    = 251658240                              {pd product} {ergonomic}
     bool SegmentedCodeCache                       = true                                      {product} {ergonomic}
   size_t SoftMaxHeapSize                          = 1073741824                             {manageable} {ergonomic}
     bool UseCompressedOops                        = true                           {product lp64_product} {ergonomic}
     bool UseLargePagesIndividualAllocation        = false                                  {pd product} {ergonomic}
     bool UseParallelGC                            = true                                      {product} {command line}

Logging:
Log output configuration:
 #0: stdout all=off uptime,level,tags foldmultilines=false
 #1: stderr all=off uptime,level,tags foldmultilines=false

Environment Variables:
JAVA_HOME=C:\Program Files\OpenLogic\jdk-17.0.15.6-hotspot
PATH=C:\Program Files\Common Files\Oracle\Java\javapath;C:\Program Files\OpenLogic\jdk-17.0.15.6-hotspot\bin;C:\WINDOWS\system32;C:\WINDOWS;C:\WINDOWS\System32\Wbem;C:\WINDOWS\System32\WindowsPowerShell\v1.0\;C:\WINDOWS\System32\OpenSSH\;C:\Program Files\dotnet\;C:\Program Files\Microsoft SQL Server\130\Tools\Binn\;C:\Program Files\Git\cmd;C:\Users\admin\AppData\Roaming\nvm;C:\Program Files\nodejs;C:\Program Files\Microsoft SQL Server\150\Tools\Binn\;C:\Users\admin\AppData\Local\Microsoft\WindowsApps;C:\Users\admin\AppData\Roaming\npm;C:\Users\admin\AppData\Local\Programs\Microsoft VS Code\bin;C:\Users\admin\AppData\Roaming\nvm;C:\Program Files\nodejs;C:\Users\admin\AppData\Local\Android\Sdk\platform-tools;C:\Users\admin\AppData\Local\Programs\cursor\resources\app\bin;C:\;C:\Users\admin\.dotnet\tools
USERNAME=admin
OS=Windows_NT
PROCESSOR_IDENTIFIER=Intel64 Family 6 Model 165 Stepping 5, GenuineIntel
TMP=C:\Users\admin\AppData\Local\Temp
TEMP=C:\Users\admin\AppData\Local\Temp




Periodic native trim disabled

---------------  S Y S T E M  ---------------

OS:
 Windows 11 , 64 bit Build 26100 (10.0.26100.3912)
OS uptime: 2 days 9:24 hours

CPU: total 16 (initial active 16) (8 cores per cpu, 2 threads per core) family 6 model 165 stepping 5 microcode 0xec, cx8, cmov, fxsr, ht, mmx, 3dnowpref, sse, sse2, sse3, ssse3, sse4.1, sse4.2, popcnt, lzcnt, tsc, tscinvbit, avx, avx2, aes, erms, clmul, bmi1, bmi2, adx, fma, vzeroupper, clflush, clflushopt, rdtscp, f16c, pku
Processor Information for processor 0
  Max Mhz: 2901, Current Mhz: 1200, Mhz Limit: 2901
Processor Information for processor 1
  Max Mhz: 2901, Current Mhz: 1200, Mhz Limit: 2901
Processor Information for processor 2
  Max Mhz: 2901, Current Mhz: 1400, Mhz Limit: 2901
Processor Information for processor 3
  Max Mhz: 2901, Current Mhz: 1200, Mhz Limit: 2901
Processor Information for processor 4
  Max Mhz: 2901, Current Mhz: 1200, Mhz Limit: 2901
Processor Information for processor 5
  Max Mhz: 2901, Current Mhz: 1200, Mhz Limit: 2901
Processor Information for processor 6
  Max Mhz: 2901, Current Mhz: 2901, Mhz Limit: 2901
Processor Information for processor 7
  Max Mhz: 2901, Current Mhz: 1200, Mhz Limit: 2901
Processor Information for processor 8
  Max Mhz: 2901, Current Mhz: 1200, Mhz Limit: 2901
Processor Information for processor 9
  Max Mhz: 2901, Current Mhz: 1200, Mhz Limit: 2901
Processor Information for processor 10
  Max Mhz: 2901, Current Mhz: 1200, Mhz Limit: 2901
Processor Information for processor 11
  Max Mhz: 2901, Current Mhz: 1200, Mhz Limit: 2901
Processor Information for processor 12
  Max Mhz: 2901, Current Mhz: 1200, Mhz Limit: 2901
Processor Information for processor 13
  Max Mhz: 2901, Current Mhz: 1400, Mhz Limit: 2901
Processor Information for processor 14
  Max Mhz: 2901, Current Mhz: 1200, Mhz Limit: 2901
Processor Information for processor 15
  Max Mhz: 2901, Current Mhz: 1200, Mhz Limit: 2901

Memory: 4k page, system-wide physical 16096M (3144M free)
TotalPageFile size 34528M (AvailPageFile size 7165M)
current process WorkingSet (physical memory assigned to process): 266M, peak: 297M
current process commit charge ("private bytes"): 356M, peak: 380M

vm_info: OpenJDK 64-Bit Server VM (21.0.7+6-LTS) for windows-amd64 JRE (21.0.7+6-LTS), built on 2025-04-15T00:00:00Z by "admin" with MS VC++ 17.7 (VS2022)

END.
