#
# A fatal error has been detected by the Java Runtime Environment:
#
#  EXCEPTION_ACCESS_VIOLATION (0xc0000005) at pc=0x000000018000c274, pid=9816, tid=1272
#
# JRE version: OpenJDK Runtime Environment Temurin-21.0.7+6 (21.0.7+6) (build 21.0.7+6-LTS)
# Java VM: OpenJDK 64-Bit Server VM Temurin-21.0.7+6 (21.0.7+6-LTS, mixed mode, sharing, tiered, compressed oops, compressed class ptrs, parallel gc, windows-amd64)
# Problematic frame:
# C  [ASProxy64.dll+0xc274]
#
# No core dump will be written. Minidumps are not enabled by default on client versions of Windows
#
# If you would like to submit a bug report, please visit:
#   https://github.com/adoptium/adoptium-support/issues
# The crash happened outside the Java Virtual Machine in native code.
# See problematic frame for where to report the bug.
#

---------------  S U M M A R Y ------------

Command Line: --add-modules=ALL-SYSTEM --add-opens=java.base/java.util=ALL-UNNAMED --add-opens=java.base/java.lang=ALL-UNNAMED --add-opens=java.base/sun.nio.fs=ALL-UNNAMED -Declipse.application=org.eclipse.jdt.ls.core.id1 -Dosgi.bundles.defaultStartLevel=4 -Declipse.product=org.eclipse.jdt.ls.core.product -Djava.import.generatesMetadataFilesAtProjectRoot=false -DDetectVMInstallationsJob.disabled=true -Dfile.encoding=utf8 -XX:+UseParallelGC -XX:GCTimeRatio=4 -XX:AdaptiveSizePolicyWeight=90 -Dsun.zip.disableMemoryMapping=true -Xmx1G -Xms100m -Xlog:disable -javaagent:c:\Users\admin\.cursor\extensions\redhat.java-1.42.0-win32-x64\lombok\lombok-1.18.36.jar -XX:+HeapDumpOnOutOfMemoryError -XX:HeapDumpPath=c:\Users\admin\AppData\Roaming\Cursor\User\workspaceStorage\0426a641ec518546e312a5bf184515bb\redhat.java -Daether.dependencyCollector.impl=bf c:\Users\admin\.cursor\extensions\redhat.java-1.42.0-win32-x64\server\plugins\org.eclipse.equinox.launcher_1.7.0.v20250424-1814.jar -configuration c:\Users\admin\AppData\Roaming\Cursor\User\globalStorage\redhat.java\1.42.0\config_win -data c:\Users\admin\AppData\Roaming\Cursor\User\workspaceStorage\0426a641ec518546e312a5bf184515bb\redhat.java\jdt_ws --pipe=\\.\pipe\lsp-9bd3744ac365ac685f9d8a513c57f933-sock

Host: Intel(R) Core(TM) i7-10700 CPU @ 2.90GHz, 16 cores, 15G,  Windows 11 , 64 bit Build 26100 (10.0.26100.3912)
Time: Mon May 19 06:05:17 2025 Eastern Daylight Time elapsed time: 7.119443 seconds (0d 0h 0m 7s)

---------------  T H R E A D  ---------------

Current thread (0x000001637602ec40):  JavaThread "Connection worker"        [_thread_in_native, id=1272, stack(0x0000000cb0500000,0x0000000cb0600000) (1024K)]

Stack: [0x0000000cb0500000,0x0000000cb0600000],  sp=0x0000000cb05fdd40,  free space=1015k
Native frames: (J=compiled Java code, j=interpreted, Vv=VM code, C=native code)
C  [ASProxy64.dll+0xc274]

Java frames: (J=compiled Java code, j=interpreted, Vv=VM code)
j  sun.nio.ch.WEPoll.ctl(JIJI)I+0 java.base@21.0.7
j  sun.nio.ch.WEPollSelectorImpl.<init>(Ljava/nio/channels/spi/SelectorProvider;)V+139 java.base@21.0.7
j  sun.nio.ch.WEPollSelectorProvider.openSelector()Ljava/nio/channels/spi/AbstractSelector;+5 java.base@21.0.7
j  java.nio.channels.Selector.open()Ljava/nio/channels/Selector;+3 java.base@21.0.7
j  org.gradle.internal.remote.internal.inet.SocketConnection$SocketInputStream.<init>(Ljava/nio/channels/SocketChannel;)V+17
j  org.gradle.internal.remote.internal.inet.SocketConnection.<init>(Ljava/nio/channels/SocketChannel;Lorg/gradle/internal/remote/internal/MessageSerializer;Lorg/gradle/internal/serialize/StatefulSerializer;)V+27
j  org.gradle.internal.remote.internal.inet.SocketConnectCompletion.create(Lorg/gradle/internal/serialize/StatefulSerializer;)Lorg/gradle/internal/remote/internal/RemoteConnection;+16
j  org.gradle.launcher.daemon.client.DefaultDaemonConnector.connectToDaemon(Lorg/gradle/launcher/daemon/context/DaemonConnectDetails;Lorg/gradle/launcher/daemon/client/DaemonClientConnection$StaleAddressDetector;)Lorg/gradle/launcher/daemon/client/DaemonClientConnection;+45
j  org.gradle.launcher.daemon.client.DefaultDaemonConnector.connectToDaemonWithId(Lorg/gradle/launcher/daemon/diagnostics/DaemonStartupInfo;Lorg/gradle/api/internal/specs/ExplainingSpec;)Lorg/gradle/launcher/daemon/client/DaemonClientConnection;+116
j  org.gradle.launcher.daemon.client.DefaultDaemonConnector.doStartDaemon(Lorg/gradle/api/internal/specs/ExplainingSpec;Z)Lorg/gradle/launcher/daemon/client/DaemonClientConnection;+61
j  org.gradle.launcher.daemon.client.DefaultDaemonConnector.startDaemon(Lorg/gradle/api/internal/specs/ExplainingSpec;)Lorg/gradle/launcher/daemon/client/DaemonClientConnection;+3
j  org.gradle.launcher.daemon.client.DaemonClient.execute(Lorg/gradle/internal/invocation/BuildAction;Lorg/gradle/launcher/exec/BuildActionParameters;Lorg/gradle/internal/daemon/client/execution/ClientBuildRequestContext;)Lorg/gradle/launcher/exec/BuildActionResult;+201
j  org.gradle.launcher.daemon.client.DaemonClient.execute(Lorg/gradle/internal/invocation/BuildAction;Ljava/lang/Object;Ljava/lang/Object;)Lorg/gradle/launcher/exec/BuildActionResult;+10
j  org.gradle.tooling.internal.provider.DaemonBuildActionExecuter.execute(Lorg/gradle/internal/invocation/BuildAction;Lorg/gradle/tooling/internal/provider/ConnectionOperationParameters;Lorg/gradle/internal/daemon/client/execution/ClientBuildRequestContext;)Lorg/gradle/launcher/exec/BuildActionResult;+72
j  org.gradle.tooling.internal.provider.DaemonBuildActionExecuter.execute(Lorg/gradle/internal/invocation/BuildAction;Ljava/lang/Object;Ljava/lang/Object;)Lorg/gradle/launcher/exec/BuildActionResult;+10
j  org.gradle.tooling.internal.provider.LoggingBridgingBuildActionExecuter.execute(Lorg/gradle/internal/invocation/BuildAction;Lorg/gradle/tooling/internal/provider/ConnectionOperationParameters;Lorg/gradle/internal/daemon/client/execution/ClientBuildRequestContext;)Lorg/gradle/launcher/exec/BuildActionResult;+77
j  org.gradle.tooling.internal.provider.LoggingBridgingBuildActionExecuter.execute(Lorg/gradle/internal/invocation/BuildAction;Ljava/lang/Object;Ljava/lang/Object;)Lorg/gradle/launcher/exec/BuildActionResult;+10
j  org.gradle.tooling.internal.provider.ProviderConnection.run(Lorg/gradle/internal/invocation/BuildAction;Lorg/gradle/initialization/BuildCancellationToken;Lorg/gradle/tooling/internal/provider/ProviderConnection$ProgressListenerConfiguration;Lorg/gradle/initialization/BuildEventConsumer;Lorg/gradle/tooling/internal/provider/connection/ProviderOperationParameters;Lorg/gradle/tooling/internal/provider/ProviderConnection$Parameters;)Ljava/lang/Object;+79
j  org.gradle.tooling.internal.provider.ProviderConnection.runPhasedAction(Lorg/gradle/tooling/internal/protocol/InternalPhasedAction;Lorg/gradle/tooling/internal/protocol/PhasedActionResultListener;Lorg/gradle/initialization/BuildCancellationToken;Lorg/gradle/tooling/internal/provider/connection/ProviderOperationParameters;)Ljava/lang/Object;+132
j  org.gradle.tooling.internal.provider.DefaultConnection.run(Lorg/gradle/tooling/internal/protocol/InternalPhasedAction;Lorg/gradle/tooling/internal/protocol/PhasedActionResultListener;Lorg/gradle/tooling/internal/protocol/InternalCancellationToken;Lorg/gradle/tooling/internal/protocol/BuildParameters;)Lorg/gradle/tooling/internal/protocol/BuildResult;+28
j  org.gradle.tooling.internal.consumer.connection.PhasedActionAwareConsumerConnection.run(Lorg/gradle/tooling/internal/consumer/PhasedBuildAction;Lorg/gradle/tooling/internal/consumer/parameters/ConsumerOperationParameters;)V+66
j  org.gradle.tooling.internal.consumer.connection.ParameterValidatingConsumerConnection.run(Lorg/gradle/tooling/internal/consumer/PhasedBuildAction;Lorg/gradle/tooling/internal/consumer/parameters/ConsumerOperationParameters;)V+11
j  org.gradle.tooling.internal.consumer.DefaultPhasedBuildActionExecuter$1.run(Lorg/gradle/tooling/internal/consumer/connection/ConsumerConnection;)Ljava/lang/Void;+12
j  org.gradle.tooling.internal.consumer.DefaultPhasedBuildActionExecuter$1.run(Lorg/gradle/tooling/internal/consumer/connection/ConsumerConnection;)Ljava/lang/Object;+2
j  org.gradle.tooling.internal.consumer.connection.LazyConsumerActionExecutor.run(Lorg/gradle/tooling/internal/consumer/connection/ConsumerAction;)Ljava/lang/Object;+34
j  org.gradle.tooling.internal.consumer.connection.CancellableConsumerActionExecutor.run(Lorg/gradle/tooling/internal/consumer/connection/ConsumerAction;)Ljava/lang/Object;+34
j  org.gradle.tooling.internal.consumer.connection.ProgressLoggingConsumerActionExecutor.run(Lorg/gradle/tooling/internal/consumer/connection/ConsumerAction;)Ljava/lang/Object;+78
j  org.gradle.tooling.internal.consumer.connection.RethrowingErrorsConsumerActionExecutor.run(Lorg/gradle/tooling/internal/consumer/connection/ConsumerAction;)Ljava/lang/Object;+5
j  org.gradle.tooling.internal.consumer.async.DefaultAsyncConsumerActionExecutor$1$1.run()V+17
j  org.gradle.internal.concurrent.ExecutorPolicy$CatchAndRecordFailures.onExecute(Ljava/lang/Runnable;)V+1
j  org.gradle.internal.concurrent.AbstractManagedExecutor$1.run()V+25
j  java.util.concurrent.ThreadPoolExecutor.runWorker(Ljava/util/concurrent/ThreadPoolExecutor$Worker;)V+92 java.base@21.0.7
j  java.util.concurrent.ThreadPoolExecutor$Worker.run()V+5 java.base@21.0.7
j  java.lang.Thread.runWith(Ljava/lang/Object;Ljava/lang/Runnable;)V+5 java.base@21.0.7
j  java.lang.Thread.run()V+19 java.base@21.0.7
v  ~StubRoutines::call_stub 0x00000163624e100d

siginfo: EXCEPTION_ACCESS_VIOLATION (0xc0000005), reading address 0x000000000000041c


Registers:
RAX=0x0000000000000000, RBX=0x000001637a2c30c8, RCX=0x0000000000000d48, RDX=0x0000000000000002
RSP=0x0000000cb05fdd40, RBP=0x000000000000041c, RSI=0x0000016374f7aea0, RDI=0x000000000000041c
R8 =0x7ffffffffffffffc, R9 =0x0000000000000000, R10=0x0000000000000d48, R11=0x0000016357e9be00
R12=0x0000000cb05fdf80, R13=0x0000000000000414, R14=0x0000016374f7ae70, R15=0x0000000000000414
RIP=0x000000018000c274, EFLAGS=0x0000000000010246

XMM[0]=0x0000000000000000 0x0000000000000000
XMM[1]=0x0000000000000000 0x0000000000000000
XMM[2]=0x0000000000000000 0x0000000000000000
XMM[3]=0x0000000000000000 0x0000000000000000
XMM[4]=0x0000000000000000 0x0000000000000000
XMM[5]=0x0000000000000000 0x0000000000000000
XMM[6]=0x0000000000000000 0x90b859995c6cff3a
XMM[7]=0x0000000000000000 0x485faf1d46e18626
XMM[8]=0x0000000000000000 0x31fef4fdc6c16b32
XMM[9]=0x0000000000000000 0xecb01c08d7a08620
XMM[10]=0x0000000000000000 0x0b0a090803020100
XMM[11]=0x0000000000000000 0x0000000000000000
XMM[12]=0x0000000000000000 0xffffffffffffffff
XMM[13]=0x0000000000000000 0x0405060700010203
XMM[14]=0x0000000000000000 0x6c9c4e785cd1fc34
XMM[15]=0x0000000000000000 0x00000000f035adbc
  MXCSR=0x00001fa0


Register to memory mapping:

RAX=0x0 is null
RBX=0x000001637a2c30c8 points into unknown readable memory: 0x0000000000000000 | 00 00 00 00 00 00 00 00
RCX=0x0000000000000d48 is an unknown value
RDX=0x0000000000000002 is an unknown value
RSP=0x0000000cb05fdd40 is pointing into the stack for thread: 0x000001637602ec40
RBP=0x000000000000041c is an unknown value
RSI=0x0000016374f7aea0 points into unknown readable memory: 0x0000016374f7aea0 | a0 ae f7 74 63 01 00 00
RDI=0x000000000000041c is an unknown value
R8 =0x7ffffffffffffffc is an unknown value
R9 =0x0 is null
R10=0x0000000000000d48 is an unknown value
R11=0x0000016357e9be00 points into unknown readable memory: 0x00000000000007d0 | d0 07 00 00 00 00 00 00
R12=0x0000000cb05fdf80 is pointing into the stack for thread: 0x000001637602ec40
R13=0x0000000000000414 is an unknown value
R14=0x0000016374f7ae70 points into unknown readable memory: 0x000000000000041c | 1c 04 00 00 00 00 00 00
R15=0x0000000000000414 is an unknown value

Top of Stack: (sp=0x0000000cb05fdd40)
0x0000000cb05fdd40:   0000000000000000 0000000000000000
0x0000000cb05fdd50:   000000000000041c 000000018001f4c2
0x0000000cb05fdd60:   0000000180065ec8 0000000000002736
0x0000000cb05fdd70:   0000000000000001 0000000000000d48
0x0000000cb05fdd80:   000000000000041c 000000018000c506
0x0000000cb05fdd90:   000001637a2c30c8 0000000000002736
0x0000000cb05fdda0:   0000000000000000 0000016300000008
0x0000000cb05fddb0:   0000000c0000001e 0000000000000000
0x0000000cb05fddc0:   000000000000041c 0000000000000000
0x0000000cb05fddd0:   0000000000000001 0000000000000000
0x0000000cb05fdde0:   000000000000041c 00007ff8c3e077e6
0x0000000cb05fddf0:   0000000000000d48 0000000000000402
0x0000000cb05fde00:   0000016374f7aea0 0000000cb05fdf50
0x0000000cb05fde10:   0000000000000000 0000016300000000
0x0000000cb05fde20:   0000000000000003 0000016300000001
0x0000000cb05fde30:   0000000000000000 0000000000000000
0x0000000cb05fde40:   00007ff800000000 00007ff8edfe0139
0x0000000cb05fde50:   0000000000000d48 0000000000000000
0x0000000cb05fde60:   0000000000000000 0000c7668bbe32ce
0x0000000cb05fde70:   000001637a2c30b0 00007ff8c3e082af
0x0000000cb05fde80:   0000000000000028 00007ff846642cac
0x0000000cb05fde90:   000001637a2c30b8 0000016357ec5950
0x0000000cb05fdea0:   0000016374f7ae70 00007ff8c3e08359
0x0000000cb05fdeb0:   0000016374f7aea0 0000000cb05fdf80
0x0000000cb05fdec0:   0000016374f7aea0 0000016374f7ae70
0x0000000cb05fded0:   000001637602ec40 0000000cb05fdf80
0x0000000cb05fdee0:   00000163735dc418 0000000000000000
0x0000000cb05fdef0:   0000016374f7ae70 00007ff8c3e08787
0x0000000cb05fdf00:   0000000000000000 0000000cb05fdf80
0x0000000cb05fdf10:   0000000000000414 000001637602ec40
0x0000000cb05fdf20:   0000000000000001 00007ff8c3e07a75
0x0000000cb05fdf30:   000000000000041c 0000000cb05fdf80 

Instructions: (pc=0x000000018000c274)
0x000000018000c174:   70 48 8b 6c 24 78 32 c0 48 83 c4 50 41 5c c3 cc
0x000000018000c184:   cc cc cc cc cc cc cc cc cc cc cc cc 48 85 c9 74
0x000000018000c194:   23 8b 05 ad ff 06 00 89 01 8b 05 a9 ff 06 00 89
0x000000018000c1a4:   41 04 8b 05 a4 ff 06 00 89 41 08 8b 05 9f ff 06
0x000000018000c1b4:   00 89 41 0c f3 c3 cc cc cc cc cc cc c6 01 01 c7
0x000000018000c1c4:   02 01 00 00 00 c3 cc cc cc cc cc cc 48 89 5c 24
0x000000018000c1d4:   08 57 48 83 ec 70 48 8b fa 8b d9 48 8d 15 82 73
0x000000018000c1e4:   05 00 48 8d 4c 24 20 45 33 c0 48 c7 44 24 40 0f
0x000000018000c1f4:   00 00 00 48 c7 44 24 38 00 00 00 00 c6 44 24 28
0x000000018000c204:   00 e8 d6 6b ff ff 4c 8d 4c 24 20 48 8d 4c 24 48
0x000000018000c214:   41 b0 01 8b d3 e8 52 06 02 00 48 83 78 20 10 72
0x000000018000c224:   06 48 8b 48 08 eb 05 48 8d 48 08 90 0f b6 01 48
0x000000018000c234:   ff c7 48 ff c1 88 47 ff 84 c0 75 f0 48 83 7c 24
0x000000018000c244:   68 10 72 0a 48 8b 4c 24 50 e8 52 94 03 00 48 8b
0x000000018000c254:   9c 24 80 00 00 00 48 83 c4 70 5f c3 48 83 ec 48
0x000000018000c264:   0f b6 c2 0f 57 c0 0f 11 44 24 ff 25 00 00 00 00
0x000000018000c274:   ae 7e ef ee f8 7f 00 00 8b 44 24 04 0f af 04 24
0x000000018000c284:   89 04 24 8b 44 24 04 0f af 04 24 83 c0 01 89 04
0x000000018000c294:   24 8b 44 24 04 0f af 04 24 83 c0 02 89 04 24 8b
0x000000018000c2a4:   44 24 04 0f af 04 24 83 c0 03 89 04 24 8b 44 24
0x000000018000c2b4:   04 0f af 04 24 83 c0 04 89 04 24 8b 44 24 04 0f
0x000000018000c2c4:   af 04 24 83 c0 05 89 04 24 8b 44 24 04 0f af 04
0x000000018000c2d4:   24 83 c0 06 89 04 24 8b 44 24 04 0f af 04 24 83
0x000000018000c2e4:   c0 07 89 04 24 8b 44 24 04 0f af 04 24 83 c0 08
0x000000018000c2f4:   89 04 24 8b 44 24 04 0f af 04 24 83 c0 09 89 04
0x000000018000c304:   24 8b 44 24 04 0f af 04 24 83 c0 0a 89 04 24 8b
0x000000018000c314:   44 24 04 0f af 04 24 83 c0 0b 89 04 24 8b 44 24
0x000000018000c324:   04 0f af 04 24 83 c0 0d 89 04 24 8b 44 24 04 0f
0x000000018000c334:   af 04 24 83 c0 0e 89 04 24 8b 44 24 04 0f af 04
0x000000018000c344:   24 83 c0 0f 89 04 24 8b 44 24 04 0f af 04 24 83
0x000000018000c354:   c0 10 89 04 24 8b 44 24 04 0f af 04 24 83 c0 11
0x000000018000c364:   89 04 24 8b 44 24 04 0f af 04 24 83 c0 12 89 04 


Stack slot to memory mapping:

stack at sp + 0 slots: 0x0 is null
stack at sp + 1 slots: 0x0 is null
stack at sp + 2 slots: 0x000000000000041c is an unknown value
stack at sp + 3 slots: 0x000000018001f4c2 ASProxy64.dll
stack at sp + 4 slots: 0x0000000180065ec8 ASProxy64.dll
stack at sp + 5 slots: 0x0000000000002736 is an unknown value
stack at sp + 6 slots: 0x0000000000000001 is an unknown value
stack at sp + 7 slots: 0x0000000000000d48 is an unknown value


---------------  P R O C E S S  ---------------

Threads class SMR info:
_java_thread_list=0x0000016376100740, length=60, elements={
0x0000016357ea15b0, 0x0000016357f46400, 0x000001636c28e6b0, 0x0000016357f4ce60,
0x0000016357f51ec0, 0x0000016357f50890, 0x0000016357f51490, 0x0000016357f5dfe0,
0x000001636d747b50, 0x000001636d8092d0, 0x000001636d8437f0, 0x000001636d845ea0,
0x000001636f6ef7c0, 0x0000016374703fe0, 0x000001636fd0aa00, 0x00000163748d2570,
0x0000016374a399c0, 0x0000016374da4130, 0x0000016374da26f0, 0x0000016374da3aa0,
0x0000016374da2d80, 0x0000016374da3410, 0x0000016374da47c0, 0x0000016374da54e0,
0x000001637483cd50, 0x000001637483d3e0, 0x0000016374839f60, 0x000001637483a5f0,
0x000001637483da70, 0x000001637483ac80, 0x000001637483b9a0, 0x000001637483e100,
0x000001637483c030, 0x000001637483e790, 0x000001637483b310, 0x000001637483ee20,
0x000001637483f4b0, 0x000001637483fb40, 0x000001637483c6c0, 0x0000016374840ef0,
0x00000163748401d0, 0x0000016374840860, 0x0000016374841580, 0x0000016376027cb0,
0x0000016376029060, 0x0000016376029d80, 0x00000163760296f0, 0x000001637602a410,
0x000001637602d890, 0x000001637602be50, 0x000001637602c4e0, 0x000001637602df20,
0x000001637602b130, 0x000001637602cb70, 0x000001637602aaa0, 0x000001637602ec40,
0x000001637602e5b0, 0x000001637602b7c0, 0x0000016376b4be50, 0x0000016376b4d890
}

Java Threads: ( => current thread )
  0x0000016357ea15b0 JavaThread "main"                              [_thread_blocked, id=21496, stack(0x0000000caa600000,0x0000000caa700000) (1024K)]
  0x0000016357f46400 JavaThread "Reference Handler"          daemon [_thread_blocked, id=28348, stack(0x0000000caaa00000,0x0000000caab00000) (1024K)]
  0x000001636c28e6b0 JavaThread "Finalizer"                  daemon [_thread_blocked, id=29132, stack(0x0000000caab00000,0x0000000caac00000) (1024K)]
  0x0000016357f4ce60 JavaThread "Signal Dispatcher"          daemon [_thread_blocked, id=15200, stack(0x0000000caac00000,0x0000000caad00000) (1024K)]
  0x0000016357f51ec0 JavaThread "Attach Listener"            daemon [_thread_blocked, id=10980, stack(0x0000000caad00000,0x0000000caae00000) (1024K)]
  0x0000016357f50890 JavaThread "Service Thread"             daemon [_thread_blocked, id=30880, stack(0x0000000caae00000,0x0000000caaf00000) (1024K)]
  0x0000016357f51490 JavaThread "Monitor Deflation Thread"   daemon [_thread_blocked, id=21156, stack(0x0000000caaf00000,0x0000000cab000000) (1024K)]
  0x0000016357f5dfe0 JavaThread "C2 CompilerThread0"         daemon [_thread_blocked, id=31712, stack(0x0000000cab000000,0x0000000cab100000) (1024K)]
  0x000001636d747b50 JavaThread "C1 CompilerThread0"         daemon [_thread_blocked, id=24196, stack(0x0000000cab100000,0x0000000cab200000) (1024K)]
  0x000001636d8092d0 JavaThread "Common-Cleaner"             daemon [_thread_blocked, id=34176, stack(0x0000000cab200000,0x0000000cab300000) (1024K)]
  0x000001636d8437f0 JavaThread "C1 CompilerThread1"         daemon [_thread_blocked, id=17892, stack(0x0000000cab300000,0x0000000cab400000) (1024K)]
  0x000001636d845ea0 JavaThread "C1 CompilerThread2"         daemon [_thread_blocked, id=34660, stack(0x0000000cab400000,0x0000000cab500000) (1024K)]
  0x000001636f6ef7c0 JavaThread "Notification Thread"        daemon [_thread_blocked, id=16664, stack(0x0000000cac900000,0x0000000caca00000) (1024K)]
  0x0000016374703fe0 JavaThread "Active Thread: Equinox Container: 8a1c5cec-f088-4aa3-8be7-f637161d8f45"        [_thread_blocked, id=12824, stack(0x0000000cad200000,0x0000000cad300000) (1024K)]
  0x000001636fd0aa00 JavaThread "Refresh Thread: Equinox Container: 8a1c5cec-f088-4aa3-8be7-f637161d8f45" daemon [_thread_blocked, id=35688, stack(0x0000000cad400000,0x0000000cad500000) (1024K)]
  0x00000163748d2570 JavaThread "Framework Event Dispatcher: Equinox Container: 8a1c5cec-f088-4aa3-8be7-f637161d8f45" daemon [_thread_blocked, id=31888, stack(0x0000000cad500000,0x0000000cad600000) (1024K)]
  0x0000016374a399c0 JavaThread "Start Level: Equinox Container: 8a1c5cec-f088-4aa3-8be7-f637161d8f45" daemon [_thread_blocked, id=31228, stack(0x0000000cad600000,0x0000000cad700000) (1024K)]
  0x0000016374da4130 JavaThread "Bundle File Closer"         daemon [_thread_blocked, id=21200, stack(0x0000000cada00000,0x0000000cadb00000) (1024K)]
  0x0000016374da26f0 JavaThread "SCR Component Actor"        daemon [_thread_blocked, id=13984, stack(0x0000000cadb00000,0x0000000cadc00000) (1024K)]
  0x0000016374da3aa0 JavaThread "Worker-JM"                         [_thread_blocked, id=33232, stack(0x0000000cade00000,0x0000000cadf00000) (1024K)]
  0x0000016374da2d80 JavaThread "Worker-0"                          [_thread_blocked, id=18744, stack(0x0000000cae000000,0x0000000cae100000) (1024K)]
  0x0000016374da3410 JavaThread "Worker-1: Initialize Workspace"        [_thread_blocked, id=33676, stack(0x0000000cae100000,0x0000000cae200000) (1024K)]
  0x0000016374da47c0 JavaThread "Java indexing"              daemon [_thread_blocked, id=32304, stack(0x0000000caca00000,0x0000000cacb00000) (1024K)]
  0x0000016374da54e0 JavaThread "JNA Cleaner"                daemon [_thread_blocked, id=26716, stack(0x0000000cad100000,0x0000000cad200000) (1024K)]
  0x000001637483cd50 JavaThread "Worker-2"                          [_thread_blocked, id=33484, stack(0x0000000cae500000,0x0000000cae600000) (1024K)]
  0x000001637483d3e0 JavaThread "Worker-3"                          [_thread_blocked, id=28516, stack(0x0000000cae600000,0x0000000cae700000) (1024K)]
  0x0000016374839f60 JavaThread "Thread-2"                   daemon [_thread_in_native, id=14160, stack(0x0000000cae700000,0x0000000cae800000) (1024K)]
  0x000001637483a5f0 JavaThread "Thread-3"                   daemon [_thread_in_native, id=14956, stack(0x0000000cae800000,0x0000000cae900000) (1024K)]
  0x000001637483da70 JavaThread "Thread-4"                   daemon [_thread_in_native, id=33988, stack(0x0000000cae900000,0x0000000caea00000) (1024K)]
  0x000001637483ac80 JavaThread "Thread-5"                   daemon [_thread_in_native, id=32644, stack(0x0000000caea00000,0x0000000caeb00000) (1024K)]
  0x000001637483b9a0 JavaThread "Thread-6"                   daemon [_thread_in_native, id=12400, stack(0x0000000caeb00000,0x0000000caec00000) (1024K)]
  0x000001637483e100 JavaThread "Thread-7"                   daemon [_thread_in_native, id=35140, stack(0x0000000caec00000,0x0000000caed00000) (1024K)]
  0x000001637483c030 JavaThread "Thread-8"                   daemon [_thread_in_native, id=31156, stack(0x0000000caed00000,0x0000000caee00000) (1024K)]
  0x000001637483e790 JavaThread "Thread-9"                   daemon [_thread_in_native, id=7068, stack(0x0000000caee00000,0x0000000caef00000) (1024K)]
  0x000001637483b310 JavaThread "Thread-10"                  daemon [_thread_in_native, id=25800, stack(0x0000000caef00000,0x0000000caf000000) (1024K)]
  0x000001637483ee20 JavaThread "Thread-11"                  daemon [_thread_in_native, id=26384, stack(0x0000000caf000000,0x0000000caf100000) (1024K)]
  0x000001637483f4b0 JavaThread "Thread-12"                  daemon [_thread_in_native, id=25912, stack(0x0000000caf100000,0x0000000caf200000) (1024K)]
  0x000001637483fb40 JavaThread "Thread-13"                  daemon [_thread_in_native, id=19936, stack(0x0000000caf200000,0x0000000caf300000) (1024K)]
  0x000001637483c6c0 JavaThread "Thread-14"                  daemon [_thread_in_native, id=34852, stack(0x0000000caf300000,0x0000000caf400000) (1024K)]
  0x0000016374840ef0 JavaThread "Thread-15"                  daemon [_thread_in_native, id=28040, stack(0x0000000caf400000,0x0000000caf500000) (1024K)]
  0x00000163748401d0 JavaThread "Thread-16"                  daemon [_thread_in_native, id=23136, stack(0x0000000caf500000,0x0000000caf600000) (1024K)]
  0x0000016374840860 JavaThread "Thread-17"                  daemon [_thread_in_native, id=12352, stack(0x0000000caf600000,0x0000000caf700000) (1024K)]
  0x0000016374841580 JavaThread "Thread-18"                  daemon [_thread_in_native, id=17732, stack(0x0000000caf700000,0x0000000caf800000) (1024K)]
  0x0000016376027cb0 JavaThread "pool-2-thread-1"                   [_thread_blocked, id=19060, stack(0x0000000cafb00000,0x0000000cafc00000) (1024K)]
  0x0000016376029060 JavaThread "WorkspaceEventsHandler"            [_thread_blocked, id=21416, stack(0x0000000cafc00000,0x0000000cafd00000) (1024K)]
  0x0000016376029d80 JavaThread "pool-1-thread-1"                   [_thread_blocked, id=29764, stack(0x0000000cafd00000,0x0000000cafe00000) (1024K)]
  0x00000163760296f0 JavaThread "Worker-4"                          [_thread_blocked, id=15292, stack(0x0000000cb0000000,0x0000000cb0100000) (1024K)]
  0x000001637602a410 JavaThread "Timer-0"                           [_thread_blocked, id=29956, stack(0x0000000cb0100000,0x0000000cb0200000) (1024K)]
  0x000001637602d890 JavaThread "Timer-1"                           [_thread_blocked, id=34496, stack(0x0000000caf900000,0x0000000cafa00000) (1024K)]
  0x000001637602be50 JavaThread "Timer-2"                           [_thread_blocked, id=12208, stack(0x0000000cafa00000,0x0000000cafb00000) (1024K)]
  0x000001637602c4e0 JavaThread "LocalFile Deleter"          daemon [_thread_blocked, id=6412, stack(0x0000000cafe00000,0x0000000caff00000) (1024K)]
  0x000001637602df20 JavaThread "LocalFile Deleter"          daemon [_thread_blocked, id=25472, stack(0x0000000caff00000,0x0000000cb0000000) (1024K)]
  0x000001637602b130 JavaThread "LocalFile Deleter"          daemon [_thread_blocked, id=33968, stack(0x0000000cb0200000,0x0000000cb0300000) (1024K)]
  0x000001637602cb70 JavaThread "Timer-3"                           [_thread_blocked, id=20368, stack(0x0000000cb0300000,0x0000000cb0400000) (1024K)]
  0x000001637602aaa0 JavaThread "Timer-4"                           [_thread_blocked, id=22624, stack(0x0000000cb0400000,0x0000000cb0500000) (1024K)]
=>0x000001637602ec40 JavaThread "Connection worker"                 [_thread_in_native, id=1272, stack(0x0000000cb0500000,0x0000000cb0600000) (1024K)]
  0x000001637602e5b0 JavaThread "pool-3-thread-1"                   [_thread_blocked, id=24236, stack(0x0000000cb0600000,0x0000000cb0700000) (1024K)]
  0x000001637602b7c0 JavaThread "Exec process"                      [_thread_blocked, id=30996, stack(0x0000000cb0700000,0x0000000cb0800000) (1024K)]
  0x0000016376b4be50 JavaThread "Exec process Thread 2"             [_thread_blocked, id=29420, stack(0x0000000cb0800000,0x0000000cb0900000) (1024K)]
  0x0000016376b4d890 JavaThread "Exec process Thread 3"             [_thread_blocked, id=20732, stack(0x0000000cb0900000,0x0000000cb0a00000) (1024K)]
Total: 60

Other Threads:
  0x000001636c2740d0 VMThread "VM Thread"                           [id=30672, stack(0x0000000caa900000,0x0000000caaa00000) (1024K)]
  0x000001636c16ca00 WatcherThread "VM Periodic Task Thread"        [id=22504, stack(0x0000000caa800000,0x0000000caa900000) (1024K)]
  0x0000016357ebf950 WorkerThread "GC Thread#0"                     [id=14804, stack(0x0000000caa700000,0x0000000caa800000) (1024K)]
  0x000001636f803a20 WorkerThread "GC Thread#1"                     [id=5724, stack(0x0000000cacb00000,0x0000000cacc00000) (1024K)]
  0x000001636f804500 WorkerThread "GC Thread#2"                     [id=30348, stack(0x0000000cacc00000,0x0000000cacd00000) (1024K)]
  0x000001636f803dc0 WorkerThread "GC Thread#3"                     [id=34212, stack(0x0000000cacd00000,0x0000000cace00000) (1024K)]
  0x000001636f8032e0 WorkerThread "GC Thread#4"                     [id=27252, stack(0x0000000cace00000,0x0000000cacf00000) (1024K)]
  0x000001636f802f40 WorkerThread "GC Thread#5"                     [id=32604, stack(0x0000000cacf00000,0x0000000cad000000) (1024K)]
  0x000001636f803680 WorkerThread "GC Thread#6"                     [id=18724, stack(0x0000000cad000000,0x0000000cad100000) (1024K)]
  0x000001636f8048a0 WorkerThread "GC Thread#7"                     [id=9780, stack(0x0000000cad300000,0x0000000cad400000) (1024K)]
  0x0000016374654280 WorkerThread "GC Thread#8"                     [id=17824, stack(0x0000000cad700000,0x0000000cad800000) (1024K)]
  0x0000016374654620 WorkerThread "GC Thread#9"                     [id=23732, stack(0x0000000cad800000,0x0000000cad900000) (1024K)]
  0x00000163746549c0 WorkerThread "GC Thread#10"                    [id=13628, stack(0x0000000cad900000,0x0000000cada00000) (1024K)]
  0x0000016374655f80 WorkerThread "GC Thread#11"                    [id=16812, stack(0x0000000cadd00000,0x0000000cade00000) (1024K)]
  0x00000163746566c0 WorkerThread "GC Thread#12"                    [id=30636, stack(0x0000000cadf00000,0x0000000cae000000) (1024K)]
Total: 15

Threads with active compile tasks:
Total: 0

VM state: not at safepoint (normal execution)

VM Mutex/Monitor currently owned by a thread: None

Heap address: 0x00000000c0000000, size: 1024 MB, Compressed Oops mode: 32-bit

CDS archive(s) mapped at: [0x0000016300000000-0x0000016300ba0000-0x0000016300ba0000), size 12189696, SharedBaseAddress: 0x0000016300000000, ArchiveRelocationMode: 1.
Compressed class space mapped at: 0x0000016301000000-0x0000016341000000, reserved size: 1073741824
Narrow klass base: 0x0000016300000000, Narrow klass shift: 0, Narrow klass range: 0x100000000

GC Precious Log:
 CardTable entry size: 512
 CPUs: 16 total, 16 available
 Memory: 16096M
 Large Page Support: Disabled
 NUMA Support: Disabled
 Compressed Oops: Enabled (32-bit)
 Alignments: Space 512K, Generation 512K, Heap 2M
 Heap Min Capacity: 100M
 Heap Initial Capacity: 100M
 Heap Max Capacity: 1G
 Pre-touch: Disabled
 Parallel Workers: 13

Heap:
 PSYoungGen      total 16384K, used 5390K [0x00000000eab00000, 0x00000000ebe00000, 0x0000000100000000)
  eden space 15360K, 31% used [0x00000000eab00000,0x00000000eafc3888,0x00000000eba00000)
  from space 1024K, 50% used [0x00000000ebc00000,0x00000000ebc80000,0x00000000ebd00000)
  to   space 1024K, 0% used [0x00000000ebd00000,0x00000000ebd00000,0x00000000ebe00000)
 ParOldGen       total 68608K, used 41135K [0x00000000c0000000, 0x00000000c4300000, 0x00000000eab00000)
  object space 68608K, 59% used [0x00000000c0000000,0x00000000c282bea8,0x00000000c4300000)
 Metaspace       used 62435K, committed 63872K, reserved 1114112K
  class space    used 7719K, committed 8320K, reserved 1048576K

Card table byte_map: [0x0000016357840000,0x0000016357a50000] _byte_map_base: 0x0000016357240000

Marking Bits: (ParMarkBitMap*) 0x00007ff846c831f0
 Begin Bits: [0x000001636a090000, 0x000001636b090000)
 End Bits:   [0x000001636b090000, 0x000001636c090000)

Polling page: 0x0000016355c60000

Metaspace:

Usage:
  Non-class:     53.43 MB used.
      Class:      7.54 MB used.
       Both:     60.97 MB used.

Virtual space:
  Non-class space:       64.00 MB reserved,      54.25 MB ( 85%) committed,  1 nodes.
      Class space:        1.00 GB reserved,       8.12 MB ( <1%) committed,  1 nodes.
             Both:        1.06 GB reserved,      62.38 MB (  6%) committed. 

Chunk freelists:
   Non-Class:  8.86 MB
       Class:  7.88 MB
        Both:  16.73 MB

MaxMetaspaceSize: unlimited
CompressedClassSpaceSize: 1.00 GB
Initial GC threshold: 21.00 MB
Current GC threshold: 97.31 MB
CDS: on
 - commit_granule_bytes: 65536.
 - commit_granule_words: 8192.
 - virtual_space_node_default_size: 8388608.
 - enlarge_chunks_in_place: 1.
 - use_allocation_guard: 0.


Internal statistics:

num_allocs_failed_limit: 9.
num_arena_births: 1134.
num_arena_deaths: 14.
num_vsnodes_births: 2.
num_vsnodes_deaths: 0.
num_space_committed: 998.
num_space_uncommitted: 0.
num_chunks_returned_to_freelist: 23.
num_chunks_taken_from_freelist: 3768.
num_chunk_merges: 15.
num_chunk_splits: 2496.
num_chunks_enlarged: 1624.
num_inconsistent_stats: 0.

CodeHeap 'non-profiled nmethods': size=119168Kb used=4825Kb max_used=4825Kb free=114342Kb
 bounds [0x0000016362c30000, 0x00000163630f0000, 0x000001636a090000]
CodeHeap 'profiled nmethods': size=119104Kb used=14442Kb max_used=14626Kb free=104661Kb
 bounds [0x000001635b090000, 0x000001635bee0000, 0x00000163624e0000]
CodeHeap 'non-nmethods': size=7488Kb used=2514Kb max_used=3168Kb free=4974Kb
 bounds [0x00000163624e0000, 0x0000016362800000, 0x0000016362c30000]
 total_blobs=7775 nmethods=7086 adapters=593
 compilation: enabled
              stopped_count=0, restarted_count=0
 full_count=0

Compilation events (20 events):
Event: 7.100 Thread 0x000001636d8437f0 nmethod 7882 0x000001635b906b10 code [0x000001635b906ce0, 0x000001635b907080]
Event: 7.101 Thread 0x000001636d747b50 nmethod 7880 0x000001635b905810 code [0x000001635b905ac0, 0x000001635b906740]
Event: 7.101 Thread 0x000001636d845ea0 nmethod 7881 0x000001635b553a90 code [0x000001635b553f80, 0x000001635b5562b0]
Event: 7.109 Thread 0x000001636d747b50 7884       3       java.util.HashMap::computeIfAbsent (330 bytes)
Event: 7.109 Thread 0x000001636d8437f0 7885       3       sun.security.util.SecurityProviderConstants::getAliases (63 bytes)
Event: 7.109 Thread 0x000001636d8437f0 nmethod 7885 0x000001635b904a10 code [0x000001635b904c80, 0x000001635b905520]
Event: 7.109 Thread 0x000001636d747b50 nmethod 7884 0x000001635b902a90 code [0x000001635b902dc0, 0x000001635b904338]
Event: 7.110 Thread 0x000001636d8437f0 7886       1       java.nio.DirectByteBuffer::attachment (5 bytes)
Event: 7.110 Thread 0x000001636d8437f0 nmethod 7886 0x00000163630e4390 code [0x00000163630e4520, 0x00000163630e45e8]
Event: 7.113 Thread 0x0000016357f5dfe0 nmethod 7864 0x00000163630e4690 code [0x00000163630e48c0, 0x00000163630e56d0]
Event: 7.113 Thread 0x0000016357f5dfe0 7883       4       java.util.concurrent.ConcurrentHashMap::put (8 bytes)
Event: 7.113 Thread 0x0000016357f5dfe0 nmethod 7883 0x00000163630e5e90 code [0x00000163630e6020, 0x00000163630e60d8]
Event: 7.114 Thread 0x000001636d8437f0 7887       3       java.security.MessageDigest::update (11 bytes)
Event: 7.114 Thread 0x000001636d747b50 7888       3       java.security.MessageDigest$Delegate::engineUpdate (9 bytes)
Event: 7.114 Thread 0x000001636d845ea0 7889       3       sun.security.provider.DigestBase::engineUpdate (32 bytes)
Event: 7.114 Thread 0x000001636d747b50 nmethod 7888 0x000001635b553610 code [0x000001635b5537c0, 0x000001635b553998]
Event: 7.114 Thread 0x000001636d8437f0 nmethod 7887 0x000001635b553090 code [0x000001635b553240, 0x000001635b553500]
Event: 7.114 Thread 0x000001636d845ea0 nmethod 7889 0x000001635b552b90 code [0x000001635b552d40, 0x000001635b552fa8]
Event: 7.114 Thread 0x0000016357f5dfe0 7890       4       jdk.internal.misc.CarrierThreadLocal::get (10 bytes)
Event: 7.116 Thread 0x0000016357f5dfe0 nmethod 7890 0x00000163630e6190 code [0x00000163630e6340, 0x00000163630e64d8]

GC Heap History (20 events):
Event: 5.107 GC heap before
{Heap before GC invocations=41 (full 3):
 PSYoungGen      total 16384K, used 16380K [0x00000000eab00000, 0x00000000ec000000, 0x0000000100000000)
  eden space 15360K, 100% used [0x00000000eab00000,0x00000000eba00000,0x00000000eba00000)
  from space 1024K, 99% used [0x00000000ebe00000,0x00000000ebeff3b8,0x00000000ebf00000)
  to   space 1024K, 0% used [0x00000000ebf00000,0x00000000ebf00000,0x00000000ec000000)
 ParOldGen       total 68608K, used 38968K [0x00000000c0000000, 0x00000000c4300000, 0x00000000eab00000)
  object space 68608K, 56% used [0x00000000c0000000,0x00000000c260e220,0x00000000c4300000)
 Metaspace       used 58839K, committed 60096K, reserved 1114112K
  class space    used 7202K, committed 7744K, reserved 1048576K
}
Event: 5.108 GC heap after
{Heap after GC invocations=41 (full 3):
 PSYoungGen      total 16384K, used 962K [0x00000000eab00000, 0x00000000ec000000, 0x0000000100000000)
  eden space 15360K, 0% used [0x00000000eab00000,0x00000000eab00000,0x00000000eba00000)
  from space 1024K, 93% used [0x00000000ebf00000,0x00000000ebff08e0,0x00000000ec000000)
  to   space 1536K, 0% used [0x00000000ebd00000,0x00000000ebd00000,0x00000000ebe80000)
 ParOldGen       total 68608K, used 39056K [0x00000000c0000000, 0x00000000c4300000, 0x00000000eab00000)
  object space 68608K, 56% used [0x00000000c0000000,0x00000000c2624220,0x00000000c4300000)
 Metaspace       used 58839K, committed 60096K, reserved 1114112K
  class space    used 7202K, committed 7744K, reserved 1048576K
}
Event: 5.161 GC heap before
{Heap before GC invocations=42 (full 3):
 PSYoungGen      total 16384K, used 16322K [0x00000000eab00000, 0x00000000ec000000, 0x0000000100000000)
  eden space 15360K, 100% used [0x00000000eab00000,0x00000000eba00000,0x00000000eba00000)
  from space 1024K, 93% used [0x00000000ebf00000,0x00000000ebff08e0,0x00000000ec000000)
  to   space 1536K, 0% used [0x00000000ebd00000,0x00000000ebd00000,0x00000000ebe80000)
 ParOldGen       total 68608K, used 39056K [0x00000000c0000000, 0x00000000c4300000, 0x00000000eab00000)
  object space 68608K, 56% used [0x00000000c0000000,0x00000000c2624220,0x00000000c4300000)
 Metaspace       used 58839K, committed 60096K, reserved 1114112K
  class space    used 7202K, committed 7744K, reserved 1048576K
}
Event: 5.162 GC heap after
{Heap after GC invocations=42 (full 3):
 PSYoungGen      total 16896K, used 384K [0x00000000eab00000, 0x00000000ebf80000, 0x0000000100000000)
  eden space 15360K, 0% used [0x00000000eab00000,0x00000000eab00000,0x00000000eba00000)
  from space 1536K, 25% used [0x00000000ebd00000,0x00000000ebd60000,0x00000000ebe80000)
  to   space 1024K, 0% used [0x00000000ebe80000,0x00000000ebe80000,0x00000000ebf80000)
 ParOldGen       total 68608K, used 39255K [0x00000000c0000000, 0x00000000c4300000, 0x00000000eab00000)
  object space 68608K, 57% used [0x00000000c0000000,0x00000000c2655c50,0x00000000c4300000)
 Metaspace       used 58839K, committed 60096K, reserved 1114112K
  class space    used 7202K, committed 7744K, reserved 1048576K
}
Event: 5.214 GC heap before
{Heap before GC invocations=43 (full 3):
 PSYoungGen      total 16896K, used 15744K [0x00000000eab00000, 0x00000000ebf80000, 0x0000000100000000)
  eden space 15360K, 100% used [0x00000000eab00000,0x00000000eba00000,0x00000000eba00000)
  from space 1536K, 25% used [0x00000000ebd00000,0x00000000ebd60000,0x00000000ebe80000)
  to   space 1024K, 0% used [0x00000000ebe80000,0x00000000ebe80000,0x00000000ebf80000)
 ParOldGen       total 68608K, used 39255K [0x00000000c0000000, 0x00000000c4300000, 0x00000000eab00000)
  object space 68608K, 57% used [0x00000000c0000000,0x00000000c2655c50,0x00000000c4300000)
 Metaspace       used 58839K, committed 60096K, reserved 1114112K
  class space    used 7202K, committed 7744K, reserved 1048576K
}
Event: 5.214 GC heap after
{Heap after GC invocations=43 (full 3):
 PSYoungGen      total 16384K, used 1016K [0x00000000eab00000, 0x00000000ebf80000, 0x0000000100000000)
  eden space 15360K, 0% used [0x00000000eab00000,0x00000000eab00000,0x00000000eba00000)
  from space 1024K, 99% used [0x00000000ebe80000,0x00000000ebf7e2d8,0x00000000ebf80000)
  to   space 1536K, 0% used [0x00000000ebc80000,0x00000000ebc80000,0x00000000ebe00000)
 ParOldGen       total 68608K, used 39468K [0x00000000c0000000, 0x00000000c4300000, 0x00000000eab00000)
  object space 68608K, 57% used [0x00000000c0000000,0x00000000c268b188,0x00000000c4300000)
 Metaspace       used 58839K, committed 60096K, reserved 1114112K
  class space    used 7202K, committed 7744K, reserved 1048576K
}
Event: 5.267 GC heap before
{Heap before GC invocations=44 (full 3):
 PSYoungGen      total 16384K, used 16376K [0x00000000eab00000, 0x00000000ebf80000, 0x0000000100000000)
  eden space 15360K, 100% used [0x00000000eab00000,0x00000000eba00000,0x00000000eba00000)
  from space 1024K, 99% used [0x00000000ebe80000,0x00000000ebf7e2d8,0x00000000ebf80000)
  to   space 1536K, 0% used [0x00000000ebc80000,0x00000000ebc80000,0x00000000ebe00000)
 ParOldGen       total 68608K, used 39468K [0x00000000c0000000, 0x00000000c4300000, 0x00000000eab00000)
  object space 68608K, 57% used [0x00000000c0000000,0x00000000c268b188,0x00000000c4300000)
 Metaspace       used 58839K, committed 60096K, reserved 1114112K
  class space    used 7202K, committed 7744K, reserved 1048576K
}
Event: 5.267 GC heap after
{Heap after GC invocations=44 (full 3):
 PSYoungGen      total 16896K, used 845K [0x00000000eab00000, 0x00000000ebf00000, 0x0000000100000000)
  eden space 15360K, 0% used [0x00000000eab00000,0x00000000eab00000,0x00000000eba00000)
  from space 1536K, 55% used [0x00000000ebc80000,0x00000000ebd53550,0x00000000ebe00000)
  to   space 1024K, 0% used [0x00000000ebe00000,0x00000000ebe00000,0x00000000ebf00000)
 ParOldGen       total 68608K, used 39540K [0x00000000c0000000, 0x00000000c4300000, 0x00000000eab00000)
  object space 68608K, 57% used [0x00000000c0000000,0x00000000c269d188,0x00000000c4300000)
 Metaspace       used 58839K, committed 60096K, reserved 1114112K
  class space    used 7202K, committed 7744K, reserved 1048576K
}
Event: 5.317 GC heap before
{Heap before GC invocations=45 (full 3):
 PSYoungGen      total 16896K, used 16205K [0x00000000eab00000, 0x00000000ebf00000, 0x0000000100000000)
  eden space 15360K, 100% used [0x00000000eab00000,0x00000000eba00000,0x00000000eba00000)
  from space 1536K, 55% used [0x00000000ebc80000,0x00000000ebd53550,0x00000000ebe00000)
  to   space 1024K, 0% used [0x00000000ebe00000,0x00000000ebe00000,0x00000000ebf00000)
 ParOldGen       total 68608K, used 39540K [0x00000000c0000000, 0x00000000c4300000, 0x00000000eab00000)
  object space 68608K, 57% used [0x00000000c0000000,0x00000000c269d188,0x00000000c4300000)
 Metaspace       used 58840K, committed 60096K, reserved 1114112K
  class space    used 7202K, committed 7744K, reserved 1048576K
}
Event: 5.318 GC heap after
{Heap after GC invocations=45 (full 3):
 PSYoungGen      total 15872K, used 288K [0x00000000eab00000, 0x00000000ebe80000, 0x0000000100000000)
  eden space 15360K, 0% used [0x00000000eab00000,0x00000000eab00000,0x00000000eba00000)
  from space 512K, 56% used [0x00000000ebe00000,0x00000000ebe48000,0x00000000ebe80000)
  to   space 1024K, 0% used [0x00000000ebc80000,0x00000000ebc80000,0x00000000ebd80000)
 ParOldGen       total 68608K, used 39787K [0x00000000c0000000, 0x00000000c4300000, 0x00000000eab00000)
  object space 68608K, 57% used [0x00000000c0000000,0x00000000c26daf80,0x00000000c4300000)
 Metaspace       used 58840K, committed 60096K, reserved 1114112K
  class space    used 7202K, committed 7744K, reserved 1048576K
}
Event: 5.374 GC heap before
{Heap before GC invocations=46 (full 3):
 PSYoungGen      total 15872K, used 15648K [0x00000000eab00000, 0x00000000ebe80000, 0x0000000100000000)
  eden space 15360K, 100% used [0x00000000eab00000,0x00000000eba00000,0x00000000eba00000)
  from space 512K, 56% used [0x00000000ebe00000,0x00000000ebe48000,0x00000000ebe80000)
  to   space 1024K, 0% used [0x00000000ebc80000,0x00000000ebc80000,0x00000000ebd80000)
 ParOldGen       total 68608K, used 39787K [0x00000000c0000000, 0x00000000c4300000, 0x00000000eab00000)
  object space 68608K, 57% used [0x00000000c0000000,0x00000000c26daf80,0x00000000c4300000)
 Metaspace       used 58840K, committed 60096K, reserved 1114112K
  class space    used 7202K, committed 7744K, reserved 1048576K
}
Event: 5.374 GC heap after
{Heap after GC invocations=46 (full 3):
 PSYoungGen      total 16384K, used 1010K [0x00000000eab00000, 0x00000000ebe80000, 0x0000000100000000)
  eden space 15360K, 0% used [0x00000000eab00000,0x00000000eab00000,0x00000000eba00000)
  from space 1024K, 98% used [0x00000000ebc80000,0x00000000ebd7c990,0x00000000ebd80000)
  to   space 1024K, 0% used [0x00000000ebd80000,0x00000000ebd80000,0x00000000ebe80000)
 ParOldGen       total 68608K, used 40046K [0x00000000c0000000, 0x00000000c4300000, 0x00000000eab00000)
  object space 68608K, 58% used [0x00000000c0000000,0x00000000c271b810,0x00000000c4300000)
 Metaspace       used 58840K, committed 60096K, reserved 1114112K
  class space    used 7202K, committed 7744K, reserved 1048576K
}
Event: 5.425 GC heap before
{Heap before GC invocations=47 (full 3):
 PSYoungGen      total 16384K, used 16370K [0x00000000eab00000, 0x00000000ebe80000, 0x0000000100000000)
  eden space 15360K, 100% used [0x00000000eab00000,0x00000000eba00000,0x00000000eba00000)
  from space 1024K, 98% used [0x00000000ebc80000,0x00000000ebd7c990,0x00000000ebd80000)
  to   space 1024K, 0% used [0x00000000ebd80000,0x00000000ebd80000,0x00000000ebe80000)
 ParOldGen       total 68608K, used 40046K [0x00000000c0000000, 0x00000000c4300000, 0x00000000eab00000)
  object space 68608K, 58% used [0x00000000c0000000,0x00000000c271b810,0x00000000c4300000)
 Metaspace       used 58840K, committed 60096K, reserved 1114112K
  class space    used 7202K, committed 7744K, reserved 1048576K
}
Event: 5.425 GC heap after
{Heap after GC invocations=47 (full 3):
 PSYoungGen      total 16384K, used 758K [0x00000000eab00000, 0x00000000ebe80000, 0x0000000100000000)
  eden space 15360K, 0% used [0x00000000eab00000,0x00000000eab00000,0x00000000eba00000)
  from space 1024K, 74% used [0x00000000ebd80000,0x00000000ebe3d848,0x00000000ebe80000)
  to   space 1024K, 0% used [0x00000000ebc80000,0x00000000ebc80000,0x00000000ebd80000)
 ParOldGen       total 68608K, used 40110K [0x00000000c0000000, 0x00000000c4300000, 0x00000000eab00000)
  object space 68608K, 58% used [0x00000000c0000000,0x00000000c272b810,0x00000000c4300000)
 Metaspace       used 58840K, committed 60096K, reserved 1114112K
  class space    used 7202K, committed 7744K, reserved 1048576K
}
Event: 5.470 GC heap before
{Heap before GC invocations=48 (full 3):
 PSYoungGen      total 16384K, used 16118K [0x00000000eab00000, 0x00000000ebe80000, 0x0000000100000000)
  eden space 15360K, 100% used [0x00000000eab00000,0x00000000eba00000,0x00000000eba00000)
  from space 1024K, 74% used [0x00000000ebd80000,0x00000000ebe3d848,0x00000000ebe80000)
  to   space 1024K, 0% used [0x00000000ebc80000,0x00000000ebc80000,0x00000000ebd80000)
 ParOldGen       total 68608K, used 40110K [0x00000000c0000000, 0x00000000c4300000, 0x00000000eab00000)
  object space 68608K, 58% used [0x00000000c0000000,0x00000000c272b810,0x00000000c4300000)
 Metaspace       used 58840K, committed 60096K, reserved 1114112K
  class space    used 7202K, committed 7744K, reserved 1048576K
}
Event: 5.471 GC heap after
{Heap after GC invocations=48 (full 3):
 PSYoungGen      total 16384K, used 320K [0x00000000eab00000, 0x00000000ebe00000, 0x0000000100000000)
  eden space 15360K, 0% used [0x00000000eab00000,0x00000000eab00000,0x00000000eba00000)
  from space 1024K, 31% used [0x00000000ebc80000,0x00000000ebcd0000,0x00000000ebd80000)
  to   space 512K, 0% used [0x00000000ebd80000,0x00000000ebd80000,0x00000000ebe00000)
 ParOldGen       total 68608K, used 40432K [0x00000000c0000000, 0x00000000c4300000, 0x00000000eab00000)
  object space 68608K, 58% used [0x00000000c0000000,0x00000000c277c178,0x00000000c4300000)
 Metaspace       used 58840K, committed 60096K, reserved 1114112K
  class space    used 7202K, committed 7744K, reserved 1048576K
}
Event: 5.580 GC heap before
{Heap before GC invocations=49 (full 3):
 PSYoungGen      total 16384K, used 15680K [0x00000000eab00000, 0x00000000ebe00000, 0x0000000100000000)
  eden space 15360K, 100% used [0x00000000eab00000,0x00000000eba00000,0x00000000eba00000)
  from space 1024K, 31% used [0x00000000ebc80000,0x00000000ebcd0000,0x00000000ebd80000)
  to   space 512K, 0% used [0x00000000ebd80000,0x00000000ebd80000,0x00000000ebe00000)
 ParOldGen       total 68608K, used 40432K [0x00000000c0000000, 0x00000000c4300000, 0x00000000eab00000)
  object space 68608K, 58% used [0x00000000c0000000,0x00000000c277c178,0x00000000c4300000)
 Metaspace       used 60409K, committed 61824K, reserved 1114112K
  class space    used 7437K, committed 8064K, reserved 1048576K
}
Event: 5.580 GC heap after
{Heap after GC invocations=49 (full 3):
 PSYoungGen      total 15872K, used 480K [0x00000000eab00000, 0x00000000ebe00000, 0x0000000100000000)
  eden space 15360K, 0% used [0x00000000eab00000,0x00000000eab00000,0x00000000eba00000)
  from space 512K, 93% used [0x00000000ebd80000,0x00000000ebdf8010,0x00000000ebe00000)
  to   space 1024K, 0% used [0x00000000ebc00000,0x00000000ebc00000,0x00000000ebd00000)
 ParOldGen       total 68608K, used 40631K [0x00000000c0000000, 0x00000000c4300000, 0x00000000eab00000)
  object space 68608K, 59% used [0x00000000c0000000,0x00000000c27ade88,0x00000000c4300000)
 Metaspace       used 60409K, committed 61824K, reserved 1114112K
  class space    used 7437K, committed 8064K, reserved 1048576K
}
Event: 5.805 GC heap before
{Heap before GC invocations=50 (full 3):
 PSYoungGen      total 15872K, used 15840K [0x00000000eab00000, 0x00000000ebe00000, 0x0000000100000000)
  eden space 15360K, 100% used [0x00000000eab00000,0x00000000eba00000,0x00000000eba00000)
  from space 512K, 93% used [0x00000000ebd80000,0x00000000ebdf8010,0x00000000ebe00000)
  to   space 1024K, 0% used [0x00000000ebc00000,0x00000000ebc00000,0x00000000ebd00000)
 ParOldGen       total 68608K, used 40631K [0x00000000c0000000, 0x00000000c4300000, 0x00000000eab00000)
  object space 68608K, 59% used [0x00000000c0000000,0x00000000c27ade88,0x00000000c4300000)
 Metaspace       used 61830K, committed 63232K, reserved 1114112K
  class space    used 7641K, committed 8256K, reserved 1048576K
}
Event: 5.806 GC heap after
{Heap after GC invocations=50 (full 3):
 PSYoungGen      total 16384K, used 512K [0x00000000eab00000, 0x00000000ebe00000, 0x0000000100000000)
  eden space 15360K, 0% used [0x00000000eab00000,0x00000000eab00000,0x00000000eba00000)
  from space 1024K, 50% used [0x00000000ebc00000,0x00000000ebc80000,0x00000000ebd00000)
  to   space 1024K, 0% used [0x00000000ebd00000,0x00000000ebd00000,0x00000000ebe00000)
 ParOldGen       total 68608K, used 41135K [0x00000000c0000000, 0x00000000c4300000, 0x00000000eab00000)
  object space 68608K, 59% used [0x00000000c0000000,0x00000000c282bea8,0x00000000c4300000)
 Metaspace       used 61830K, committed 63232K, reserved 1114112K
  class space    used 7641K, committed 8256K, reserved 1048576K
}

Dll operation events (15 events):
Event: 0.007 Loaded shared library c:\Users\admin\.cursor\extensions\redhat.java-1.42.0-win32-x64\jre\21.0.7-win32-x86_64\bin\java.dll
Event: 0.065 Loaded shared library c:\Users\admin\.cursor\extensions\redhat.java-1.42.0-win32-x64\jre\21.0.7-win32-x86_64\bin\zip.dll
Event: 0.077 Loaded shared library C:\Users\admin\.cursor\extensions\redhat.java-1.42.0-win32-x64\jre\21.0.7-win32-x86_64\bin\instrument.dll
Event: 0.080 Loaded shared library C:\Users\admin\.cursor\extensions\redhat.java-1.42.0-win32-x64\jre\21.0.7-win32-x86_64\bin\net.dll
Event: 0.085 Loaded shared library C:\Users\admin\.cursor\extensions\redhat.java-1.42.0-win32-x64\jre\21.0.7-win32-x86_64\bin\nio.dll
Event: 0.087 Loaded shared library C:\Users\admin\.cursor\extensions\redhat.java-1.42.0-win32-x64\jre\21.0.7-win32-x86_64\bin\zip.dll
Event: 0.097 Loaded shared library C:\Users\admin\.cursor\extensions\redhat.java-1.42.0-win32-x64\jre\21.0.7-win32-x86_64\bin\jimage.dll
Event: 0.134 Loaded shared library c:\Users\admin\.cursor\extensions\redhat.java-1.42.0-win32-x64\jre\21.0.7-win32-x86_64\bin\verify.dll
Event: 0.716 Loaded shared library C:\Users\admin\AppData\Roaming\Cursor\User\globalStorage\redhat.java\1.42.0\config_win\org.eclipse.equinox.launcher\org.eclipse.equinox.launcher.win32.win32.x86_64_1.2.1300.v20250331-1702\eclipse_11911.dll
Event: 1.964 Loaded shared library C:\Users\admin\.cursor\extensions\redhat.java-1.42.0-win32-x64\jre\21.0.7-win32-x86_64\bin\management.dll
Event: 1.966 Loaded shared library C:\Users\admin\.cursor\extensions\redhat.java-1.42.0-win32-x64\jre\21.0.7-win32-x86_64\bin\management_ext.dll
Event: 2.107 Loaded shared library C:\Users\admin\AppData\Local\Temp\jna-92668751\jna15624501456562466247.dll
Event: 3.770 Loaded shared library C:\Users\admin\.gradle\native\1def1411415f61bf3af743bc5b6707747c0891f09f0c88961ee8f79bc544acac\windows-amd64\native-platform.dll
Event: 5.513 Loaded shared library C:\Users\admin\.cursor\extensions\redhat.java-1.42.0-win32-x64\jre\21.0.7-win32-x86_64\bin\extnet.dll
Event: 7.104 Loaded shared library C:\Users\admin\.cursor\extensions\redhat.java-1.42.0-win32-x64\jre\21.0.7-win32-x86_64\bin\sunmscapi.dll

Deoptimization events (20 events):
Event: 7.108 Thread 0x000001637602ec40 Uncommon trap: trap_request=0xffffff45 fr.pc=0x0000016362ce4ae0 relative=0x00000000000008a0
Event: 7.108 Thread 0x000001637602ec40 Uncommon trap: reason=unstable_if action=reinterpret pc=0x0000016362ce4ae0 method=java.util.HashMap.computeIfAbsent(Ljava/lang/Object;Ljava/util/function/Function;)Ljava/lang/Object; @ 294 c2
Event: 7.108 Thread 0x000001637602ec40 DEOPT PACKING pc=0x0000016362ce4ae0 sp=0x0000000cb05fbf60
Event: 7.108 Thread 0x000001637602ec40 DEOPT UNPACKING pc=0x0000016362533aa2 sp=0x0000000cb05fbf08 mode 2
Event: 7.115 Thread 0x000001637602ec40 Uncommon trap: trap_request=0xffffff45 fr.pc=0x0000016362f91d44 relative=0x0000000000000b84
Event: 7.115 Thread 0x000001637602ec40 Uncommon trap: reason=unstable_if action=reinterpret pc=0x0000016362f91d44 method=sun.nio.fs.WindowsPath.openForReadAttributeAccess(Z)J @ 5 c2
Event: 7.115 Thread 0x000001637602ec40 DEOPT PACKING pc=0x0000016362f91d44 sp=0x0000000cb05fdae0
Event: 7.115 Thread 0x000001637602ec40 DEOPT UNPACKING pc=0x0000016362533aa2 sp=0x0000000cb05fdab8 mode 2
Event: 7.115 Thread 0x000001637602ec40 Uncommon trap: trap_request=0xffffff45 fr.pc=0x0000016362f96788 relative=0x0000000000000a68
Event: 7.115 Thread 0x000001637602ec40 Uncommon trap: reason=unstable_if action=reinterpret pc=0x0000016362f96788 method=sun.nio.fs.WindowsNativeDispatcher.asNativeBuffer(Ljava/lang/String;)Lsun/nio/fs/NativeBuffer; @ 52 c2
Event: 7.115 Thread 0x000001637602ec40 DEOPT PACKING pc=0x0000016362f96788 sp=0x0000000cb05fda60
Event: 7.115 Thread 0x000001637602ec40 DEOPT UNPACKING pc=0x0000016362533aa2 sp=0x0000000cb05fd908 mode 2
Event: 7.115 Thread 0x000001637602ec40 Uncommon trap: trap_request=0xffffff45 fr.pc=0x0000016362f8fd30 relative=0x0000000000000650
Event: 7.115 Thread 0x000001637602ec40 Uncommon trap: reason=unstable_if action=reinterpret pc=0x0000016362f8fd30 method=sun.nio.fs.WindowsFileAttributes.isReparsePoint(I)Z @ 5 c2
Event: 7.115 Thread 0x000001637602ec40 DEOPT PACKING pc=0x0000016362f8fd30 sp=0x0000000cb05fdb00
Event: 7.115 Thread 0x000001637602ec40 DEOPT UNPACKING pc=0x0000016362533aa2 sp=0x0000000cb05fda28 mode 2
Event: 7.115 Thread 0x000001637602ec40 Uncommon trap: trap_request=0xffffff45 fr.pc=0x0000016362f6cb04 relative=0x00000000000001c4
Event: 7.115 Thread 0x000001637602ec40 Uncommon trap: reason=unstable_if action=reinterpret pc=0x0000016362f6cb04 method=sun.nio.fs.NativeBuffers.getNativeBufferFromCache(I)Lsun/nio/fs/NativeBuffer; @ 34 c2
Event: 7.115 Thread 0x000001637602ec40 DEOPT PACKING pc=0x0000016362f6cb04 sp=0x0000000cb05fda10
Event: 7.115 Thread 0x000001637602ec40 DEOPT UNPACKING pc=0x0000016362533aa2 sp=0x0000000cb05fd998 mode 2

Classes loaded (20 events):
Event: 7.111 Loading class sun/security/provider/certpath/ldap/JdkLDAP$ProviderService
Event: 7.111 Loading class sun/security/provider/certpath/ldap/JdkLDAP$ProviderService done
Event: 7.111 Loading class com/sun/security/sasl/Provider
Event: 7.111 Loading class com/sun/security/sasl/Provider done
Event: 7.111 Loading class com/sun/security/sasl/Provider$1
Event: 7.112 Loading class com/sun/security/sasl/Provider$1 done
Event: 7.112 Loading class com/sun/security/sasl/Provider$ProviderService
Event: 7.112 Loading class com/sun/security/sasl/Provider$ProviderService done
Event: 7.113 Loading class sun/nio/ch/ServerSocketChannelImpl
Event: 7.113 Loading class sun/nio/ch/ServerSocketChannelImpl done
Event: 7.114 Loading class java/nio/BufferMismatch
Event: 7.114 Loading class java/nio/BufferMismatch done
Event: 7.114 Loading class sun/nio/ch/SourceChannelImpl
Event: 7.115 Loading class java/nio/channels/Pipe$SourceChannel
Event: 7.115 Loading class java/nio/channels/Pipe$SourceChannel done
Event: 7.115 Loading class sun/nio/ch/SourceChannelImpl done
Event: 7.115 Loading class sun/nio/ch/SinkChannelImpl
Event: 7.115 Loading class java/nio/channels/Pipe$SinkChannel
Event: 7.115 Loading class java/nio/channels/Pipe$SinkChannel done
Event: 7.115 Loading class sun/nio/ch/SinkChannelImpl done

Classes unloaded (7 events):
Event: 1.670 Thread 0x000001636c2740d0 Unloading class 0x00000163011a3c00 'java/lang/invoke/LambdaForm$MH+0x00000163011a3c00'
Event: 1.670 Thread 0x000001636c2740d0 Unloading class 0x00000163011a3800 'java/lang/invoke/LambdaForm$MH+0x00000163011a3800'
Event: 1.670 Thread 0x000001636c2740d0 Unloading class 0x00000163011a3400 'java/lang/invoke/LambdaForm$MH+0x00000163011a3400'
Event: 1.670 Thread 0x000001636c2740d0 Unloading class 0x00000163011a3000 'java/lang/invoke/LambdaForm$MH+0x00000163011a3000'
Event: 1.670 Thread 0x000001636c2740d0 Unloading class 0x00000163011a2c00 'java/lang/invoke/LambdaForm$BMH+0x00000163011a2c00'
Event: 1.670 Thread 0x000001636c2740d0 Unloading class 0x00000163011a2800 'java/lang/invoke/LambdaForm$DMH+0x00000163011a2800'
Event: 1.670 Thread 0x000001636c2740d0 Unloading class 0x00000163011a1400 'java/lang/invoke/LambdaForm$DMH+0x00000163011a1400'

Classes redefined (0 events):
No events

Internal exceptions (20 events):
Event: 5.558 Thread 0x000001637602ec40 Exception <a 'java/lang/NoSuchMethodError'{0x00000000eb662af8}: 'java.lang.Object java.lang.invoke.DirectMethodHandle$Holder.invokeStatic(java.lang.Object, java.lang.Object, java.lang.Object, java.lang.Object, java.lang.Object, java.lang.Object, java.lang.Object, java.lang.Object, java.lang.Object, java.lang.Object, java.lang.Object, java.lang.Object, java.lang.Object, java.lang.Object, java.lang.Object, java.lang.Object, java.lang.Object)'> (0x00000000eb662af8) 
thrown [s\src\hotspot\share\interpreter\lin
Event: 5.559 Thread 0x000001637602ec40 Exception <a 'java/lang/NoSuchMethodError'{0x00000000eb68f650}: 'java.lang.Object java.lang.invoke.DirectMethodHandle$Holder.invokeStatic(java.lang.Object, java.lang.Object, java.lang.Object, java.lang.Object, java.lang.Object, java.lang.Object, java.lang.Object, java.lang.Object, java.lang.Object, java.lang.Object, java.lang.Object, java.lang.Object, java.lang.Object, java.lang.Object, java.lang.Object, java.lang.Object, java.lang.Object, java.lang.Object)'> (0x00000000eb68f650) 
thrown [s\src\hotspot\sha
Event: 5.560 Thread 0x000001637602ec40 Exception <a 'java/lang/NoSuchMethodError'{0x00000000eb6bde20}: 'java.lang.Object java.lang.invoke.DirectMethodHandle$Holder.invokeStatic(java.lang.Object, java.lang.Object, java.lang.Object, java.lang.Object, java.lang.Object, java.lang.Object, java.lang.Object, java.lang.Object, java.lang.Object, java.lang.Object, java.lang.Object, java.lang.Object, java.lang.Object, java.lang.Object, java.lang.Object, java.lang.Object, java.lang.Object, java.lang.Object, java.lang.Object)'> (0x00000000eb6bde20) 
thrown 
Event: 5.561 Thread 0x000001637602ec40 Exception <a 'java/lang/NoSuchMethodError'{0x00000000eb6ecd78}: 'java.lang.Object java.lang.invoke.DirectMethodHandle$Holder.invokeStatic(java.lang.Object, java.lang.Object, java.lang.Object, java.lang.Object, java.lang.Object, java.lang.Object, java.lang.Object, java.lang.Object, java.lang.Object, java.lang.Object, java.lang.Object, java.lang.Object, java.lang.Object, java.lang.Object, java.lang.Object, java.lang.Object, java.lang.Object, java.lang.Object, java.lang.Object, java.lang.Object)'> (0x00000000
Event: 5.562 Thread 0x000001637602ec40 Exception <a 'java/lang/NoSuchMethodError'{0x00000000eb71d650}: 'java.lang.Object java.lang.invoke.DirectMethodHandle$Holder.invokeStatic(java.lang.Object, java.lang.Object, java.lang.Object, java.lang.Object, java.lang.Object, java.lang.Object, java.lang.Object, java.lang.Object, java.lang.Object, java.lang.Object, java.lang.Object, java.lang.Object, java.lang.Object, java.lang.Object, java.lang.Object, java.lang.Object, java.lang.Object, java.lang.Object, java.lang.Object, java.lang.Object, java.lang.Obj
Event: 5.562 Thread 0x000001637602ec40 Exception <a 'java/lang/NoSuchMethodError'{0x00000000eb74f580}: 'java.lang.Object java.lang.invoke.DirectMethodHandle$Holder.invokeStatic(java.lang.Object, java.lang.Object, java.lang.Object, java.lang.Object, java.lang.Object, java.lang.Object, java.lang.Object, java.lang.Object, java.lang.Object, java.lang.Object, java.lang.Object, java.lang.Object, java.lang.Object, java.lang.Object, java.lang.Object, java.lang.Object, java.lang.Object, java.lang.Object, java.lang.Object, java.lang.Object, java.lang.Obj
Event: 5.563 Thread 0x000001637602ec40 Exception <a 'java/lang/NoSuchMethodError'{0x00000000eb7812b0}: 'java.lang.Object java.lang.invoke.DirectMethodHandle$Holder.invokeStatic(java.lang.Object, java.lang.Object, java.lang.Object, java.lang.Object, java.lang.Object, java.lang.Object, java.lang.Object, java.lang.Object, java.lang.Object, java.lang.Object, java.lang.Object, java.lang.Object, java.lang.Object, java.lang.Object, java.lang.Object, java.lang.Object, java.lang.Object, java.lang.Object, java.lang.Object, java.lang.Object, java.lang.Obj
Event: 5.564 Thread 0x000001637602ec40 Exception <a 'java/lang/NoSuchMethodError'{0x00000000eb7b3a60}: 'java.lang.Object java.lang.invoke.DirectMethodHandle$Holder.invokeStatic(java.lang.Object, java.lang.Object, java.lang.Object, java.lang.Object, java.lang.Object, java.lang.Object, java.lang.Object, java.lang.Object, java.lang.Object, java.lang.Object, java.lang.Object, java.lang.Object, java.lang.Object, java.lang.Object, java.lang.Object, java.lang.Object, java.lang.Object, java.lang.Object, java.lang.Object, java.lang.Object, java.lang.Obj
Event: 5.565 Thread 0x000001637602ec40 Exception <a 'java/lang/NoSuchMethodError'{0x00000000eb7e80c0}: 'java.lang.Object java.lang.invoke.DirectMethodHandle$Holder.invokeStatic(java.lang.Object, java.lang.Object, java.lang.Object, java.lang.Object, java.lang.Object, java.lang.Object, java.lang.Object, java.lang.Object, java.lang.Object, java.lang.Object, java.lang.Object, java.lang.Object, java.lang.Object, java.lang.Object, java.lang.Object, java.lang.Object, java.lang.Object, java.lang.Object, java.lang.Object, java.lang.Object, java.lang.Obj
Event: 5.567 Thread 0x000001637602ec40 Exception <a 'java/lang/NoSuchMethodError'{0x00000000eb80dc60}: 'java.lang.Object java.lang.invoke.DirectMethodHandle$Holder.invokeSpecial(java.lang.Object, java.lang.Object, java.lang.Object, java.lang.Object, java.lang.Object, java.lang.Object, java.lang.Object, java.lang.Object, java.lang.Object, java.lang.Object, java.lang.Object, java.lang.Object, java.lang.Object, java.lang.Object, java.lang.Object, java.lang.Object, java.lang.Object, java.lang.Object, java.lang.Object, java.lang.Object, java.lang.Ob
Event: 5.567 Thread 0x000001637602ec40 Exception <a 'java/lang/NoSuchMethodError'{0x00000000eb823448}: 'java.lang.Object java.lang.invoke.DirectMethodHandle$Holder.newInvokeSpecial(java.lang.Object, java.lang.Object, java.lang.Object, java.lang.Object, java.lang.Object, java.lang.Object, java.lang.Object, java.lang.Object, java.lang.Object, java.lang.Object, java.lang.Object, java.lang.Object, java.lang.Object, java.lang.Object, java.lang.Object, java.lang.Object, java.lang.Object, java.lang.Object, java.lang.Object, java.lang.Object, java.lang
Event: 5.567 Thread 0x000001637602ec40 Exception <a 'java/lang/NoSuchMethodError'{0x00000000eb829640}: 'java.lang.Object java.lang.invoke.Invokers$Holder.linkToTargetMethod(java.lang.Object, java.lang.Object, java.lang.Object, java.lang.Object, java.lang.Object, java.lang.Object, java.lang.Object, java.lang.Object, java.lang.Object, java.lang.Object, java.lang.Object, java.lang.Object, java.lang.Object, java.lang.Object, java.lang.Object, java.lang.Object, java.lang.Object, java.lang.Object, java.lang.Object, java.lang.Object, java.lang.Object,
Event: 5.567 Thread 0x000001637602ec40 Exception <a 'java/lang/NoSuchMethodError'{0x00000000eb82e808}: 'java.lang.Object java.lang.invoke.DirectMethodHandle$Holder.invokeVirtual(java.lang.Object, java.lang.Object, java.lang.Object, java.lang.Object, java.lang.Object, java.lang.Object, java.lang.Object, java.lang.Object, java.lang.Object, java.lang.Object)'> (0x00000000eb82e808) 
thrown [s\src\hotspot\share\interpreter\linkResolver.cpp, line 773]
Event: 5.579 Thread 0x000001637602ec40 Exception <a 'java/lang/NoSuchMethodError'{0x00000000eb9c8c50}: 'java.lang.Object java.lang.invoke.DirectMethodHandle$Holder.invokeVirtual(java.lang.Object, java.lang.Object, java.lang.Object, java.lang.Object, java.lang.Object, java.lang.Object, java.lang.Object, java.lang.Object, java.lang.Object)'> (0x00000000eb9c8c50) 
thrown [s\src\hotspot\share\interpreter\linkResolver.cpp, line 773]
Event: 5.592 Thread 0x000001637602ec40 Exception <a 'java/lang/NoSuchMethodError'{0x00000000ead0d6e0}: 'java.lang.Object java.lang.invoke.DirectMethodHandle$Holder.invokeVirtual(java.lang.Object, java.lang.Object, java.lang.Object, java.lang.Object, java.lang.Object, java.lang.Object, java.lang.Object, java.lang.Object)'> (0x00000000ead0d6e0) 
thrown [s\src\hotspot\share\interpreter\linkResolver.cpp, line 773]
Event: 5.594 Thread 0x000001637602ec40 Exception <a 'java/lang/NoSuchMethodError'{0x00000000ead84a30}: 'long java.lang.invoke.DirectMethodHandle$Holder.invokeVirtual(java.lang.Object, java.lang.Object)'> (0x00000000ead84a30) 
thrown [s\src\hotspot\share\interpreter\linkResolver.cpp, line 773]
Event: 5.594 Thread 0x000001637602ec40 Exception <a 'java/lang/NoSuchMethodError'{0x00000000ead87e30}: 'long java.lang.invoke.DelegatingMethodHandle$Holder.reinvoke_L(java.lang.Object, java.lang.Object)'> (0x00000000ead87e30) 
thrown [s\src\hotspot\share\interpreter\linkResolver.cpp, line 773]
Event: 5.681 Thread 0x000001637602b7c0 Exception <a 'java/lang/NoSuchMethodError'{0x00000000eb42a458}: 'void java.lang.invoke.DirectMethodHandle$Holder.invokeStatic(java.lang.Object, long)'> (0x00000000eb42a458) 
thrown [s\src\hotspot\share\interpreter\linkResolver.cpp, line 773]
Event: 5.764 Thread 0x000001637602b7c0 Exception <a 'java/lang/NoSuchMethodError'{0x00000000eb44e2b0}: 'void java.lang.invoke.DirectMethodHandle$Holder.invokeSpecial(java.lang.Object, java.lang.Object, int)'> (0x00000000eb44e2b0) 
thrown [s\src\hotspot\share\interpreter\linkResolver.cpp, line 773]
Event: 5.764 Thread 0x000001637602b7c0 Exception <a 'java/lang/NoSuchMethodError'{0x00000000eb4536d8}: 'java.lang.Object java.lang.invoke.DirectMethodHandle$Holder.newInvokeSpecial(java.lang.Object, java.lang.Object, int)'> (0x00000000eb4536d8) 
thrown [s\src\hotspot\share\interpreter\linkResolver.cpp, line 773]

ZGC Phase Switch (0 events):
No events

VM Operations (20 events):
Event: 5.317 Executing VM operation: ParallelGCFailedAllocation (Allocation Failure)
Event: 5.318 Executing VM operation: ParallelGCFailedAllocation (Allocation Failure) done
Event: 5.374 Executing VM operation: ParallelGCFailedAllocation (Allocation Failure)
Event: 5.374 Executing VM operation: ParallelGCFailedAllocation (Allocation Failure) done
Event: 5.425 Executing VM operation: ParallelGCFailedAllocation (Allocation Failure)
Event: 5.425 Executing VM operation: ParallelGCFailedAllocation (Allocation Failure) done
Event: 5.470 Executing VM operation: ParallelGCFailedAllocation (Allocation Failure)
Event: 5.471 Executing VM operation: ParallelGCFailedAllocation (Allocation Failure) done
Event: 5.580 Executing VM operation: ParallelGCFailedAllocation (Allocation Failure)
Event: 5.580 Executing VM operation: ParallelGCFailedAllocation (Allocation Failure) done
Event: 5.583 Executing VM operation: HandshakeAllThreads (Deoptimize)
Event: 5.583 Executing VM operation: HandshakeAllThreads (Deoptimize) done
Event: 5.805 Executing VM operation: ParallelGCFailedAllocation (Allocation Failure)
Event: 5.806 Executing VM operation: ParallelGCFailedAllocation (Allocation Failure) done
Event: 5.877 Executing VM operation: HandshakeAllThreads (Deoptimize)
Event: 5.877 Executing VM operation: HandshakeAllThreads (Deoptimize) done
Event: 6.877 Executing VM operation: Cleanup
Event: 6.877 Executing VM operation: Cleanup done
Event: 7.096 Executing VM operation: HandshakeAllThreads (Deoptimize)
Event: 7.096 Executing VM operation: HandshakeAllThreads (Deoptimize) done

Memory protections (0 events):
No events

Nmethod flushes (20 events):
Event: 4.842 Thread 0x000001636c2740d0 flushing  nmethod 0x000001635ba0a810
Event: 4.842 Thread 0x000001636c2740d0 flushing  nmethod 0x000001635ba0c110
Event: 4.842 Thread 0x000001636c2740d0 flushing  nmethod 0x000001635ba16490
Event: 4.842 Thread 0x000001636c2740d0 flushing  nmethod 0x000001635ba2c390
Event: 4.842 Thread 0x000001636c2740d0 flushing  nmethod 0x000001635ba40710
Event: 4.842 Thread 0x000001636c2740d0 flushing  nmethod 0x000001635ba43410
Event: 4.842 Thread 0x000001636c2740d0 flushing  nmethod 0x000001635ba5cd10
Event: 4.842 Thread 0x000001636c2740d0 flushing  nmethod 0x000001635ba5d710
Event: 4.842 Thread 0x000001636c2740d0 flushing  nmethod 0x000001635ba5db90
Event: 4.842 Thread 0x000001636c2740d0 flushing  nmethod 0x000001635ba5df90
Event: 4.842 Thread 0x000001636c2740d0 flushing  nmethod 0x000001635ba5fa90
Event: 4.842 Thread 0x000001636c2740d0 flushing  nmethod 0x000001635ba61890
Event: 4.842 Thread 0x000001636c2740d0 flushing  nmethod 0x000001635ba62290
Event: 4.842 Thread 0x000001636c2740d0 flushing  nmethod 0x000001635ba64a10
Event: 4.842 Thread 0x000001636c2740d0 flushing  nmethod 0x000001635ba6de90
Event: 4.842 Thread 0x000001636c2740d0 flushing  nmethod 0x000001635ba7d990
Event: 4.842 Thread 0x000001636c2740d0 flushing  nmethod 0x000001635ba8ba10
Event: 4.842 Thread 0x000001636c2740d0 flushing  nmethod 0x000001635bad0490
Event: 4.842 Thread 0x000001636c2740d0 flushing  nmethod 0x000001635bad0b10
Event: 4.842 Thread 0x000001636c2740d0 flushing  nmethod 0x000001635bad2190

Events (20 events):
Event: 4.429 Thread 0x0000016374da3410 Thread added: 0x000001637602cb70
Event: 4.430 Thread 0x0000016374da3410 Thread added: 0x000001637602b7c0
Event: 4.440 Thread 0x000001637602b7c0 Thread exited: 0x000001637602b7c0
Event: 4.440 Thread 0x0000016374da3410 Thread added: 0x000001637602aaa0
Event: 4.441 Thread 0x0000016374da3410 Thread added: 0x000001637602ec40
Event: 5.601 Thread 0x000001637602ec40 Thread added: 0x000001637602e5b0
Event: 5.676 Thread 0x000001637602ec40 Thread added: 0x000001637602b7c0
Event: 5.683 Thread 0x000001637602b7c0 Thread added: 0x0000016376b4be50
Event: 5.683 Thread 0x000001637602b7c0 Thread added: 0x0000016376b4d890
Event: 5.779 Thread 0x0000016374846860 Thread exited: 0x0000016374846860
Event: 5.805 Thread 0x000001637602ec40 Thread added: 0x0000016376b4b7c0
Event: 5.810 Thread 0x0000016376b4b7c0 Thread added: 0x0000016376b4b130
Event: 5.811 Thread 0x0000016376b4b7c0 Thread added: 0x0000016376b4d200
Event: 5.811 Thread 0x0000016376b4b130 Thread exited: 0x0000016376b4b130
Event: 5.876 Thread 0x000001636d8db6d0 Thread exited: 0x000001636d8db6d0
Event: 5.876 Thread 0x0000016375025870 Thread exited: 0x0000016375025870
Event: 6.343 Thread 0x000001636d849240 Thread exited: 0x000001636d849240
Event: 6.583 Thread 0x0000016374da2060 Thread exited: 0x0000016374da2060
Event: 7.081 Thread 0x0000016376b4b7c0 Thread exited: 0x0000016376b4b7c0
Event: 7.081 Thread 0x0000016376b4d200 Thread exited: 0x0000016376b4d200


Dynamic libraries:
0x00007ff7d0960000 - 0x00007ff7d096e000 	c:\Users\admin\.cursor\extensions\redhat.java-1.42.0-win32-x64\jre\21.0.7-win32-x86_64\bin\java.exe
0x00007ff8f0da0000 - 0x00007ff8f1006000 	C:\WINDOWS\SYSTEM32\ntdll.dll
0x00007ff8eeec0000 - 0x00007ff8eef89000 	C:\WINDOWS\System32\KERNEL32.DLL
0x00007ff8ee410000 - 0x00007ff8ee7dc000 	C:\WINDOWS\System32\KERNELBASE.dll
0x00007ff8edfd0000 - 0x00007ff8ee11b000 	C:\WINDOWS\System32\ucrtbase.dll
0x00007ff8c73c0000 - 0x00007ff8c73de000 	c:\Users\admin\.cursor\extensions\redhat.java-1.42.0-win32-x64\jre\21.0.7-win32-x86_64\bin\VCRUNTIME140.dll
0x00007ff8cea30000 - 0x00007ff8cea48000 	c:\Users\admin\.cursor\extensions\redhat.java-1.42.0-win32-x64\jre\21.0.7-win32-x86_64\bin\jli.dll
0x00007ff8f0aa0000 - 0x00007ff8f0c6a000 	C:\WINDOWS\System32\USER32.dll
0x00007ff8ee120000 - 0x00007ff8ee147000 	C:\WINDOWS\System32\win32u.dll
0x00007ff8f0440000 - 0x00007ff8f046b000 	C:\WINDOWS\System32\GDI32.dll
0x00007ff8db710000 - 0x00007ff8db9aa000 	C:\WINDOWS\WinSxS\amd64_microsoft.windows.common-controls_6595b64144ccf1df_6.0.26100.3912_none_3e07963ce335137e\COMCTL32.dll
0x00007ff8ee2d0000 - 0x00007ff8ee402000 	C:\WINDOWS\System32\gdi32full.dll
0x00007ff8eeb60000 - 0x00007ff8eec09000 	C:\WINDOWS\System32\msvcrt.dll
0x00007ff8eea20000 - 0x00007ff8eeac3000 	C:\WINDOWS\System32\msvcp_win.dll
0x00007ff8f0c70000 - 0x00007ff8f0ca0000 	C:\WINDOWS\System32\IMM32.DLL
0x00007ff8d6ca0000 - 0x00007ff8d6cac000 	c:\Users\admin\.cursor\extensions\redhat.java-1.42.0-win32-x64\jre\21.0.7-win32-x86_64\bin\vcruntime140_1.dll
0x00007ff8c1570000 - 0x00007ff8c15fd000 	c:\Users\admin\.cursor\extensions\redhat.java-1.42.0-win32-x64\jre\21.0.7-win32-x86_64\bin\msvcp140.dll
0x00007ff845fd0000 - 0x00007ff846d60000 	c:\Users\admin\.cursor\extensions\redhat.java-1.42.0-win32-x64\jre\21.0.7-win32-x86_64\bin\server\jvm.dll
0x00007ff8f0140000 - 0x00007ff8f01f2000 	C:\WINDOWS\System32\ADVAPI32.dll
0x00007ff8f0cb0000 - 0x00007ff8f0d56000 	C:\WINDOWS\System32\sechost.dll
0x00007ff8efb60000 - 0x00007ff8efc76000 	C:\WINDOWS\System32\RPCRT4.dll
0x00007ff8ef340000 - 0x00007ff8ef3b4000 	C:\WINDOWS\System32\WS2_32.dll
0x00007ff8edda0000 - 0x00007ff8eddfe000 	C:\WINDOWS\SYSTEM32\POWRPROF.dll
0x00007ff8ea6e0000 - 0x00007ff8ea6eb000 	C:\WINDOWS\SYSTEM32\VERSION.dll
0x00007ff8e4950000 - 0x00007ff8e4986000 	C:\WINDOWS\SYSTEM32\WINMM.dll
0x00007ff8edd80000 - 0x00007ff8edd94000 	C:\WINDOWS\SYSTEM32\UMPDC.dll
0x00007ff8eccf0000 - 0x00007ff8ecd0a000 	C:\WINDOWS\SYSTEM32\kernel.appcore.dll
0x00007ff8d6650000 - 0x00007ff8d665a000 	c:\Users\admin\.cursor\extensions\redhat.java-1.42.0-win32-x64\jre\21.0.7-win32-x86_64\bin\jimage.dll
0x00007ff89bae0000 - 0x00007ff89bd21000 	C:\WINDOWS\SYSTEM32\DBGHELP.DLL
0x00007ff8eef90000 - 0x00007ff8ef314000 	C:\WINDOWS\System32\combase.dll
0x00007ff8f0050000 - 0x00007ff8f0130000 	C:\WINDOWS\System32\OLEAUT32.dll
0x00007ff8d7240000 - 0x00007ff8d7279000 	C:\WINDOWS\SYSTEM32\dbgcore.DLL
0x00007ff8edf30000 - 0x00007ff8edfc9000 	C:\WINDOWS\System32\bcryptPrimitives.dll
0x00007ff8d5d00000 - 0x00007ff8d5d0f000 	c:\Users\admin\.cursor\extensions\redhat.java-1.42.0-win32-x64\jre\21.0.7-win32-x86_64\bin\instrument.dll
0x00007ff8c5200000 - 0x00007ff8c521f000 	c:\Users\admin\.cursor\extensions\redhat.java-1.42.0-win32-x64\jre\21.0.7-win32-x86_64\bin\java.dll
0x00007ff8ef430000 - 0x00007ff8efb5d000 	C:\WINDOWS\System32\SHELL32.dll
0x00007ff8ee150000 - 0x00007ff8ee2c4000 	C:\WINDOWS\System32\wintypes.dll
0x00007ff8ebbe0000 - 0x00007ff8ec436000 	C:\WINDOWS\SYSTEM32\windows.storage.dll
0x00007ff8eedc0000 - 0x00007ff8eeeaf000 	C:\WINDOWS\System32\SHCORE.dll
0x00007ff8ef3c0000 - 0x00007ff8ef429000 	C:\WINDOWS\System32\shlwapi.dll
0x00007ff8ede10000 - 0x00007ff8ede3f000 	C:\WINDOWS\SYSTEM32\profapi.dll
0x00007ff8c4460000 - 0x00007ff8c4478000 	c:\Users\admin\.cursor\extensions\redhat.java-1.42.0-win32-x64\jre\21.0.7-win32-x86_64\bin\zip.dll
0x00007ff8d5f80000 - 0x00007ff8d5f90000 	C:\Users\admin\.cursor\extensions\redhat.java-1.42.0-win32-x64\jre\21.0.7-win32-x86_64\bin\net.dll
0x00007ff8e8a60000 - 0x00007ff8e8b7e000 	C:\WINDOWS\SYSTEM32\WINHTTP.dll
0x0000000180000000 - 0x000000018008c000 	C:\WINDOWS\system32\ASProxy64.dll
0x00007ff8efc80000 - 0x00007ff8efe1f000 	C:\WINDOWS\System32\ole32.dll
0x00007ff8ed260000 - 0x00007ff8ed2ca000 	C:\WINDOWS\SYSTEM32\MSWSOCK.dll
0x00007ff8ec730000 - 0x00007ff8ec763000 	C:\WINDOWS\SYSTEM32\IPHLPAPI.DLL
0x00007ff8ecf90000 - 0x00007ff8ecfd8000 	C:\WINDOWS\SYSTEM32\SspiCli.dll
0x00007ff8c3e00000 - 0x00007ff8c3e16000 	C:\Users\admin\.cursor\extensions\redhat.java-1.42.0-win32-x64\jre\21.0.7-win32-x86_64\bin\nio.dll
0x00007ff8d3a60000 - 0x00007ff8d3a70000 	c:\Users\admin\.cursor\extensions\redhat.java-1.42.0-win32-x64\jre\21.0.7-win32-x86_64\bin\verify.dll
0x00007ff8eb200000 - 0x00007ff8eb2af000 	C:\WINDOWS\system32\uxtheme.dll
0x00007ff8ce170000 - 0x00007ff8ce1b5000 	C:\Users\admin\AppData\Roaming\Cursor\User\globalStorage\redhat.java\1.42.0\config_win\org.eclipse.equinox.launcher\org.eclipse.equinox.launcher.win32.win32.x86_64_1.2.1300.v20250331-1702\eclipse_11911.dll
0x00007ff8ed510000 - 0x00007ff8ed52c000 	C:\WINDOWS\SYSTEM32\CRYPTSP.dll
0x00007ff8ecc50000 - 0x00007ff8ecc8a000 	C:\WINDOWS\system32\rsaenh.dll
0x00007ff8ed300000 - 0x00007ff8ed32b000 	C:\WINDOWS\SYSTEM32\USERENV.dll
0x00007ff8ede50000 - 0x00007ff8ede76000 	C:\WINDOWS\SYSTEM32\bcrypt.dll
0x00007ff8ed500000 - 0x00007ff8ed50c000 	C:\WINDOWS\SYSTEM32\CRYPTBASE.dll
0x00007ff8eedb0000 - 0x00007ff8eedba000 	C:\WINDOWS\System32\NSI.dll
0x00007ff8d3bd0000 - 0x00007ff8d3bda000 	C:\Users\admin\.cursor\extensions\redhat.java-1.42.0-win32-x64\jre\21.0.7-win32-x86_64\bin\management.dll
0x00007ff8d37b0000 - 0x00007ff8d37bb000 	C:\Users\admin\.cursor\extensions\redhat.java-1.42.0-win32-x64\jre\21.0.7-win32-x86_64\bin\management_ext.dll
0x00007ff8f0040000 - 0x00007ff8f0048000 	C:\WINDOWS\System32\PSAPI.DLL
0x00007ff8cdd90000 - 0x00007ff8cddd9000 	C:\Users\admin\AppData\Local\Temp\jna-92668751\jna15624501456562466247.dll
0x00007ff8e86b0000 - 0x00007ff8e86cf000 	C:\WINDOWS\SYSTEM32\dhcpcsvc6.DLL
0x00007ff8e7810000 - 0x00007ff8e7835000 	C:\WINDOWS\SYSTEM32\dhcpcsvc.DLL
0x00007ff8cdd60000 - 0x00007ff8cdd87000 	C:\Users\admin\.gradle\native\1def1411415f61bf3af743bc5b6707747c0891f09f0c88961ee8f79bc544acac\windows-amd64\native-platform.dll
0x00007ff8d3250000 - 0x00007ff8d3259000 	C:\Users\admin\.cursor\extensions\redhat.java-1.42.0-win32-x64\jre\21.0.7-win32-x86_64\bin\extnet.dll
0x00007ff8cd780000 - 0x00007ff8cd78e000 	C:\Users\admin\.cursor\extensions\redhat.java-1.42.0-win32-x64\jre\21.0.7-win32-x86_64\bin\sunmscapi.dll
0x00007ff8ee7e0000 - 0x00007ff8ee957000 	C:\WINDOWS\System32\CRYPT32.dll
0x00007ff8ed710000 - 0x00007ff8ed740000 	C:\WINDOWS\SYSTEM32\ncrypt.dll
0x00007ff8ed6c0000 - 0x00007ff8ed6ff000 	C:\WINDOWS\SYSTEM32\NTASN1.dll
0x00007ff8cd2f0000 - 0x00007ff8cd2f8000 	C:\WINDOWS\system32\wshunix.dll

dbghelp: loaded successfully - version: 4.0.5 - missing functions: none
symbol engine: initialized successfully - sym options: 0x614 - pdb path: .;c:\Users\admin\.cursor\extensions\redhat.java-1.42.0-win32-x64\jre\21.0.7-win32-x86_64\bin;C:\WINDOWS\SYSTEM32;C:\WINDOWS\WinSxS\amd64_microsoft.windows.common-controls_6595b64144ccf1df_6.0.26100.3912_none_3e07963ce335137e;c:\Users\admin\.cursor\extensions\redhat.java-1.42.0-win32-x64\jre\21.0.7-win32-x86_64\bin\server;C:\Users\admin\AppData\Roaming\Cursor\User\globalStorage\redhat.java\1.42.0\config_win\org.eclipse.equinox.launcher\org.eclipse.equinox.launcher.win32.win32.x86_64_1.2.1300.v20250331-1702;C:\Users\admin\AppData\Local\Temp\jna-92668751;C:\Users\admin\.gradle\native\1def1411415f61bf3af743bc5b6707747c0891f09f0c88961ee8f79bc544acac\windows-amd64

VM Arguments:
jvm_args: --add-modules=ALL-SYSTEM --add-opens=java.base/java.util=ALL-UNNAMED --add-opens=java.base/java.lang=ALL-UNNAMED --add-opens=java.base/sun.nio.fs=ALL-UNNAMED -Declipse.application=org.eclipse.jdt.ls.core.id1 -Dosgi.bundles.defaultStartLevel=4 -Declipse.product=org.eclipse.jdt.ls.core.product -Djava.import.generatesMetadataFilesAtProjectRoot=false -DDetectVMInstallationsJob.disabled=true -Dfile.encoding=utf8 -XX:+UseParallelGC -XX:GCTimeRatio=4 -XX:AdaptiveSizePolicyWeight=90 -Dsun.zip.disableMemoryMapping=true -Xmx1G -Xms100m -Xlog:disable -javaagent:c:\Users\admin\.cursor\extensions\redhat.java-1.42.0-win32-x64\lombok\lombok-1.18.36.jar -XX:+HeapDumpOnOutOfMemoryError -XX:HeapDumpPath=c:\Users\admin\AppData\Roaming\Cursor\User\workspaceStorage\0426a641ec518546e312a5bf184515bb\redhat.java -Daether.dependencyCollector.impl=bf 
java_command: c:\Users\admin\.cursor\extensions\redhat.java-1.42.0-win32-x64\server\plugins\org.eclipse.equinox.launcher_1.7.0.v20250424-1814.jar -configuration c:\Users\admin\AppData\Roaming\Cursor\User\globalStorage\redhat.java\1.42.0\config_win -data c:\Users\admin\AppData\Roaming\Cursor\User\workspaceStorage\0426a641ec518546e312a5bf184515bb\redhat.java\jdt_ws --pipe=\\.\pipe\lsp-9bd3744ac365ac685f9d8a513c57f933-sock
java_class_path (initial): c:\Users\admin\.cursor\extensions\redhat.java-1.42.0-win32-x64\server\plugins\org.eclipse.equinox.launcher_1.7.0.v20250424-1814.jar
Launcher Type: SUN_STANDARD

[Global flags]
    uintx AdaptiveSizePolicyWeight                 = 90                                        {product} {command line}
     intx CICompilerCount                          = 12                                        {product} {ergonomic}
    uintx GCTimeRatio                              = 4                                         {product} {command line}
     bool HeapDumpOnOutOfMemoryError               = true                                   {manageable} {command line}
    ccstr HeapDumpPath                             = c:\Users\admin\AppData\Roaming\Cursor\User\workspaceStorage\0426a641ec518546e312a5bf184515bb\redhat.java         {manageable} {command line}
   size_t InitialHeapSize                          = 104857600                                 {product} {command line}
   size_t MaxHeapSize                              = 1073741824                                {product} {command line}
   size_t MaxNewSize                               = 357564416                                 {product} {ergonomic}
   size_t MinHeapDeltaBytes                        = 524288                                    {product} {ergonomic}
   size_t MinHeapSize                              = 104857600                                 {product} {command line}
   size_t NewSize                                  = 34603008                                  {product} {ergonomic}
    uintx NonNMethodCodeHeapSize                   = 7602480                                {pd product} {ergonomic}
    uintx NonProfiledCodeHeapSize                  = 122027880                              {pd product} {ergonomic}
   size_t OldSize                                  = 70254592                                  {product} {ergonomic}
    uintx ProfiledCodeHeapSize                     = 122027880                              {pd product} {ergonomic}
    uintx ReservedCodeCacheSize                    = 251658240                              {pd product} {ergonomic}
     bool SegmentedCodeCache                       = true                                      {product} {ergonomic}
   size_t SoftMaxHeapSize                          = 1073741824                             {manageable} {ergonomic}
     bool UseCompressedOops                        = true                           {product lp64_product} {ergonomic}
     bool UseLargePagesIndividualAllocation        = false                                  {pd product} {ergonomic}
     bool UseParallelGC                            = true                                      {product} {command line}

Logging:
Log output configuration:
 #0: stdout all=off uptime,level,tags foldmultilines=false
 #1: stderr all=off uptime,level,tags foldmultilines=false

Environment Variables:
JAVA_HOME=C:\Program Files\OpenLogic\jdk-17.0.15.6-hotspot
PATH=C:\Program Files\Common Files\Oracle\Java\javapath;C:\Program Files\OpenLogic\jdk-17.0.15.6-hotspot\bin;C:\WINDOWS\system32;C:\WINDOWS;C:\WINDOWS\System32\Wbem;C:\WINDOWS\System32\WindowsPowerShell\v1.0\;C:\WINDOWS\System32\OpenSSH\;C:\Program Files\dotnet\;C:\Program Files\Microsoft SQL Server\130\Tools\Binn\;C:\Program Files\Git\cmd;C:\Users\admin\AppData\Roaming\nvm;C:\Program Files\nodejs;C:\Program Files\Microsoft SQL Server\150\Tools\Binn\;C:\Users\admin\AppData\Local\Microsoft\WindowsApps;C:\Users\admin\AppData\Roaming\npm;C:\Users\admin\AppData\Local\Programs\Microsoft VS Code\bin;C:\Users\admin\AppData\Roaming\nvm;C:\Program Files\nodejs;C:\Users\admin\AppData\Local\Android\Sdk\platform-tools;C:\Users\admin\AppData\Local\Programs\cursor\resources\app\bin;C:\;C:\Users\admin\.dotnet\tools
USERNAME=admin
OS=Windows_NT
PROCESSOR_IDENTIFIER=Intel64 Family 6 Model 165 Stepping 5, GenuineIntel
TMP=C:\Users\admin\AppData\Local\Temp
TEMP=C:\Users\admin\AppData\Local\Temp




Periodic native trim disabled

---------------  S Y S T E M  ---------------

OS:
 Windows 11 , 64 bit Build 26100 (10.0.26100.3912)
OS uptime: 3 days 0:59 hours

CPU: total 16 (initial active 16) (8 cores per cpu, 2 threads per core) family 6 model 165 stepping 5 microcode 0xec, cx8, cmov, fxsr, ht, mmx, 3dnowpref, sse, sse2, sse3, ssse3, sse4.1, sse4.2, popcnt, lzcnt, tsc, tscinvbit, avx, avx2, aes, erms, clmul, bmi1, bmi2, adx, fma, vzeroupper, clflush, clflushopt, rdtscp, f16c, pku
Processor Information for processor 0
  Max Mhz: 2901, Current Mhz: 2901, Mhz Limit: 2901
Processor Information for processor 1
  Max Mhz: 2901, Current Mhz: 1100, Mhz Limit: 2901
Processor Information for processor 2
  Max Mhz: 2901, Current Mhz: 2901, Mhz Limit: 2901
Processor Information for processor 3
  Max Mhz: 2901, Current Mhz: 1100, Mhz Limit: 2901
Processor Information for processor 4
  Max Mhz: 2901, Current Mhz: 2901, Mhz Limit: 2901
Processor Information for processor 5
  Max Mhz: 2901, Current Mhz: 1100, Mhz Limit: 2901
Processor Information for processor 6
  Max Mhz: 2901, Current Mhz: 2901, Mhz Limit: 2901
Processor Information for processor 7
  Max Mhz: 2901, Current Mhz: 2901, Mhz Limit: 2901
Processor Information for processor 8
  Max Mhz: 2901, Current Mhz: 2901, Mhz Limit: 2901
Processor Information for processor 9
  Max Mhz: 2901, Current Mhz: 1100, Mhz Limit: 2901
Processor Information for processor 10
  Max Mhz: 2901, Current Mhz: 2901, Mhz Limit: 2901
Processor Information for processor 11
  Max Mhz: 2901, Current Mhz: 1100, Mhz Limit: 2901
Processor Information for processor 12
  Max Mhz: 2901, Current Mhz: 2901, Mhz Limit: 2901
Processor Information for processor 13
  Max Mhz: 2901, Current Mhz: 1100, Mhz Limit: 2901
Processor Information for processor 14
  Max Mhz: 2901, Current Mhz: 2901, Mhz Limit: 2901
Processor Information for processor 15
  Max Mhz: 2901, Current Mhz: 1100, Mhz Limit: 2901

Memory: 4k page, system-wide physical 16096M (3002M free)
TotalPageFile size 34528M (AvailPageFile size 3986M)
current process WorkingSet (physical memory assigned to process): 281M, peak: 313M
current process commit charge ("private bytes"): 363M, peak: 395M

vm_info: OpenJDK 64-Bit Server VM (21.0.7+6-LTS) for windows-amd64 JRE (21.0.7+6-LTS), built on 2025-04-15T00:00:00Z by "admin" with MS VC++ 17.7 (VS2022)

END.
