#
# A fatal error has been detected by the Java Runtime Environment:
#
#  EXCEPTION_ACCESS_VIOLATION (0xc0000005) at pc=0x000000018000c274, pid=21584, tid=13140
#
# JRE version: OpenJDK Runtime Environment Temurin-21.0.7+6 (21.0.7+6) (build 21.0.7+6-LTS)
# Java VM: OpenJDK 64-Bit Server VM Temurin-21.0.7+6 (21.0.7+6-LTS, mixed mode, sharing, tiered, compressed oops, compressed class ptrs, parallel gc, windows-amd64)
# Problematic frame:
# C  [ASProxy64.dll+0xc274]
#
# No core dump will be written. Minidumps are not enabled by default on client versions of Windows
#
# If you would like to submit a bug report, please visit:
#   https://github.com/adoptium/adoptium-support/issues
# The crash happened outside the Java Virtual Machine in native code.
# See problematic frame for where to report the bug.
#

---------------  S U M M A R Y ------------

Command Line: --add-modules=ALL-SYSTEM --add-opens=java.base/java.util=ALL-UNNAMED --add-opens=java.base/java.lang=ALL-UNNAMED --add-opens=java.base/sun.nio.fs=ALL-UNNAMED -Declipse.application=org.eclipse.jdt.ls.core.id1 -Dosgi.bundles.defaultStartLevel=4 -Declipse.product=org.eclipse.jdt.ls.core.product -Djava.import.generatesMetadataFilesAtProjectRoot=false -DDetectVMInstallationsJob.disabled=true -Dfile.encoding=utf8 -XX:+UseParallelGC -XX:GCTimeRatio=4 -XX:AdaptiveSizePolicyWeight=90 -Dsun.zip.disableMemoryMapping=true -Xmx1G -Xms100m -Xlog:disable -javaagent:c:\Users\admin\.cursor\extensions\redhat.java-1.42.0-win32-x64\lombok\lombok-1.18.36.jar -XX:+HeapDumpOnOutOfMemoryError -XX:HeapDumpPath=c:\Users\admin\AppData\Roaming\Cursor\User\workspaceStorage\0426a641ec518546e312a5bf184515bb\redhat.java -Daether.dependencyCollector.impl=bf c:\Users\admin\.cursor\extensions\redhat.java-1.42.0-win32-x64\server\plugins\org.eclipse.equinox.launcher_1.7.0.v20250424-1814.jar -configuration c:\Users\admin\AppData\Roaming\Cursor\User\globalStorage\redhat.java\1.42.0\config_win -data c:\Users\admin\AppData\Roaming\Cursor\User\workspaceStorage\0426a641ec518546e312a5bf184515bb\redhat.java\jdt_ws --pipe=\\.\pipe\lsp-e601bbc152947118daee083139dc87be-sock

Host: Intel(R) Core(TM) i7-10700 CPU @ 2.90GHz, 16 cores, 15G,  Windows 11 , 64 bit Build 26100 (10.0.26100.3912)
Time: Wed May 21 21:29:29 2025 Eastern Daylight Time elapsed time: 7.761623 seconds (0d 0h 0m 7s)

---------------  T H R E A D  ---------------

Current thread (0x00000197d08d7100):  JavaThread "Connection worker"        [_thread_in_native, id=13140, stack(0x00000022ec800000,0x00000022ec900000) (1024K)]

Stack: [0x00000022ec800000,0x00000022ec900000],  sp=0x00000022ec8fe000,  free space=1016k
Native frames: (J=compiled Java code, j=interpreted, Vv=VM code, C=native code)
C  [ASProxy64.dll+0xc274]

Java frames: (J=compiled Java code, j=interpreted, Vv=VM code)
j  sun.nio.ch.WEPoll.ctl(JIJI)I+0 java.base@21.0.7
j  sun.nio.ch.WEPollSelectorImpl.<init>(Ljava/nio/channels/spi/SelectorProvider;)V+139 java.base@21.0.7
j  sun.nio.ch.WEPollSelectorProvider.openSelector()Ljava/nio/channels/spi/AbstractSelector;+5 java.base@21.0.7
j  java.nio.channels.Selector.open()Ljava/nio/channels/Selector;+3 java.base@21.0.7
j  org.gradle.internal.remote.internal.inet.SocketConnection$SocketInputStream.<init>(Ljava/nio/channels/SocketChannel;)V+17
j  org.gradle.internal.remote.internal.inet.SocketConnection.<init>(Ljava/nio/channels/SocketChannel;Lorg/gradle/internal/remote/internal/MessageSerializer;Lorg/gradle/internal/serialize/StatefulSerializer;)V+27
j  org.gradle.internal.remote.internal.inet.SocketConnectCompletion.create(Lorg/gradle/internal/serialize/StatefulSerializer;)Lorg/gradle/internal/remote/internal/RemoteConnection;+16
j  org.gradle.launcher.daemon.client.DefaultDaemonConnector.connectToDaemon(Lorg/gradle/launcher/daemon/context/DaemonConnectDetails;Lorg/gradle/launcher/daemon/client/DaemonClientConnection$StaleAddressDetector;)Lorg/gradle/launcher/daemon/client/DaemonClientConnection;+45
j  org.gradle.launcher.daemon.client.DefaultDaemonConnector.connectToDaemonWithId(Lorg/gradle/launcher/daemon/diagnostics/DaemonStartupInfo;Lorg/gradle/api/internal/specs/ExplainingSpec;)Lorg/gradle/launcher/daemon/client/DaemonClientConnection;+116
j  org.gradle.launcher.daemon.client.DefaultDaemonConnector.doStartDaemon(Lorg/gradle/api/internal/specs/ExplainingSpec;Z)Lorg/gradle/launcher/daemon/client/DaemonClientConnection;+61
j  org.gradle.launcher.daemon.client.DefaultDaemonConnector.startDaemon(Lorg/gradle/api/internal/specs/ExplainingSpec;)Lorg/gradle/launcher/daemon/client/DaemonClientConnection;+3
j  org.gradle.launcher.daemon.client.DaemonClient.execute(Lorg/gradle/internal/invocation/BuildAction;Lorg/gradle/launcher/exec/BuildActionParameters;Lorg/gradle/internal/daemon/client/execution/ClientBuildRequestContext;)Lorg/gradle/launcher/exec/BuildActionResult;+201
j  org.gradle.launcher.daemon.client.DaemonClient.execute(Lorg/gradle/internal/invocation/BuildAction;Ljava/lang/Object;Ljava/lang/Object;)Lorg/gradle/launcher/exec/BuildActionResult;+10
j  org.gradle.tooling.internal.provider.DaemonBuildActionExecuter.execute(Lorg/gradle/internal/invocation/BuildAction;Lorg/gradle/tooling/internal/provider/ConnectionOperationParameters;Lorg/gradle/internal/daemon/client/execution/ClientBuildRequestContext;)Lorg/gradle/launcher/exec/BuildActionResult;+72
j  org.gradle.tooling.internal.provider.DaemonBuildActionExecuter.execute(Lorg/gradle/internal/invocation/BuildAction;Ljava/lang/Object;Ljava/lang/Object;)Lorg/gradle/launcher/exec/BuildActionResult;+10
j  org.gradle.tooling.internal.provider.LoggingBridgingBuildActionExecuter.execute(Lorg/gradle/internal/invocation/BuildAction;Lorg/gradle/tooling/internal/provider/ConnectionOperationParameters;Lorg/gradle/internal/daemon/client/execution/ClientBuildRequestContext;)Lorg/gradle/launcher/exec/BuildActionResult;+77
j  org.gradle.tooling.internal.provider.LoggingBridgingBuildActionExecuter.execute(Lorg/gradle/internal/invocation/BuildAction;Ljava/lang/Object;Ljava/lang/Object;)Lorg/gradle/launcher/exec/BuildActionResult;+10
j  org.gradle.tooling.internal.provider.ProviderConnection.run(Lorg/gradle/internal/invocation/BuildAction;Lorg/gradle/initialization/BuildCancellationToken;Lorg/gradle/tooling/internal/provider/ProviderConnection$ProgressListenerConfiguration;Lorg/gradle/initialization/BuildEventConsumer;Lorg/gradle/tooling/internal/provider/connection/ProviderOperationParameters;Lorg/gradle/tooling/internal/provider/ProviderConnection$Parameters;)Ljava/lang/Object;+79
j  org.gradle.tooling.internal.provider.ProviderConnection.runPhasedAction(Lorg/gradle/tooling/internal/protocol/InternalPhasedAction;Lorg/gradle/tooling/internal/protocol/PhasedActionResultListener;Lorg/gradle/initialization/BuildCancellationToken;Lorg/gradle/tooling/internal/provider/connection/ProviderOperationParameters;)Ljava/lang/Object;+132
j  org.gradle.tooling.internal.provider.DefaultConnection.run(Lorg/gradle/tooling/internal/protocol/InternalPhasedAction;Lorg/gradle/tooling/internal/protocol/PhasedActionResultListener;Lorg/gradle/tooling/internal/protocol/InternalCancellationToken;Lorg/gradle/tooling/internal/protocol/BuildParameters;)Lorg/gradle/tooling/internal/protocol/BuildResult;+28
j  org.gradle.tooling.internal.consumer.connection.PhasedActionAwareConsumerConnection.run(Lorg/gradle/tooling/internal/consumer/PhasedBuildAction;Lorg/gradle/tooling/internal/consumer/parameters/ConsumerOperationParameters;)V+66
j  org.gradle.tooling.internal.consumer.connection.ParameterValidatingConsumerConnection.run(Lorg/gradle/tooling/internal/consumer/PhasedBuildAction;Lorg/gradle/tooling/internal/consumer/parameters/ConsumerOperationParameters;)V+11
j  org.gradle.tooling.internal.consumer.DefaultPhasedBuildActionExecuter$1.run(Lorg/gradle/tooling/internal/consumer/connection/ConsumerConnection;)Ljava/lang/Void;+12
j  org.gradle.tooling.internal.consumer.DefaultPhasedBuildActionExecuter$1.run(Lorg/gradle/tooling/internal/consumer/connection/ConsumerConnection;)Ljava/lang/Object;+2
j  org.gradle.tooling.internal.consumer.connection.LazyConsumerActionExecutor.run(Lorg/gradle/tooling/internal/consumer/connection/ConsumerAction;)Ljava/lang/Object;+34
j  org.gradle.tooling.internal.consumer.connection.CancellableConsumerActionExecutor.run(Lorg/gradle/tooling/internal/consumer/connection/ConsumerAction;)Ljava/lang/Object;+34
j  org.gradle.tooling.internal.consumer.connection.ProgressLoggingConsumerActionExecutor.run(Lorg/gradle/tooling/internal/consumer/connection/ConsumerAction;)Ljava/lang/Object;+78
j  org.gradle.tooling.internal.consumer.connection.RethrowingErrorsConsumerActionExecutor.run(Lorg/gradle/tooling/internal/consumer/connection/ConsumerAction;)Ljava/lang/Object;+5
j  org.gradle.tooling.internal.consumer.async.DefaultAsyncConsumerActionExecutor$1$1.run()V+17
j  org.gradle.internal.concurrent.ExecutorPolicy$CatchAndRecordFailures.onExecute(Ljava/lang/Runnable;)V+1
j  org.gradle.internal.concurrent.AbstractManagedExecutor$1.run()V+25
j  java.util.concurrent.ThreadPoolExecutor.runWorker(Ljava/util/concurrent/ThreadPoolExecutor$Worker;)V+92 java.base@21.0.7
j  java.util.concurrent.ThreadPoolExecutor$Worker.run()V+5 java.base@21.0.7
j  java.lang.Thread.runWith(Ljava/lang/Object;Ljava/lang/Runnable;)V+5 java.base@21.0.7
j  java.lang.Thread.run()V+19 java.base@21.0.7
v  ~StubRoutines::call_stub 0x000001978745100d

siginfo: EXCEPTION_ACCESS_VIOLATION (0xc0000005), reading address 0x0000000000000518


Registers:
RAX=0x0000000000000000, RBX=0x00000197fde38d48, RCX=0x0000000000001354, RDX=0x0000000000000002
RSP=0x00000022ec8fe000, RBP=0x0000000000000518, RSI=0x00000197d155fe00, RDI=0x0000000000000518
R8 =0x7ffffffffffffffc, R9 =0x0000000000000000, R10=0x0000000000001354, R11=0x00000197ede6da48
R12=0x00000022ec8fe240, R13=0x00000000000012b4, R14=0x00000197d155fdd0, R15=0x00000000000012b4
RIP=0x000000018000c274, EFLAGS=0x0000000000010246

XMM[0]=0x0000000000000000 0x0000000000000000
XMM[1]=0x0000000000000000 0x0000000000000000
XMM[2]=0x0000000000000000 0x0000000000000000
XMM[3]=0x0000000000000000 0x0000000000000000
XMM[4]=0x0000000000000000 0x0000000000000000
XMM[5]=0x0000000000000000 0x0000000000000000
XMM[6]=0xbdf2ec63dcf43084 0xedaa04e428eec5b3
XMM[7]=0x410cf0f63bb914e6 0x73e962ff0886c115
XMM[8]=0x0000000000000000 0x2b92d5fc9e65c8e8
XMM[9]=0x077e69e8fab2b8dd 0x1839cfea9945c10f
XMM[10]=0xffffffffffffffff 0x0b0a090803020100
XMM[11]=0x9d3cadd1b8aa04e3 0x0000000000000000
XMM[12]=0x0b0a090803020100 0xffffffffffffffff
XMM[13]=0x0c0d0e0f08090a0b 0x0405060700010203
XMM[14]=0x0000000000000000 0x6c9c4e785cd1fc34
XMM[15]=0x0000000000000000 0x00000000f035adbc
  MXCSR=0x00001fa0


Register to memory mapping:

RAX=0x0 is null
RBX=0x00000197fde38d48 points into unknown readable memory: 0x0000000000000000 | 00 00 00 00 00 00 00 00
RCX=0x0000000000001354 is an unknown value
RDX=0x0000000000000002 is an unknown value
RSP=0x00000022ec8fe000 is pointing into the stack for thread: 0x00000197d08d7100
RBP=0x0000000000000518 is an unknown value
RSI=0x00000197d155fe00 points into unknown readable memory: 0x00000197d155fe00 | 00 fe 55 d1 97 01 00 00
RDI=0x0000000000000518 is an unknown value
R8 =0x7ffffffffffffffc is an unknown value
R9 =0x0 is null
R10=0x0000000000001354 is an unknown value
R11=0x00000197ede6da48 points into unknown readable memory: 0x00000000000007d0 | d0 07 00 00 00 00 00 00
R12=0x00000022ec8fe240 is pointing into the stack for thread: 0x00000197d08d7100
R13=0x00000000000012b4 is an unknown value
R14=0x00000197d155fdd0 points into unknown readable memory: 0x0000000000000518 | 18 05 00 00 00 00 00 00
R15=0x00000000000012b4 is an unknown value

Top of Stack: (sp=0x00000022ec8fe000)
0x00000022ec8fe000:   0000000000000000 0000000000000000
0x00000022ec8fe010:   0000000000000518 000000018001f4c2
0x00000022ec8fe020:   0000000180065ec8 0000000000002736
0x00000022ec8fe030:   0000000000000003 0000000000001354
0x00000022ec8fe040:   0000000000000518 000000018000c506
0x00000022ec8fe050:   00000197fde38d48 0000000000002736
0x00000022ec8fe060:   0000000000000000 0000019700000008
0x00000022ec8fe070:   000000220000001e 0000000000000000
0x00000022ec8fe080:   0000000000000518 0000000000000000
0x00000022ec8fe090:   0000000000000001 0000000000000000
0x00000022ec8fe0a0:   0000000000000518 00007ffd38e177e6
0x00000022ec8fe0b0:   0000000000001354 0000000000000502
0x00000022ec8fe0c0:   00000197d155fe00 00000022ec8fe210
0x00000022ec8fe0d0:   0000000000000000 0000019700000000
0x00000022ec8fe0e0:   0000000000000003 0000019700000001
0x00000022ec8fe0f0:   0000000000000000 0000000000000000
0x00000022ec8fe100:   00007ffd00000000 00007ffd54a40139
0x00000022ec8fe110:   0000000000001354 0000000000000000
0x00000022ec8fe120:   0000000000000000 0000785e37fa179b
0x00000022ec8fe130:   00000197fde38d30 00007ffd38e182af
0x00000022ec8fe140:   0000000000000028 00007ffcbefb2cac
0x00000022ec8fe150:   00000197fde38d38 00000197ede94250
0x00000022ec8fe160:   00000197d155fdd0 00007ffd38e18359
0x00000022ec8fe170:   00000197d155fe00 00000022ec8fe240
0x00000022ec8fe180:   00000197d155fe00 00000197d155fdd0
0x00000022ec8fe190:   00000197d08d7100 00000022ec8fe240
0x00000022ec8fe1a0:   00000197fa5eca30 0000000000000000
0x00000022ec8fe1b0:   00000197d155fdd0 00007ffd38e18787
0x00000022ec8fe1c0:   0000000000000000 00000022ec8fe240
0x00000022ec8fe1d0:   00000000000012b4 00000197d08d7100
0x00000022ec8fe1e0:   0000000000000001 00007ffd38e17a75
0x00000022ec8fe1f0:   0000000000000518 00000022ec8fe240 

Instructions: (pc=0x000000018000c274)
0x000000018000c174:   70 48 8b 6c 24 78 32 c0 48 83 c4 50 41 5c c3 cc
0x000000018000c184:   cc cc cc cc cc cc cc cc cc cc cc cc 48 85 c9 74
0x000000018000c194:   23 8b 05 ad ff 06 00 89 01 8b 05 a9 ff 06 00 89
0x000000018000c1a4:   41 04 8b 05 a4 ff 06 00 89 41 08 8b 05 9f ff 06
0x000000018000c1b4:   00 89 41 0c f3 c3 cc cc cc cc cc cc c6 01 01 c7
0x000000018000c1c4:   02 01 00 00 00 c3 cc cc cc cc cc cc 48 89 5c 24
0x000000018000c1d4:   08 57 48 83 ec 70 48 8b fa 8b d9 48 8d 15 82 73
0x000000018000c1e4:   05 00 48 8d 4c 24 20 45 33 c0 48 c7 44 24 40 0f
0x000000018000c1f4:   00 00 00 48 c7 44 24 38 00 00 00 00 c6 44 24 28
0x000000018000c204:   00 e8 d6 6b ff ff 4c 8d 4c 24 20 48 8d 4c 24 48
0x000000018000c214:   41 b0 01 8b d3 e8 52 06 02 00 48 83 78 20 10 72
0x000000018000c224:   06 48 8b 48 08 eb 05 48 8d 48 08 90 0f b6 01 48
0x000000018000c234:   ff c7 48 ff c1 88 47 ff 84 c0 75 f0 48 83 7c 24
0x000000018000c244:   68 10 72 0a 48 8b 4c 24 50 e8 52 94 03 00 48 8b
0x000000018000c254:   9c 24 80 00 00 00 48 83 c4 70 5f c3 48 83 ec 48
0x000000018000c264:   0f b6 c2 0f 57 c0 0f 11 44 24 ff 25 00 00 00 00
0x000000018000c274:   ae 7e bb 54 fd 7f 00 00 8b 44 24 04 0f af 04 24
0x000000018000c284:   89 04 24 8b 44 24 04 0f af 04 24 83 c0 01 89 04
0x000000018000c294:   24 8b 44 24 04 0f af 04 24 83 c0 02 89 04 24 8b
0x000000018000c2a4:   44 24 04 0f af 04 24 83 c0 03 89 04 24 8b 44 24
0x000000018000c2b4:   04 0f af 04 24 83 c0 04 89 04 24 8b 44 24 04 0f
0x000000018000c2c4:   af 04 24 83 c0 05 89 04 24 8b 44 24 04 0f af 04
0x000000018000c2d4:   24 83 c0 06 89 04 24 8b 44 24 04 0f af 04 24 83
0x000000018000c2e4:   c0 07 89 04 24 8b 44 24 04 0f af 04 24 83 c0 08
0x000000018000c2f4:   89 04 24 8b 44 24 04 0f af 04 24 83 c0 09 89 04
0x000000018000c304:   24 8b 44 24 04 0f af 04 24 83 c0 0a 89 04 24 8b
0x000000018000c314:   44 24 04 0f af 04 24 83 c0 0b 89 04 24 8b 44 24
0x000000018000c324:   04 0f af 04 24 83 c0 0d 89 04 24 8b 44 24 04 0f
0x000000018000c334:   af 04 24 83 c0 0e 89 04 24 8b 44 24 04 0f af 04
0x000000018000c344:   24 83 c0 0f 89 04 24 8b 44 24 04 0f af 04 24 83
0x000000018000c354:   c0 10 89 04 24 8b 44 24 04 0f af 04 24 83 c0 11
0x000000018000c364:   89 04 24 8b 44 24 04 0f af 04 24 83 c0 12 89 04 


Stack slot to memory mapping:

stack at sp + 0 slots: 0x0 is null
stack at sp + 1 slots: 0x0 is null
stack at sp + 2 slots: 0x0000000000000518 is an unknown value
stack at sp + 3 slots: 0x000000018001f4c2 ASProxy64.dll
stack at sp + 4 slots: 0x0000000180065ec8 ASProxy64.dll
stack at sp + 5 slots: 0x0000000000002736 is an unknown value
stack at sp + 6 slots: 0x0000000000000003 is an unknown value
stack at sp + 7 slots: 0x0000000000001354 is an unknown value


---------------  P R O C E S S  ---------------

Threads class SMR info:
_java_thread_list=0x00000197d37042f0, length=60, elements={
0x00000197eb9da050, 0x00000197f325e740, 0x00000197edf164a0, 0x00000197edf1a350,
0x00000197edf1b350, 0x00000197edf20130, 0x00000197edf21580, 0x00000197f475d110,
0x00000197f475f2d0, 0x00000197f4855d30, 0x00000197f47614e0, 0x00000197f4760e10,
0x00000197f4aa5b00, 0x00000197fb621160, 0x00000197fb843870, 0x00000197fb29e8a0,
0x00000197fb3b8540, 0x00000197fc001e80, 0x00000197fc001160, 0x00000197fbfff090,
0x00000197fbfffdb0, 0x00000197fc0017f0, 0x00000197fc000ad0, 0x00000197fc000440,
0x00000197fca48c00, 0x00000197fca47ee0, 0x00000197fca49290, 0x00000197fca464a0,
0x00000197fca48570, 0x00000197fca46b30, 0x00000197fca49920, 0x00000197fca49fb0,
0x00000197fca4a640, 0x00000197fca471c0, 0x00000197fca4acd0, 0x00000197fca47850,
0x00000197fca4b360, 0x00000197fca4b9f0, 0x00000197fca4dac0, 0x00000197fca4c080,
0x00000197fca4c710, 0x00000197fca4cda0, 0x00000197fca4d430, 0x00000197fd69e960,
0x00000197fd69d5b0, 0x00000197fd69e2d0, 0x00000197fd69dc40, 0x00000197fd69c890,
0x00000197fd69eff0, 0x00000197d08d49a0, 0x00000197d08d5030, 0x00000197d08d6a70,
0x00000197d08d63e0, 0x00000197d08d3c80, 0x00000197d08d5d50, 0x00000197d08d7100,
0x00000197d08d56c0, 0x00000197d08d4310, 0x00000197d08db2a0, 0x00000197d08d91d0
}

Java Threads: ( => current thread )
  0x00000197eb9da050 JavaThread "main"                              [_thread_blocked, id=10064, stack(0x00000022e6700000,0x00000022e6800000) (1024K)]
  0x00000197f325e740 JavaThread "Reference Handler"          daemon [_thread_blocked, id=24328, stack(0x00000022e6b00000,0x00000022e6c00000) (1024K)]
  0x00000197edf164a0 JavaThread "Finalizer"                  daemon [_thread_blocked, id=25532, stack(0x00000022e6c00000,0x00000022e6d00000) (1024K)]
  0x00000197edf1a350 JavaThread "Signal Dispatcher"          daemon [_thread_blocked, id=6756, stack(0x00000022e6d00000,0x00000022e6e00000) (1024K)]
  0x00000197edf1b350 JavaThread "Attach Listener"            daemon [_thread_blocked, id=23824, stack(0x00000022e6e00000,0x00000022e6f00000) (1024K)]
  0x00000197edf20130 JavaThread "Service Thread"             daemon [_thread_blocked, id=25092, stack(0x00000022e6f00000,0x00000022e7000000) (1024K)]
  0x00000197edf21580 JavaThread "Monitor Deflation Thread"   daemon [_thread_blocked, id=2960, stack(0x00000022e7000000,0x00000022e7100000) (1024K)]
  0x00000197f475d110 JavaThread "C2 CompilerThread0"         daemon [_thread_in_native, id=1184, stack(0x00000022e7100000,0x00000022e7200000) (1024K)]
  0x00000197f475f2d0 JavaThread "C1 CompilerThread0"         daemon [_thread_blocked, id=25484, stack(0x00000022e7200000,0x00000022e7300000) (1024K)]
  0x00000197f4855d30 JavaThread "Common-Cleaner"             daemon [_thread_blocked, id=8504, stack(0x00000022e7300000,0x00000022e7400000) (1024K)]
  0x00000197f47614e0 JavaThread "C1 CompilerThread1"         daemon [_thread_blocked, id=5376, stack(0x00000022e7400000,0x00000022e7500000) (1024K)]
  0x00000197f4760e10 JavaThread "C1 CompilerThread2"         daemon [_thread_blocked, id=22672, stack(0x00000022e7500000,0x00000022e7600000) (1024K)]
  0x00000197f4aa5b00 JavaThread "Notification Thread"        daemon [_thread_blocked, id=21128, stack(0x00000022e8a00000,0x00000022e8b00000) (1024K)]
  0x00000197fb621160 JavaThread "Active Thread: Equinox Container: 75373d15-aa51-4da1-b8fe-7960159fe06c"        [_thread_blocked, id=24252, stack(0x00000022e9300000,0x00000022e9400000) (1024K)]
  0x00000197fb843870 JavaThread "Refresh Thread: Equinox Container: 75373d15-aa51-4da1-b8fe-7960159fe06c" daemon [_thread_blocked, id=21972, stack(0x00000022e9500000,0x00000022e9600000) (1024K)]
  0x00000197fb29e8a0 JavaThread "Framework Event Dispatcher: Equinox Container: 75373d15-aa51-4da1-b8fe-7960159fe06c" daemon [_thread_blocked, id=24296, stack(0x00000022e9600000,0x00000022e9700000) (1024K)]
  0x00000197fb3b8540 JavaThread "Start Level: Equinox Container: 75373d15-aa51-4da1-b8fe-7960159fe06c" daemon [_thread_blocked, id=25128, stack(0x00000022e9700000,0x00000022e9800000) (1024K)]
  0x00000197fc001e80 JavaThread "Bundle File Closer"         daemon [_thread_blocked, id=20332, stack(0x00000022e9b00000,0x00000022e9c00000) (1024K)]
  0x00000197fc001160 JavaThread "SCR Component Actor"        daemon [_thread_blocked, id=296, stack(0x00000022e9c00000,0x00000022e9d00000) (1024K)]
  0x00000197fbfff090 JavaThread "Worker-JM"                         [_thread_blocked, id=9280, stack(0x00000022e9f00000,0x00000022ea000000) (1024K)]
  0x00000197fbfffdb0 JavaThread "Worker-0: Initialize Workspace"        [_thread_blocked, id=22256, stack(0x00000022ea100000,0x00000022ea200000) (1024K)]
  0x00000197fc0017f0 JavaThread "Worker-1"                          [_thread_blocked, id=22648, stack(0x00000022ea200000,0x00000022ea300000) (1024K)]
  0x00000197fc000ad0 JavaThread "Java indexing"              daemon [_thread_blocked, id=22096, stack(0x00000022ea300000,0x00000022ea400000) (1024K)]
  0x00000197fc000440 JavaThread "JNA Cleaner"                daemon [_thread_blocked, id=21120, stack(0x00000022e9100000,0x00000022e9200000) (1024K)]
  0x00000197fca48c00 JavaThread "Worker-2"                          [_thread_blocked, id=9120, stack(0x00000022ea600000,0x00000022ea700000) (1024K)]
  0x00000197fca47ee0 JavaThread "Worker-3"                          [_thread_blocked, id=21156, stack(0x00000022ea700000,0x00000022ea800000) (1024K)]
  0x00000197fca49290 JavaThread "Thread-2"                   daemon [_thread_in_native, id=20800, stack(0x00000022ea800000,0x00000022ea900000) (1024K)]
  0x00000197fca464a0 JavaThread "Thread-3"                   daemon [_thread_in_native, id=12544, stack(0x00000022ea900000,0x00000022eaa00000) (1024K)]
  0x00000197fca48570 JavaThread "Thread-4"                   daemon [_thread_in_native, id=20792, stack(0x00000022eaa00000,0x00000022eab00000) (1024K)]
  0x00000197fca46b30 JavaThread "Thread-5"                   daemon [_thread_in_native, id=22076, stack(0x00000022eab00000,0x00000022eac00000) (1024K)]
  0x00000197fca49920 JavaThread "Thread-6"                   daemon [_thread_in_native, id=21364, stack(0x00000022eac00000,0x00000022ead00000) (1024K)]
  0x00000197fca49fb0 JavaThread "Thread-7"                   daemon [_thread_in_native, id=23052, stack(0x00000022ead00000,0x00000022eae00000) (1024K)]
  0x00000197fca4a640 JavaThread "Thread-8"                   daemon [_thread_in_native, id=3220, stack(0x00000022eae00000,0x00000022eaf00000) (1024K)]
  0x00000197fca471c0 JavaThread "Thread-9"                   daemon [_thread_in_native, id=23964, stack(0x00000022eaf00000,0x00000022eb000000) (1024K)]
  0x00000197fca4acd0 JavaThread "Thread-10"                  daemon [_thread_in_native, id=25160, stack(0x00000022eb000000,0x00000022eb100000) (1024K)]
  0x00000197fca47850 JavaThread "Thread-11"                  daemon [_thread_in_native, id=7452, stack(0x00000022eb100000,0x00000022eb200000) (1024K)]
  0x00000197fca4b360 JavaThread "Thread-12"                  daemon [_thread_in_native, id=21336, stack(0x00000022eb200000,0x00000022eb300000) (1024K)]
  0x00000197fca4b9f0 JavaThread "Thread-13"                  daemon [_thread_in_native, id=19464, stack(0x00000022eb300000,0x00000022eb400000) (1024K)]
  0x00000197fca4dac0 JavaThread "Thread-14"                  daemon [_thread_in_native, id=10468, stack(0x00000022eb400000,0x00000022eb500000) (1024K)]
  0x00000197fca4c080 JavaThread "Thread-15"                  daemon [_thread_in_native, id=24972, stack(0x00000022eb500000,0x00000022eb600000) (1024K)]
  0x00000197fca4c710 JavaThread "Thread-16"                  daemon [_thread_in_native, id=12784, stack(0x00000022eb600000,0x00000022eb700000) (1024K)]
  0x00000197fca4cda0 JavaThread "Thread-17"                  daemon [_thread_in_native, id=24808, stack(0x00000022eb700000,0x00000022eb800000) (1024K)]
  0x00000197fca4d430 JavaThread "Thread-18"                  daemon [_thread_in_native, id=22320, stack(0x00000022eb800000,0x00000022eb900000) (1024K)]
  0x00000197fd69e960 JavaThread "pool-2-thread-1"                   [_thread_blocked, id=24720, stack(0x00000022eb900000,0x00000022eba00000) (1024K)]
  0x00000197fd69d5b0 JavaThread "WorkspaceEventsHandler"            [_thread_blocked, id=15084, stack(0x00000022ebe00000,0x00000022ebf00000) (1024K)]
  0x00000197fd69e2d0 JavaThread "pool-1-thread-1"                   [_thread_blocked, id=12172, stack(0x00000022ebf00000,0x00000022ec000000) (1024K)]
  0x00000197fd69dc40 JavaThread "Worker-4"                          [_thread_blocked, id=16628, stack(0x00000022ec100000,0x00000022ec200000) (1024K)]
  0x00000197fd69c890 JavaThread "Timer-0"                           [_thread_blocked, id=16016, stack(0x00000022ec000000,0x00000022ec100000) (1024K)]
  0x00000197fd69eff0 JavaThread "Timer-1"                           [_thread_blocked, id=17948, stack(0x00000022ebd00000,0x00000022ebe00000) (1024K)]
  0x00000197d08d49a0 JavaThread "Timer-2"                           [_thread_blocked, id=19708, stack(0x00000022ec200000,0x00000022ec300000) (1024K)]
  0x00000197d08d5030 JavaThread "LocalFile Deleter"          daemon [_thread_blocked, id=4880, stack(0x00000022ec300000,0x00000022ec400000) (1024K)]
  0x00000197d08d6a70 JavaThread "LocalFile Deleter"          daemon [_thread_blocked, id=21548, stack(0x00000022ec400000,0x00000022ec500000) (1024K)]
  0x00000197d08d63e0 JavaThread "LocalFile Deleter"          daemon [_thread_blocked, id=13704, stack(0x00000022ec500000,0x00000022ec600000) (1024K)]
  0x00000197d08d3c80 JavaThread "Timer-3"                           [_thread_blocked, id=21168, stack(0x00000022ec600000,0x00000022ec700000) (1024K)]
  0x00000197d08d5d50 JavaThread "Timer-4"                           [_thread_blocked, id=15648, stack(0x00000022ec700000,0x00000022ec800000) (1024K)]
=>0x00000197d08d7100 JavaThread "Connection worker"                 [_thread_in_native, id=13140, stack(0x00000022ec800000,0x00000022ec900000) (1024K)]
  0x00000197d08d56c0 JavaThread "pool-3-thread-1"                   [_thread_blocked, id=18212, stack(0x00000022ecb00000,0x00000022ecc00000) (1024K)]
  0x00000197d08d4310 JavaThread "Exec process"                      [_thread_blocked, id=8772, stack(0x00000022ecc00000,0x00000022ecd00000) (1024K)]
  0x00000197d08db2a0 JavaThread "Exec process Thread 2"             [_thread_blocked, id=25540, stack(0x00000022ecd00000,0x00000022ece00000) (1024K)]
  0x00000197d08d91d0 JavaThread "Exec process Thread 3"             [_thread_blocked, id=500, stack(0x00000022ece00000,0x00000022ecf00000) (1024K)]
Total: 60

Other Threads:
  0x00000197f3244060 VMThread "VM Thread"                           [id=25496, stack(0x00000022e6a00000,0x00000022e6b00000) (1024K)]
  0x00000197f313ca00 WatcherThread "VM Periodic Task Thread"        [id=2972, stack(0x00000022e6900000,0x00000022e6a00000) (1024K)]
  0x00000197ede8ffc0 WorkerThread "GC Thread#0"                     [id=11968, stack(0x00000022e6800000,0x00000022e6900000) (1024K)]
  0x00000197f6c67420 WorkerThread "GC Thread#1"                     [id=23324, stack(0x00000022e8b00000,0x00000022e8c00000) (1024K)]
  0x00000197f6c677c0 WorkerThread "GC Thread#2"                     [id=21224, stack(0x00000022e8c00000,0x00000022e8d00000) (1024K)]
  0x00000197f6c67b60 WorkerThread "GC Thread#3"                     [id=23476, stack(0x00000022e8d00000,0x00000022e8e00000) (1024K)]
  0x00000197f6e98530 WorkerThread "GC Thread#4"                     [id=9724, stack(0x00000022e8e00000,0x00000022e8f00000) (1024K)]
  0x00000197f6e98cd0 WorkerThread "GC Thread#5"                     [id=10808, stack(0x00000022e8f00000,0x00000022e9000000) (1024K)]
  0x00000197f6e99480 WorkerThread "GC Thread#6"                     [id=7104, stack(0x00000022e9000000,0x00000022e9100000) (1024K)]
  0x00000197f6e1ae10 WorkerThread "GC Thread#7"                     [id=22888, stack(0x00000022e9400000,0x00000022e9500000) (1024K)]
  0x00000197fbac5350 WorkerThread "GC Thread#8"                     [id=13552, stack(0x00000022e9800000,0x00000022e9900000) (1024K)]
  0x00000197fbbdf540 WorkerThread "GC Thread#9"                     [id=23644, stack(0x00000022e9900000,0x00000022e9a00000) (1024K)]
  0x00000197fbbdee00 WorkerThread "GC Thread#10"                    [id=25312, stack(0x00000022e9a00000,0x00000022e9b00000) (1024K)]
  0x00000197fbbdf8e0 WorkerThread "GC Thread#11"                    [id=23940, stack(0x00000022e9e00000,0x00000022e9f00000) (1024K)]
  0x00000197fbbdfc80 WorkerThread "GC Thread#12"                    [id=5260, stack(0x00000022ea000000,0x00000022ea100000) (1024K)]
Total: 15

Threads with active compile tasks:
C2 CompilerThread0  7801 7876   !   4       jdk.internal.loader.BuiltinClassLoader::loadClassOrNull (143 bytes)
Total: 1

VM state: not at safepoint (normal execution)

VM Mutex/Monitor currently owned by a thread: None

Heap address: 0x00000000c0000000, size: 1024 MB, Compressed Oops mode: 32-bit

CDS archive(s) mapped at: [0x000001978f000000-0x000001978fba0000-0x000001978fba0000), size 12189696, SharedBaseAddress: 0x000001978f000000, ArchiveRelocationMode: 1.
Compressed class space mapped at: 0x0000019790000000-0x00000197d0000000, reserved size: 1073741824
Narrow klass base: 0x000001978f000000, Narrow klass shift: 0, Narrow klass range: 0x100000000

GC Precious Log:
 CardTable entry size: 512
 CPUs: 16 total, 16 available
 Memory: 16096M
 Large Page Support: Disabled
 NUMA Support: Disabled
 Compressed Oops: Enabled (32-bit)
 Alignments: Space 512K, Generation 512K, Heap 2M
 Heap Min Capacity: 100M
 Heap Initial Capacity: 100M
 Heap Max Capacity: 1G
 Pre-touch: Disabled
 Parallel Workers: 13

Heap:
 PSYoungGen      total 14848K, used 11961K [0x00000000eab00000, 0x00000000eba80000, 0x0000000100000000)
  eden space 13824K, 82% used [0x00000000eab00000,0x00000000eb616528,0x00000000eb880000)
  from space 1024K, 59% used [0x00000000eb880000,0x00000000eb918010,0x00000000eb980000)
  to   space 1024K, 0% used [0x00000000eb980000,0x00000000eb980000,0x00000000eba80000)
 ParOldGen       total 68608K, used 40770K [0x00000000c0000000, 0x00000000c4300000, 0x00000000eab00000)
  object space 68608K, 59% used [0x00000000c0000000,0x00000000c27d0978,0x00000000c4300000)
 Metaspace       used 62461K, committed 63872K, reserved 1114112K
  class space    used 7720K, committed 8384K, reserved 1048576K

Card table byte_map: [0x00000197ed810000,0x00000197eda20000] _byte_map_base: 0x00000197ed210000

Marking Bits: (ParMarkBitMap*) 0x00007ffcbf5f31f0
 Begin Bits: [0x00000197f1060000, 0x00000197f2060000)
 End Bits:   [0x00000197f2060000, 0x00000197f3060000)

Polling page: 0x00000197ebd00000

Metaspace:

Usage:
  Non-class:     53.46 MB used.
      Class:      7.54 MB used.
       Both:     61.00 MB used.

Virtual space:
  Non-class space:       64.00 MB reserved,      54.19 MB ( 85%) committed,  1 nodes.
      Class space:        1.00 GB reserved,       8.19 MB ( <1%) committed,  1 nodes.
             Both:        1.06 GB reserved,      62.38 MB (  6%) committed. 

Chunk freelists:
   Non-Class:  8.95 MB
       Class:  7.73 MB
        Both:  16.69 MB

MaxMetaspaceSize: unlimited
CompressedClassSpaceSize: 1.00 GB
Initial GC threshold: 21.00 MB
Current GC threshold: 97.31 MB
CDS: on
 - commit_granule_bytes: 65536.
 - commit_granule_words: 8192.
 - virtual_space_node_default_size: 8388608.
 - enlarge_chunks_in_place: 1.
 - use_allocation_guard: 0.


Internal statistics:

num_allocs_failed_limit: 9.
num_arena_births: 1148.
num_arena_deaths: 14.
num_vsnodes_births: 2.
num_vsnodes_deaths: 0.
num_space_committed: 998.
num_space_uncommitted: 0.
num_chunks_returned_to_freelist: 23.
num_chunks_taken_from_freelist: 3756.
num_chunk_merges: 15.
num_chunk_splits: 2503.
num_chunks_enlarged: 1649.
num_inconsistent_stats: 0.

CodeHeap 'non-profiled nmethods': size=119168Kb used=5137Kb max_used=5137Kb free=114030Kb
 bounds [0x0000019787ba0000, 0x00000197880b0000, 0x000001978f000000]
CodeHeap 'profiled nmethods': size=119104Kb used=14401Kb max_used=14656Kb free=104702Kb
 bounds [0x0000019780000000, 0x0000019780e60000, 0x0000019787450000]
CodeHeap 'non-nmethods': size=7488Kb used=2514Kb max_used=3169Kb free=4973Kb
 bounds [0x0000019787450000, 0x0000019787780000, 0x0000019787ba0000]
 total_blobs=7764 nmethods=7075 adapters=593
 compilation: enabled
              stopped_count=0, restarted_count=0
 full_count=0

Compilation events (20 events):
Event: 7.747 Thread 0x00000197f47614e0 nmethod 7891 0x0000019780604f10 code [0x0000019780605400, 0x0000019780607730]
Event: 7.747 Thread 0x00000197f4760e10 7887       3       java.security.Provider::getEngineName (49 bytes)
Event: 7.747 Thread 0x00000197f475f2d0 nmethod 7888 0x00000197807c0d90 code [0x00000197807c1120, 0x00000197807c2658]
Event: 7.747 Thread 0x00000197f47614e0 7889       3       java.security.Provider::check (18 bytes)
Event: 7.747 Thread 0x00000197f475f2d0 7890       3       java.security.Provider::implRemoveService (149 bytes)
Event: 7.747 Thread 0x00000197f47614e0 nmethod 7889 0x00000197807c0710 code [0x00000197807c08e0, 0x00000197807c0c40]
Event: 7.747 Thread 0x00000197f47614e0 7892       3       java.security.Provider::checkAndUpdateSecureRandom (88 bytes)
Event: 7.748 Thread 0x00000197f4760e10 nmethod 7887 0x0000019780a3b510 code [0x0000019780a3b740, 0x0000019780a3bf80]
Event: 7.748 Thread 0x00000197f4760e10 7894       3       sun.security.util.SecurityProviderConstants::getAliases (63 bytes)
Event: 7.748 Thread 0x00000197f47614e0 nmethod 7892 0x00000197807bff10 code [0x00000197807c00e0, 0x00000197807c0480]
Event: 7.748 Thread 0x00000197f475f2d0 nmethod 7890 0x0000019780603c10 code [0x0000019780603ec0, 0x0000019780604b40]
Event: 7.748 Thread 0x00000197f4760e10 nmethod 7894 0x00000197809b6c10 code [0x00000197809b6e80, 0x00000197809b7720]
Event: 7.752 Thread 0x00000197f475f2d0 7895       1       java.nio.DirectByteBuffer::attachment (5 bytes)
Event: 7.752 Thread 0x00000197f475f2d0 nmethod 7895 0x00000197880a4390 code [0x00000197880a4520, 0x00000197880a45e8]
Event: 7.757 Thread 0x00000197f47614e0 7897       3       java.security.MessageDigest$Delegate::engineUpdate (9 bytes)
Event: 7.757 Thread 0x00000197f4760e10 7896       3       java.security.MessageDigest::update (11 bytes)
Event: 7.757 Thread 0x00000197f475f2d0 7898       3       sun.security.provider.DigestBase::engineUpdate (32 bytes)
Event: 7.757 Thread 0x00000197f4760e10 nmethod 7896 0x0000019780a3af90 code [0x0000019780a3b140, 0x0000019780a3b400]
Event: 7.757 Thread 0x00000197f47614e0 nmethod 7897 0x0000019780a3aa10 code [0x0000019780a3abc0, 0x0000019780a3ad98]
Event: 7.757 Thread 0x00000197f475f2d0 nmethod 7898 0x0000019780603710 code [0x00000197806038c0, 0x0000019780603b28]

GC Heap History (20 events):
Event: 5.612 GC heap before
{Heap before GC invocations=43 (full 3):
 PSYoungGen      total 15360K, used 14144K [0x00000000eab00000, 0x00000000ebc80000, 0x0000000100000000)
  eden space 13824K, 100% used [0x00000000eab00000,0x00000000eb880000,0x00000000eb880000)
  from space 1536K, 20% used [0x00000000eba00000,0x00000000eba50000,0x00000000ebb80000)
  to   space 1024K, 0% used [0x00000000ebb80000,0x00000000ebb80000,0x00000000ebc80000)
 ParOldGen       total 68608K, used 38946K [0x00000000c0000000, 0x00000000c4300000, 0x00000000eab00000)
  object space 68608K, 56% used [0x00000000c0000000,0x00000000c2608b40,0x00000000c4300000)
 Metaspace       used 58838K, committed 60096K, reserved 1114112K
  class space    used 7201K, committed 7744K, reserved 1048576K
}
Event: 5.613 GC heap after
{Heap after GC invocations=43 (full 3):
 PSYoungGen      total 14848K, used 1018K [0x00000000eab00000, 0x00000000ebc80000, 0x0000000100000000)
  eden space 13824K, 0% used [0x00000000eab00000,0x00000000eab00000,0x00000000eb880000)
  from space 1024K, 99% used [0x00000000ebb80000,0x00000000ebc7eb30,0x00000000ebc80000)
  to   space 2048K, 0% used [0x00000000eb880000,0x00000000eb880000,0x00000000eba80000)
 ParOldGen       total 68608K, used 39284K [0x00000000c0000000, 0x00000000c4300000, 0x00000000eab00000)
  object space 68608K, 57% used [0x00000000c0000000,0x00000000c265d0c0,0x00000000c4300000)
 Metaspace       used 58838K, committed 60096K, reserved 1114112K
  class space    used 7201K, committed 7744K, reserved 1048576K
}
Event: 5.662 GC heap before
{Heap before GC invocations=44 (full 3):
 PSYoungGen      total 14848K, used 14842K [0x00000000eab00000, 0x00000000ebc80000, 0x0000000100000000)
  eden space 13824K, 100% used [0x00000000eab00000,0x00000000eb880000,0x00000000eb880000)
  from space 1024K, 99% used [0x00000000ebb80000,0x00000000ebc7eb30,0x00000000ebc80000)
  to   space 2048K, 0% used [0x00000000eb880000,0x00000000eb880000,0x00000000eba80000)
 ParOldGen       total 68608K, used 39284K [0x00000000c0000000, 0x00000000c4300000, 0x00000000eab00000)
  object space 68608K, 57% used [0x00000000c0000000,0x00000000c265d0c0,0x00000000c4300000)
 Metaspace       used 58838K, committed 60096K, reserved 1114112K
  class space    used 7201K, committed 7744K, reserved 1048576K
}
Event: 5.663 GC heap after
{Heap after GC invocations=44 (full 3):
 PSYoungGen      total 15872K, used 543K [0x00000000eab00000, 0x00000000ebc00000, 0x0000000100000000)
  eden space 13824K, 0% used [0x00000000eab00000,0x00000000eab00000,0x00000000eb880000)
  from space 2048K, 26% used [0x00000000eb880000,0x00000000eb907f20,0x00000000eba80000)
  to   space 1024K, 0% used [0x00000000ebb00000,0x00000000ebb00000,0x00000000ebc00000)
 ParOldGen       total 68608K, used 39372K [0x00000000c0000000, 0x00000000c4300000, 0x00000000eab00000)
  object space 68608K, 57% used [0x00000000c0000000,0x00000000c26730c0,0x00000000c4300000)
 Metaspace       used 58838K, committed 60096K, reserved 1114112K
  class space    used 7201K, committed 7744K, reserved 1048576K
}
Event: 5.703 GC heap before
{Heap before GC invocations=45 (full 3):
 PSYoungGen      total 15872K, used 14367K [0x00000000eab00000, 0x00000000ebc00000, 0x0000000100000000)
  eden space 13824K, 100% used [0x00000000eab00000,0x00000000eb880000,0x00000000eb880000)
  from space 2048K, 26% used [0x00000000eb880000,0x00000000eb907f20,0x00000000eba80000)
  to   space 1024K, 0% used [0x00000000ebb00000,0x00000000ebb00000,0x00000000ebc00000)
 ParOldGen       total 68608K, used 39372K [0x00000000c0000000, 0x00000000c4300000, 0x00000000eab00000)
  object space 68608K, 57% used [0x00000000c0000000,0x00000000c26730c0,0x00000000c4300000)
 Metaspace       used 58839K, committed 60096K, reserved 1114112K
  class space    used 7201K, committed 7744K, reserved 1048576K
}
Event: 5.703 GC heap after
{Heap after GC invocations=45 (full 3):
 PSYoungGen      total 14848K, used 573K [0x00000000eab00000, 0x00000000ebc00000, 0x0000000100000000)
  eden space 13824K, 0% used [0x00000000eab00000,0x00000000eab00000,0x00000000eb880000)
  from space 1024K, 56% used [0x00000000ebb00000,0x00000000ebb8f610,0x00000000ebc00000)
  to   space 1024K, 0% used [0x00000000eba00000,0x00000000eba00000,0x00000000ebb00000)
 ParOldGen       total 68608K, used 39734K [0x00000000c0000000, 0x00000000c4300000, 0x00000000eab00000)
  object space 68608K, 57% used [0x00000000c0000000,0x00000000c26cd8d8,0x00000000c4300000)
 Metaspace       used 58839K, committed 60096K, reserved 1114112K
  class space    used 7201K, committed 7744K, reserved 1048576K
}
Event: 5.751 GC heap before
{Heap before GC invocations=46 (full 3):
 PSYoungGen      total 14848K, used 14397K [0x00000000eab00000, 0x00000000ebc00000, 0x0000000100000000)
  eden space 13824K, 100% used [0x00000000eab00000,0x00000000eb880000,0x00000000eb880000)
  from space 1024K, 56% used [0x00000000ebb00000,0x00000000ebb8f610,0x00000000ebc00000)
  to   space 1024K, 0% used [0x00000000eba00000,0x00000000eba00000,0x00000000ebb00000)
 ParOldGen       total 68608K, used 39734K [0x00000000c0000000, 0x00000000c4300000, 0x00000000eab00000)
  object space 68608K, 57% used [0x00000000c0000000,0x00000000c26cd8d8,0x00000000c4300000)
 Metaspace       used 58842K, committed 60096K, reserved 1114112K
  class space    used 7201K, committed 7744K, reserved 1048576K
}
Event: 5.752 GC heap after
{Heap after GC invocations=46 (full 3):
 PSYoungGen      total 14848K, used 940K [0x00000000eab00000, 0x00000000ebb80000, 0x0000000100000000)
  eden space 13824K, 0% used [0x00000000eab00000,0x00000000eab00000,0x00000000eb880000)
  from space 1024K, 91% used [0x00000000eba00000,0x00000000ebaeb228,0x00000000ebb00000)
  to   space 512K, 0% used [0x00000000ebb00000,0x00000000ebb00000,0x00000000ebb80000)
 ParOldGen       total 68608K, used 39829K [0x00000000c0000000, 0x00000000c4300000, 0x00000000eab00000)
  object space 68608K, 58% used [0x00000000c0000000,0x00000000c26e5518,0x00000000c4300000)
 Metaspace       used 58842K, committed 60096K, reserved 1114112K
  class space    used 7201K, committed 7744K, reserved 1048576K
}
Event: 5.794 GC heap before
{Heap before GC invocations=47 (full 3):
 PSYoungGen      total 14848K, used 14764K [0x00000000eab00000, 0x00000000ebb80000, 0x0000000100000000)
  eden space 13824K, 100% used [0x00000000eab00000,0x00000000eb880000,0x00000000eb880000)
  from space 1024K, 91% used [0x00000000eba00000,0x00000000ebaeb228,0x00000000ebb00000)
  to   space 512K, 0% used [0x00000000ebb00000,0x00000000ebb00000,0x00000000ebb80000)
 ParOldGen       total 68608K, used 39829K [0x00000000c0000000, 0x00000000c4300000, 0x00000000eab00000)
  object space 68608K, 58% used [0x00000000c0000000,0x00000000c26e5518,0x00000000c4300000)
 Metaspace       used 58842K, committed 60096K, reserved 1114112K
  class space    used 7201K, committed 7744K, reserved 1048576K
}
Event: 5.794 GC heap after
{Heap after GC invocations=47 (full 3):
 PSYoungGen      total 14336K, used 320K [0x00000000eab00000, 0x00000000ebb80000, 0x0000000100000000)
  eden space 13824K, 0% used [0x00000000eab00000,0x00000000eab00000,0x00000000eb880000)
  from space 512K, 62% used [0x00000000ebb00000,0x00000000ebb50000,0x00000000ebb80000)
  to   space 1024K, 0% used [0x00000000eb980000,0x00000000eb980000,0x00000000eba80000)
 ParOldGen       total 68608K, used 39901K [0x00000000c0000000, 0x00000000c4300000, 0x00000000eab00000)
  object space 68608K, 58% used [0x00000000c0000000,0x00000000c26f7518,0x00000000c4300000)
 Metaspace       used 58842K, committed 60096K, reserved 1114112K
  class space    used 7201K, committed 7744K, reserved 1048576K
}
Event: 5.841 GC heap before
{Heap before GC invocations=48 (full 3):
 PSYoungGen      total 14336K, used 14144K [0x00000000eab00000, 0x00000000ebb80000, 0x0000000100000000)
  eden space 13824K, 100% used [0x00000000eab00000,0x00000000eb880000,0x00000000eb880000)
  from space 512K, 62% used [0x00000000ebb00000,0x00000000ebb50000,0x00000000ebb80000)
  to   space 1024K, 0% used [0x00000000eb980000,0x00000000eb980000,0x00000000eba80000)
 ParOldGen       total 68608K, used 39901K [0x00000000c0000000, 0x00000000c4300000, 0x00000000eab00000)
  object space 68608K, 58% used [0x00000000c0000000,0x00000000c26f7518,0x00000000c4300000)
 Metaspace       used 58843K, committed 60096K, reserved 1114112K
  class space    used 7201K, committed 7744K, reserved 1048576K
}
Event: 5.842 GC heap after
{Heap after GC invocations=48 (full 3):
 PSYoungGen      total 14848K, used 1015K [0x00000000eab00000, 0x00000000ebb80000, 0x0000000100000000)
  eden space 13824K, 0% used [0x00000000eab00000,0x00000000eab00000,0x00000000eb880000)
  from space 1024K, 99% used [0x00000000eb980000,0x00000000eba7dd48,0x00000000eba80000)
  to   space 1024K, 0% used [0x00000000eba80000,0x00000000eba80000,0x00000000ebb80000)
 ParOldGen       total 68608K, used 40076K [0x00000000c0000000, 0x00000000c4300000, 0x00000000eab00000)
  object space 68608K, 58% used [0x00000000c0000000,0x00000000c2723228,0x00000000c4300000)
 Metaspace       used 58843K, committed 60096K, reserved 1114112K
  class space    used 7201K, committed 7744K, reserved 1048576K
}
Event: 5.910 GC heap before
{Heap before GC invocations=49 (full 3):
 PSYoungGen      total 14848K, used 14839K [0x00000000eab00000, 0x00000000ebb80000, 0x0000000100000000)
  eden space 13824K, 100% used [0x00000000eab00000,0x00000000eb880000,0x00000000eb880000)
  from space 1024K, 99% used [0x00000000eb980000,0x00000000eba7dd48,0x00000000eba80000)
  to   space 1024K, 0% used [0x00000000eba80000,0x00000000eba80000,0x00000000ebb80000)
 ParOldGen       total 68608K, used 40076K [0x00000000c0000000, 0x00000000c4300000, 0x00000000eab00000)
  object space 68608K, 58% used [0x00000000c0000000,0x00000000c2723228,0x00000000c4300000)
 Metaspace       used 58851K, committed 60096K, reserved 1114112K
  class space    used 7201K, committed 7744K, reserved 1048576K
}
Event: 5.911 GC heap after
{Heap after GC invocations=49 (full 3):
 PSYoungGen      total 14336K, used 384K [0x00000000eab00000, 0x00000000ebb00000, 0x0000000100000000)
  eden space 13824K, 0% used [0x00000000eab00000,0x00000000eab00000,0x00000000eb880000)
  from space 512K, 75% used [0x00000000eba80000,0x00000000ebae0000,0x00000000ebb00000)
  to   space 1024K, 0% used [0x00000000eb900000,0x00000000eb900000,0x00000000eba00000)
 ParOldGen       total 68608K, used 40156K [0x00000000c0000000, 0x00000000c4300000, 0x00000000eab00000)
  object space 68608K, 58% used [0x00000000c0000000,0x00000000c2737228,0x00000000c4300000)
 Metaspace       used 58851K, committed 60096K, reserved 1114112K
  class space    used 7201K, committed 7744K, reserved 1048576K
}
Event: 5.973 GC heap before
{Heap before GC invocations=50 (full 3):
 PSYoungGen      total 14336K, used 14208K [0x00000000eab00000, 0x00000000ebb00000, 0x0000000100000000)
  eden space 13824K, 100% used [0x00000000eab00000,0x00000000eb880000,0x00000000eb880000)
  from space 512K, 75% used [0x00000000eba80000,0x00000000ebae0000,0x00000000ebb00000)
  to   space 1024K, 0% used [0x00000000eb900000,0x00000000eb900000,0x00000000eba00000)
 ParOldGen       total 68608K, used 40156K [0x00000000c0000000, 0x00000000c4300000, 0x00000000eab00000)
  object space 68608K, 58% used [0x00000000c0000000,0x00000000c2737228,0x00000000c4300000)
 Metaspace       used 58851K, committed 60096K, reserved 1114112K
  class space    used 7201K, committed 7744K, reserved 1048576K
}
Event: 5.974 GC heap after
{Heap after GC invocations=50 (full 3):
 PSYoungGen      total 14848K, used 1003K [0x00000000eab00000, 0x00000000ebb80000, 0x0000000100000000)
  eden space 13824K, 0% used [0x00000000eab00000,0x00000000eab00000,0x00000000eb880000)
  from space 1024K, 98% used [0x00000000eb900000,0x00000000eb9faf18,0x00000000eba00000)
  to   space 1536K, 0% used [0x00000000eba00000,0x00000000eba00000,0x00000000ebb80000)
 ParOldGen       total 68608K, used 40363K [0x00000000c0000000, 0x00000000c4300000, 0x00000000eab00000)
  object space 68608K, 58% used [0x00000000c0000000,0x00000000c276ac58,0x00000000c4300000)
 Metaspace       used 58851K, committed 60096K, reserved 1114112K
  class space    used 7201K, committed 7744K, reserved 1048576K
}
Event: 6.123 GC heap before
{Heap before GC invocations=51 (full 3):
 PSYoungGen      total 14848K, used 14827K [0x00000000eab00000, 0x00000000ebb80000, 0x0000000100000000)
  eden space 13824K, 100% used [0x00000000eab00000,0x00000000eb880000,0x00000000eb880000)
  from space 1024K, 98% used [0x00000000eb900000,0x00000000eb9faf18,0x00000000eba00000)
  to   space 1536K, 0% used [0x00000000eba00000,0x00000000eba00000,0x00000000ebb80000)
 ParOldGen       total 68608K, used 40363K [0x00000000c0000000, 0x00000000c4300000, 0x00000000eab00000)
  object space 68608K, 58% used [0x00000000c0000000,0x00000000c276ac58,0x00000000c4300000)
 Metaspace       used 59970K, committed 61248K, reserved 1114112K
  class space    used 7362K, committed 7936K, reserved 1048576K
}
Event: 6.124 GC heap after
{Heap after GC invocations=51 (full 3):
 PSYoungGen      total 14336K, used 512K [0x00000000eab00000, 0x00000000eba80000, 0x0000000100000000)
  eden space 13824K, 0% used [0x00000000eab00000,0x00000000eab00000,0x00000000eb880000)
  from space 512K, 100% used [0x00000000eba00000,0x00000000eba80000,0x00000000eba80000)
  to   space 1024K, 0% used [0x00000000eb880000,0x00000000eb880000,0x00000000eb980000)
 ParOldGen       total 68608K, used 40411K [0x00000000c0000000, 0x00000000c4300000, 0x00000000eab00000)
  object space 68608K, 58% used [0x00000000c0000000,0x00000000c2776c68,0x00000000c4300000)
 Metaspace       used 59970K, committed 61248K, reserved 1114112K
  class space    used 7362K, committed 7936K, reserved 1048576K
}
Event: 6.300 GC heap before
{Heap before GC invocations=52 (full 3):
 PSYoungGen      total 14336K, used 14336K [0x00000000eab00000, 0x00000000eba80000, 0x0000000100000000)
  eden space 13824K, 100% used [0x00000000eab00000,0x00000000eb880000,0x00000000eb880000)
  from space 512K, 100% used [0x00000000eba00000,0x00000000eba80000,0x00000000eba80000)
  to   space 1024K, 0% used [0x00000000eb880000,0x00000000eb880000,0x00000000eb980000)
 ParOldGen       total 68608K, used 40411K [0x00000000c0000000, 0x00000000c4300000, 0x00000000eab00000)
  object space 68608K, 58% used [0x00000000c0000000,0x00000000c2776c68,0x00000000c4300000)
 Metaspace       used 61431K, committed 62784K, reserved 1114112K
  class space    used 7591K, committed 8192K, reserved 1048576K
}
Event: 6.301 GC heap after
{Heap after GC invocations=52 (full 3):
 PSYoungGen      total 14848K, used 608K [0x00000000eab00000, 0x00000000eba80000, 0x0000000100000000)
  eden space 13824K, 0% used [0x00000000eab00000,0x00000000eab00000,0x00000000eb880000)
  from space 1024K, 59% used [0x00000000eb880000,0x00000000eb918010,0x00000000eb980000)
  to   space 1024K, 0% used [0x00000000eb980000,0x00000000eb980000,0x00000000eba80000)
 ParOldGen       total 68608K, used 40770K [0x00000000c0000000, 0x00000000c4300000, 0x00000000eab00000)
  object space 68608K, 59% used [0x00000000c0000000,0x00000000c27d0978,0x00000000c4300000)
 Metaspace       used 61431K, committed 62784K, reserved 1114112K
  class space    used 7591K, committed 8192K, reserved 1048576K
}

Dll operation events (15 events):
Event: 0.007 Loaded shared library c:\Users\admin\.cursor\extensions\redhat.java-1.42.0-win32-x64\jre\21.0.7-win32-x86_64\bin\java.dll
Event: 0.064 Loaded shared library c:\Users\admin\.cursor\extensions\redhat.java-1.42.0-win32-x64\jre\21.0.7-win32-x86_64\bin\zip.dll
Event: 0.076 Loaded shared library C:\Users\admin\.cursor\extensions\redhat.java-1.42.0-win32-x64\jre\21.0.7-win32-x86_64\bin\instrument.dll
Event: 0.079 Loaded shared library C:\Users\admin\.cursor\extensions\redhat.java-1.42.0-win32-x64\jre\21.0.7-win32-x86_64\bin\net.dll
Event: 0.086 Loaded shared library C:\Users\admin\.cursor\extensions\redhat.java-1.42.0-win32-x64\jre\21.0.7-win32-x86_64\bin\nio.dll
Event: 0.088 Loaded shared library C:\Users\admin\.cursor\extensions\redhat.java-1.42.0-win32-x64\jre\21.0.7-win32-x86_64\bin\zip.dll
Event: 0.099 Loaded shared library C:\Users\admin\.cursor\extensions\redhat.java-1.42.0-win32-x64\jre\21.0.7-win32-x86_64\bin\jimage.dll
Event: 0.141 Loaded shared library c:\Users\admin\.cursor\extensions\redhat.java-1.42.0-win32-x64\jre\21.0.7-win32-x86_64\bin\verify.dll
Event: 0.837 Loaded shared library C:\Users\admin\AppData\Roaming\Cursor\User\globalStorage\redhat.java\1.42.0\config_win\org.eclipse.equinox.launcher\org.eclipse.equinox.launcher.win32.win32.x86_64_1.2.1300.v20250331-1702\eclipse_11911.dll
Event: 2.277 Loaded shared library C:\Users\admin\.cursor\extensions\redhat.java-1.42.0-win32-x64\jre\21.0.7-win32-x86_64\bin\management.dll
Event: 2.279 Loaded shared library C:\Users\admin\.cursor\extensions\redhat.java-1.42.0-win32-x64\jre\21.0.7-win32-x86_64\bin\management_ext.dll
Event: 2.507 Loaded shared library C:\Users\admin\AppData\Local\Temp\jna-92668751\jna12772748368252465335.dll
Event: 4.255 Loaded shared library C:\Users\admin\.gradle\native\1def1411415f61bf3af743bc5b6707747c0891f09f0c88961ee8f79bc544acac\windows-amd64\native-platform.dll
Event: 6.070 Loaded shared library C:\Users\admin\.cursor\extensions\redhat.java-1.42.0-win32-x64\jre\21.0.7-win32-x86_64\bin\extnet.dll
Event: 7.752 Loaded shared library C:\Users\admin\.cursor\extensions\redhat.java-1.42.0-win32-x64\jre\21.0.7-win32-x86_64\bin\sunmscapi.dll

Deoptimization events (20 events):
Event: 7.739 Thread 0x00000197d08d7100 Uncommon trap: trap_request=0xffffff45 fr.pc=0x0000019787c5547c relative=0x00000000000008bc
Event: 7.739 Thread 0x00000197d08d7100 Uncommon trap: reason=unstable_if action=reinterpret pc=0x0000019787c5547c method=java.util.HashMap.computeIfAbsent(Ljava/lang/Object;Ljava/util/function/Function;)Ljava/lang/Object; @ 294 c2
Event: 7.739 Thread 0x00000197d08d7100 DEOPT PACKING pc=0x0000019787c5547c sp=0x00000022ec8fc220
Event: 7.739 Thread 0x00000197d08d7100 DEOPT UNPACKING pc=0x00000197874a3aa2 sp=0x00000022ec8fc1c8 mode 2
Event: 7.758 Thread 0x00000197d08d7100 Uncommon trap: trap_request=0xffffff45 fr.pc=0x0000019787f1b8c0 relative=0x0000000000000b80
Event: 7.758 Thread 0x00000197d08d7100 Uncommon trap: reason=unstable_if action=reinterpret pc=0x0000019787f1b8c0 method=sun.nio.fs.WindowsPath.openForReadAttributeAccess(Z)J @ 5 c2
Event: 7.758 Thread 0x00000197d08d7100 DEOPT PACKING pc=0x0000019787f1b8c0 sp=0x00000022ec8fdda0
Event: 7.758 Thread 0x00000197d08d7100 DEOPT UNPACKING pc=0x00000197874a3aa2 sp=0x00000022ec8fdd78 mode 2
Event: 7.758 Thread 0x00000197d08d7100 Uncommon trap: trap_request=0xffffff45 fr.pc=0x0000019787f20304 relative=0x0000000000000a64
Event: 7.758 Thread 0x00000197d08d7100 Uncommon trap: reason=unstable_if action=reinterpret pc=0x0000019787f20304 method=sun.nio.fs.WindowsNativeDispatcher.asNativeBuffer(Ljava/lang/String;)Lsun/nio/fs/NativeBuffer; @ 52 c2
Event: 7.758 Thread 0x00000197d08d7100 DEOPT PACKING pc=0x0000019787f20304 sp=0x00000022ec8fdd20
Event: 7.758 Thread 0x00000197d08d7100 DEOPT UNPACKING pc=0x00000197874a3aa2 sp=0x00000022ec8fdbc8 mode 2
Event: 7.758 Thread 0x00000197d08d7100 Uncommon trap: trap_request=0xffffff45 fr.pc=0x0000019787f19830 relative=0x0000000000000650
Event: 7.758 Thread 0x00000197d08d7100 Uncommon trap: reason=unstable_if action=reinterpret pc=0x0000019787f19830 method=sun.nio.fs.WindowsFileAttributes.isReparsePoint(I)Z @ 5 c2
Event: 7.758 Thread 0x00000197d08d7100 DEOPT PACKING pc=0x0000019787f19830 sp=0x00000022ec8fddc0
Event: 7.758 Thread 0x00000197d08d7100 DEOPT UNPACKING pc=0x00000197874a3aa2 sp=0x00000022ec8fdce8 mode 2
Event: 7.758 Thread 0x00000197d08d7100 Uncommon trap: trap_request=0xffffff45 fr.pc=0x0000019787f04914 relative=0x00000000000001d4
Event: 7.758 Thread 0x00000197d08d7100 Uncommon trap: reason=unstable_if action=reinterpret pc=0x0000019787f04914 method=sun.nio.fs.NativeBuffers.getNativeBufferFromCache(I)Lsun/nio/fs/NativeBuffer; @ 34 c2
Event: 7.758 Thread 0x00000197d08d7100 DEOPT PACKING pc=0x0000019787f04914 sp=0x00000022ec8fdcd0
Event: 7.758 Thread 0x00000197d08d7100 DEOPT UNPACKING pc=0x00000197874a3aa2 sp=0x00000022ec8fdc58 mode 2

Classes loaded (20 events):
Event: 7.754 Loading class com/sun/security/sasl/Provider$1
Event: 7.754 Loading class com/sun/security/sasl/Provider$1 done
Event: 7.754 Loading class com/sun/security/sasl/Provider$ProviderService
Event: 7.754 Loading class com/sun/security/sasl/Provider$ProviderService done
Event: 7.754 Loading class sun/security/provider/certpath/ldap/JdkLDAP
Event: 7.754 Loading class sun/security/provider/certpath/ldap/JdkLDAP done
Event: 7.755 Loading class sun/security/provider/certpath/ldap/JdkLDAP$ProviderService
Event: 7.755 Loading class sun/security/provider/certpath/ldap/JdkLDAP$ProviderService done
Event: 7.756 Loading class sun/nio/ch/ServerSocketChannelImpl
Event: 7.756 Loading class sun/nio/ch/ServerSocketChannelImpl done
Event: 7.757 Loading class java/nio/BufferMismatch
Event: 7.757 Loading class java/nio/BufferMismatch done
Event: 7.757 Loading class sun/nio/ch/SourceChannelImpl
Event: 7.757 Loading class java/nio/channels/Pipe$SourceChannel
Event: 7.757 Loading class java/nio/channels/Pipe$SourceChannel done
Event: 7.758 Loading class sun/nio/ch/SourceChannelImpl done
Event: 7.758 Loading class sun/nio/ch/SinkChannelImpl
Event: 7.758 Loading class java/nio/channels/Pipe$SinkChannel
Event: 7.758 Loading class java/nio/channels/Pipe$SinkChannel done
Event: 7.758 Loading class sun/nio/ch/SinkChannelImpl done

Classes unloaded (7 events):
Event: 1.974 Thread 0x00000197f3244060 Unloading class 0x00000197901a5400 'java/lang/invoke/LambdaForm$MH+0x00000197901a5400'
Event: 1.974 Thread 0x00000197f3244060 Unloading class 0x00000197901a5000 'java/lang/invoke/LambdaForm$MH+0x00000197901a5000'
Event: 1.974 Thread 0x00000197f3244060 Unloading class 0x00000197901a4c00 'java/lang/invoke/LambdaForm$MH+0x00000197901a4c00'
Event: 1.974 Thread 0x00000197f3244060 Unloading class 0x00000197901a4800 'java/lang/invoke/LambdaForm$MH+0x00000197901a4800'
Event: 1.974 Thread 0x00000197f3244060 Unloading class 0x00000197901a4400 'java/lang/invoke/LambdaForm$BMH+0x00000197901a4400'
Event: 1.974 Thread 0x00000197f3244060 Unloading class 0x00000197901a4000 'java/lang/invoke/LambdaForm$DMH+0x00000197901a4000'
Event: 1.974 Thread 0x00000197f3244060 Unloading class 0x00000197901a2c00 'java/lang/invoke/LambdaForm$DMH+0x00000197901a2c00'

Classes redefined (0 events):
No events

Internal exceptions (20 events):
Event: 6.144 Thread 0x00000197d08d7100 Exception <a 'java/lang/NoSuchMethodError'{0x00000000eac939d8}: 'java.lang.Object java.lang.invoke.DirectMethodHandle$Holder.invokeStatic(java.lang.Object, java.lang.Object, java.lang.Object, java.lang.Object, java.lang.Object, java.lang.Object, java.lang.Object, java.lang.Object, java.lang.Object, java.lang.Object, java.lang.Object, java.lang.Object, java.lang.Object, java.lang.Object, java.lang.Object, java.lang.Object, java.lang.Object)'> (0x00000000eac939d8) 
thrown [s\src\hotspot\share\interpreter\lin
Event: 6.146 Thread 0x00000197d08d7100 Exception <a 'java/lang/NoSuchMethodError'{0x00000000eacc0468}: 'java.lang.Object java.lang.invoke.DirectMethodHandle$Holder.invokeStatic(java.lang.Object, java.lang.Object, java.lang.Object, java.lang.Object, java.lang.Object, java.lang.Object, java.lang.Object, java.lang.Object, java.lang.Object, java.lang.Object, java.lang.Object, java.lang.Object, java.lang.Object, java.lang.Object, java.lang.Object, java.lang.Object, java.lang.Object, java.lang.Object)'> (0x00000000eacc0468) 
thrown [s\src\hotspot\sha
Event: 6.147 Thread 0x00000197d08d7100 Exception <a 'java/lang/NoSuchMethodError'{0x00000000eacef698}: 'java.lang.Object java.lang.invoke.DirectMethodHandle$Holder.invokeStatic(java.lang.Object, java.lang.Object, java.lang.Object, java.lang.Object, java.lang.Object, java.lang.Object, java.lang.Object, java.lang.Object, java.lang.Object, java.lang.Object, java.lang.Object, java.lang.Object, java.lang.Object, java.lang.Object, java.lang.Object, java.lang.Object, java.lang.Object, java.lang.Object, java.lang.Object)'> (0x00000000eacef698) 
thrown 
Event: 6.148 Thread 0x00000197d08d7100 Exception <a 'java/lang/NoSuchMethodError'{0x00000000ead1e628}: 'java.lang.Object java.lang.invoke.DirectMethodHandle$Holder.invokeStatic(java.lang.Object, java.lang.Object, java.lang.Object, java.lang.Object, java.lang.Object, java.lang.Object, java.lang.Object, java.lang.Object, java.lang.Object, java.lang.Object, java.lang.Object, java.lang.Object, java.lang.Object, java.lang.Object, java.lang.Object, java.lang.Object, java.lang.Object, java.lang.Object, java.lang.Object, java.lang.Object)'> (0x00000000
Event: 6.150 Thread 0x00000197d08d7100 Exception <a 'java/lang/NoSuchMethodError'{0x00000000ead4ea78}: 'java.lang.Object java.lang.invoke.DirectMethodHandle$Holder.invokeStatic(java.lang.Object, java.lang.Object, java.lang.Object, java.lang.Object, java.lang.Object, java.lang.Object, java.lang.Object, java.lang.Object, java.lang.Object, java.lang.Object, java.lang.Object, java.lang.Object, java.lang.Object, java.lang.Object, java.lang.Object, java.lang.Object, java.lang.Object, java.lang.Object, java.lang.Object, java.lang.Object, java.lang.Obj
Event: 6.151 Thread 0x00000197d08d7100 Exception <a 'java/lang/NoSuchMethodError'{0x00000000ead7fb48}: 'java.lang.Object java.lang.invoke.DirectMethodHandle$Holder.invokeStatic(java.lang.Object, java.lang.Object, java.lang.Object, java.lang.Object, java.lang.Object, java.lang.Object, java.lang.Object, java.lang.Object, java.lang.Object, java.lang.Object, java.lang.Object, java.lang.Object, java.lang.Object, java.lang.Object, java.lang.Object, java.lang.Object, java.lang.Object, java.lang.Object, java.lang.Object, java.lang.Object, java.lang.Obj
Event: 6.153 Thread 0x00000197d08d7100 Exception <a 'java/lang/NoSuchMethodError'{0x00000000eadb17f0}: 'java.lang.Object java.lang.invoke.DirectMethodHandle$Holder.invokeStatic(java.lang.Object, java.lang.Object, java.lang.Object, java.lang.Object, java.lang.Object, java.lang.Object, java.lang.Object, java.lang.Object, java.lang.Object, java.lang.Object, java.lang.Object, java.lang.Object, java.lang.Object, java.lang.Object, java.lang.Object, java.lang.Object, java.lang.Object, java.lang.Object, java.lang.Object, java.lang.Object, java.lang.Obj
Event: 6.154 Thread 0x00000197d08d7100 Exception <a 'java/lang/NoSuchMethodError'{0x00000000eade3d38}: 'java.lang.Object java.lang.invoke.DirectMethodHandle$Holder.invokeStatic(java.lang.Object, java.lang.Object, java.lang.Object, java.lang.Object, java.lang.Object, java.lang.Object, java.lang.Object, java.lang.Object, java.lang.Object, java.lang.Object, java.lang.Object, java.lang.Object, java.lang.Object, java.lang.Object, java.lang.Object, java.lang.Object, java.lang.Object, java.lang.Object, java.lang.Object, java.lang.Object, java.lang.Obj
Event: 6.156 Thread 0x00000197d08d7100 Exception <a 'java/lang/NoSuchMethodError'{0x00000000eae183c8}: 'java.lang.Object java.lang.invoke.DirectMethodHandle$Holder.invokeStatic(java.lang.Object, java.lang.Object, java.lang.Object, java.lang.Object, java.lang.Object, java.lang.Object, java.lang.Object, java.lang.Object, java.lang.Object, java.lang.Object, java.lang.Object, java.lang.Object, java.lang.Object, java.lang.Object, java.lang.Object, java.lang.Object, java.lang.Object, java.lang.Object, java.lang.Object, java.lang.Object, java.lang.Obj
Event: 6.159 Thread 0x00000197d08d7100 Exception <a 'java/lang/NoSuchMethodError'{0x00000000eae3e1b0}: 'java.lang.Object java.lang.invoke.DirectMethodHandle$Holder.invokeSpecial(java.lang.Object, java.lang.Object, java.lang.Object, java.lang.Object, java.lang.Object, java.lang.Object, java.lang.Object, java.lang.Object, java.lang.Object, java.lang.Object, java.lang.Object, java.lang.Object, java.lang.Object, java.lang.Object, java.lang.Object, java.lang.Object, java.lang.Object, java.lang.Object, java.lang.Object, java.lang.Object, java.lang.Ob
Event: 6.160 Thread 0x00000197d08d7100 Exception <a 'java/lang/NoSuchMethodError'{0x00000000eae53998}: 'java.lang.Object java.lang.invoke.DirectMethodHandle$Holder.newInvokeSpecial(java.lang.Object, java.lang.Object, java.lang.Object, java.lang.Object, java.lang.Object, java.lang.Object, java.lang.Object, java.lang.Object, java.lang.Object, java.lang.Object, java.lang.Object, java.lang.Object, java.lang.Object, java.lang.Object, java.lang.Object, java.lang.Object, java.lang.Object, java.lang.Object, java.lang.Object, java.lang.Object, java.lang
Event: 6.160 Thread 0x00000197d08d7100 Exception <a 'java/lang/NoSuchMethodError'{0x00000000eae59b90}: 'java.lang.Object java.lang.invoke.Invokers$Holder.linkToTargetMethod(java.lang.Object, java.lang.Object, java.lang.Object, java.lang.Object, java.lang.Object, java.lang.Object, java.lang.Object, java.lang.Object, java.lang.Object, java.lang.Object, java.lang.Object, java.lang.Object, java.lang.Object, java.lang.Object, java.lang.Object, java.lang.Object, java.lang.Object, java.lang.Object, java.lang.Object, java.lang.Object, java.lang.Object,
Event: 6.161 Thread 0x00000197d08d7100 Exception <a 'java/lang/NoSuchMethodError'{0x00000000eae5ed58}: 'java.lang.Object java.lang.invoke.DirectMethodHandle$Holder.invokeVirtual(java.lang.Object, java.lang.Object, java.lang.Object, java.lang.Object, java.lang.Object, java.lang.Object, java.lang.Object, java.lang.Object, java.lang.Object, java.lang.Object)'> (0x00000000eae5ed58) 
thrown [s\src\hotspot\share\interpreter\linkResolver.cpp, line 773]
Event: 6.179 Thread 0x00000197d08d7100 Exception <a 'java/lang/NoSuchMethodError'{0x00000000eaffb4c0}: 'java.lang.Object java.lang.invoke.DirectMethodHandle$Holder.invokeVirtual(java.lang.Object, java.lang.Object, java.lang.Object, java.lang.Object, java.lang.Object, java.lang.Object, java.lang.Object, java.lang.Object, java.lang.Object)'> (0x00000000eaffb4c0) 
thrown [s\src\hotspot\share\interpreter\linkResolver.cpp, line 773]
Event: 6.203 Thread 0x00000197d08d7100 Exception <a 'java/lang/NoSuchMethodError'{0x00000000eb23a058}: 'java.lang.Object java.lang.invoke.DirectMethodHandle$Holder.invokeVirtual(java.lang.Object, java.lang.Object, java.lang.Object, java.lang.Object, java.lang.Object, java.lang.Object, java.lang.Object, java.lang.Object)'> (0x00000000eb23a058) 
thrown [s\src\hotspot\share\interpreter\linkResolver.cpp, line 773]
Event: 6.209 Thread 0x00000197d08d7100 Exception <a 'java/lang/NoSuchMethodError'{0x00000000eb2b1b60}: 'long java.lang.invoke.DirectMethodHandle$Holder.invokeVirtual(java.lang.Object, java.lang.Object)'> (0x00000000eb2b1b60) 
thrown [s\src\hotspot\share\interpreter\linkResolver.cpp, line 773]
Event: 6.210 Thread 0x00000197d08d7100 Exception <a 'java/lang/NoSuchMethodError'{0x00000000eb2b4f60}: 'long java.lang.invoke.DelegatingMethodHandle$Holder.reinvoke_L(java.lang.Object, java.lang.Object)'> (0x00000000eb2b4f60) 
thrown [s\src\hotspot\share\interpreter\linkResolver.cpp, line 773]
Event: 6.316 Thread 0x00000197d08d4310 Exception <a 'java/lang/NoSuchMethodError'{0x00000000eaba3da8}: 'void java.lang.invoke.DirectMethodHandle$Holder.invokeStatic(java.lang.Object, long)'> (0x00000000eaba3da8) 
thrown [s\src\hotspot\share\interpreter\linkResolver.cpp, line 773]
Event: 6.418 Thread 0x00000197d08d4310 Exception <a 'java/lang/NoSuchMethodError'{0x00000000eabc7f48}: 'void java.lang.invoke.DirectMethodHandle$Holder.invokeSpecial(java.lang.Object, java.lang.Object, int)'> (0x00000000eabc7f48) 
thrown [s\src\hotspot\share\interpreter\linkResolver.cpp, line 773]
Event: 6.419 Thread 0x00000197d08d4310 Exception <a 'java/lang/NoSuchMethodError'{0x00000000eabcd370}: 'java.lang.Object java.lang.invoke.DirectMethodHandle$Holder.newInvokeSpecial(java.lang.Object, java.lang.Object, int)'> (0x00000000eabcd370) 
thrown [s\src\hotspot\share\interpreter\linkResolver.cpp, line 773]

ZGC Phase Switch (0 events):
No events

VM Operations (20 events):
Event: 5.794 Executing VM operation: ParallelGCFailedAllocation (Allocation Failure)
Event: 5.794 Executing VM operation: ParallelGCFailedAllocation (Allocation Failure) done
Event: 5.841 Executing VM operation: ParallelGCFailedAllocation (Allocation Failure)
Event: 5.842 Executing VM operation: ParallelGCFailedAllocation (Allocation Failure) done
Event: 5.910 Executing VM operation: ParallelGCFailedAllocation (Allocation Failure)
Event: 5.912 Executing VM operation: ParallelGCFailedAllocation (Allocation Failure) done
Event: 5.973 Executing VM operation: ParallelGCFailedAllocation (Allocation Failure)
Event: 5.974 Executing VM operation: ParallelGCFailedAllocation (Allocation Failure) done
Event: 6.123 Executing VM operation: ParallelGCFailedAllocation (Allocation Failure)
Event: 6.124 Executing VM operation: ParallelGCFailedAllocation (Allocation Failure) done
Event: 6.187 Executing VM operation: HandshakeAllThreads (Deoptimize)
Event: 6.187 Executing VM operation: HandshakeAllThreads (Deoptimize) done
Event: 6.300 Executing VM operation: ParallelGCFailedAllocation (Allocation Failure)
Event: 6.301 Executing VM operation: ParallelGCFailedAllocation (Allocation Failure) done
Event: 6.357 Executing VM operation: HandshakeAllThreads (Deoptimize)
Event: 6.357 Executing VM operation: HandshakeAllThreads (Deoptimize) done
Event: 7.357 Executing VM operation: Cleanup
Event: 7.357 Executing VM operation: Cleanup done
Event: 7.741 Executing VM operation: HandshakeAllThreads (Deoptimize)
Event: 7.742 Executing VM operation: HandshakeAllThreads (Deoptimize) done

Memory protections (0 events):
No events

Nmethod flushes (20 events):
Event: 5.359 Thread 0x00000197f3244060 flushing  nmethod 0x0000019780972790
Event: 5.359 Thread 0x00000197f3244060 flushing  nmethod 0x000001978097ca90
Event: 5.359 Thread 0x00000197f3244060 flushing  nmethod 0x0000019780991f90
Event: 5.359 Thread 0x00000197f3244060 flushing  nmethod 0x00000197809af910
Event: 5.359 Thread 0x00000197f3244060 flushing  nmethod 0x00000197809b1410
Event: 5.359 Thread 0x00000197f3244060 flushing  nmethod 0x00000197809b9110
Event: 5.359 Thread 0x00000197f3244060 flushing  nmethod 0x00000197809d2a10
Event: 5.359 Thread 0x00000197f3244060 flushing  nmethod 0x00000197809dd710
Event: 5.359 Thread 0x00000197f3244060 flushing  nmethod 0x00000197809e3010
Event: 5.359 Thread 0x00000197f3244060 flushing  nmethod 0x00000197809e3a10
Event: 5.359 Thread 0x00000197f3244060 flushing  nmethod 0x00000197809e3e90
Event: 5.359 Thread 0x00000197f3244060 flushing  nmethod 0x00000197809e5790
Event: 5.359 Thread 0x00000197f3244060 flushing  nmethod 0x00000197809e7290
Event: 5.359 Thread 0x00000197f3244060 flushing  nmethod 0x00000197809e7a10
Event: 5.359 Thread 0x00000197f3244060 flushing  nmethod 0x00000197809e8410
Event: 5.359 Thread 0x00000197f3244060 flushing  nmethod 0x00000197809eab90
Event: 5.359 Thread 0x00000197f3244060 flushing  nmethod 0x00000197809f5090
Event: 5.359 Thread 0x00000197f3244060 flushing  nmethod 0x0000019780a38d10
Event: 5.359 Thread 0x00000197f3244060 flushing  nmethod 0x0000019780a39390
Event: 5.359 Thread 0x00000197f3244060 flushing  nmethod 0x0000019780a3aa10

Events (20 events):
Event: 5.900 Thread 0x00000197fcdb5d30 Thread added: 0x00000197fcdb3b20
Event: 6.223 Thread 0x00000197d08d7100 Thread added: 0x00000197d08d56c0
Event: 6.307 Thread 0x00000197d08d7100 Thread added: 0x00000197d08d4310
Event: 6.320 Thread 0x00000197d08d4310 Thread added: 0x00000197d08db2a0
Event: 6.320 Thread 0x00000197d08d4310 Thread added: 0x00000197d08d91d0
Event: 6.420 Thread 0x00000197fcdb3b20 Thread exited: 0x00000197fcdb3b20
Event: 6.472 Thread 0x00000197d08d7100 Thread added: 0x00000197d08da580
Event: 6.477 Thread 0x00000197d08da580 Thread added: 0x00000197d08d7e20
Event: 6.478 Thread 0x00000197d08da580 Thread added: 0x00000197d08d9860
Event: 6.478 Thread 0x00000197d08d7e20 Thread exited: 0x00000197d08d7e20
Event: 6.770 Thread 0x00000197fcdb5d30 Thread exited: 0x00000197fcdb5d30
Event: 6.770 Thread 0x00000197fcdb6400 Thread exited: 0x00000197fcdb6400
Event: 6.780 Thread 0x00000197fcdb6ad0 Thread exited: 0x00000197fcdb6ad0
Event: 6.835 Thread 0x00000197fcdb5660 Thread exited: 0x00000197fcdb5660
Event: 6.835 Thread 0x00000197fcdb48c0 Thread exited: 0x00000197fcdb48c0
Event: 6.871 Thread 0x00000197f475f9a0 Thread exited: 0x00000197f475f9a0
Event: 6.887 Thread 0x00000197fbffea00 Thread exited: 0x00000197fbffea00
Event: 7.723 Thread 0x00000197f475ec00 Thread exited: 0x00000197f475ec00
Event: 7.723 Thread 0x00000197d08da580 Thread exited: 0x00000197d08da580
Event: 7.723 Thread 0x00000197d08d9860 Thread exited: 0x00000197d08d9860


Dynamic libraries:
0x00007ff78b000000 - 0x00007ff78b00e000 	c:\Users\admin\.cursor\extensions\redhat.java-1.42.0-win32-x64\jre\21.0.7-win32-x86_64\bin\java.exe
0x00007ffd56dc0000 - 0x00007ffd57026000 	C:\WINDOWS\SYSTEM32\ntdll.dll
0x00007ffd54b80000 - 0x00007ffd54c49000 	C:\WINDOWS\System32\KERNEL32.DLL
0x00007ffd53f50000 - 0x00007ffd5431c000 	C:\WINDOWS\System32\KERNELBASE.dll
0x00007ffd54a30000 - 0x00007ffd54b7b000 	C:\WINDOWS\System32\ucrtbase.dll
0x00007ffd3a600000 - 0x00007ffd3a618000 	c:\Users\admin\.cursor\extensions\redhat.java-1.42.0-win32-x64\jre\21.0.7-win32-x86_64\bin\jli.dll
0x00007ffd3a300000 - 0x00007ffd3a31e000 	c:\Users\admin\.cursor\extensions\redhat.java-1.42.0-win32-x64\jre\21.0.7-win32-x86_64\bin\VCRUNTIME140.dll
0x00007ffd55e30000 - 0x00007ffd55ffa000 	C:\WINDOWS\System32\USER32.dll
0x00007ffd54960000 - 0x00007ffd54987000 	C:\WINDOWS\System32\win32u.dll
0x00007ffd562a0000 - 0x00007ffd562cb000 	C:\WINDOWS\System32\GDI32.dll
0x00007ffd407f0000 - 0x00007ffd40a8a000 	C:\WINDOWS\WinSxS\amd64_microsoft.windows.common-controls_6595b64144ccf1df_6.0.26100.3912_none_3e07963ce335137e\COMCTL32.dll
0x00007ffd54820000 - 0x00007ffd54952000 	C:\WINDOWS\System32\gdi32full.dll
0x00007ffd56140000 - 0x00007ffd561e9000 	C:\WINDOWS\System32\msvcrt.dll
0x00007ffd54320000 - 0x00007ffd543c3000 	C:\WINDOWS\System32\msvcp_win.dll
0x00007ffd55a20000 - 0x00007ffd55a50000 	C:\WINDOWS\System32\IMM32.DLL
0x00007ffd49db0000 - 0x00007ffd49dbc000 	c:\Users\admin\.cursor\extensions\redhat.java-1.42.0-win32-x64\jre\21.0.7-win32-x86_64\bin\vcruntime140_1.dll
0x00007ffd24360000 - 0x00007ffd243ed000 	c:\Users\admin\.cursor\extensions\redhat.java-1.42.0-win32-x64\jre\21.0.7-win32-x86_64\bin\msvcp140.dll
0x00007ffcbe940000 - 0x00007ffcbf6d0000 	c:\Users\admin\.cursor\extensions\redhat.java-1.42.0-win32-x64\jre\21.0.7-win32-x86_64\bin\server\jvm.dll
0x00007ffd55a70000 - 0x00007ffd55b22000 	C:\WINDOWS\System32\ADVAPI32.dll
0x00007ffd561f0000 - 0x00007ffd56296000 	C:\WINDOWS\System32\sechost.dll
0x00007ffd54de0000 - 0x00007ffd54ef6000 	C:\WINDOWS\System32\RPCRT4.dll
0x00007ffd560b0000 - 0x00007ffd56124000 	C:\WINDOWS\System32\WS2_32.dll
0x00007ffd53dc0000 - 0x00007ffd53e1e000 	C:\WINDOWS\SYSTEM32\POWRPROF.dll
0x00007ffd4d250000 - 0x00007ffd4d25b000 	C:\WINDOWS\SYSTEM32\VERSION.dll
0x00007ffd44840000 - 0x00007ffd44876000 	C:\WINDOWS\SYSTEM32\WINMM.dll
0x00007ffd53da0000 - 0x00007ffd53db4000 	C:\WINDOWS\SYSTEM32\UMPDC.dll
0x00007ffd52d10000 - 0x00007ffd52d2a000 	C:\WINDOWS\SYSTEM32\kernel.appcore.dll
0x00007ffd48f30000 - 0x00007ffd48f3a000 	c:\Users\admin\.cursor\extensions\redhat.java-1.42.0-win32-x64\jre\21.0.7-win32-x86_64\bin\jimage.dll
0x00007ffd087a0000 - 0x00007ffd089e1000 	C:\WINDOWS\SYSTEM32\DBGHELP.DLL
0x00007ffd562d0000 - 0x00007ffd56654000 	C:\WINDOWS\System32\combase.dll
0x00007ffd56c90000 - 0x00007ffd56d70000 	C:\WINDOWS\System32\OLEAUT32.dll
0x00007ffd32580000 - 0x00007ffd325b9000 	C:\WINDOWS\SYSTEM32\dbgcore.DLL
0x00007ffd54990000 - 0x00007ffd54a29000 	C:\WINDOWS\System32\bcryptPrimitives.dll
0x00007ffd44e20000 - 0x00007ffd44e2f000 	c:\Users\admin\.cursor\extensions\redhat.java-1.42.0-win32-x64\jre\21.0.7-win32-x86_64\bin\instrument.dll
0x00007ffd399f0000 - 0x00007ffd39a0f000 	c:\Users\admin\.cursor\extensions\redhat.java-1.42.0-win32-x64\jre\21.0.7-win32-x86_64\bin\java.dll
0x00007ffd54f00000 - 0x00007ffd5562d000 	C:\WINDOWS\System32\SHELL32.dll
0x00007ffd546a0000 - 0x00007ffd54814000 	C:\WINDOWS\System32\wintypes.dll
0x00007ffd51c00000 - 0x00007ffd52456000 	C:\WINDOWS\SYSTEM32\windows.storage.dll
0x00007ffd54c50000 - 0x00007ffd54d3f000 	C:\WINDOWS\System32\SHCORE.dll
0x00007ffd559b0000 - 0x00007ffd55a19000 	C:\WINDOWS\System32\shlwapi.dll
0x00007ffd53e30000 - 0x00007ffd53e5f000 	C:\WINDOWS\SYSTEM32\profapi.dll
0x00007ffd397b0000 - 0x00007ffd397c8000 	c:\Users\admin\.cursor\extensions\redhat.java-1.42.0-win32-x64\jre\21.0.7-win32-x86_64\bin\zip.dll
0x00007ffd3db80000 - 0x00007ffd3db90000 	C:\Users\admin\.cursor\extensions\redhat.java-1.42.0-win32-x64\jre\21.0.7-win32-x86_64\bin\net.dll
0x00007ffd4d260000 - 0x00007ffd4d37e000 	C:\WINDOWS\SYSTEM32\WINHTTP.dll
0x0000000180000000 - 0x000000018008c000 	C:\WINDOWS\system32\ASProxy64.dll
0x00007ffd55b50000 - 0x00007ffd55cef000 	C:\WINDOWS\System32\ole32.dll
0x00007ffd53280000 - 0x00007ffd532ea000 	C:\WINDOWS\SYSTEM32\MSWSOCK.dll
0x00007ffd52750000 - 0x00007ffd52783000 	C:\WINDOWS\SYSTEM32\IPHLPAPI.DLL
0x00007ffd52fb0000 - 0x00007ffd52ff8000 	C:\WINDOWS\SYSTEM32\SspiCli.dll
0x00007ffd38e10000 - 0x00007ffd38e26000 	C:\Users\admin\.cursor\extensions\redhat.java-1.42.0-win32-x64\jre\21.0.7-win32-x86_64\bin\nio.dll
0x00007ffd3d950000 - 0x00007ffd3d960000 	c:\Users\admin\.cursor\extensions\redhat.java-1.42.0-win32-x64\jre\21.0.7-win32-x86_64\bin\verify.dll
0x00007ffd51220000 - 0x00007ffd512cf000 	C:\WINDOWS\system32\uxtheme.dll
0x00007ffd2e2d0000 - 0x00007ffd2e315000 	C:\Users\admin\AppData\Roaming\Cursor\User\globalStorage\redhat.java\1.42.0\config_win\org.eclipse.equinox.launcher\org.eclipse.equinox.launcher.win32.win32.x86_64_1.2.1300.v20250331-1702\eclipse_11911.dll
0x00007ffd53520000 - 0x00007ffd5353c000 	C:\WINDOWS\SYSTEM32\CRYPTSP.dll
0x00007ffd52c70000 - 0x00007ffd52caa000 	C:\WINDOWS\system32\rsaenh.dll
0x00007ffd53320000 - 0x00007ffd5334b000 	C:\WINDOWS\SYSTEM32\USERENV.dll
0x00007ffd53e70000 - 0x00007ffd53e96000 	C:\WINDOWS\SYSTEM32\bcrypt.dll
0x00007ffd53540000 - 0x00007ffd5354c000 	C:\WINDOWS\SYSTEM32\CRYPTBASE.dll
0x00007ffd56130000 - 0x00007ffd5613a000 	C:\WINDOWS\System32\NSI.dll
0x00007ffd50fa0000 - 0x00007ffd50faa000 	C:\Users\admin\.cursor\extensions\redhat.java-1.42.0-win32-x64\jre\21.0.7-win32-x86_64\bin\management.dll
0x00007ffd50f90000 - 0x00007ffd50f9b000 	C:\Users\admin\.cursor\extensions\redhat.java-1.42.0-win32-x64\jre\21.0.7-win32-x86_64\bin\management_ext.dll
0x00007ffd55a60000 - 0x00007ffd55a68000 	C:\WINDOWS\System32\PSAPI.DLL
0x00007ffd2e0f0000 - 0x00007ffd2e139000 	C:\Users\admin\AppData\Local\Temp\jna-92668751\jna12772748368252465335.dll
0x00007ffd4ce10000 - 0x00007ffd4ce2f000 	C:\WINDOWS\SYSTEM32\dhcpcsvc6.DLL
0x00007ffd4cda0000 - 0x00007ffd4cdc5000 	C:\WINDOWS\SYSTEM32\dhcpcsvc.DLL
0x00007ffd395c0000 - 0x00007ffd395e7000 	C:\Users\admin\.gradle\native\1def1411415f61bf3af743bc5b6707747c0891f09f0c88961ee8f79bc544acac\windows-amd64\native-platform.dll
0x00007ffd50f80000 - 0x00007ffd50f89000 	C:\Users\admin\.cursor\extensions\redhat.java-1.42.0-win32-x64\jre\21.0.7-win32-x86_64\bin\extnet.dll
0x00007ffd395b0000 - 0x00007ffd395be000 	C:\Users\admin\.cursor\extensions\redhat.java-1.42.0-win32-x64\jre\21.0.7-win32-x86_64\bin\sunmscapi.dll
0x00007ffd54460000 - 0x00007ffd545d7000 	C:\WINDOWS\System32\CRYPT32.dll
0x00007ffd53730000 - 0x00007ffd53760000 	C:\WINDOWS\SYSTEM32\ncrypt.dll
0x00007ffd536e0000 - 0x00007ffd5371f000 	C:\WINDOWS\SYSTEM32\NTASN1.dll
0x00007ffd399e0000 - 0x00007ffd399e8000 	C:\WINDOWS\system32\wshunix.dll

dbghelp: loaded successfully - version: 4.0.5 - missing functions: none
symbol engine: initialized successfully - sym options: 0x614 - pdb path: .;c:\Users\admin\.cursor\extensions\redhat.java-1.42.0-win32-x64\jre\21.0.7-win32-x86_64\bin;C:\WINDOWS\SYSTEM32;C:\WINDOWS\WinSxS\amd64_microsoft.windows.common-controls_6595b64144ccf1df_6.0.26100.3912_none_3e07963ce335137e;c:\Users\admin\.cursor\extensions\redhat.java-1.42.0-win32-x64\jre\21.0.7-win32-x86_64\bin\server;C:\Users\admin\AppData\Roaming\Cursor\User\globalStorage\redhat.java\1.42.0\config_win\org.eclipse.equinox.launcher\org.eclipse.equinox.launcher.win32.win32.x86_64_1.2.1300.v20250331-1702;C:\Users\admin\AppData\Local\Temp\jna-92668751;C:\Users\admin\.gradle\native\1def1411415f61bf3af743bc5b6707747c0891f09f0c88961ee8f79bc544acac\windows-amd64

VM Arguments:
jvm_args: --add-modules=ALL-SYSTEM --add-opens=java.base/java.util=ALL-UNNAMED --add-opens=java.base/java.lang=ALL-UNNAMED --add-opens=java.base/sun.nio.fs=ALL-UNNAMED -Declipse.application=org.eclipse.jdt.ls.core.id1 -Dosgi.bundles.defaultStartLevel=4 -Declipse.product=org.eclipse.jdt.ls.core.product -Djava.import.generatesMetadataFilesAtProjectRoot=false -DDetectVMInstallationsJob.disabled=true -Dfile.encoding=utf8 -XX:+UseParallelGC -XX:GCTimeRatio=4 -XX:AdaptiveSizePolicyWeight=90 -Dsun.zip.disableMemoryMapping=true -Xmx1G -Xms100m -Xlog:disable -javaagent:c:\Users\admin\.cursor\extensions\redhat.java-1.42.0-win32-x64\lombok\lombok-1.18.36.jar -XX:+HeapDumpOnOutOfMemoryError -XX:HeapDumpPath=c:\Users\admin\AppData\Roaming\Cursor\User\workspaceStorage\0426a641ec518546e312a5bf184515bb\redhat.java -Daether.dependencyCollector.impl=bf 
java_command: c:\Users\admin\.cursor\extensions\redhat.java-1.42.0-win32-x64\server\plugins\org.eclipse.equinox.launcher_1.7.0.v20250424-1814.jar -configuration c:\Users\admin\AppData\Roaming\Cursor\User\globalStorage\redhat.java\1.42.0\config_win -data c:\Users\admin\AppData\Roaming\Cursor\User\workspaceStorage\0426a641ec518546e312a5bf184515bb\redhat.java\jdt_ws --pipe=\\.\pipe\lsp-e601bbc152947118daee083139dc87be-sock
java_class_path (initial): c:\Users\admin\.cursor\extensions\redhat.java-1.42.0-win32-x64\server\plugins\org.eclipse.equinox.launcher_1.7.0.v20250424-1814.jar
Launcher Type: SUN_STANDARD

[Global flags]
    uintx AdaptiveSizePolicyWeight                 = 90                                        {product} {command line}
     intx CICompilerCount                          = 12                                        {product} {ergonomic}
    uintx GCTimeRatio                              = 4                                         {product} {command line}
     bool HeapDumpOnOutOfMemoryError               = true                                   {manageable} {command line}
    ccstr HeapDumpPath                             = c:\Users\admin\AppData\Roaming\Cursor\User\workspaceStorage\0426a641ec518546e312a5bf184515bb\redhat.java         {manageable} {command line}
   size_t InitialHeapSize                          = 104857600                                 {product} {command line}
   size_t MaxHeapSize                              = 1073741824                                {product} {command line}
   size_t MaxNewSize                               = 357564416                                 {product} {ergonomic}
   size_t MinHeapDeltaBytes                        = 524288                                    {product} {ergonomic}
   size_t MinHeapSize                              = 104857600                                 {product} {command line}
   size_t NewSize                                  = 34603008                                  {product} {ergonomic}
    uintx NonNMethodCodeHeapSize                   = 7602480                                {pd product} {ergonomic}
    uintx NonProfiledCodeHeapSize                  = 122027880                              {pd product} {ergonomic}
   size_t OldSize                                  = 70254592                                  {product} {ergonomic}
    uintx ProfiledCodeHeapSize                     = 122027880                              {pd product} {ergonomic}
    uintx ReservedCodeCacheSize                    = 251658240                              {pd product} {ergonomic}
     bool SegmentedCodeCache                       = true                                      {product} {ergonomic}
   size_t SoftMaxHeapSize                          = 1073741824                             {manageable} {ergonomic}
     bool UseCompressedOops                        = true                           {product lp64_product} {ergonomic}
     bool UseLargePagesIndividualAllocation        = false                                  {pd product} {ergonomic}
     bool UseParallelGC                            = true                                      {product} {command line}

Logging:
Log output configuration:
 #0: stdout all=off uptime,level,tags foldmultilines=false
 #1: stderr all=off uptime,level,tags foldmultilines=false

Environment Variables:
JAVA_HOME=C:\Program Files\OpenLogic\jdk-17.0.15.6-hotspot
PATH=C:\Program Files\Common Files\Oracle\Java\javapath;C:\Program Files\OpenLogic\jdk-17.0.15.6-hotspot\bin;C:\WINDOWS\system32;C:\WINDOWS;C:\WINDOWS\System32\Wbem;C:\WINDOWS\System32\WindowsPowerShell\v1.0\;C:\WINDOWS\System32\OpenSSH\;C:\Program Files\dotnet\;C:\Program Files\Microsoft SQL Server\130\Tools\Binn\;C:\Program Files\Git\cmd;C:\Users\admin\AppData\Roaming\nvm;C:\Program Files\nodejs;C:\Program Files\Microsoft SQL Server\150\Tools\Binn\;C:\Users\admin\AppData\Local\Microsoft\WindowsApps;C:\Users\admin\AppData\Roaming\npm;C:\Users\admin\AppData\Local\Programs\Microsoft VS Code\bin;C:\Users\admin\AppData\Roaming\nvm;C:\Program Files\nodejs;C:\Users\admin\AppData\Local\Android\Sdk\platform-tools;C:\Users\admin\AppData\Local\Programs\cursor\resources\app\bin;C:\;C:\Users\admin\.dotnet\tools
USERNAME=admin
OS=Windows_NT
PROCESSOR_IDENTIFIER=Intel64 Family 6 Model 165 Stepping 5, GenuineIntel
TMP=C:\Users\admin\AppData\Local\Temp
TEMP=C:\Users\admin\AppData\Local\Temp




Periodic native trim disabled

---------------  S Y S T E M  ---------------

OS:
 Windows 11 , 64 bit Build 26100 (10.0.26100.3912)
OS uptime: 0 days 3:56 hours

CPU: total 16 (initial active 16) (8 cores per cpu, 2 threads per core) family 6 model 165 stepping 5 microcode 0xec, cx8, cmov, fxsr, ht, mmx, 3dnowpref, sse, sse2, sse3, ssse3, sse4.1, sse4.2, popcnt, lzcnt, tsc, tscinvbit, avx, avx2, aes, erms, clmul, bmi1, bmi2, adx, fma, vzeroupper, clflush, clflushopt, rdtscp, f16c, pku
Processor Information for processor 0
  Max Mhz: 2901, Current Mhz: 2901, Mhz Limit: 2901
Processor Information for processor 1
  Max Mhz: 2901, Current Mhz: 2901, Mhz Limit: 2901
Processor Information for processor 2
  Max Mhz: 2901, Current Mhz: 2000, Mhz Limit: 2901
Processor Information for processor 3
  Max Mhz: 2901, Current Mhz: 2901, Mhz Limit: 2901
Processor Information for processor 4
  Max Mhz: 2901, Current Mhz: 2901, Mhz Limit: 2901
Processor Information for processor 5
  Max Mhz: 2901, Current Mhz: 2000, Mhz Limit: 2901
Processor Information for processor 6
  Max Mhz: 2901, Current Mhz: 2901, Mhz Limit: 2901
Processor Information for processor 7
  Max Mhz: 2901, Current Mhz: 2000, Mhz Limit: 2901
Processor Information for processor 8
  Max Mhz: 2901, Current Mhz: 2901, Mhz Limit: 2901
Processor Information for processor 9
  Max Mhz: 2901, Current Mhz: 2000, Mhz Limit: 2901
Processor Information for processor 10
  Max Mhz: 2901, Current Mhz: 2901, Mhz Limit: 2901
Processor Information for processor 11
  Max Mhz: 2901, Current Mhz: 2000, Mhz Limit: 2901
Processor Information for processor 12
  Max Mhz: 2901, Current Mhz: 2000, Mhz Limit: 2901
Processor Information for processor 13
  Max Mhz: 2901, Current Mhz: 2000, Mhz Limit: 2901
Processor Information for processor 14
  Max Mhz: 2901, Current Mhz: 2000, Mhz Limit: 2901
Processor Information for processor 15
  Max Mhz: 2901, Current Mhz: 2901, Mhz Limit: 2901

Memory: 4k page, system-wide physical 16096M (7836M free)
TotalPageFile size 41696M (AvailPageFile size 25085M)
current process WorkingSet (physical memory assigned to process): 317M, peak: 347M
current process commit charge ("private bytes"): 400M, peak: 431M

vm_info: OpenJDK 64-Bit Server VM (21.0.7+6-LTS) for windows-amd64 JRE (21.0.7+6-LTS), built on 2025-04-15T00:00:00Z by "admin" with MS VC++ 17.7 (VS2022)

END.
