#
# A fatal error has been detected by the Java Runtime Environment:
#
#  EXCEPTION_ACCESS_VIOLATION (0xc0000005) at pc=0x000000018000c274, pid=22168, tid=29200
#
# JRE version: OpenJDK Runtime Environment Temurin-21.0.7+6 (21.0.7+6) (build 21.0.7+6-LTS)
# Java VM: OpenJDK 64-Bit Server VM Temurin-21.0.7+6 (21.0.7+6-LTS, mixed mode, sharing, tiered, compressed oops, compressed class ptrs, parallel gc, windows-amd64)
# Problematic frame:
# C  [ASProxy64.dll+0xc274]
#
# No core dump will be written. Minidumps are not enabled by default on client versions of Windows
#
# If you would like to submit a bug report, please visit:
#   https://github.com/adoptium/adoptium-support/issues
# The crash happened outside the Java Virtual Machine in native code.
# See problematic frame for where to report the bug.
#

---------------  S U M M A R Y ------------

Command Line: --add-modules=ALL-SYSTEM --add-opens=java.base/java.util=ALL-UNNAMED --add-opens=java.base/java.lang=ALL-UNNAMED --add-opens=java.base/sun.nio.fs=ALL-UNNAMED -Declipse.application=org.eclipse.jdt.ls.core.id1 -Dosgi.bundles.defaultStartLevel=4 -Declipse.product=org.eclipse.jdt.ls.core.product -Djava.import.generatesMetadataFilesAtProjectRoot=false -DDetectVMInstallationsJob.disabled=true -Dfile.encoding=utf8 -XX:+UseParallelGC -XX:GCTimeRatio=4 -XX:AdaptiveSizePolicyWeight=90 -Dsun.zip.disableMemoryMapping=true -Xmx1G -Xms100m -Xlog:disable -javaagent:c:\Users\admin\.cursor\extensions\redhat.java-1.42.0-win32-x64\lombok\lombok-1.18.36.jar -XX:+HeapDumpOnOutOfMemoryError -XX:HeapDumpPath=c:\Users\admin\AppData\Roaming\Cursor\User\workspaceStorage\0426a641ec518546e312a5bf184515bb\redhat.java -Daether.dependencyCollector.impl=bf c:\Users\admin\.cursor\extensions\redhat.java-1.42.0-win32-x64\server\plugins\org.eclipse.equinox.launcher_1.7.0.v20250424-1814.jar -configuration c:\Users\admin\AppData\Roaming\Cursor\User\globalStorage\redhat.java\1.42.0\config_win -data c:\Users\admin\AppData\Roaming\Cursor\User\workspaceStorage\0426a641ec518546e312a5bf184515bb\redhat.java\jdt_ws --pipe=\\.\pipe\lsp-2ba196d1663c666b416b050b72e35cc7-sock

Host: Intel(R) Core(TM) i7-10700 CPU @ 2.90GHz, 16 cores, 15G,  Windows 11 , 64 bit Build 26100 (10.0.26100.3912)
Time: Sat May 17 12:27:40 2025 Eastern Daylight Time elapsed time: 7.689671 seconds (0d 0h 0m 7s)

---------------  T H R E A D  ---------------

Current thread (0x0000029fe4564910):  JavaThread "Connection worker"        [_thread_in_native, id=29200, stack(0x000000f3e0080000,0x000000f3e0180000) (1024K)]

Stack: [0x000000f3e0080000,0x000000f3e0180000],  sp=0x000000f3e017dc70,  free space=1015k
Native frames: (J=compiled Java code, j=interpreted, Vv=VM code, C=native code)
C  [ASProxy64.dll+0xc274]

Java frames: (J=compiled Java code, j=interpreted, Vv=VM code)
j  sun.nio.ch.WEPoll.ctl(JIJI)I+0 java.base@21.0.7
j  sun.nio.ch.WEPollSelectorImpl.<init>(Ljava/nio/channels/spi/SelectorProvider;)V+139 java.base@21.0.7
j  sun.nio.ch.WEPollSelectorProvider.openSelector()Ljava/nio/channels/spi/AbstractSelector;+5 java.base@21.0.7
j  java.nio.channels.Selector.open()Ljava/nio/channels/Selector;+3 java.base@21.0.7
j  org.gradle.internal.remote.internal.inet.SocketConnection$SocketInputStream.<init>(Ljava/nio/channels/SocketChannel;)V+17
j  org.gradle.internal.remote.internal.inet.SocketConnection.<init>(Ljava/nio/channels/SocketChannel;Lorg/gradle/internal/remote/internal/MessageSerializer;Lorg/gradle/internal/serialize/StatefulSerializer;)V+27
j  org.gradle.internal.remote.internal.inet.SocketConnectCompletion.create(Lorg/gradle/internal/serialize/StatefulSerializer;)Lorg/gradle/internal/remote/internal/RemoteConnection;+16
j  org.gradle.launcher.daemon.client.DefaultDaemonConnector.connectToDaemon(Lorg/gradle/launcher/daemon/context/DaemonConnectDetails;Lorg/gradle/launcher/daemon/client/DaemonClientConnection$StaleAddressDetector;)Lorg/gradle/launcher/daemon/client/DaemonClientConnection;+45
j  org.gradle.launcher.daemon.client.DefaultDaemonConnector.connectToDaemonWithId(Lorg/gradle/launcher/daemon/diagnostics/DaemonStartupInfo;Lorg/gradle/api/internal/specs/ExplainingSpec;)Lorg/gradle/launcher/daemon/client/DaemonClientConnection;+116
j  org.gradle.launcher.daemon.client.DefaultDaemonConnector.doStartDaemon(Lorg/gradle/api/internal/specs/ExplainingSpec;Z)Lorg/gradle/launcher/daemon/client/DaemonClientConnection;+61
j  org.gradle.launcher.daemon.client.DefaultDaemonConnector.startDaemon(Lorg/gradle/api/internal/specs/ExplainingSpec;)Lorg/gradle/launcher/daemon/client/DaemonClientConnection;+3
j  org.gradle.launcher.daemon.client.DaemonClient.execute(Lorg/gradle/internal/invocation/BuildAction;Lorg/gradle/launcher/exec/BuildActionParameters;Lorg/gradle/internal/daemon/client/execution/ClientBuildRequestContext;)Lorg/gradle/launcher/exec/BuildActionResult;+201
j  org.gradle.launcher.daemon.client.DaemonClient.execute(Lorg/gradle/internal/invocation/BuildAction;Ljava/lang/Object;Ljava/lang/Object;)Lorg/gradle/launcher/exec/BuildActionResult;+10
j  org.gradle.tooling.internal.provider.DaemonBuildActionExecuter.execute(Lorg/gradle/internal/invocation/BuildAction;Lorg/gradle/tooling/internal/provider/ConnectionOperationParameters;Lorg/gradle/internal/daemon/client/execution/ClientBuildRequestContext;)Lorg/gradle/launcher/exec/BuildActionResult;+72
j  org.gradle.tooling.internal.provider.DaemonBuildActionExecuter.execute(Lorg/gradle/internal/invocation/BuildAction;Ljava/lang/Object;Ljava/lang/Object;)Lorg/gradle/launcher/exec/BuildActionResult;+10
j  org.gradle.tooling.internal.provider.LoggingBridgingBuildActionExecuter.execute(Lorg/gradle/internal/invocation/BuildAction;Lorg/gradle/tooling/internal/provider/ConnectionOperationParameters;Lorg/gradle/internal/daemon/client/execution/ClientBuildRequestContext;)Lorg/gradle/launcher/exec/BuildActionResult;+77
j  org.gradle.tooling.internal.provider.LoggingBridgingBuildActionExecuter.execute(Lorg/gradle/internal/invocation/BuildAction;Ljava/lang/Object;Ljava/lang/Object;)Lorg/gradle/launcher/exec/BuildActionResult;+10
j  org.gradle.tooling.internal.provider.ProviderConnection.run(Lorg/gradle/internal/invocation/BuildAction;Lorg/gradle/initialization/BuildCancellationToken;Lorg/gradle/tooling/internal/provider/ProviderConnection$ProgressListenerConfiguration;Lorg/gradle/initialization/BuildEventConsumer;Lorg/gradle/tooling/internal/provider/connection/ProviderOperationParameters;Lorg/gradle/tooling/internal/provider/ProviderConnection$Parameters;)Ljava/lang/Object;+79
j  org.gradle.tooling.internal.provider.ProviderConnection.runPhasedAction(Lorg/gradle/tooling/internal/protocol/InternalPhasedAction;Lorg/gradle/tooling/internal/protocol/PhasedActionResultListener;Lorg/gradle/initialization/BuildCancellationToken;Lorg/gradle/tooling/internal/provider/connection/ProviderOperationParameters;)Ljava/lang/Object;+132
j  org.gradle.tooling.internal.provider.DefaultConnection.run(Lorg/gradle/tooling/internal/protocol/InternalPhasedAction;Lorg/gradle/tooling/internal/protocol/PhasedActionResultListener;Lorg/gradle/tooling/internal/protocol/InternalCancellationToken;Lorg/gradle/tooling/internal/protocol/BuildParameters;)Lorg/gradle/tooling/internal/protocol/BuildResult;+28
j  org.gradle.tooling.internal.consumer.connection.PhasedActionAwareConsumerConnection.run(Lorg/gradle/tooling/internal/consumer/PhasedBuildAction;Lorg/gradle/tooling/internal/consumer/parameters/ConsumerOperationParameters;)V+66
j  org.gradle.tooling.internal.consumer.connection.ParameterValidatingConsumerConnection.run(Lorg/gradle/tooling/internal/consumer/PhasedBuildAction;Lorg/gradle/tooling/internal/consumer/parameters/ConsumerOperationParameters;)V+11
j  org.gradle.tooling.internal.consumer.DefaultPhasedBuildActionExecuter$1.run(Lorg/gradle/tooling/internal/consumer/connection/ConsumerConnection;)Ljava/lang/Void;+12
j  org.gradle.tooling.internal.consumer.DefaultPhasedBuildActionExecuter$1.run(Lorg/gradle/tooling/internal/consumer/connection/ConsumerConnection;)Ljava/lang/Object;+2
j  org.gradle.tooling.internal.consumer.connection.LazyConsumerActionExecutor.run(Lorg/gradle/tooling/internal/consumer/connection/ConsumerAction;)Ljava/lang/Object;+34
j  org.gradle.tooling.internal.consumer.connection.CancellableConsumerActionExecutor.run(Lorg/gradle/tooling/internal/consumer/connection/ConsumerAction;)Ljava/lang/Object;+34
j  org.gradle.tooling.internal.consumer.connection.ProgressLoggingConsumerActionExecutor.run(Lorg/gradle/tooling/internal/consumer/connection/ConsumerAction;)Ljava/lang/Object;+78
j  org.gradle.tooling.internal.consumer.connection.RethrowingErrorsConsumerActionExecutor.run(Lorg/gradle/tooling/internal/consumer/connection/ConsumerAction;)Ljava/lang/Object;+5
j  org.gradle.tooling.internal.consumer.async.DefaultAsyncConsumerActionExecutor$1$1.run()V+17
j  org.gradle.internal.concurrent.ExecutorPolicy$CatchAndRecordFailures.onExecute(Ljava/lang/Runnable;)V+1
j  org.gradle.internal.concurrent.AbstractManagedExecutor$1.run()V+25
j  java.util.concurrent.ThreadPoolExecutor.runWorker(Ljava/util/concurrent/ThreadPoolExecutor$Worker;)V+92 java.base@21.0.7
j  java.util.concurrent.ThreadPoolExecutor$Worker.run()V+5 java.base@21.0.7
j  java.lang.Thread.runWith(Ljava/lang/Object;Ljava/lang/Runnable;)V+5 java.base@21.0.7
j  java.lang.Thread.run()V+19 java.base@21.0.7
v  ~StubRoutines::call_stub 0x0000029f8f3a100d

siginfo: EXCEPTION_ACCESS_VIOLATION (0xc0000005), reading address 0x0000000000000874


Registers:
RAX=0x0000000000000000, RBX=0x0000029fe7690a18, RCX=0x00000000000012b4, RDX=0x0000000000000002
RSP=0x000000f3e017dc70, RBP=0x0000000000000874, RSI=0x0000029fe8debfb0, RDI=0x0000000000000874
R8 =0x7ffffffffffffffc, R9 =0x0000000000000001, R10=0x00000000000012b4, R11=0x0000029f84d63f08
R12=0x000000f3e017deb0, R13=0x00000000000012d0, R14=0x0000029fe8debf80, R15=0x00000000000012d0
RIP=0x000000018000c274, EFLAGS=0x0000000000010246

XMM[0]=0x0000000000000000 0x0000000000000000
XMM[1]=0x0000000000000000 0x0000000000000000
XMM[2]=0x0000000000000000 0x0000000000000000
XMM[3]=0x0000000000000000 0x0000000000000000
XMM[4]=0x0000000000000000 0x0000000000000000
XMM[5]=0x0000000000000000 0x0000000000000000
XMM[6]=0x7164795d1af64c6f 0xba9a2768701adfe6
XMM[7]=0xe60bcd629bcc97b2 0xdf1d87f914571721
XMM[8]=0x0000000000000000 0xb3994f80efbcd3b6
XMM[9]=0xac7d46545ac63ba9 0x836df4e4a516171b
XMM[10]=0xffffffffffffffff 0x0b0a090803020100
XMM[11]=0x7334130c6971bd64 0x0000000000000000
XMM[12]=0x0b0a090803020100 0xffffffffffffffff
XMM[13]=0x0c0d0e0f08090a0b 0x0405060700010203
XMM[14]=0x0000000000000000 0x6c9c4e785cd1fc34
XMM[15]=0x0000000000000000 0x00000000f035adbc
  MXCSR=0x00001fa0


Register to memory mapping:

RAX=0x0 is null
RBX=0x0000029fe7690a18 points into unknown readable memory: 0x0000000000000000 | 00 00 00 00 00 00 00 00
RCX=0x00000000000012b4 is an unknown value
RDX=0x0000000000000002 is an unknown value
RSP=0x000000f3e017dc70 is pointing into the stack for thread: 0x0000029fe4564910
RBP=0x0000000000000874 is an unknown value
RSI=0x0000029fe8debfb0 points into unknown readable memory: 0x0000029fe8debfb0 | b0 bf de e8 9f 02 00 00
RDI=0x0000000000000874 is an unknown value
R8 =0x7ffffffffffffffc is an unknown value
R9 =0x0000000000000001 is an unknown value
R10=0x00000000000012b4 is an unknown value
R11=0x0000029f84d63f08 points into unknown readable memory: 0x00000000000007d0 | d0 07 00 00 00 00 00 00
R12=0x000000f3e017deb0 is pointing into the stack for thread: 0x0000029fe4564910
R13=0x00000000000012d0 is an unknown value
R14=0x0000029fe8debf80 points into unknown readable memory: 0x0000000000000874 | 74 08 00 00 00 00 00 00
R15=0x00000000000012d0 is an unknown value

Top of Stack: (sp=0x000000f3e017dc70)
0x000000f3e017dc70:   0000000000000000 0000000000000000
0x000000f3e017dc80:   0000000000000874 000000018001f4c2
0x000000f3e017dc90:   0000000180065ec8 0000000000002736
0x000000f3e017dca0:   0000000000000000 00000000000012b4
0x000000f3e017dcb0:   0000000000000874 000000018000c506
0x000000f3e017dcc0:   0000029fe7690a18 0000000000002736
0x000000f3e017dcd0:   0000000000000000 0000029f00000008
0x000000f3e017dce0:   000000f30000001e 0000000000000000
0x000000f3e017dcf0:   0000000000000874 0000000000000000
0x000000f3e017dd00:   0000000000000001 0000000000000000
0x000000f3e017dd10:   0000000000000874 00007ff8c74777e6
0x000000f3e017dd20:   00000000000012b4 0000000000000802
0x000000f3e017dd30:   0000029fe8debfb0 000000f3e017de80
0x000000f3e017dd40:   0000000000000000 0000029f00000000
0x000000f3e017dd50:   0000000000000003 0000029f00000001
0x000000f3e017dd60:   0000000000000000 0000000000000000
0x000000f3e017dd70:   00007ff800000000 00007ff8edfe0139
0x000000f3e017dd80:   00000000000012b4 0000000000000000
0x000000f3e017dd90:   0000000000000000 00001c685e2ef05a
0x000000f3e017dda0:   0000029fe7690a00 00007ff8c74782af
0x000000f3e017ddb0:   0000000000000028 00007ff870212cac
0x000000f3e017ddc0:   0000029fe7690a08 0000029f84d89740
0x000000f3e017ddd0:   0000029fe8debf80 00007ff8c7478359
0x000000f3e017dde0:   0000029fe8debfb0 000000f3e017deb0
0x000000f3e017ddf0:   0000029fe8debfb0 0000029fe8debf80
0x000000f3e017de00:   0000029fe4564910 000000f3e017deb0
0x000000f3e017de10:   0000029fe05ac1d0 0000000000000000
0x000000f3e017de20:   0000029fe8debf80 00007ff8c7478787
0x000000f3e017de30:   0000000000000000 000000f3e017deb0
0x000000f3e017de40:   00000000000012d0 0000029fe4564910
0x000000f3e017de50:   0000000000000001 00007ff8c7477a75
0x000000f3e017de60:   0000000000000874 000000f3e017deb0 

Instructions: (pc=0x000000018000c274)
0x000000018000c174:   70 48 8b 6c 24 78 32 c0 48 83 c4 50 41 5c c3 cc
0x000000018000c184:   cc cc cc cc cc cc cc cc cc cc cc cc 48 85 c9 74
0x000000018000c194:   23 8b 05 ad ff 06 00 89 01 8b 05 a9 ff 06 00 89
0x000000018000c1a4:   41 04 8b 05 a4 ff 06 00 89 41 08 8b 05 9f ff 06
0x000000018000c1b4:   00 89 41 0c f3 c3 cc cc cc cc cc cc c6 01 01 c7
0x000000018000c1c4:   02 01 00 00 00 c3 cc cc cc cc cc cc 48 89 5c 24
0x000000018000c1d4:   08 57 48 83 ec 70 48 8b fa 8b d9 48 8d 15 82 73
0x000000018000c1e4:   05 00 48 8d 4c 24 20 45 33 c0 48 c7 44 24 40 0f
0x000000018000c1f4:   00 00 00 48 c7 44 24 38 00 00 00 00 c6 44 24 28
0x000000018000c204:   00 e8 d6 6b ff ff 4c 8d 4c 24 20 48 8d 4c 24 48
0x000000018000c214:   41 b0 01 8b d3 e8 52 06 02 00 48 83 78 20 10 72
0x000000018000c224:   06 48 8b 48 08 eb 05 48 8d 48 08 90 0f b6 01 48
0x000000018000c234:   ff c7 48 ff c1 88 47 ff 84 c0 75 f0 48 83 7c 24
0x000000018000c244:   68 10 72 0a 48 8b 4c 24 50 e8 52 94 03 00 48 8b
0x000000018000c254:   9c 24 80 00 00 00 48 83 c4 70 5f c3 48 83 ec 48
0x000000018000c264:   0f b6 c2 0f 57 c0 0f 11 44 24 ff 25 00 00 00 00
0x000000018000c274:   ae 7e ef ee f8 7f 00 00 8b 44 24 04 0f af 04 24
0x000000018000c284:   89 04 24 8b 44 24 04 0f af 04 24 83 c0 01 89 04
0x000000018000c294:   24 8b 44 24 04 0f af 04 24 83 c0 02 89 04 24 8b
0x000000018000c2a4:   44 24 04 0f af 04 24 83 c0 03 89 04 24 8b 44 24
0x000000018000c2b4:   04 0f af 04 24 83 c0 04 89 04 24 8b 44 24 04 0f
0x000000018000c2c4:   af 04 24 83 c0 05 89 04 24 8b 44 24 04 0f af 04
0x000000018000c2d4:   24 83 c0 06 89 04 24 8b 44 24 04 0f af 04 24 83
0x000000018000c2e4:   c0 07 89 04 24 8b 44 24 04 0f af 04 24 83 c0 08
0x000000018000c2f4:   89 04 24 8b 44 24 04 0f af 04 24 83 c0 09 89 04
0x000000018000c304:   24 8b 44 24 04 0f af 04 24 83 c0 0a 89 04 24 8b
0x000000018000c314:   44 24 04 0f af 04 24 83 c0 0b 89 04 24 8b 44 24
0x000000018000c324:   04 0f af 04 24 83 c0 0d 89 04 24 8b 44 24 04 0f
0x000000018000c334:   af 04 24 83 c0 0e 89 04 24 8b 44 24 04 0f af 04
0x000000018000c344:   24 83 c0 0f 89 04 24 8b 44 24 04 0f af 04 24 83
0x000000018000c354:   c0 10 89 04 24 8b 44 24 04 0f af 04 24 83 c0 11
0x000000018000c364:   89 04 24 8b 44 24 04 0f af 04 24 83 c0 12 89 04 


Stack slot to memory mapping:

stack at sp + 0 slots: 0x0 is null
stack at sp + 1 slots: 0x0 is null
stack at sp + 2 slots: 0x0000000000000874 is an unknown value
stack at sp + 3 slots: 0x000000018001f4c2 ASProxy64.dll
stack at sp + 4 slots: 0x0000000180065ec8 ASProxy64.dll
stack at sp + 5 slots: 0x0000000000002736 is an unknown value
stack at sp + 6 slots: 0x0 is null
stack at sp + 7 slots: 0x00000000000012b4 is an unknown value


---------------  P R O C E S S  ---------------

Threads class SMR info:
_java_thread_list=0x0000029fe2d0c980, length=61, elements={
0x0000029f8286ada0, 0x0000029f84e08390, 0x0000029fda1fe790, 0x0000029f84e0d440,
0x0000029f84e0e310, 0x0000029f84e10e70, 0x0000029f84e167e0, 0x0000029f84e1e200,
0x0000029fdb6dcb10, 0x0000029fdb7d2a80, 0x0000029fdb7dcee0, 0x0000029fdb7e1110,
0x0000029fdb9d6fd0, 0x0000029fe2521980, 0x0000029fe25233c0, 0x0000029fe25240e0,
0x0000029fe2524770, 0x0000029fe2522010, 0x0000029fe2524e00, 0x0000029fe2522d30,
0x0000029fe290f960, 0x0000029fe290df20, 0x0000029fe29113a0, 0x0000029fe290fff0,
0x0000029fe2911a30, 0x0000029fe290ec40, 0x0000029fe2910d10, 0x0000029fe290e5b0,
0x0000029fe29120c0, 0x0000029fe2912750, 0x0000029fe290f2d0, 0x0000029fe2914190,
0x0000029fe2913b00, 0x0000029fe2912de0, 0x0000029fe2914eb0, 0x0000029fe2914820,
0x0000029fe2915540, 0x0000029fe2913470, 0x0000029fe476c160, 0x0000029fe476a090,
0x0000029fe476c7f0, 0x0000029fe476bad0, 0x0000029fe476adb0, 0x0000029fe476b440,
0x0000029fe476ce80, 0x0000029fe476a720, 0x0000029fe476e8c0, 0x0000029fe476f5e0,
0x0000029fe4771020, 0x0000029fe45621b0, 0x0000029fe4564280, 0x0000029fe4562840,
0x0000029fe4565cc0, 0x0000029fe4563bf0, 0x0000029fe4566350, 0x0000029fe4564910,
0x0000029fe4562ed0, 0x0000029fe45669e0, 0x0000029fe4565630, 0x0000029fe4563560,
0x0000029fe385c850
}

Java Threads: ( => current thread )
  0x0000029f8286ada0 JavaThread "main"                              [_thread_blocked, id=25580, stack(0x000000f3d9f00000,0x000000f3da000000) (1024K)]
  0x0000029f84e08390 JavaThread "Reference Handler"          daemon [_thread_blocked, id=10884, stack(0x000000f3da300000,0x000000f3da400000) (1024K)]
  0x0000029fda1fe790 JavaThread "Finalizer"                  daemon [_thread_blocked, id=13196, stack(0x000000f3da400000,0x000000f3da500000) (1024K)]
  0x0000029f84e0d440 JavaThread "Signal Dispatcher"          daemon [_thread_blocked, id=28880, stack(0x000000f3da500000,0x000000f3da600000) (1024K)]
  0x0000029f84e0e310 JavaThread "Attach Listener"            daemon [_thread_blocked, id=23968, stack(0x000000f3da600000,0x000000f3da700000) (1024K)]
  0x0000029f84e10e70 JavaThread "Service Thread"             daemon [_thread_blocked, id=12528, stack(0x000000f3da700000,0x000000f3da800000) (1024K)]
  0x0000029f84e167e0 JavaThread "Monitor Deflation Thread"   daemon [_thread_blocked, id=24616, stack(0x000000f3da800000,0x000000f3da900000) (1024K)]
  0x0000029f84e1e200 JavaThread "C2 CompilerThread0"         daemon [_thread_blocked, id=8140, stack(0x000000f3da900000,0x000000f3daa00000) (1024K)]
  0x0000029fdb6dcb10 JavaThread "C1 CompilerThread0"         daemon [_thread_blocked, id=29680, stack(0x000000f3daa00000,0x000000f3dab00000) (1024K)]
  0x0000029fdb7d2a80 JavaThread "Common-Cleaner"             daemon [_thread_blocked, id=32704, stack(0x000000f3dab00000,0x000000f3dac00000) (1024K)]
  0x0000029fdb7dcee0 JavaThread "C1 CompilerThread1"         daemon [_thread_blocked, id=33944, stack(0x000000f3dac00000,0x000000f3dad00000) (1024K)]
  0x0000029fdb7e1110 JavaThread "C1 CompilerThread2"         daemon [_thread_blocked, id=28512, stack(0x000000f3dad00000,0x000000f3dae00000) (1024K)]
  0x0000029fdb9d6fd0 JavaThread "Notification Thread"        daemon [_thread_blocked, id=20400, stack(0x000000f3dbf00000,0x000000f3dc000000) (1024K)]
  0x0000029fe2521980 JavaThread "Active Thread: Equinox Container: 95cf6f3c-d33d-4f66-be01-65ad4bd5c198"        [_thread_blocked, id=18932, stack(0x000000f3dcb80000,0x000000f3dcc80000) (1024K)]
  0x0000029fe25233c0 JavaThread "Refresh Thread: Equinox Container: 95cf6f3c-d33d-4f66-be01-65ad4bd5c198" daemon [_thread_blocked, id=23684, stack(0x000000f3dcd80000,0x000000f3dce80000) (1024K)]
  0x0000029fe25240e0 JavaThread "Framework Event Dispatcher: Equinox Container: 95cf6f3c-d33d-4f66-be01-65ad4bd5c198" daemon [_thread_blocked, id=11124, stack(0x000000f3dce80000,0x000000f3dcf80000) (1024K)]
  0x0000029fe2524770 JavaThread "Start Level: Equinox Container: 95cf6f3c-d33d-4f66-be01-65ad4bd5c198" daemon [_thread_blocked, id=6900, stack(0x000000f3dcf80000,0x000000f3dd080000) (1024K)]
  0x0000029fe2522010 JavaThread "Bundle File Closer"         daemon [_thread_blocked, id=13824, stack(0x000000f3dd380000,0x000000f3dd480000) (1024K)]
  0x0000029fe2524e00 JavaThread "SCR Component Actor"        daemon [_thread_blocked, id=35220, stack(0x000000f3dd480000,0x000000f3dd580000) (1024K)]
  0x0000029fe2522d30 JavaThread "Worker-JM"                         [_thread_blocked, id=25392, stack(0x000000f3dd780000,0x000000f3dd880000) (1024K)]
  0x0000029fe290f960 JavaThread "Worker-0"                          [_thread_blocked, id=17180, stack(0x000000f3dd980000,0x000000f3dda80000) (1024K)]
  0x0000029fe290df20 JavaThread "Worker-1"                          [_thread_blocked, id=34704, stack(0x000000f3dda80000,0x000000f3ddb80000) (1024K)]
  0x0000029fe29113a0 JavaThread "Java indexing"              daemon [_thread_blocked, id=34708, stack(0x000000f3ddb80000,0x000000f3ddc80000) (1024K)]
  0x0000029fe290fff0 JavaThread "JNA Cleaner"                daemon [_thread_blocked, id=5492, stack(0x000000f3dc980000,0x000000f3dca80000) (1024K)]
  0x0000029fe2911a30 JavaThread "Worker-2: Initialize Workspace"        [_thread_blocked, id=10668, stack(0x000000f3dde80000,0x000000f3ddf80000) (1024K)]
  0x0000029fe290ec40 JavaThread "Worker-3"                          [_thread_blocked, id=19188, stack(0x000000f3ddf80000,0x000000f3de080000) (1024K)]
  0x0000029fe2910d10 JavaThread "Thread-2"                   daemon [_thread_in_native, id=15124, stack(0x000000f3de080000,0x000000f3de180000) (1024K)]
  0x0000029fe290e5b0 JavaThread "Thread-3"                   daemon [_thread_in_native, id=33972, stack(0x000000f3de180000,0x000000f3de280000) (1024K)]
  0x0000029fe29120c0 JavaThread "Thread-4"                   daemon [_thread_in_native, id=9008, stack(0x000000f3de280000,0x000000f3de380000) (1024K)]
  0x0000029fe2912750 JavaThread "Thread-5"                   daemon [_thread_in_native, id=10364, stack(0x000000f3de380000,0x000000f3de480000) (1024K)]
  0x0000029fe290f2d0 JavaThread "Thread-6"                   daemon [_thread_in_native, id=14184, stack(0x000000f3de480000,0x000000f3de580000) (1024K)]
  0x0000029fe2914190 JavaThread "Thread-7"                   daemon [_thread_in_native, id=31312, stack(0x000000f3de580000,0x000000f3de680000) (1024K)]
  0x0000029fe2913b00 JavaThread "Thread-8"                   daemon [_thread_in_native, id=29520, stack(0x000000f3de680000,0x000000f3de780000) (1024K)]
  0x0000029fe2912de0 JavaThread "Thread-9"                   daemon [_thread_in_native, id=27332, stack(0x000000f3de780000,0x000000f3de880000) (1024K)]
  0x0000029fe2914eb0 JavaThread "Thread-10"                  daemon [_thread_in_native, id=8608, stack(0x000000f3de880000,0x000000f3de980000) (1024K)]
  0x0000029fe2914820 JavaThread "Thread-11"                  daemon [_thread_in_native, id=12356, stack(0x000000f3de980000,0x000000f3dea80000) (1024K)]
  0x0000029fe2915540 JavaThread "Thread-12"                  daemon [_thread_in_native, id=4396, stack(0x000000f3dea80000,0x000000f3deb80000) (1024K)]
  0x0000029fe2913470 JavaThread "Thread-13"                  daemon [_thread_in_native, id=31864, stack(0x000000f3deb80000,0x000000f3dec80000) (1024K)]
  0x0000029fe476c160 JavaThread "Thread-14"                  daemon [_thread_in_native, id=25276, stack(0x000000f3dec80000,0x000000f3ded80000) (1024K)]
  0x0000029fe476a090 JavaThread "Thread-15"                  daemon [_thread_in_native, id=33288, stack(0x000000f3ded80000,0x000000f3dee80000) (1024K)]
  0x0000029fe476c7f0 JavaThread "Thread-16"                  daemon [_thread_in_native, id=12468, stack(0x000000f3dee80000,0x000000f3def80000) (1024K)]
  0x0000029fe476bad0 JavaThread "Thread-17"                  daemon [_thread_in_native, id=17648, stack(0x000000f3def80000,0x000000f3df080000) (1024K)]
  0x0000029fe476adb0 JavaThread "Thread-18"                  daemon [_thread_in_native, id=12416, stack(0x000000f3df080000,0x000000f3df180000) (1024K)]
  0x0000029fe476b440 JavaThread "pool-2-thread-1"                   [_thread_blocked, id=24196, stack(0x000000f3df180000,0x000000f3df280000) (1024K)]
  0x0000029fe476ce80 JavaThread "WorkspaceEventsHandler"            [_thread_blocked, id=16788, stack(0x000000f3df380000,0x000000f3df480000) (1024K)]
  0x0000029fe476a720 JavaThread "pool-1-thread-1"                   [_thread_blocked, id=7320, stack(0x000000f3df480000,0x000000f3df580000) (1024K)]
  0x0000029fe476e8c0 JavaThread "Worker-4"                          [_thread_blocked, id=12636, stack(0x000000f3df980000,0x000000f3dfa80000) (1024K)]
  0x0000029fe476f5e0 JavaThread "Timer-0"                           [_thread_blocked, id=14208, stack(0x000000f3dfa80000,0x000000f3dfb80000) (1024K)]
  0x0000029fe4771020 JavaThread "Timer-1"                           [_thread_blocked, id=23560, stack(0x000000f3df780000,0x000000f3df880000) (1024K)]
  0x0000029fe45621b0 JavaThread "Timer-2"                           [_thread_blocked, id=20920, stack(0x000000f3df880000,0x000000f3df980000) (1024K)]
  0x0000029fe4564280 JavaThread "LocalFile Deleter"          daemon [_thread_blocked, id=22552, stack(0x000000f3dfb80000,0x000000f3dfc80000) (1024K)]
  0x0000029fe4562840 JavaThread "LocalFile Deleter"          daemon [_thread_blocked, id=28580, stack(0x000000f3dfc80000,0x000000f3dfd80000) (1024K)]
  0x0000029fe4565cc0 JavaThread "LocalFile Deleter"          daemon [_thread_blocked, id=12592, stack(0x000000f3dfd80000,0x000000f3dfe80000) (1024K)]
  0x0000029fe4563bf0 JavaThread "Timer-3"                           [_thread_blocked, id=29044, stack(0x000000f3dfe80000,0x000000f3dff80000) (1024K)]
  0x0000029fe4566350 JavaThread "Timer-4"                           [_thread_blocked, id=35704, stack(0x000000f3dff80000,0x000000f3e0080000) (1024K)]
=>0x0000029fe4564910 JavaThread "Connection worker"                 [_thread_in_native, id=29200, stack(0x000000f3e0080000,0x000000f3e0180000) (1024K)]
  0x0000029fe4562ed0 JavaThread "pool-3-thread-1"                   [_thread_blocked, id=25508, stack(0x000000f3dc140000,0x000000f3dc240000) (1024K)]
  0x0000029fe45669e0 JavaThread "Exec process"                      [_thread_blocked, id=26220, stack(0x000000f3df280000,0x000000f3df380000) (1024K)]
  0x0000029fe4565630 JavaThread "Exec process Thread 2"             [_thread_blocked, id=27812, stack(0x000000f3df580000,0x000000f3df680000) (1024K)]
  0x0000029fe4563560 JavaThread "Exec process Thread 3"             [_thread_blocked, id=8576, stack(0x000000f3df680000,0x000000f3df780000) (1024K)]
  0x0000029fe385c850 JavaThread "C2 CompilerThread1"         daemon [_thread_blocked, id=24012, stack(0x000000f3dc280000,0x000000f3dc380000) (1024K)]
Total: 61

Other Threads:
  0x0000029f84e03a20 VMThread "VM Thread"                           [id=19332, stack(0x000000f3da200000,0x000000f3da300000) (1024K)]
  0x0000029fda0dc210 WatcherThread "VM Periodic Task Thread"        [id=17672, stack(0x000000f3da100000,0x000000f3da200000) (1024K)]
  0x0000029f84d85ed0 WorkerThread "GC Thread#0"                     [id=25988, stack(0x000000f3da000000,0x000000f3da100000) (1024K)]
  0x0000029fe1d3bac0 WorkerThread "GC Thread#1"                     [id=30328, stack(0x000000f3dc380000,0x000000f3dc480000) (1024K)]
  0x0000029fe1d3be60 WorkerThread "GC Thread#2"                     [id=34432, stack(0x000000f3dc480000,0x000000f3dc580000) (1024K)]
  0x0000029fe1a59380 WorkerThread "GC Thread#3"                     [id=35408, stack(0x000000f3dc580000,0x000000f3dc680000) (1024K)]
  0x0000029fe1debe60 WorkerThread "GC Thread#4"                     [id=20044, stack(0x000000f3dc680000,0x000000f3dc780000) (1024K)]
  0x0000029fe1dec200 WorkerThread "GC Thread#5"                     [id=26568, stack(0x000000f3dc780000,0x000000f3dc880000) (1024K)]
  0x0000029fe1dec5a0 WorkerThread "GC Thread#6"                     [id=14148, stack(0x000000f3dc880000,0x000000f3dc980000) (1024K)]
  0x0000029fe24748a0 WorkerThread "GC Thread#7"                     [id=12572, stack(0x000000f3dcc80000,0x000000f3dcd80000) (1024K)]
  0x0000029fe2512c10 WorkerThread "GC Thread#8"                     [id=13260, stack(0x000000f3dd080000,0x000000f3dd180000) (1024K)]
  0x0000029fe2374b70 WorkerThread "GC Thread#9"                     [id=28228, stack(0x000000f3dd180000,0x000000f3dd280000) (1024K)]
  0x0000029fe2374430 WorkerThread "GC Thread#10"                    [id=30640, stack(0x000000f3dd280000,0x000000f3dd380000) (1024K)]
  0x0000029fe2375650 WorkerThread "GC Thread#11"                    [id=15832, stack(0x000000f3dd680000,0x000000f3dd780000) (1024K)]
  0x0000029fe2374f10 WorkerThread "GC Thread#12"                    [id=9324, stack(0x000000f3dd880000,0x000000f3dd980000) (1024K)]
Total: 15

Threads with active compile tasks:
Total: 0

VM state: not at safepoint (normal execution)

VM Mutex/Monitor currently owned by a thread: None

Heap address: 0x00000000c0000000, size: 1024 MB, Compressed Oops mode: 32-bit

CDS archive(s) mapped at: [0x0000029f99000000-0x0000029f99ba0000-0x0000029f99ba0000), size 12189696, SharedBaseAddress: 0x0000029f99000000, ArchiveRelocationMode: 1.
Compressed class space mapped at: 0x0000029f9a000000-0x0000029fda000000, reserved size: 1073741824
Narrow klass base: 0x0000029f99000000, Narrow klass shift: 0, Narrow klass range: 0x100000000

GC Precious Log:
 CardTable entry size: 512
 CPUs: 16 total, 16 available
 Memory: 16096M
 Large Page Support: Disabled
 NUMA Support: Disabled
 Compressed Oops: Enabled (32-bit)
 Alignments: Space 512K, Generation 512K, Heap 2M
 Heap Min Capacity: 100M
 Heap Initial Capacity: 100M
 Heap Max Capacity: 1G
 Pre-touch: Disabled
 Parallel Workers: 13

Heap:
 PSYoungGen      total 14848K, used 2644K [0x00000000eab00000, 0x00000000ebb80000, 0x0000000100000000)
  eden space 14336K, 15% used [0x00000000eab00000,0x00000000ead251f0,0x00000000eb900000)
  from space 512K, 87% used [0x00000000eba00000,0x00000000eba70000,0x00000000eba80000)
  to   space 1024K, 0% used [0x00000000eba80000,0x00000000eba80000,0x00000000ebb80000)
 ParOldGen       total 68608K, used 42154K [0x00000000c0000000, 0x00000000c4300000, 0x00000000eab00000)
  object space 68608K, 61% used [0x00000000c0000000,0x00000000c292a918,0x00000000c4300000)
 Metaspace       used 62466K, committed 63808K, reserved 1114112K
  class space    used 7726K, committed 8320K, reserved 1048576K

Card table byte_map: [0x0000029f84700000,0x0000029f84910000] _byte_map_base: 0x0000029f84100000

Marking Bits: (ParMarkBitMap*) 0x00007ff8708531f0
 Begin Bits: [0x0000029f96f50000, 0x0000029f97f50000)
 End Bits:   [0x0000029f97f50000, 0x0000029f98f50000)

Polling page: 0x0000029f82b50000

Metaspace:

Usage:
  Non-class:     53.46 MB used.
      Class:      7.55 MB used.
       Both:     61.00 MB used.

Virtual space:
  Non-class space:       64.00 MB reserved,      54.19 MB ( 85%) committed,  1 nodes.
      Class space:        1.00 GB reserved,       8.12 MB ( <1%) committed,  1 nodes.
             Both:        1.06 GB reserved,      62.31 MB (  6%) committed. 

Chunk freelists:
   Non-Class:  9.70 MB
       Class:  7.88 MB
        Both:  17.58 MB

MaxMetaspaceSize: unlimited
CompressedClassSpaceSize: 1.00 GB
Initial GC threshold: 21.00 MB
Current GC threshold: 97.31 MB
CDS: on
 - commit_granule_bytes: 65536.
 - commit_granule_words: 8192.
 - virtual_space_node_default_size: 8388608.
 - enlarge_chunks_in_place: 1.
 - use_allocation_guard: 0.


Internal statistics:

num_allocs_failed_limit: 9.
num_arena_births: 1144.
num_arena_deaths: 14.
num_vsnodes_births: 2.
num_vsnodes_deaths: 0.
num_space_committed: 997.
num_space_uncommitted: 0.
num_chunks_returned_to_freelist: 23.
num_chunks_taken_from_freelist: 3766.
num_chunk_merges: 15.
num_chunk_splits: 2484.
num_chunks_enlarged: 1642.
num_inconsistent_stats: 0.

CodeHeap 'non-profiled nmethods': size=119168Kb used=4941Kb max_used=4941Kb free=114227Kb
 bounds [0x0000029f8faf0000, 0x0000029f8ffd0000, 0x0000029f96f50000]
CodeHeap 'profiled nmethods': size=119104Kb used=14318Kb max_used=14621Kb free=104785Kb
 bounds [0x0000029f87f50000, 0x0000029f88da0000, 0x0000029f8f3a0000]
CodeHeap 'non-nmethods': size=7488Kb used=2514Kb max_used=3152Kb free=4973Kb
 bounds [0x0000029f8f3a0000, 0x0000029f8f6c0000, 0x0000029f8faf0000]
 total_blobs=7740 nmethods=7051 adapters=593
 compilation: enabled
              stopped_count=0, restarted_count=0
 full_count=0

Compilation events (20 events):
Event: 7.639 Thread 0x0000029fdb6dcb10 nmethod 7871 0x0000029f887bef10 code [0x0000029f887bf400, 0x0000029f887c1730]
Event: 7.639 Thread 0x0000029fdb7e1110 nmethod 7869 0x0000029f887be890 code [0x0000029f887bea60, 0x0000029f887bedc0]
Event: 7.640 Thread 0x0000029fdb7dcee0 nmethod 7867 0x0000029f887bdb90 code [0x0000029f887bddc0, 0x0000029f887be600]
Event: 7.640 Thread 0x0000029fdb7e1110 7870       3       java.security.Provider::implRemoveService (149 bytes)
Event: 7.640 Thread 0x0000029fdb7dcee0 7872       3       java.security.Provider::checkAndUpdateSecureRandom (88 bytes)
Event: 7.641 Thread 0x0000029fdb7dcee0 nmethod 7872 0x0000029f887bd490 code [0x0000029f887bd660, 0x0000029f887bda00]
Event: 7.641 Thread 0x0000029fdb7e1110 nmethod 7870 0x0000029f8841ba90 code [0x0000029f8841bd40, 0x0000029f8841c9c0]
Event: 7.646 Thread 0x0000029fdb7dcee0 7874       1       java.nio.DirectByteBuffer::attachment (5 bytes)
Event: 7.646 Thread 0x0000029fdb7dcee0 nmethod 7874 0x0000029f8ffb6810 code [0x0000029f8ffb69a0, 0x0000029f8ffb6a68]
Event: 7.650 Thread 0x0000029fdb7dcee0 7875       3       java.util.HashMap::computeIfAbsent (330 bytes)
Event: 7.650 Thread 0x0000029fdb6dcb10 7876       3       sun.security.util.SecurityProviderConstants::getAliases (63 bytes)
Event: 7.650 Thread 0x0000029fdb6dcb10 nmethod 7876 0x0000029f887bc690 code [0x0000029f887bc900, 0x0000029f887bd1a0]
Event: 7.651 Thread 0x0000029fdb7dcee0 nmethod 7875 0x0000029f88419c10 code [0x0000029f88419f40, 0x0000029f8841b4b8]
Event: 7.651 Thread 0x0000029fe385c850 7857       4       java.io.DataInputStream::readFully (59 bytes)
Event: 7.654 Thread 0x0000029fdb7dcee0 7878       3       java.security.MessageDigest::update (11 bytes)
Event: 7.654 Thread 0x0000029fdb6dcb10 7879       3       java.security.MessageDigest$Delegate::engineUpdate (9 bytes)
Event: 7.654 Thread 0x0000029fdb7e1110 7880       3       sun.security.provider.DigestBase::engineUpdate (32 bytes)
Event: 7.654 Thread 0x0000029fdb6dcb10 nmethod 7879 0x0000029f88419790 code [0x0000029f88419940, 0x0000029f88419b18]
Event: 7.655 Thread 0x0000029fdb7dcee0 nmethod 7878 0x0000029f88419210 code [0x0000029f884193c0, 0x0000029f88419680]
Event: 7.655 Thread 0x0000029fdb7e1110 nmethod 7880 0x0000029f88418d10 code [0x0000029f88418ec0, 0x0000029f88419128]

GC Heap History (20 events):
Event: 5.790 GC heap before
{Heap before GC invocations=43 (full 3):
 PSYoungGen      total 15872K, used 14773K [0x00000000eab00000, 0x00000000ebe00000, 0x0000000100000000)
  eden space 14336K, 100% used [0x00000000eab00000,0x00000000eb900000,0x00000000eb900000)
  from space 1536K, 28% used [0x00000000ebb80000,0x00000000ebbed6b8,0x00000000ebd00000)
  to   space 1024K, 0% used [0x00000000ebd00000,0x00000000ebd00000,0x00000000ebe00000)
 ParOldGen       total 68608K, used 38805K [0x00000000c0000000, 0x00000000c4300000, 0x00000000eab00000)
  object space 68608K, 56% used [0x00000000c0000000,0x00000000c25e56d8,0x00000000c4300000)
 Metaspace       used 58871K, committed 59968K, reserved 1114112K
  class space    used 7206K, committed 7680K, reserved 1048576K
}
Event: 5.791 GC heap after
{Heap after GC invocations=43 (full 3):
 PSYoungGen      total 15360K, used 1015K [0x00000000eab00000, 0x00000000ebe00000, 0x0000000100000000)
  eden space 14336K, 0% used [0x00000000eab00000,0x00000000eab00000,0x00000000eb900000)
  from space 1024K, 99% used [0x00000000ebd00000,0x00000000ebdfde28,0x00000000ebe00000)
  to   space 1536K, 0% used [0x00000000ebb00000,0x00000000ebb00000,0x00000000ebc80000)
 ParOldGen       total 68608K, used 39099K [0x00000000c0000000, 0x00000000c4300000, 0x00000000eab00000)
  object space 68608K, 56% used [0x00000000c0000000,0x00000000c262ef18,0x00000000c4300000)
 Metaspace       used 58871K, committed 59968K, reserved 1114112K
  class space    used 7206K, committed 7680K, reserved 1048576K
}
Event: 5.851 GC heap before
{Heap before GC invocations=44 (full 3):
 PSYoungGen      total 15360K, used 15351K [0x00000000eab00000, 0x00000000ebe00000, 0x0000000100000000)
  eden space 14336K, 100% used [0x00000000eab00000,0x00000000eb900000,0x00000000eb900000)
  from space 1024K, 99% used [0x00000000ebd00000,0x00000000ebdfde28,0x00000000ebe00000)
  to   space 1536K, 0% used [0x00000000ebb00000,0x00000000ebb00000,0x00000000ebc80000)
 ParOldGen       total 68608K, used 39099K [0x00000000c0000000, 0x00000000c4300000, 0x00000000eab00000)
  object space 68608K, 56% used [0x00000000c0000000,0x00000000c262ef18,0x00000000c4300000)
 Metaspace       used 58872K, committed 59968K, reserved 1114112K
  class space    used 7206K, committed 7680K, reserved 1048576K
}
Event: 5.851 GC heap after
{Heap after GC invocations=44 (full 3):
 PSYoungGen      total 15872K, used 1085K [0x00000000eab00000, 0x00000000ebd80000, 0x0000000100000000)
  eden space 14336K, 0% used [0x00000000eab00000,0x00000000eab00000,0x00000000eb900000)
  from space 1536K, 70% used [0x00000000ebb00000,0x00000000ebc0f7d0,0x00000000ebc80000)
  to   space 1024K, 0% used [0x00000000ebc80000,0x00000000ebc80000,0x00000000ebd80000)
 ParOldGen       total 68608K, used 39195K [0x00000000c0000000, 0x00000000c4300000, 0x00000000eab00000)
  object space 68608K, 57% used [0x00000000c0000000,0x00000000c2646f28,0x00000000c4300000)
 Metaspace       used 58872K, committed 59968K, reserved 1114112K
  class space    used 7206K, committed 7680K, reserved 1048576K
}
Event: 5.898 GC heap before
{Heap before GC invocations=45 (full 3):
 PSYoungGen      total 15872K, used 15421K [0x00000000eab00000, 0x00000000ebd80000, 0x0000000100000000)
  eden space 14336K, 100% used [0x00000000eab00000,0x00000000eb900000,0x00000000eb900000)
  from space 1536K, 70% used [0x00000000ebb00000,0x00000000ebc0f7d0,0x00000000ebc80000)
  to   space 1024K, 0% used [0x00000000ebc80000,0x00000000ebc80000,0x00000000ebd80000)
 ParOldGen       total 68608K, used 39195K [0x00000000c0000000, 0x00000000c4300000, 0x00000000eab00000)
  object space 68608K, 57% used [0x00000000c0000000,0x00000000c2646f28,0x00000000c4300000)
 Metaspace       used 58872K, committed 59968K, reserved 1114112K
  class space    used 7206K, committed 7680K, reserved 1048576K
}
Event: 5.898 GC heap after
{Heap after GC invocations=45 (full 3):
 PSYoungGen      total 14848K, used 352K [0x00000000eab00000, 0x00000000ebd00000, 0x0000000100000000)
  eden space 14336K, 0% used [0x00000000eab00000,0x00000000eab00000,0x00000000eb900000)
  from space 512K, 68% used [0x00000000ebc80000,0x00000000ebcd8000,0x00000000ebd00000)
  to   space 1024K, 0% used [0x00000000ebb00000,0x00000000ebb00000,0x00000000ebc00000)
 ParOldGen       total 68608K, used 39267K [0x00000000c0000000, 0x00000000c4300000, 0x00000000eab00000)
  object space 68608K, 57% used [0x00000000c0000000,0x00000000c2658f28,0x00000000c4300000)
 Metaspace       used 58872K, committed 59968K, reserved 1114112K
  class space    used 7206K, committed 7680K, reserved 1048576K
}
Event: 5.943 GC heap before
{Heap before GC invocations=46 (full 3):
 PSYoungGen      total 14848K, used 14688K [0x00000000eab00000, 0x00000000ebd00000, 0x0000000100000000)
  eden space 14336K, 100% used [0x00000000eab00000,0x00000000eb900000,0x00000000eb900000)
  from space 512K, 68% used [0x00000000ebc80000,0x00000000ebcd8000,0x00000000ebd00000)
  to   space 1024K, 0% used [0x00000000ebb00000,0x00000000ebb00000,0x00000000ebc00000)
 ParOldGen       total 68608K, used 39267K [0x00000000c0000000, 0x00000000c4300000, 0x00000000eab00000)
  object space 68608K, 57% used [0x00000000c0000000,0x00000000c2658f28,0x00000000c4300000)
 Metaspace       used 58872K, committed 59968K, reserved 1114112K
  class space    used 7206K, committed 7680K, reserved 1048576K
}
Event: 5.943 GC heap after
{Heap after GC invocations=46 (full 3):
 PSYoungGen      total 15360K, used 1019K [0x00000000eab00000, 0x00000000ebd00000, 0x0000000100000000)
  eden space 14336K, 0% used [0x00000000eab00000,0x00000000eab00000,0x00000000eb900000)
  from space 1024K, 99% used [0x00000000ebb00000,0x00000000ebbfec50,0x00000000ebc00000)
  to   space 1024K, 0% used [0x00000000ebc00000,0x00000000ebc00000,0x00000000ebd00000)
 ParOldGen       total 68608K, used 39556K [0x00000000c0000000, 0x00000000c4300000, 0x00000000eab00000)
  object space 68608K, 57% used [0x00000000c0000000,0x00000000c26a1158,0x00000000c4300000)
 Metaspace       used 58872K, committed 59968K, reserved 1114112K
  class space    used 7206K, committed 7680K, reserved 1048576K
}
Event: 5.996 GC heap before
{Heap before GC invocations=47 (full 3):
 PSYoungGen      total 15360K, used 15355K [0x00000000eab00000, 0x00000000ebd00000, 0x0000000100000000)
  eden space 14336K, 100% used [0x00000000eab00000,0x00000000eb900000,0x00000000eb900000)
  from space 1024K, 99% used [0x00000000ebb00000,0x00000000ebbfec50,0x00000000ebc00000)
  to   space 1024K, 0% used [0x00000000ebc00000,0x00000000ebc00000,0x00000000ebd00000)
 ParOldGen       total 68608K, used 39556K [0x00000000c0000000, 0x00000000c4300000, 0x00000000eab00000)
  object space 68608K, 57% used [0x00000000c0000000,0x00000000c26a1158,0x00000000c4300000)
 Metaspace       used 58872K, committed 59968K, reserved 1114112K
  class space    used 7206K, committed 7680K, reserved 1048576K
}
Event: 5.996 GC heap after
{Heap after GC invocations=47 (full 3):
 PSYoungGen      total 15360K, used 763K [0x00000000eab00000, 0x00000000ebd00000, 0x0000000100000000)
  eden space 14336K, 0% used [0x00000000eab00000,0x00000000eab00000,0x00000000eb900000)
  from space 1024K, 74% used [0x00000000ebc00000,0x00000000ebcbef88,0x00000000ebd00000)
  to   space 1024K, 0% used [0x00000000ebb00000,0x00000000ebb00000,0x00000000ebc00000)
 ParOldGen       total 68608K, used 39612K [0x00000000c0000000, 0x00000000c4300000, 0x00000000eab00000)
  object space 68608K, 57% used [0x00000000c0000000,0x00000000c26af158,0x00000000c4300000)
 Metaspace       used 58872K, committed 59968K, reserved 1114112K
  class space    used 7206K, committed 7680K, reserved 1048576K
}
Event: 6.041 GC heap before
{Heap before GC invocations=48 (full 3):
 PSYoungGen      total 15360K, used 15099K [0x00000000eab00000, 0x00000000ebd00000, 0x0000000100000000)
  eden space 14336K, 100% used [0x00000000eab00000,0x00000000eb900000,0x00000000eb900000)
  from space 1024K, 74% used [0x00000000ebc00000,0x00000000ebcbef88,0x00000000ebd00000)
  to   space 1024K, 0% used [0x00000000ebb00000,0x00000000ebb00000,0x00000000ebc00000)
 ParOldGen       total 68608K, used 39612K [0x00000000c0000000, 0x00000000c4300000, 0x00000000eab00000)
  object space 68608K, 57% used [0x00000000c0000000,0x00000000c26af158,0x00000000c4300000)
 Metaspace       used 58872K, committed 59968K, reserved 1114112K
  class space    used 7206K, committed 7680K, reserved 1048576K
}
Event: 6.041 GC heap after
{Heap after GC invocations=48 (full 3):
 PSYoungGen      total 14848K, used 384K [0x00000000eab00000, 0x00000000ebc80000, 0x0000000100000000)
  eden space 14336K, 0% used [0x00000000eab00000,0x00000000eab00000,0x00000000eb900000)
  from space 512K, 75% used [0x00000000ebb00000,0x00000000ebb60000,0x00000000ebb80000)
  to   space 1024K, 0% used [0x00000000ebb80000,0x00000000ebb80000,0x00000000ebc80000)
 ParOldGen       total 68608K, used 40262K [0x00000000c0000000, 0x00000000c4300000, 0x00000000eab00000)
  object space 68608K, 58% used [0x00000000c0000000,0x00000000c2751958,0x00000000c4300000)
 Metaspace       used 58872K, committed 59968K, reserved 1114112K
  class space    used 7206K, committed 7680K, reserved 1048576K
}
Event: 6.086 GC heap before
{Heap before GC invocations=49 (full 3):
 PSYoungGen      total 14848K, used 14720K [0x00000000eab00000, 0x00000000ebc80000, 0x0000000100000000)
  eden space 14336K, 100% used [0x00000000eab00000,0x00000000eb900000,0x00000000eb900000)
  from space 512K, 75% used [0x00000000ebb00000,0x00000000ebb60000,0x00000000ebb80000)
  to   space 1024K, 0% used [0x00000000ebb80000,0x00000000ebb80000,0x00000000ebc80000)
 ParOldGen       total 68608K, used 40262K [0x00000000c0000000, 0x00000000c4300000, 0x00000000eab00000)
  object space 68608K, 58% used [0x00000000c0000000,0x00000000c2751958,0x00000000c4300000)
 Metaspace       used 58872K, committed 59968K, reserved 1114112K
  class space    used 7206K, committed 7680K, reserved 1048576K
}
Event: 6.086 GC heap after
{Heap after GC invocations=49 (full 3):
 PSYoungGen      total 15360K, used 1010K [0x00000000eab00000, 0x00000000ebc80000, 0x0000000100000000)
  eden space 14336K, 0% used [0x00000000eab00000,0x00000000eab00000,0x00000000eb900000)
  from space 1024K, 98% used [0x00000000ebb80000,0x00000000ebc7cb80,0x00000000ebc80000)
  to   space 1536K, 0% used [0x00000000eb980000,0x00000000eb980000,0x00000000ebb00000)
 ParOldGen       total 68608K, used 40525K [0x00000000c0000000, 0x00000000c4300000, 0x00000000eab00000)
  object space 68608K, 59% used [0x00000000c0000000,0x00000000c27936e8,0x00000000c4300000)
 Metaspace       used 58872K, committed 59968K, reserved 1114112K
  class space    used 7206K, committed 7680K, reserved 1048576K
}
Event: 6.143 GC heap before
{Heap before GC invocations=50 (full 3):
 PSYoungGen      total 15360K, used 15346K [0x00000000eab00000, 0x00000000ebc80000, 0x0000000100000000)
  eden space 14336K, 100% used [0x00000000eab00000,0x00000000eb900000,0x00000000eb900000)
  from space 1024K, 98% used [0x00000000ebb80000,0x00000000ebc7cb80,0x00000000ebc80000)
  to   space 1536K, 0% used [0x00000000eb980000,0x00000000eb980000,0x00000000ebb00000)
 ParOldGen       total 68608K, used 40525K [0x00000000c0000000, 0x00000000c4300000, 0x00000000eab00000)
  object space 68608K, 59% used [0x00000000c0000000,0x00000000c27936e8,0x00000000c4300000)
 Metaspace       used 59143K, committed 60288K, reserved 1114112K
  class space    used 7252K, committed 7744K, reserved 1048576K
}
Event: 6.145 GC heap after
{Heap after GC invocations=50 (full 3):
 PSYoungGen      total 15872K, used 448K [0x00000000eab00000, 0x00000000ebc00000, 0x0000000100000000)
  eden space 14336K, 0% used [0x00000000eab00000,0x00000000eab00000,0x00000000eb900000)
  from space 1536K, 29% used [0x00000000eb980000,0x00000000eb9f0000,0x00000000ebb00000)
  to   space 1024K, 0% used [0x00000000ebb00000,0x00000000ebb00000,0x00000000ebc00000)
 ParOldGen       total 68608K, used 40637K [0x00000000c0000000, 0x00000000c4300000, 0x00000000eab00000)
  object space 68608K, 59% used [0x00000000c0000000,0x00000000c27af6e8,0x00000000c4300000)
 Metaspace       used 59143K, committed 60288K, reserved 1114112K
  class space    used 7252K, committed 7744K, reserved 1048576K
}
Event: 6.251 GC heap before
{Heap before GC invocations=51 (full 3):
 PSYoungGen      total 15872K, used 14784K [0x00000000eab00000, 0x00000000ebc00000, 0x0000000100000000)
  eden space 14336K, 100% used [0x00000000eab00000,0x00000000eb900000,0x00000000eb900000)
  from space 1536K, 29% used [0x00000000eb980000,0x00000000eb9f0000,0x00000000ebb00000)
  to   space 1024K, 0% used [0x00000000ebb00000,0x00000000ebb00000,0x00000000ebc00000)
 ParOldGen       total 68608K, used 40637K [0x00000000c0000000, 0x00000000c4300000, 0x00000000eab00000)
  object space 68608K, 59% used [0x00000000c0000000,0x00000000c27af6e8,0x00000000c4300000)
 Metaspace       used 60783K, committed 62016K, reserved 1114112K
  class space    used 7510K, committed 8064K, reserved 1048576K
}
Event: 6.252 GC heap after
{Heap after GC invocations=51 (full 3):
 PSYoungGen      total 15360K, used 704K [0x00000000eab00000, 0x00000000ebc00000, 0x0000000100000000)
  eden space 14336K, 0% used [0x00000000eab00000,0x00000000eab00000,0x00000000eb900000)
  from space 1024K, 68% used [0x00000000ebb00000,0x00000000ebbb0010,0x00000000ebc00000)
  to   space 1024K, 0% used [0x00000000eba00000,0x00000000eba00000,0x00000000ebb00000)
 ParOldGen       total 68608K, used 40844K [0x00000000c0000000, 0x00000000c4300000, 0x00000000eab00000)
  object space 68608K, 59% used [0x00000000c0000000,0x00000000c27e33f8,0x00000000c4300000)
 Metaspace       used 60783K, committed 62016K, reserved 1114112K
  class space    used 7510K, committed 8064K, reserved 1048576K
}
Event: 7.624 GC heap before
{Heap before GC invocations=52 (full 3):
 PSYoungGen      total 15360K, used 15040K [0x00000000eab00000, 0x00000000ebc00000, 0x0000000100000000)
  eden space 14336K, 100% used [0x00000000eab00000,0x00000000eb900000,0x00000000eb900000)
  from space 1024K, 68% used [0x00000000ebb00000,0x00000000ebbb0010,0x00000000ebc00000)
  to   space 1024K, 0% used [0x00000000eba00000,0x00000000eba00000,0x00000000ebb00000)
 ParOldGen       total 68608K, used 40844K [0x00000000c0000000, 0x00000000c4300000, 0x00000000eab00000)
  object space 68608K, 59% used [0x00000000c0000000,0x00000000c27e33f8,0x00000000c4300000)
 Metaspace       used 62170K, committed 63424K, reserved 1114112K
  class space    used 7685K, committed 8256K, reserved 1048576K
}
Event: 7.626 GC heap after
{Heap after GC invocations=52 (full 3):
 PSYoungGen      total 14848K, used 448K [0x00000000eab00000, 0x00000000ebb80000, 0x0000000100000000)
  eden space 14336K, 0% used [0x00000000eab00000,0x00000000eab00000,0x00000000eb900000)
  from space 512K, 87% used [0x00000000eba00000,0x00000000eba70000,0x00000000eba80000)
  to   space 1024K, 0% used [0x00000000eba80000,0x00000000eba80000,0x00000000ebb80000)
 ParOldGen       total 68608K, used 42154K [0x00000000c0000000, 0x00000000c4300000, 0x00000000eab00000)
  object space 68608K, 61% used [0x00000000c0000000,0x00000000c292a918,0x00000000c4300000)
 Metaspace       used 62170K, committed 63424K, reserved 1114112K
  class space    used 7685K, committed 8256K, reserved 1048576K
}

Dll operation events (15 events):
Event: 0.007 Loaded shared library c:\Users\admin\.cursor\extensions\redhat.java-1.42.0-win32-x64\jre\21.0.7-win32-x86_64\bin\java.dll
Event: 0.054 Loaded shared library c:\Users\admin\.cursor\extensions\redhat.java-1.42.0-win32-x64\jre\21.0.7-win32-x86_64\bin\zip.dll
Event: 0.066 Loaded shared library C:\Users\admin\.cursor\extensions\redhat.java-1.42.0-win32-x64\jre\21.0.7-win32-x86_64\bin\instrument.dll
Event: 0.069 Loaded shared library C:\Users\admin\.cursor\extensions\redhat.java-1.42.0-win32-x64\jre\21.0.7-win32-x86_64\bin\net.dll
Event: 0.074 Loaded shared library C:\Users\admin\.cursor\extensions\redhat.java-1.42.0-win32-x64\jre\21.0.7-win32-x86_64\bin\nio.dll
Event: 0.077 Loaded shared library C:\Users\admin\.cursor\extensions\redhat.java-1.42.0-win32-x64\jre\21.0.7-win32-x86_64\bin\zip.dll
Event: 0.086 Loaded shared library C:\Users\admin\.cursor\extensions\redhat.java-1.42.0-win32-x64\jre\21.0.7-win32-x86_64\bin\jimage.dll
Event: 0.124 Loaded shared library c:\Users\admin\.cursor\extensions\redhat.java-1.42.0-win32-x64\jre\21.0.7-win32-x86_64\bin\verify.dll
Event: 0.869 Loaded shared library C:\Users\admin\AppData\Roaming\Cursor\User\globalStorage\redhat.java\1.42.0\config_win\org.eclipse.equinox.launcher\org.eclipse.equinox.launcher.win32.win32.x86_64_1.2.1300.v20250331-1702\eclipse_11911.dll
Event: 2.197 Loaded shared library C:\Users\admin\.cursor\extensions\redhat.java-1.42.0-win32-x64\jre\21.0.7-win32-x86_64\bin\management.dll
Event: 2.199 Loaded shared library C:\Users\admin\.cursor\extensions\redhat.java-1.42.0-win32-x64\jre\21.0.7-win32-x86_64\bin\management_ext.dll
Event: 2.540 Loaded shared library C:\Users\admin\AppData\Local\Temp\jna-92668751\jna4734208086256877134.dll
Event: 4.316 Loaded shared library C:\Users\admin\.gradle\native\1def1411415f61bf3af743bc5b6707747c0891f09f0c88961ee8f79bc544acac\windows-amd64\native-platform.dll
Event: 6.160 Loaded shared library C:\Users\admin\.cursor\extensions\redhat.java-1.42.0-win32-x64\jre\21.0.7-win32-x86_64\bin\extnet.dll
Event: 7.644 Loaded shared library C:\Users\admin\.cursor\extensions\redhat.java-1.42.0-win32-x64\jre\21.0.7-win32-x86_64\bin\sunmscapi.dll

Deoptimization events (20 events):
Event: 7.649 Thread 0x0000029fe4564910 Uncommon trap: trap_request=0xffffff45 fr.pc=0x0000029f8fba83f8 relative=0x00000000000008b8
Event: 7.649 Thread 0x0000029fe4564910 Uncommon trap: reason=unstable_if action=reinterpret pc=0x0000029f8fba83f8 method=java.util.HashMap.computeIfAbsent(Ljava/lang/Object;Ljava/util/function/Function;)Ljava/lang/Object; @ 294 c2
Event: 7.649 Thread 0x0000029fe4564910 DEOPT PACKING pc=0x0000029f8fba83f8 sp=0x000000f3e017be90
Event: 7.649 Thread 0x0000029fe4564910 DEOPT UNPACKING pc=0x0000029f8f3f3aa2 sp=0x000000f3e017be38 mode 2
Event: 7.656 Thread 0x0000029fe4564910 Uncommon trap: trap_request=0xffffff45 fr.pc=0x0000029f8fe578c4 relative=0x0000000000000b84
Event: 7.656 Thread 0x0000029fe4564910 Uncommon trap: reason=unstable_if action=reinterpret pc=0x0000029f8fe578c4 method=sun.nio.fs.WindowsPath.openForReadAttributeAccess(Z)J @ 5 c2
Event: 7.656 Thread 0x0000029fe4564910 DEOPT PACKING pc=0x0000029f8fe578c4 sp=0x000000f3e017da10
Event: 7.656 Thread 0x0000029fe4564910 DEOPT UNPACKING pc=0x0000029f8f3f3aa2 sp=0x000000f3e017d9e8 mode 2
Event: 7.656 Thread 0x0000029fe4564910 Uncommon trap: trap_request=0xffffff45 fr.pc=0x0000029f8fe5c308 relative=0x0000000000000a68
Event: 7.656 Thread 0x0000029fe4564910 Uncommon trap: reason=unstable_if action=reinterpret pc=0x0000029f8fe5c308 method=sun.nio.fs.WindowsNativeDispatcher.asNativeBuffer(Ljava/lang/String;)Lsun/nio/fs/NativeBuffer; @ 52 c2
Event: 7.656 Thread 0x0000029fe4564910 DEOPT PACKING pc=0x0000029f8fe5c308 sp=0x000000f3e017d990
Event: 7.656 Thread 0x0000029fe4564910 DEOPT UNPACKING pc=0x0000029f8f3f3aa2 sp=0x000000f3e017d838 mode 2
Event: 7.656 Thread 0x0000029fe4564910 Uncommon trap: trap_request=0xffffff45 fr.pc=0x0000029f8fe558b0 relative=0x0000000000000650
Event: 7.656 Thread 0x0000029fe4564910 Uncommon trap: reason=unstable_if action=reinterpret pc=0x0000029f8fe558b0 method=sun.nio.fs.WindowsFileAttributes.isReparsePoint(I)Z @ 5 c2
Event: 7.656 Thread 0x0000029fe4564910 DEOPT PACKING pc=0x0000029f8fe558b0 sp=0x000000f3e017da30
Event: 7.656 Thread 0x0000029fe4564910 DEOPT UNPACKING pc=0x0000029f8f3f3aa2 sp=0x000000f3e017d958 mode 2
Event: 7.656 Thread 0x0000029fe4564910 Uncommon trap: trap_request=0xffffff45 fr.pc=0x0000029f8fe30184 relative=0x00000000000001c4
Event: 7.656 Thread 0x0000029fe4564910 Uncommon trap: reason=unstable_if action=reinterpret pc=0x0000029f8fe30184 method=sun.nio.fs.NativeBuffers.getNativeBufferFromCache(I)Lsun/nio/fs/NativeBuffer; @ 34 c2
Event: 7.656 Thread 0x0000029fe4564910 DEOPT PACKING pc=0x0000029f8fe30184 sp=0x000000f3e017d940
Event: 7.656 Thread 0x0000029fe4564910 DEOPT UNPACKING pc=0x0000029f8f3f3aa2 sp=0x000000f3e017d8c8 mode 2

Classes loaded (20 events):
Event: 7.650 Loading class com/sun/security/sasl/Provider$1
Event: 7.651 Loading class com/sun/security/sasl/Provider$1 done
Event: 7.651 Loading class com/sun/security/sasl/Provider$ProviderService
Event: 7.651 Loading class com/sun/security/sasl/Provider$ProviderService done
Event: 7.651 Loading class sun/security/provider/certpath/ldap/JdkLDAP
Event: 7.651 Loading class sun/security/provider/certpath/ldap/JdkLDAP done
Event: 7.651 Loading class sun/security/provider/certpath/ldap/JdkLDAP$ProviderService
Event: 7.651 Loading class sun/security/provider/certpath/ldap/JdkLDAP$ProviderService done
Event: 7.653 Loading class sun/nio/ch/ServerSocketChannelImpl
Event: 7.653 Loading class sun/nio/ch/ServerSocketChannelImpl done
Event: 7.655 Loading class java/nio/BufferMismatch
Event: 7.655 Loading class java/nio/BufferMismatch done
Event: 7.655 Loading class sun/nio/ch/SourceChannelImpl
Event: 7.655 Loading class java/nio/channels/Pipe$SourceChannel
Event: 7.655 Loading class java/nio/channels/Pipe$SourceChannel done
Event: 7.655 Loading class sun/nio/ch/SourceChannelImpl done
Event: 7.655 Loading class sun/nio/ch/SinkChannelImpl
Event: 7.655 Loading class java/nio/channels/Pipe$SinkChannel
Event: 7.655 Loading class java/nio/channels/Pipe$SinkChannel done
Event: 7.655 Loading class sun/nio/ch/SinkChannelImpl done

Classes unloaded (7 events):
Event: 1.843 Thread 0x0000029f84e03a20 Unloading class 0x0000029f9a1a3c00 'java/lang/invoke/LambdaForm$MH+0x0000029f9a1a3c00'
Event: 1.843 Thread 0x0000029f84e03a20 Unloading class 0x0000029f9a1a3800 'java/lang/invoke/LambdaForm$MH+0x0000029f9a1a3800'
Event: 1.843 Thread 0x0000029f84e03a20 Unloading class 0x0000029f9a1a3400 'java/lang/invoke/LambdaForm$MH+0x0000029f9a1a3400'
Event: 1.843 Thread 0x0000029f84e03a20 Unloading class 0x0000029f9a1a3000 'java/lang/invoke/LambdaForm$MH+0x0000029f9a1a3000'
Event: 1.843 Thread 0x0000029f84e03a20 Unloading class 0x0000029f9a1a2c00 'java/lang/invoke/LambdaForm$BMH+0x0000029f9a1a2c00'
Event: 1.843 Thread 0x0000029f84e03a20 Unloading class 0x0000029f9a1a2800 'java/lang/invoke/LambdaForm$DMH+0x0000029f9a1a2800'
Event: 1.843 Thread 0x0000029f84e03a20 Unloading class 0x0000029f9a1a1400 'java/lang/invoke/LambdaForm$DMH+0x0000029f9a1a1400'

Classes redefined (0 events):
No events

Internal exceptions (20 events):
Event: 6.208 Thread 0x0000029fe4564910 Exception <a 'java/lang/NoSuchMethodError'{0x00000000eb205f78}: 'java.lang.Object java.lang.invoke.DirectMethodHandle$Holder.invokeStatic(java.lang.Object, java.lang.Object, java.lang.Object, java.lang.Object, java.lang.Object, java.lang.Object, java.lang.Object, java.lang.Object, java.lang.Object, java.lang.Object, java.lang.Object, java.lang.Object, java.lang.Object, java.lang.Object, java.lang.Object, java.lang.Object, java.lang.Object)'> (0x00000000eb205f78) 
thrown [s\src\hotspot\share\interpreter\lin
Event: 6.209 Thread 0x0000029fe4564910 Exception <a 'java/lang/NoSuchMethodError'{0x00000000eb2329d8}: 'java.lang.Object java.lang.invoke.DirectMethodHandle$Holder.invokeStatic(java.lang.Object, java.lang.Object, java.lang.Object, java.lang.Object, java.lang.Object, java.lang.Object, java.lang.Object, java.lang.Object, java.lang.Object, java.lang.Object, java.lang.Object, java.lang.Object, java.lang.Object, java.lang.Object, java.lang.Object, java.lang.Object, java.lang.Object, java.lang.Object)'> (0x00000000eb2329d8) 
thrown [s\src\hotspot\sha
Event: 6.210 Thread 0x0000029fe4564910 Exception <a 'java/lang/NoSuchMethodError'{0x00000000eb260518}: 'java.lang.Object java.lang.invoke.DirectMethodHandle$Holder.invokeStatic(java.lang.Object, java.lang.Object, java.lang.Object, java.lang.Object, java.lang.Object, java.lang.Object, java.lang.Object, java.lang.Object, java.lang.Object, java.lang.Object, java.lang.Object, java.lang.Object, java.lang.Object, java.lang.Object, java.lang.Object, java.lang.Object, java.lang.Object, java.lang.Object, java.lang.Object)'> (0x00000000eb260518) 
thrown 
Event: 6.211 Thread 0x0000029fe4564910 Exception <a 'java/lang/NoSuchMethodError'{0x00000000eb291058}: 'java.lang.Object java.lang.invoke.DirectMethodHandle$Holder.invokeStatic(java.lang.Object, java.lang.Object, java.lang.Object, java.lang.Object, java.lang.Object, java.lang.Object, java.lang.Object, java.lang.Object, java.lang.Object, java.lang.Object, java.lang.Object, java.lang.Object, java.lang.Object, java.lang.Object, java.lang.Object, java.lang.Object, java.lang.Object, java.lang.Object, java.lang.Object, java.lang.Object)'> (0x00000000
Event: 6.212 Thread 0x0000029fe4564910 Exception <a 'java/lang/NoSuchMethodError'{0x00000000eb2c14e0}: 'java.lang.Object java.lang.invoke.DirectMethodHandle$Holder.invokeStatic(java.lang.Object, java.lang.Object, java.lang.Object, java.lang.Object, java.lang.Object, java.lang.Object, java.lang.Object, java.lang.Object, java.lang.Object, java.lang.Object, java.lang.Object, java.lang.Object, java.lang.Object, java.lang.Object, java.lang.Object, java.lang.Object, java.lang.Object, java.lang.Object, java.lang.Object, java.lang.Object, java.lang.Obj
Event: 6.213 Thread 0x0000029fe4564910 Exception <a 'java/lang/NoSuchMethodError'{0x00000000eb2f23a8}: 'java.lang.Object java.lang.invoke.DirectMethodHandle$Holder.invokeStatic(java.lang.Object, java.lang.Object, java.lang.Object, java.lang.Object, java.lang.Object, java.lang.Object, java.lang.Object, java.lang.Object, java.lang.Object, java.lang.Object, java.lang.Object, java.lang.Object, java.lang.Object, java.lang.Object, java.lang.Object, java.lang.Object, java.lang.Object, java.lang.Object, java.lang.Object, java.lang.Object, java.lang.Obj
Event: 6.214 Thread 0x0000029fe4564910 Exception <a 'java/lang/NoSuchMethodError'{0x00000000eb324060}: 'java.lang.Object java.lang.invoke.DirectMethodHandle$Holder.invokeStatic(java.lang.Object, java.lang.Object, java.lang.Object, java.lang.Object, java.lang.Object, java.lang.Object, java.lang.Object, java.lang.Object, java.lang.Object, java.lang.Object, java.lang.Object, java.lang.Object, java.lang.Object, java.lang.Object, java.lang.Object, java.lang.Object, java.lang.Object, java.lang.Object, java.lang.Object, java.lang.Object, java.lang.Obj
Event: 6.214 Thread 0x0000029fe4564910 Exception <a 'java/lang/NoSuchMethodError'{0x00000000eb356810}: 'java.lang.Object java.lang.invoke.DirectMethodHandle$Holder.invokeStatic(java.lang.Object, java.lang.Object, java.lang.Object, java.lang.Object, java.lang.Object, java.lang.Object, java.lang.Object, java.lang.Object, java.lang.Object, java.lang.Object, java.lang.Object, java.lang.Object, java.lang.Object, java.lang.Object, java.lang.Object, java.lang.Object, java.lang.Object, java.lang.Object, java.lang.Object, java.lang.Object, java.lang.Obj
Event: 6.215 Thread 0x0000029fe4564910 Exception <a 'java/lang/NoSuchMethodError'{0x00000000eb38b630}: 'java.lang.Object java.lang.invoke.DirectMethodHandle$Holder.invokeStatic(java.lang.Object, java.lang.Object, java.lang.Object, java.lang.Object, java.lang.Object, java.lang.Object, java.lang.Object, java.lang.Object, java.lang.Object, java.lang.Object, java.lang.Object, java.lang.Object, java.lang.Object, java.lang.Object, java.lang.Object, java.lang.Object, java.lang.Object, java.lang.Object, java.lang.Object, java.lang.Object, java.lang.Obj
Event: 6.217 Thread 0x0000029fe4564910 Exception <a 'java/lang/NoSuchMethodError'{0x00000000eb3b11d0}: 'java.lang.Object java.lang.invoke.DirectMethodHandle$Holder.invokeSpecial(java.lang.Object, java.lang.Object, java.lang.Object, java.lang.Object, java.lang.Object, java.lang.Object, java.lang.Object, java.lang.Object, java.lang.Object, java.lang.Object, java.lang.Object, java.lang.Object, java.lang.Object, java.lang.Object, java.lang.Object, java.lang.Object, java.lang.Object, java.lang.Object, java.lang.Object, java.lang.Object, java.lang.Ob
Event: 6.218 Thread 0x0000029fe4564910 Exception <a 'java/lang/NoSuchMethodError'{0x00000000eb3c69b8}: 'java.lang.Object java.lang.invoke.DirectMethodHandle$Holder.newInvokeSpecial(java.lang.Object, java.lang.Object, java.lang.Object, java.lang.Object, java.lang.Object, java.lang.Object, java.lang.Object, java.lang.Object, java.lang.Object, java.lang.Object, java.lang.Object, java.lang.Object, java.lang.Object, java.lang.Object, java.lang.Object, java.lang.Object, java.lang.Object, java.lang.Object, java.lang.Object, java.lang.Object, java.lang
Event: 6.218 Thread 0x0000029fe4564910 Exception <a 'java/lang/NoSuchMethodError'{0x00000000eb3ccdf8}: 'java.lang.Object java.lang.invoke.Invokers$Holder.linkToTargetMethod(java.lang.Object, java.lang.Object, java.lang.Object, java.lang.Object, java.lang.Object, java.lang.Object, java.lang.Object, java.lang.Object, java.lang.Object, java.lang.Object, java.lang.Object, java.lang.Object, java.lang.Object, java.lang.Object, java.lang.Object, java.lang.Object, java.lang.Object, java.lang.Object, java.lang.Object, java.lang.Object, java.lang.Object,
Event: 6.218 Thread 0x0000029fe4564910 Exception <a 'java/lang/NoSuchMethodError'{0x00000000eb3d1fc0}: 'java.lang.Object java.lang.invoke.DirectMethodHandle$Holder.invokeVirtual(java.lang.Object, java.lang.Object, java.lang.Object, java.lang.Object, java.lang.Object, java.lang.Object, java.lang.Object, java.lang.Object, java.lang.Object, java.lang.Object)'> (0x00000000eb3d1fc0) 
thrown [s\src\hotspot\share\interpreter\linkResolver.cpp, line 773]
Event: 6.229 Thread 0x0000029fe4564910 Exception <a 'java/lang/NoSuchMethodError'{0x00000000eb56cdf0}: 'java.lang.Object java.lang.invoke.DirectMethodHandle$Holder.invokeVirtual(java.lang.Object, java.lang.Object, java.lang.Object, java.lang.Object, java.lang.Object, java.lang.Object, java.lang.Object, java.lang.Object, java.lang.Object)'> (0x00000000eb56cdf0) 
thrown [s\src\hotspot\share\interpreter\linkResolver.cpp, line 773]
Event: 6.243 Thread 0x0000029fe4564910 Exception <a 'java/lang/NoSuchMethodError'{0x00000000eb7aa298}: 'java.lang.Object java.lang.invoke.DirectMethodHandle$Holder.invokeVirtual(java.lang.Object, java.lang.Object, java.lang.Object, java.lang.Object, java.lang.Object, java.lang.Object, java.lang.Object, java.lang.Object)'> (0x00000000eb7aa298) 
thrown [s\src\hotspot\share\interpreter\linkResolver.cpp, line 773]
Event: 6.246 Thread 0x0000029fe4564910 Exception <a 'java/lang/NoSuchMethodError'{0x00000000eb821348}: 'long java.lang.invoke.DirectMethodHandle$Holder.invokeVirtual(java.lang.Object, java.lang.Object)'> (0x00000000eb821348) 
thrown [s\src\hotspot\share\interpreter\linkResolver.cpp, line 773]
Event: 6.246 Thread 0x0000029fe4564910 Exception <a 'java/lang/NoSuchMethodError'{0x00000000eb824748}: 'long java.lang.invoke.DelegatingMethodHandle$Holder.reinvoke_L(java.lang.Object, java.lang.Object)'> (0x00000000eb824748) 
thrown [s\src\hotspot\share\interpreter\linkResolver.cpp, line 773]
Event: 6.306 Thread 0x0000029fe45669e0 Exception <a 'java/lang/NoSuchMethodError'{0x00000000eb099768}: 'void java.lang.invoke.DirectMethodHandle$Holder.invokeStatic(java.lang.Object, long)'> (0x00000000eb099768) 
thrown [s\src\hotspot\share\interpreter\linkResolver.cpp, line 773]
Event: 6.379 Thread 0x0000029fe45669e0 Exception <a 'java/lang/NoSuchMethodError'{0x00000000eb0bd6f8}: 'void java.lang.invoke.DirectMethodHandle$Holder.invokeSpecial(java.lang.Object, java.lang.Object, int)'> (0x00000000eb0bd6f8) 
thrown [s\src\hotspot\share\interpreter\linkResolver.cpp, line 773]
Event: 6.379 Thread 0x0000029fe45669e0 Exception <a 'java/lang/NoSuchMethodError'{0x00000000eb0c2b20}: 'java.lang.Object java.lang.invoke.DirectMethodHandle$Holder.newInvokeSpecial(java.lang.Object, java.lang.Object, int)'> (0x00000000eb0c2b20) 
thrown [s\src\hotspot\share\interpreter\linkResolver.cpp, line 773]

ZGC Phase Switch (0 events):
No events

VM Operations (20 events):
Event: 5.996 Executing VM operation: ParallelGCFailedAllocation (Allocation Failure)
Event: 5.996 Executing VM operation: ParallelGCFailedAllocation (Allocation Failure) done
Event: 6.041 Executing VM operation: ParallelGCFailedAllocation (Allocation Failure)
Event: 6.041 Executing VM operation: ParallelGCFailedAllocation (Allocation Failure) done
Event: 6.086 Executing VM operation: ParallelGCFailedAllocation (Allocation Failure)
Event: 6.086 Executing VM operation: ParallelGCFailedAllocation (Allocation Failure) done
Event: 6.143 Executing VM operation: ParallelGCFailedAllocation (Allocation Failure)
Event: 6.145 Executing VM operation: ParallelGCFailedAllocation (Allocation Failure) done
Event: 6.232 Executing VM operation: HandshakeAllThreads (Deoptimize)
Event: 6.232 Executing VM operation: HandshakeAllThreads (Deoptimize) done
Event: 6.251 Executing VM operation: ParallelGCFailedAllocation (Allocation Failure)
Event: 6.252 Executing VM operation: ParallelGCFailedAllocation (Allocation Failure) done
Event: 6.450 Executing VM operation: HandshakeAllThreads (Deoptimize)
Event: 6.450 Executing VM operation: HandshakeAllThreads (Deoptimize) done
Event: 7.450 Executing VM operation: Cleanup
Event: 7.450 Executing VM operation: Cleanup done
Event: 7.624 Executing VM operation: ParallelGCFailedAllocation (Allocation Failure)
Event: 7.626 Executing VM operation: ParallelGCFailedAllocation (Allocation Failure) done
Event: 7.632 Executing VM operation: HandshakeAllThreads (Deoptimize)
Event: 7.632 Executing VM operation: HandshakeAllThreads (Deoptimize) done

Memory protections (0 events):
No events

Nmethod flushes (20 events):
Event: 5.468 Thread 0x0000029f84e03a20 flushing  nmethod 0x0000029f888d0090
Event: 5.468 Thread 0x0000029f84e03a20 flushing  nmethod 0x0000029f888d1990
Event: 5.468 Thread 0x0000029f84e03a20 flushing  nmethod 0x0000029f888dc310
Event: 5.468 Thread 0x0000029f84e03a20 flushing  nmethod 0x0000029f888f1810
Event: 5.468 Thread 0x0000029f84e03a20 flushing  nmethod 0x0000029f88905690
Event: 5.468 Thread 0x0000029f84e03a20 flushing  nmethod 0x0000029f88905a90
Event: 5.468 Thread 0x0000029f84e03a20 flushing  nmethod 0x0000029f88925a90
Event: 5.468 Thread 0x0000029f84e03a20 flushing  nmethod 0x0000029f88926490
Event: 5.468 Thread 0x0000029f84e03a20 flushing  nmethod 0x0000029f88927d90
Event: 5.468 Thread 0x0000029f84e03a20 flushing  nmethod 0x0000029f88929890
Event: 5.468 Thread 0x0000029f84e03a20 flushing  nmethod 0x0000029f88929d10
Event: 5.468 Thread 0x0000029f84e03a20 flushing  nmethod 0x0000029f8892a090
Event: 5.468 Thread 0x0000029f84e03a20 flushing  nmethod 0x0000029f8892aa90
Event: 5.468 Thread 0x0000029f84e03a20 flushing  nmethod 0x0000029f8892b490
Event: 5.468 Thread 0x0000029f84e03a20 flushing  nmethod 0x0000029f88937510
Event: 5.468 Thread 0x0000029f84e03a20 flushing  nmethod 0x0000029f88946610
Event: 5.468 Thread 0x0000029f84e03a20 flushing  nmethod 0x0000029f88947b90
Event: 5.468 Thread 0x0000029f84e03a20 flushing  nmethod 0x0000029f88995a10
Event: 5.468 Thread 0x0000029f84e03a20 flushing  nmethod 0x0000029f88996090
Event: 5.468 Thread 0x0000029f84e03a20 flushing  nmethod 0x0000029f88997f10

Events (20 events):
Event: 5.024 Thread 0x0000029fe2911a30 Thread added: 0x0000029fe4566350
Event: 5.025 Thread 0x0000029fe2911a30 Thread added: 0x0000029fe4564910
Event: 5.221 Thread 0x0000029fe385c850 Thread exited: 0x0000029fe385c850
Event: 5.493 Thread 0x0000029fe385d5f0 Thread exited: 0x0000029fe385d5f0
Event: 5.493 Thread 0x0000029fe385b3e0 Thread exited: 0x0000029fe385b3e0
Event: 6.122 Thread 0x0000029fdb9de810 Thread exited: 0x0000029fdb9de810
Event: 6.253 Thread 0x0000029fe4564910 Thread added: 0x0000029fe4562ed0
Event: 6.301 Thread 0x0000029fe4564910 Thread added: 0x0000029fe45669e0
Event: 6.308 Thread 0x0000029fe45669e0 Thread added: 0x0000029fe4565630
Event: 6.308 Thread 0x0000029fe45669e0 Thread added: 0x0000029fe4563560
Event: 6.410 Thread 0x0000029fe1845cf0 Thread exited: 0x0000029fe1845cf0
Event: 6.421 Thread 0x0000029fe4564910 Thread added: 0x0000029fe4567070
Event: 6.426 Thread 0x0000029fe4567070 Thread added: 0x0000029fe4568ab0
Event: 6.426 Thread 0x0000029fe4567070 Thread added: 0x0000029fe4567700
Event: 6.426 Thread 0x0000029fe4568ab0 Thread exited: 0x0000029fe4568ab0
Event: 6.513 Thread 0x0000029fdb82b970 Thread exited: 0x0000029fdb82b970
Event: 6.757 Thread 0x0000029fe25226a0 Thread exited: 0x0000029fe25226a0
Event: 7.614 Thread 0x0000029fe4567070 Thread exited: 0x0000029fe4567070
Event: 7.614 Thread 0x0000029fe4567700 Thread exited: 0x0000029fe4567700
Event: 7.650 Thread 0x0000029fdb6dcb10 Thread added: 0x0000029fe385c850


Dynamic libraries:
0x00007ff7af130000 - 0x00007ff7af13e000 	c:\Users\admin\.cursor\extensions\redhat.java-1.42.0-win32-x64\jre\21.0.7-win32-x86_64\bin\java.exe
0x00007ff8f0da0000 - 0x00007ff8f1006000 	C:\WINDOWS\SYSTEM32\ntdll.dll
0x00007ff8eeec0000 - 0x00007ff8eef89000 	C:\WINDOWS\System32\KERNEL32.DLL
0x00007ff8ee410000 - 0x00007ff8ee7dc000 	C:\WINDOWS\System32\KERNELBASE.dll
0x00007ff8edfd0000 - 0x00007ff8ee11b000 	C:\WINDOWS\System32\ucrtbase.dll
0x00007ff8cd780000 - 0x00007ff8cd798000 	c:\Users\admin\.cursor\extensions\redhat.java-1.42.0-win32-x64\jre\21.0.7-win32-x86_64\bin\jli.dll
0x00007ff8cd7a0000 - 0x00007ff8cd7be000 	c:\Users\admin\.cursor\extensions\redhat.java-1.42.0-win32-x64\jre\21.0.7-win32-x86_64\bin\VCRUNTIME140.dll
0x00007ff8f0aa0000 - 0x00007ff8f0c6a000 	C:\WINDOWS\System32\USER32.dll
0x00007ff8ee120000 - 0x00007ff8ee147000 	C:\WINDOWS\System32\win32u.dll
0x00007ff8db710000 - 0x00007ff8db9aa000 	C:\WINDOWS\WinSxS\amd64_microsoft.windows.common-controls_6595b64144ccf1df_6.0.26100.3912_none_3e07963ce335137e\COMCTL32.dll
0x00007ff8f0440000 - 0x00007ff8f046b000 	C:\WINDOWS\System32\GDI32.dll
0x00007ff8eeb60000 - 0x00007ff8eec09000 	C:\WINDOWS\System32\msvcrt.dll
0x00007ff8ee2d0000 - 0x00007ff8ee402000 	C:\WINDOWS\System32\gdi32full.dll
0x00007ff8eea20000 - 0x00007ff8eeac3000 	C:\WINDOWS\System32\msvcp_win.dll
0x00007ff8f0c70000 - 0x00007ff8f0ca0000 	C:\WINDOWS\System32\IMM32.DLL
0x00007ff8ea4a0000 - 0x00007ff8ea4ac000 	c:\Users\admin\.cursor\extensions\redhat.java-1.42.0-win32-x64\jre\21.0.7-win32-x86_64\bin\vcruntime140_1.dll
0x00007ff8c7240000 - 0x00007ff8c72cd000 	c:\Users\admin\.cursor\extensions\redhat.java-1.42.0-win32-x64\jre\21.0.7-win32-x86_64\bin\msvcp140.dll
0x00007ff86fba0000 - 0x00007ff870930000 	c:\Users\admin\.cursor\extensions\redhat.java-1.42.0-win32-x64\jre\21.0.7-win32-x86_64\bin\server\jvm.dll
0x00007ff8f0140000 - 0x00007ff8f01f2000 	C:\WINDOWS\System32\ADVAPI32.dll
0x00007ff8f0cb0000 - 0x00007ff8f0d56000 	C:\WINDOWS\System32\sechost.dll
0x00007ff8efb60000 - 0x00007ff8efc76000 	C:\WINDOWS\System32\RPCRT4.dll
0x00007ff8ef340000 - 0x00007ff8ef3b4000 	C:\WINDOWS\System32\WS2_32.dll
0x00007ff8edda0000 - 0x00007ff8eddfe000 	C:\WINDOWS\SYSTEM32\POWRPROF.dll
0x00007ff8ea6e0000 - 0x00007ff8ea6eb000 	C:\WINDOWS\SYSTEM32\VERSION.dll
0x00007ff8e4950000 - 0x00007ff8e4986000 	C:\WINDOWS\SYSTEM32\WINMM.dll
0x00007ff8edd80000 - 0x00007ff8edd94000 	C:\WINDOWS\SYSTEM32\UMPDC.dll
0x00007ff8eccf0000 - 0x00007ff8ecd0a000 	C:\WINDOWS\SYSTEM32\kernel.appcore.dll
0x00007ff8e04c0000 - 0x00007ff8e04ca000 	c:\Users\admin\.cursor\extensions\redhat.java-1.42.0-win32-x64\jre\21.0.7-win32-x86_64\bin\jimage.dll
0x00007ff89bae0000 - 0x00007ff89bd21000 	C:\WINDOWS\SYSTEM32\DBGHELP.DLL
0x00007ff8eef90000 - 0x00007ff8ef314000 	C:\WINDOWS\System32\combase.dll
0x00007ff8f0050000 - 0x00007ff8f0130000 	C:\WINDOWS\System32\OLEAUT32.dll
0x00007ff8d7240000 - 0x00007ff8d7279000 	C:\WINDOWS\SYSTEM32\dbgcore.DLL
0x00007ff8edf30000 - 0x00007ff8edfc9000 	C:\WINDOWS\System32\bcryptPrimitives.dll
0x00007ff8e0420000 - 0x00007ff8e042f000 	c:\Users\admin\.cursor\extensions\redhat.java-1.42.0-win32-x64\jre\21.0.7-win32-x86_64\bin\instrument.dll
0x00007ff8c9e90000 - 0x00007ff8c9eaf000 	c:\Users\admin\.cursor\extensions\redhat.java-1.42.0-win32-x64\jre\21.0.7-win32-x86_64\bin\java.dll
0x00007ff8ef430000 - 0x00007ff8efb5d000 	C:\WINDOWS\System32\SHELL32.dll
0x00007ff8ee150000 - 0x00007ff8ee2c4000 	C:\WINDOWS\System32\wintypes.dll
0x00007ff8ebbe0000 - 0x00007ff8ec436000 	C:\WINDOWS\SYSTEM32\windows.storage.dll
0x00007ff8eedc0000 - 0x00007ff8eeeaf000 	C:\WINDOWS\System32\SHCORE.dll
0x00007ff8ef3c0000 - 0x00007ff8ef429000 	C:\WINDOWS\System32\shlwapi.dll
0x00007ff8ede10000 - 0x00007ff8ede3f000 	C:\WINDOWS\SYSTEM32\profapi.dll
0x00007ff8c9100000 - 0x00007ff8c9118000 	c:\Users\admin\.cursor\extensions\redhat.java-1.42.0-win32-x64\jre\21.0.7-win32-x86_64\bin\zip.dll
0x00007ff8e0490000 - 0x00007ff8e04a0000 	C:\Users\admin\.cursor\extensions\redhat.java-1.42.0-win32-x64\jre\21.0.7-win32-x86_64\bin\net.dll
0x00007ff8e8a60000 - 0x00007ff8e8b7e000 	C:\WINDOWS\SYSTEM32\WINHTTP.dll
0x0000000180000000 - 0x000000018008c000 	C:\WINDOWS\system32\ASProxy64.dll
0x00007ff8efc80000 - 0x00007ff8efe1f000 	C:\WINDOWS\System32\ole32.dll
0x00007ff8ed260000 - 0x00007ff8ed2ca000 	C:\WINDOWS\SYSTEM32\MSWSOCK.dll
0x00007ff8ec730000 - 0x00007ff8ec763000 	C:\WINDOWS\SYSTEM32\IPHLPAPI.DLL
0x00007ff8ecf90000 - 0x00007ff8ecfd8000 	C:\WINDOWS\SYSTEM32\SspiCli.dll
0x00007ff8c7470000 - 0x00007ff8c7486000 	C:\Users\admin\.cursor\extensions\redhat.java-1.42.0-win32-x64\jre\21.0.7-win32-x86_64\bin\nio.dll
0x00007ff8d9400000 - 0x00007ff8d9410000 	c:\Users\admin\.cursor\extensions\redhat.java-1.42.0-win32-x64\jre\21.0.7-win32-x86_64\bin\verify.dll
0x00007ff8eb200000 - 0x00007ff8eb2af000 	C:\WINDOWS\system32\uxtheme.dll
0x00007ff8d68c0000 - 0x00007ff8d6905000 	C:\Users\admin\AppData\Roaming\Cursor\User\globalStorage\redhat.java\1.42.0\config_win\org.eclipse.equinox.launcher\org.eclipse.equinox.launcher.win32.win32.x86_64_1.2.1300.v20250331-1702\eclipse_11911.dll
0x00007ff8ed510000 - 0x00007ff8ed52c000 	C:\WINDOWS\SYSTEM32\CRYPTSP.dll
0x00007ff8ecc50000 - 0x00007ff8ecc8a000 	C:\WINDOWS\system32\rsaenh.dll
0x00007ff8ed300000 - 0x00007ff8ed32b000 	C:\WINDOWS\SYSTEM32\USERENV.dll
0x00007ff8ede50000 - 0x00007ff8ede76000 	C:\WINDOWS\SYSTEM32\bcrypt.dll
0x00007ff8ed500000 - 0x00007ff8ed50c000 	C:\WINDOWS\SYSTEM32\CRYPTBASE.dll
0x00007ff8eedb0000 - 0x00007ff8eedba000 	C:\WINDOWS\System32\NSI.dll
0x00007ff8ddf50000 - 0x00007ff8ddf5a000 	C:\Users\admin\.cursor\extensions\redhat.java-1.42.0-win32-x64\jre\21.0.7-win32-x86_64\bin\management.dll
0x00007ff8ddf40000 - 0x00007ff8ddf4b000 	C:\Users\admin\.cursor\extensions\redhat.java-1.42.0-win32-x64\jre\21.0.7-win32-x86_64\bin\management_ext.dll
0x00007ff8f0040000 - 0x00007ff8f0048000 	C:\WINDOWS\System32\PSAPI.DLL
0x00007ff8ceac0000 - 0x00007ff8ceb09000 	C:\Users\admin\AppData\Local\Temp\jna-92668751\jna4734208086256877134.dll
0x00007ff8e86b0000 - 0x00007ff8e86cf000 	C:\WINDOWS\SYSTEM32\dhcpcsvc6.DLL
0x00007ff8e7810000 - 0x00007ff8e7835000 	C:\WINDOWS\SYSTEM32\dhcpcsvc.DLL
0x00007ff8cea90000 - 0x00007ff8ceab7000 	C:\Users\admin\.gradle\native\1def1411415f61bf3af743bc5b6707747c0891f09f0c88961ee8f79bc544acac\windows-amd64\native-platform.dll
0x00007ff8ddf30000 - 0x00007ff8ddf39000 	C:\Users\admin\.cursor\extensions\redhat.java-1.42.0-win32-x64\jre\21.0.7-win32-x86_64\bin\extnet.dll
0x00007ff8d2020000 - 0x00007ff8d202e000 	C:\Users\admin\.cursor\extensions\redhat.java-1.42.0-win32-x64\jre\21.0.7-win32-x86_64\bin\sunmscapi.dll
0x00007ff8ee7e0000 - 0x00007ff8ee957000 	C:\WINDOWS\System32\CRYPT32.dll
0x00007ff8ed710000 - 0x00007ff8ed740000 	C:\WINDOWS\SYSTEM32\ncrypt.dll
0x00007ff8ed6c0000 - 0x00007ff8ed6ff000 	C:\WINDOWS\SYSTEM32\NTASN1.dll
0x00007ff8c90f0000 - 0x00007ff8c90f8000 	C:\WINDOWS\system32\wshunix.dll

dbghelp: loaded successfully - version: 4.0.5 - missing functions: none
symbol engine: initialized successfully - sym options: 0x614 - pdb path: .;c:\Users\admin\.cursor\extensions\redhat.java-1.42.0-win32-x64\jre\21.0.7-win32-x86_64\bin;C:\WINDOWS\SYSTEM32;C:\WINDOWS\WinSxS\amd64_microsoft.windows.common-controls_6595b64144ccf1df_6.0.26100.3912_none_3e07963ce335137e;c:\Users\admin\.cursor\extensions\redhat.java-1.42.0-win32-x64\jre\21.0.7-win32-x86_64\bin\server;C:\Users\admin\AppData\Roaming\Cursor\User\globalStorage\redhat.java\1.42.0\config_win\org.eclipse.equinox.launcher\org.eclipse.equinox.launcher.win32.win32.x86_64_1.2.1300.v20250331-1702;C:\Users\admin\AppData\Local\Temp\jna-92668751;C:\Users\admin\.gradle\native\1def1411415f61bf3af743bc5b6707747c0891f09f0c88961ee8f79bc544acac\windows-amd64

VM Arguments:
jvm_args: --add-modules=ALL-SYSTEM --add-opens=java.base/java.util=ALL-UNNAMED --add-opens=java.base/java.lang=ALL-UNNAMED --add-opens=java.base/sun.nio.fs=ALL-UNNAMED -Declipse.application=org.eclipse.jdt.ls.core.id1 -Dosgi.bundles.defaultStartLevel=4 -Declipse.product=org.eclipse.jdt.ls.core.product -Djava.import.generatesMetadataFilesAtProjectRoot=false -DDetectVMInstallationsJob.disabled=true -Dfile.encoding=utf8 -XX:+UseParallelGC -XX:GCTimeRatio=4 -XX:AdaptiveSizePolicyWeight=90 -Dsun.zip.disableMemoryMapping=true -Xmx1G -Xms100m -Xlog:disable -javaagent:c:\Users\admin\.cursor\extensions\redhat.java-1.42.0-win32-x64\lombok\lombok-1.18.36.jar -XX:+HeapDumpOnOutOfMemoryError -XX:HeapDumpPath=c:\Users\admin\AppData\Roaming\Cursor\User\workspaceStorage\0426a641ec518546e312a5bf184515bb\redhat.java -Daether.dependencyCollector.impl=bf 
java_command: c:\Users\admin\.cursor\extensions\redhat.java-1.42.0-win32-x64\server\plugins\org.eclipse.equinox.launcher_1.7.0.v20250424-1814.jar -configuration c:\Users\admin\AppData\Roaming\Cursor\User\globalStorage\redhat.java\1.42.0\config_win -data c:\Users\admin\AppData\Roaming\Cursor\User\workspaceStorage\0426a641ec518546e312a5bf184515bb\redhat.java\jdt_ws --pipe=\\.\pipe\lsp-2ba196d1663c666b416b050b72e35cc7-sock
java_class_path (initial): c:\Users\admin\.cursor\extensions\redhat.java-1.42.0-win32-x64\server\plugins\org.eclipse.equinox.launcher_1.7.0.v20250424-1814.jar
Launcher Type: SUN_STANDARD

[Global flags]
    uintx AdaptiveSizePolicyWeight                 = 90                                        {product} {command line}
     intx CICompilerCount                          = 12                                        {product} {ergonomic}
    uintx GCTimeRatio                              = 4                                         {product} {command line}
     bool HeapDumpOnOutOfMemoryError               = true                                   {manageable} {command line}
    ccstr HeapDumpPath                             = c:\Users\admin\AppData\Roaming\Cursor\User\workspaceStorage\0426a641ec518546e312a5bf184515bb\redhat.java         {manageable} {command line}
   size_t InitialHeapSize                          = 104857600                                 {product} {command line}
   size_t MaxHeapSize                              = 1073741824                                {product} {command line}
   size_t MaxNewSize                               = 357564416                                 {product} {ergonomic}
   size_t MinHeapDeltaBytes                        = 524288                                    {product} {ergonomic}
   size_t MinHeapSize                              = 104857600                                 {product} {command line}
   size_t NewSize                                  = 34603008                                  {product} {ergonomic}
    uintx NonNMethodCodeHeapSize                   = 7602480                                {pd product} {ergonomic}
    uintx NonProfiledCodeHeapSize                  = 122027880                              {pd product} {ergonomic}
   size_t OldSize                                  = 70254592                                  {product} {ergonomic}
    uintx ProfiledCodeHeapSize                     = 122027880                              {pd product} {ergonomic}
    uintx ReservedCodeCacheSize                    = 251658240                              {pd product} {ergonomic}
     bool SegmentedCodeCache                       = true                                      {product} {ergonomic}
   size_t SoftMaxHeapSize                          = 1073741824                             {manageable} {ergonomic}
     bool UseCompressedOops                        = true                           {product lp64_product} {ergonomic}
     bool UseLargePagesIndividualAllocation        = false                                  {pd product} {ergonomic}
     bool UseParallelGC                            = true                                      {product} {command line}

Logging:
Log output configuration:
 #0: stdout all=off uptime,level,tags foldmultilines=false
 #1: stderr all=off uptime,level,tags foldmultilines=false

Environment Variables:
JAVA_HOME=C:\Program Files\OpenLogic\jdk-17.0.15.6-hotspot
PATH=C:\Program Files\Common Files\Oracle\Java\javapath;C:\Program Files\OpenLogic\jdk-17.0.15.6-hotspot\bin;C:\WINDOWS\system32;C:\WINDOWS;C:\WINDOWS\System32\Wbem;C:\WINDOWS\System32\WindowsPowerShell\v1.0\;C:\WINDOWS\System32\OpenSSH\;C:\Program Files\dotnet\;C:\Program Files\Microsoft SQL Server\130\Tools\Binn\;C:\Program Files\Git\cmd;C:\Users\admin\AppData\Roaming\nvm;C:\Program Files\nodejs;C:\Program Files\Microsoft SQL Server\150\Tools\Binn\;C:\Users\admin\AppData\Local\Microsoft\WindowsApps;C:\Users\admin\AppData\Roaming\npm;C:\Users\admin\AppData\Local\Programs\Microsoft VS Code\bin;C:\Users\admin\AppData\Roaming\nvm;C:\Program Files\nodejs;C:\Users\admin\AppData\Local\Android\Sdk\platform-tools;C:\Users\admin\AppData\Local\Programs\cursor\resources\app\bin;C:\;C:\Users\admin\.dotnet\tools
USERNAME=admin
OS=Windows_NT
PROCESSOR_IDENTIFIER=Intel64 Family 6 Model 165 Stepping 5, GenuineIntel
TMP=C:\Users\admin\AppData\Local\Temp
TEMP=C:\Users\admin\AppData\Local\Temp




Periodic native trim disabled

---------------  S Y S T E M  ---------------

OS:
 Windows 11 , 64 bit Build 26100 (10.0.26100.3912)
OS uptime: 1 days 7:21 hours

CPU: total 16 (initial active 16) (8 cores per cpu, 2 threads per core) family 6 model 165 stepping 5 microcode 0xec, cx8, cmov, fxsr, ht, mmx, 3dnowpref, sse, sse2, sse3, ssse3, sse4.1, sse4.2, popcnt, lzcnt, tsc, tscinvbit, avx, avx2, aes, erms, clmul, bmi1, bmi2, adx, fma, vzeroupper, clflush, clflushopt, rdtscp, f16c, pku
Processor Information for processor 0
  Max Mhz: 2901, Current Mhz: 2901, Mhz Limit: 2901
Processor Information for processor 1
  Max Mhz: 2901, Current Mhz: 1800, Mhz Limit: 2901
Processor Information for processor 2
  Max Mhz: 2901, Current Mhz: 2901, Mhz Limit: 2901
Processor Information for processor 3
  Max Mhz: 2901, Current Mhz: 2901, Mhz Limit: 2901
Processor Information for processor 4
  Max Mhz: 2901, Current Mhz: 2901, Mhz Limit: 2901
Processor Information for processor 5
  Max Mhz: 2901, Current Mhz: 2901, Mhz Limit: 2901
Processor Information for processor 6
  Max Mhz: 2901, Current Mhz: 2901, Mhz Limit: 2901
Processor Information for processor 7
  Max Mhz: 2901, Current Mhz: 1800, Mhz Limit: 2901
Processor Information for processor 8
  Max Mhz: 2901, Current Mhz: 2901, Mhz Limit: 2901
Processor Information for processor 9
  Max Mhz: 2901, Current Mhz: 1800, Mhz Limit: 2901
Processor Information for processor 10
  Max Mhz: 2901, Current Mhz: 2901, Mhz Limit: 2901
Processor Information for processor 11
  Max Mhz: 2901, Current Mhz: 1800, Mhz Limit: 2901
Processor Information for processor 12
  Max Mhz: 2901, Current Mhz: 2901, Mhz Limit: 2901
Processor Information for processor 13
  Max Mhz: 2901, Current Mhz: 1800, Mhz Limit: 2901
Processor Information for processor 14
  Max Mhz: 2901, Current Mhz: 2901, Mhz Limit: 2901
Processor Information for processor 15
  Max Mhz: 2901, Current Mhz: 2901, Mhz Limit: 2901

Memory: 4k page, system-wide physical 16096M (3590M free)
TotalPageFile size 34528M (AvailPageFile size 5074M)
current process WorkingSet (physical memory assigned to process): 281M, peak: 296M
current process commit charge ("private bytes"): 360M, peak: 381M

vm_info: OpenJDK 64-Bit Server VM (21.0.7+6-LTS) for windows-amd64 JRE (21.0.7+6-LTS), built on 2025-04-15T00:00:00Z by "admin" with MS VC++ 17.7 (VS2022)

END.
