#
# A fatal error has been detected by the Java Runtime Environment:
#
#  EXCEPTION_ACCESS_VIOLATION (0xc0000005) at pc=0x000000018000c274, pid=28524, tid=22372
#
# JRE version: OpenJDK Runtime Environment Temurin-21.0.7+6 (21.0.7+6) (build 21.0.7+6-LTS)
# Java VM: OpenJDK 64-Bit Server VM Temurin-21.0.7+6 (21.0.7+6-LTS, mixed mode, sharing, tiered, compressed oops, compressed class ptrs, parallel gc, windows-amd64)
# Problematic frame:
# C  [ASProxy64.dll+0xc274]
#
# No core dump will be written. Minidumps are not enabled by default on client versions of Windows
#
# If you would like to submit a bug report, please visit:
#   https://github.com/adoptium/adoptium-support/issues
# The crash happened outside the Java Virtual Machine in native code.
# See problematic frame for where to report the bug.
#

---------------  S U M M A R Y ------------

Command Line: --add-modules=ALL-SYSTEM --add-opens=java.base/java.util=ALL-UNNAMED --add-opens=java.base/java.lang=ALL-UNNAMED --add-opens=java.base/sun.nio.fs=ALL-UNNAMED -Declipse.application=org.eclipse.jdt.ls.core.id1 -Dosgi.bundles.defaultStartLevel=4 -Declipse.product=org.eclipse.jdt.ls.core.product -Djava.import.generatesMetadataFilesAtProjectRoot=false -DDetectVMInstallationsJob.disabled=true -Dfile.encoding=utf8 -XX:+UseParallelGC -XX:GCTimeRatio=4 -XX:AdaptiveSizePolicyWeight=90 -Dsun.zip.disableMemoryMapping=true -Xmx1G -Xms100m -Xlog:disable -javaagent:c:\Users\admin\.cursor\extensions\redhat.java-1.42.0-win32-x64\lombok\lombok-1.18.36.jar -XX:+HeapDumpOnOutOfMemoryError -XX:HeapDumpPath=c:\Users\admin\AppData\Roaming\Cursor\User\workspaceStorage\0426a641ec518546e312a5bf184515bb\redhat.java -Daether.dependencyCollector.impl=bf c:\Users\admin\.cursor\extensions\redhat.java-1.42.0-win32-x64\server\plugins\org.eclipse.equinox.launcher_1.7.0.v20250424-1814.jar -configuration c:\Users\admin\AppData\Roaming\Cursor\User\globalStorage\redhat.java\1.42.0\config_win -data c:\Users\admin\AppData\Roaming\Cursor\User\workspaceStorage\0426a641ec518546e312a5bf184515bb\redhat.java\jdt_ws --pipe=\\.\pipe\lsp-b3419ae2c86ed5c148451a1bc11b8b6c-sock

Host: Intel(R) Core(TM) i7-10700 CPU @ 2.90GHz, 16 cores, 15G,  Windows 11 , 64 bit Build 26100 (10.0.26100.3912)
Time: Mon May 19 06:05:10 2025 Eastern Daylight Time elapsed time: 8.437377 seconds (0d 0h 0m 8s)

---------------  T H R E A D  ---------------

Current thread (0x000001db4770d6c0):  JavaThread "Connection worker"        [_thread_in_native, id=22372, stack(0x0000004986800000,0x0000004986900000) (1024K)]

Stack: [0x0000004986800000,0x0000004986900000],  sp=0x00000049868fe160,  free space=1016k
Native frames: (J=compiled Java code, j=interpreted, Vv=VM code, C=native code)
C  [ASProxy64.dll+0xc274]

Java frames: (J=compiled Java code, j=interpreted, Vv=VM code)
j  sun.nio.ch.WEPoll.ctl(JIJI)I+0 java.base@21.0.7
j  sun.nio.ch.WEPollSelectorImpl.<init>(Ljava/nio/channels/spi/SelectorProvider;)V+139 java.base@21.0.7
j  sun.nio.ch.WEPollSelectorProvider.openSelector()Ljava/nio/channels/spi/AbstractSelector;+5 java.base@21.0.7
j  java.nio.channels.Selector.open()Ljava/nio/channels/Selector;+3 java.base@21.0.7
j  org.gradle.internal.remote.internal.inet.SocketConnection$SocketInputStream.<init>(Ljava/nio/channels/SocketChannel;)V+17
j  org.gradle.internal.remote.internal.inet.SocketConnection.<init>(Ljava/nio/channels/SocketChannel;Lorg/gradle/internal/remote/internal/MessageSerializer;Lorg/gradle/internal/serialize/StatefulSerializer;)V+27
j  org.gradle.internal.remote.internal.inet.SocketConnectCompletion.create(Lorg/gradle/internal/serialize/StatefulSerializer;)Lorg/gradle/internal/remote/internal/RemoteConnection;+16
j  org.gradle.launcher.daemon.client.DefaultDaemonConnector.connectToDaemon(Lorg/gradle/launcher/daemon/context/DaemonConnectDetails;Lorg/gradle/launcher/daemon/client/DaemonClientConnection$StaleAddressDetector;)Lorg/gradle/launcher/daemon/client/DaemonClientConnection;+45
j  org.gradle.launcher.daemon.client.DefaultDaemonConnector.connectToDaemonWithId(Lorg/gradle/launcher/daemon/diagnostics/DaemonStartupInfo;Lorg/gradle/api/internal/specs/ExplainingSpec;)Lorg/gradle/launcher/daemon/client/DaemonClientConnection;+116
j  org.gradle.launcher.daemon.client.DefaultDaemonConnector.doStartDaemon(Lorg/gradle/api/internal/specs/ExplainingSpec;Z)Lorg/gradle/launcher/daemon/client/DaemonClientConnection;+61
j  org.gradle.launcher.daemon.client.DefaultDaemonConnector.startDaemon(Lorg/gradle/api/internal/specs/ExplainingSpec;)Lorg/gradle/launcher/daemon/client/DaemonClientConnection;+3
j  org.gradle.launcher.daemon.client.DaemonClient.execute(Lorg/gradle/internal/invocation/BuildAction;Lorg/gradle/launcher/exec/BuildActionParameters;Lorg/gradle/internal/daemon/client/execution/ClientBuildRequestContext;)Lorg/gradle/launcher/exec/BuildActionResult;+201
j  org.gradle.launcher.daemon.client.DaemonClient.execute(Lorg/gradle/internal/invocation/BuildAction;Ljava/lang/Object;Ljava/lang/Object;)Lorg/gradle/launcher/exec/BuildActionResult;+10
j  org.gradle.tooling.internal.provider.DaemonBuildActionExecuter.execute(Lorg/gradle/internal/invocation/BuildAction;Lorg/gradle/tooling/internal/provider/ConnectionOperationParameters;Lorg/gradle/internal/daemon/client/execution/ClientBuildRequestContext;)Lorg/gradle/launcher/exec/BuildActionResult;+72
j  org.gradle.tooling.internal.provider.DaemonBuildActionExecuter.execute(Lorg/gradle/internal/invocation/BuildAction;Ljava/lang/Object;Ljava/lang/Object;)Lorg/gradle/launcher/exec/BuildActionResult;+10
j  org.gradle.tooling.internal.provider.LoggingBridgingBuildActionExecuter.execute(Lorg/gradle/internal/invocation/BuildAction;Lorg/gradle/tooling/internal/provider/ConnectionOperationParameters;Lorg/gradle/internal/daemon/client/execution/ClientBuildRequestContext;)Lorg/gradle/launcher/exec/BuildActionResult;+77
j  org.gradle.tooling.internal.provider.LoggingBridgingBuildActionExecuter.execute(Lorg/gradle/internal/invocation/BuildAction;Ljava/lang/Object;Ljava/lang/Object;)Lorg/gradle/launcher/exec/BuildActionResult;+10
j  org.gradle.tooling.internal.provider.ProviderConnection.run(Lorg/gradle/internal/invocation/BuildAction;Lorg/gradle/initialization/BuildCancellationToken;Lorg/gradle/tooling/internal/provider/ProviderConnection$ProgressListenerConfiguration;Lorg/gradle/initialization/BuildEventConsumer;Lorg/gradle/tooling/internal/provider/connection/ProviderOperationParameters;Lorg/gradle/tooling/internal/provider/ProviderConnection$Parameters;)Ljava/lang/Object;+79
j  org.gradle.tooling.internal.provider.ProviderConnection.runPhasedAction(Lorg/gradle/tooling/internal/protocol/InternalPhasedAction;Lorg/gradle/tooling/internal/protocol/PhasedActionResultListener;Lorg/gradle/initialization/BuildCancellationToken;Lorg/gradle/tooling/internal/provider/connection/ProviderOperationParameters;)Ljava/lang/Object;+132
j  org.gradle.tooling.internal.provider.DefaultConnection.run(Lorg/gradle/tooling/internal/protocol/InternalPhasedAction;Lorg/gradle/tooling/internal/protocol/PhasedActionResultListener;Lorg/gradle/tooling/internal/protocol/InternalCancellationToken;Lorg/gradle/tooling/internal/protocol/BuildParameters;)Lorg/gradle/tooling/internal/protocol/BuildResult;+28
j  org.gradle.tooling.internal.consumer.connection.PhasedActionAwareConsumerConnection.run(Lorg/gradle/tooling/internal/consumer/PhasedBuildAction;Lorg/gradle/tooling/internal/consumer/parameters/ConsumerOperationParameters;)V+66
j  org.gradle.tooling.internal.consumer.connection.ParameterValidatingConsumerConnection.run(Lorg/gradle/tooling/internal/consumer/PhasedBuildAction;Lorg/gradle/tooling/internal/consumer/parameters/ConsumerOperationParameters;)V+11
j  org.gradle.tooling.internal.consumer.DefaultPhasedBuildActionExecuter$1.run(Lorg/gradle/tooling/internal/consumer/connection/ConsumerConnection;)Ljava/lang/Void;+12
j  org.gradle.tooling.internal.consumer.DefaultPhasedBuildActionExecuter$1.run(Lorg/gradle/tooling/internal/consumer/connection/ConsumerConnection;)Ljava/lang/Object;+2
j  org.gradle.tooling.internal.consumer.connection.LazyConsumerActionExecutor.run(Lorg/gradle/tooling/internal/consumer/connection/ConsumerAction;)Ljava/lang/Object;+34
j  org.gradle.tooling.internal.consumer.connection.CancellableConsumerActionExecutor.run(Lorg/gradle/tooling/internal/consumer/connection/ConsumerAction;)Ljava/lang/Object;+34
j  org.gradle.tooling.internal.consumer.connection.ProgressLoggingConsumerActionExecutor.run(Lorg/gradle/tooling/internal/consumer/connection/ConsumerAction;)Ljava/lang/Object;+78
j  org.gradle.tooling.internal.consumer.connection.RethrowingErrorsConsumerActionExecutor.run(Lorg/gradle/tooling/internal/consumer/connection/ConsumerAction;)Ljava/lang/Object;+5
j  org.gradle.tooling.internal.consumer.async.DefaultAsyncConsumerActionExecutor$1$1.run()V+17
j  org.gradle.internal.concurrent.ExecutorPolicy$CatchAndRecordFailures.onExecute(Ljava/lang/Runnable;)V+1
j  org.gradle.internal.concurrent.AbstractManagedExecutor$1.run()V+25
j  java.util.concurrent.ThreadPoolExecutor.runWorker(Ljava/util/concurrent/ThreadPoolExecutor$Worker;)V+92 java.base@21.0.7
j  java.util.concurrent.ThreadPoolExecutor$Worker.run()V+5 java.base@21.0.7
j  java.lang.Thread.runWith(Ljava/lang/Object;Ljava/lang/Runnable;)V+5 java.base@21.0.7
j  java.lang.Thread.run()V+19 java.base@21.0.7
v  ~StubRoutines::call_stub 0x000001db70ce100d

siginfo: EXCEPTION_ACCESS_VIOLATION (0xc0000005), reading address 0x0000000000001358


Registers:
RAX=0x0000000000000000, RBX=0x000001db49c67bd8, RCX=0x000000000000135c, RDX=0x0000000000000002
RSP=0x00000049868fe160, RBP=0x0000000000001358, RSI=0x000001db469af200, RDI=0x0000000000001358
R8 =0x7ffffffffffffffc, R9 =0x0000000000000000, R10=0x000000000000135c, R11=0x000001db66698328
R12=0x00000049868fe3a0, R13=0x0000000000001370, R14=0x000001db469af1d0, R15=0x0000000000001370
RIP=0x000000018000c274, EFLAGS=0x0000000000010246

XMM[0]=0x0000000000000000 0x0000000000000000
XMM[1]=0x0000000000000000 0x0000000000000000
XMM[2]=0x0000000000000000 0x0000000000000000
XMM[3]=0x0000000000000000 0x0000000000000000
XMM[4]=0x0000000000000000 0x0000000000000000
XMM[5]=0x0000000000000000 0x0000000000000000
XMM[6]=0x82080b603d7dad21 0x46376f595327a704
XMM[7]=0xd77435996ff0a54d 0xfde5f1b77eee23ed
XMM[8]=0x0000000000000000 0x04fcd347633be67a
XMM[9]=0x9de5ae8b2eea4944 0xa2365ea20fad23e7
XMM[10]=0xffffffffffffffff 0x0b0a090803020100
XMM[11]=0x46d27832d594ab22 0x0000000000000000
XMM[12]=0x0b0a090803020100 0xffffffffffffffff
XMM[13]=0x0c0d0e0f08090a0b 0x0405060700010203
XMM[14]=0x0000000000000000 0x6c9c4e785cd1fc34
XMM[15]=0x0000000000000000 0x00000000f035adbc
  MXCSR=0x00001fa0


Register to memory mapping:

RAX=0x0 is null
RBX=0x000001db49c67bd8 points into unknown readable memory: 0x0000000000000000 | 00 00 00 00 00 00 00 00
RCX=0x000000000000135c is an unknown value
RDX=0x0000000000000002 is an unknown value
RSP=0x00000049868fe160 is pointing into the stack for thread: 0x000001db4770d6c0
RBP=0x0000000000001358 is an unknown value
RSI=0x000001db469af200 points into unknown readable memory: 0x000001db469af200 | 00 f2 9a 46 db 01 00 00
RDI=0x0000000000001358 is an unknown value
R8 =0x7ffffffffffffffc is an unknown value
R9 =0x0 is null
R10=0x000000000000135c is an unknown value
R11=0x000001db66698328 points into unknown readable memory: 0x00000000000007d0 | d0 07 00 00 00 00 00 00
R12=0x00000049868fe3a0 is pointing into the stack for thread: 0x000001db4770d6c0
R13=0x0000000000001370 is an unknown value
R14=0x000001db469af1d0 points into unknown readable memory: 0x0000000000001358 | 58 13 00 00 00 00 00 00
R15=0x0000000000001370 is an unknown value

Top of Stack: (sp=0x00000049868fe160)
0x00000049868fe160:   0000000000000000 0000000000000000
0x00000049868fe170:   0000000000001358 000000018001f4c2
0x00000049868fe180:   0000000180065ec8 0000000000002736
0x00000049868fe190:   0000000000000001 000000000000135c
0x00000049868fe1a0:   0000000000001358 000000018000c506
0x00000049868fe1b0:   000001db49c67bd8 0000000000002736
0x00000049868fe1c0:   0000000000000000 000001db00000008
0x00000049868fe1d0:   000000490000001e 0000000000000000
0x00000049868fe1e0:   0000000000001358 0000000000000000
0x00000049868fe1f0:   0000000000000001 0000000000000000
0x00000049868fe200:   0000000000001358 00007ff8c3e077e6
0x00000049868fe210:   000000000000135c 0000000000001302
0x00000049868fe220:   000001db469af200 00000049868fe370
0x00000049868fe230:   0000000000000000 000001db00000000
0x00000049868fe240:   0000000000000003 000001db00000001
0x00000049868fe250:   0000000000000000 0000000000000000
0x00000049868fe260:   00007ff800000000 00007ff8edfe0139
0x00000049868fe270:   000000000000135c 0000000000000000
0x00000049868fe280:   0000000000000000 0000d1db769005d1
0x00000049868fe290:   000001db49c67bc0 00007ff8c3e082af
0x00000049868fe2a0:   0000000000000028 00007ff846642cac
0x00000049868fe2b0:   000001db49c67bc8 000001db666c38a0
0x00000049868fe2c0:   000001db469af1d0 00007ff8c3e08359
0x00000049868fe2d0:   000001db469af200 00000049868fe3a0
0x00000049868fe2e0:   000001db469af200 000001db469af1d0
0x00000049868fe2f0:   000001db4770d6c0 00000049868fe3a0
0x00000049868fe300:   000001db43fec8b8 0000000000000000
0x00000049868fe310:   000001db469af1d0 00007ff8c3e08787
0x00000049868fe320:   0000000000000000 00000049868fe3a0
0x00000049868fe330:   0000000000001370 000001db4770d6c0
0x00000049868fe340:   0000000000000001 00007ff8c3e07a75
0x00000049868fe350:   0000000000001358 00000049868fe3a0 

Instructions: (pc=0x000000018000c274)
0x000000018000c174:   70 48 8b 6c 24 78 32 c0 48 83 c4 50 41 5c c3 cc
0x000000018000c184:   cc cc cc cc cc cc cc cc cc cc cc cc 48 85 c9 74
0x000000018000c194:   23 8b 05 ad ff 06 00 89 01 8b 05 a9 ff 06 00 89
0x000000018000c1a4:   41 04 8b 05 a4 ff 06 00 89 41 08 8b 05 9f ff 06
0x000000018000c1b4:   00 89 41 0c f3 c3 cc cc cc cc cc cc c6 01 01 c7
0x000000018000c1c4:   02 01 00 00 00 c3 cc cc cc cc cc cc 48 89 5c 24
0x000000018000c1d4:   08 57 48 83 ec 70 48 8b fa 8b d9 48 8d 15 82 73
0x000000018000c1e4:   05 00 48 8d 4c 24 20 45 33 c0 48 c7 44 24 40 0f
0x000000018000c1f4:   00 00 00 48 c7 44 24 38 00 00 00 00 c6 44 24 28
0x000000018000c204:   00 e8 d6 6b ff ff 4c 8d 4c 24 20 48 8d 4c 24 48
0x000000018000c214:   41 b0 01 8b d3 e8 52 06 02 00 48 83 78 20 10 72
0x000000018000c224:   06 48 8b 48 08 eb 05 48 8d 48 08 90 0f b6 01 48
0x000000018000c234:   ff c7 48 ff c1 88 47 ff 84 c0 75 f0 48 83 7c 24
0x000000018000c244:   68 10 72 0a 48 8b 4c 24 50 e8 52 94 03 00 48 8b
0x000000018000c254:   9c 24 80 00 00 00 48 83 c4 70 5f c3 48 83 ec 48
0x000000018000c264:   0f b6 c2 0f 57 c0 0f 11 44 24 ff 25 00 00 00 00
0x000000018000c274:   ae 7e ef ee f8 7f 00 00 8b 44 24 04 0f af 04 24
0x000000018000c284:   89 04 24 8b 44 24 04 0f af 04 24 83 c0 01 89 04
0x000000018000c294:   24 8b 44 24 04 0f af 04 24 83 c0 02 89 04 24 8b
0x000000018000c2a4:   44 24 04 0f af 04 24 83 c0 03 89 04 24 8b 44 24
0x000000018000c2b4:   04 0f af 04 24 83 c0 04 89 04 24 8b 44 24 04 0f
0x000000018000c2c4:   af 04 24 83 c0 05 89 04 24 8b 44 24 04 0f af 04
0x000000018000c2d4:   24 83 c0 06 89 04 24 8b 44 24 04 0f af 04 24 83
0x000000018000c2e4:   c0 07 89 04 24 8b 44 24 04 0f af 04 24 83 c0 08
0x000000018000c2f4:   89 04 24 8b 44 24 04 0f af 04 24 83 c0 09 89 04
0x000000018000c304:   24 8b 44 24 04 0f af 04 24 83 c0 0a 89 04 24 8b
0x000000018000c314:   44 24 04 0f af 04 24 83 c0 0b 89 04 24 8b 44 24
0x000000018000c324:   04 0f af 04 24 83 c0 0d 89 04 24 8b 44 24 04 0f
0x000000018000c334:   af 04 24 83 c0 0e 89 04 24 8b 44 24 04 0f af 04
0x000000018000c344:   24 83 c0 0f 89 04 24 8b 44 24 04 0f af 04 24 83
0x000000018000c354:   c0 10 89 04 24 8b 44 24 04 0f af 04 24 83 c0 11
0x000000018000c364:   89 04 24 8b 44 24 04 0f af 04 24 83 c0 12 89 04 


Stack slot to memory mapping:

stack at sp + 0 slots: 0x0 is null
stack at sp + 1 slots: 0x0 is null
stack at sp + 2 slots: 0x0000000000001358 is an unknown value
stack at sp + 3 slots: 0x000000018001f4c2 ASProxy64.dll
stack at sp + 4 slots: 0x0000000180065ec8 ASProxy64.dll
stack at sp + 5 slots: 0x0000000000002736 is an unknown value
stack at sp + 6 slots: 0x0000000000000001 is an unknown value
stack at sp + 7 slots: 0x000000000000135c is an unknown value


---------------  P R O C E S S  ---------------

Threads class SMR info:
_java_thread_list=0x000001db7f0bafc0, length=62, elements={
0x000001db666a0920, 0x000001db7aa8e170, 0x000001db66742f90, 0x000001db6674a7e0,
0x000001db6674b790, 0x000001db66750c20, 0x000001db66756cc0, 0x000001db6675e590,
0x000001db7bf768c0, 0x000001db7c07ca90, 0x000001db7deb06a0, 0x000001db7e367ad0,
0x000001db7e4ae1d0, 0x000001db7e917510, 0x000001db7e917b70, 0x000001db7f2567a0,
0x000001db7f254d60, 0x000001db7f2553f0, 0x000001db7f255a80, 0x000001db7f254040,
0x000001db7f256110, 0x000001db7f2574c0, 0x000001db7de470b0, 0x000001db4515dc60,
0x000001db45160a50, 0x000001db4515e980, 0x000001db4515f010, 0x000001db4515f6a0,
0x000001db4515fd30, 0x000001db451603c0, 0x000001db451610e0, 0x000001db4515e2f0,
0x000001db462b91e0, 0x000001db462b84c0, 0x000001db462b77a0, 0x000001db462b8b50,
0x000001db462b9870, 0x000001db462b7e30, 0x000001db462b63f0, 0x000001db462b9f00,
0x000001db462b6a80, 0x000001db462ba590, 0x000001db462b7110, 0x000001db462bb940,
0x000001db462bac20, 0x000001db462bb2b0, 0x000001db462bbfd0, 0x000001db462bda10,
0x000001db47709520, 0x000001db47709bb0, 0x000001db47708e90, 0x000001db4770a240,
0x000001db4770af60, 0x000001db47707ae0, 0x000001db4770bc80, 0x000001db4770c310,
0x000001db4770d6c0, 0x000001db45897740, 0x000001db4770e3e0, 0x000001db4770d030,
0x000001db4770dd50, 0x000001db4770ea70
}

Java Threads: ( => current thread )
  0x000001db666a0920 JavaThread "main"                              [_thread_blocked, id=5196, stack(0x0000004980700000,0x0000004980800000) (1024K)]
  0x000001db7aa8e170 JavaThread "Reference Handler"          daemon [_thread_blocked, id=12388, stack(0x0000004980b00000,0x0000004980c00000) (1024K)]
  0x000001db66742f90 JavaThread "Finalizer"                  daemon [_thread_blocked, id=26220, stack(0x0000004980c00000,0x0000004980d00000) (1024K)]
  0x000001db6674a7e0 JavaThread "Signal Dispatcher"          daemon [_thread_blocked, id=23044, stack(0x0000004980d00000,0x0000004980e00000) (1024K)]
  0x000001db6674b790 JavaThread "Attach Listener"            daemon [_thread_blocked, id=11428, stack(0x0000004980e00000,0x0000004980f00000) (1024K)]
  0x000001db66750c20 JavaThread "Service Thread"             daemon [_thread_blocked, id=5956, stack(0x0000004980f00000,0x0000004981000000) (1024K)]
  0x000001db66756cc0 JavaThread "Monitor Deflation Thread"   daemon [_thread_blocked, id=33480, stack(0x0000004981000000,0x0000004981100000) (1024K)]
  0x000001db6675e590 JavaThread "C2 CompilerThread0"         daemon [_thread_blocked, id=18752, stack(0x0000004981100000,0x0000004981200000) (1024K)]
  0x000001db7bf768c0 JavaThread "C1 CompilerThread0"         daemon [_thread_blocked, id=18352, stack(0x0000004981200000,0x0000004981300000) (1024K)]
  0x000001db7c07ca90 JavaThread "Common-Cleaner"             daemon [_thread_blocked, id=18208, stack(0x0000004981300000,0x0000004981400000) (1024K)]
  0x000001db7deb06a0 JavaThread "Notification Thread"        daemon [_thread_blocked, id=14284, stack(0x0000004982700000,0x0000004982800000) (1024K)]
  0x000001db7e367ad0 JavaThread "Active Thread: Equinox Container: 4ac34fa5-6db7-4d5d-9b0e-71efab3dd174"        [_thread_blocked, id=22540, stack(0x0000004983200000,0x0000004983300000) (1024K)]
  0x000001db7e4ae1d0 JavaThread "Refresh Thread: Equinox Container: 4ac34fa5-6db7-4d5d-9b0e-71efab3dd174" daemon [_thread_blocked, id=32596, stack(0x0000004983400000,0x0000004983500000) (1024K)]
  0x000001db7e917510 JavaThread "Framework Event Dispatcher: Equinox Container: 4ac34fa5-6db7-4d5d-9b0e-71efab3dd174" daemon [_thread_blocked, id=20444, stack(0x0000004983500000,0x0000004983600000) (1024K)]
  0x000001db7e917b70 JavaThread "Start Level: Equinox Container: 4ac34fa5-6db7-4d5d-9b0e-71efab3dd174" daemon [_thread_blocked, id=8904, stack(0x0000004983600000,0x0000004983700000) (1024K)]
  0x000001db7f2567a0 JavaThread "Bundle File Closer"         daemon [_thread_blocked, id=9068, stack(0x0000004983a00000,0x0000004983b00000) (1024K)]
  0x000001db7f254d60 JavaThread "SCR Component Actor"        daemon [_thread_blocked, id=20104, stack(0x0000004983b00000,0x0000004983c00000) (1024K)]
  0x000001db7f2553f0 JavaThread "Worker-JM"                         [_thread_blocked, id=6288, stack(0x0000004983e00000,0x0000004983f00000) (1024K)]
  0x000001db7f255a80 JavaThread "Worker-0"                          [_thread_blocked, id=31600, stack(0x0000004984000000,0x0000004984100000) (1024K)]
  0x000001db7f254040 JavaThread "Worker-1: Initialize Workspace"        [_thread_blocked, id=32764, stack(0x0000004984100000,0x0000004984200000) (1024K)]
  0x000001db7f256110 JavaThread "Java indexing"              daemon [_thread_blocked, id=20308, stack(0x0000004983100000,0x0000004983200000) (1024K)]
  0x000001db7f2574c0 JavaThread "Worker-2"                          [_thread_blocked, id=13824, stack(0x0000004984200000,0x0000004984300000) (1024K)]
  0x000001db7de470b0 JavaThread "C2 CompilerThread1"         daemon [_thread_blocked, id=25968, stack(0x0000004984300000,0x0000004984400000) (1024K)]
  0x000001db4515dc60 JavaThread "JNA Cleaner"                daemon [_thread_blocked, id=18708, stack(0x0000004981400000,0x0000004981500000) (1024K)]
  0x000001db45160a50 JavaThread "Worker-3"                          [_thread_blocked, id=31644, stack(0x0000004982a00000,0x0000004982b00000) (1024K)]
  0x000001db4515e980 JavaThread "Worker-4"                          [_thread_blocked, id=10940, stack(0x0000004984500000,0x0000004984600000) (1024K)]
  0x000001db4515f010 JavaThread "Worker-5"                          [_thread_blocked, id=26936, stack(0x0000004984700000,0x0000004984800000) (1024K)]
  0x000001db4515f6a0 JavaThread "Thread-2"                   daemon [_thread_in_native, id=23588, stack(0x0000004984800000,0x0000004984900000) (1024K)]
  0x000001db4515fd30 JavaThread "Thread-3"                   daemon [_thread_in_native, id=5232, stack(0x0000004984900000,0x0000004984a00000) (1024K)]
  0x000001db451603c0 JavaThread "Thread-4"                   daemon [_thread_in_native, id=12284, stack(0x0000004984a00000,0x0000004984b00000) (1024K)]
  0x000001db451610e0 JavaThread "Thread-5"                   daemon [_thread_in_native, id=26540, stack(0x0000004984b00000,0x0000004984c00000) (1024K)]
  0x000001db4515e2f0 JavaThread "Thread-6"                   daemon [_thread_in_native, id=19576, stack(0x0000004984c00000,0x0000004984d00000) (1024K)]
  0x000001db462b91e0 JavaThread "Thread-7"                   daemon [_thread_in_native, id=25704, stack(0x0000004984d00000,0x0000004984e00000) (1024K)]
  0x000001db462b84c0 JavaThread "Thread-8"                   daemon [_thread_in_native, id=28996, stack(0x0000004984e00000,0x0000004984f00000) (1024K)]
  0x000001db462b77a0 JavaThread "Thread-9"                   daemon [_thread_in_native, id=22856, stack(0x0000004984f00000,0x0000004985000000) (1024K)]
  0x000001db462b8b50 JavaThread "Thread-10"                  daemon [_thread_in_native, id=29384, stack(0x0000004985000000,0x0000004985100000) (1024K)]
  0x000001db462b9870 JavaThread "Thread-11"                  daemon [_thread_in_native, id=32496, stack(0x0000004985100000,0x0000004985200000) (1024K)]
  0x000001db462b7e30 JavaThread "Thread-12"                  daemon [_thread_in_native, id=11824, stack(0x0000004985200000,0x0000004985300000) (1024K)]
  0x000001db462b63f0 JavaThread "Thread-13"                  daemon [_thread_in_native, id=11608, stack(0x0000004985300000,0x0000004985400000) (1024K)]
  0x000001db462b9f00 JavaThread "Thread-14"                  daemon [_thread_in_native, id=26640, stack(0x0000004985400000,0x0000004985500000) (1024K)]
  0x000001db462b6a80 JavaThread "Thread-15"                  daemon [_thread_in_native, id=7612, stack(0x0000004985500000,0x0000004985600000) (1024K)]
  0x000001db462ba590 JavaThread "Thread-16"                  daemon [_thread_in_native, id=29292, stack(0x0000004985600000,0x0000004985700000) (1024K)]
  0x000001db462b7110 JavaThread "Thread-17"                  daemon [_thread_in_native, id=10332, stack(0x0000004985700000,0x0000004985800000) (1024K)]
  0x000001db462bb940 JavaThread "Thread-18"                  daemon [_thread_in_native, id=32012, stack(0x0000004985800000,0x0000004985900000) (1024K)]
  0x000001db462bac20 JavaThread "pool-2-thread-1"                   [_thread_blocked, id=18832, stack(0x0000004985e00000,0x0000004985f00000) (1024K)]
  0x000001db462bb2b0 JavaThread "WorkspaceEventsHandler"            [_thread_blocked, id=24788, stack(0x0000004986000000,0x0000004986100000) (1024K)]
  0x000001db462bbfd0 JavaThread "pool-1-thread-1"                   [_thread_blocked, id=21288, stack(0x0000004986100000,0x0000004986200000) (1024K)]
  0x000001db462bda10 JavaThread "Timer-0"                           [_thread_blocked, id=11612, stack(0x0000004985c00000,0x0000004985d00000) (1024K)]
  0x000001db47709520 JavaThread "Timer-1"                           [_thread_blocked, id=21516, stack(0x0000004985d00000,0x0000004985e00000) (1024K)]
  0x000001db47709bb0 JavaThread "Timer-2"                           [_thread_blocked, id=25236, stack(0x0000004985a00000,0x0000004985b00000) (1024K)]
  0x000001db47708e90 JavaThread "LocalFile Deleter"          daemon [_thread_blocked, id=14056, stack(0x0000004985b00000,0x0000004985c00000) (1024K)]
  0x000001db4770a240 JavaThread "LocalFile Deleter"          daemon [_thread_blocked, id=29240, stack(0x0000004986300000,0x0000004986400000) (1024K)]
  0x000001db4770af60 JavaThread "LocalFile Deleter"          daemon [_thread_blocked, id=24804, stack(0x0000004986400000,0x0000004986500000) (1024K)]
  0x000001db47707ae0 JavaThread "LocalFile Deleter"          daemon [_thread_blocked, id=35308, stack(0x0000004986500000,0x0000004986600000) (1024K)]
  0x000001db4770bc80 JavaThread "Timer-3"                           [_thread_blocked, id=15484, stack(0x0000004986600000,0x0000004986700000) (1024K)]
  0x000001db4770c310 JavaThread "Timer-4"                           [_thread_blocked, id=30212, stack(0x0000004986700000,0x0000004986800000) (1024K)]
=>0x000001db4770d6c0 JavaThread "Connection worker"                 [_thread_in_native, id=22372, stack(0x0000004986800000,0x0000004986900000) (1024K)]
  0x000001db45897740 JavaThread "C2 CompilerThread2"         daemon [_thread_blocked, id=28600, stack(0x0000004984600000,0x0000004984700000) (1024K)]
  0x000001db4770e3e0 JavaThread "pool-3-thread-1"                   [_thread_blocked, id=11360, stack(0x0000004986200000,0x0000004986300000) (1024K)]
  0x000001db4770d030 JavaThread "Exec process"                      [_thread_blocked, id=26992, stack(0x0000004983c00000,0x0000004983d00000) (1024K)]
  0x000001db4770dd50 JavaThread "Exec process Thread 2"             [_thread_blocked, id=35108, stack(0x0000004986a00000,0x0000004986b00000) (1024K)]
  0x000001db4770ea70 JavaThread "Exec process Thread 3"             [_thread_blocked, id=3668, stack(0x0000004986b00000,0x0000004986c00000) (1024K)]
Total: 62

Other Threads:
  0x000001db7aa74a10 VMThread "VM Thread"                           [id=2296, stack(0x0000004980a00000,0x0000004980b00000) (1024K)]
  0x000001db7a96ca00 WatcherThread "VM Periodic Task Thread"        [id=9808, stack(0x0000004980900000,0x0000004980a00000) (1024K)]
  0x000001db666bf070 WorkerThread "GC Thread#0"                     [id=31924, stack(0x0000004980800000,0x0000004980900000) (1024K)]
  0x000001db7e944030 WorkerThread "GC Thread#1"                     [id=24820, stack(0x0000004982b00000,0x0000004982c00000) (1024K)]
  0x000001db7e95d160 WorkerThread "GC Thread#2"                     [id=26036, stack(0x0000004982c00000,0x0000004982d00000) (1024K)]
  0x000001db7e9443d0 WorkerThread "GC Thread#3"                     [id=21032, stack(0x0000004982d00000,0x0000004982e00000) (1024K)]
  0x000001db7e0ca5b0 WorkerThread "GC Thread#4"                     [id=30164, stack(0x0000004982e00000,0x0000004982f00000) (1024K)]
  0x000001db7e0ca950 WorkerThread "GC Thread#5"                     [id=30012, stack(0x0000004982f00000,0x0000004983000000) (1024K)]
  0x000001db7e0c7620 WorkerThread "GC Thread#6"                     [id=34564, stack(0x0000004983000000,0x0000004983100000) (1024K)]
  0x000001db7e13bbc0 WorkerThread "GC Thread#7"                     [id=4688, stack(0x0000004983300000,0x0000004983400000) (1024K)]
  0x000001db7ef10870 WorkerThread "GC Thread#8"                     [id=21044, stack(0x0000004983700000,0x0000004983800000) (1024K)]
  0x000001db7ef497c0 WorkerThread "GC Thread#9"                     [id=16944, stack(0x0000004983800000,0x0000004983900000) (1024K)]
  0x000001db7e925de0 WorkerThread "GC Thread#10"                    [id=10304, stack(0x0000004983900000,0x0000004983a00000) (1024K)]
  0x000001db7e9b95b0 WorkerThread "GC Thread#11"                    [id=2636, stack(0x0000004983d00000,0x0000004983e00000) (1024K)]
  0x000001db7e9b8e70 WorkerThread "GC Thread#12"                    [id=23776, stack(0x0000004983f00000,0x0000004984000000) (1024K)]
Total: 15

Threads with active compile tasks:
Total: 0

VM state: not at safepoint (normal execution)

VM Mutex/Monitor currently owned by a thread: None

Heap address: 0x00000000c0000000, size: 1024 MB, Compressed Oops mode: 32-bit

CDS archive(s) mapped at: [0x000001db00000000-0x000001db00ba0000-0x000001db00ba0000), size 12189696, SharedBaseAddress: 0x000001db00000000, ArchiveRelocationMode: 1.
Compressed class space mapped at: 0x000001db01000000-0x000001db41000000, reserved size: 1073741824
Narrow klass base: 0x000001db00000000, Narrow klass shift: 0, Narrow klass range: 0x100000000

GC Precious Log:
 CardTable entry size: 512
 CPUs: 16 total, 16 available
 Memory: 16096M
 Large Page Support: Disabled
 NUMA Support: Disabled
 Compressed Oops: Enabled (32-bit)
 Alignments: Space 512K, Generation 512K, Heap 2M
 Heap Min Capacity: 100M
 Heap Initial Capacity: 100M
 Heap Max Capacity: 1G
 Pre-touch: Disabled
 Parallel Workers: 13

Heap:
 PSYoungGen      total 20480K, used 10606K [0x00000000eab00000, 0x00000000ec000000, 0x0000000100000000)
  eden space 19456K, 50% used [0x00000000eab00000,0x00000000eb49b930,0x00000000ebe00000)
  from space 1024K, 75% used [0x00000000ebe00000,0x00000000ebec0010,0x00000000ebf00000)
  to   space 1024K, 0% used [0x00000000ebf00000,0x00000000ebf00000,0x00000000ec000000)
 ParOldGen       total 68608K, used 40265K [0x00000000c0000000, 0x00000000c4300000, 0x00000000eab00000)
  object space 68608K, 58% used [0x00000000c0000000,0x00000000c2752678,0x00000000c4300000)
 Metaspace       used 62435K, committed 63808K, reserved 1114112K
  class space    used 7719K, committed 8320K, reserved 1048576K

Card table byte_map: [0x000001db66040000,0x000001db66250000] _byte_map_base: 0x000001db65a40000

Marking Bits: (ParMarkBitMap*) 0x00007ff846c831f0
 Begin Bits: [0x000001db78890000, 0x000001db79890000)
 End Bits:   [0x000001db79890000, 0x000001db7a890000)

Polling page: 0x000001db64490000

Metaspace:

Usage:
  Non-class:     53.43 MB used.
      Class:      7.54 MB used.
       Both:     60.97 MB used.

Virtual space:
  Non-class space:       64.00 MB reserved,      54.19 MB ( 85%) committed,  1 nodes.
      Class space:        1.00 GB reserved,       8.12 MB ( <1%) committed,  1 nodes.
             Both:        1.06 GB reserved,      62.31 MB (  6%) committed. 

Chunk freelists:
   Non-Class:  8.95 MB
       Class:  7.88 MB
        Both:  16.83 MB

MaxMetaspaceSize: unlimited
CompressedClassSpaceSize: 1.00 GB
Initial GC threshold: 21.00 MB
Current GC threshold: 97.31 MB
CDS: on
 - commit_granule_bytes: 65536.
 - commit_granule_words: 8192.
 - virtual_space_node_default_size: 8388608.
 - enlarge_chunks_in_place: 1.
 - use_allocation_guard: 0.


Internal statistics:

num_allocs_failed_limit: 9.
num_arena_births: 1136.
num_arena_deaths: 26.
num_vsnodes_births: 2.
num_vsnodes_deaths: 0.
num_space_committed: 997.
num_space_uncommitted: 0.
num_chunks_returned_to_freelist: 36.
num_chunks_taken_from_freelist: 3756.
num_chunk_merges: 16.
num_chunk_splits: 2512.
num_chunks_enlarged: 1640.
num_inconsistent_stats: 0.

CodeHeap 'non-profiled nmethods': size=119168Kb used=5199Kb max_used=5199Kb free=113968Kb
 bounds [0x000001db71430000, 0x000001db71950000, 0x000001db78890000]
CodeHeap 'profiled nmethods': size=119104Kb used=14411Kb max_used=14490Kb free=104692Kb
 bounds [0x000001db69890000, 0x000001db6a6c0000, 0x000001db70ce0000]
CodeHeap 'non-nmethods': size=7488Kb used=1388Kb max_used=3151Kb free=6099Kb
 bounds [0x000001db70ce0000, 0x000001db71000000, 0x000001db71430000]
 total_blobs=7754 nmethods=7067 adapters=593
 compilation: enabled
              stopped_count=0, restarted_count=0
 full_count=0

Compilation events (20 events):
Event: 8.360 Thread 0x000001db7bf768c0 7875   !   3       java.security.Provider::putService (244 bytes)
Event: 8.361 Thread 0x000001db7bf768c0 nmethod 7875 0x000001db69dbf210 code [0x000001db69dbf5a0, 0x000001db69dc0ad8]
Event: 8.361 Thread 0x000001db7bf768c0 7873       3       java.security.Provider$Service::<init> (200 bytes)
Event: 8.361 Thread 0x000001db7bf768c0 nmethod 7873 0x000001db69bc4890 code [0x000001db69bc4be0, 0x000001db69bc62f8]
Event: 8.361 Thread 0x000001db7bf768c0 7879       3       sun.security.util.SecurityProviderConstants::getAliases (63 bytes)
Event: 8.362 Thread 0x000001db7bf768c0 nmethod 7879 0x000001db69dbe410 code [0x000001db69dbe680, 0x000001db69dbef20]
Event: 8.362 Thread 0x000001db7bf768c0 7874       3       java.security.Provider::getEngineName (49 bytes)
Event: 8.362 Thread 0x000001db7bf768c0 nmethod 7874 0x000001db69dbd710 code [0x000001db69dbd940, 0x000001db69dbe180]
Event: 8.362 Thread 0x000001db7bf768c0 7876       3       java.security.Provider::check (18 bytes)
Event: 8.362 Thread 0x000001db7bf768c0 nmethod 7876 0x000001db69d54f10 code [0x000001db69d550e0, 0x000001db69d55440]
Event: 8.362 Thread 0x000001db7bf768c0 7877       3       java.security.Provider::implRemoveService (149 bytes)
Event: 8.363 Thread 0x000001db7bf768c0 nmethod 7877 0x000001db69bc3590 code [0x000001db69bc3840, 0x000001db69bc44c0]
Event: 8.363 Thread 0x000001db7bf768c0 7880       1       java.nio.DirectByteBuffer::attachment (5 bytes)
Event: 8.363 Thread 0x000001db7bf768c0 nmethod 7880 0x000001db7193dc90 code [0x000001db7193de20, 0x000001db7193dee8]
Event: 8.365 Thread 0x000001db7bf768c0 7881       3       java.security.MessageDigest::update (11 bytes)
Event: 8.365 Thread 0x000001db7bf768c0 nmethod 7881 0x000001db69dbd190 code [0x000001db69dbd340, 0x000001db69dbd600]
Event: 8.365 Thread 0x000001db7bf768c0 7882       3       java.security.MessageDigest$Delegate::engineUpdate (9 bytes)
Event: 8.365 Thread 0x000001db7bf768c0 nmethod 7882 0x000001db69bc3110 code [0x000001db69bc32c0, 0x000001db69bc3498]
Event: 8.365 Thread 0x000001db7bf768c0 7883       3       sun.security.provider.DigestBase::engineUpdate (32 bytes)
Event: 8.365 Thread 0x000001db7bf768c0 nmethod 7883 0x000001db69bc2c10 code [0x000001db69bc2dc0, 0x000001db69bc3028]

GC Heap History (20 events):
Event: 5.841 GC heap before
{Heap before GC invocations=35 (full 3):
 PSYoungGen      total 19968K, used 19456K [0x00000000eab00000, 0x00000000ec100000, 0x0000000100000000)
  eden space 19456K, 100% used [0x00000000eab00000,0x00000000ebe00000,0x00000000ebe00000)
  from space 512K, 0% used [0x00000000ebf80000,0x00000000ebf80000,0x00000000ec000000)
  to   space 1024K, 0% used [0x00000000ec000000,0x00000000ec000000,0x00000000ec100000)
 ParOldGen       total 68608K, used 37764K [0x00000000c0000000, 0x00000000c4300000, 0x00000000eab00000)
  object space 68608K, 55% used [0x00000000c0000000,0x00000000c24e11f8,0x00000000c4300000)
 Metaspace       used 58842K, committed 60032K, reserved 1114112K
  class space    used 7203K, committed 7680K, reserved 1048576K
}
Event: 5.842 GC heap after
{Heap after GC invocations=35 (full 3):
 PSYoungGen      total 20480K, used 1019K [0x00000000eab00000, 0x00000000ec200000, 0x0000000100000000)
  eden space 19456K, 0% used [0x00000000eab00000,0x00000000eab00000,0x00000000ebe00000)
  from space 1024K, 99% used [0x00000000ec000000,0x00000000ec0fee40,0x00000000ec100000)
  to   space 2048K, 0% used [0x00000000ebe00000,0x00000000ebe00000,0x00000000ec000000)
 ParOldGen       total 68608K, used 38142K [0x00000000c0000000, 0x00000000c4300000, 0x00000000eab00000)
  object space 68608K, 55% used [0x00000000c0000000,0x00000000c253f8f0,0x00000000c4300000)
 Metaspace       used 58842K, committed 60032K, reserved 1114112K
  class space    used 7203K, committed 7680K, reserved 1048576K
}
Event: 5.909 GC heap before
{Heap before GC invocations=36 (full 3):
 PSYoungGen      total 20480K, used 20475K [0x00000000eab00000, 0x00000000ec200000, 0x0000000100000000)
  eden space 19456K, 100% used [0x00000000eab00000,0x00000000ebe00000,0x00000000ebe00000)
  from space 1024K, 99% used [0x00000000ec000000,0x00000000ec0fee40,0x00000000ec100000)
  to   space 2048K, 0% used [0x00000000ebe00000,0x00000000ebe00000,0x00000000ec000000)
 ParOldGen       total 68608K, used 38142K [0x00000000c0000000, 0x00000000c4300000, 0x00000000eab00000)
  object space 68608K, 55% used [0x00000000c0000000,0x00000000c253f8f0,0x00000000c4300000)
 Metaspace       used 58842K, committed 60032K, reserved 1114112K
  class space    used 7203K, committed 7680K, reserved 1048576K
}
Event: 5.909 GC heap after
{Heap after GC invocations=36 (full 3):
 PSYoungGen      total 20480K, used 927K [0x00000000eab00000, 0x00000000ec100000, 0x0000000100000000)
  eden space 19456K, 0% used [0x00000000eab00000,0x00000000eab00000,0x00000000ebe00000)
  from space 1024K, 90% used [0x00000000ebe00000,0x00000000ebee7da8,0x00000000ebf00000)
  to   space 1536K, 0% used [0x00000000ebf80000,0x00000000ebf80000,0x00000000ec100000)
 ParOldGen       total 68608K, used 38318K [0x00000000c0000000, 0x00000000c4300000, 0x00000000eab00000)
  object space 68608K, 55% used [0x00000000c0000000,0x00000000c256b8f0,0x00000000c4300000)
 Metaspace       used 58842K, committed 60032K, reserved 1114112K
  class space    used 7203K, committed 7680K, reserved 1048576K
}
Event: 5.974 GC heap before
{Heap before GC invocations=37 (full 3):
 PSYoungGen      total 20480K, used 20383K [0x00000000eab00000, 0x00000000ec100000, 0x0000000100000000)
  eden space 19456K, 100% used [0x00000000eab00000,0x00000000ebe00000,0x00000000ebe00000)
  from space 1024K, 90% used [0x00000000ebe00000,0x00000000ebee7da8,0x00000000ebf00000)
  to   space 1536K, 0% used [0x00000000ebf80000,0x00000000ebf80000,0x00000000ec100000)
 ParOldGen       total 68608K, used 38318K [0x00000000c0000000, 0x00000000c4300000, 0x00000000eab00000)
  object space 68608K, 55% used [0x00000000c0000000,0x00000000c256b8f0,0x00000000c4300000)
 Metaspace       used 58842K, committed 60032K, reserved 1114112K
  class space    used 7203K, committed 7680K, reserved 1048576K
}
Event: 5.975 GC heap after
{Heap after GC invocations=37 (full 3):
 PSYoungGen      total 19968K, used 448K [0x00000000eab00000, 0x00000000ec000000, 0x0000000100000000)
  eden space 19456K, 0% used [0x00000000eab00000,0x00000000eab00000,0x00000000ebe00000)
  from space 512K, 87% used [0x00000000ebf80000,0x00000000ebff0000,0x00000000ec000000)
  to   space 1024K, 0% used [0x00000000ebe00000,0x00000000ebe00000,0x00000000ebf00000)
 ParOldGen       total 68608K, used 38382K [0x00000000c0000000, 0x00000000c4300000, 0x00000000eab00000)
  object space 68608K, 55% used [0x00000000c0000000,0x00000000c257b8f0,0x00000000c4300000)
 Metaspace       used 58842K, committed 60032K, reserved 1114112K
  class space    used 7203K, committed 7680K, reserved 1048576K
}
Event: 6.040 GC heap before
{Heap before GC invocations=38 (full 3):
 PSYoungGen      total 19968K, used 19904K [0x00000000eab00000, 0x00000000ec000000, 0x0000000100000000)
  eden space 19456K, 100% used [0x00000000eab00000,0x00000000ebe00000,0x00000000ebe00000)
  from space 512K, 87% used [0x00000000ebf80000,0x00000000ebff0000,0x00000000ec000000)
  to   space 1024K, 0% used [0x00000000ebe00000,0x00000000ebe00000,0x00000000ebf00000)
 ParOldGen       total 68608K, used 38382K [0x00000000c0000000, 0x00000000c4300000, 0x00000000eab00000)
  object space 68608K, 55% used [0x00000000c0000000,0x00000000c257b8f0,0x00000000c4300000)
 Metaspace       used 58842K, committed 60032K, reserved 1114112K
  class space    used 7203K, committed 7680K, reserved 1048576K
}
Event: 6.040 GC heap after
{Heap after GC invocations=38 (full 3):
 PSYoungGen      total 20480K, used 373K [0x00000000eab00000, 0x00000000ec000000, 0x0000000100000000)
  eden space 19456K, 0% used [0x00000000eab00000,0x00000000eab00000,0x00000000ebe00000)
  from space 1024K, 36% used [0x00000000ebe00000,0x00000000ebe5d4b8,0x00000000ebf00000)
  to   space 512K, 0% used [0x00000000ebf80000,0x00000000ebf80000,0x00000000ec000000)
 ParOldGen       total 68608K, used 38430K [0x00000000c0000000, 0x00000000c4300000, 0x00000000eab00000)
  object space 68608K, 56% used [0x00000000c0000000,0x00000000c25878f0,0x00000000c4300000)
 Metaspace       used 58842K, committed 60032K, reserved 1114112K
  class space    used 7203K, committed 7680K, reserved 1048576K
}
Event: 6.106 GC heap before
{Heap before GC invocations=39 (full 3):
 PSYoungGen      total 20480K, used 19829K [0x00000000eab00000, 0x00000000ec000000, 0x0000000100000000)
  eden space 19456K, 100% used [0x00000000eab00000,0x00000000ebe00000,0x00000000ebe00000)
  from space 1024K, 36% used [0x00000000ebe00000,0x00000000ebe5d4b8,0x00000000ebf00000)
  to   space 512K, 0% used [0x00000000ebf80000,0x00000000ebf80000,0x00000000ec000000)
 ParOldGen       total 68608K, used 38430K [0x00000000c0000000, 0x00000000c4300000, 0x00000000eab00000)
  object space 68608K, 56% used [0x00000000c0000000,0x00000000c25878f0,0x00000000c4300000)
 Metaspace       used 58842K, committed 60032K, reserved 1114112K
  class space    used 7203K, committed 7680K, reserved 1048576K
}
Event: 6.107 GC heap after
{Heap after GC invocations=39 (full 3):
 PSYoungGen      total 19968K, used 500K [0x00000000eab00000, 0x00000000ec000000, 0x0000000100000000)
  eden space 19456K, 0% used [0x00000000eab00000,0x00000000eab00000,0x00000000ebe00000)
  from space 512K, 97% used [0x00000000ebf80000,0x00000000ebffd2a0,0x00000000ec000000)
  to   space 1024K, 0% used [0x00000000ebe00000,0x00000000ebe00000,0x00000000ebf00000)
 ParOldGen       total 68608K, used 38766K [0x00000000c0000000, 0x00000000c4300000, 0x00000000eab00000)
  object space 68608K, 56% used [0x00000000c0000000,0x00000000c25dba70,0x00000000c4300000)
 Metaspace       used 58842K, committed 60032K, reserved 1114112K
  class space    used 7203K, committed 7680K, reserved 1048576K
}
Event: 6.177 GC heap before
{Heap before GC invocations=40 (full 3):
 PSYoungGen      total 19968K, used 19956K [0x00000000eab00000, 0x00000000ec000000, 0x0000000100000000)
  eden space 19456K, 100% used [0x00000000eab00000,0x00000000ebe00000,0x00000000ebe00000)
  from space 512K, 97% used [0x00000000ebf80000,0x00000000ebffd2a0,0x00000000ec000000)
  to   space 1024K, 0% used [0x00000000ebe00000,0x00000000ebe00000,0x00000000ebf00000)
 ParOldGen       total 68608K, used 38766K [0x00000000c0000000, 0x00000000c4300000, 0x00000000eab00000)
  object space 68608K, 56% used [0x00000000c0000000,0x00000000c25dba70,0x00000000c4300000)
 Metaspace       used 58843K, committed 60032K, reserved 1114112K
  class space    used 7203K, committed 7680K, reserved 1048576K
}
Event: 6.177 GC heap after
{Heap after GC invocations=40 (full 3):
 PSYoungGen      total 20480K, used 1010K [0x00000000eab00000, 0x00000000ec100000, 0x0000000100000000)
  eden space 19456K, 0% used [0x00000000eab00000,0x00000000eab00000,0x00000000ebe00000)
  from space 1024K, 98% used [0x00000000ebe00000,0x00000000ebefc990,0x00000000ebf00000)
  to   space 1536K, 0% used [0x00000000ebf80000,0x00000000ebf80000,0x00000000ec100000)
 ParOldGen       total 68608K, used 39021K [0x00000000c0000000, 0x00000000c4300000, 0x00000000eab00000)
  object space 68608K, 56% used [0x00000000c0000000,0x00000000c261b448,0x00000000c4300000)
 Metaspace       used 58843K, committed 60032K, reserved 1114112K
  class space    used 7203K, committed 7680K, reserved 1048576K
}
Event: 6.248 GC heap before
{Heap before GC invocations=41 (full 3):
 PSYoungGen      total 20480K, used 20466K [0x00000000eab00000, 0x00000000ec100000, 0x0000000100000000)
  eden space 19456K, 100% used [0x00000000eab00000,0x00000000ebe00000,0x00000000ebe00000)
  from space 1024K, 98% used [0x00000000ebe00000,0x00000000ebefc990,0x00000000ebf00000)
  to   space 1536K, 0% used [0x00000000ebf80000,0x00000000ebf80000,0x00000000ec100000)
 ParOldGen       total 68608K, used 39021K [0x00000000c0000000, 0x00000000c4300000, 0x00000000eab00000)
  object space 68608K, 56% used [0x00000000c0000000,0x00000000c261b448,0x00000000c4300000)
 Metaspace       used 58843K, committed 60032K, reserved 1114112K
  class space    used 7203K, committed 7680K, reserved 1048576K
}
Event: 6.249 GC heap after
{Heap after GC invocations=41 (full 3):
 PSYoungGen      total 20992K, used 1351K [0x00000000eab00000, 0x00000000ec100000, 0x0000000100000000)
  eden space 19456K, 0% used [0x00000000eab00000,0x00000000eab00000,0x00000000ebe00000)
  from space 1536K, 87% used [0x00000000ebf80000,0x00000000ec0d1c20,0x00000000ec100000)
  to   space 1536K, 0% used [0x00000000ebe00000,0x00000000ebe00000,0x00000000ebf80000)
 ParOldGen       total 68608K, used 39093K [0x00000000c0000000, 0x00000000c4300000, 0x00000000eab00000)
  object space 68608K, 56% used [0x00000000c0000000,0x00000000c262d448,0x00000000c4300000)
 Metaspace       used 58843K, committed 60032K, reserved 1114112K
  class space    used 7203K, committed 7680K, reserved 1048576K
}
Event: 6.332 GC heap before
{Heap before GC invocations=42 (full 3):
 PSYoungGen      total 20992K, used 20807K [0x00000000eab00000, 0x00000000ec100000, 0x0000000100000000)
  eden space 19456K, 100% used [0x00000000eab00000,0x00000000ebe00000,0x00000000ebe00000)
  from space 1536K, 87% used [0x00000000ebf80000,0x00000000ec0d1c20,0x00000000ec100000)
  to   space 1536K, 0% used [0x00000000ebe00000,0x00000000ebe00000,0x00000000ebf80000)
 ParOldGen       total 68608K, used 39093K [0x00000000c0000000, 0x00000000c4300000, 0x00000000eab00000)
  object space 68608K, 56% used [0x00000000c0000000,0x00000000c262d448,0x00000000c4300000)
 Metaspace       used 58844K, committed 60032K, reserved 1114112K
  class space    used 7203K, committed 7680K, reserved 1048576K
}
Event: 6.332 GC heap after
{Heap after GC invocations=42 (full 3):
 PSYoungGen      total 20992K, used 897K [0x00000000eab00000, 0x00000000ec100000, 0x0000000100000000)
  eden space 19456K, 0% used [0x00000000eab00000,0x00000000eab00000,0x00000000ebe00000)
  from space 1536K, 58% used [0x00000000ebe00000,0x00000000ebee0640,0x00000000ebf80000)
  to   space 1536K, 0% used [0x00000000ebf80000,0x00000000ebf80000,0x00000000ec100000)
 ParOldGen       total 68608K, used 39157K [0x00000000c0000000, 0x00000000c4300000, 0x00000000eab00000)
  object space 68608K, 57% used [0x00000000c0000000,0x00000000c263d448,0x00000000c4300000)
 Metaspace       used 58844K, committed 60032K, reserved 1114112K
  class space    used 7203K, committed 7680K, reserved 1048576K
}
Event: 6.454 GC heap before
{Heap before GC invocations=43 (full 3):
 PSYoungGen      total 20992K, used 20353K [0x00000000eab00000, 0x00000000ec100000, 0x0000000100000000)
  eden space 19456K, 100% used [0x00000000eab00000,0x00000000ebe00000,0x00000000ebe00000)
  from space 1536K, 58% used [0x00000000ebe00000,0x00000000ebee0640,0x00000000ebf80000)
  to   space 1536K, 0% used [0x00000000ebf80000,0x00000000ebf80000,0x00000000ec100000)
 ParOldGen       total 68608K, used 39157K [0x00000000c0000000, 0x00000000c4300000, 0x00000000eab00000)
  object space 68608K, 57% used [0x00000000c0000000,0x00000000c263d448,0x00000000c4300000)
 Metaspace       used 59450K, committed 60672K, reserved 1114112K
  class space    used 7283K, committed 7808K, reserved 1048576K
}
Event: 6.455 GC heap after
{Heap after GC invocations=43 (full 3):
 PSYoungGen      total 19968K, used 448K [0x00000000eab00000, 0x00000000ec000000, 0x0000000100000000)
  eden space 19456K, 0% used [0x00000000eab00000,0x00000000eab00000,0x00000000ebe00000)
  from space 512K, 87% used [0x00000000ebf80000,0x00000000ebff0000,0x00000000ec000000)
  to   space 1024K, 0% used [0x00000000ebe00000,0x00000000ebe00000,0x00000000ebf00000)
 ParOldGen       total 68608K, used 39213K [0x00000000c0000000, 0x00000000c4300000, 0x00000000eab00000)
  object space 68608K, 57% used [0x00000000c0000000,0x00000000c264b448,0x00000000c4300000)
 Metaspace       used 59450K, committed 60672K, reserved 1114112K
  class space    used 7283K, committed 7808K, reserved 1048576K
}
Event: 6.821 GC heap before
{Heap before GC invocations=44 (full 3):
 PSYoungGen      total 19968K, used 19904K [0x00000000eab00000, 0x00000000ec000000, 0x0000000100000000)
  eden space 19456K, 100% used [0x00000000eab00000,0x00000000ebe00000,0x00000000ebe00000)
  from space 512K, 87% used [0x00000000ebf80000,0x00000000ebff0000,0x00000000ec000000)
  to   space 1024K, 0% used [0x00000000ebe00000,0x00000000ebe00000,0x00000000ebf00000)
 ParOldGen       total 68608K, used 39213K [0x00000000c0000000, 0x00000000c4300000, 0x00000000eab00000)
  object space 68608K, 57% used [0x00000000c0000000,0x00000000c264b448,0x00000000c4300000)
 Metaspace       used 61468K, committed 62848K, reserved 1114112K
  class space    used 7598K, committed 8192K, reserved 1048576K
}
Event: 6.823 GC heap after
{Heap after GC invocations=44 (full 3):
 PSYoungGen      total 20480K, used 768K [0x00000000eab00000, 0x00000000ec000000, 0x0000000100000000)
  eden space 19456K, 0% used [0x00000000eab00000,0x00000000eab00000,0x00000000ebe00000)
  from space 1024K, 75% used [0x00000000ebe00000,0x00000000ebec0010,0x00000000ebf00000)
  to   space 1024K, 0% used [0x00000000ebf00000,0x00000000ebf00000,0x00000000ec000000)
 ParOldGen       total 68608K, used 40265K [0x00000000c0000000, 0x00000000c4300000, 0x00000000eab00000)
  object space 68608K, 58% used [0x00000000c0000000,0x00000000c2752678,0x00000000c4300000)
 Metaspace       used 61468K, committed 62848K, reserved 1114112K
  class space    used 7598K, committed 8192K, reserved 1048576K
}

Dll operation events (15 events):
Event: 0.006 Loaded shared library c:\Users\admin\.cursor\extensions\redhat.java-1.42.0-win32-x64\jre\21.0.7-win32-x86_64\bin\java.dll
Event: 0.049 Loaded shared library c:\Users\admin\.cursor\extensions\redhat.java-1.42.0-win32-x64\jre\21.0.7-win32-x86_64\bin\zip.dll
Event: 0.060 Loaded shared library C:\Users\admin\.cursor\extensions\redhat.java-1.42.0-win32-x64\jre\21.0.7-win32-x86_64\bin\instrument.dll
Event: 0.063 Loaded shared library C:\Users\admin\.cursor\extensions\redhat.java-1.42.0-win32-x64\jre\21.0.7-win32-x86_64\bin\net.dll
Event: 0.069 Loaded shared library C:\Users\admin\.cursor\extensions\redhat.java-1.42.0-win32-x64\jre\21.0.7-win32-x86_64\bin\nio.dll
Event: 0.072 Loaded shared library C:\Users\admin\.cursor\extensions\redhat.java-1.42.0-win32-x64\jre\21.0.7-win32-x86_64\bin\zip.dll
Event: 0.081 Loaded shared library C:\Users\admin\.cursor\extensions\redhat.java-1.42.0-win32-x64\jre\21.0.7-win32-x86_64\bin\jimage.dll
Event: 0.120 Loaded shared library c:\Users\admin\.cursor\extensions\redhat.java-1.42.0-win32-x64\jre\21.0.7-win32-x86_64\bin\verify.dll
Event: 0.778 Loaded shared library C:\Users\admin\AppData\Roaming\Cursor\User\globalStorage\redhat.java\1.42.0\config_win\org.eclipse.equinox.launcher\org.eclipse.equinox.launcher.win32.win32.x86_64_1.2.1300.v20250331-1702\eclipse_11911.dll
Event: 2.023 Loaded shared library C:\Users\admin\.cursor\extensions\redhat.java-1.42.0-win32-x64\jre\21.0.7-win32-x86_64\bin\management.dll
Event: 2.025 Loaded shared library C:\Users\admin\.cursor\extensions\redhat.java-1.42.0-win32-x64\jre\21.0.7-win32-x86_64\bin\management_ext.dll
Event: 2.724 Loaded shared library C:\Users\admin\AppData\Local\Temp\jna-92668751\jna10098701969204386660.dll
Event: 4.612 Loaded shared library C:\Users\admin\.gradle\native\1def1411415f61bf3af743bc5b6707747c0891f09f0c88961ee8f79bc544acac\windows-amd64\native-platform.dll
Event: 6.450 Loaded shared library C:\Users\admin\.cursor\extensions\redhat.java-1.42.0-win32-x64\jre\21.0.7-win32-x86_64\bin\extnet.dll
Event: 8.353 Loaded shared library C:\Users\admin\.cursor\extensions\redhat.java-1.42.0-win32-x64\jre\21.0.7-win32-x86_64\bin\sunmscapi.dll

Deoptimization events (20 events):
Event: 8.348 Thread 0x000001db4770d6c0 Uncommon trap: trap_request=0xffffff45 fr.pc=0x000001db714e4218 relative=0x00000000000008d8
Event: 8.348 Thread 0x000001db4770d6c0 Uncommon trap: reason=unstable_if action=reinterpret pc=0x000001db714e4218 method=java.util.HashMap.computeIfAbsent(Ljava/lang/Object;Ljava/util/function/Function;)Ljava/lang/Object; @ 294 c2
Event: 8.348 Thread 0x000001db4770d6c0 DEOPT PACKING pc=0x000001db714e4218 sp=0x00000049868fc380
Event: 8.348 Thread 0x000001db4770d6c0 DEOPT UNPACKING pc=0x000001db70d33aa2 sp=0x00000049868fc328 mode 2
Event: 8.366 Thread 0x000001db4770d6c0 Uncommon trap: trap_request=0xffffff45 fr.pc=0x000001db717b8544 relative=0x0000000000000b84
Event: 8.366 Thread 0x000001db4770d6c0 Uncommon trap: reason=unstable_if action=reinterpret pc=0x000001db717b8544 method=sun.nio.fs.WindowsPath.openForReadAttributeAccess(Z)J @ 5 c2
Event: 8.366 Thread 0x000001db4770d6c0 DEOPT PACKING pc=0x000001db717b8544 sp=0x00000049868fdf00
Event: 8.366 Thread 0x000001db4770d6c0 DEOPT UNPACKING pc=0x000001db70d33aa2 sp=0x00000049868fded8 mode 2
Event: 8.366 Thread 0x000001db4770d6c0 Uncommon trap: trap_request=0xffffff45 fr.pc=0x000001db717bd288 relative=0x0000000000000a68
Event: 8.366 Thread 0x000001db4770d6c0 Uncommon trap: reason=unstable_if action=reinterpret pc=0x000001db717bd288 method=sun.nio.fs.WindowsNativeDispatcher.asNativeBuffer(Ljava/lang/String;)Lsun/nio/fs/NativeBuffer; @ 52 c2
Event: 8.366 Thread 0x000001db4770d6c0 DEOPT PACKING pc=0x000001db717bd288 sp=0x00000049868fde80
Event: 8.366 Thread 0x000001db4770d6c0 DEOPT UNPACKING pc=0x000001db70d33aa2 sp=0x00000049868fdd28 mode 2
Event: 8.366 Thread 0x000001db4770d6c0 Uncommon trap: trap_request=0xffffff45 fr.pc=0x000001db717b6530 relative=0x0000000000000650
Event: 8.366 Thread 0x000001db4770d6c0 Uncommon trap: reason=unstable_if action=reinterpret pc=0x000001db717b6530 method=sun.nio.fs.WindowsFileAttributes.isReparsePoint(I)Z @ 5 c2
Event: 8.366 Thread 0x000001db4770d6c0 DEOPT PACKING pc=0x000001db717b6530 sp=0x00000049868fdf20
Event: 8.366 Thread 0x000001db4770d6c0 DEOPT UNPACKING pc=0x000001db70d33aa2 sp=0x00000049868fde48 mode 2
Event: 8.366 Thread 0x000001db4770d6c0 Uncommon trap: trap_request=0xffffff45 fr.pc=0x000001db71788284 relative=0x00000000000001c4
Event: 8.366 Thread 0x000001db4770d6c0 Uncommon trap: reason=unstable_if action=reinterpret pc=0x000001db71788284 method=sun.nio.fs.NativeBuffers.getNativeBufferFromCache(I)Lsun/nio/fs/NativeBuffer; @ 34 c2
Event: 8.366 Thread 0x000001db4770d6c0 DEOPT PACKING pc=0x000001db71788284 sp=0x00000049868fde30
Event: 8.366 Thread 0x000001db4770d6c0 DEOPT UNPACKING pc=0x000001db70d33aa2 sp=0x00000049868fddb8 mode 2

Classes loaded (20 events):
Event: 8.363 Loading class com/sun/security/sasl/Provider$1
Event: 8.363 Loading class com/sun/security/sasl/Provider$1 done
Event: 8.363 Loading class com/sun/security/sasl/Provider$ProviderService
Event: 8.363 Loading class com/sun/security/sasl/Provider$ProviderService done
Event: 8.363 Loading class sun/security/provider/certpath/ldap/JdkLDAP
Event: 8.363 Loading class sun/security/provider/certpath/ldap/JdkLDAP done
Event: 8.363 Loading class sun/security/provider/certpath/ldap/JdkLDAP$ProviderService
Event: 8.363 Loading class sun/security/provider/certpath/ldap/JdkLDAP$ProviderService done
Event: 8.364 Loading class sun/nio/ch/ServerSocketChannelImpl
Event: 8.364 Loading class sun/nio/ch/ServerSocketChannelImpl done
Event: 8.365 Loading class java/nio/BufferMismatch
Event: 8.366 Loading class java/nio/BufferMismatch done
Event: 8.366 Loading class sun/nio/ch/SourceChannelImpl
Event: 8.366 Loading class java/nio/channels/Pipe$SourceChannel
Event: 8.366 Loading class java/nio/channels/Pipe$SourceChannel done
Event: 8.366 Loading class sun/nio/ch/SourceChannelImpl done
Event: 8.366 Loading class sun/nio/ch/SinkChannelImpl
Event: 8.366 Loading class java/nio/channels/Pipe$SinkChannel
Event: 8.366 Loading class java/nio/channels/Pipe$SinkChannel done
Event: 8.366 Loading class sun/nio/ch/SinkChannelImpl done

Classes unloaded (13 events):
Event: 1.705 Thread 0x000001db7aa74a10 Unloading class 0x000001db011a3c00 'java/lang/invoke/LambdaForm$MH+0x000001db011a3c00'
Event: 1.705 Thread 0x000001db7aa74a10 Unloading class 0x000001db011a3800 'java/lang/invoke/LambdaForm$MH+0x000001db011a3800'
Event: 1.705 Thread 0x000001db7aa74a10 Unloading class 0x000001db011a3400 'java/lang/invoke/LambdaForm$MH+0x000001db011a3400'
Event: 1.705 Thread 0x000001db7aa74a10 Unloading class 0x000001db011a3000 'java/lang/invoke/LambdaForm$MH+0x000001db011a3000'
Event: 1.705 Thread 0x000001db7aa74a10 Unloading class 0x000001db011a2c00 'java/lang/invoke/LambdaForm$BMH+0x000001db011a2c00'
Event: 1.705 Thread 0x000001db7aa74a10 Unloading class 0x000001db011a2800 'java/lang/invoke/LambdaForm$DMH+0x000001db011a2800'
Event: 1.705 Thread 0x000001db7aa74a10 Unloading class 0x000001db011a1400 'java/lang/invoke/LambdaForm$DMH+0x000001db011a1400'
Event: 2.980 Thread 0x000001db7aa74a10 Unloading class 0x000001db01304800 'java/lang/invoke/LambdaForm$MH+0x000001db01304800'
Event: 2.980 Thread 0x000001db7aa74a10 Unloading class 0x000001db01303c00 'java/lang/invoke/LambdaForm$MH+0x000001db01303c00'
Event: 2.980 Thread 0x000001db7aa74a10 Unloading class 0x000001db01303400 'java/lang/invoke/LambdaForm$MH+0x000001db01303400'
Event: 2.980 Thread 0x000001db7aa74a10 Unloading class 0x000001db01302c00 'java/lang/invoke/LambdaForm$MH+0x000001db01302c00'
Event: 2.980 Thread 0x000001db7aa74a10 Unloading class 0x000001db01302800 'java/lang/invoke/LambdaForm$DMH+0x000001db01302800'
Event: 2.980 Thread 0x000001db7aa74a10 Unloading class 0x000001db01301c00 'java/lang/invoke/LambdaForm$MH+0x000001db01301c00'

Classes redefined (0 events):
No events

Internal exceptions (20 events):
Event: 6.513 Thread 0x000001db4770d6c0 Exception <a 'java/lang/NoSuchMethodError'{0x00000000eb084818}: 'java.lang.Object java.lang.invoke.DirectMethodHandle$Holder.invokeStatic(java.lang.Object, java.lang.Object, java.lang.Object, java.lang.Object, java.lang.Object, java.lang.Object, java.lang.Object, java.lang.Object, java.lang.Object, java.lang.Object, java.lang.Object, java.lang.Object, java.lang.Object, java.lang.Object, java.lang.Object, java.lang.Object, java.lang.Object)'> (0x00000000eb084818) 
thrown [s\src\hotspot\share\interpreter\lin
Event: 6.515 Thread 0x000001db4770d6c0 Exception <a 'java/lang/NoSuchMethodError'{0x00000000eb0b3e30}: 'java.lang.Object java.lang.invoke.DirectMethodHandle$Holder.invokeStatic(java.lang.Object, java.lang.Object, java.lang.Object, java.lang.Object, java.lang.Object, java.lang.Object, java.lang.Object, java.lang.Object, java.lang.Object, java.lang.Object, java.lang.Object, java.lang.Object, java.lang.Object, java.lang.Object, java.lang.Object, java.lang.Object, java.lang.Object, java.lang.Object)'> (0x00000000eb0b3e30) 
thrown [s\src\hotspot\sha
Event: 6.516 Thread 0x000001db4770d6c0 Exception <a 'java/lang/NoSuchMethodError'{0x00000000eb0e1938}: 'java.lang.Object java.lang.invoke.DirectMethodHandle$Holder.invokeStatic(java.lang.Object, java.lang.Object, java.lang.Object, java.lang.Object, java.lang.Object, java.lang.Object, java.lang.Object, java.lang.Object, java.lang.Object, java.lang.Object, java.lang.Object, java.lang.Object, java.lang.Object, java.lang.Object, java.lang.Object, java.lang.Object, java.lang.Object, java.lang.Object, java.lang.Object)'> (0x00000000eb0e1938) 
thrown 
Event: 6.517 Thread 0x000001db4770d6c0 Exception <a 'java/lang/NoSuchMethodError'{0x00000000eb110b50}: 'java.lang.Object java.lang.invoke.DirectMethodHandle$Holder.invokeStatic(java.lang.Object, java.lang.Object, java.lang.Object, java.lang.Object, java.lang.Object, java.lang.Object, java.lang.Object, java.lang.Object, java.lang.Object, java.lang.Object, java.lang.Object, java.lang.Object, java.lang.Object, java.lang.Object, java.lang.Object, java.lang.Object, java.lang.Object, java.lang.Object, java.lang.Object, java.lang.Object)'> (0x00000000
Event: 6.519 Thread 0x000001db4770d6c0 Exception <a 'java/lang/NoSuchMethodError'{0x00000000eb140d58}: 'java.lang.Object java.lang.invoke.DirectMethodHandle$Holder.invokeStatic(java.lang.Object, java.lang.Object, java.lang.Object, java.lang.Object, java.lang.Object, java.lang.Object, java.lang.Object, java.lang.Object, java.lang.Object, java.lang.Object, java.lang.Object, java.lang.Object, java.lang.Object, java.lang.Object, java.lang.Object, java.lang.Object, java.lang.Object, java.lang.Object, java.lang.Object, java.lang.Object, java.lang.Obj
Event: 6.520 Thread 0x000001db4770d6c0 Exception <a 'java/lang/NoSuchMethodError'{0x00000000eb173168}: 'java.lang.Object java.lang.invoke.DirectMethodHandle$Holder.invokeStatic(java.lang.Object, java.lang.Object, java.lang.Object, java.lang.Object, java.lang.Object, java.lang.Object, java.lang.Object, java.lang.Object, java.lang.Object, java.lang.Object, java.lang.Object, java.lang.Object, java.lang.Object, java.lang.Object, java.lang.Object, java.lang.Object, java.lang.Object, java.lang.Object, java.lang.Object, java.lang.Object, java.lang.Obj
Event: 6.521 Thread 0x000001db4770d6c0 Exception <a 'java/lang/NoSuchMethodError'{0x00000000eb1a4e98}: 'java.lang.Object java.lang.invoke.DirectMethodHandle$Holder.invokeStatic(java.lang.Object, java.lang.Object, java.lang.Object, java.lang.Object, java.lang.Object, java.lang.Object, java.lang.Object, java.lang.Object, java.lang.Object, java.lang.Object, java.lang.Object, java.lang.Object, java.lang.Object, java.lang.Object, java.lang.Object, java.lang.Object, java.lang.Object, java.lang.Object, java.lang.Object, java.lang.Object, java.lang.Obj
Event: 6.522 Thread 0x000001db4770d6c0 Exception <a 'java/lang/NoSuchMethodError'{0x00000000eb1d7648}: 'java.lang.Object java.lang.invoke.DirectMethodHandle$Holder.invokeStatic(java.lang.Object, java.lang.Object, java.lang.Object, java.lang.Object, java.lang.Object, java.lang.Object, java.lang.Object, java.lang.Object, java.lang.Object, java.lang.Object, java.lang.Object, java.lang.Object, java.lang.Object, java.lang.Object, java.lang.Object, java.lang.Object, java.lang.Object, java.lang.Object, java.lang.Object, java.lang.Object, java.lang.Obj
Event: 6.523 Thread 0x000001db4770d6c0 Exception <a 'java/lang/NoSuchMethodError'{0x00000000eb20baa0}: 'java.lang.Object java.lang.invoke.DirectMethodHandle$Holder.invokeStatic(java.lang.Object, java.lang.Object, java.lang.Object, java.lang.Object, java.lang.Object, java.lang.Object, java.lang.Object, java.lang.Object, java.lang.Object, java.lang.Object, java.lang.Object, java.lang.Object, java.lang.Object, java.lang.Object, java.lang.Object, java.lang.Object, java.lang.Object, java.lang.Object, java.lang.Object, java.lang.Object, java.lang.Obj
Event: 6.527 Thread 0x000001db4770d6c0 Exception <a 'java/lang/NoSuchMethodError'{0x00000000eb231890}: 'java.lang.Object java.lang.invoke.DirectMethodHandle$Holder.invokeSpecial(java.lang.Object, java.lang.Object, java.lang.Object, java.lang.Object, java.lang.Object, java.lang.Object, java.lang.Object, java.lang.Object, java.lang.Object, java.lang.Object, java.lang.Object, java.lang.Object, java.lang.Object, java.lang.Object, java.lang.Object, java.lang.Object, java.lang.Object, java.lang.Object, java.lang.Object, java.lang.Object, java.lang.Ob
Event: 6.528 Thread 0x000001db4770d6c0 Exception <a 'java/lang/NoSuchMethodError'{0x00000000eb247078}: 'java.lang.Object java.lang.invoke.DirectMethodHandle$Holder.newInvokeSpecial(java.lang.Object, java.lang.Object, java.lang.Object, java.lang.Object, java.lang.Object, java.lang.Object, java.lang.Object, java.lang.Object, java.lang.Object, java.lang.Object, java.lang.Object, java.lang.Object, java.lang.Object, java.lang.Object, java.lang.Object, java.lang.Object, java.lang.Object, java.lang.Object, java.lang.Object, java.lang.Object, java.lang
Event: 6.528 Thread 0x000001db4770d6c0 Exception <a 'java/lang/NoSuchMethodError'{0x00000000eb24d270}: 'java.lang.Object java.lang.invoke.Invokers$Holder.linkToTargetMethod(java.lang.Object, java.lang.Object, java.lang.Object, java.lang.Object, java.lang.Object, java.lang.Object, java.lang.Object, java.lang.Object, java.lang.Object, java.lang.Object, java.lang.Object, java.lang.Object, java.lang.Object, java.lang.Object, java.lang.Object, java.lang.Object, java.lang.Object, java.lang.Object, java.lang.Object, java.lang.Object, java.lang.Object,
Event: 6.528 Thread 0x000001db4770d6c0 Exception <a 'java/lang/NoSuchMethodError'{0x00000000eb252438}: 'java.lang.Object java.lang.invoke.DirectMethodHandle$Holder.invokeVirtual(java.lang.Object, java.lang.Object, java.lang.Object, java.lang.Object, java.lang.Object, java.lang.Object, java.lang.Object, java.lang.Object, java.lang.Object, java.lang.Object)'> (0x00000000eb252438) 
thrown [s\src\hotspot\share\interpreter\linkResolver.cpp, line 773]
Event: 6.540 Thread 0x000001db4770d6c0 Exception <a 'java/lang/NoSuchMethodError'{0x00000000eb3ec238}: 'java.lang.Object java.lang.invoke.DirectMethodHandle$Holder.invokeVirtual(java.lang.Object, java.lang.Object, java.lang.Object, java.lang.Object, java.lang.Object, java.lang.Object, java.lang.Object, java.lang.Object, java.lang.Object)'> (0x00000000eb3ec238) 
thrown [s\src\hotspot\share\interpreter\linkResolver.cpp, line 773]
Event: 6.558 Thread 0x000001db4770d6c0 Exception <a 'java/lang/NoSuchMethodError'{0x00000000eb62abd8}: 'java.lang.Object java.lang.invoke.DirectMethodHandle$Holder.invokeVirtual(java.lang.Object, java.lang.Object, java.lang.Object, java.lang.Object, java.lang.Object, java.lang.Object, java.lang.Object, java.lang.Object)'> (0x00000000eb62abd8) 
thrown [s\src\hotspot\share\interpreter\linkResolver.cpp, line 773]
Event: 6.561 Thread 0x000001db4770d6c0 Exception <a 'java/lang/NoSuchMethodError'{0x00000000eb6a1a38}: 'long java.lang.invoke.DirectMethodHandle$Holder.invokeVirtual(java.lang.Object, java.lang.Object)'> (0x00000000eb6a1a38) 
thrown [s\src\hotspot\share\interpreter\linkResolver.cpp, line 773]
Event: 6.561 Thread 0x000001db4770d6c0 Exception <a 'java/lang/NoSuchMethodError'{0x00000000eb6a4e38}: 'long java.lang.invoke.DelegatingMethodHandle$Holder.reinvoke_L(java.lang.Object, java.lang.Object)'> (0x00000000eb6a4e38) 
thrown [s\src\hotspot\share\interpreter\linkResolver.cpp, line 773]
Event: 6.832 Thread 0x000001db4770d030 Exception <a 'java/lang/NoSuchMethodError'{0x00000000eabd5bb0}: 'void java.lang.invoke.DirectMethodHandle$Holder.invokeStatic(java.lang.Object, long)'> (0x00000000eabd5bb0) 
thrown [s\src\hotspot\share\interpreter\linkResolver.cpp, line 773]
Event: 7.083 Thread 0x000001db4770d030 Exception <a 'java/lang/NoSuchMethodError'{0x00000000eabfa8e0}: 'void java.lang.invoke.DirectMethodHandle$Holder.invokeSpecial(java.lang.Object, java.lang.Object, int)'> (0x00000000eabfa8e0) 
thrown [s\src\hotspot\share\interpreter\linkResolver.cpp, line 773]
Event: 7.083 Thread 0x000001db4770d030 Exception <a 'java/lang/NoSuchMethodError'{0x00000000eabffd08}: 'java.lang.Object java.lang.invoke.DirectMethodHandle$Holder.newInvokeSpecial(java.lang.Object, java.lang.Object, int)'> (0x00000000eabffd08) 
thrown [s\src\hotspot\share\interpreter\linkResolver.cpp, line 773]

ZGC Phase Switch (0 events):
No events

VM Operations (20 events):
Event: 6.106 Executing VM operation: ParallelGCFailedAllocation (Allocation Failure)
Event: 6.107 Executing VM operation: ParallelGCFailedAllocation (Allocation Failure) done
Event: 6.177 Executing VM operation: ParallelGCFailedAllocation (Allocation Failure)
Event: 6.177 Executing VM operation: ParallelGCFailedAllocation (Allocation Failure) done
Event: 6.248 Executing VM operation: ParallelGCFailedAllocation (Allocation Failure)
Event: 6.249 Executing VM operation: ParallelGCFailedAllocation (Allocation Failure) done
Event: 6.332 Executing VM operation: ParallelGCFailedAllocation (Allocation Failure)
Event: 6.332 Executing VM operation: ParallelGCFailedAllocation (Allocation Failure) done
Event: 6.454 Executing VM operation: ParallelGCFailedAllocation (Allocation Failure)
Event: 6.455 Executing VM operation: ParallelGCFailedAllocation (Allocation Failure) done
Event: 6.545 Executing VM operation: HandshakeAllThreads (Deoptimize)
Event: 6.545 Executing VM operation: HandshakeAllThreads (Deoptimize) done
Event: 6.689 Executing VM operation: HandshakeAllThreads (Deoptimize)
Event: 6.689 Executing VM operation: HandshakeAllThreads (Deoptimize) done
Event: 6.821 Executing VM operation: ParallelGCFailedAllocation (Allocation Failure)
Event: 6.823 Executing VM operation: ParallelGCFailedAllocation (Allocation Failure) done
Event: 8.355 Executing VM operation: HandshakeAllThreads (Deoptimize)
Event: 8.355 Executing VM operation: HandshakeAllThreads (Deoptimize) done
Event: 8.355 Executing VM operation: Cleanup
Event: 8.355 Executing VM operation: Cleanup done

Memory protections (0 events):
No events

Nmethod flushes (20 events):
Event: 5.740 Thread 0x000001db7aa74a10 flushing  nmethod 0x000001db6a208e90
Event: 5.740 Thread 0x000001db7aa74a10 flushing  nmethod 0x000001db6a209210
Event: 5.740 Thread 0x000001db7aa74a10 flushing  nmethod 0x000001db6a20ba10
Event: 5.740 Thread 0x000001db7aa74a10 flushing  nmethod 0x000001db6a20d310
Event: 5.740 Thread 0x000001db7aa74a10 flushing  nmethod 0x000001db6a217610
Event: 5.740 Thread 0x000001db7aa74a10 flushing  nmethod 0x000001db6a22df90
Event: 5.740 Thread 0x000001db7aa74a10 flushing  nmethod 0x000001db6a243f90
Event: 5.740 Thread 0x000001db7aa74a10 flushing  nmethod 0x000001db6a27bc90
Event: 5.740 Thread 0x000001db7aa74a10 flushing  nmethod 0x000001db6a27d590
Event: 5.740 Thread 0x000001db7aa74a10 flushing  nmethod 0x000001db6a27f090
Event: 5.740 Thread 0x000001db7aa74a10 flushing  nmethod 0x000001db6a280990
Event: 5.740 Thread 0x000001db7aa74a10 flushing  nmethod 0x000001db6a283110
Event: 5.740 Thread 0x000001db7aa74a10 flushing  nmethod 0x000001db6a283590
Event: 5.740 Thread 0x000001db7aa74a10 flushing  nmethod 0x000001db6a283910
Event: 5.740 Thread 0x000001db7aa74a10 flushing  nmethod 0x000001db6a285d90
Event: 5.740 Thread 0x000001db7aa74a10 flushing  nmethod 0x000001db6a28e410
Event: 5.740 Thread 0x000001db7aa74a10 flushing  nmethod 0x000001db6a2ace10
Event: 5.740 Thread 0x000001db7aa74a10 flushing  nmethod 0x000001db6a2af390
Event: 5.740 Thread 0x000001db7aa74a10 flushing  nmethod 0x000001db6a2c5a90
Event: 5.740 Thread 0x000001db7aa74a10 flushing  nmethod 0x000001db6a2e6c90

Events (20 events):
Event: 6.258 Thread 0x000001db7bf768c0 Thread added: 0x000001db7e15b8c0
Event: 6.308 Thread 0x000001db7e8bd610 Thread exited: 0x000001db7e8bd610
Event: 6.571 Thread 0x000001db4770d6c0 Thread added: 0x000001db4770e3e0
Event: 6.622 Thread 0x000001db7f256e30 Thread exited: 0x000001db7f256e30
Event: 6.825 Thread 0x000001db7e15b8c0 Thread exited: 0x000001db7e15b8c0
Event: 6.827 Thread 0x000001db4770d6c0 Thread added: 0x000001db4770d030
Event: 6.828 Thread 0x000001db7f1b4010 Thread exited: 0x000001db7f1b4010
Event: 6.828 Thread 0x000001db4577f770 Thread exited: 0x000001db4577f770
Event: 6.834 Thread 0x000001db4770d030 Thread added: 0x000001db4770dd50
Event: 6.834 Thread 0x000001db4770d030 Thread added: 0x000001db4770ea70
Event: 7.083 Thread 0x000001db4a7870b0 Thread exited: 0x000001db4a7870b0
Event: 7.129 Thread 0x000001db4770d6c0 Thread added: 0x000001db4770b5f0
Event: 7.135 Thread 0x000001db4770b5f0 Thread added: 0x000001db7f256e30
Event: 7.135 Thread 0x000001db4770b5f0 Thread added: 0x000001db49e02bf0
Event: 7.135 Thread 0x000001db7f256e30 Thread exited: 0x000001db7f256e30
Event: 7.203 Thread 0x000001db490ed5b0 Thread exited: 0x000001db490ed5b0
Event: 8.332 Thread 0x000001db4739a5e0 Thread exited: 0x000001db4739a5e0
Event: 8.332 Thread 0x000001db4535c190 Thread exited: 0x000001db4535c190
Event: 8.333 Thread 0x000001db4770b5f0 Thread exited: 0x000001db4770b5f0
Event: 8.333 Thread 0x000001db49e02bf0 Thread exited: 0x000001db49e02bf0


Dynamic libraries:
0x00007ff7d0960000 - 0x00007ff7d096e000 	c:\Users\admin\.cursor\extensions\redhat.java-1.42.0-win32-x64\jre\21.0.7-win32-x86_64\bin\java.exe
0x00007ff8f0da0000 - 0x00007ff8f1006000 	C:\WINDOWS\SYSTEM32\ntdll.dll
0x00007ff8eeec0000 - 0x00007ff8eef89000 	C:\WINDOWS\System32\KERNEL32.DLL
0x00007ff8ee410000 - 0x00007ff8ee7dc000 	C:\WINDOWS\System32\KERNELBASE.dll
0x00007ff8edfd0000 - 0x00007ff8ee11b000 	C:\WINDOWS\System32\ucrtbase.dll
0x00007ff8cea30000 - 0x00007ff8cea48000 	c:\Users\admin\.cursor\extensions\redhat.java-1.42.0-win32-x64\jre\21.0.7-win32-x86_64\bin\jli.dll
0x00007ff8c73c0000 - 0x00007ff8c73de000 	c:\Users\admin\.cursor\extensions\redhat.java-1.42.0-win32-x64\jre\21.0.7-win32-x86_64\bin\VCRUNTIME140.dll
0x00007ff8f0aa0000 - 0x00007ff8f0c6a000 	C:\WINDOWS\System32\USER32.dll
0x00007ff8ee120000 - 0x00007ff8ee147000 	C:\WINDOWS\System32\win32u.dll
0x00007ff8db710000 - 0x00007ff8db9aa000 	C:\WINDOWS\WinSxS\amd64_microsoft.windows.common-controls_6595b64144ccf1df_6.0.26100.3912_none_3e07963ce335137e\COMCTL32.dll
0x00007ff8f0440000 - 0x00007ff8f046b000 	C:\WINDOWS\System32\GDI32.dll
0x00007ff8eeb60000 - 0x00007ff8eec09000 	C:\WINDOWS\System32\msvcrt.dll
0x00007ff8ee2d0000 - 0x00007ff8ee402000 	C:\WINDOWS\System32\gdi32full.dll
0x00007ff8eea20000 - 0x00007ff8eeac3000 	C:\WINDOWS\System32\msvcp_win.dll
0x00007ff8f0c70000 - 0x00007ff8f0ca0000 	C:\WINDOWS\System32\IMM32.DLL
0x00007ff8d6ca0000 - 0x00007ff8d6cac000 	c:\Users\admin\.cursor\extensions\redhat.java-1.42.0-win32-x64\jre\21.0.7-win32-x86_64\bin\vcruntime140_1.dll
0x00007ff8c1570000 - 0x00007ff8c15fd000 	c:\Users\admin\.cursor\extensions\redhat.java-1.42.0-win32-x64\jre\21.0.7-win32-x86_64\bin\msvcp140.dll
0x00007ff845fd0000 - 0x00007ff846d60000 	c:\Users\admin\.cursor\extensions\redhat.java-1.42.0-win32-x64\jre\21.0.7-win32-x86_64\bin\server\jvm.dll
0x00007ff8f0140000 - 0x00007ff8f01f2000 	C:\WINDOWS\System32\ADVAPI32.dll
0x00007ff8f0cb0000 - 0x00007ff8f0d56000 	C:\WINDOWS\System32\sechost.dll
0x00007ff8efb60000 - 0x00007ff8efc76000 	C:\WINDOWS\System32\RPCRT4.dll
0x00007ff8ef340000 - 0x00007ff8ef3b4000 	C:\WINDOWS\System32\WS2_32.dll
0x00007ff8edda0000 - 0x00007ff8eddfe000 	C:\WINDOWS\SYSTEM32\POWRPROF.dll
0x00007ff8ea6e0000 - 0x00007ff8ea6eb000 	C:\WINDOWS\SYSTEM32\VERSION.dll
0x00007ff8e4950000 - 0x00007ff8e4986000 	C:\WINDOWS\SYSTEM32\WINMM.dll
0x00007ff8edd80000 - 0x00007ff8edd94000 	C:\WINDOWS\SYSTEM32\UMPDC.dll
0x00007ff8eccf0000 - 0x00007ff8ecd0a000 	C:\WINDOWS\SYSTEM32\kernel.appcore.dll
0x00007ff8d6650000 - 0x00007ff8d665a000 	c:\Users\admin\.cursor\extensions\redhat.java-1.42.0-win32-x64\jre\21.0.7-win32-x86_64\bin\jimage.dll
0x00007ff89bae0000 - 0x00007ff89bd21000 	C:\WINDOWS\SYSTEM32\DBGHELP.DLL
0x00007ff8eef90000 - 0x00007ff8ef314000 	C:\WINDOWS\System32\combase.dll
0x00007ff8f0050000 - 0x00007ff8f0130000 	C:\WINDOWS\System32\OLEAUT32.dll
0x00007ff8d7240000 - 0x00007ff8d7279000 	C:\WINDOWS\SYSTEM32\dbgcore.DLL
0x00007ff8edf30000 - 0x00007ff8edfc9000 	C:\WINDOWS\System32\bcryptPrimitives.dll
0x00007ff8d5d00000 - 0x00007ff8d5d0f000 	c:\Users\admin\.cursor\extensions\redhat.java-1.42.0-win32-x64\jre\21.0.7-win32-x86_64\bin\instrument.dll
0x00007ff8c5200000 - 0x00007ff8c521f000 	c:\Users\admin\.cursor\extensions\redhat.java-1.42.0-win32-x64\jre\21.0.7-win32-x86_64\bin\java.dll
0x00007ff8ef430000 - 0x00007ff8efb5d000 	C:\WINDOWS\System32\SHELL32.dll
0x00007ff8ee150000 - 0x00007ff8ee2c4000 	C:\WINDOWS\System32\wintypes.dll
0x00007ff8ebbe0000 - 0x00007ff8ec436000 	C:\WINDOWS\SYSTEM32\windows.storage.dll
0x00007ff8eedc0000 - 0x00007ff8eeeaf000 	C:\WINDOWS\System32\SHCORE.dll
0x00007ff8ef3c0000 - 0x00007ff8ef429000 	C:\WINDOWS\System32\shlwapi.dll
0x00007ff8ede10000 - 0x00007ff8ede3f000 	C:\WINDOWS\SYSTEM32\profapi.dll
0x00007ff8c4460000 - 0x00007ff8c4478000 	c:\Users\admin\.cursor\extensions\redhat.java-1.42.0-win32-x64\jre\21.0.7-win32-x86_64\bin\zip.dll
0x00007ff8d5f80000 - 0x00007ff8d5f90000 	C:\Users\admin\.cursor\extensions\redhat.java-1.42.0-win32-x64\jre\21.0.7-win32-x86_64\bin\net.dll
0x00007ff8e8a60000 - 0x00007ff8e8b7e000 	C:\WINDOWS\SYSTEM32\WINHTTP.dll
0x0000000180000000 - 0x000000018008c000 	C:\WINDOWS\system32\ASProxy64.dll
0x00007ff8efc80000 - 0x00007ff8efe1f000 	C:\WINDOWS\System32\ole32.dll
0x00007ff8ec730000 - 0x00007ff8ec763000 	C:\WINDOWS\SYSTEM32\IPHLPAPI.DLL
0x00007ff8ed260000 - 0x00007ff8ed2ca000 	C:\WINDOWS\SYSTEM32\MSWSOCK.dll
0x00007ff8ecf90000 - 0x00007ff8ecfd8000 	C:\WINDOWS\SYSTEM32\SspiCli.dll
0x00007ff8c3e00000 - 0x00007ff8c3e16000 	C:\Users\admin\.cursor\extensions\redhat.java-1.42.0-win32-x64\jre\21.0.7-win32-x86_64\bin\nio.dll
0x00007ff8d3a60000 - 0x00007ff8d3a70000 	c:\Users\admin\.cursor\extensions\redhat.java-1.42.0-win32-x64\jre\21.0.7-win32-x86_64\bin\verify.dll
0x00007ff8eb200000 - 0x00007ff8eb2af000 	C:\WINDOWS\system32\uxtheme.dll
0x00007ff8ce170000 - 0x00007ff8ce1b5000 	C:\Users\admin\AppData\Roaming\Cursor\User\globalStorage\redhat.java\1.42.0\config_win\org.eclipse.equinox.launcher\org.eclipse.equinox.launcher.win32.win32.x86_64_1.2.1300.v20250331-1702\eclipse_11911.dll
0x00007ff8ed510000 - 0x00007ff8ed52c000 	C:\WINDOWS\SYSTEM32\CRYPTSP.dll
0x00007ff8ecc50000 - 0x00007ff8ecc8a000 	C:\WINDOWS\system32\rsaenh.dll
0x00007ff8ed300000 - 0x00007ff8ed32b000 	C:\WINDOWS\SYSTEM32\USERENV.dll
0x00007ff8ede50000 - 0x00007ff8ede76000 	C:\WINDOWS\SYSTEM32\bcrypt.dll
0x00007ff8ed500000 - 0x00007ff8ed50c000 	C:\WINDOWS\SYSTEM32\CRYPTBASE.dll
0x00007ff8eedb0000 - 0x00007ff8eedba000 	C:\WINDOWS\System32\NSI.dll
0x00007ff8d3bd0000 - 0x00007ff8d3bda000 	C:\Users\admin\.cursor\extensions\redhat.java-1.42.0-win32-x64\jre\21.0.7-win32-x86_64\bin\management.dll
0x00007ff8d37b0000 - 0x00007ff8d37bb000 	C:\Users\admin\.cursor\extensions\redhat.java-1.42.0-win32-x64\jre\21.0.7-win32-x86_64\bin\management_ext.dll
0x00007ff8f0040000 - 0x00007ff8f0048000 	C:\WINDOWS\System32\PSAPI.DLL
0x00007ff8cdd90000 - 0x00007ff8cddd9000 	C:\Users\admin\AppData\Local\Temp\jna-92668751\jna10098701969204386660.dll
0x00007ff8e86b0000 - 0x00007ff8e86cf000 	C:\WINDOWS\SYSTEM32\dhcpcsvc6.DLL
0x00007ff8e7810000 - 0x00007ff8e7835000 	C:\WINDOWS\SYSTEM32\dhcpcsvc.DLL
0x00007ff8cdd60000 - 0x00007ff8cdd87000 	C:\Users\admin\.gradle\native\1def1411415f61bf3af743bc5b6707747c0891f09f0c88961ee8f79bc544acac\windows-amd64\native-platform.dll
0x00007ff8d3250000 - 0x00007ff8d3259000 	C:\Users\admin\.cursor\extensions\redhat.java-1.42.0-win32-x64\jre\21.0.7-win32-x86_64\bin\extnet.dll
0x00007ff8cd780000 - 0x00007ff8cd78e000 	C:\Users\admin\.cursor\extensions\redhat.java-1.42.0-win32-x64\jre\21.0.7-win32-x86_64\bin\sunmscapi.dll
0x00007ff8ee7e0000 - 0x00007ff8ee957000 	C:\WINDOWS\System32\CRYPT32.dll
0x00007ff8ed710000 - 0x00007ff8ed740000 	C:\WINDOWS\SYSTEM32\ncrypt.dll
0x00007ff8ed6c0000 - 0x00007ff8ed6ff000 	C:\WINDOWS\SYSTEM32\NTASN1.dll
0x00007ff8cd2f0000 - 0x00007ff8cd2f8000 	C:\WINDOWS\system32\wshunix.dll

dbghelp: loaded successfully - version: 4.0.5 - missing functions: none
symbol engine: initialized successfully - sym options: 0x614 - pdb path: .;c:\Users\admin\.cursor\extensions\redhat.java-1.42.0-win32-x64\jre\21.0.7-win32-x86_64\bin;C:\WINDOWS\SYSTEM32;C:\WINDOWS\WinSxS\amd64_microsoft.windows.common-controls_6595b64144ccf1df_6.0.26100.3912_none_3e07963ce335137e;c:\Users\admin\.cursor\extensions\redhat.java-1.42.0-win32-x64\jre\21.0.7-win32-x86_64\bin\server;C:\Users\admin\AppData\Roaming\Cursor\User\globalStorage\redhat.java\1.42.0\config_win\org.eclipse.equinox.launcher\org.eclipse.equinox.launcher.win32.win32.x86_64_1.2.1300.v20250331-1702;C:\Users\admin\AppData\Local\Temp\jna-92668751;C:\Users\admin\.gradle\native\1def1411415f61bf3af743bc5b6707747c0891f09f0c88961ee8f79bc544acac\windows-amd64

VM Arguments:
jvm_args: --add-modules=ALL-SYSTEM --add-opens=java.base/java.util=ALL-UNNAMED --add-opens=java.base/java.lang=ALL-UNNAMED --add-opens=java.base/sun.nio.fs=ALL-UNNAMED -Declipse.application=org.eclipse.jdt.ls.core.id1 -Dosgi.bundles.defaultStartLevel=4 -Declipse.product=org.eclipse.jdt.ls.core.product -Djava.import.generatesMetadataFilesAtProjectRoot=false -DDetectVMInstallationsJob.disabled=true -Dfile.encoding=utf8 -XX:+UseParallelGC -XX:GCTimeRatio=4 -XX:AdaptiveSizePolicyWeight=90 -Dsun.zip.disableMemoryMapping=true -Xmx1G -Xms100m -Xlog:disable -javaagent:c:\Users\admin\.cursor\extensions\redhat.java-1.42.0-win32-x64\lombok\lombok-1.18.36.jar -XX:+HeapDumpOnOutOfMemoryError -XX:HeapDumpPath=c:\Users\admin\AppData\Roaming\Cursor\User\workspaceStorage\0426a641ec518546e312a5bf184515bb\redhat.java -Daether.dependencyCollector.impl=bf 
java_command: c:\Users\admin\.cursor\extensions\redhat.java-1.42.0-win32-x64\server\plugins\org.eclipse.equinox.launcher_1.7.0.v20250424-1814.jar -configuration c:\Users\admin\AppData\Roaming\Cursor\User\globalStorage\redhat.java\1.42.0\config_win -data c:\Users\admin\AppData\Roaming\Cursor\User\workspaceStorage\0426a641ec518546e312a5bf184515bb\redhat.java\jdt_ws --pipe=\\.\pipe\lsp-b3419ae2c86ed5c148451a1bc11b8b6c-sock
java_class_path (initial): c:\Users\admin\.cursor\extensions\redhat.java-1.42.0-win32-x64\server\plugins\org.eclipse.equinox.launcher_1.7.0.v20250424-1814.jar
Launcher Type: SUN_STANDARD

[Global flags]
    uintx AdaptiveSizePolicyWeight                 = 90                                        {product} {command line}
     intx CICompilerCount                          = 12                                        {product} {ergonomic}
    uintx GCTimeRatio                              = 4                                         {product} {command line}
     bool HeapDumpOnOutOfMemoryError               = true                                   {manageable} {command line}
    ccstr HeapDumpPath                             = c:\Users\admin\AppData\Roaming\Cursor\User\workspaceStorage\0426a641ec518546e312a5bf184515bb\redhat.java         {manageable} {command line}
   size_t InitialHeapSize                          = 104857600                                 {product} {command line}
   size_t MaxHeapSize                              = 1073741824                                {product} {command line}
   size_t MaxNewSize                               = 357564416                                 {product} {ergonomic}
   size_t MinHeapDeltaBytes                        = 524288                                    {product} {ergonomic}
   size_t MinHeapSize                              = 104857600                                 {product} {command line}
   size_t NewSize                                  = 34603008                                  {product} {ergonomic}
    uintx NonNMethodCodeHeapSize                   = 7602480                                {pd product} {ergonomic}
    uintx NonProfiledCodeHeapSize                  = 122027880                              {pd product} {ergonomic}
   size_t OldSize                                  = 70254592                                  {product} {ergonomic}
    uintx ProfiledCodeHeapSize                     = 122027880                              {pd product} {ergonomic}
    uintx ReservedCodeCacheSize                    = 251658240                              {pd product} {ergonomic}
     bool SegmentedCodeCache                       = true                                      {product} {ergonomic}
   size_t SoftMaxHeapSize                          = 1073741824                             {manageable} {ergonomic}
     bool UseCompressedOops                        = true                           {product lp64_product} {ergonomic}
     bool UseLargePagesIndividualAllocation        = false                                  {pd product} {ergonomic}
     bool UseParallelGC                            = true                                      {product} {command line}

Logging:
Log output configuration:
 #0: stdout all=off uptime,level,tags foldmultilines=false
 #1: stderr all=off uptime,level,tags foldmultilines=false

Environment Variables:
JAVA_HOME=C:\Program Files\OpenLogic\jdk-17.0.15.6-hotspot
PATH=C:\Program Files\Common Files\Oracle\Java\javapath;C:\Program Files\OpenLogic\jdk-17.0.15.6-hotspot\bin;C:\WINDOWS\system32;C:\WINDOWS;C:\WINDOWS\System32\Wbem;C:\WINDOWS\System32\WindowsPowerShell\v1.0\;C:\WINDOWS\System32\OpenSSH\;C:\Program Files\dotnet\;C:\Program Files\Microsoft SQL Server\130\Tools\Binn\;C:\Program Files\Git\cmd;C:\Users\admin\AppData\Roaming\nvm;C:\Program Files\nodejs;C:\Program Files\Microsoft SQL Server\150\Tools\Binn\;C:\Users\admin\AppData\Local\Microsoft\WindowsApps;C:\Users\admin\AppData\Roaming\npm;C:\Users\admin\AppData\Local\Programs\Microsoft VS Code\bin;C:\Users\admin\AppData\Roaming\nvm;C:\Program Files\nodejs;C:\Users\admin\AppData\Local\Android\Sdk\platform-tools;C:\Users\admin\AppData\Local\Programs\cursor\resources\app\bin;C:\;C:\Users\admin\.dotnet\tools
USERNAME=admin
OS=Windows_NT
PROCESSOR_IDENTIFIER=Intel64 Family 6 Model 165 Stepping 5, GenuineIntel
TMP=C:\Users\admin\AppData\Local\Temp
TEMP=C:\Users\admin\AppData\Local\Temp




Periodic native trim disabled

---------------  S Y S T E M  ---------------

OS:
 Windows 11 , 64 bit Build 26100 (10.0.26100.3912)
OS uptime: 3 days 0:59 hours

CPU: total 16 (initial active 16) (8 cores per cpu, 2 threads per core) family 6 model 165 stepping 5 microcode 0xec, cx8, cmov, fxsr, ht, mmx, 3dnowpref, sse, sse2, sse3, ssse3, sse4.1, sse4.2, popcnt, lzcnt, tsc, tscinvbit, avx, avx2, aes, erms, clmul, bmi1, bmi2, adx, fma, vzeroupper, clflush, clflushopt, rdtscp, f16c, pku
Processor Information for processor 0
  Max Mhz: 2901, Current Mhz: 2901, Mhz Limit: 2901
Processor Information for processor 1
  Max Mhz: 2901, Current Mhz: 2901, Mhz Limit: 2901
Processor Information for processor 2
  Max Mhz: 2901, Current Mhz: 2901, Mhz Limit: 2901
Processor Information for processor 3
  Max Mhz: 2901, Current Mhz: 800, Mhz Limit: 2901
Processor Information for processor 4
  Max Mhz: 2901, Current Mhz: 2901, Mhz Limit: 2901
Processor Information for processor 5
  Max Mhz: 2901, Current Mhz: 2901, Mhz Limit: 2901
Processor Information for processor 6
  Max Mhz: 2901, Current Mhz: 800, Mhz Limit: 2901
Processor Information for processor 7
  Max Mhz: 2901, Current Mhz: 2901, Mhz Limit: 2901
Processor Information for processor 8
  Max Mhz: 2901, Current Mhz: 2901, Mhz Limit: 2901
Processor Information for processor 9
  Max Mhz: 2901, Current Mhz: 800, Mhz Limit: 2901
Processor Information for processor 10
  Max Mhz: 2901, Current Mhz: 2901, Mhz Limit: 2901
Processor Information for processor 11
  Max Mhz: 2901, Current Mhz: 800, Mhz Limit: 2901
Processor Information for processor 12
  Max Mhz: 2901, Current Mhz: 2901, Mhz Limit: 2901
Processor Information for processor 13
  Max Mhz: 2901, Current Mhz: 800, Mhz Limit: 2901
Processor Information for processor 14
  Max Mhz: 2901, Current Mhz: 800, Mhz Limit: 2901
Processor Information for processor 15
  Max Mhz: 2901, Current Mhz: 800, Mhz Limit: 2901

Memory: 4k page, system-wide physical 16096M (3070M free)
TotalPageFile size 34528M (AvailPageFile size 4023M)
current process WorkingSet (physical memory assigned to process): 315M, peak: 335M
current process commit charge ("private bytes"): 397M, peak: 420M

vm_info: OpenJDK 64-Bit Server VM (21.0.7+6-LTS) for windows-amd64 JRE (21.0.7+6-LTS), built on 2025-04-15T00:00:00Z by "admin" with MS VC++ 17.7 (VS2022)

END.
