#
# A fatal error has been detected by the Java Runtime Environment:
#
#  EXCEPTION_ACCESS_VIOLATION (0xc0000005) at pc=0x000000018000c274, pid=35560, tid=15076
#
# JRE version: OpenJDK Runtime Environment Temurin-21.0.7+6 (21.0.7+6) (build 21.0.7+6-LTS)
# Java VM: OpenJDK 64-Bit Server VM Temurin-21.0.7+6 (21.0.7+6-LTS, mixed mode, sharing, tiered, compressed oops, compressed class ptrs, parallel gc, windows-amd64)
# Problematic frame:
# C  [ASProxy64.dll+0xc274]
#
# No core dump will be written. Minidumps are not enabled by default on client versions of Windows
#
# If you would like to submit a bug report, please visit:
#   https://github.com/adoptium/adoptium-support/issues
# The crash happened outside the Java Virtual Machine in native code.
# See problematic frame for where to report the bug.
#

---------------  S U M M A R Y ------------

Command Line: --add-modules=ALL-SYSTEM --add-opens=java.base/java.util=ALL-UNNAMED --add-opens=java.base/java.lang=ALL-UNNAMED --add-opens=java.base/sun.nio.fs=ALL-UNNAMED -Declipse.application=org.eclipse.jdt.ls.core.id1 -Dosgi.bundles.defaultStartLevel=4 -Declipse.product=org.eclipse.jdt.ls.core.product -Djava.import.generatesMetadataFilesAtProjectRoot=false -DDetectVMInstallationsJob.disabled=true -Dfile.encoding=utf8 -XX:+UseParallelGC -XX:GCTimeRatio=4 -XX:AdaptiveSizePolicyWeight=90 -Dsun.zip.disableMemoryMapping=true -Xmx1G -Xms100m -Xlog:disable -javaagent:c:\Users\admin\.cursor\extensions\redhat.java-1.42.0-win32-x64\lombok\lombok-1.18.36.jar -XX:+HeapDumpOnOutOfMemoryError -XX:HeapDumpPath=c:\Users\admin\AppData\Roaming\Cursor\User\workspaceStorage\0426a641ec518546e312a5bf184515bb\redhat.java -Daether.dependencyCollector.impl=bf c:\Users\admin\.cursor\extensions\redhat.java-1.42.0-win32-x64\server\plugins\org.eclipse.equinox.launcher_1.7.0.v20250424-1814.jar -configuration c:\Users\admin\AppData\Roaming\Cursor\User\globalStorage\redhat.java\1.42.0\config_win -data c:\Users\admin\AppData\Roaming\Cursor\User\workspaceStorage\0426a641ec518546e312a5bf184515bb\redhat.java\jdt_ws --pipe=\\.\pipe\lsp-49a6dfc1dc2e5bdeac8907a9ef6ed0ef-sock

Host: Intel(R) Core(TM) i7-10700 CPU @ 2.90GHz, 16 cores, 15G,  Windows 11 , 64 bit Build 26100 (10.0.26100.3912)
Time: Sat May 17 05:59:17 2025 Eastern Daylight Time elapsed time: 7.816400 seconds (0d 0h 0m 7s)

---------------  T H R E A D  ---------------

Current thread (0x0000023580e81990):  JavaThread "Connection worker"        [_thread_in_native, id=15076, stack(0x0000006568500000,0x0000006568600000) (1024K)]

Stack: [0x0000006568500000,0x0000006568600000],  sp=0x00000065685fdf70,  free space=1015k
Native frames: (J=compiled Java code, j=interpreted, Vv=VM code, C=native code)
C  [ASProxy64.dll+0xc274]

Java frames: (J=compiled Java code, j=interpreted, Vv=VM code)
j  sun.nio.ch.WEPoll.ctl(JIJI)I+0 java.base@21.0.7
j  sun.nio.ch.WEPollSelectorImpl.<init>(Ljava/nio/channels/spi/SelectorProvider;)V+139 java.base@21.0.7
j  sun.nio.ch.WEPollSelectorProvider.openSelector()Ljava/nio/channels/spi/AbstractSelector;+5 java.base@21.0.7
j  java.nio.channels.Selector.open()Ljava/nio/channels/Selector;+3 java.base@21.0.7
j  org.gradle.internal.remote.internal.inet.SocketConnection$SocketInputStream.<init>(Ljava/nio/channels/SocketChannel;)V+17
j  org.gradle.internal.remote.internal.inet.SocketConnection.<init>(Ljava/nio/channels/SocketChannel;Lorg/gradle/internal/remote/internal/MessageSerializer;Lorg/gradle/internal/serialize/StatefulSerializer;)V+27
j  org.gradle.internal.remote.internal.inet.SocketConnectCompletion.create(Lorg/gradle/internal/serialize/StatefulSerializer;)Lorg/gradle/internal/remote/internal/RemoteConnection;+16
j  org.gradle.launcher.daemon.client.DefaultDaemonConnector.connectToDaemon(Lorg/gradle/launcher/daemon/context/DaemonConnectDetails;Lorg/gradle/launcher/daemon/client/DaemonClientConnection$StaleAddressDetector;)Lorg/gradle/launcher/daemon/client/DaemonClientConnection;+45
j  org.gradle.launcher.daemon.client.DefaultDaemonConnector.connectToDaemonWithId(Lorg/gradle/launcher/daemon/diagnostics/DaemonStartupInfo;Lorg/gradle/api/internal/specs/ExplainingSpec;)Lorg/gradle/launcher/daemon/client/DaemonClientConnection;+116
j  org.gradle.launcher.daemon.client.DefaultDaemonConnector.doStartDaemon(Lorg/gradle/api/internal/specs/ExplainingSpec;Z)Lorg/gradle/launcher/daemon/client/DaemonClientConnection;+61
j  org.gradle.launcher.daemon.client.DefaultDaemonConnector.startDaemon(Lorg/gradle/api/internal/specs/ExplainingSpec;)Lorg/gradle/launcher/daemon/client/DaemonClientConnection;+3
j  org.gradle.launcher.daemon.client.DaemonClient.execute(Lorg/gradle/internal/invocation/BuildAction;Lorg/gradle/launcher/exec/BuildActionParameters;Lorg/gradle/internal/daemon/client/execution/ClientBuildRequestContext;)Lorg/gradle/launcher/exec/BuildActionResult;+201
j  org.gradle.launcher.daemon.client.DaemonClient.execute(Lorg/gradle/internal/invocation/BuildAction;Ljava/lang/Object;Ljava/lang/Object;)Lorg/gradle/launcher/exec/BuildActionResult;+10
j  org.gradle.tooling.internal.provider.DaemonBuildActionExecuter.execute(Lorg/gradle/internal/invocation/BuildAction;Lorg/gradle/tooling/internal/provider/ConnectionOperationParameters;Lorg/gradle/internal/daemon/client/execution/ClientBuildRequestContext;)Lorg/gradle/launcher/exec/BuildActionResult;+72
j  org.gradle.tooling.internal.provider.DaemonBuildActionExecuter.execute(Lorg/gradle/internal/invocation/BuildAction;Ljava/lang/Object;Ljava/lang/Object;)Lorg/gradle/launcher/exec/BuildActionResult;+10
j  org.gradle.tooling.internal.provider.LoggingBridgingBuildActionExecuter.execute(Lorg/gradle/internal/invocation/BuildAction;Lorg/gradle/tooling/internal/provider/ConnectionOperationParameters;Lorg/gradle/internal/daemon/client/execution/ClientBuildRequestContext;)Lorg/gradle/launcher/exec/BuildActionResult;+77
j  org.gradle.tooling.internal.provider.LoggingBridgingBuildActionExecuter.execute(Lorg/gradle/internal/invocation/BuildAction;Ljava/lang/Object;Ljava/lang/Object;)Lorg/gradle/launcher/exec/BuildActionResult;+10
j  org.gradle.tooling.internal.provider.ProviderConnection.run(Lorg/gradle/internal/invocation/BuildAction;Lorg/gradle/initialization/BuildCancellationToken;Lorg/gradle/tooling/internal/provider/ProviderConnection$ProgressListenerConfiguration;Lorg/gradle/initialization/BuildEventConsumer;Lorg/gradle/tooling/internal/provider/connection/ProviderOperationParameters;Lorg/gradle/tooling/internal/provider/ProviderConnection$Parameters;)Ljava/lang/Object;+79
j  org.gradle.tooling.internal.provider.ProviderConnection.runPhasedAction(Lorg/gradle/tooling/internal/protocol/InternalPhasedAction;Lorg/gradle/tooling/internal/protocol/PhasedActionResultListener;Lorg/gradle/initialization/BuildCancellationToken;Lorg/gradle/tooling/internal/provider/connection/ProviderOperationParameters;)Ljava/lang/Object;+132
j  org.gradle.tooling.internal.provider.DefaultConnection.run(Lorg/gradle/tooling/internal/protocol/InternalPhasedAction;Lorg/gradle/tooling/internal/protocol/PhasedActionResultListener;Lorg/gradle/tooling/internal/protocol/InternalCancellationToken;Lorg/gradle/tooling/internal/protocol/BuildParameters;)Lorg/gradle/tooling/internal/protocol/BuildResult;+28
j  org.gradle.tooling.internal.consumer.connection.PhasedActionAwareConsumerConnection.run(Lorg/gradle/tooling/internal/consumer/PhasedBuildAction;Lorg/gradle/tooling/internal/consumer/parameters/ConsumerOperationParameters;)V+66
j  org.gradle.tooling.internal.consumer.connection.ParameterValidatingConsumerConnection.run(Lorg/gradle/tooling/internal/consumer/PhasedBuildAction;Lorg/gradle/tooling/internal/consumer/parameters/ConsumerOperationParameters;)V+11
j  org.gradle.tooling.internal.consumer.DefaultPhasedBuildActionExecuter$1.run(Lorg/gradle/tooling/internal/consumer/connection/ConsumerConnection;)Ljava/lang/Void;+12
j  org.gradle.tooling.internal.consumer.DefaultPhasedBuildActionExecuter$1.run(Lorg/gradle/tooling/internal/consumer/connection/ConsumerConnection;)Ljava/lang/Object;+2
j  org.gradle.tooling.internal.consumer.connection.LazyConsumerActionExecutor.run(Lorg/gradle/tooling/internal/consumer/connection/ConsumerAction;)Ljava/lang/Object;+34
j  org.gradle.tooling.internal.consumer.connection.CancellableConsumerActionExecutor.run(Lorg/gradle/tooling/internal/consumer/connection/ConsumerAction;)Ljava/lang/Object;+34
j  org.gradle.tooling.internal.consumer.connection.ProgressLoggingConsumerActionExecutor.run(Lorg/gradle/tooling/internal/consumer/connection/ConsumerAction;)Ljava/lang/Object;+78
j  org.gradle.tooling.internal.consumer.connection.RethrowingErrorsConsumerActionExecutor.run(Lorg/gradle/tooling/internal/consumer/connection/ConsumerAction;)Ljava/lang/Object;+5
j  org.gradle.tooling.internal.consumer.async.DefaultAsyncConsumerActionExecutor$1$1.run()V+17
j  org.gradle.internal.concurrent.ExecutorPolicy$CatchAndRecordFailures.onExecute(Ljava/lang/Runnable;)V+1
j  org.gradle.internal.concurrent.AbstractManagedExecutor$1.run()V+25
j  java.util.concurrent.ThreadPoolExecutor.runWorker(Ljava/util/concurrent/ThreadPoolExecutor$Worker;)V+92 java.base@21.0.7
j  java.util.concurrent.ThreadPoolExecutor$Worker.run()V+5 java.base@21.0.7
j  java.lang.Thread.runWith(Ljava/lang/Object;Ljava/lang/Runnable;)V+5 java.base@21.0.7
j  java.lang.Thread.run()V+19 java.base@21.0.7
v  ~StubRoutines::call_stub 0x00000235ac11100d

siginfo: EXCEPTION_ACCESS_VIOLATION (0xc0000005), reading address 0x0000000000001344


Registers:
RAX=0x0000000000000000, RBX=0x000002358393bbb8, RCX=0x0000000000001348, RDX=0x0000000000000002
RSP=0x00000065685fdf70, RBP=0x0000000000001344, RSI=0x00000235f84d5cd0, RDI=0x0000000000001344
R8 =0x7ffffffffffffffc, R9 =0x0000000000000001, R10=0x0000000000001348, R11=0x00000235a1acd610
R12=0x00000065685fe1b0, R13=0x0000000000001368, R14=0x00000235f84d5ca0, R15=0x0000000000001368
RIP=0x000000018000c274, EFLAGS=0x0000000000010246

XMM[0]=0x0000000000000000 0x0000000000000000
XMM[1]=0x0000000000000000 0x0000000000000000
XMM[2]=0x0000000000000000 0x0000000000000000
XMM[3]=0x0000000000000000 0x0000000000000000
XMM[4]=0x0000000000000000 0x0000000000000000
XMM[5]=0x0000000000000000 0x0000000000000000
XMM[6]=0xb7dfefcb4202ca8f 0xd0ed077ff4d5ce5e
XMM[7]=0x9856f1e1ee6bd20c 0x783a404733071e29
XMM[8]=0x0000000000000000 0x0a315aef3c06c9f3
XMM[9]=0x5ec86ad3ad657603 0x1c8aad32c3c61e23
XMM[10]=0xffffffffffffffff 0x0b0a090803020100
XMM[11]=0x68355d8a6cdd7e24 0x0000000000000000
XMM[12]=0x0b0a090803020100 0xffffffffffffffff
XMM[13]=0x0c0d0e0f08090a0b 0x0405060700010203
XMM[14]=0x6c9c4e786c9c4e78 0x6c9c4e785cd1fc34
XMM[15]=0x0000000000000000 0x00000000f035adbc
  MXCSR=0x00001fa0


Register to memory mapping:

RAX=0x0 is null
RBX=0x000002358393bbb8 points into unknown readable memory: 0x0000000000000000 | 00 00 00 00 00 00 00 00
RCX=0x0000000000001348 is an unknown value
RDX=0x0000000000000002 is an unknown value
RSP=0x00000065685fdf70 is pointing into the stack for thread: 0x0000023580e81990
RBP=0x0000000000001344 is an unknown value
RSI=0x00000235f84d5cd0 points into unknown readable memory: 0x00000235f84d5cd0 | d0 5c 4d f8 35 02 00 00
RDI=0x0000000000001344 is an unknown value
R8 =0x7ffffffffffffffc is an unknown value
R9 =0x0000000000000001 is an unknown value
R10=0x0000000000001348 is an unknown value
R11=0x00000235a1acd610 points into unknown readable memory: 0x00000000000007d0 | d0 07 00 00 00 00 00 00
R12=0x00000065685fe1b0 is pointing into the stack for thread: 0x0000023580e81990
R13=0x0000000000001368 is an unknown value
R14=0x00000235f84d5ca0 points into unknown readable memory: 0x0000000000001344 | 44 13 00 00 00 00 00 00
R15=0x0000000000001368 is an unknown value

Top of Stack: (sp=0x00000065685fdf70)
0x00000065685fdf70:   0000000000000000 0000000000000000
0x00000065685fdf80:   0000000000001344 000000018001f4c2
0x00000065685fdf90:   0000000180065ec8 0000000000002736
0x00000065685fdfa0:   000000000000000c 0000000000001348
0x00000065685fdfb0:   0000000000001344 000000018000c506
0x00000065685fdfc0:   000002358393bbb8 0000000000002736
0x00000065685fdfd0:   0000000000000000 0000023500000008
0x00000065685fdfe0:   000000650000001e 0000000000000000
0x00000065685fdff0:   0000000000001344 0000000000000000
0x00000065685fe000:   0000000000000001 0000000000000000
0x00000065685fe010:   0000000000001344 00007ff8c70077e6
0x00000065685fe020:   0000000000001348 0000000000001302
0x00000065685fe030:   00000235f84d5cd0 00000065685fe180
0x00000065685fe040:   0000000000000000 0000023500000000
0x00000065685fe050:   0000000000000003 0000023500000001
0x00000065685fe060:   0000000000000000 0000000000000000
0x00000065685fe070:   00007ff800000000 00007ff8edfe0139
0x00000065685fe080:   0000000000001348 0000000000000000
0x00000065685fe090:   0000000000000000 000031171c60d0f7
0x00000065685fe0a0:   000002358393bba0 00007ff8c70082af
0x00000065685fe0b0:   0000000000000028 00007ff846ab2cac
0x00000065685fe0c0:   000002358393bba8 00000235a1af38c0
0x00000065685fe0d0:   00000235f84d5ca0 00007ff8c7008359
0x00000065685fe0e0:   00000235f84d5cd0 00000065685fe1b0
0x00000065685fe0f0:   00000235f84d5cd0 00000235f84d5ca0
0x00000065685fe100:   0000023580e81990 00000065685fe1b0
0x00000065685fe110:   00000235fd5e8408 0000000000000000
0x00000065685fe120:   00000235f84d5ca0 00007ff8c7008787
0x00000065685fe130:   0000000000000000 00000065685fe1b0
0x00000065685fe140:   0000000000001368 0000023580e81990
0x00000065685fe150:   0000000000000001 00007ff8c7007a75
0x00000065685fe160:   0000000000001344 00000065685fe1b0 

Instructions: (pc=0x000000018000c274)
0x000000018000c174:   70 48 8b 6c 24 78 32 c0 48 83 c4 50 41 5c c3 cc
0x000000018000c184:   cc cc cc cc cc cc cc cc cc cc cc cc 48 85 c9 74
0x000000018000c194:   23 8b 05 ad ff 06 00 89 01 8b 05 a9 ff 06 00 89
0x000000018000c1a4:   41 04 8b 05 a4 ff 06 00 89 41 08 8b 05 9f ff 06
0x000000018000c1b4:   00 89 41 0c f3 c3 cc cc cc cc cc cc c6 01 01 c7
0x000000018000c1c4:   02 01 00 00 00 c3 cc cc cc cc cc cc 48 89 5c 24
0x000000018000c1d4:   08 57 48 83 ec 70 48 8b fa 8b d9 48 8d 15 82 73
0x000000018000c1e4:   05 00 48 8d 4c 24 20 45 33 c0 48 c7 44 24 40 0f
0x000000018000c1f4:   00 00 00 48 c7 44 24 38 00 00 00 00 c6 44 24 28
0x000000018000c204:   00 e8 d6 6b ff ff 4c 8d 4c 24 20 48 8d 4c 24 48
0x000000018000c214:   41 b0 01 8b d3 e8 52 06 02 00 48 83 78 20 10 72
0x000000018000c224:   06 48 8b 48 08 eb 05 48 8d 48 08 90 0f b6 01 48
0x000000018000c234:   ff c7 48 ff c1 88 47 ff 84 c0 75 f0 48 83 7c 24
0x000000018000c244:   68 10 72 0a 48 8b 4c 24 50 e8 52 94 03 00 48 8b
0x000000018000c254:   9c 24 80 00 00 00 48 83 c4 70 5f c3 48 83 ec 48
0x000000018000c264:   0f b6 c2 0f 57 c0 0f 11 44 24 ff 25 00 00 00 00
0x000000018000c274:   ae 7e ef ee f8 7f 00 00 8b 44 24 04 0f af 04 24
0x000000018000c284:   89 04 24 8b 44 24 04 0f af 04 24 83 c0 01 89 04
0x000000018000c294:   24 8b 44 24 04 0f af 04 24 83 c0 02 89 04 24 8b
0x000000018000c2a4:   44 24 04 0f af 04 24 83 c0 03 89 04 24 8b 44 24
0x000000018000c2b4:   04 0f af 04 24 83 c0 04 89 04 24 8b 44 24 04 0f
0x000000018000c2c4:   af 04 24 83 c0 05 89 04 24 8b 44 24 04 0f af 04
0x000000018000c2d4:   24 83 c0 06 89 04 24 8b 44 24 04 0f af 04 24 83
0x000000018000c2e4:   c0 07 89 04 24 8b 44 24 04 0f af 04 24 83 c0 08
0x000000018000c2f4:   89 04 24 8b 44 24 04 0f af 04 24 83 c0 09 89 04
0x000000018000c304:   24 8b 44 24 04 0f af 04 24 83 c0 0a 89 04 24 8b
0x000000018000c314:   44 24 04 0f af 04 24 83 c0 0b 89 04 24 8b 44 24
0x000000018000c324:   04 0f af 04 24 83 c0 0d 89 04 24 8b 44 24 04 0f
0x000000018000c334:   af 04 24 83 c0 0e 89 04 24 8b 44 24 04 0f af 04
0x000000018000c344:   24 83 c0 0f 89 04 24 8b 44 24 04 0f af 04 24 83
0x000000018000c354:   c0 10 89 04 24 8b 44 24 04 0f af 04 24 83 c0 11
0x000000018000c364:   89 04 24 8b 44 24 04 0f af 04 24 83 c0 12 89 04 


Stack slot to memory mapping:

stack at sp + 0 slots: 0x0 is null
stack at sp + 1 slots: 0x0 is null
stack at sp + 2 slots: 0x0000000000001344 is an unknown value
stack at sp + 3 slots: 0x000000018001f4c2 ASProxy64.dll
stack at sp + 4 slots: 0x0000000180065ec8 ASProxy64.dll
stack at sp + 5 slots: 0x0000000000002736 is an unknown value
stack at sp + 6 slots: 0x000000000000000c is an unknown value
stack at sp + 7 slots: 0x0000000000001348 is an unknown value


---------------  P R O C E S S  ---------------

Threads class SMR info:
_java_thread_list=0x0000023584ed9490, length=59, elements={
0x000002359f6e9360, 0x00000235b5ea9400, 0x00000235a1b8e2b0, 0x00000235b5eac550,
0x00000235b5eaefb0, 0x00000235b5eb2ed0, 0x00000235b5eb7000, 0x00000235b5eb67c0,
0x00000235f83d7260, 0x00000235f84d0410, 0x00000235f84d48a0, 0x00000235fe438610,
0x00000235fee809f0, 0x00000235ff0d90d0, 0x00000235fed08b40, 0x00000235ff403c70,
0x00000235ff0f3430, 0x00000235ff0f3ac0, 0x00000235ff0f4150, 0x00000235ff0f47e0,
0x00000235ff0f2710, 0x00000235ff0f4e70, 0x00000235ff0f2080, 0x00000235805c4420,
0x00000235805c4ab0, 0x00000235805c29e0, 0x00000235805c3070, 0x00000235805c2350,
0x00000235805c5140, 0x00000235805c3700, 0x00000235805c57d0, 0x00000235805c5e60,
0x00000235805c64f0, 0x00000235805c6b80, 0x00000235805c7210, 0x00000235805c3d90,
0x00000235805c7f30, 0x00000235805c9970, 0x00000235805c78a0, 0x00000235805c85c0,
0x00000235805c8c50, 0x00000235805c92e0, 0x0000023580e7aa00, 0x0000023580e7d160,
0x0000023580e7b720, 0x0000023580e7bdb0, 0x0000023580e7d7f0, 0x0000023580e7de80,
0x0000023580e7c440, 0x0000023580e7e510, 0x0000023580e7f230, 0x0000023580e7cad0,
0x0000023580e7f8c0, 0x0000023580e81300, 0x0000023580e81990, 0x0000023580e7ff50,
0x0000023580e80c70, 0x0000023581acc030, 0x0000023581acc6c0
}

Java Threads: ( => current thread )
  0x000002359f6e9360 JavaThread "main"                              [_thread_blocked, id=29388, stack(0x0000006562600000,0x0000006562700000) (1024K)]
  0x00000235b5ea9400 JavaThread "Reference Handler"          daemon [_thread_blocked, id=27240, stack(0x0000006562a00000,0x0000006562b00000) (1024K)]
  0x00000235a1b8e2b0 JavaThread "Finalizer"                  daemon [_thread_blocked, id=19564, stack(0x0000006562b00000,0x0000006562c00000) (1024K)]
  0x00000235b5eac550 JavaThread "Signal Dispatcher"          daemon [_thread_blocked, id=9988, stack(0x0000006562c00000,0x0000006562d00000) (1024K)]
  0x00000235b5eaefb0 JavaThread "Attach Listener"            daemon [_thread_blocked, id=24320, stack(0x0000006562d00000,0x0000006562e00000) (1024K)]
  0x00000235b5eb2ed0 JavaThread "Service Thread"             daemon [_thread_blocked, id=16988, stack(0x0000006562e00000,0x0000006562f00000) (1024K)]
  0x00000235b5eb7000 JavaThread "Monitor Deflation Thread"   daemon [_thread_blocked, id=32576, stack(0x0000006562f00000,0x0000006563000000) (1024K)]
  0x00000235b5eb67c0 JavaThread "C2 CompilerThread0"         daemon [_thread_blocked, id=34860, stack(0x0000006563000000,0x0000006563100000) (1024K)]
  0x00000235f83d7260 JavaThread "C1 CompilerThread0"         daemon [_thread_blocked, id=9860, stack(0x0000006563100000,0x0000006563200000) (1024K)]
  0x00000235f84d0410 JavaThread "Common-Cleaner"             daemon [_thread_blocked, id=29524, stack(0x0000006563200000,0x0000006563300000) (1024K)]
  0x00000235f84d48a0 JavaThread "C1 CompilerThread1"         daemon [_thread_blocked, id=10728, stack(0x0000006563300000,0x0000006563400000) (1024K)]
  0x00000235fe438610 JavaThread "Notification Thread"        daemon [_thread_blocked, id=10800, stack(0x0000006564800000,0x0000006564900000) (1024K)]
  0x00000235fee809f0 JavaThread "Active Thread: Equinox Container: b6cc7ca2-8a07-4c26-9f93-7347ba78e942"        [_thread_blocked, id=26816, stack(0x0000006565200000,0x0000006565300000) (1024K)]
  0x00000235ff0d90d0 JavaThread "Refresh Thread: Equinox Container: b6cc7ca2-8a07-4c26-9f93-7347ba78e942" daemon [_thread_blocked, id=6648, stack(0x0000006565400000,0x0000006565500000) (1024K)]
  0x00000235fed08b40 JavaThread "Framework Event Dispatcher: Equinox Container: b6cc7ca2-8a07-4c26-9f93-7347ba78e942" daemon [_thread_blocked, id=11504, stack(0x0000006565500000,0x0000006565600000) (1024K)]
  0x00000235ff403c70 JavaThread "Start Level: Equinox Container: b6cc7ca2-8a07-4c26-9f93-7347ba78e942" daemon [_thread_blocked, id=8220, stack(0x0000006565600000,0x0000006565700000) (1024K)]
  0x00000235ff0f3430 JavaThread "Bundle File Closer"         daemon [_thread_blocked, id=19872, stack(0x0000006565a00000,0x0000006565b00000) (1024K)]
  0x00000235ff0f3ac0 JavaThread "SCR Component Actor"        daemon [_thread_blocked, id=28952, stack(0x0000006565b00000,0x0000006565c00000) (1024K)]
  0x00000235ff0f4150 JavaThread "Worker-JM"                         [_thread_blocked, id=33292, stack(0x0000006565e00000,0x0000006565f00000) (1024K)]
  0x00000235ff0f47e0 JavaThread "Worker-0"                          [_thread_blocked, id=34188, stack(0x0000006566000000,0x0000006566100000) (1024K)]
  0x00000235ff0f2710 JavaThread "Worker-1"                          [_thread_blocked, id=26764, stack(0x0000006566100000,0x0000006566200000) (1024K)]
  0x00000235ff0f4e70 JavaThread "Java indexing"              daemon [_thread_blocked, id=8900, stack(0x0000006566200000,0x0000006566300000) (1024K)]
  0x00000235ff0f2080 JavaThread "JNA Cleaner"                daemon [_thread_blocked, id=12632, stack(0x0000006566300000,0x0000006566400000) (1024K)]
  0x00000235805c4420 JavaThread "Worker-2"                          [_thread_blocked, id=17504, stack(0x0000006566700000,0x0000006566800000) (1024K)]
  0x00000235805c4ab0 JavaThread "Worker-3"                          [_thread_blocked, id=7908, stack(0x0000006566800000,0x0000006566900000) (1024K)]
  0x00000235805c29e0 JavaThread "Thread-2"                   daemon [_thread_in_native, id=30440, stack(0x0000006566900000,0x0000006566a00000) (1024K)]
  0x00000235805c3070 JavaThread "Thread-3"                   daemon [_thread_in_native, id=14204, stack(0x0000006566a00000,0x0000006566b00000) (1024K)]
  0x00000235805c2350 JavaThread "Thread-4"                   daemon [_thread_in_native, id=27988, stack(0x0000006566b00000,0x0000006566c00000) (1024K)]
  0x00000235805c5140 JavaThread "Thread-5"                   daemon [_thread_in_native, id=30840, stack(0x0000006566c00000,0x0000006566d00000) (1024K)]
  0x00000235805c3700 JavaThread "Thread-6"                   daemon [_thread_in_native, id=31496, stack(0x0000006566d00000,0x0000006566e00000) (1024K)]
  0x00000235805c57d0 JavaThread "Thread-7"                   daemon [_thread_in_native, id=18900, stack(0x0000006566e00000,0x0000006566f00000) (1024K)]
  0x00000235805c5e60 JavaThread "Thread-8"                   daemon [_thread_in_native, id=1616, stack(0x0000006566f00000,0x0000006567000000) (1024K)]
  0x00000235805c64f0 JavaThread "Thread-9"                   daemon [_thread_in_native, id=20032, stack(0x0000006567000000,0x0000006567100000) (1024K)]
  0x00000235805c6b80 JavaThread "Thread-10"                  daemon [_thread_in_native, id=29756, stack(0x0000006567100000,0x0000006567200000) (1024K)]
  0x00000235805c7210 JavaThread "Thread-11"                  daemon [_thread_in_native, id=15512, stack(0x0000006567200000,0x0000006567300000) (1024K)]
  0x00000235805c3d90 JavaThread "Thread-12"                  daemon [_thread_in_native, id=35552, stack(0x0000006567300000,0x0000006567400000) (1024K)]
  0x00000235805c7f30 JavaThread "Thread-13"                  daemon [_thread_in_native, id=12452, stack(0x0000006567400000,0x0000006567500000) (1024K)]
  0x00000235805c9970 JavaThread "Thread-14"                  daemon [_thread_in_native, id=1780, stack(0x0000006567500000,0x0000006567600000) (1024K)]
  0x00000235805c78a0 JavaThread "Thread-15"                  daemon [_thread_in_native, id=24296, stack(0x0000006567600000,0x0000006567700000) (1024K)]
  0x00000235805c85c0 JavaThread "Thread-16"                  daemon [_thread_in_native, id=29252, stack(0x0000006567700000,0x0000006567800000) (1024K)]
  0x00000235805c8c50 JavaThread "Thread-17"                  daemon [_thread_in_native, id=23728, stack(0x0000006567800000,0x0000006567900000) (1024K)]
  0x00000235805c92e0 JavaThread "Thread-18"                  daemon [_thread_in_native, id=1872, stack(0x0000006567900000,0x0000006567a00000) (1024K)]
  0x0000023580e7aa00 JavaThread "pool-2-thread-1"                   [_thread_blocked, id=33580, stack(0x0000006567a00000,0x0000006567b00000) (1024K)]
  0x0000023580e7d160 JavaThread "WorkspaceEventsHandler"            [_thread_blocked, id=19752, stack(0x0000006567b00000,0x0000006567c00000) (1024K)]
  0x0000023580e7b720 JavaThread "pool-1-thread-1"                   [_thread_blocked, id=30472, stack(0x0000006567c00000,0x0000006567d00000) (1024K)]
  0x0000023580e7bdb0 JavaThread "Worker-4: Initialize Workspace"        [_thread_blocked, id=32720, stack(0x0000006568000000,0x0000006568100000) (1024K)]
  0x0000023580e7d7f0 JavaThread "Timer-0"                           [_thread_blocked, id=4004, stack(0x0000006568100000,0x0000006568200000) (1024K)]
  0x0000023580e7de80 JavaThread "Timer-1"                           [_thread_blocked, id=12188, stack(0x0000006567d00000,0x0000006567e00000) (1024K)]
  0x0000023580e7c440 JavaThread "Timer-2"                           [_thread_blocked, id=21844, stack(0x0000006565100000,0x0000006565200000) (1024K)]
  0x0000023580e7e510 JavaThread "LocalFile Deleter"          daemon [_thread_blocked, id=29380, stack(0x0000006567e00000,0x0000006567f00000) (1024K)]
  0x0000023580e7f230 JavaThread "LocalFile Deleter"          daemon [_thread_blocked, id=19128, stack(0x0000006567f00000,0x0000006568000000) (1024K)]
  0x0000023580e7cad0 JavaThread "LocalFile Deleter"          daemon [_thread_blocked, id=25372, stack(0x0000006568200000,0x0000006568300000) (1024K)]
  0x0000023580e7f8c0 JavaThread "Timer-3"                           [_thread_blocked, id=21076, stack(0x0000006568300000,0x0000006568400000) (1024K)]
  0x0000023580e81300 JavaThread "Timer-4"                           [_thread_blocked, id=31828, stack(0x0000006568400000,0x0000006568500000) (1024K)]
=>0x0000023580e81990 JavaThread "Connection worker"                 [_thread_in_native, id=15076, stack(0x0000006568500000,0x0000006568600000) (1024K)]
  0x0000023580e7ff50 JavaThread "pool-3-thread-1"                   [_thread_blocked, id=23292, stack(0x0000006563500000,0x0000006563600000) (1024K)]
  0x0000023580e80c70 JavaThread "Exec process"                      [_thread_blocked, id=24452, stack(0x0000006568600000,0x0000006568700000) (1024K)]
  0x0000023581acc030 JavaThread "Exec process Thread 2"             [_thread_blocked, id=25004, stack(0x0000006568700000,0x0000006568800000) (1024K)]
  0x0000023581acc6c0 JavaThread "Exec process Thread 3"             [_thread_blocked, id=32928, stack(0x0000006568800000,0x0000006568900000) (1024K)]
Total: 59

Other Threads:
  0x00000235b5ea4970 VMThread "VM Thread"                           [id=7988, stack(0x0000006562900000,0x0000006562a00000) (1024K)]
  0x00000235b5d9ba00 WatcherThread "VM Periodic Task Thread"        [id=24412, stack(0x0000006562800000,0x0000006562900000) (1024K)]
  0x00000235a1aef2a0 WorkerThread "GC Thread#0"                     [id=19764, stack(0x0000006562700000,0x0000006562800000) (1024K)]
  0x00000235fe924eb0 WorkerThread "GC Thread#1"                     [id=28316, stack(0x0000006564a00000,0x0000006564b00000) (1024K)]
  0x00000235fe925a60 WorkerThread "GC Thread#2"                     [id=3524, stack(0x0000006564b00000,0x0000006564c00000) (1024K)]
  0x00000235fe925e00 WorkerThread "GC Thread#3"                     [id=22692, stack(0x0000006564c00000,0x0000006564d00000) (1024K)]
  0x00000235febe5f20 WorkerThread "GC Thread#4"                     [id=25556, stack(0x0000006564d00000,0x0000006564e00000) (1024K)]
  0x00000235fe9b4240 WorkerThread "GC Thread#5"                     [id=13196, stack(0x0000006564e00000,0x0000006564f00000) (1024K)]
  0x00000235feb7ceb0 WorkerThread "GC Thread#6"                     [id=6728, stack(0x0000006564f00000,0x0000006565000000) (1024K)]
  0x00000235feb7d250 WorkerThread "GC Thread#7"                     [id=16972, stack(0x0000006565300000,0x0000006565400000) (1024K)]
  0x00000235feb7bc90 WorkerThread "GC Thread#8"                     [id=32020, stack(0x0000006565700000,0x0000006565800000) (1024K)]
  0x00000235feb7cb10 WorkerThread "GC Thread#9"                     [id=21468, stack(0x0000006565800000,0x0000006565900000) (1024K)]
  0x00000235feb7c770 WorkerThread "GC Thread#10"                    [id=18396, stack(0x0000006565900000,0x0000006565a00000) (1024K)]
  0x00000235feb7c3d0 WorkerThread "GC Thread#11"                    [id=13732, stack(0x0000006565d00000,0x0000006565e00000) (1024K)]
  0x00000235ff3d6720 WorkerThread "GC Thread#12"                    [id=28380, stack(0x0000006565f00000,0x0000006566000000) (1024K)]
Total: 15

Threads with active compile tasks:
Total: 0

VM state: not at safepoint (normal execution)

VM Mutex/Monitor currently owned by a thread: None

Heap address: 0x00000000c0000000, size: 1024 MB, Compressed Oops mode: 32-bit

CDS archive(s) mapped at: [0x00000235b6000000-0x00000235b6ba0000-0x00000235b6ba0000), size 12189696, SharedBaseAddress: 0x00000235b6000000, ArchiveRelocationMode: 1.
Compressed class space mapped at: 0x00000235b7000000-0x00000235f7000000, reserved size: 1073741824
Narrow klass base: 0x00000235b6000000, Narrow klass shift: 0, Narrow klass range: 0x100000000

GC Precious Log:
 CardTable entry size: 512
 CPUs: 16 total, 16 available
 Memory: 16096M
 Large Page Support: Disabled
 NUMA Support: Disabled
 Compressed Oops: Enabled (32-bit)
 Alignments: Space 512K, Generation 512K, Heap 2M
 Heap Min Capacity: 100M
 Heap Initial Capacity: 100M
 Heap Max Capacity: 1G
 Pre-touch: Disabled
 Parallel Workers: 13

Heap:
 PSYoungGen      total 15872K, used 12143K [0x00000000eab00000, 0x00000000ebc80000, 0x0000000100000000)
  eden space 14848K, 77% used [0x00000000eab00000,0x00000000eb63bf60,0x00000000eb980000)
  from space 1024K, 62% used [0x00000000eba80000,0x00000000ebb20010,0x00000000ebb80000)
  to   space 1024K, 0% used [0x00000000ebb80000,0x00000000ebb80000,0x00000000ebc80000)
 ParOldGen       total 68608K, used 41205K [0x00000000c0000000, 0x00000000c4300000, 0x00000000eab00000)
  object space 68608K, 60% used [0x00000000c0000000,0x00000000c283d500,0x00000000c4300000)
 Metaspace       used 62416K, committed 63872K, reserved 1114112K
  class space    used 7721K, committed 8384K, reserved 1048576K

Card table byte_map: [0x00000235a1470000,0x00000235a1680000] _byte_map_base: 0x00000235a0e70000

Marking Bits: (ParMarkBitMap*) 0x00007ff8470f31f0
 Begin Bits: [0x00000235b3cc0000, 0x00000235b4cc0000)
 End Bits:   [0x00000235b4cc0000, 0x00000235b5cc0000)

Polling page: 0x000002359f870000

Metaspace:

Usage:
  Non-class:     53.41 MB used.
      Class:      7.54 MB used.
       Both:     60.95 MB used.

Virtual space:
  Non-class space:       64.00 MB reserved,      54.19 MB ( 85%) committed,  1 nodes.
      Class space:        1.00 GB reserved,       8.19 MB ( <1%) committed,  1 nodes.
             Both:        1.06 GB reserved,      62.38 MB (  6%) committed. 

Chunk freelists:
   Non-Class:  8.91 MB
       Class:  7.86 MB
        Both:  16.77 MB

MaxMetaspaceSize: unlimited
CompressedClassSpaceSize: 1.00 GB
Initial GC threshold: 21.00 MB
Current GC threshold: 97.31 MB
CDS: on
 - commit_granule_bytes: 65536.
 - commit_granule_words: 8192.
 - virtual_space_node_default_size: 8388608.
 - enlarge_chunks_in_place: 1.
 - use_allocation_guard: 0.


Internal statistics:

num_allocs_failed_limit: 9.
num_arena_births: 1132.
num_arena_deaths: 14.
num_vsnodes_births: 2.
num_vsnodes_deaths: 0.
num_space_committed: 998.
num_space_uncommitted: 0.
num_chunks_returned_to_freelist: 23.
num_chunks_taken_from_freelist: 3761.
num_chunk_merges: 12.
num_chunk_splits: 2487.
num_chunks_enlarged: 1640.
num_inconsistent_stats: 0.

CodeHeap 'non-profiled nmethods': size=119168Kb used=4854Kb max_used=4854Kb free=114313Kb
 bounds [0x00000235ac860000, 0x00000235acd20000, 0x00000235b3cc0000]
CodeHeap 'profiled nmethods': size=119104Kb used=14327Kb max_used=14606Kb free=104776Kb
 bounds [0x00000235a4cc0000, 0x00000235a5b10000, 0x00000235ac110000]
CodeHeap 'non-nmethods': size=7488Kb used=1952Kb max_used=3161Kb free=5535Kb
 bounds [0x00000235ac110000, 0x00000235ac430000, 0x00000235ac860000]
 total_blobs=7713 nmethods=7025 adapters=593
 compilation: enabled
              stopped_count=0, restarted_count=0
 full_count=0

Compilation events (20 events):
Event: 7.788 Thread 0x00000235f83d7260 nmethod 7838 0x00000235a5220990 code [0x00000235a5220bc0, 0x00000235a5221400]
Event: 7.788 Thread 0x00000235f83d7260 7840       3       java.security.Provider::check (18 bytes)
Event: 7.789 Thread 0x00000235f83d7260 nmethod 7840 0x00000235a5696010 code [0x00000235a56961e0, 0x00000235a5696540]
Event: 7.789 Thread 0x00000235f83d7260 7841       3       java.security.Provider::implRemoveService (149 bytes)
Event: 7.790 Thread 0x00000235f84d48a0 nmethod 7842 0x00000235a5691390 code [0x00000235a5691880, 0x00000235a5693bb0]
Event: 7.790 Thread 0x00000235f83d7260 nmethod 7841 0x00000235a5690090 code [0x00000235a5690340, 0x00000235a5690fc0]
Event: 7.790 Thread 0x00000235f84d48a0 7843       3       java.security.Provider::checkAndUpdateSecureRandom (88 bytes)
Event: 7.790 Thread 0x00000235f84d48a0 nmethod 7843 0x00000235a568f890 code [0x00000235a568fa60, 0x00000235a568fe00]
Event: 7.796 Thread 0x00000235f84d48a0 7844       3       java.util.HashMap::computeIfAbsent (330 bytes)
Event: 7.796 Thread 0x00000235f83d7260 7845       3       sun.security.util.SecurityProviderConstants::getAliases (63 bytes)
Event: 7.796 Thread 0x00000235f83d7260 nmethod 7845 0x00000235a5695210 code [0x00000235a5695480, 0x00000235a5695d20]
Event: 7.796 Thread 0x00000235f84d48a0 nmethod 7844 0x00000235a5482090 code [0x00000235a54823c0, 0x00000235a5483938]
Event: 7.799 Thread 0x00000235f84d48a0 7846       1       java.nio.DirectByteBuffer::attachment (5 bytes)
Event: 7.799 Thread 0x00000235f84d48a0 nmethod 7846 0x00000235acd15a90 code [0x00000235acd15c20, 0x00000235acd15ce8]
Event: 7.803 Thread 0x00000235f84d48a0 7847       3       java.security.MessageDigest::update (11 bytes)
Event: 7.803 Thread 0x00000235f83d7260 7848       3       java.security.MessageDigest$Delegate::engineUpdate (9 bytes)
Event: 7.803 Thread 0x00000235f83d7260 nmethod 7848 0x00000235a5694d90 code [0x00000235a5694f40, 0x00000235a5695118]
Event: 7.803 Thread 0x00000235f84d48a0 nmethod 7847 0x00000235a5481b10 code [0x00000235a5481cc0, 0x00000235a5481f80]
Event: 7.803 Thread 0x00000235f83d7260 7849       3       sun.security.provider.DigestBase::engineUpdate (32 bytes)
Event: 7.803 Thread 0x00000235f83d7260 nmethod 7849 0x00000235a5481610 code [0x00000235a54817c0, 0x00000235a5481a28]

GC Heap History (20 events):
Event: 5.698 GC heap before
{Heap before GC invocations=41 (full 3):
 PSYoungGen      total 15872K, used 15854K [0x00000000eab00000, 0x00000000ebf80000, 0x0000000100000000)
  eden space 14848K, 100% used [0x00000000eab00000,0x00000000eb980000,0x00000000eb980000)
  from space 1024K, 98% used [0x00000000ebd80000,0x00000000ebe7ba70,0x00000000ebe80000)
  to   space 1024K, 0% used [0x00000000ebe80000,0x00000000ebe80000,0x00000000ebf80000)
 ParOldGen       total 68608K, used 38741K [0x00000000c0000000, 0x00000000c4300000, 0x00000000eab00000)
  object space 68608K, 56% used [0x00000000c0000000,0x00000000c25d5518,0x00000000c4300000)
 Metaspace       used 58830K, committed 60096K, reserved 1114112K
  class space    used 7201K, committed 7744K, reserved 1048576K
}
Event: 5.698 GC heap after
{Heap after GC invocations=41 (full 3):
 PSYoungGen      total 15360K, used 384K [0x00000000eab00000, 0x00000000ebf00000, 0x0000000100000000)
  eden space 14848K, 0% used [0x00000000eab00000,0x00000000eab00000,0x00000000eb980000)
  from space 512K, 75% used [0x00000000ebe80000,0x00000000ebee0000,0x00000000ebf00000)
  to   space 1024K, 0% used [0x00000000ebd00000,0x00000000ebd00000,0x00000000ebe00000)
 ParOldGen       total 68608K, used 38805K [0x00000000c0000000, 0x00000000c4300000, 0x00000000eab00000)
  object space 68608K, 56% used [0x00000000c0000000,0x00000000c25e5518,0x00000000c4300000)
 Metaspace       used 58830K, committed 60096K, reserved 1114112K
  class space    used 7201K, committed 7744K, reserved 1048576K
}
Event: 5.749 GC heap before
{Heap before GC invocations=42 (full 3):
 PSYoungGen      total 15360K, used 15232K [0x00000000eab00000, 0x00000000ebf00000, 0x0000000100000000)
  eden space 14848K, 100% used [0x00000000eab00000,0x00000000eb980000,0x00000000eb980000)
  from space 512K, 75% used [0x00000000ebe80000,0x00000000ebee0000,0x00000000ebf00000)
  to   space 1024K, 0% used [0x00000000ebd00000,0x00000000ebd00000,0x00000000ebe00000)
 ParOldGen       total 68608K, used 38805K [0x00000000c0000000, 0x00000000c4300000, 0x00000000eab00000)
  object space 68608K, 56% used [0x00000000c0000000,0x00000000c25e5518,0x00000000c4300000)
 Metaspace       used 58831K, committed 60096K, reserved 1114112K
  class space    used 7201K, committed 7744K, reserved 1048576K
}
Event: 5.749 GC heap after
{Heap after GC invocations=42 (full 3):
 PSYoungGen      total 15872K, used 736K [0x00000000eab00000, 0x00000000ebf00000, 0x0000000100000000)
  eden space 14848K, 0% used [0x00000000eab00000,0x00000000eab00000,0x00000000eb980000)
  from space 1024K, 71% used [0x00000000ebd00000,0x00000000ebdb80d0,0x00000000ebe00000)
  to   space 1024K, 0% used [0x00000000ebe00000,0x00000000ebe00000,0x00000000ebf00000)
 ParOldGen       total 68608K, used 39072K [0x00000000c0000000, 0x00000000c4300000, 0x00000000eab00000)
  object space 68608K, 56% used [0x00000000c0000000,0x00000000c26281c8,0x00000000c4300000)
 Metaspace       used 58831K, committed 60096K, reserved 1114112K
  class space    used 7201K, committed 7744K, reserved 1048576K
}
Event: 5.804 GC heap before
{Heap before GC invocations=43 (full 3):
 PSYoungGen      total 15872K, used 15584K [0x00000000eab00000, 0x00000000ebf00000, 0x0000000100000000)
  eden space 14848K, 100% used [0x00000000eab00000,0x00000000eb980000,0x00000000eb980000)
  from space 1024K, 71% used [0x00000000ebd00000,0x00000000ebdb80d0,0x00000000ebe00000)
  to   space 1024K, 0% used [0x00000000ebe00000,0x00000000ebe00000,0x00000000ebf00000)
 ParOldGen       total 68608K, used 39072K [0x00000000c0000000, 0x00000000c4300000, 0x00000000eab00000)
  object space 68608K, 56% used [0x00000000c0000000,0x00000000c26281c8,0x00000000c4300000)
 Metaspace       used 58831K, committed 60096K, reserved 1114112K
  class space    used 7201K, committed 7744K, reserved 1048576K
}
Event: 5.804 GC heap after
{Heap after GC invocations=43 (full 3):
 PSYoungGen      total 15872K, used 1017K [0x00000000eab00000, 0x00000000ebf00000, 0x0000000100000000)
  eden space 14848K, 0% used [0x00000000eab00000,0x00000000eab00000,0x00000000eb980000)
  from space 1024K, 99% used [0x00000000ebe00000,0x00000000ebefe4b8,0x00000000ebf00000)
  to   space 1536K, 0% used [0x00000000ebc00000,0x00000000ebc00000,0x00000000ebd80000)
 ParOldGen       total 68608K, used 39291K [0x00000000c0000000, 0x00000000c4300000, 0x00000000eab00000)
  object space 68608K, 57% used [0x00000000c0000000,0x00000000c265ee70,0x00000000c4300000)
 Metaspace       used 58831K, committed 60096K, reserved 1114112K
  class space    used 7201K, committed 7744K, reserved 1048576K
}
Event: 5.857 GC heap before
{Heap before GC invocations=44 (full 3):
 PSYoungGen      total 15872K, used 15865K [0x00000000eab00000, 0x00000000ebf00000, 0x0000000100000000)
  eden space 14848K, 100% used [0x00000000eab00000,0x00000000eb980000,0x00000000eb980000)
  from space 1024K, 99% used [0x00000000ebe00000,0x00000000ebefe4b8,0x00000000ebf00000)
  to   space 1536K, 0% used [0x00000000ebc00000,0x00000000ebc00000,0x00000000ebd80000)
 ParOldGen       total 68608K, used 39291K [0x00000000c0000000, 0x00000000c4300000, 0x00000000eab00000)
  object space 68608K, 57% used [0x00000000c0000000,0x00000000c265ee70,0x00000000c4300000)
 Metaspace       used 58831K, committed 60096K, reserved 1114112K
  class space    used 7201K, committed 7744K, reserved 1048576K
}
Event: 5.858 GC heap after
{Heap after GC invocations=44 (full 3):
 PSYoungGen      total 16384K, used 525K [0x00000000eab00000, 0x00000000ebe80000, 0x0000000100000000)
  eden space 14848K, 0% used [0x00000000eab00000,0x00000000eab00000,0x00000000eb980000)
  from space 1536K, 34% used [0x00000000ebc00000,0x00000000ebc83420,0x00000000ebd80000)
  to   space 1024K, 0% used [0x00000000ebd80000,0x00000000ebd80000,0x00000000ebe80000)
 ParOldGen       total 68608K, used 39371K [0x00000000c0000000, 0x00000000c4300000, 0x00000000eab00000)
  object space 68608K, 57% used [0x00000000c0000000,0x00000000c2672e70,0x00000000c4300000)
 Metaspace       used 58831K, committed 60096K, reserved 1114112K
  class space    used 7201K, committed 7744K, reserved 1048576K
}
Event: 5.907 GC heap before
{Heap before GC invocations=45 (full 3):
 PSYoungGen      total 16384K, used 15373K [0x00000000eab00000, 0x00000000ebe80000, 0x0000000100000000)
  eden space 14848K, 100% used [0x00000000eab00000,0x00000000eb980000,0x00000000eb980000)
  from space 1536K, 34% used [0x00000000ebc00000,0x00000000ebc83420,0x00000000ebd80000)
  to   space 1024K, 0% used [0x00000000ebd80000,0x00000000ebd80000,0x00000000ebe80000)
 ParOldGen       total 68608K, used 39371K [0x00000000c0000000, 0x00000000c4300000, 0x00000000eab00000)
  object space 68608K, 57% used [0x00000000c0000000,0x00000000c2672e70,0x00000000c4300000)
 Metaspace       used 58832K, committed 60096K, reserved 1114112K
  class space    used 7201K, committed 7744K, reserved 1048576K
}
Event: 5.907 GC heap after
{Heap after GC invocations=45 (full 3):
 PSYoungGen      total 15872K, used 1022K [0x00000000eab00000, 0x00000000ebe80000, 0x0000000100000000)
  eden space 14848K, 0% used [0x00000000eab00000,0x00000000eab00000,0x00000000eb980000)
  from space 1024K, 99% used [0x00000000ebd80000,0x00000000ebe7fa38,0x00000000ebe80000)
  to   space 1536K, 0% used [0x00000000ebb80000,0x00000000ebb80000,0x00000000ebd00000)
 ParOldGen       total 68608K, used 39570K [0x00000000c0000000, 0x00000000c4300000, 0x00000000eab00000)
  object space 68608K, 57% used [0x00000000c0000000,0x00000000c26a48e0,0x00000000c4300000)
 Metaspace       used 58832K, committed 60096K, reserved 1114112K
  class space    used 7201K, committed 7744K, reserved 1048576K
}
Event: 5.974 GC heap before
{Heap before GC invocations=46 (full 3):
 PSYoungGen      total 15872K, used 15870K [0x00000000eab00000, 0x00000000ebe80000, 0x0000000100000000)
  eden space 14848K, 100% used [0x00000000eab00000,0x00000000eb980000,0x00000000eb980000)
  from space 1024K, 99% used [0x00000000ebd80000,0x00000000ebe7fa38,0x00000000ebe80000)
  to   space 1536K, 0% used [0x00000000ebb80000,0x00000000ebb80000,0x00000000ebd00000)
 ParOldGen       total 68608K, used 39570K [0x00000000c0000000, 0x00000000c4300000, 0x00000000eab00000)
  object space 68608K, 57% used [0x00000000c0000000,0x00000000c26a48e0,0x00000000c4300000)
 Metaspace       used 58832K, committed 60096K, reserved 1114112K
  class space    used 7201K, committed 7744K, reserved 1048576K
}
Event: 5.975 GC heap after
{Heap after GC invocations=46 (full 3):
 PSYoungGen      total 15872K, used 1016K [0x00000000eab00000, 0x00000000ebe00000, 0x0000000100000000)
  eden space 14848K, 0% used [0x00000000eab00000,0x00000000eab00000,0x00000000eb980000)
  from space 1024K, 99% used [0x00000000ebb80000,0x00000000ebc7e0e0,0x00000000ebc80000)
  to   space 1536K, 0% used [0x00000000ebc80000,0x00000000ebc80000,0x00000000ebe00000)
 ParOldGen       total 68608K, used 39658K [0x00000000c0000000, 0x00000000c4300000, 0x00000000eab00000)
  object space 68608K, 57% used [0x00000000c0000000,0x00000000c26ba8e0,0x00000000c4300000)
 Metaspace       used 58832K, committed 60096K, reserved 1114112K
  class space    used 7201K, committed 7744K, reserved 1048576K
}
Event: 6.035 GC heap before
{Heap before GC invocations=47 (full 3):
 PSYoungGen      total 15872K, used 15864K [0x00000000eab00000, 0x00000000ebe00000, 0x0000000100000000)
  eden space 14848K, 100% used [0x00000000eab00000,0x00000000eb980000,0x00000000eb980000)
  from space 1024K, 99% used [0x00000000ebb80000,0x00000000ebc7e0e0,0x00000000ebc80000)
  to   space 1536K, 0% used [0x00000000ebc80000,0x00000000ebc80000,0x00000000ebe00000)
 ParOldGen       total 68608K, used 39658K [0x00000000c0000000, 0x00000000c4300000, 0x00000000eab00000)
  object space 68608K, 57% used [0x00000000c0000000,0x00000000c26ba8e0,0x00000000c4300000)
 Metaspace       used 58832K, committed 60096K, reserved 1114112K
  class space    used 7201K, committed 7744K, reserved 1048576K
}
Event: 6.036 GC heap after
{Heap after GC invocations=47 (full 3):
 PSYoungGen      total 15360K, used 341K [0x00000000eab00000, 0x00000000ebd00000, 0x0000000100000000)
  eden space 14848K, 0% used [0x00000000eab00000,0x00000000eab00000,0x00000000eb980000)
  from space 512K, 66% used [0x00000000ebc80000,0x00000000ebcd54b8,0x00000000ebd00000)
  to   space 1024K, 0% used [0x00000000ebb00000,0x00000000ebb00000,0x00000000ebc00000)
 ParOldGen       total 68608K, used 39738K [0x00000000c0000000, 0x00000000c4300000, 0x00000000eab00000)
  object space 68608K, 57% used [0x00000000c0000000,0x00000000c26ce8f0,0x00000000c4300000)
 Metaspace       used 58832K, committed 60096K, reserved 1114112K
  class space    used 7201K, committed 7744K, reserved 1048576K
}
Event: 6.084 GC heap before
{Heap before GC invocations=48 (full 3):
 PSYoungGen      total 15360K, used 15189K [0x00000000eab00000, 0x00000000ebd00000, 0x0000000100000000)
  eden space 14848K, 100% used [0x00000000eab00000,0x00000000eb980000,0x00000000eb980000)
  from space 512K, 66% used [0x00000000ebc80000,0x00000000ebcd54b8,0x00000000ebd00000)
  to   space 1024K, 0% used [0x00000000ebb00000,0x00000000ebb00000,0x00000000ebc00000)
 ParOldGen       total 68608K, used 39738K [0x00000000c0000000, 0x00000000c4300000, 0x00000000eab00000)
  object space 68608K, 57% used [0x00000000c0000000,0x00000000c26ce8f0,0x00000000c4300000)
 Metaspace       used 58832K, committed 60096K, reserved 1114112K
  class space    used 7201K, committed 7744K, reserved 1048576K
}
Event: 6.085 GC heap after
{Heap after GC invocations=48 (full 3):
 PSYoungGen      total 15872K, used 1017K [0x00000000eab00000, 0x00000000ebd00000, 0x0000000100000000)
  eden space 14848K, 0% used [0x00000000eab00000,0x00000000eab00000,0x00000000eb980000)
  from space 1024K, 99% used [0x00000000ebb00000,0x00000000ebbfe658,0x00000000ebc00000)
  to   space 1024K, 0% used [0x00000000ebc00000,0x00000000ebc00000,0x00000000ebd00000)
 ParOldGen       total 68608K, used 39992K [0x00000000c0000000, 0x00000000c4300000, 0x00000000eab00000)
  object space 68608K, 58% used [0x00000000c0000000,0x00000000c270e2d0,0x00000000c4300000)
 Metaspace       used 58832K, committed 60096K, reserved 1114112K
  class space    used 7201K, committed 7744K, reserved 1048576K
}
Event: 6.179 GC heap before
{Heap before GC invocations=49 (full 3):
 PSYoungGen      total 15872K, used 15865K [0x00000000eab00000, 0x00000000ebd00000, 0x0000000100000000)
  eden space 14848K, 100% used [0x00000000eab00000,0x00000000eb980000,0x00000000eb980000)
  from space 1024K, 99% used [0x00000000ebb00000,0x00000000ebbfe658,0x00000000ebc00000)
  to   space 1024K, 0% used [0x00000000ebc00000,0x00000000ebc00000,0x00000000ebd00000)
 ParOldGen       total 68608K, used 39992K [0x00000000c0000000, 0x00000000c4300000, 0x00000000eab00000)
  object space 68608K, 58% used [0x00000000c0000000,0x00000000c270e2d0,0x00000000c4300000)
 Metaspace       used 59820K, committed 61120K, reserved 1114112K
  class space    used 7338K, committed 7872K, reserved 1048576K
}
Event: 6.180 GC heap after
{Heap after GC invocations=49 (full 3):
 PSYoungGen      total 15360K, used 448K [0x00000000eab00000, 0x00000000ebc80000, 0x0000000100000000)
  eden space 14848K, 0% used [0x00000000eab00000,0x00000000eab00000,0x00000000eb980000)
  from space 512K, 87% used [0x00000000ebc00000,0x00000000ebc70000,0x00000000ebc80000)
  to   space 1024K, 0% used [0x00000000eba80000,0x00000000eba80000,0x00000000ebb80000)
 ParOldGen       total 68608K, used 40088K [0x00000000c0000000, 0x00000000c4300000, 0x00000000eab00000)
  object space 68608K, 58% used [0x00000000c0000000,0x00000000c27262d0,0x00000000c4300000)
 Metaspace       used 59820K, committed 61120K, reserved 1114112K
  class space    used 7338K, committed 7872K, reserved 1048576K
}
Event: 6.296 GC heap before
{Heap before GC invocations=50 (full 3):
 PSYoungGen      total 15360K, used 15296K [0x00000000eab00000, 0x00000000ebc80000, 0x0000000100000000)
  eden space 14848K, 100% used [0x00000000eab00000,0x00000000eb980000,0x00000000eb980000)
  from space 512K, 87% used [0x00000000ebc00000,0x00000000ebc70000,0x00000000ebc80000)
  to   space 1024K, 0% used [0x00000000eba80000,0x00000000eba80000,0x00000000ebb80000)
 ParOldGen       total 68608K, used 40088K [0x00000000c0000000, 0x00000000c4300000, 0x00000000eab00000)
  object space 68608K, 58% used [0x00000000c0000000,0x00000000c27262d0,0x00000000c4300000)
 Metaspace       used 61232K, committed 62592K, reserved 1114112K
  class space    used 7571K, committed 8192K, reserved 1048576K
}
Event: 6.297 GC heap after
{Heap after GC invocations=50 (full 3):
 PSYoungGen      total 15872K, used 640K [0x00000000eab00000, 0x00000000ebc80000, 0x0000000100000000)
  eden space 14848K, 0% used [0x00000000eab00000,0x00000000eab00000,0x00000000eb980000)
  from space 1024K, 62% used [0x00000000eba80000,0x00000000ebb20010,0x00000000ebb80000)
  to   space 1024K, 0% used [0x00000000ebb80000,0x00000000ebb80000,0x00000000ebc80000)
 ParOldGen       total 68608K, used 41205K [0x00000000c0000000, 0x00000000c4300000, 0x00000000eab00000)
  object space 68608K, 60% used [0x00000000c0000000,0x00000000c283d500,0x00000000c4300000)
 Metaspace       used 61232K, committed 62592K, reserved 1114112K
  class space    used 7571K, committed 8192K, reserved 1048576K
}

Dll operation events (15 events):
Event: 0.006 Loaded shared library c:\Users\admin\.cursor\extensions\redhat.java-1.42.0-win32-x64\jre\21.0.7-win32-x86_64\bin\java.dll
Event: 0.054 Loaded shared library c:\Users\admin\.cursor\extensions\redhat.java-1.42.0-win32-x64\jre\21.0.7-win32-x86_64\bin\zip.dll
Event: 0.075 Loaded shared library C:\Users\admin\.cursor\extensions\redhat.java-1.42.0-win32-x64\jre\21.0.7-win32-x86_64\bin\instrument.dll
Event: 0.086 Loaded shared library C:\Users\admin\.cursor\extensions\redhat.java-1.42.0-win32-x64\jre\21.0.7-win32-x86_64\bin\net.dll
Event: 0.095 Loaded shared library C:\Users\admin\.cursor\extensions\redhat.java-1.42.0-win32-x64\jre\21.0.7-win32-x86_64\bin\nio.dll
Event: 0.097 Loaded shared library C:\Users\admin\.cursor\extensions\redhat.java-1.42.0-win32-x64\jre\21.0.7-win32-x86_64\bin\zip.dll
Event: 0.115 Loaded shared library C:\Users\admin\.cursor\extensions\redhat.java-1.42.0-win32-x64\jre\21.0.7-win32-x86_64\bin\jimage.dll
Event: 0.163 Loaded shared library c:\Users\admin\.cursor\extensions\redhat.java-1.42.0-win32-x64\jre\21.0.7-win32-x86_64\bin\verify.dll
Event: 0.779 Loaded shared library C:\Users\admin\AppData\Roaming\Cursor\User\globalStorage\redhat.java\1.42.0\config_win\org.eclipse.equinox.launcher\org.eclipse.equinox.launcher.win32.win32.x86_64_1.2.1300.v20250331-1702\eclipse_11911.dll
Event: 2.023 Loaded shared library C:\Users\admin\.cursor\extensions\redhat.java-1.42.0-win32-x64\jre\21.0.7-win32-x86_64\bin\management.dll
Event: 2.024 Loaded shared library C:\Users\admin\.cursor\extensions\redhat.java-1.42.0-win32-x64\jre\21.0.7-win32-x86_64\bin\management_ext.dll
Event: 2.501 Loaded shared library C:\Users\admin\AppData\Local\Temp\jna-92668751\jna16550882017384523171.dll
Event: 4.208 Loaded shared library C:\Users\admin\.gradle\native\1def1411415f61bf3af743bc5b6707747c0891f09f0c88961ee8f79bc544acac\windows-amd64\native-platform.dll
Event: 6.152 Loaded shared library C:\Users\admin\.cursor\extensions\redhat.java-1.42.0-win32-x64\jre\21.0.7-win32-x86_64\bin\extnet.dll
Event: 7.799 Loaded shared library C:\Users\admin\.cursor\extensions\redhat.java-1.42.0-win32-x64\jre\21.0.7-win32-x86_64\bin\sunmscapi.dll

Deoptimization events (20 events):
Event: 7.795 Thread 0x0000023580e81990 Uncommon trap: trap_request=0xffffff45 fr.pc=0x00000235ac918178 relative=0x00000000000008b8
Event: 7.795 Thread 0x0000023580e81990 Uncommon trap: reason=unstable_if action=reinterpret pc=0x00000235ac918178 method=java.util.HashMap.computeIfAbsent(Ljava/lang/Object;Ljava/util/function/Function;)Ljava/lang/Object; @ 294 c2
Event: 7.795 Thread 0x0000023580e81990 DEOPT PACKING pc=0x00000235ac918178 sp=0x00000065685fc190
Event: 7.795 Thread 0x0000023580e81990 DEOPT UNPACKING pc=0x00000235ac163aa2 sp=0x00000065685fc138 mode 2
Event: 7.804 Thread 0x0000023580e81990 Uncommon trap: trap_request=0xffffff45 fr.pc=0x00000235acbbea44 relative=0x0000000000000b84
Event: 7.804 Thread 0x0000023580e81990 Uncommon trap: reason=unstable_if action=reinterpret pc=0x00000235acbbea44 method=sun.nio.fs.WindowsPath.openForReadAttributeAccess(Z)J @ 5 c2
Event: 7.804 Thread 0x0000023580e81990 DEOPT PACKING pc=0x00000235acbbea44 sp=0x00000065685fdd10
Event: 7.804 Thread 0x0000023580e81990 DEOPT UNPACKING pc=0x00000235ac163aa2 sp=0x00000065685fdce8 mode 2
Event: 7.804 Thread 0x0000023580e81990 Uncommon trap: trap_request=0xffffff45 fr.pc=0x00000235acbc3788 relative=0x0000000000000a68
Event: 7.804 Thread 0x0000023580e81990 Uncommon trap: reason=unstable_if action=reinterpret pc=0x00000235acbc3788 method=sun.nio.fs.WindowsNativeDispatcher.asNativeBuffer(Ljava/lang/String;)Lsun/nio/fs/NativeBuffer; @ 52 c2
Event: 7.804 Thread 0x0000023580e81990 DEOPT PACKING pc=0x00000235acbc3788 sp=0x00000065685fdc90
Event: 7.804 Thread 0x0000023580e81990 DEOPT UNPACKING pc=0x00000235ac163aa2 sp=0x00000065685fdb38 mode 2
Event: 7.804 Thread 0x0000023580e81990 Uncommon trap: trap_request=0xffffff45 fr.pc=0x00000235acbbca30 relative=0x0000000000000650
Event: 7.804 Thread 0x0000023580e81990 Uncommon trap: reason=unstable_if action=reinterpret pc=0x00000235acbbca30 method=sun.nio.fs.WindowsFileAttributes.isReparsePoint(I)Z @ 5 c2
Event: 7.804 Thread 0x0000023580e81990 DEOPT PACKING pc=0x00000235acbbca30 sp=0x00000065685fdd30
Event: 7.804 Thread 0x0000023580e81990 DEOPT UNPACKING pc=0x00000235ac163aa2 sp=0x00000065685fdc58 mode 2
Event: 7.804 Thread 0x0000023580e81990 Uncommon trap: trap_request=0xffffff45 fr.pc=0x00000235acba3a04 relative=0x00000000000001c4
Event: 7.804 Thread 0x0000023580e81990 Uncommon trap: reason=unstable_if action=reinterpret pc=0x00000235acba3a04 method=sun.nio.fs.NativeBuffers.getNativeBufferFromCache(I)Lsun/nio/fs/NativeBuffer; @ 34 c2
Event: 7.804 Thread 0x0000023580e81990 DEOPT PACKING pc=0x00000235acba3a04 sp=0x00000065685fdc40
Event: 7.804 Thread 0x0000023580e81990 DEOPT UNPACKING pc=0x00000235ac163aa2 sp=0x00000065685fdbc8 mode 2

Classes loaded (20 events):
Event: 7.801 Loading class sun/security/provider/certpath/ldap/JdkLDAP$ProviderService
Event: 7.801 Loading class sun/security/provider/certpath/ldap/JdkLDAP$ProviderService done
Event: 7.801 Loading class com/sun/security/sasl/Provider
Event: 7.801 Loading class com/sun/security/sasl/Provider done
Event: 7.801 Loading class com/sun/security/sasl/Provider$1
Event: 7.801 Loading class com/sun/security/sasl/Provider$1 done
Event: 7.801 Loading class com/sun/security/sasl/Provider$ProviderService
Event: 7.801 Loading class com/sun/security/sasl/Provider$ProviderService done
Event: 7.802 Loading class sun/nio/ch/ServerSocketChannelImpl
Event: 7.802 Loading class sun/nio/ch/ServerSocketChannelImpl done
Event: 7.803 Loading class java/nio/BufferMismatch
Event: 7.804 Loading class java/nio/BufferMismatch done
Event: 7.804 Loading class sun/nio/ch/SourceChannelImpl
Event: 7.804 Loading class java/nio/channels/Pipe$SourceChannel
Event: 7.804 Loading class java/nio/channels/Pipe$SourceChannel done
Event: 7.804 Loading class sun/nio/ch/SourceChannelImpl done
Event: 7.804 Loading class sun/nio/ch/SinkChannelImpl
Event: 7.804 Loading class java/nio/channels/Pipe$SinkChannel
Event: 7.804 Loading class java/nio/channels/Pipe$SinkChannel done
Event: 7.804 Loading class sun/nio/ch/SinkChannelImpl done

Classes unloaded (7 events):
Event: 1.735 Thread 0x00000235b5ea4970 Unloading class 0x00000235b71a3c00 'java/lang/invoke/LambdaForm$MH+0x00000235b71a3c00'
Event: 1.735 Thread 0x00000235b5ea4970 Unloading class 0x00000235b71a3800 'java/lang/invoke/LambdaForm$MH+0x00000235b71a3800'
Event: 1.735 Thread 0x00000235b5ea4970 Unloading class 0x00000235b71a3400 'java/lang/invoke/LambdaForm$MH+0x00000235b71a3400'
Event: 1.735 Thread 0x00000235b5ea4970 Unloading class 0x00000235b71a3000 'java/lang/invoke/LambdaForm$MH+0x00000235b71a3000'
Event: 1.735 Thread 0x00000235b5ea4970 Unloading class 0x00000235b71a2c00 'java/lang/invoke/LambdaForm$BMH+0x00000235b71a2c00'
Event: 1.735 Thread 0x00000235b5ea4970 Unloading class 0x00000235b71a2800 'java/lang/invoke/LambdaForm$DMH+0x00000235b71a2800'
Event: 1.735 Thread 0x00000235b5ea4970 Unloading class 0x00000235b71a1400 'java/lang/invoke/LambdaForm$DMH+0x00000235b71a1400'

Classes redefined (0 events):
No events

Internal exceptions (20 events):
Event: 6.206 Thread 0x0000023580e81990 Exception <a 'java/lang/NoSuchMethodError'{0x00000000eadb6718}: 'java.lang.Object java.lang.invoke.DirectMethodHandle$Holder.invokeStatic(java.lang.Object, java.lang.Object, java.lang.Object, java.lang.Object, java.lang.Object, java.lang.Object, java.lang.Object, java.lang.Object, java.lang.Object, java.lang.Object, java.lang.Object, java.lang.Object, java.lang.Object, java.lang.Object, java.lang.Object, java.lang.Object, java.lang.Object)'> (0x00000000eadb6718) 
thrown [s\src\hotspot\share\interpreter\lin
Event: 6.207 Thread 0x0000023580e81990 Exception <a 'java/lang/NoSuchMethodError'{0x00000000eade4630}: 'java.lang.Object java.lang.invoke.DirectMethodHandle$Holder.invokeStatic(java.lang.Object, java.lang.Object, java.lang.Object, java.lang.Object, java.lang.Object, java.lang.Object, java.lang.Object, java.lang.Object, java.lang.Object, java.lang.Object, java.lang.Object, java.lang.Object, java.lang.Object, java.lang.Object, java.lang.Object, java.lang.Object, java.lang.Object, java.lang.Object)'> (0x00000000eade4630) 
thrown [s\src\hotspot\sha
Event: 6.208 Thread 0x0000023580e81990 Exception <a 'java/lang/NoSuchMethodError'{0x00000000eae12138}: 'java.lang.Object java.lang.invoke.DirectMethodHandle$Holder.invokeStatic(java.lang.Object, java.lang.Object, java.lang.Object, java.lang.Object, java.lang.Object, java.lang.Object, java.lang.Object, java.lang.Object, java.lang.Object, java.lang.Object, java.lang.Object, java.lang.Object, java.lang.Object, java.lang.Object, java.lang.Object, java.lang.Object, java.lang.Object, java.lang.Object, java.lang.Object)'> (0x00000000eae12138) 
thrown 
Event: 6.210 Thread 0x0000023580e81990 Exception <a 'java/lang/NoSuchMethodError'{0x00000000eae41318}: 'java.lang.Object java.lang.invoke.DirectMethodHandle$Holder.invokeStatic(java.lang.Object, java.lang.Object, java.lang.Object, java.lang.Object, java.lang.Object, java.lang.Object, java.lang.Object, java.lang.Object, java.lang.Object, java.lang.Object, java.lang.Object, java.lang.Object, java.lang.Object, java.lang.Object, java.lang.Object, java.lang.Object, java.lang.Object, java.lang.Object, java.lang.Object, java.lang.Object)'> (0x00000000
Event: 6.211 Thread 0x0000023580e81990 Exception <a 'java/lang/NoSuchMethodError'{0x00000000eae71520}: 'java.lang.Object java.lang.invoke.DirectMethodHandle$Holder.invokeStatic(java.lang.Object, java.lang.Object, java.lang.Object, java.lang.Object, java.lang.Object, java.lang.Object, java.lang.Object, java.lang.Object, java.lang.Object, java.lang.Object, java.lang.Object, java.lang.Object, java.lang.Object, java.lang.Object, java.lang.Object, java.lang.Object, java.lang.Object, java.lang.Object, java.lang.Object, java.lang.Object, java.lang.Obj
Event: 6.213 Thread 0x0000023580e81990 Exception <a 'java/lang/NoSuchMethodError'{0x00000000eaea2688}: 'java.lang.Object java.lang.invoke.DirectMethodHandle$Holder.invokeStatic(java.lang.Object, java.lang.Object, java.lang.Object, java.lang.Object, java.lang.Object, java.lang.Object, java.lang.Object, java.lang.Object, java.lang.Object, java.lang.Object, java.lang.Object, java.lang.Object, java.lang.Object, java.lang.Object, java.lang.Object, java.lang.Object, java.lang.Object, java.lang.Object, java.lang.Object, java.lang.Object, java.lang.Obj
Event: 6.214 Thread 0x0000023580e81990 Exception <a 'java/lang/NoSuchMethodError'{0x00000000eaed4620}: 'java.lang.Object java.lang.invoke.DirectMethodHandle$Holder.invokeStatic(java.lang.Object, java.lang.Object, java.lang.Object, java.lang.Object, java.lang.Object, java.lang.Object, java.lang.Object, java.lang.Object, java.lang.Object, java.lang.Object, java.lang.Object, java.lang.Object, java.lang.Object, java.lang.Object, java.lang.Object, java.lang.Object, java.lang.Object, java.lang.Object, java.lang.Object, java.lang.Object, java.lang.Obj
Event: 6.216 Thread 0x0000023580e81990 Exception <a 'java/lang/NoSuchMethodError'{0x00000000eaf06b30}: 'java.lang.Object java.lang.invoke.DirectMethodHandle$Holder.invokeStatic(java.lang.Object, java.lang.Object, java.lang.Object, java.lang.Object, java.lang.Object, java.lang.Object, java.lang.Object, java.lang.Object, java.lang.Object, java.lang.Object, java.lang.Object, java.lang.Object, java.lang.Object, java.lang.Object, java.lang.Object, java.lang.Object, java.lang.Object, java.lang.Object, java.lang.Object, java.lang.Object, java.lang.Obj
Event: 6.218 Thread 0x0000023580e81990 Exception <a 'java/lang/NoSuchMethodError'{0x00000000eaf3b1d0}: 'java.lang.Object java.lang.invoke.DirectMethodHandle$Holder.invokeStatic(java.lang.Object, java.lang.Object, java.lang.Object, java.lang.Object, java.lang.Object, java.lang.Object, java.lang.Object, java.lang.Object, java.lang.Object, java.lang.Object, java.lang.Object, java.lang.Object, java.lang.Object, java.lang.Object, java.lang.Object, java.lang.Object, java.lang.Object, java.lang.Object, java.lang.Object, java.lang.Object, java.lang.Obj
Event: 6.220 Thread 0x0000023580e81990 Exception <a 'java/lang/NoSuchMethodError'{0x00000000eaf61be0}: 'java.lang.Object java.lang.invoke.DirectMethodHandle$Holder.invokeSpecial(java.lang.Object, java.lang.Object, java.lang.Object, java.lang.Object, java.lang.Object, java.lang.Object, java.lang.Object, java.lang.Object, java.lang.Object, java.lang.Object, java.lang.Object, java.lang.Object, java.lang.Object, java.lang.Object, java.lang.Object, java.lang.Object, java.lang.Object, java.lang.Object, java.lang.Object, java.lang.Object, java.lang.Ob
Event: 6.220 Thread 0x0000023580e81990 Exception <a 'java/lang/NoSuchMethodError'{0x00000000eaf773c8}: 'java.lang.Object java.lang.invoke.DirectMethodHandle$Holder.newInvokeSpecial(java.lang.Object, java.lang.Object, java.lang.Object, java.lang.Object, java.lang.Object, java.lang.Object, java.lang.Object, java.lang.Object, java.lang.Object, java.lang.Object, java.lang.Object, java.lang.Object, java.lang.Object, java.lang.Object, java.lang.Object, java.lang.Object, java.lang.Object, java.lang.Object, java.lang.Object, java.lang.Object, java.lang
Event: 6.221 Thread 0x0000023580e81990 Exception <a 'java/lang/NoSuchMethodError'{0x00000000eaf7d5c0}: 'java.lang.Object java.lang.invoke.Invokers$Holder.linkToTargetMethod(java.lang.Object, java.lang.Object, java.lang.Object, java.lang.Object, java.lang.Object, java.lang.Object, java.lang.Object, java.lang.Object, java.lang.Object, java.lang.Object, java.lang.Object, java.lang.Object, java.lang.Object, java.lang.Object, java.lang.Object, java.lang.Object, java.lang.Object, java.lang.Object, java.lang.Object, java.lang.Object, java.lang.Object,
Event: 6.221 Thread 0x0000023580e81990 Exception <a 'java/lang/NoSuchMethodError'{0x00000000eaf82788}: 'java.lang.Object java.lang.invoke.DirectMethodHandle$Holder.invokeVirtual(java.lang.Object, java.lang.Object, java.lang.Object, java.lang.Object, java.lang.Object, java.lang.Object, java.lang.Object, java.lang.Object, java.lang.Object, java.lang.Object)'> (0x00000000eaf82788) 
thrown [s\src\hotspot\share\interpreter\linkResolver.cpp, line 773]
Event: 6.234 Thread 0x0000023580e81990 Exception <a 'java/lang/NoSuchMethodError'{0x00000000eb11efc8}: 'java.lang.Object java.lang.invoke.DirectMethodHandle$Holder.invokeVirtual(java.lang.Object, java.lang.Object, java.lang.Object, java.lang.Object, java.lang.Object, java.lang.Object, java.lang.Object, java.lang.Object, java.lang.Object)'> (0x00000000eb11efc8) 
thrown [s\src\hotspot\share\interpreter\linkResolver.cpp, line 773]
Event: 6.253 Thread 0x0000023580e81990 Exception <a 'java/lang/NoSuchMethodError'{0x00000000eb35e048}: 'java.lang.Object java.lang.invoke.DirectMethodHandle$Holder.invokeVirtual(java.lang.Object, java.lang.Object, java.lang.Object, java.lang.Object, java.lang.Object, java.lang.Object, java.lang.Object, java.lang.Object)'> (0x00000000eb35e048) 
thrown [s\src\hotspot\share\interpreter\linkResolver.cpp, line 773]
Event: 6.256 Thread 0x0000023580e81990 Exception <a 'java/lang/NoSuchMethodError'{0x00000000eb3d5788}: 'long java.lang.invoke.DirectMethodHandle$Holder.invokeVirtual(java.lang.Object, java.lang.Object)'> (0x00000000eb3d5788) 
thrown [s\src\hotspot\share\interpreter\linkResolver.cpp, line 773]
Event: 6.256 Thread 0x0000023580e81990 Exception <a 'java/lang/NoSuchMethodError'{0x00000000eb3d8b88}: 'long java.lang.invoke.DelegatingMethodHandle$Holder.reinvoke_L(java.lang.Object, java.lang.Object)'> (0x00000000eb3d8b88) 
thrown [s\src\hotspot\share\interpreter\linkResolver.cpp, line 773]
Event: 6.321 Thread 0x0000023580e80c70 Exception <a 'java/lang/NoSuchMethodError'{0x00000000ead546f8}: 'void java.lang.invoke.DirectMethodHandle$Holder.invokeStatic(java.lang.Object, long)'> (0x00000000ead546f8) 
thrown [s\src\hotspot\share\interpreter\linkResolver.cpp, line 773]
Event: 6.394 Thread 0x0000023580e80c70 Exception <a 'java/lang/NoSuchMethodError'{0x00000000ead78588}: 'void java.lang.invoke.DirectMethodHandle$Holder.invokeSpecial(java.lang.Object, java.lang.Object, int)'> (0x00000000ead78588) 
thrown [s\src\hotspot\share\interpreter\linkResolver.cpp, line 773]
Event: 6.394 Thread 0x0000023580e80c70 Exception <a 'java/lang/NoSuchMethodError'{0x00000000eada6748}: 'java.lang.Object java.lang.invoke.DirectMethodHandle$Holder.newInvokeSpecial(java.lang.Object, java.lang.Object, int)'> (0x00000000eada6748) 
thrown [s\src\hotspot\share\interpreter\linkResolver.cpp, line 773]

ZGC Phase Switch (0 events):
No events

VM Operations (20 events):
Event: 5.907 Executing VM operation: ParallelGCFailedAllocation (Allocation Failure)
Event: 5.907 Executing VM operation: ParallelGCFailedAllocation (Allocation Failure) done
Event: 5.974 Executing VM operation: ParallelGCFailedAllocation (Allocation Failure)
Event: 5.975 Executing VM operation: ParallelGCFailedAllocation (Allocation Failure) done
Event: 6.035 Executing VM operation: ParallelGCFailedAllocation (Allocation Failure)
Event: 6.036 Executing VM operation: ParallelGCFailedAllocation (Allocation Failure) done
Event: 6.084 Executing VM operation: ParallelGCFailedAllocation (Allocation Failure)
Event: 6.085 Executing VM operation: ParallelGCFailedAllocation (Allocation Failure) done
Event: 6.179 Executing VM operation: ParallelGCFailedAllocation (Allocation Failure)
Event: 6.180 Executing VM operation: ParallelGCFailedAllocation (Allocation Failure) done
Event: 6.240 Executing VM operation: HandshakeAllThreads (Deoptimize)
Event: 6.240 Executing VM operation: HandshakeAllThreads (Deoptimize) done
Event: 6.292 Executing VM operation: HandshakeAllThreads (Deoptimize)
Event: 6.292 Executing VM operation: HandshakeAllThreads (Deoptimize) done
Event: 6.296 Executing VM operation: ParallelGCFailedAllocation (Allocation Failure)
Event: 6.297 Executing VM operation: ParallelGCFailedAllocation (Allocation Failure) done
Event: 7.784 Executing VM operation: HandshakeAllThreads (Deoptimize)
Event: 7.784 Executing VM operation: HandshakeAllThreads (Deoptimize) done
Event: 7.784 Executing VM operation: Cleanup
Event: 7.784 Executing VM operation: Cleanup done

Memory protections (0 events):
No events

Nmethod flushes (20 events):
Event: 5.416 Thread 0x00000235b5ea4970 flushing  nmethod 0x00000235a5637f10
Event: 5.416 Thread 0x00000235b5ea4970 flushing  nmethod 0x00000235a5639f90
Event: 5.416 Thread 0x00000235b5ea4970 flushing  nmethod 0x00000235a563b890
Event: 5.416 Thread 0x00000235b5ea4970 flushing  nmethod 0x00000235a5646210
Event: 5.416 Thread 0x00000235b5ea4970 flushing  nmethod 0x00000235a565bc90
Event: 5.416 Thread 0x00000235b5ea4970 flushing  nmethod 0x00000235a5670890
Event: 5.416 Thread 0x00000235b5ea4970 flushing  nmethod 0x00000235a5672090
Event: 5.416 Thread 0x00000235b5ea4970 flushing  nmethod 0x00000235a5673910
Event: 5.416 Thread 0x00000235b5ea4970 flushing  nmethod 0x00000235a568f890
Event: 5.416 Thread 0x00000235b5ea4970 flushing  nmethod 0x00000235a5690290
Event: 5.416 Thread 0x00000235b5ea4970 flushing  nmethod 0x00000235a5691b90
Event: 5.416 Thread 0x00000235b5ea4970 flushing  nmethod 0x00000235a5693690
Event: 5.416 Thread 0x00000235b5ea4970 flushing  nmethod 0x00000235a5693b10
Event: 5.416 Thread 0x00000235b5ea4970 flushing  nmethod 0x00000235a5693e90
Event: 5.416 Thread 0x00000235b5ea4970 flushing  nmethod 0x00000235a5694d90
Event: 5.416 Thread 0x00000235b5ea4970 flushing  nmethod 0x00000235a5697510
Event: 5.416 Thread 0x00000235b5ea4970 flushing  nmethod 0x00000235a56a3490
Event: 5.416 Thread 0x00000235b5ea4970 flushing  nmethod 0x00000235a56b3210
Event: 5.416 Thread 0x00000235b5ea4970 flushing  nmethod 0x00000235a56b5d90
Event: 5.416 Thread 0x00000235b5ea4970 flushing  nmethod 0x00000235a570c410

Events (20 events):
Event: 4.974 Thread 0x0000023580e7bdb0 Thread added: 0x0000023580e7ff50
Event: 4.983 Thread 0x0000023580e7ff50 Thread exited: 0x0000023580e7ff50
Event: 4.983 Thread 0x0000023580e7bdb0 Thread added: 0x0000023580e81300
Event: 4.985 Thread 0x0000023580e7bdb0 Thread added: 0x0000023580e81990
Event: 5.998 Thread 0x00000235f84dc030 Thread exited: 0x00000235f84dc030
Event: 6.264 Thread 0x0000023580e81990 Thread added: 0x0000023580e7ff50
Event: 6.314 Thread 0x0000023580e81990 Thread added: 0x0000023580e80c70
Event: 6.323 Thread 0x0000023580e80c70 Thread added: 0x0000023581acc030
Event: 6.323 Thread 0x0000023580e80c70 Thread added: 0x0000023581acc6c0
Event: 6.426 Thread 0x00000235fe86e010 Thread exited: 0x00000235fe86e010
Event: 6.426 Thread 0x00000235f856c860 Thread exited: 0x00000235f856c860
Event: 6.436 Thread 0x0000023580e81990 Thread added: 0x0000023581acb9a0
Event: 6.440 Thread 0x0000023581acb9a0 Thread added: 0x0000023581accd50
Event: 6.441 Thread 0x0000023581acb9a0 Thread added: 0x0000023581ac98d0
Event: 6.441 Thread 0x0000023581accd50 Thread exited: 0x0000023581accd50
Event: 6.617 Thread 0x00000235f856c1c0 Thread exited: 0x00000235f856c1c0
Event: 6.656 Thread 0x00000235ff0f2da0 Thread exited: 0x00000235ff0f2da0
Event: 7.769 Thread 0x00000235f84d6f50 Thread exited: 0x00000235f84d6f50
Event: 7.769 Thread 0x0000023581acb9a0 Thread exited: 0x0000023581acb9a0
Event: 7.769 Thread 0x0000023581ac98d0 Thread exited: 0x0000023581ac98d0


Dynamic libraries:
0x00007ff7af130000 - 0x00007ff7af13e000 	c:\Users\admin\.cursor\extensions\redhat.java-1.42.0-win32-x64\jre\21.0.7-win32-x86_64\bin\java.exe
0x00007ff8f0da0000 - 0x00007ff8f1006000 	C:\WINDOWS\SYSTEM32\ntdll.dll
0x00007ff8eeec0000 - 0x00007ff8eef89000 	C:\WINDOWS\System32\KERNEL32.DLL
0x00007ff8ee410000 - 0x00007ff8ee7dc000 	C:\WINDOWS\System32\KERNELBASE.dll
0x00007ff8edfd0000 - 0x00007ff8ee11b000 	C:\WINDOWS\System32\ucrtbase.dll
0x00007ff8c6120000 - 0x00007ff8c6138000 	c:\Users\admin\.cursor\extensions\redhat.java-1.42.0-win32-x64\jre\21.0.7-win32-x86_64\bin\jli.dll
0x00007ff8c60e0000 - 0x00007ff8c60fe000 	c:\Users\admin\.cursor\extensions\redhat.java-1.42.0-win32-x64\jre\21.0.7-win32-x86_64\bin\VCRUNTIME140.dll
0x00007ff8f0aa0000 - 0x00007ff8f0c6a000 	C:\WINDOWS\System32\USER32.dll
0x00007ff8ee120000 - 0x00007ff8ee147000 	C:\WINDOWS\System32\win32u.dll
0x00007ff8db710000 - 0x00007ff8db9aa000 	C:\WINDOWS\WinSxS\amd64_microsoft.windows.common-controls_6595b64144ccf1df_6.0.26100.3912_none_3e07963ce335137e\COMCTL32.dll
0x00007ff8eeb60000 - 0x00007ff8eec09000 	C:\WINDOWS\System32\msvcrt.dll
0x00007ff8f0440000 - 0x00007ff8f046b000 	C:\WINDOWS\System32\GDI32.dll
0x00007ff8ee2d0000 - 0x00007ff8ee402000 	C:\WINDOWS\System32\gdi32full.dll
0x00007ff8eea20000 - 0x00007ff8eeac3000 	C:\WINDOWS\System32\msvcp_win.dll
0x00007ff8f0c70000 - 0x00007ff8f0ca0000 	C:\WINDOWS\System32\IMM32.DLL
0x00007ff8d6650000 - 0x00007ff8d665c000 	c:\Users\admin\.cursor\extensions\redhat.java-1.42.0-win32-x64\jre\21.0.7-win32-x86_64\bin\vcruntime140_1.dll
0x00007ff8b0720000 - 0x00007ff8b07ad000 	c:\Users\admin\.cursor\extensions\redhat.java-1.42.0-win32-x64\jre\21.0.7-win32-x86_64\bin\msvcp140.dll
0x00007ff846440000 - 0x00007ff8471d0000 	c:\Users\admin\.cursor\extensions\redhat.java-1.42.0-win32-x64\jre\21.0.7-win32-x86_64\bin\server\jvm.dll
0x00007ff8f0140000 - 0x00007ff8f01f2000 	C:\WINDOWS\System32\ADVAPI32.dll
0x00007ff8f0cb0000 - 0x00007ff8f0d56000 	C:\WINDOWS\System32\sechost.dll
0x00007ff8efb60000 - 0x00007ff8efc76000 	C:\WINDOWS\System32\RPCRT4.dll
0x00007ff8ef340000 - 0x00007ff8ef3b4000 	C:\WINDOWS\System32\WS2_32.dll
0x00007ff8edda0000 - 0x00007ff8eddfe000 	C:\WINDOWS\SYSTEM32\POWRPROF.dll
0x00007ff8e4950000 - 0x00007ff8e4986000 	C:\WINDOWS\SYSTEM32\WINMM.dll
0x00007ff8ea6e0000 - 0x00007ff8ea6eb000 	C:\WINDOWS\SYSTEM32\VERSION.dll
0x00007ff8edd80000 - 0x00007ff8edd94000 	C:\WINDOWS\SYSTEM32\UMPDC.dll
0x00007ff8eccf0000 - 0x00007ff8ecd0a000 	C:\WINDOWS\SYSTEM32\kernel.appcore.dll
0x00007ff8d5d00000 - 0x00007ff8d5d0a000 	c:\Users\admin\.cursor\extensions\redhat.java-1.42.0-win32-x64\jre\21.0.7-win32-x86_64\bin\jimage.dll
0x00007ff89bae0000 - 0x00007ff89bd21000 	C:\WINDOWS\SYSTEM32\DBGHELP.DLL
0x00007ff8eef90000 - 0x00007ff8ef314000 	C:\WINDOWS\System32\combase.dll
0x00007ff8f0050000 - 0x00007ff8f0130000 	C:\WINDOWS\System32\OLEAUT32.dll
0x00007ff8d7240000 - 0x00007ff8d7279000 	C:\WINDOWS\SYSTEM32\dbgcore.DLL
0x00007ff8edf30000 - 0x00007ff8edfc9000 	C:\WINDOWS\System32\bcryptPrimitives.dll
0x00007ff8d5f80000 - 0x00007ff8d5f8f000 	c:\Users\admin\.cursor\extensions\redhat.java-1.42.0-win32-x64\jre\21.0.7-win32-x86_64\bin\instrument.dll
0x00007ff8c7040000 - 0x00007ff8c705f000 	c:\Users\admin\.cursor\extensions\redhat.java-1.42.0-win32-x64\jre\21.0.7-win32-x86_64\bin\java.dll
0x00007ff8ef430000 - 0x00007ff8efb5d000 	C:\WINDOWS\System32\SHELL32.dll
0x00007ff8ee150000 - 0x00007ff8ee2c4000 	C:\WINDOWS\System32\wintypes.dll
0x00007ff8ebbe0000 - 0x00007ff8ec436000 	C:\WINDOWS\SYSTEM32\windows.storage.dll
0x00007ff8eedc0000 - 0x00007ff8eeeaf000 	C:\WINDOWS\System32\SHCORE.dll
0x00007ff8ef3c0000 - 0x00007ff8ef429000 	C:\WINDOWS\System32\shlwapi.dll
0x00007ff8ede10000 - 0x00007ff8ede3f000 	C:\WINDOWS\SYSTEM32\profapi.dll
0x00007ff8c7020000 - 0x00007ff8c7038000 	c:\Users\admin\.cursor\extensions\redhat.java-1.42.0-win32-x64\jre\21.0.7-win32-x86_64\bin\zip.dll
0x00007ff8d3a60000 - 0x00007ff8d3a70000 	C:\Users\admin\.cursor\extensions\redhat.java-1.42.0-win32-x64\jre\21.0.7-win32-x86_64\bin\net.dll
0x00007ff8e8a60000 - 0x00007ff8e8b7e000 	C:\WINDOWS\SYSTEM32\WINHTTP.dll
0x0000000180000000 - 0x000000018008c000 	C:\WINDOWS\system32\ASProxy64.dll
0x00007ff8efc80000 - 0x00007ff8efe1f000 	C:\WINDOWS\System32\ole32.dll
0x00007ff8ed260000 - 0x00007ff8ed2ca000 	C:\WINDOWS\SYSTEM32\MSWSOCK.dll
0x00007ff8ec730000 - 0x00007ff8ec763000 	C:\WINDOWS\SYSTEM32\IPHLPAPI.DLL
0x00007ff8ecf90000 - 0x00007ff8ecfd8000 	C:\WINDOWS\SYSTEM32\SspiCli.dll
0x00007ff8c7000000 - 0x00007ff8c7016000 	C:\Users\admin\.cursor\extensions\redhat.java-1.42.0-win32-x64\jre\21.0.7-win32-x86_64\bin\nio.dll
0x00007ff8d37b0000 - 0x00007ff8d37c0000 	c:\Users\admin\.cursor\extensions\redhat.java-1.42.0-win32-x64\jre\21.0.7-win32-x86_64\bin\verify.dll
0x00007ff8eb200000 - 0x00007ff8eb2af000 	C:\WINDOWS\system32\uxtheme.dll
0x00007ff8be340000 - 0x00007ff8be385000 	C:\Users\admin\AppData\Roaming\Cursor\User\globalStorage\redhat.java\1.42.0\config_win\org.eclipse.equinox.launcher\org.eclipse.equinox.launcher.win32.win32.x86_64_1.2.1300.v20250331-1702\eclipse_11911.dll
0x00007ff8ed510000 - 0x00007ff8ed52c000 	C:\WINDOWS\SYSTEM32\CRYPTSP.dll
0x00007ff8ecc50000 - 0x00007ff8ecc8a000 	C:\WINDOWS\system32\rsaenh.dll
0x00007ff8ed300000 - 0x00007ff8ed32b000 	C:\WINDOWS\SYSTEM32\USERENV.dll
0x00007ff8ede50000 - 0x00007ff8ede76000 	C:\WINDOWS\SYSTEM32\bcrypt.dll
0x00007ff8ed500000 - 0x00007ff8ed50c000 	C:\WINDOWS\SYSTEM32\CRYPTBASE.dll
0x00007ff8eedb0000 - 0x00007ff8eedba000 	C:\WINDOWS\System32\NSI.dll
0x00007ff8ddf50000 - 0x00007ff8ddf5a000 	C:\Users\admin\.cursor\extensions\redhat.java-1.42.0-win32-x64\jre\21.0.7-win32-x86_64\bin\management.dll
0x00007ff8ddf40000 - 0x00007ff8ddf4b000 	C:\Users\admin\.cursor\extensions\redhat.java-1.42.0-win32-x64\jre\21.0.7-win32-x86_64\bin\management_ext.dll
0x00007ff8f0040000 - 0x00007ff8f0048000 	C:\WINDOWS\System32\PSAPI.DLL
0x00007ff8b7cf0000 - 0x00007ff8b7d39000 	C:\Users\admin\AppData\Local\Temp\jna-92668751\jna16550882017384523171.dll
0x00007ff8e86b0000 - 0x00007ff8e86cf000 	C:\WINDOWS\SYSTEM32\dhcpcsvc6.DLL
0x00007ff8e7810000 - 0x00007ff8e7835000 	C:\WINDOWS\SYSTEM32\dhcpcsvc.DLL
0x00007ff8c7080000 - 0x00007ff8c70a7000 	C:\Users\admin\.gradle\native\1def1411415f61bf3af743bc5b6707747c0891f09f0c88961ee8f79bc544acac\windows-amd64\native-platform.dll
0x00007ff8d3250000 - 0x00007ff8d3259000 	C:\Users\admin\.cursor\extensions\redhat.java-1.42.0-win32-x64\jre\21.0.7-win32-x86_64\bin\extnet.dll
0x00007ff8c5820000 - 0x00007ff8c582e000 	C:\Users\admin\.cursor\extensions\redhat.java-1.42.0-win32-x64\jre\21.0.7-win32-x86_64\bin\sunmscapi.dll
0x00007ff8ee7e0000 - 0x00007ff8ee957000 	C:\WINDOWS\System32\CRYPT32.dll
0x00007ff8ed710000 - 0x00007ff8ed740000 	C:\WINDOWS\SYSTEM32\ncrypt.dll
0x00007ff8ed6c0000 - 0x00007ff8ed6ff000 	C:\WINDOWS\SYSTEM32\NTASN1.dll
0x00007ff8c3dd0000 - 0x00007ff8c3dd8000 	C:\WINDOWS\system32\wshunix.dll

dbghelp: loaded successfully - version: 4.0.5 - missing functions: none
symbol engine: initialized successfully - sym options: 0x614 - pdb path: .;c:\Users\admin\.cursor\extensions\redhat.java-1.42.0-win32-x64\jre\21.0.7-win32-x86_64\bin;C:\WINDOWS\SYSTEM32;C:\WINDOWS\WinSxS\amd64_microsoft.windows.common-controls_6595b64144ccf1df_6.0.26100.3912_none_3e07963ce335137e;c:\Users\admin\.cursor\extensions\redhat.java-1.42.0-win32-x64\jre\21.0.7-win32-x86_64\bin\server;C:\Users\admin\AppData\Roaming\Cursor\User\globalStorage\redhat.java\1.42.0\config_win\org.eclipse.equinox.launcher\org.eclipse.equinox.launcher.win32.win32.x86_64_1.2.1300.v20250331-1702;C:\Users\admin\AppData\Local\Temp\jna-92668751;C:\Users\admin\.gradle\native\1def1411415f61bf3af743bc5b6707747c0891f09f0c88961ee8f79bc544acac\windows-amd64

VM Arguments:
jvm_args: --add-modules=ALL-SYSTEM --add-opens=java.base/java.util=ALL-UNNAMED --add-opens=java.base/java.lang=ALL-UNNAMED --add-opens=java.base/sun.nio.fs=ALL-UNNAMED -Declipse.application=org.eclipse.jdt.ls.core.id1 -Dosgi.bundles.defaultStartLevel=4 -Declipse.product=org.eclipse.jdt.ls.core.product -Djava.import.generatesMetadataFilesAtProjectRoot=false -DDetectVMInstallationsJob.disabled=true -Dfile.encoding=utf8 -XX:+UseParallelGC -XX:GCTimeRatio=4 -XX:AdaptiveSizePolicyWeight=90 -Dsun.zip.disableMemoryMapping=true -Xmx1G -Xms100m -Xlog:disable -javaagent:c:\Users\admin\.cursor\extensions\redhat.java-1.42.0-win32-x64\lombok\lombok-1.18.36.jar -XX:+HeapDumpOnOutOfMemoryError -XX:HeapDumpPath=c:\Users\admin\AppData\Roaming\Cursor\User\workspaceStorage\0426a641ec518546e312a5bf184515bb\redhat.java -Daether.dependencyCollector.impl=bf 
java_command: c:\Users\admin\.cursor\extensions\redhat.java-1.42.0-win32-x64\server\plugins\org.eclipse.equinox.launcher_1.7.0.v20250424-1814.jar -configuration c:\Users\admin\AppData\Roaming\Cursor\User\globalStorage\redhat.java\1.42.0\config_win -data c:\Users\admin\AppData\Roaming\Cursor\User\workspaceStorage\0426a641ec518546e312a5bf184515bb\redhat.java\jdt_ws --pipe=\\.\pipe\lsp-49a6dfc1dc2e5bdeac8907a9ef6ed0ef-sock
java_class_path (initial): c:\Users\admin\.cursor\extensions\redhat.java-1.42.0-win32-x64\server\plugins\org.eclipse.equinox.launcher_1.7.0.v20250424-1814.jar
Launcher Type: SUN_STANDARD

[Global flags]
    uintx AdaptiveSizePolicyWeight                 = 90                                        {product} {command line}
     intx CICompilerCount                          = 12                                        {product} {ergonomic}
    uintx GCTimeRatio                              = 4                                         {product} {command line}
     bool HeapDumpOnOutOfMemoryError               = true                                   {manageable} {command line}
    ccstr HeapDumpPath                             = c:\Users\admin\AppData\Roaming\Cursor\User\workspaceStorage\0426a641ec518546e312a5bf184515bb\redhat.java         {manageable} {command line}
   size_t InitialHeapSize                          = 104857600                                 {product} {command line}
   size_t MaxHeapSize                              = 1073741824                                {product} {command line}
   size_t MaxNewSize                               = 357564416                                 {product} {ergonomic}
   size_t MinHeapDeltaBytes                        = 524288                                    {product} {ergonomic}
   size_t MinHeapSize                              = 104857600                                 {product} {command line}
   size_t NewSize                                  = 34603008                                  {product} {ergonomic}
    uintx NonNMethodCodeHeapSize                   = 7602480                                {pd product} {ergonomic}
    uintx NonProfiledCodeHeapSize                  = 122027880                              {pd product} {ergonomic}
   size_t OldSize                                  = 70254592                                  {product} {ergonomic}
    uintx ProfiledCodeHeapSize                     = 122027880                              {pd product} {ergonomic}
    uintx ReservedCodeCacheSize                    = 251658240                              {pd product} {ergonomic}
     bool SegmentedCodeCache                       = true                                      {product} {ergonomic}
   size_t SoftMaxHeapSize                          = 1073741824                             {manageable} {ergonomic}
     bool UseCompressedOops                        = true                           {product lp64_product} {ergonomic}
     bool UseLargePagesIndividualAllocation        = false                                  {pd product} {ergonomic}
     bool UseParallelGC                            = true                                      {product} {command line}

Logging:
Log output configuration:
 #0: stdout all=off uptime,level,tags foldmultilines=false
 #1: stderr all=off uptime,level,tags foldmultilines=false

Environment Variables:
JAVA_HOME=C:\Program Files\OpenLogic\jdk-17.0.15.6-hotspot
PATH=C:\Program Files\Common Files\Oracle\Java\javapath;C:\Program Files\OpenLogic\jdk-17.0.15.6-hotspot\bin;C:\WINDOWS\system32;C:\WINDOWS;C:\WINDOWS\System32\Wbem;C:\WINDOWS\System32\WindowsPowerShell\v1.0\;C:\WINDOWS\System32\OpenSSH\;C:\Program Files\dotnet\;C:\Program Files\Microsoft SQL Server\130\Tools\Binn\;C:\Program Files\Git\cmd;C:\Users\admin\AppData\Roaming\nvm;C:\Program Files\nodejs;C:\Program Files\Microsoft SQL Server\150\Tools\Binn\;C:\Users\admin\AppData\Local\Microsoft\WindowsApps;C:\Users\admin\AppData\Roaming\npm;C:\Users\admin\AppData\Local\Programs\Microsoft VS Code\bin;C:\Users\admin\AppData\Roaming\nvm;C:\Program Files\nodejs;C:\Users\admin\AppData\Local\Android\Sdk\platform-tools;C:\Users\admin\AppData\Local\Programs\cursor\resources\app\bin;C:\;C:\Users\admin\.dotnet\tools
USERNAME=admin
OS=Windows_NT
PROCESSOR_IDENTIFIER=Intel64 Family 6 Model 165 Stepping 5, GenuineIntel
TMP=C:\Users\admin\AppData\Local\Temp
TEMP=C:\Users\admin\AppData\Local\Temp




Periodic native trim disabled

---------------  S Y S T E M  ---------------

OS:
 Windows 11 , 64 bit Build 26100 (10.0.26100.3912)
OS uptime: 1 days 0:53 hours

CPU: total 16 (initial active 16) (8 cores per cpu, 2 threads per core) family 6 model 165 stepping 5 microcode 0xec, cx8, cmov, fxsr, ht, mmx, 3dnowpref, sse, sse2, sse3, ssse3, sse4.1, sse4.2, popcnt, lzcnt, tsc, tscinvbit, avx, avx2, aes, erms, clmul, bmi1, bmi2, adx, fma, vzeroupper, clflush, clflushopt, rdtscp, f16c, pku
Processor Information for processor 0
  Max Mhz: 2901, Current Mhz: 2901, Mhz Limit: 2901
Processor Information for processor 1
  Max Mhz: 2901, Current Mhz: 2901, Mhz Limit: 2901
Processor Information for processor 2
  Max Mhz: 2901, Current Mhz: 2901, Mhz Limit: 2901
Processor Information for processor 3
  Max Mhz: 2901, Current Mhz: 2901, Mhz Limit: 2901
Processor Information for processor 4
  Max Mhz: 2901, Current Mhz: 2901, Mhz Limit: 2901
Processor Information for processor 5
  Max Mhz: 2901, Current Mhz: 1200, Mhz Limit: 2901
Processor Information for processor 6
  Max Mhz: 2901, Current Mhz: 2901, Mhz Limit: 2901
Processor Information for processor 7
  Max Mhz: 2901, Current Mhz: 1200, Mhz Limit: 2901
Processor Information for processor 8
  Max Mhz: 2901, Current Mhz: 2901, Mhz Limit: 2901
Processor Information for processor 9
  Max Mhz: 2901, Current Mhz: 2901, Mhz Limit: 2901
Processor Information for processor 10
  Max Mhz: 2901, Current Mhz: 2901, Mhz Limit: 2901
Processor Information for processor 11
  Max Mhz: 2901, Current Mhz: 1200, Mhz Limit: 2901
Processor Information for processor 12
  Max Mhz: 2901, Current Mhz: 1200, Mhz Limit: 2901
Processor Information for processor 13
  Max Mhz: 2901, Current Mhz: 2901, Mhz Limit: 2901
Processor Information for processor 14
  Max Mhz: 2901, Current Mhz: 2901, Mhz Limit: 2901
Processor Information for processor 15
  Max Mhz: 2901, Current Mhz: 2901, Mhz Limit: 2901

Memory: 4k page, system-wide physical 16096M (3469M free)
TotalPageFile size 34528M (AvailPageFile size 4130M)
current process WorkingSet (physical memory assigned to process): 285M, peak: 296M
current process commit charge ("private bytes"): 365M, peak: 381M

vm_info: OpenJDK 64-Bit Server VM (21.0.7+6-LTS) for windows-amd64 JRE (21.0.7+6-LTS), built on 2025-04-15T00:00:00Z by "admin" with MS VC++ 17.7 (VS2022)

END.
