#
# A fatal error has been detected by the Java Runtime Environment:
#
#  EXCEPTION_ACCESS_VIOLATION (0xc0000005) at pc=0x000000018000c274, pid=8664, tid=8356
#
# JRE version: OpenJDK Runtime Environment Temurin-21.0.7+6 (21.0.7+6) (build 21.0.7+6-LTS)
# Java VM: OpenJDK 64-Bit Server VM Temurin-21.0.7+6 (21.0.7+6-LTS, mixed mode, sharing, tiered, compressed oops, compressed class ptrs, parallel gc, windows-amd64)
# Problematic frame:
# C  [ASProxy64.dll+0xc274]
#
# No core dump will be written. Minidumps are not enabled by default on client versions of Windows
#
# If you would like to submit a bug report, please visit:
#   https://github.com/adoptium/adoptium-support/issues
# The crash happened outside the Java Virtual Machine in native code.
# See problematic frame for where to report the bug.
#

---------------  S U M M A R Y ------------

Command Line: --add-modules=ALL-SYSTEM --add-opens=java.base/java.util=ALL-UNNAMED --add-opens=java.base/java.lang=ALL-UNNAMED --add-opens=java.base/sun.nio.fs=ALL-UNNAMED -Declipse.application=org.eclipse.jdt.ls.core.id1 -Dosgi.bundles.defaultStartLevel=4 -Declipse.product=org.eclipse.jdt.ls.core.product -Djava.import.generatesMetadataFilesAtProjectRoot=false -DDetectVMInstallationsJob.disabled=true -Dfile.encoding=utf8 -XX:+UseParallelGC -XX:GCTimeRatio=4 -XX:AdaptiveSizePolicyWeight=90 -Dsun.zip.disableMemoryMapping=true -Xmx1G -Xms100m -Xlog:disable -javaagent:c:\Users\admin\.cursor\extensions\redhat.java-1.42.0-win32-x64\lombok\lombok-1.18.36.jar -XX:+HeapDumpOnOutOfMemoryError -XX:HeapDumpPath=c:\Users\admin\AppData\Roaming\Cursor\User\workspaceStorage\0426a641ec518546e312a5bf184515bb\redhat.java -Daether.dependencyCollector.impl=bf c:\Users\admin\.cursor\extensions\redhat.java-1.42.0-win32-x64\server\plugins\org.eclipse.equinox.launcher_1.7.0.v20250424-1814.jar -configuration c:\Users\admin\AppData\Roaming\Cursor\User\globalStorage\redhat.java\1.42.0\config_win -data c:\Users\admin\AppData\Roaming\Cursor\User\workspaceStorage\0426a641ec518546e312a5bf184515bb\redhat.java\jdt_ws --pipe=\\.\pipe\lsp-a997291458a4f4a8b49f6e173b38aadf-sock

Host: Intel(R) Core(TM) i7-10700 CPU @ 2.90GHz, 16 cores, 15G,  Windows 11 , 64 bit Build 26100 (10.0.26100.3912)
Time: Sat May 17 12:27:48 2025 Eastern Daylight Time elapsed time: 8.077831 seconds (0d 0h 0m 8s)

---------------  T H R E A D  ---------------

Current thread (0x000001cd42379f10):  JavaThread "Connection worker"        [_thread_in_native, id=8356, stack(0x0000005f42740000,0x0000005f42840000) (1024K)]

Stack: [0x0000005f42740000,0x0000005f42840000],  sp=0x0000005f4283e3d0,  free space=1016k
Native frames: (J=compiled Java code, j=interpreted, Vv=VM code, C=native code)
C  [ASProxy64.dll+0xc274]

Java frames: (J=compiled Java code, j=interpreted, Vv=VM code)
j  sun.nio.ch.WEPoll.ctl(JIJI)I+0 java.base@21.0.7
j  sun.nio.ch.WEPollSelectorImpl.<init>(Ljava/nio/channels/spi/SelectorProvider;)V+139 java.base@21.0.7
j  sun.nio.ch.WEPollSelectorProvider.openSelector()Ljava/nio/channels/spi/AbstractSelector;+5 java.base@21.0.7
j  java.nio.channels.Selector.open()Ljava/nio/channels/Selector;+3 java.base@21.0.7
j  org.gradle.internal.remote.internal.inet.SocketConnection$SocketInputStream.<init>(Ljava/nio/channels/SocketChannel;)V+17
j  org.gradle.internal.remote.internal.inet.SocketConnection.<init>(Ljava/nio/channels/SocketChannel;Lorg/gradle/internal/remote/internal/MessageSerializer;Lorg/gradle/internal/serialize/StatefulSerializer;)V+27
j  org.gradle.internal.remote.internal.inet.SocketConnectCompletion.create(Lorg/gradle/internal/serialize/StatefulSerializer;)Lorg/gradle/internal/remote/internal/RemoteConnection;+16
j  org.gradle.launcher.daemon.client.DefaultDaemonConnector.connectToDaemon(Lorg/gradle/launcher/daemon/context/DaemonConnectDetails;Lorg/gradle/launcher/daemon/client/DaemonClientConnection$StaleAddressDetector;)Lorg/gradle/launcher/daemon/client/DaemonClientConnection;+45
j  org.gradle.launcher.daemon.client.DefaultDaemonConnector.connectToDaemonWithId(Lorg/gradle/launcher/daemon/diagnostics/DaemonStartupInfo;Lorg/gradle/api/internal/specs/ExplainingSpec;)Lorg/gradle/launcher/daemon/client/DaemonClientConnection;+116
j  org.gradle.launcher.daemon.client.DefaultDaemonConnector.doStartDaemon(Lorg/gradle/api/internal/specs/ExplainingSpec;Z)Lorg/gradle/launcher/daemon/client/DaemonClientConnection;+61
j  org.gradle.launcher.daemon.client.DefaultDaemonConnector.startDaemon(Lorg/gradle/api/internal/specs/ExplainingSpec;)Lorg/gradle/launcher/daemon/client/DaemonClientConnection;+3
j  org.gradle.launcher.daemon.client.DaemonClient.execute(Lorg/gradle/internal/invocation/BuildAction;Lorg/gradle/launcher/exec/BuildActionParameters;Lorg/gradle/internal/daemon/client/execution/ClientBuildRequestContext;)Lorg/gradle/launcher/exec/BuildActionResult;+201
j  org.gradle.launcher.daemon.client.DaemonClient.execute(Lorg/gradle/internal/invocation/BuildAction;Ljava/lang/Object;Ljava/lang/Object;)Lorg/gradle/launcher/exec/BuildActionResult;+10
j  org.gradle.tooling.internal.provider.DaemonBuildActionExecuter.execute(Lorg/gradle/internal/invocation/BuildAction;Lorg/gradle/tooling/internal/provider/ConnectionOperationParameters;Lorg/gradle/internal/daemon/client/execution/ClientBuildRequestContext;)Lorg/gradle/launcher/exec/BuildActionResult;+72
j  org.gradle.tooling.internal.provider.DaemonBuildActionExecuter.execute(Lorg/gradle/internal/invocation/BuildAction;Ljava/lang/Object;Ljava/lang/Object;)Lorg/gradle/launcher/exec/BuildActionResult;+10
j  org.gradle.tooling.internal.provider.LoggingBridgingBuildActionExecuter.execute(Lorg/gradle/internal/invocation/BuildAction;Lorg/gradle/tooling/internal/provider/ConnectionOperationParameters;Lorg/gradle/internal/daemon/client/execution/ClientBuildRequestContext;)Lorg/gradle/launcher/exec/BuildActionResult;+77
j  org.gradle.tooling.internal.provider.LoggingBridgingBuildActionExecuter.execute(Lorg/gradle/internal/invocation/BuildAction;Ljava/lang/Object;Ljava/lang/Object;)Lorg/gradle/launcher/exec/BuildActionResult;+10
j  org.gradle.tooling.internal.provider.ProviderConnection.run(Lorg/gradle/internal/invocation/BuildAction;Lorg/gradle/initialization/BuildCancellationToken;Lorg/gradle/tooling/internal/provider/ProviderConnection$ProgressListenerConfiguration;Lorg/gradle/initialization/BuildEventConsumer;Lorg/gradle/tooling/internal/provider/connection/ProviderOperationParameters;Lorg/gradle/tooling/internal/provider/ProviderConnection$Parameters;)Ljava/lang/Object;+79
j  org.gradle.tooling.internal.provider.ProviderConnection.runPhasedAction(Lorg/gradle/tooling/internal/protocol/InternalPhasedAction;Lorg/gradle/tooling/internal/protocol/PhasedActionResultListener;Lorg/gradle/initialization/BuildCancellationToken;Lorg/gradle/tooling/internal/provider/connection/ProviderOperationParameters;)Ljava/lang/Object;+132
j  org.gradle.tooling.internal.provider.DefaultConnection.run(Lorg/gradle/tooling/internal/protocol/InternalPhasedAction;Lorg/gradle/tooling/internal/protocol/PhasedActionResultListener;Lorg/gradle/tooling/internal/protocol/InternalCancellationToken;Lorg/gradle/tooling/internal/protocol/BuildParameters;)Lorg/gradle/tooling/internal/protocol/BuildResult;+28
j  org.gradle.tooling.internal.consumer.connection.PhasedActionAwareConsumerConnection.run(Lorg/gradle/tooling/internal/consumer/PhasedBuildAction;Lorg/gradle/tooling/internal/consumer/parameters/ConsumerOperationParameters;)V+66
j  org.gradle.tooling.internal.consumer.connection.ParameterValidatingConsumerConnection.run(Lorg/gradle/tooling/internal/consumer/PhasedBuildAction;Lorg/gradle/tooling/internal/consumer/parameters/ConsumerOperationParameters;)V+11
j  org.gradle.tooling.internal.consumer.DefaultPhasedBuildActionExecuter$1.run(Lorg/gradle/tooling/internal/consumer/connection/ConsumerConnection;)Ljava/lang/Void;+12
j  org.gradle.tooling.internal.consumer.DefaultPhasedBuildActionExecuter$1.run(Lorg/gradle/tooling/internal/consumer/connection/ConsumerConnection;)Ljava/lang/Object;+2
j  org.gradle.tooling.internal.consumer.connection.LazyConsumerActionExecutor.run(Lorg/gradle/tooling/internal/consumer/connection/ConsumerAction;)Ljava/lang/Object;+34
j  org.gradle.tooling.internal.consumer.connection.CancellableConsumerActionExecutor.run(Lorg/gradle/tooling/internal/consumer/connection/ConsumerAction;)Ljava/lang/Object;+34
j  org.gradle.tooling.internal.consumer.connection.ProgressLoggingConsumerActionExecutor.run(Lorg/gradle/tooling/internal/consumer/connection/ConsumerAction;)Ljava/lang/Object;+78
j  org.gradle.tooling.internal.consumer.connection.RethrowingErrorsConsumerActionExecutor.run(Lorg/gradle/tooling/internal/consumer/connection/ConsumerAction;)Ljava/lang/Object;+5
j  org.gradle.tooling.internal.consumer.async.DefaultAsyncConsumerActionExecutor$1$1.run()V+17
j  org.gradle.internal.concurrent.ExecutorPolicy$CatchAndRecordFailures.onExecute(Ljava/lang/Runnable;)V+1
j  org.gradle.internal.concurrent.AbstractManagedExecutor$1.run()V+25
j  java.util.concurrent.ThreadPoolExecutor.runWorker(Ljava/util/concurrent/ThreadPoolExecutor$Worker;)V+92 java.base@21.0.7
j  java.util.concurrent.ThreadPoolExecutor$Worker.run()V+5 java.base@21.0.7
j  java.lang.Thread.runWith(Ljava/lang/Object;Ljava/lang/Runnable;)V+5 java.base@21.0.7
j  java.lang.Thread.run()V+19 java.base@21.0.7
v  ~StubRoutines::call_stub 0x000001cd672b100d

siginfo: EXCEPTION_ACCESS_VIOLATION (0xc0000005), reading address 0x00000000000012ac


Registers:
RAX=0x0000000000000000, RBX=0x000001cd414399c8, RCX=0x000000000000130c, RDX=0x0000000000000002
RSP=0x0000005f4283e3d0, RBP=0x00000000000012ac, RSI=0x000001cd41a432e0, RDI=0x00000000000012ac
R8 =0x7ffffffffffffffc, R9 =0x0000000000000001, R10=0x000000000000130c, R11=0x000001cd5cc731c8
R12=0x0000005f4283e610, R13=0x0000000000001320, R14=0x000001cd41a432b0, R15=0x0000000000001320
RIP=0x000000018000c274, EFLAGS=0x0000000000010246

XMM[0]=0x0000000000000000 0x0000000000000000
XMM[1]=0x0000000000000000 0x0000000000000000
XMM[2]=0x0000000000000000 0x0000000000000000
XMM[3]=0x0000000000000000 0x0000000000000000
XMM[4]=0x0000000000000000 0x0000000000000000
XMM[5]=0x0000000000000000 0x0000000000000000
XMM[6]=0x8282eb43367dbf2b 0xb4525d20c8b7a4c5
XMM[7]=0x6e3378d870e7b825 0x1070f583547d92b3
XMM[8]=0x0000000000000000 0x28e911ab687d629e
XMM[9]=0x34a4f1ca2fe15c1c 0xb4c1626ee53c92ad
XMM[10]=0xffffffffffffffff 0x0b0a090803020100
XMM[11]=0x6475f60b7b1adfd5 0x0000000000000000
XMM[12]=0x0b0a090803020100 0xffffffffffffffff
XMM[13]=0x0c0d0e0f08090a0b 0x0405060700010203
XMM[14]=0x0000000000000000 0x6c9c4e785cd1fc34
XMM[15]=0x0000000000000000 0x00000000f035adbc
  MXCSR=0x00001fa0


Register to memory mapping:

RAX=0x0 is null
RBX=0x000001cd414399c8 points into unknown readable memory: 0x0000000000000000 | 00 00 00 00 00 00 00 00
RCX=0x000000000000130c is an unknown value
RDX=0x0000000000000002 is an unknown value
RSP=0x0000005f4283e3d0 is pointing into the stack for thread: 0x000001cd42379f10
RBP=0x00000000000012ac is an unknown value
RSI=0x000001cd41a432e0 points into unknown readable memory: 0x000001cd41a432e0 | e0 32 a4 41 cd 01 00 00
RDI=0x00000000000012ac is an unknown value
R8 =0x7ffffffffffffffc is an unknown value
R9 =0x0000000000000001 is an unknown value
R10=0x000000000000130c is an unknown value
R11=0x000001cd5cc731c8 points into unknown readable memory: 0x00000000000007d0 | d0 07 00 00 00 00 00 00
R12=0x0000005f4283e610 is pointing into the stack for thread: 0x000001cd42379f10
R13=0x0000000000001320 is an unknown value
R14=0x000001cd41a432b0 points into unknown readable memory: 0x00000000000012ac | ac 12 00 00 00 00 00 00
R15=0x0000000000001320 is an unknown value

Top of Stack: (sp=0x0000005f4283e3d0)
0x0000005f4283e3d0:   0000000000000000 0000000000000000
0x0000005f4283e3e0:   00000000000012ac 000000018001f4c2
0x0000005f4283e3f0:   0000000180065ec8 0000000000002736
0x0000005f4283e400:   0000000000000000 000000000000130c
0x0000005f4283e410:   00000000000012ac 000000018000c506
0x0000005f4283e420:   000001cd414399c8 0000000000002736
0x0000005f4283e430:   0000000000000000 000001cd00000008
0x0000005f4283e440:   0000005f0000001e 0000000000000000
0x0000005f4283e450:   00000000000012ac 0000000000000000
0x0000005f4283e460:   0000000000000001 0000000000000000
0x0000005f4283e470:   00000000000012ac 00007ff8c74777e6
0x0000005f4283e480:   000000000000130c 0000000000001202
0x0000005f4283e490:   000001cd41a432e0 0000005f4283e5e0
0x0000005f4283e4a0:   0000000000000000 000001cd00000000
0x0000005f4283e4b0:   0000000000000003 000001cd00000001
0x0000005f4283e4c0:   0000000000000000 0000000000000000
0x0000005f4283e4d0:   00007ff800000000 00007ff8edfe0139
0x0000005f4283e4e0:   000000000000130c 0000000000000000
0x0000005f4283e4f0:   0000000000000000 000016fa4edd6298
0x0000005f4283e500:   000001cd414399b0 00007ff8c74782af
0x0000005f4283e510:   0000000000000028 00007ff870212cac
0x0000005f4283e520:   000001cd414399b8 000001cd5cc994a0
0x0000005f4283e530:   000001cd41a432b0 00007ff8c7478359
0x0000005f4283e540:   000001cd41a432e0 0000005f4283e610
0x0000005f4283e550:   000001cd41a432e0 000001cd41a432b0
0x0000005f4283e560:   000001cd42379f10 0000005f4283e610
0x0000005f4283e570:   000001cd775eb160 0000000000000000
0x0000005f4283e580:   000001cd41a432b0 00007ff8c7478787
0x0000005f4283e590:   0000000000000000 0000005f4283e610
0x0000005f4283e5a0:   0000000000001320 000001cd42379f10
0x0000005f4283e5b0:   0000000000000001 00007ff8c7477a75
0x0000005f4283e5c0:   00000000000012ac 0000005f4283e610 

Instructions: (pc=0x000000018000c274)
0x000000018000c174:   70 48 8b 6c 24 78 32 c0 48 83 c4 50 41 5c c3 cc
0x000000018000c184:   cc cc cc cc cc cc cc cc cc cc cc cc 48 85 c9 74
0x000000018000c194:   23 8b 05 ad ff 06 00 89 01 8b 05 a9 ff 06 00 89
0x000000018000c1a4:   41 04 8b 05 a4 ff 06 00 89 41 08 8b 05 9f ff 06
0x000000018000c1b4:   00 89 41 0c f3 c3 cc cc cc cc cc cc c6 01 01 c7
0x000000018000c1c4:   02 01 00 00 00 c3 cc cc cc cc cc cc 48 89 5c 24
0x000000018000c1d4:   08 57 48 83 ec 70 48 8b fa 8b d9 48 8d 15 82 73
0x000000018000c1e4:   05 00 48 8d 4c 24 20 45 33 c0 48 c7 44 24 40 0f
0x000000018000c1f4:   00 00 00 48 c7 44 24 38 00 00 00 00 c6 44 24 28
0x000000018000c204:   00 e8 d6 6b ff ff 4c 8d 4c 24 20 48 8d 4c 24 48
0x000000018000c214:   41 b0 01 8b d3 e8 52 06 02 00 48 83 78 20 10 72
0x000000018000c224:   06 48 8b 48 08 eb 05 48 8d 48 08 90 0f b6 01 48
0x000000018000c234:   ff c7 48 ff c1 88 47 ff 84 c0 75 f0 48 83 7c 24
0x000000018000c244:   68 10 72 0a 48 8b 4c 24 50 e8 52 94 03 00 48 8b
0x000000018000c254:   9c 24 80 00 00 00 48 83 c4 70 5f c3 48 83 ec 48
0x000000018000c264:   0f b6 c2 0f 57 c0 0f 11 44 24 ff 25 00 00 00 00
0x000000018000c274:   ae 7e ef ee f8 7f 00 00 8b 44 24 04 0f af 04 24
0x000000018000c284:   89 04 24 8b 44 24 04 0f af 04 24 83 c0 01 89 04
0x000000018000c294:   24 8b 44 24 04 0f af 04 24 83 c0 02 89 04 24 8b
0x000000018000c2a4:   44 24 04 0f af 04 24 83 c0 03 89 04 24 8b 44 24
0x000000018000c2b4:   04 0f af 04 24 83 c0 04 89 04 24 8b 44 24 04 0f
0x000000018000c2c4:   af 04 24 83 c0 05 89 04 24 8b 44 24 04 0f af 04
0x000000018000c2d4:   24 83 c0 06 89 04 24 8b 44 24 04 0f af 04 24 83
0x000000018000c2e4:   c0 07 89 04 24 8b 44 24 04 0f af 04 24 83 c0 08
0x000000018000c2f4:   89 04 24 8b 44 24 04 0f af 04 24 83 c0 09 89 04
0x000000018000c304:   24 8b 44 24 04 0f af 04 24 83 c0 0a 89 04 24 8b
0x000000018000c314:   44 24 04 0f af 04 24 83 c0 0b 89 04 24 8b 44 24
0x000000018000c324:   04 0f af 04 24 83 c0 0d 89 04 24 8b 44 24 04 0f
0x000000018000c334:   af 04 24 83 c0 0e 89 04 24 8b 44 24 04 0f af 04
0x000000018000c344:   24 83 c0 0f 89 04 24 8b 44 24 04 0f af 04 24 83
0x000000018000c354:   c0 10 89 04 24 8b 44 24 04 0f af 04 24 83 c0 11
0x000000018000c364:   89 04 24 8b 44 24 04 0f af 04 24 83 c0 12 89 04 


Stack slot to memory mapping:

stack at sp + 0 slots: 0x0 is null
stack at sp + 1 slots: 0x0 is null
stack at sp + 2 slots: 0x00000000000012ac is an unknown value
stack at sp + 3 slots: 0x000000018001f4c2 ASProxy64.dll
stack at sp + 4 slots: 0x0000000180065ec8 ASProxy64.dll
stack at sp + 5 slots: 0x0000000000002736 is an unknown value
stack at sp + 6 slots: 0x0 is null
stack at sp + 7 slots: 0x000000000000130c is an unknown value


---------------  P R O C E S S  ---------------

Threads class SMR info:
_java_thread_list=0x000001cd7a72bb90, length=59, elements={
0x000001cd5a809fb0, 0x000001cd7105e6c0, 0x000001cd5cd174d0, 0x000001cd5cd1e880,
0x000001cd5cd218d0, 0x000001cd5cd22f90, 0x000001cd5cd24a50, 0x000001cd725564a0,
0x000001cd725583f0, 0x000001cd72642f40, 0x000001cd72559f30, 0x000001cd78570710,
0x000001cd78ff53d0, 0x000001cd78e66810, 0x000001cd7918bd00, 0x000001cd78f7d960,
0x000001cd790208a0, 0x000001cd79020f30, 0x000001cd79021c50, 0x000001cd79802c40,
0x000001cd798032d0, 0x000001cd79803960, 0x000001cd79803ff0, 0x000001cd79804680,
0x000001cd79801f20, 0x000001cd79807b00, 0x000001cd79805a30, 0x000001cd798053a0,
0x000001cd798060c0, 0x000001cd79804d10, 0x000001cd79808820, 0x000001cd79809540,
0x000001cd79806750, 0x000001cd79806de0, 0x000001cd79808eb0, 0x000001cd79808190,
0x000001cd79807470, 0x000001cd7a930d30, 0x000001cd7a92f980, 0x000001cd7a9313c0,
0x000001cd7a930010, 0x000001cd7a931a50, 0x000001cd7a9306a0, 0x000001cd7a9320e0,
0x000001cd7a92ec60, 0x000001cd7a92f2f0, 0x000001cd7a934ed0, 0x000001cd7a932770,
0x000001cd7a932e00, 0x000001cd7a933490, 0x000001cd7a935bf0, 0x000001cd4237ac30,
0x000001cd42379880, 0x000001cd4237b2c0, 0x000001cd42379f10, 0x000001cd4237a5a0,
0x000001cd423784d0, 0x000001cd4237bfe0, 0x000001cd42378b60
}

Java Threads: ( => current thread )
  0x000001cd5a809fb0 JavaThread "main"                              [_thread_blocked, id=27116, stack(0x0000005f3c500000,0x0000005f3c600000) (1024K)]
  0x000001cd7105e6c0 JavaThread "Reference Handler"          daemon [_thread_blocked, id=28924, stack(0x0000005f3c900000,0x0000005f3ca00000) (1024K)]
  0x000001cd5cd174d0 JavaThread "Finalizer"                  daemon [_thread_blocked, id=20504, stack(0x0000005f3ca00000,0x0000005f3cb00000) (1024K)]
  0x000001cd5cd1e880 JavaThread "Signal Dispatcher"          daemon [_thread_blocked, id=18072, stack(0x0000005f3cb00000,0x0000005f3cc00000) (1024K)]
  0x000001cd5cd218d0 JavaThread "Attach Listener"            daemon [_thread_blocked, id=32176, stack(0x0000005f3cc00000,0x0000005f3cd00000) (1024K)]
  0x000001cd5cd22f90 JavaThread "Service Thread"             daemon [_thread_blocked, id=2864, stack(0x0000005f3cd00000,0x0000005f3ce00000) (1024K)]
  0x000001cd5cd24a50 JavaThread "Monitor Deflation Thread"   daemon [_thread_blocked, id=13952, stack(0x0000005f3ce00000,0x0000005f3cf00000) (1024K)]
  0x000001cd725564a0 JavaThread "C2 CompilerThread0"         daemon [_thread_blocked, id=26376, stack(0x0000005f3cf00000,0x0000005f3d000000) (1024K)]
  0x000001cd725583f0 JavaThread "C1 CompilerThread0"         daemon [_thread_blocked, id=32044, stack(0x0000005f3d000000,0x0000005f3d100000) (1024K)]
  0x000001cd72642f40 JavaThread "Common-Cleaner"             daemon [_thread_blocked, id=30220, stack(0x0000005f3d100000,0x0000005f3d200000) (1024K)]
  0x000001cd72559f30 JavaThread "C1 CompilerThread1"         daemon [_thread_blocked, id=28932, stack(0x0000005f3d200000,0x0000005f3d300000) (1024K)]
  0x000001cd78570710 JavaThread "Notification Thread"        daemon [_thread_blocked, id=8392, stack(0x0000005f3e800000,0x0000005f3e900000) (1024K)]
  0x000001cd78ff53d0 JavaThread "Active Thread: Equinox Container: c636fe29-8c3b-42d1-8d0c-054560ece39e"        [_thread_blocked, id=32516, stack(0x0000005f3f140000,0x0000005f3f240000) (1024K)]
  0x000001cd78e66810 JavaThread "Refresh Thread: Equinox Container: c636fe29-8c3b-42d1-8d0c-054560ece39e" daemon [_thread_blocked, id=29988, stack(0x0000005f3f340000,0x0000005f3f440000) (1024K)]
  0x000001cd7918bd00 JavaThread "Framework Event Dispatcher: Equinox Container: c636fe29-8c3b-42d1-8d0c-054560ece39e" daemon [_thread_blocked, id=21140, stack(0x0000005f3f440000,0x0000005f3f540000) (1024K)]
  0x000001cd78f7d960 JavaThread "Start Level: Equinox Container: c636fe29-8c3b-42d1-8d0c-054560ece39e" daemon [_thread_blocked, id=9268, stack(0x0000005f3f540000,0x0000005f3f640000) (1024K)]
  0x000001cd790208a0 JavaThread "Bundle File Closer"         daemon [_thread_blocked, id=276, stack(0x0000005f3f940000,0x0000005f3fa40000) (1024K)]
  0x000001cd79020f30 JavaThread "SCR Component Actor"        daemon [_thread_blocked, id=32656, stack(0x0000005f3fa40000,0x0000005f3fb40000) (1024K)]
  0x000001cd79021c50 JavaThread "Worker-JM"                         [_thread_blocked, id=24564, stack(0x0000005f3fd40000,0x0000005f3fe40000) (1024K)]
  0x000001cd79802c40 JavaThread "Worker-0: Initialize Workspace"        [_thread_blocked, id=33904, stack(0x0000005f3ff40000,0x0000005f40040000) (1024K)]
  0x000001cd798032d0 JavaThread "Worker-1"                          [_thread_blocked, id=4764, stack(0x0000005f3f040000,0x0000005f3f140000) (1024K)]
  0x000001cd79803960 JavaThread "Java indexing"              daemon [_thread_blocked, id=26616, stack(0x0000005f3ef40000,0x0000005f3f040000) (1024K)]
  0x000001cd79803ff0 JavaThread "JNA Cleaner"                daemon [_thread_blocked, id=25340, stack(0x0000005f3e600000,0x0000005f3e700000) (1024K)]
  0x000001cd79804680 JavaThread "Worker-2"                          [_thread_blocked, id=9712, stack(0x0000005f40340000,0x0000005f40440000) (1024K)]
  0x000001cd79801f20 JavaThread "Worker-3"                          [_thread_blocked, id=25264, stack(0x0000005f40540000,0x0000005f40640000) (1024K)]
  0x000001cd79807b00 JavaThread "Thread-2"                   daemon [_thread_in_native, id=33600, stack(0x0000005f40640000,0x0000005f40740000) (1024K)]
  0x000001cd79805a30 JavaThread "Thread-3"                   daemon [_thread_in_native, id=18100, stack(0x0000005f40740000,0x0000005f40840000) (1024K)]
  0x000001cd798053a0 JavaThread "Thread-4"                   daemon [_thread_in_native, id=34132, stack(0x0000005f40840000,0x0000005f40940000) (1024K)]
  0x000001cd798060c0 JavaThread "Thread-5"                   daemon [_thread_in_native, id=25348, stack(0x0000005f40940000,0x0000005f40a40000) (1024K)]
  0x000001cd79804d10 JavaThread "Thread-6"                   daemon [_thread_in_native, id=24292, stack(0x0000005f40a40000,0x0000005f40b40000) (1024K)]
  0x000001cd79808820 JavaThread "Thread-7"                   daemon [_thread_in_native, id=3132, stack(0x0000005f40b40000,0x0000005f40c40000) (1024K)]
  0x000001cd79809540 JavaThread "Thread-8"                   daemon [_thread_in_native, id=30380, stack(0x0000005f40c40000,0x0000005f40d40000) (1024K)]
  0x000001cd79806750 JavaThread "Thread-9"                   daemon [_thread_in_native, id=34624, stack(0x0000005f40d40000,0x0000005f40e40000) (1024K)]
  0x000001cd79806de0 JavaThread "Thread-10"                  daemon [_thread_in_native, id=9556, stack(0x0000005f40e40000,0x0000005f40f40000) (1024K)]
  0x000001cd79808eb0 JavaThread "Thread-11"                  daemon [_thread_in_native, id=13212, stack(0x0000005f40f40000,0x0000005f41040000) (1024K)]
  0x000001cd79808190 JavaThread "Thread-12"                  daemon [_thread_in_native, id=17584, stack(0x0000005f41040000,0x0000005f41140000) (1024K)]
  0x000001cd79807470 JavaThread "Thread-13"                  daemon [_thread_in_native, id=16972, stack(0x0000005f41140000,0x0000005f41240000) (1024K)]
  0x000001cd7a930d30 JavaThread "Thread-14"                  daemon [_thread_in_native, id=26056, stack(0x0000005f41240000,0x0000005f41340000) (1024K)]
  0x000001cd7a92f980 JavaThread "Thread-15"                  daemon [_thread_in_native, id=7012, stack(0x0000005f41340000,0x0000005f41440000) (1024K)]
  0x000001cd7a9313c0 JavaThread "Thread-16"                  daemon [_thread_in_native, id=9052, stack(0x0000005f41440000,0x0000005f41540000) (1024K)]
  0x000001cd7a930010 JavaThread "Thread-17"                  daemon [_thread_in_native, id=9300, stack(0x0000005f41540000,0x0000005f41640000) (1024K)]
  0x000001cd7a931a50 JavaThread "Thread-18"                  daemon [_thread_in_native, id=34664, stack(0x0000005f41640000,0x0000005f41740000) (1024K)]
  0x000001cd7a9306a0 JavaThread "pool-2-thread-1"                   [_thread_blocked, id=24324, stack(0x0000005f41940000,0x0000005f41a40000) (1024K)]
  0x000001cd7a9320e0 JavaThread "WorkspaceEventsHandler"            [_thread_blocked, id=30712, stack(0x0000005f41b40000,0x0000005f41c40000) (1024K)]
  0x000001cd7a92ec60 JavaThread "pool-1-thread-1"                   [_thread_blocked, id=29392, stack(0x0000005f41c40000,0x0000005f41d40000) (1024K)]
  0x000001cd7a92f2f0 JavaThread "Worker-4"                          [_thread_blocked, id=31540, stack(0x0000005f41f40000,0x0000005f42040000) (1024K)]
  0x000001cd7a934ed0 JavaThread "Timer-0"                           [_thread_blocked, id=15752, stack(0x0000005f42040000,0x0000005f42140000) (1024K)]
  0x000001cd7a932770 JavaThread "Timer-1"                           [_thread_blocked, id=8444, stack(0x0000005f41e40000,0x0000005f41f40000) (1024K)]
  0x000001cd7a932e00 JavaThread "Timer-2"                           [_thread_blocked, id=10740, stack(0x0000005f42140000,0x0000005f42240000) (1024K)]
  0x000001cd7a933490 JavaThread "LocalFile Deleter"          daemon [_thread_blocked, id=28420, stack(0x0000005f42240000,0x0000005f42340000) (1024K)]
  0x000001cd7a935bf0 JavaThread "LocalFile Deleter"          daemon [_thread_blocked, id=19504, stack(0x0000005f42340000,0x0000005f42440000) (1024K)]
  0x000001cd4237ac30 JavaThread "LocalFile Deleter"          daemon [_thread_blocked, id=20104, stack(0x0000005f42440000,0x0000005f42540000) (1024K)]
  0x000001cd42379880 JavaThread "Timer-3"                           [_thread_blocked, id=30468, stack(0x0000005f42540000,0x0000005f42640000) (1024K)]
  0x000001cd4237b2c0 JavaThread "Timer-4"                           [_thread_blocked, id=22872, stack(0x0000005f42640000,0x0000005f42740000) (1024K)]
=>0x000001cd42379f10 JavaThread "Connection worker"                 [_thread_in_native, id=8356, stack(0x0000005f42740000,0x0000005f42840000) (1024K)]
  0x000001cd4237a5a0 JavaThread "pool-3-thread-1"                   [_thread_blocked, id=21892, stack(0x0000005f41a40000,0x0000005f41b40000) (1024K)]
  0x000001cd423784d0 JavaThread "Exec process"                      [_thread_blocked, id=2188, stack(0x0000005f41d40000,0x0000005f41e40000) (1024K)]
  0x000001cd4237bfe0 JavaThread "Exec process Thread 2"             [_thread_blocked, id=7860, stack(0x0000005f42840000,0x0000005f42940000) (1024K)]
  0x000001cd42378b60 JavaThread "Exec process Thread 3"             [_thread_blocked, id=22120, stack(0x0000005f42940000,0x0000005f42a40000) (1024K)]
Total: 59

Other Threads:
  0x000001cd5cd12bd0 VMThread "VM Thread"                           [id=28064, stack(0x0000005f3c800000,0x0000005f3c900000) (1024K)]
  0x000001cd70f3c210 WatcherThread "VM Periodic Task Thread"        [id=33672, stack(0x0000005f3c700000,0x0000005f3c800000) (1024K)]
  0x000001cd5cc95020 WorkerThread "GC Thread#0"                     [id=28792, stack(0x0000005f3c600000,0x0000005f3c700000) (1024K)]
  0x000001cd78d1e730 WorkerThread "GC Thread#1"                     [id=23308, stack(0x0000005f3e940000,0x0000005f3ea40000) (1024K)]
  0x000001cd78d7b910 WorkerThread "GC Thread#2"                     [id=20156, stack(0x0000005f3ea40000,0x0000005f3eb40000) (1024K)]
  0x000001cd78d7bcb0 WorkerThread "GC Thread#3"                     [id=11128, stack(0x0000005f3eb40000,0x0000005f3ec40000) (1024K)]
  0x000001cd78c9e5f0 WorkerThread "GC Thread#4"                     [id=35164, stack(0x0000005f3ec40000,0x0000005f3ed40000) (1024K)]
  0x000001cd78c9eda0 WorkerThread "GC Thread#5"                     [id=15264, stack(0x0000005f3ed40000,0x0000005f3ee40000) (1024K)]
  0x000001cd78efd670 WorkerThread "GC Thread#6"                     [id=21624, stack(0x0000005f3ee40000,0x0000005f3ef40000) (1024K)]
  0x000001cd79291200 WorkerThread "GC Thread#7"                     [id=28916, stack(0x0000005f3f240000,0x0000005f3f340000) (1024K)]
  0x000001cd78d93300 WorkerThread "GC Thread#8"                     [id=32368, stack(0x0000005f3f640000,0x0000005f3f740000) (1024K)]
  0x000001cd794a3dc0 WorkerThread "GC Thread#9"                     [id=32428, stack(0x0000005f3f740000,0x0000005f3f840000) (1024K)]
  0x000001cd7904c590 WorkerThread "GC Thread#10"                    [id=19572, stack(0x0000005f3f840000,0x0000005f3f940000) (1024K)]
  0x000001cd7904d070 WorkerThread "GC Thread#11"                    [id=27388, stack(0x0000005f3fc40000,0x0000005f3fd40000) (1024K)]
  0x000001cd7904d7b0 WorkerThread "GC Thread#12"                    [id=35828, stack(0x0000005f3fe40000,0x0000005f3ff40000) (1024K)]
Total: 15

Threads with active compile tasks:
Total: 0

VM state: not at safepoint (normal execution)

VM Mutex/Monitor currently owned by a thread: None

Heap address: 0x00000000c0000000, size: 1024 MB, Compressed Oops mode: 32-bit

CDS archive(s) mapped at: [0x000001cd00000000-0x000001cd00ba0000-0x000001cd00ba0000), size 12189696, SharedBaseAddress: 0x000001cd00000000, ArchiveRelocationMode: 1.
Compressed class space mapped at: 0x000001cd01000000-0x000001cd41000000, reserved size: 1073741824
Narrow klass base: 0x000001cd00000000, Narrow klass shift: 0, Narrow klass range: 0x100000000

GC Precious Log:
 CardTable entry size: 512
 CPUs: 16 total, 16 available
 Memory: 16096M
 Large Page Support: Disabled
 NUMA Support: Disabled
 Compressed Oops: Enabled (32-bit)
 Alignments: Space 512K, Generation 512K, Heap 2M
 Heap Min Capacity: 100M
 Heap Initial Capacity: 100M
 Heap Max Capacity: 1G
 Pre-touch: Disabled
 Parallel Workers: 13

Heap:
 PSYoungGen      total 14848K, used 2533K [0x00000000eab00000, 0x00000000ebb80000, 0x0000000100000000)
  eden space 14336K, 14% used [0x00000000eab00000,0x00000000ead096a0,0x00000000eb900000)
  from space 512K, 87% used [0x00000000eba00000,0x00000000eba70000,0x00000000eba80000)
  to   space 1024K, 0% used [0x00000000eba80000,0x00000000eba80000,0x00000000ebb80000)
 ParOldGen       total 68608K, used 42117K [0x00000000c0000000, 0x00000000c4300000, 0x00000000eab00000)
  object space 68608K, 61% used [0x00000000c0000000,0x00000000c2921560,0x00000000c4300000)
 Metaspace       used 62442K, committed 63744K, reserved 1114112K
  class space    used 7717K, committed 8320K, reserved 1048576K

Card table byte_map: [0x000001cd5c610000,0x000001cd5c820000] _byte_map_base: 0x000001cd5c010000

Marking Bits: (ParMarkBitMap*) 0x00007ff8708531f0
 Begin Bits: [0x000001cd6ee60000, 0x000001cd6fe60000)
 End Bits:   [0x000001cd6fe60000, 0x000001cd70e60000)

Polling page: 0x000001cd5aaa0000

Metaspace:

Usage:
  Non-class:     53.44 MB used.
      Class:      7.54 MB used.
       Both:     60.98 MB used.

Virtual space:
  Non-class space:       64.00 MB reserved,      54.12 MB ( 85%) committed,  1 nodes.
      Class space:        1.00 GB reserved,       8.12 MB ( <1%) committed,  1 nodes.
             Both:        1.06 GB reserved,      62.25 MB (  6%) committed. 

Chunk freelists:
   Non-Class:  8.97 MB
       Class:  7.88 MB
        Both:  16.84 MB

MaxMetaspaceSize: unlimited
CompressedClassSpaceSize: 1.00 GB
Initial GC threshold: 21.00 MB
Current GC threshold: 97.31 MB
CDS: on
 - commit_granule_bytes: 65536.
 - commit_granule_words: 8192.
 - virtual_space_node_default_size: 8388608.
 - enlarge_chunks_in_place: 1.
 - use_allocation_guard: 0.


Internal statistics:

num_allocs_failed_limit: 9.
num_arena_births: 1130.
num_arena_deaths: 14.
num_vsnodes_births: 2.
num_vsnodes_deaths: 0.
num_space_committed: 996.
num_space_uncommitted: 0.
num_chunks_returned_to_freelist: 23.
num_chunks_taken_from_freelist: 3740.
num_chunk_merges: 15.
num_chunk_splits: 2475.
num_chunks_enlarged: 1630.
num_inconsistent_stats: 0.

CodeHeap 'non-profiled nmethods': size=119168Kb used=5089Kb max_used=5089Kb free=114078Kb
 bounds [0x000001cd67a00000, 0x000001cd67f00000, 0x000001cd6ee60000]
CodeHeap 'profiled nmethods': size=119104Kb used=14395Kb max_used=14678Kb free=104708Kb
 bounds [0x000001cd5fe60000, 0x000001cd60cc0000, 0x000001cd672b0000]
CodeHeap 'non-nmethods': size=7488Kb used=1952Kb max_used=3171Kb free=5535Kb
 bounds [0x000001cd672b0000, 0x000001cd675e0000, 0x000001cd67a00000]
 total_blobs=7761 nmethods=7073 adapters=593
 compilation: enabled
              stopped_count=0, restarted_count=0
 full_count=0

Compilation events (20 events):
Event: 8.002 Thread 0x000001cd725583f0 nmethod 7869 0x000001cd6033a590 code [0x000001cd6033aa80, 0x000001cd6033cdb0]
Event: 8.002 Thread 0x000001cd725583f0 7865       3       java.security.Provider::getEngineName (49 bytes)
Event: 8.002 Thread 0x000001cd72559f30 nmethod 7866 0x000001cd60621890 code [0x000001cd60621c20, 0x000001cd60623158]
Event: 8.002 Thread 0x000001cd72559f30 7867       3       java.security.Provider::check (18 bytes)
Event: 8.003 Thread 0x000001cd725583f0 nmethod 7865 0x000001cd60836d90 code [0x000001cd60836fc0, 0x000001cd60837800]
Event: 8.003 Thread 0x000001cd725583f0 7868       3       java.security.Provider::implRemoveService (149 bytes)
Event: 8.003 Thread 0x000001cd72559f30 nmethod 7867 0x000001cd60339f10 code [0x000001cd6033a0e0, 0x000001cd6033a440]
Event: 8.003 Thread 0x000001cd72559f30 7870       3       java.security.Provider::checkAndUpdateSecureRandom (88 bytes)
Event: 8.003 Thread 0x000001cd72559f30 nmethod 7870 0x000001cd60339810 code [0x000001cd603399e0, 0x000001cd60339d80]
Event: 8.003 Thread 0x000001cd72559f30 7872       3       sun.security.util.SecurityProviderConstants::getAliases (63 bytes)
Event: 8.003 Thread 0x000001cd725583f0 nmethod 7868 0x000001cd60620590 code [0x000001cd60620840, 0x000001cd606214c0]
Event: 8.003 Thread 0x000001cd725583f0 7873       1       java.nio.DirectByteBuffer::attachment (5 bytes)
Event: 8.003 Thread 0x000001cd725583f0 nmethod 7873 0x000001cd67ef7d90 code [0x000001cd67ef7f20, 0x000001cd67ef7fe8]
Event: 8.003 Thread 0x000001cd72559f30 nmethod 7872 0x000001cd6061f790 code [0x000001cd6061fa00, 0x000001cd606202a0]
Event: 8.008 Thread 0x000001cd725583f0 7874       3       java.security.MessageDigest::update (11 bytes)
Event: 8.008 Thread 0x000001cd72559f30 7875       3       java.security.MessageDigest$Delegate::engineUpdate (9 bytes)
Event: 8.008 Thread 0x000001cd72559f30 nmethod 7875 0x000001cd60836790 code [0x000001cd60836940, 0x000001cd60836b18]
Event: 8.008 Thread 0x000001cd725583f0 nmethod 7874 0x000001cd60339290 code [0x000001cd60339440, 0x000001cd60339700]
Event: 8.008 Thread 0x000001cd725583f0 7876       3       sun.security.provider.DigestBase::engineUpdate (32 bytes)
Event: 8.008 Thread 0x000001cd725583f0 nmethod 7876 0x000001cd60338b10 code [0x000001cd60338cc0, 0x000001cd60338f28]

GC Heap History (20 events):
Event: 5.946 GC heap before
{Heap before GC invocations=43 (full 3):
 PSYoungGen      total 15872K, used 14688K [0x00000000eab00000, 0x00000000ebe80000, 0x0000000100000000)
  eden space 14336K, 100% used [0x00000000eab00000,0x00000000eb900000,0x00000000eb900000)
  from space 1536K, 22% used [0x00000000ebc00000,0x00000000ebc58000,0x00000000ebd80000)
  to   space 1024K, 0% used [0x00000000ebd80000,0x00000000ebd80000,0x00000000ebe80000)
 ParOldGen       total 68608K, used 38761K [0x00000000c0000000, 0x00000000c4300000, 0x00000000eab00000)
  object space 68608K, 56% used [0x00000000c0000000,0x00000000c25da678,0x00000000c4300000)
 Metaspace       used 58848K, committed 60096K, reserved 1114112K
  class space    used 7200K, committed 7744K, reserved 1048576K
}
Event: 5.946 GC heap after
{Heap after GC invocations=43 (full 3):
 PSYoungGen      total 15360K, used 1020K [0x00000000eab00000, 0x00000000ebe80000, 0x0000000100000000)
  eden space 14336K, 0% used [0x00000000eab00000,0x00000000eab00000,0x00000000eb900000)
  from space 1024K, 99% used [0x00000000ebd80000,0x00000000ebe7f1f0,0x00000000ebe80000)
  to   space 1536K, 0% used [0x00000000ebb80000,0x00000000ebb80000,0x00000000ebd00000)
 ParOldGen       total 68608K, used 39028K [0x00000000c0000000, 0x00000000c4300000, 0x00000000eab00000)
  object space 68608K, 56% used [0x00000000c0000000,0x00000000c261d328,0x00000000c4300000)
 Metaspace       used 58848K, committed 60096K, reserved 1114112K
  class space    used 7200K, committed 7744K, reserved 1048576K
}
Event: 6.002 GC heap before
{Heap before GC invocations=44 (full 3):
 PSYoungGen      total 15360K, used 15356K [0x00000000eab00000, 0x00000000ebe80000, 0x0000000100000000)
  eden space 14336K, 100% used [0x00000000eab00000,0x00000000eb900000,0x00000000eb900000)
  from space 1024K, 99% used [0x00000000ebd80000,0x00000000ebe7f1f0,0x00000000ebe80000)
  to   space 1536K, 0% used [0x00000000ebb80000,0x00000000ebb80000,0x00000000ebd00000)
 ParOldGen       total 68608K, used 39028K [0x00000000c0000000, 0x00000000c4300000, 0x00000000eab00000)
  object space 68608K, 56% used [0x00000000c0000000,0x00000000c261d328,0x00000000c4300000)
 Metaspace       used 58848K, committed 60096K, reserved 1114112K
  class space    used 7200K, committed 7744K, reserved 1048576K
}
Event: 6.002 GC heap after
{Heap after GC invocations=44 (full 3):
 PSYoungGen      total 15360K, used 1009K [0x00000000eab00000, 0x00000000ebe00000, 0x0000000100000000)
  eden space 14336K, 0% used [0x00000000eab00000,0x00000000eab00000,0x00000000eb900000)
  from space 1024K, 98% used [0x00000000ebb80000,0x00000000ebc7c678,0x00000000ebc80000)
  to   space 1536K, 0% used [0x00000000ebc80000,0x00000000ebc80000,0x00000000ebe00000)
 ParOldGen       total 68608K, used 39132K [0x00000000c0000000, 0x00000000c4300000, 0x00000000eab00000)
  object space 68608K, 57% used [0x00000000c0000000,0x00000000c2637338,0x00000000c4300000)
 Metaspace       used 58848K, committed 60096K, reserved 1114112K
  class space    used 7200K, committed 7744K, reserved 1048576K
}
Event: 6.056 GC heap before
{Heap before GC invocations=45 (full 3):
 PSYoungGen      total 15360K, used 15345K [0x00000000eab00000, 0x00000000ebe00000, 0x0000000100000000)
  eden space 14336K, 100% used [0x00000000eab00000,0x00000000eb900000,0x00000000eb900000)
  from space 1024K, 98% used [0x00000000ebb80000,0x00000000ebc7c678,0x00000000ebc80000)
  to   space 1536K, 0% used [0x00000000ebc80000,0x00000000ebc80000,0x00000000ebe00000)
 ParOldGen       total 68608K, used 39132K [0x00000000c0000000, 0x00000000c4300000, 0x00000000eab00000)
  object space 68608K, 57% used [0x00000000c0000000,0x00000000c2637338,0x00000000c4300000)
 Metaspace       used 58848K, committed 60096K, reserved 1114112K
  class space    used 7200K, committed 7744K, reserved 1048576K
}
Event: 6.058 GC heap after
{Heap after GC invocations=45 (full 3):
 PSYoungGen      total 14848K, used 448K [0x00000000eab00000, 0x00000000ebd00000, 0x0000000100000000)
  eden space 14336K, 0% used [0x00000000eab00000,0x00000000eab00000,0x00000000eb900000)
  from space 512K, 87% used [0x00000000ebc80000,0x00000000ebcf0000,0x00000000ebd00000)
  to   space 1024K, 0% used [0x00000000ebb00000,0x00000000ebb00000,0x00000000ebc00000)
 ParOldGen       total 68608K, used 39204K [0x00000000c0000000, 0x00000000c4300000, 0x00000000eab00000)
  object space 68608K, 57% used [0x00000000c0000000,0x00000000c2649338,0x00000000c4300000)
 Metaspace       used 58848K, committed 60096K, reserved 1114112K
  class space    used 7200K, committed 7744K, reserved 1048576K
}
Event: 6.109 GC heap before
{Heap before GC invocations=46 (full 3):
 PSYoungGen      total 14848K, used 14784K [0x00000000eab00000, 0x00000000ebd00000, 0x0000000100000000)
  eden space 14336K, 100% used [0x00000000eab00000,0x00000000eb900000,0x00000000eb900000)
  from space 512K, 87% used [0x00000000ebc80000,0x00000000ebcf0000,0x00000000ebd00000)
  to   space 1024K, 0% used [0x00000000ebb00000,0x00000000ebb00000,0x00000000ebc00000)
 ParOldGen       total 68608K, used 39204K [0x00000000c0000000, 0x00000000c4300000, 0x00000000eab00000)
  object space 68608K, 57% used [0x00000000c0000000,0x00000000c2649338,0x00000000c4300000)
 Metaspace       used 58848K, committed 60096K, reserved 1114112K
  class space    used 7200K, committed 7744K, reserved 1048576K
}
Event: 6.109 GC heap after
{Heap after GC invocations=46 (full 3):
 PSYoungGen      total 15360K, used 1021K [0x00000000eab00000, 0x00000000ebd00000, 0x0000000100000000)
  eden space 14336K, 0% used [0x00000000eab00000,0x00000000eab00000,0x00000000eb900000)
  from space 1024K, 99% used [0x00000000ebb00000,0x00000000ebbff588,0x00000000ebc00000)
  to   space 1024K, 0% used [0x00000000ebc00000,0x00000000ebc00000,0x00000000ebd00000)
 ParOldGen       total 68608K, used 39537K [0x00000000c0000000, 0x00000000c4300000, 0x00000000eab00000)
  object space 68608K, 57% used [0x00000000c0000000,0x00000000c269c580,0x00000000c4300000)
 Metaspace       used 58848K, committed 60096K, reserved 1114112K
  class space    used 7200K, committed 7744K, reserved 1048576K
}
Event: 6.168 GC heap before
{Heap before GC invocations=47 (full 3):
 PSYoungGen      total 15360K, used 15357K [0x00000000eab00000, 0x00000000ebd00000, 0x0000000100000000)
  eden space 14336K, 100% used [0x00000000eab00000,0x00000000eb900000,0x00000000eb900000)
  from space 1024K, 99% used [0x00000000ebb00000,0x00000000ebbff588,0x00000000ebc00000)
  to   space 1024K, 0% used [0x00000000ebc00000,0x00000000ebc00000,0x00000000ebd00000)
 ParOldGen       total 68608K, used 39537K [0x00000000c0000000, 0x00000000c4300000, 0x00000000eab00000)
  object space 68608K, 57% used [0x00000000c0000000,0x00000000c269c580,0x00000000c4300000)
 Metaspace       used 58848K, committed 60096K, reserved 1114112K
  class space    used 7200K, committed 7744K, reserved 1048576K
}
Event: 6.168 GC heap after
{Heap after GC invocations=47 (full 3):
 PSYoungGen      total 15360K, used 768K [0x00000000eab00000, 0x00000000ebd00000, 0x0000000100000000)
  eden space 14336K, 0% used [0x00000000eab00000,0x00000000eab00000,0x00000000eb900000)
  from space 1024K, 75% used [0x00000000ebc00000,0x00000000ebcc00d0,0x00000000ebd00000)
  to   space 1024K, 0% used [0x00000000ebb00000,0x00000000ebb00000,0x00000000ebc00000)
 ParOldGen       total 68608K, used 39593K [0x00000000c0000000, 0x00000000c4300000, 0x00000000eab00000)
  object space 68608K, 57% used [0x00000000c0000000,0x00000000c26aa580,0x00000000c4300000)
 Metaspace       used 58848K, committed 60096K, reserved 1114112K
  class space    used 7200K, committed 7744K, reserved 1048576K
}
Event: 6.217 GC heap before
{Heap before GC invocations=48 (full 3):
 PSYoungGen      total 15360K, used 15099K [0x00000000eab00000, 0x00000000ebd00000, 0x0000000100000000)
  eden space 14336K, 99% used [0x00000000eab00000,0x00000000eb8fed20,0x00000000eb900000)
  from space 1024K, 75% used [0x00000000ebc00000,0x00000000ebcc00d0,0x00000000ebd00000)
  to   space 1024K, 0% used [0x00000000ebb00000,0x00000000ebb00000,0x00000000ebc00000)
 ParOldGen       total 68608K, used 39593K [0x00000000c0000000, 0x00000000c4300000, 0x00000000eab00000)
  object space 68608K, 57% used [0x00000000c0000000,0x00000000c26aa580,0x00000000c4300000)
 Metaspace       used 58848K, committed 60096K, reserved 1114112K
  class space    used 7200K, committed 7744K, reserved 1048576K
}
Event: 6.218 GC heap after
{Heap after GC invocations=48 (full 3):
 PSYoungGen      total 14848K, used 352K [0x00000000eab00000, 0x00000000ebc80000, 0x0000000100000000)
  eden space 14336K, 0% used [0x00000000eab00000,0x00000000eab00000,0x00000000eb900000)
  from space 512K, 68% used [0x00000000ebb00000,0x00000000ebb58000,0x00000000ebb80000)
  to   space 1024K, 0% used [0x00000000ebb80000,0x00000000ebb80000,0x00000000ebc80000)
 ParOldGen       total 68608K, used 40226K [0x00000000c0000000, 0x00000000c4300000, 0x00000000eab00000)
  object space 68608K, 58% used [0x00000000c0000000,0x00000000c2748988,0x00000000c4300000)
 Metaspace       used 58848K, committed 60096K, reserved 1114112K
  class space    used 7200K, committed 7744K, reserved 1048576K
}
Event: 6.273 GC heap before
{Heap before GC invocations=49 (full 3):
 PSYoungGen      total 14848K, used 14688K [0x00000000eab00000, 0x00000000ebc80000, 0x0000000100000000)
  eden space 14336K, 100% used [0x00000000eab00000,0x00000000eb900000,0x00000000eb900000)
  from space 512K, 68% used [0x00000000ebb00000,0x00000000ebb58000,0x00000000ebb80000)
  to   space 1024K, 0% used [0x00000000ebb80000,0x00000000ebb80000,0x00000000ebc80000)
 ParOldGen       total 68608K, used 40226K [0x00000000c0000000, 0x00000000c4300000, 0x00000000eab00000)
  object space 68608K, 58% used [0x00000000c0000000,0x00000000c2748988,0x00000000c4300000)
 Metaspace       used 58848K, committed 60096K, reserved 1114112K
  class space    used 7200K, committed 7744K, reserved 1048576K
}
Event: 6.273 GC heap after
{Heap after GC invocations=49 (full 3):
 PSYoungGen      total 15360K, used 1023K [0x00000000eab00000, 0x00000000ebc80000, 0x0000000100000000)
  eden space 14336K, 0% used [0x00000000eab00000,0x00000000eab00000,0x00000000eb900000)
  from space 1024K, 99% used [0x00000000ebb80000,0x00000000ebc7fd00,0x00000000ebc80000)
  to   space 1536K, 0% used [0x00000000eb980000,0x00000000eb980000,0x00000000ebb00000)
 ParOldGen       total 68608K, used 40528K [0x00000000c0000000, 0x00000000c4300000, 0x00000000eab00000)
  object space 68608K, 59% used [0x00000000c0000000,0x00000000c2794330,0x00000000c4300000)
 Metaspace       used 58848K, committed 60096K, reserved 1114112K
  class space    used 7200K, committed 7744K, reserved 1048576K
}
Event: 6.341 GC heap before
{Heap before GC invocations=50 (full 3):
 PSYoungGen      total 15360K, used 15359K [0x00000000eab00000, 0x00000000ebc80000, 0x0000000100000000)
  eden space 14336K, 100% used [0x00000000eab00000,0x00000000eb900000,0x00000000eb900000)
  from space 1024K, 99% used [0x00000000ebb80000,0x00000000ebc7fd00,0x00000000ebc80000)
  to   space 1536K, 0% used [0x00000000eb980000,0x00000000eb980000,0x00000000ebb00000)
 ParOldGen       total 68608K, used 40528K [0x00000000c0000000, 0x00000000c4300000, 0x00000000eab00000)
  object space 68608K, 59% used [0x00000000c0000000,0x00000000c2794330,0x00000000c4300000)
 Metaspace       used 59125K, committed 60352K, reserved 1114112K
  class space    used 7248K, committed 7808K, reserved 1048576K
}
Event: 6.341 GC heap after
{Heap after GC invocations=50 (full 3):
 PSYoungGen      total 15872K, used 448K [0x00000000eab00000, 0x00000000ebc00000, 0x0000000100000000)
  eden space 14336K, 0% used [0x00000000eab00000,0x00000000eab00000,0x00000000eb900000)
  from space 1536K, 29% used [0x00000000eb980000,0x00000000eb9f0000,0x00000000ebb00000)
  to   space 1024K, 0% used [0x00000000ebb00000,0x00000000ebb00000,0x00000000ebc00000)
 ParOldGen       total 68608K, used 40624K [0x00000000c0000000, 0x00000000c4300000, 0x00000000eab00000)
  object space 68608K, 59% used [0x00000000c0000000,0x00000000c27ac330,0x00000000c4300000)
 Metaspace       used 59125K, committed 60352K, reserved 1114112K
  class space    used 7248K, committed 7808K, reserved 1048576K
}
Event: 6.466 GC heap before
{Heap before GC invocations=51 (full 3):
 PSYoungGen      total 15872K, used 14784K [0x00000000eab00000, 0x00000000ebc00000, 0x0000000100000000)
  eden space 14336K, 100% used [0x00000000eab00000,0x00000000eb900000,0x00000000eb900000)
  from space 1536K, 29% used [0x00000000eb980000,0x00000000eb9f0000,0x00000000ebb00000)
  to   space 1024K, 0% used [0x00000000ebb00000,0x00000000ebb00000,0x00000000ebc00000)
 ParOldGen       total 68608K, used 40624K [0x00000000c0000000, 0x00000000c4300000, 0x00000000eab00000)
  object space 68608K, 59% used [0x00000000c0000000,0x00000000c27ac330,0x00000000c4300000)
 Metaspace       used 60772K, committed 62080K, reserved 1114112K
  class space    used 7506K, committed 8128K, reserved 1048576K
}
Event: 6.467 GC heap after
{Heap after GC invocations=51 (full 3):
 PSYoungGen      total 15360K, used 672K [0x00000000eab00000, 0x00000000ebc00000, 0x0000000100000000)
  eden space 14336K, 0% used [0x00000000eab00000,0x00000000eab00000,0x00000000eb900000)
  from space 1024K, 65% used [0x00000000ebb00000,0x00000000ebba8010,0x00000000ebc00000)
  to   space 1024K, 0% used [0x00000000eba00000,0x00000000eba00000,0x00000000ebb00000)
 ParOldGen       total 68608K, used 40816K [0x00000000c0000000, 0x00000000c4300000, 0x00000000eab00000)
  object space 68608K, 59% used [0x00000000c0000000,0x00000000c27dc040,0x00000000c4300000)
 Metaspace       used 60772K, committed 62080K, reserved 1114112K
  class space    used 7506K, committed 8128K, reserved 1048576K
}
Event: 7.976 GC heap before
{Heap before GC invocations=52 (full 3):
 PSYoungGen      total 15360K, used 15008K [0x00000000eab00000, 0x00000000ebc00000, 0x0000000100000000)
  eden space 14336K, 100% used [0x00000000eab00000,0x00000000eb900000,0x00000000eb900000)
  from space 1024K, 65% used [0x00000000ebb00000,0x00000000ebba8010,0x00000000ebc00000)
  to   space 1024K, 0% used [0x00000000eba00000,0x00000000eba00000,0x00000000ebb00000)
 ParOldGen       total 68608K, used 40816K [0x00000000c0000000, 0x00000000c4300000, 0x00000000eab00000)
  object space 68608K, 59% used [0x00000000c0000000,0x00000000c27dc040,0x00000000c4300000)
 Metaspace       used 62189K, committed 63488K, reserved 1114112K
  class space    used 7681K, committed 8256K, reserved 1048576K
}
Event: 7.978 GC heap after
{Heap after GC invocations=52 (full 3):
 PSYoungGen      total 14848K, used 448K [0x00000000eab00000, 0x00000000ebb80000, 0x0000000100000000)
  eden space 14336K, 0% used [0x00000000eab00000,0x00000000eab00000,0x00000000eb900000)
  from space 512K, 87% used [0x00000000eba00000,0x00000000eba70000,0x00000000eba80000)
  to   space 1024K, 0% used [0x00000000eba80000,0x00000000eba80000,0x00000000ebb80000)
 ParOldGen       total 68608K, used 42117K [0x00000000c0000000, 0x00000000c4300000, 0x00000000eab00000)
  object space 68608K, 61% used [0x00000000c0000000,0x00000000c2921560,0x00000000c4300000)
 Metaspace       used 62189K, committed 63488K, reserved 1114112K
  class space    used 7681K, committed 8256K, reserved 1048576K
}

Dll operation events (15 events):
Event: 0.077 Loaded shared library c:\Users\admin\.cursor\extensions\redhat.java-1.42.0-win32-x64\jre\21.0.7-win32-x86_64\bin\java.dll
Event: 0.118 Loaded shared library c:\Users\admin\.cursor\extensions\redhat.java-1.42.0-win32-x64\jre\21.0.7-win32-x86_64\bin\zip.dll
Event: 0.131 Loaded shared library C:\Users\admin\.cursor\extensions\redhat.java-1.42.0-win32-x64\jre\21.0.7-win32-x86_64\bin\instrument.dll
Event: 0.134 Loaded shared library C:\Users\admin\.cursor\extensions\redhat.java-1.42.0-win32-x64\jre\21.0.7-win32-x86_64\bin\net.dll
Event: 0.139 Loaded shared library C:\Users\admin\.cursor\extensions\redhat.java-1.42.0-win32-x64\jre\21.0.7-win32-x86_64\bin\nio.dll
Event: 0.141 Loaded shared library C:\Users\admin\.cursor\extensions\redhat.java-1.42.0-win32-x64\jre\21.0.7-win32-x86_64\bin\zip.dll
Event: 0.151 Loaded shared library C:\Users\admin\.cursor\extensions\redhat.java-1.42.0-win32-x64\jre\21.0.7-win32-x86_64\bin\jimage.dll
Event: 0.189 Loaded shared library c:\Users\admin\.cursor\extensions\redhat.java-1.42.0-win32-x64\jre\21.0.7-win32-x86_64\bin\verify.dll
Event: 0.770 Loaded shared library C:\Users\admin\AppData\Roaming\Cursor\User\globalStorage\redhat.java\1.42.0\config_win\org.eclipse.equinox.launcher\org.eclipse.equinox.launcher.win32.win32.x86_64_1.2.1300.v20250331-1702\eclipse_11911.dll
Event: 2.080 Loaded shared library C:\Users\admin\.cursor\extensions\redhat.java-1.42.0-win32-x64\jre\21.0.7-win32-x86_64\bin\management.dll
Event: 2.083 Loaded shared library C:\Users\admin\.cursor\extensions\redhat.java-1.42.0-win32-x64\jre\21.0.7-win32-x86_64\bin\management_ext.dll
Event: 2.406 Loaded shared library C:\Users\admin\AppData\Local\Temp\jna-92668751\jna10895645912987589343.dll
Event: 4.372 Loaded shared library C:\Users\admin\.gradle\native\1def1411415f61bf3af743bc5b6707747c0891f09f0c88961ee8f79bc544acac\windows-amd64\native-platform.dll
Event: 6.355 Loaded shared library C:\Users\admin\.cursor\extensions\redhat.java-1.42.0-win32-x64\jre\21.0.7-win32-x86_64\bin\extnet.dll
Event: 7.981 Loaded shared library C:\Users\admin\.cursor\extensions\redhat.java-1.42.0-win32-x64\jre\21.0.7-win32-x86_64\bin\sunmscapi.dll

Deoptimization events (20 events):
Event: 7.991 Thread 0x000001cd42379f10 Uncommon trap: trap_request=0xffffff45 fr.pc=0x000001cd67ab2dfc relative=0x00000000000008bc
Event: 7.991 Thread 0x000001cd42379f10 Uncommon trap: reason=unstable_if action=reinterpret pc=0x000001cd67ab2dfc method=java.util.HashMap.computeIfAbsent(Ljava/lang/Object;Ljava/util/function/Function;)Ljava/lang/Object; @ 294 c2
Event: 7.991 Thread 0x000001cd42379f10 DEOPT PACKING pc=0x000001cd67ab2dfc sp=0x0000005f4283c5b0
Event: 7.991 Thread 0x000001cd42379f10 DEOPT UNPACKING pc=0x000001cd67303aa2 sp=0x0000005f4283c558 mode 2
Event: 8.009 Thread 0x000001cd42379f10 Uncommon trap: trap_request=0xffffff45 fr.pc=0x000001cd67d78644 relative=0x0000000000000b84
Event: 8.009 Thread 0x000001cd42379f10 Uncommon trap: reason=unstable_if action=reinterpret pc=0x000001cd67d78644 method=sun.nio.fs.WindowsPath.openForReadAttributeAccess(Z)J @ 5 c2
Event: 8.009 Thread 0x000001cd42379f10 DEOPT PACKING pc=0x000001cd67d78644 sp=0x0000005f4283e170
Event: 8.009 Thread 0x000001cd42379f10 DEOPT UNPACKING pc=0x000001cd67303aa2 sp=0x0000005f4283e148 mode 2
Event: 8.009 Thread 0x000001cd42379f10 Uncommon trap: trap_request=0xffffff45 fr.pc=0x000001cd67d7d088 relative=0x0000000000000a68
Event: 8.009 Thread 0x000001cd42379f10 Uncommon trap: reason=unstable_if action=reinterpret pc=0x000001cd67d7d088 method=sun.nio.fs.WindowsNativeDispatcher.asNativeBuffer(Ljava/lang/String;)Lsun/nio/fs/NativeBuffer; @ 52 c2
Event: 8.009 Thread 0x000001cd42379f10 DEOPT PACKING pc=0x000001cd67d7d088 sp=0x0000005f4283e0f0
Event: 8.009 Thread 0x000001cd42379f10 DEOPT UNPACKING pc=0x000001cd67303aa2 sp=0x0000005f4283df98 mode 2
Event: 8.009 Thread 0x000001cd42379f10 Uncommon trap: trap_request=0xffffff45 fr.pc=0x000001cd67d76630 relative=0x0000000000000650
Event: 8.009 Thread 0x000001cd42379f10 Uncommon trap: reason=unstable_if action=reinterpret pc=0x000001cd67d76630 method=sun.nio.fs.WindowsFileAttributes.isReparsePoint(I)Z @ 5 c2
Event: 8.009 Thread 0x000001cd42379f10 DEOPT PACKING pc=0x000001cd67d76630 sp=0x0000005f4283e190
Event: 8.009 Thread 0x000001cd42379f10 DEOPT UNPACKING pc=0x000001cd67303aa2 sp=0x0000005f4283e0b8 mode 2
Event: 8.009 Thread 0x000001cd42379f10 Uncommon trap: trap_request=0xffffff45 fr.pc=0x000001cd67d3a004 relative=0x00000000000001c4
Event: 8.009 Thread 0x000001cd42379f10 Uncommon trap: reason=unstable_if action=reinterpret pc=0x000001cd67d3a004 method=sun.nio.fs.NativeBuffers.getNativeBufferFromCache(I)Lsun/nio/fs/NativeBuffer; @ 34 c2
Event: 8.009 Thread 0x000001cd42379f10 DEOPT PACKING pc=0x000001cd67d3a004 sp=0x0000005f4283e0a0
Event: 8.009 Thread 0x000001cd42379f10 DEOPT UNPACKING pc=0x000001cd67303aa2 sp=0x0000005f4283e028 mode 2

Classes loaded (20 events):
Event: 8.004 Loading class com/sun/security/sasl/Provider$1
Event: 8.004 Loading class com/sun/security/sasl/Provider$1 done
Event: 8.004 Loading class com/sun/security/sasl/Provider$ProviderService
Event: 8.004 Loading class com/sun/security/sasl/Provider$ProviderService done
Event: 8.004 Loading class sun/security/provider/certpath/ldap/JdkLDAP
Event: 8.004 Loading class sun/security/provider/certpath/ldap/JdkLDAP done
Event: 8.005 Loading class sun/security/provider/certpath/ldap/JdkLDAP$ProviderService
Event: 8.005 Loading class sun/security/provider/certpath/ldap/JdkLDAP$ProviderService done
Event: 8.006 Loading class sun/nio/ch/ServerSocketChannelImpl
Event: 8.007 Loading class sun/nio/ch/ServerSocketChannelImpl done
Event: 8.008 Loading class java/nio/BufferMismatch
Event: 8.008 Loading class java/nio/BufferMismatch done
Event: 8.008 Loading class sun/nio/ch/SourceChannelImpl
Event: 8.008 Loading class java/nio/channels/Pipe$SourceChannel
Event: 8.009 Loading class java/nio/channels/Pipe$SourceChannel done
Event: 8.009 Loading class sun/nio/ch/SourceChannelImpl done
Event: 8.009 Loading class sun/nio/ch/SinkChannelImpl
Event: 8.009 Loading class java/nio/channels/Pipe$SinkChannel
Event: 8.009 Loading class java/nio/channels/Pipe$SinkChannel done
Event: 8.009 Loading class sun/nio/ch/SinkChannelImpl done

Classes unloaded (7 events):
Event: 1.791 Thread 0x000001cd5cd12bd0 Unloading class 0x000001cd011a3c00 'java/lang/invoke/LambdaForm$MH+0x000001cd011a3c00'
Event: 1.791 Thread 0x000001cd5cd12bd0 Unloading class 0x000001cd011a3800 'java/lang/invoke/LambdaForm$MH+0x000001cd011a3800'
Event: 1.791 Thread 0x000001cd5cd12bd0 Unloading class 0x000001cd011a3400 'java/lang/invoke/LambdaForm$MH+0x000001cd011a3400'
Event: 1.791 Thread 0x000001cd5cd12bd0 Unloading class 0x000001cd011a3000 'java/lang/invoke/LambdaForm$MH+0x000001cd011a3000'
Event: 1.791 Thread 0x000001cd5cd12bd0 Unloading class 0x000001cd011a2c00 'java/lang/invoke/LambdaForm$BMH+0x000001cd011a2c00'
Event: 1.791 Thread 0x000001cd5cd12bd0 Unloading class 0x000001cd011a2800 'java/lang/invoke/LambdaForm$DMH+0x000001cd011a2800'
Event: 1.791 Thread 0x000001cd5cd12bd0 Unloading class 0x000001cd011a1400 'java/lang/invoke/LambdaForm$DMH+0x000001cd011a1400'

Classes redefined (0 events):
No events

Internal exceptions (20 events):
Event: 6.409 Thread 0x000001cd42379f10 Exception <a 'java/lang/NoSuchMethodError'{0x00000000eb1c5ab0}: 'java.lang.Object java.lang.invoke.DirectMethodHandle$Holder.invokeStatic(java.lang.Object, java.lang.Object, java.lang.Object, java.lang.Object, java.lang.Object, java.lang.Object, java.lang.Object, java.lang.Object, java.lang.Object, java.lang.Object, java.lang.Object, java.lang.Object, java.lang.Object, java.lang.Object, java.lang.Object, java.lang.Object, java.lang.Object)'> (0x00000000eb1c5ab0) 
thrown [s\src\hotspot\share\interpreter\lin
Event: 6.410 Thread 0x000001cd42379f10 Exception <a 'java/lang/NoSuchMethodError'{0x00000000eb1f2528}: 'java.lang.Object java.lang.invoke.DirectMethodHandle$Holder.invokeStatic(java.lang.Object, java.lang.Object, java.lang.Object, java.lang.Object, java.lang.Object, java.lang.Object, java.lang.Object, java.lang.Object, java.lang.Object, java.lang.Object, java.lang.Object, java.lang.Object, java.lang.Object, java.lang.Object, java.lang.Object, java.lang.Object, java.lang.Object, java.lang.Object)'> (0x00000000eb1f2528) 
thrown [s\src\hotspot\sha
Event: 6.411 Thread 0x000001cd42379f10 Exception <a 'java/lang/NoSuchMethodError'{0x00000000eb222210}: 'java.lang.Object java.lang.invoke.DirectMethodHandle$Holder.invokeStatic(java.lang.Object, java.lang.Object, java.lang.Object, java.lang.Object, java.lang.Object, java.lang.Object, java.lang.Object, java.lang.Object, java.lang.Object, java.lang.Object, java.lang.Object, java.lang.Object, java.lang.Object, java.lang.Object, java.lang.Object, java.lang.Object, java.lang.Object, java.lang.Object, java.lang.Object)'> (0x00000000eb222210) 
thrown 
Event: 6.413 Thread 0x000001cd42379f10 Exception <a 'java/lang/NoSuchMethodError'{0x00000000eb251168}: 'java.lang.Object java.lang.invoke.DirectMethodHandle$Holder.invokeStatic(java.lang.Object, java.lang.Object, java.lang.Object, java.lang.Object, java.lang.Object, java.lang.Object, java.lang.Object, java.lang.Object, java.lang.Object, java.lang.Object, java.lang.Object, java.lang.Object, java.lang.Object, java.lang.Object, java.lang.Object, java.lang.Object, java.lang.Object, java.lang.Object, java.lang.Object, java.lang.Object)'> (0x00000000
Event: 6.414 Thread 0x000001cd42379f10 Exception <a 'java/lang/NoSuchMethodError'{0x00000000eb2815b0}: 'java.lang.Object java.lang.invoke.DirectMethodHandle$Holder.invokeStatic(java.lang.Object, java.lang.Object, java.lang.Object, java.lang.Object, java.lang.Object, java.lang.Object, java.lang.Object, java.lang.Object, java.lang.Object, java.lang.Object, java.lang.Object, java.lang.Object, java.lang.Object, java.lang.Object, java.lang.Object, java.lang.Object, java.lang.Object, java.lang.Object, java.lang.Object, java.lang.Object, java.lang.Obj
Event: 6.416 Thread 0x000001cd42379f10 Exception <a 'java/lang/NoSuchMethodError'{0x00000000eb2b2e68}: 'java.lang.Object java.lang.invoke.DirectMethodHandle$Holder.invokeStatic(java.lang.Object, java.lang.Object, java.lang.Object, java.lang.Object, java.lang.Object, java.lang.Object, java.lang.Object, java.lang.Object, java.lang.Object, java.lang.Object, java.lang.Object, java.lang.Object, java.lang.Object, java.lang.Object, java.lang.Object, java.lang.Object, java.lang.Object, java.lang.Object, java.lang.Object, java.lang.Object, java.lang.Obj
Event: 6.418 Thread 0x000001cd42379f10 Exception <a 'java/lang/NoSuchMethodError'{0x00000000eb2e4b98}: 'java.lang.Object java.lang.invoke.DirectMethodHandle$Holder.invokeStatic(java.lang.Object, java.lang.Object, java.lang.Object, java.lang.Object, java.lang.Object, java.lang.Object, java.lang.Object, java.lang.Object, java.lang.Object, java.lang.Object, java.lang.Object, java.lang.Object, java.lang.Object, java.lang.Object, java.lang.Object, java.lang.Object, java.lang.Object, java.lang.Object, java.lang.Object, java.lang.Object, java.lang.Obj
Event: 6.419 Thread 0x000001cd42379f10 Exception <a 'java/lang/NoSuchMethodError'{0x00000000eb3172f8}: 'java.lang.Object java.lang.invoke.DirectMethodHandle$Holder.invokeStatic(java.lang.Object, java.lang.Object, java.lang.Object, java.lang.Object, java.lang.Object, java.lang.Object, java.lang.Object, java.lang.Object, java.lang.Object, java.lang.Object, java.lang.Object, java.lang.Object, java.lang.Object, java.lang.Object, java.lang.Object, java.lang.Object, java.lang.Object, java.lang.Object, java.lang.Object, java.lang.Object, java.lang.Obj
Event: 6.420 Thread 0x000001cd42379f10 Exception <a 'java/lang/NoSuchMethodError'{0x00000000eb34b9b8}: 'java.lang.Object java.lang.invoke.DirectMethodHandle$Holder.invokeStatic(java.lang.Object, java.lang.Object, java.lang.Object, java.lang.Object, java.lang.Object, java.lang.Object, java.lang.Object, java.lang.Object, java.lang.Object, java.lang.Object, java.lang.Object, java.lang.Object, java.lang.Object, java.lang.Object, java.lang.Object, java.lang.Object, java.lang.Object, java.lang.Object, java.lang.Object, java.lang.Object, java.lang.Obj
Event: 6.423 Thread 0x000001cd42379f10 Exception <a 'java/lang/NoSuchMethodError'{0x00000000eb371558}: 'java.lang.Object java.lang.invoke.DirectMethodHandle$Holder.invokeSpecial(java.lang.Object, java.lang.Object, java.lang.Object, java.lang.Object, java.lang.Object, java.lang.Object, java.lang.Object, java.lang.Object, java.lang.Object, java.lang.Object, java.lang.Object, java.lang.Object, java.lang.Object, java.lang.Object, java.lang.Object, java.lang.Object, java.lang.Object, java.lang.Object, java.lang.Object, java.lang.Object, java.lang.Ob
Event: 6.424 Thread 0x000001cd42379f10 Exception <a 'java/lang/NoSuchMethodError'{0x00000000eb386f88}: 'java.lang.Object java.lang.invoke.DirectMethodHandle$Holder.newInvokeSpecial(java.lang.Object, java.lang.Object, java.lang.Object, java.lang.Object, java.lang.Object, java.lang.Object, java.lang.Object, java.lang.Object, java.lang.Object, java.lang.Object, java.lang.Object, java.lang.Object, java.lang.Object, java.lang.Object, java.lang.Object, java.lang.Object, java.lang.Object, java.lang.Object, java.lang.Object, java.lang.Object, java.lang
Event: 6.424 Thread 0x000001cd42379f10 Exception <a 'java/lang/NoSuchMethodError'{0x00000000eb38d180}: 'java.lang.Object java.lang.invoke.Invokers$Holder.linkToTargetMethod(java.lang.Object, java.lang.Object, java.lang.Object, java.lang.Object, java.lang.Object, java.lang.Object, java.lang.Object, java.lang.Object, java.lang.Object, java.lang.Object, java.lang.Object, java.lang.Object, java.lang.Object, java.lang.Object, java.lang.Object, java.lang.Object, java.lang.Object, java.lang.Object, java.lang.Object, java.lang.Object, java.lang.Object,
Event: 6.424 Thread 0x000001cd42379f10 Exception <a 'java/lang/NoSuchMethodError'{0x00000000eb392348}: 'java.lang.Object java.lang.invoke.DirectMethodHandle$Holder.invokeVirtual(java.lang.Object, java.lang.Object, java.lang.Object, java.lang.Object, java.lang.Object, java.lang.Object, java.lang.Object, java.lang.Object, java.lang.Object, java.lang.Object)'> (0x00000000eb392348) 
thrown [s\src\hotspot\share\interpreter\linkResolver.cpp, line 773]
Event: 6.435 Thread 0x000001cd42379f10 Exception <a 'java/lang/NoSuchMethodError'{0x00000000eb52ce50}: 'java.lang.Object java.lang.invoke.DirectMethodHandle$Holder.invokeVirtual(java.lang.Object, java.lang.Object, java.lang.Object, java.lang.Object, java.lang.Object, java.lang.Object, java.lang.Object, java.lang.Object, java.lang.Object)'> (0x00000000eb52ce50) 
thrown [s\src\hotspot\share\interpreter\linkResolver.cpp, line 773]
Event: 6.453 Thread 0x000001cd42379f10 Exception <a 'java/lang/NoSuchMethodError'{0x00000000eb76ae20}: 'java.lang.Object java.lang.invoke.DirectMethodHandle$Holder.invokeVirtual(java.lang.Object, java.lang.Object, java.lang.Object, java.lang.Object, java.lang.Object, java.lang.Object, java.lang.Object, java.lang.Object)'> (0x00000000eb76ae20) 
thrown [s\src\hotspot\share\interpreter\linkResolver.cpp, line 773]
Event: 6.457 Thread 0x000001cd42379f10 Exception <a 'java/lang/NoSuchMethodError'{0x00000000eb7e1ee8}: 'long java.lang.invoke.DirectMethodHandle$Holder.invokeVirtual(java.lang.Object, java.lang.Object)'> (0x00000000eb7e1ee8) 
thrown [s\src\hotspot\share\interpreter\linkResolver.cpp, line 773]
Event: 6.457 Thread 0x000001cd42379f10 Exception <a 'java/lang/NoSuchMethodError'{0x00000000eb7e52e8}: 'long java.lang.invoke.DelegatingMethodHandle$Holder.reinvoke_L(java.lang.Object, java.lang.Object)'> (0x00000000eb7e52e8) 
thrown [s\src\hotspot\share\interpreter\linkResolver.cpp, line 773]
Event: 6.535 Thread 0x000001cd423784d0 Exception <a 'java/lang/NoSuchMethodError'{0x00000000eb0828a0}: 'void java.lang.invoke.DirectMethodHandle$Holder.invokeStatic(java.lang.Object, long)'> (0x00000000eb0828a0) 
thrown [s\src\hotspot\share\interpreter\linkResolver.cpp, line 773]
Event: 6.623 Thread 0x000001cd423784d0 Exception <a 'java/lang/NoSuchMethodError'{0x00000000eb0a6830}: 'void java.lang.invoke.DirectMethodHandle$Holder.invokeSpecial(java.lang.Object, java.lang.Object, int)'> (0x00000000eb0a6830) 
thrown [s\src\hotspot\share\interpreter\linkResolver.cpp, line 773]
Event: 6.623 Thread 0x000001cd423784d0 Exception <a 'java/lang/NoSuchMethodError'{0x00000000eb0abc58}: 'java.lang.Object java.lang.invoke.DirectMethodHandle$Holder.newInvokeSpecial(java.lang.Object, java.lang.Object, int)'> (0x00000000eb0abc58) 
thrown [s\src\hotspot\share\interpreter\linkResolver.cpp, line 773]

ZGC Phase Switch (0 events):
No events

VM Operations (20 events):
Event: 6.168 Executing VM operation: ParallelGCFailedAllocation (Allocation Failure)
Event: 6.168 Executing VM operation: ParallelGCFailedAllocation (Allocation Failure) done
Event: 6.217 Executing VM operation: ParallelGCFailedAllocation (Allocation Failure)
Event: 6.218 Executing VM operation: ParallelGCFailedAllocation (Allocation Failure) done
Event: 6.272 Executing VM operation: ParallelGCFailedAllocation (Allocation Failure)
Event: 6.273 Executing VM operation: ParallelGCFailedAllocation (Allocation Failure) done
Event: 6.341 Executing VM operation: ParallelGCFailedAllocation (Allocation Failure)
Event: 6.342 Executing VM operation: ParallelGCFailedAllocation (Allocation Failure) done
Event: 6.441 Executing VM operation: HandshakeAllThreads (Deoptimize)
Event: 6.441 Executing VM operation: HandshakeAllThreads (Deoptimize) done
Event: 6.466 Executing VM operation: ParallelGCFailedAllocation (Allocation Failure)
Event: 6.467 Executing VM operation: ParallelGCFailedAllocation (Allocation Failure) done
Event: 6.562 Executing VM operation: HandshakeAllThreads (Deoptimize)
Event: 6.562 Executing VM operation: HandshakeAllThreads (Deoptimize) done
Event: 7.561 Executing VM operation: Cleanup
Event: 7.561 Executing VM operation: Cleanup done
Event: 7.976 Executing VM operation: ParallelGCFailedAllocation (Allocation Failure)
Event: 7.978 Executing VM operation: ParallelGCFailedAllocation (Allocation Failure) done
Event: 7.983 Executing VM operation: HandshakeAllThreads (Deoptimize)
Event: 7.983 Executing VM operation: HandshakeAllThreads (Deoptimize) done

Memory protections (0 events):
No events

Nmethod flushes (20 events):
Event: 5.630 Thread 0x000001cd5cd12bd0 flushing  nmethod 0x000001cd607dac90
Event: 5.630 Thread 0x000001cd5cd12bd0 flushing  nmethod 0x000001cd607db010
Event: 5.630 Thread 0x000001cd5cd12bd0 flushing  nmethod 0x000001cd607dd810
Event: 5.630 Thread 0x000001cd5cd12bd0 flushing  nmethod 0x000001cd607df110
Event: 5.630 Thread 0x000001cd5cd12bd0 flushing  nmethod 0x000001cd607e9390
Event: 5.630 Thread 0x000001cd5cd12bd0 flushing  nmethod 0x000001cd607ff090
Event: 5.630 Thread 0x000001cd5cd12bd0 flushing  nmethod 0x000001cd60814c90
Event: 5.630 Thread 0x000001cd5cd12bd0 flushing  nmethod 0x000001cd60815090
Event: 5.630 Thread 0x000001cd5cd12bd0 flushing  nmethod 0x000001cd60831c90
Event: 5.630 Thread 0x000001cd5cd12bd0 flushing  nmethod 0x000001cd60832690
Event: 5.630 Thread 0x000001cd5cd12bd0 flushing  nmethod 0x000001cd60832b10
Event: 5.630 Thread 0x000001cd5cd12bd0 flushing  nmethod 0x000001cd60834610
Event: 5.630 Thread 0x000001cd5cd12bd0 flushing  nmethod 0x000001cd60834990
Event: 5.630 Thread 0x000001cd5cd12bd0 flushing  nmethod 0x000001cd60836790
Event: 5.630 Thread 0x000001cd5cd12bd0 flushing  nmethod 0x000001cd60837190
Event: 5.630 Thread 0x000001cd5cd12bd0 flushing  nmethod 0x000001cd60839910
Event: 5.630 Thread 0x000001cd5cd12bd0 flushing  nmethod 0x000001cd60845210
Event: 5.630 Thread 0x000001cd5cd12bd0 flushing  nmethod 0x000001cd60854990
Event: 5.630 Thread 0x000001cd5cd12bd0 flushing  nmethod 0x000001cd60860590
Event: 5.630 Thread 0x000001cd5cd12bd0 flushing  nmethod 0x000001cd608a6890

Events (20 events):
Event: 5.188 Thread 0x000001cd79802c40 Thread added: 0x000001cd42379f10
Event: 5.397 Thread 0x000001cd7ae65d10 Thread exited: 0x000001cd7ae65d10
Event: 5.435 Thread 0x000001cd7ae67180 Thread exited: 0x000001cd7ae67180
Event: 6.466 Thread 0x000001cd42379f10 Thread added: 0x000001cd4237a5a0
Event: 6.527 Thread 0x000001cd42379f10 Thread added: 0x000001cd423784d0
Event: 6.537 Thread 0x000001cd423784d0 Thread added: 0x000001cd4237bfe0
Event: 6.538 Thread 0x000001cd423784d0 Thread added: 0x000001cd42378b60
Event: 6.632 Thread 0x000001cd72557d20 Thread exited: 0x000001cd72557d20
Event: 6.664 Thread 0x000001cd72559860 Thread exited: 0x000001cd72559860
Event: 6.671 Thread 0x000001cd42379f10 Thread added: 0x000001cd4237c670
Event: 6.676 Thread 0x000001cd4237c670 Thread added: 0x000001cd423791f0
Event: 6.676 Thread 0x000001cd4237c670 Thread added: 0x000001cd4237cd00
Event: 6.676 Thread 0x000001cd423791f0 Thread exited: 0x000001cd423791f0
Event: 6.705 Thread 0x000001cd790215c0 Thread exited: 0x000001cd790215c0
Event: 7.081 Thread 0x000001cd72559190 Thread exited: 0x000001cd72559190
Event: 7.081 Thread 0x000001cd72557650 Thread exited: 0x000001cd72557650
Event: 7.958 Thread 0x000001cd72556f80 Thread exited: 0x000001cd72556f80
Event: 7.958 Thread 0x000001cd72558ac0 Thread exited: 0x000001cd72558ac0
Event: 7.959 Thread 0x000001cd4237c670 Thread exited: 0x000001cd4237c670
Event: 7.959 Thread 0x000001cd4237cd00 Thread exited: 0x000001cd4237cd00


Dynamic libraries:
0x00007ff7af130000 - 0x00007ff7af13e000 	c:\Users\admin\.cursor\extensions\redhat.java-1.42.0-win32-x64\jre\21.0.7-win32-x86_64\bin\java.exe
0x00007ff8f0da0000 - 0x00007ff8f1006000 	C:\WINDOWS\SYSTEM32\ntdll.dll
0x00007ff8eeec0000 - 0x00007ff8eef89000 	C:\WINDOWS\System32\KERNEL32.DLL
0x00007ff8ee410000 - 0x00007ff8ee7dc000 	C:\WINDOWS\System32\KERNELBASE.dll
0x00007ff8edfd0000 - 0x00007ff8ee11b000 	C:\WINDOWS\System32\ucrtbase.dll
0x00007ff8cd780000 - 0x00007ff8cd798000 	c:\Users\admin\.cursor\extensions\redhat.java-1.42.0-win32-x64\jre\21.0.7-win32-x86_64\bin\jli.dll
0x00007ff8cd7a0000 - 0x00007ff8cd7be000 	c:\Users\admin\.cursor\extensions\redhat.java-1.42.0-win32-x64\jre\21.0.7-win32-x86_64\bin\VCRUNTIME140.dll
0x00007ff8f0aa0000 - 0x00007ff8f0c6a000 	C:\WINDOWS\System32\USER32.dll
0x00007ff8ee120000 - 0x00007ff8ee147000 	C:\WINDOWS\System32\win32u.dll
0x00007ff8f0440000 - 0x00007ff8f046b000 	C:\WINDOWS\System32\GDI32.dll
0x00007ff8db710000 - 0x00007ff8db9aa000 	C:\WINDOWS\WinSxS\amd64_microsoft.windows.common-controls_6595b64144ccf1df_6.0.26100.3912_none_3e07963ce335137e\COMCTL32.dll
0x00007ff8ee2d0000 - 0x00007ff8ee402000 	C:\WINDOWS\System32\gdi32full.dll
0x00007ff8eeb60000 - 0x00007ff8eec09000 	C:\WINDOWS\System32\msvcrt.dll
0x00007ff8eea20000 - 0x00007ff8eeac3000 	C:\WINDOWS\System32\msvcp_win.dll
0x00007ff8f0c70000 - 0x00007ff8f0ca0000 	C:\WINDOWS\System32\IMM32.DLL
0x00007ff8ea4a0000 - 0x00007ff8ea4ac000 	c:\Users\admin\.cursor\extensions\redhat.java-1.42.0-win32-x64\jre\21.0.7-win32-x86_64\bin\vcruntime140_1.dll
0x00007ff8c7240000 - 0x00007ff8c72cd000 	c:\Users\admin\.cursor\extensions\redhat.java-1.42.0-win32-x64\jre\21.0.7-win32-x86_64\bin\msvcp140.dll
0x00007ff86fba0000 - 0x00007ff870930000 	c:\Users\admin\.cursor\extensions\redhat.java-1.42.0-win32-x64\jre\21.0.7-win32-x86_64\bin\server\jvm.dll
0x00007ff8f0140000 - 0x00007ff8f01f2000 	C:\WINDOWS\System32\ADVAPI32.dll
0x00007ff8f0cb0000 - 0x00007ff8f0d56000 	C:\WINDOWS\System32\sechost.dll
0x00007ff8efb60000 - 0x00007ff8efc76000 	C:\WINDOWS\System32\RPCRT4.dll
0x00007ff8ef340000 - 0x00007ff8ef3b4000 	C:\WINDOWS\System32\WS2_32.dll
0x00007ff8edda0000 - 0x00007ff8eddfe000 	C:\WINDOWS\SYSTEM32\POWRPROF.dll
0x00007ff8ea6e0000 - 0x00007ff8ea6eb000 	C:\WINDOWS\SYSTEM32\VERSION.dll
0x00007ff8e4950000 - 0x00007ff8e4986000 	C:\WINDOWS\SYSTEM32\WINMM.dll
0x00007ff8edd80000 - 0x00007ff8edd94000 	C:\WINDOWS\SYSTEM32\UMPDC.dll
0x00007ff8eccf0000 - 0x00007ff8ecd0a000 	C:\WINDOWS\SYSTEM32\kernel.appcore.dll
0x00007ff8e04c0000 - 0x00007ff8e04ca000 	c:\Users\admin\.cursor\extensions\redhat.java-1.42.0-win32-x64\jre\21.0.7-win32-x86_64\bin\jimage.dll
0x00007ff89bae0000 - 0x00007ff89bd21000 	C:\WINDOWS\SYSTEM32\DBGHELP.DLL
0x00007ff8eef90000 - 0x00007ff8ef314000 	C:\WINDOWS\System32\combase.dll
0x00007ff8f0050000 - 0x00007ff8f0130000 	C:\WINDOWS\System32\OLEAUT32.dll
0x00007ff8d7240000 - 0x00007ff8d7279000 	C:\WINDOWS\SYSTEM32\dbgcore.DLL
0x00007ff8edf30000 - 0x00007ff8edfc9000 	C:\WINDOWS\System32\bcryptPrimitives.dll
0x00007ff8e0420000 - 0x00007ff8e042f000 	c:\Users\admin\.cursor\extensions\redhat.java-1.42.0-win32-x64\jre\21.0.7-win32-x86_64\bin\instrument.dll
0x00007ff8c9e90000 - 0x00007ff8c9eaf000 	c:\Users\admin\.cursor\extensions\redhat.java-1.42.0-win32-x64\jre\21.0.7-win32-x86_64\bin\java.dll
0x00007ff8ef430000 - 0x00007ff8efb5d000 	C:\WINDOWS\System32\SHELL32.dll
0x00007ff8ee150000 - 0x00007ff8ee2c4000 	C:\WINDOWS\System32\wintypes.dll
0x00007ff8ebbe0000 - 0x00007ff8ec436000 	C:\WINDOWS\SYSTEM32\windows.storage.dll
0x00007ff8eedc0000 - 0x00007ff8eeeaf000 	C:\WINDOWS\System32\SHCORE.dll
0x00007ff8ef3c0000 - 0x00007ff8ef429000 	C:\WINDOWS\System32\shlwapi.dll
0x00007ff8ede10000 - 0x00007ff8ede3f000 	C:\WINDOWS\SYSTEM32\profapi.dll
0x00007ff8c9100000 - 0x00007ff8c9118000 	c:\Users\admin\.cursor\extensions\redhat.java-1.42.0-win32-x64\jre\21.0.7-win32-x86_64\bin\zip.dll
0x00007ff8e0490000 - 0x00007ff8e04a0000 	C:\Users\admin\.cursor\extensions\redhat.java-1.42.0-win32-x64\jre\21.0.7-win32-x86_64\bin\net.dll
0x00007ff8e8a60000 - 0x00007ff8e8b7e000 	C:\WINDOWS\SYSTEM32\WINHTTP.dll
0x0000000180000000 - 0x000000018008c000 	C:\WINDOWS\system32\ASProxy64.dll
0x00007ff8efc80000 - 0x00007ff8efe1f000 	C:\WINDOWS\System32\ole32.dll
0x00007ff8ec730000 - 0x00007ff8ec763000 	C:\WINDOWS\SYSTEM32\IPHLPAPI.DLL
0x00007ff8ed260000 - 0x00007ff8ed2ca000 	C:\WINDOWS\SYSTEM32\MSWSOCK.dll
0x00007ff8ecf90000 - 0x00007ff8ecfd8000 	C:\WINDOWS\SYSTEM32\SspiCli.dll
0x00007ff8c7470000 - 0x00007ff8c7486000 	C:\Users\admin\.cursor\extensions\redhat.java-1.42.0-win32-x64\jre\21.0.7-win32-x86_64\bin\nio.dll
0x00007ff8d9400000 - 0x00007ff8d9410000 	c:\Users\admin\.cursor\extensions\redhat.java-1.42.0-win32-x64\jre\21.0.7-win32-x86_64\bin\verify.dll
0x00007ff8eb200000 - 0x00007ff8eb2af000 	C:\WINDOWS\system32\uxtheme.dll
0x00007ff8d68c0000 - 0x00007ff8d6905000 	C:\Users\admin\AppData\Roaming\Cursor\User\globalStorage\redhat.java\1.42.0\config_win\org.eclipse.equinox.launcher\org.eclipse.equinox.launcher.win32.win32.x86_64_1.2.1300.v20250331-1702\eclipse_11911.dll
0x00007ff8ed510000 - 0x00007ff8ed52c000 	C:\WINDOWS\SYSTEM32\CRYPTSP.dll
0x00007ff8ecc50000 - 0x00007ff8ecc8a000 	C:\WINDOWS\system32\rsaenh.dll
0x00007ff8ed300000 - 0x00007ff8ed32b000 	C:\WINDOWS\SYSTEM32\USERENV.dll
0x00007ff8ede50000 - 0x00007ff8ede76000 	C:\WINDOWS\SYSTEM32\bcrypt.dll
0x00007ff8ed500000 - 0x00007ff8ed50c000 	C:\WINDOWS\SYSTEM32\CRYPTBASE.dll
0x00007ff8eedb0000 - 0x00007ff8eedba000 	C:\WINDOWS\System32\NSI.dll
0x00007ff8ddf50000 - 0x00007ff8ddf5a000 	C:\Users\admin\.cursor\extensions\redhat.java-1.42.0-win32-x64\jre\21.0.7-win32-x86_64\bin\management.dll
0x00007ff8ddf40000 - 0x00007ff8ddf4b000 	C:\Users\admin\.cursor\extensions\redhat.java-1.42.0-win32-x64\jre\21.0.7-win32-x86_64\bin\management_ext.dll
0x00007ff8f0040000 - 0x00007ff8f0048000 	C:\WINDOWS\System32\PSAPI.DLL
0x00007ff8cea90000 - 0x00007ff8cead9000 	C:\Users\admin\AppData\Local\Temp\jna-92668751\jna10895645912987589343.dll
0x00007ff8e86b0000 - 0x00007ff8e86cf000 	C:\WINDOWS\SYSTEM32\dhcpcsvc6.DLL
0x00007ff8e7810000 - 0x00007ff8e7835000 	C:\WINDOWS\SYSTEM32\dhcpcsvc.DLL
0x00007ff8ceae0000 - 0x00007ff8ceb07000 	C:\Users\admin\.gradle\native\1def1411415f61bf3af743bc5b6707747c0891f09f0c88961ee8f79bc544acac\windows-amd64\native-platform.dll
0x00007ff8ddf30000 - 0x00007ff8ddf39000 	C:\Users\admin\.cursor\extensions\redhat.java-1.42.0-win32-x64\jre\21.0.7-win32-x86_64\bin\extnet.dll
0x00007ff8d24f0000 - 0x00007ff8d24fe000 	C:\Users\admin\.cursor\extensions\redhat.java-1.42.0-win32-x64\jre\21.0.7-win32-x86_64\bin\sunmscapi.dll
0x00007ff8ee7e0000 - 0x00007ff8ee957000 	C:\WINDOWS\System32\CRYPT32.dll
0x00007ff8ed710000 - 0x00007ff8ed740000 	C:\WINDOWS\SYSTEM32\ncrypt.dll
0x00007ff8ed6c0000 - 0x00007ff8ed6ff000 	C:\WINDOWS\SYSTEM32\NTASN1.dll
0x00007ff8cea60000 - 0x00007ff8cea68000 	C:\WINDOWS\system32\wshunix.dll

dbghelp: loaded successfully - version: 4.0.5 - missing functions: none
symbol engine: initialized successfully - sym options: 0x614 - pdb path: .;c:\Users\admin\.cursor\extensions\redhat.java-1.42.0-win32-x64\jre\21.0.7-win32-x86_64\bin;C:\WINDOWS\SYSTEM32;C:\WINDOWS\WinSxS\amd64_microsoft.windows.common-controls_6595b64144ccf1df_6.0.26100.3912_none_3e07963ce335137e;c:\Users\admin\.cursor\extensions\redhat.java-1.42.0-win32-x64\jre\21.0.7-win32-x86_64\bin\server;C:\Users\admin\AppData\Roaming\Cursor\User\globalStorage\redhat.java\1.42.0\config_win\org.eclipse.equinox.launcher\org.eclipse.equinox.launcher.win32.win32.x86_64_1.2.1300.v20250331-1702;C:\Users\admin\AppData\Local\Temp\jna-92668751;C:\Users\admin\.gradle\native\1def1411415f61bf3af743bc5b6707747c0891f09f0c88961ee8f79bc544acac\windows-amd64

VM Arguments:
jvm_args: --add-modules=ALL-SYSTEM --add-opens=java.base/java.util=ALL-UNNAMED --add-opens=java.base/java.lang=ALL-UNNAMED --add-opens=java.base/sun.nio.fs=ALL-UNNAMED -Declipse.application=org.eclipse.jdt.ls.core.id1 -Dosgi.bundles.defaultStartLevel=4 -Declipse.product=org.eclipse.jdt.ls.core.product -Djava.import.generatesMetadataFilesAtProjectRoot=false -DDetectVMInstallationsJob.disabled=true -Dfile.encoding=utf8 -XX:+UseParallelGC -XX:GCTimeRatio=4 -XX:AdaptiveSizePolicyWeight=90 -Dsun.zip.disableMemoryMapping=true -Xmx1G -Xms100m -Xlog:disable -javaagent:c:\Users\admin\.cursor\extensions\redhat.java-1.42.0-win32-x64\lombok\lombok-1.18.36.jar -XX:+HeapDumpOnOutOfMemoryError -XX:HeapDumpPath=c:\Users\admin\AppData\Roaming\Cursor\User\workspaceStorage\0426a641ec518546e312a5bf184515bb\redhat.java -Daether.dependencyCollector.impl=bf 
java_command: c:\Users\admin\.cursor\extensions\redhat.java-1.42.0-win32-x64\server\plugins\org.eclipse.equinox.launcher_1.7.0.v20250424-1814.jar -configuration c:\Users\admin\AppData\Roaming\Cursor\User\globalStorage\redhat.java\1.42.0\config_win -data c:\Users\admin\AppData\Roaming\Cursor\User\workspaceStorage\0426a641ec518546e312a5bf184515bb\redhat.java\jdt_ws --pipe=\\.\pipe\lsp-a997291458a4f4a8b49f6e173b38aadf-sock
java_class_path (initial): c:\Users\admin\.cursor\extensions\redhat.java-1.42.0-win32-x64\server\plugins\org.eclipse.equinox.launcher_1.7.0.v20250424-1814.jar
Launcher Type: SUN_STANDARD

[Global flags]
    uintx AdaptiveSizePolicyWeight                 = 90                                        {product} {command line}
     intx CICompilerCount                          = 12                                        {product} {ergonomic}
    uintx GCTimeRatio                              = 4                                         {product} {command line}
     bool HeapDumpOnOutOfMemoryError               = true                                   {manageable} {command line}
    ccstr HeapDumpPath                             = c:\Users\admin\AppData\Roaming\Cursor\User\workspaceStorage\0426a641ec518546e312a5bf184515bb\redhat.java         {manageable} {command line}
   size_t InitialHeapSize                          = 104857600                                 {product} {command line}
   size_t MaxHeapSize                              = 1073741824                                {product} {command line}
   size_t MaxNewSize                               = 357564416                                 {product} {ergonomic}
   size_t MinHeapDeltaBytes                        = 524288                                    {product} {ergonomic}
   size_t MinHeapSize                              = 104857600                                 {product} {command line}
   size_t NewSize                                  = 34603008                                  {product} {ergonomic}
    uintx NonNMethodCodeHeapSize                   = 7602480                                {pd product} {ergonomic}
    uintx NonProfiledCodeHeapSize                  = 122027880                              {pd product} {ergonomic}
   size_t OldSize                                  = 70254592                                  {product} {ergonomic}
    uintx ProfiledCodeHeapSize                     = 122027880                              {pd product} {ergonomic}
    uintx ReservedCodeCacheSize                    = 251658240                              {pd product} {ergonomic}
     bool SegmentedCodeCache                       = true                                      {product} {ergonomic}
   size_t SoftMaxHeapSize                          = 1073741824                             {manageable} {ergonomic}
     bool UseCompressedOops                        = true                           {product lp64_product} {ergonomic}
     bool UseLargePagesIndividualAllocation        = false                                  {pd product} {ergonomic}
     bool UseParallelGC                            = true                                      {product} {command line}

Logging:
Log output configuration:
 #0: stdout all=off uptime,level,tags foldmultilines=false
 #1: stderr all=off uptime,level,tags foldmultilines=false

Environment Variables:
JAVA_HOME=C:\Program Files\OpenLogic\jdk-17.0.15.6-hotspot
PATH=C:\Program Files\Common Files\Oracle\Java\javapath;C:\Program Files\OpenLogic\jdk-17.0.15.6-hotspot\bin;C:\WINDOWS\system32;C:\WINDOWS;C:\WINDOWS\System32\Wbem;C:\WINDOWS\System32\WindowsPowerShell\v1.0\;C:\WINDOWS\System32\OpenSSH\;C:\Program Files\dotnet\;C:\Program Files\Microsoft SQL Server\130\Tools\Binn\;C:\Program Files\Git\cmd;C:\Users\admin\AppData\Roaming\nvm;C:\Program Files\nodejs;C:\Program Files\Microsoft SQL Server\150\Tools\Binn\;C:\Users\admin\AppData\Local\Microsoft\WindowsApps;C:\Users\admin\AppData\Roaming\npm;C:\Users\admin\AppData\Local\Programs\Microsoft VS Code\bin;C:\Users\admin\AppData\Roaming\nvm;C:\Program Files\nodejs;C:\Users\admin\AppData\Local\Android\Sdk\platform-tools;C:\Users\admin\AppData\Local\Programs\cursor\resources\app\bin;C:\;C:\Users\admin\.dotnet\tools
USERNAME=admin
OS=Windows_NT
PROCESSOR_IDENTIFIER=Intel64 Family 6 Model 165 Stepping 5, GenuineIntel
TMP=C:\Users\admin\AppData\Local\Temp
TEMP=C:\Users\admin\AppData\Local\Temp




Periodic native trim disabled

---------------  S Y S T E M  ---------------

OS:
 Windows 11 , 64 bit Build 26100 (10.0.26100.3912)
OS uptime: 1 days 7:22 hours

CPU: total 16 (initial active 16) (8 cores per cpu, 2 threads per core) family 6 model 165 stepping 5 microcode 0xec, cx8, cmov, fxsr, ht, mmx, 3dnowpref, sse, sse2, sse3, ssse3, sse4.1, sse4.2, popcnt, lzcnt, tsc, tscinvbit, avx, avx2, aes, erms, clmul, bmi1, bmi2, adx, fma, vzeroupper, clflush, clflushopt, rdtscp, f16c, pku
Processor Information for processor 0
  Max Mhz: 2901, Current Mhz: 2901, Mhz Limit: 2901
Processor Information for processor 1
  Max Mhz: 2901, Current Mhz: 2901, Mhz Limit: 2901
Processor Information for processor 2
  Max Mhz: 2901, Current Mhz: 2901, Mhz Limit: 2901
Processor Information for processor 3
  Max Mhz: 2901, Current Mhz: 2901, Mhz Limit: 2901
Processor Information for processor 4
  Max Mhz: 2901, Current Mhz: 2901, Mhz Limit: 2901
Processor Information for processor 5
  Max Mhz: 2901, Current Mhz: 2901, Mhz Limit: 2901
Processor Information for processor 6
  Max Mhz: 2901, Current Mhz: 2901, Mhz Limit: 2901
Processor Information for processor 7
  Max Mhz: 2901, Current Mhz: 800, Mhz Limit: 2901
Processor Information for processor 8
  Max Mhz: 2901, Current Mhz: 2901, Mhz Limit: 2901
Processor Information for processor 9
  Max Mhz: 2901, Current Mhz: 800, Mhz Limit: 2901
Processor Information for processor 10
  Max Mhz: 2901, Current Mhz: 2901, Mhz Limit: 2901
Processor Information for processor 11
  Max Mhz: 2901, Current Mhz: 2901, Mhz Limit: 2901
Processor Information for processor 12
  Max Mhz: 2901, Current Mhz: 2901, Mhz Limit: 2901
Processor Information for processor 13
  Max Mhz: 2901, Current Mhz: 800, Mhz Limit: 2901
Processor Information for processor 14
  Max Mhz: 2901, Current Mhz: 2901, Mhz Limit: 2901
Processor Information for processor 15
  Max Mhz: 2901, Current Mhz: 800, Mhz Limit: 2901

Memory: 4k page, system-wide physical 16096M (3913M free)
TotalPageFile size 34528M (AvailPageFile size 5055M)
current process WorkingSet (physical memory assigned to process): 281M, peak: 300M
current process commit charge ("private bytes"): 362M, peak: 399M

vm_info: OpenJDK 64-Bit Server VM (21.0.7+6-LTS) for windows-amd64 JRE (21.0.7+6-LTS), built on 2025-04-15T00:00:00Z by "admin" with MS VC++ 17.7 (VS2022)

END.
