#
# A fatal error has been detected by the Java Runtime Environment:
#
#  EXCEPTION_ACCESS_VIOLATION (0xc0000005) at pc=0x000000018000c274, pid=17792, tid=14404
#
# JRE version: OpenJDK Runtime Environment Temurin-21.0.7+6 (21.0.7+6) (build 21.0.7+6-LTS)
# Java VM: OpenJDK 64-Bit Server VM Temurin-21.0.7+6 (21.0.7+6-LTS, mixed mode, sharing, tiered, compressed oops, compressed class ptrs, parallel gc, windows-amd64)
# Problematic frame:
# C  [ASProxy64.dll+0xc274]
#
# No core dump will be written. Minidumps are not enabled by default on client versions of Windows
#
# If you would like to submit a bug report, please visit:
#   https://github.com/adoptium/adoptium-support/issues
# The crash happened outside the Java Virtual Machine in native code.
# See problematic frame for where to report the bug.
#

---------------  S U M M A R Y ------------

Command Line: --add-modules=ALL-SYSTEM --add-opens=java.base/java.util=ALL-UNNAMED --add-opens=java.base/java.lang=ALL-UNNAMED --add-opens=java.base/sun.nio.fs=ALL-UNNAMED -Declipse.application=org.eclipse.jdt.ls.core.id1 -Dosgi.bundles.defaultStartLevel=4 -Declipse.product=org.eclipse.jdt.ls.core.product -Djava.import.generatesMetadataFilesAtProjectRoot=false -DDetectVMInstallationsJob.disabled=true -Dfile.encoding=utf8 -XX:+UseParallelGC -XX:GCTimeRatio=4 -XX:AdaptiveSizePolicyWeight=90 -Dsun.zip.disableMemoryMapping=true -Xmx1G -Xms100m -Xlog:disable -javaagent:c:\Users\admin\.cursor\extensions\redhat.java-1.42.0-win32-x64\lombok\lombok-1.18.36.jar -XX:+HeapDumpOnOutOfMemoryError -XX:HeapDumpPath=c:\Users\admin\AppData\Roaming\Cursor\User\workspaceStorage\0426a641ec518546e312a5bf184515bb\redhat.java -Daether.dependencyCollector.impl=bf c:\Users\admin\.cursor\extensions\redhat.java-1.42.0-win32-x64\server\plugins\org.eclipse.equinox.launcher_1.7.0.v20250424-1814.jar -configuration c:\Users\admin\AppData\Roaming\Cursor\User\globalStorage\redhat.java\1.42.0\config_win -data c:\Users\admin\AppData\Roaming\Cursor\User\workspaceStorage\0426a641ec518546e312a5bf184515bb\redhat.java\jdt_ws --pipe=\\.\pipe\lsp-b81f1fe8417d45e9d39192c834738b01-sock

Host: Intel(R) Core(TM) i7-10700 CPU @ 2.90GHz, 16 cores, 15G,  Windows 11 , 64 bit Build 26100 (10.0.26100.3912)
Time: Fri May 16 05:31:56 2025 Eastern Daylight Time elapsed time: 7.173820 seconds (0d 0h 0m 7s)

---------------  T H R E A D  ---------------

Current thread (0x000001a89259b090):  JavaThread "Connection worker"        [_thread_in_native, id=14404, stack(0x00000065e9280000,0x00000065e9380000) (1024K)]

Stack: [0x00000065e9280000,0x00000065e9380000],  sp=0x00000065e937dd10,  free space=1015k
Native frames: (J=compiled Java code, j=interpreted, Vv=VM code, C=native code)
C  [ASProxy64.dll+0xc274]

Java frames: (J=compiled Java code, j=interpreted, Vv=VM code)
j  sun.nio.ch.WEPoll.ctl(JIJI)I+0 java.base@21.0.7
j  sun.nio.ch.WEPollSelectorImpl.<init>(Ljava/nio/channels/spi/SelectorProvider;)V+139 java.base@21.0.7
j  sun.nio.ch.WEPollSelectorProvider.openSelector()Ljava/nio/channels/spi/AbstractSelector;+5 java.base@21.0.7
j  java.nio.channels.Selector.open()Ljava/nio/channels/Selector;+3 java.base@21.0.7
j  org.gradle.internal.remote.internal.inet.SocketConnection$SocketInputStream.<init>(Ljava/nio/channels/SocketChannel;)V+17
j  org.gradle.internal.remote.internal.inet.SocketConnection.<init>(Ljava/nio/channels/SocketChannel;Lorg/gradle/internal/remote/internal/MessageSerializer;Lorg/gradle/internal/serialize/StatefulSerializer;)V+27
j  org.gradle.internal.remote.internal.inet.SocketConnectCompletion.create(Lorg/gradle/internal/serialize/StatefulSerializer;)Lorg/gradle/internal/remote/internal/RemoteConnection;+16
j  org.gradle.launcher.daemon.client.DefaultDaemonConnector.connectToDaemon(Lorg/gradle/launcher/daemon/context/DaemonConnectDetails;Lorg/gradle/launcher/daemon/client/DaemonClientConnection$StaleAddressDetector;)Lorg/gradle/launcher/daemon/client/DaemonClientConnection;+45
j  org.gradle.launcher.daemon.client.DefaultDaemonConnector.connectToDaemonWithId(Lorg/gradle/launcher/daemon/diagnostics/DaemonStartupInfo;Lorg/gradle/api/internal/specs/ExplainingSpec;)Lorg/gradle/launcher/daemon/client/DaemonClientConnection;+116
j  org.gradle.launcher.daemon.client.DefaultDaemonConnector.doStartDaemon(Lorg/gradle/api/internal/specs/ExplainingSpec;Z)Lorg/gradle/launcher/daemon/client/DaemonClientConnection;+61
j  org.gradle.launcher.daemon.client.DefaultDaemonConnector.startDaemon(Lorg/gradle/api/internal/specs/ExplainingSpec;)Lorg/gradle/launcher/daemon/client/DaemonClientConnection;+3
j  org.gradle.launcher.daemon.client.DaemonClient.execute(Lorg/gradle/internal/invocation/BuildAction;Lorg/gradle/launcher/exec/BuildActionParameters;Lorg/gradle/internal/daemon/client/execution/ClientBuildRequestContext;)Lorg/gradle/launcher/exec/BuildActionResult;+201
j  org.gradle.launcher.daemon.client.DaemonClient.execute(Lorg/gradle/internal/invocation/BuildAction;Ljava/lang/Object;Ljava/lang/Object;)Lorg/gradle/launcher/exec/BuildActionResult;+10
j  org.gradle.tooling.internal.provider.DaemonBuildActionExecuter.execute(Lorg/gradle/internal/invocation/BuildAction;Lorg/gradle/tooling/internal/provider/ConnectionOperationParameters;Lorg/gradle/internal/daemon/client/execution/ClientBuildRequestContext;)Lorg/gradle/launcher/exec/BuildActionResult;+72
j  org.gradle.tooling.internal.provider.DaemonBuildActionExecuter.execute(Lorg/gradle/internal/invocation/BuildAction;Ljava/lang/Object;Ljava/lang/Object;)Lorg/gradle/launcher/exec/BuildActionResult;+10
j  org.gradle.tooling.internal.provider.LoggingBridgingBuildActionExecuter.execute(Lorg/gradle/internal/invocation/BuildAction;Lorg/gradle/tooling/internal/provider/ConnectionOperationParameters;Lorg/gradle/internal/daemon/client/execution/ClientBuildRequestContext;)Lorg/gradle/launcher/exec/BuildActionResult;+77
j  org.gradle.tooling.internal.provider.LoggingBridgingBuildActionExecuter.execute(Lorg/gradle/internal/invocation/BuildAction;Ljava/lang/Object;Ljava/lang/Object;)Lorg/gradle/launcher/exec/BuildActionResult;+10
j  org.gradle.tooling.internal.provider.ProviderConnection.run(Lorg/gradle/internal/invocation/BuildAction;Lorg/gradle/initialization/BuildCancellationToken;Lorg/gradle/tooling/internal/provider/ProviderConnection$ProgressListenerConfiguration;Lorg/gradle/initialization/BuildEventConsumer;Lorg/gradle/tooling/internal/provider/connection/ProviderOperationParameters;Lorg/gradle/tooling/internal/provider/ProviderConnection$Parameters;)Ljava/lang/Object;+79
j  org.gradle.tooling.internal.provider.ProviderConnection.runPhasedAction(Lorg/gradle/tooling/internal/protocol/InternalPhasedAction;Lorg/gradle/tooling/internal/protocol/PhasedActionResultListener;Lorg/gradle/initialization/BuildCancellationToken;Lorg/gradle/tooling/internal/provider/connection/ProviderOperationParameters;)Ljava/lang/Object;+132
j  org.gradle.tooling.internal.provider.DefaultConnection.run(Lorg/gradle/tooling/internal/protocol/InternalPhasedAction;Lorg/gradle/tooling/internal/protocol/PhasedActionResultListener;Lorg/gradle/tooling/internal/protocol/InternalCancellationToken;Lorg/gradle/tooling/internal/protocol/BuildParameters;)Lorg/gradle/tooling/internal/protocol/BuildResult;+28
j  org.gradle.tooling.internal.consumer.connection.PhasedActionAwareConsumerConnection.run(Lorg/gradle/tooling/internal/consumer/PhasedBuildAction;Lorg/gradle/tooling/internal/consumer/parameters/ConsumerOperationParameters;)V+66
j  org.gradle.tooling.internal.consumer.connection.ParameterValidatingConsumerConnection.run(Lorg/gradle/tooling/internal/consumer/PhasedBuildAction;Lorg/gradle/tooling/internal/consumer/parameters/ConsumerOperationParameters;)V+11
j  org.gradle.tooling.internal.consumer.DefaultPhasedBuildActionExecuter$1.run(Lorg/gradle/tooling/internal/consumer/connection/ConsumerConnection;)Ljava/lang/Void;+12
j  org.gradle.tooling.internal.consumer.DefaultPhasedBuildActionExecuter$1.run(Lorg/gradle/tooling/internal/consumer/connection/ConsumerConnection;)Ljava/lang/Object;+2
j  org.gradle.tooling.internal.consumer.connection.LazyConsumerActionExecutor.run(Lorg/gradle/tooling/internal/consumer/connection/ConsumerAction;)Ljava/lang/Object;+34
j  org.gradle.tooling.internal.consumer.connection.CancellableConsumerActionExecutor.run(Lorg/gradle/tooling/internal/consumer/connection/ConsumerAction;)Ljava/lang/Object;+34
j  org.gradle.tooling.internal.consumer.connection.ProgressLoggingConsumerActionExecutor.run(Lorg/gradle/tooling/internal/consumer/connection/ConsumerAction;)Ljava/lang/Object;+78
j  org.gradle.tooling.internal.consumer.connection.RethrowingErrorsConsumerActionExecutor.run(Lorg/gradle/tooling/internal/consumer/connection/ConsumerAction;)Ljava/lang/Object;+5
j  org.gradle.tooling.internal.consumer.async.DefaultAsyncConsumerActionExecutor$1$1.run()V+17
j  org.gradle.internal.concurrent.ExecutorPolicy$CatchAndRecordFailures.onExecute(Ljava/lang/Runnable;)V+1
j  org.gradle.internal.concurrent.AbstractManagedExecutor$1.run()V+25
j  java.util.concurrent.ThreadPoolExecutor.runWorker(Ljava/util/concurrent/ThreadPoolExecutor$Worker;)V+92 java.base@21.0.7
j  java.util.concurrent.ThreadPoolExecutor$Worker.run()V+5 java.base@21.0.7
j  java.lang.Thread.runWith(Ljava/lang/Object;Ljava/lang/Runnable;)V+5 java.base@21.0.7
j  java.lang.Thread.run()V+19 java.base@21.0.7
v  ~StubRoutines::call_stub 0x000001a839a6100d

siginfo: EXCEPTION_ACCESS_VIOLATION (0xc0000005), reading address 0x00000000000003f8


Registers:
RAX=0x0000000000000000, RBX=0x000001a88e78b778, RCX=0x00000000000012c4, RDX=0x0000000000000002
RSP=0x00000065e937dd10, RBP=0x00000000000003f8, RSI=0x000001a88f973ba0, RDI=0x00000000000003f8
R8 =0x7ffffffffffffffc, R9 =0x0000000000000001, R10=0x00000000000012c4, R11=0x000001a82d0febf8
R12=0x00000065e937df50, R13=0x000000000000042c, R14=0x000001a88f973b70, R15=0x000000000000042c
RIP=0x000000018000c274, EFLAGS=0x0000000000010246

XMM[0]=0x0000000000000000 0x0000000000000000
XMM[1]=0x0000000000000000 0x0000000000000000
XMM[2]=0x0000000000000000 0x0000000000000000
XMM[3]=0x0000000000000000 0x0000000000000000
XMM[4]=0x0000000000000000 0x0000000000000000
XMM[5]=0x0000000000000000 0x0000000000000000
XMM[6]=0xc0f3e8cb4da51090 0x9f3632a76b87b6f3
XMM[7]=0xba28877b507f34e0 0x70b10e1c8cb72ccb
XMM[8]=0x0000000000000000 0x894ca49d2a494622
XMM[9]=0x809a006d0f78d8d7 0x15017b071d762cc5
XMM[10]=0xffffffffffffffff 0x0b0a090803020100
XMM[11]=0xa6d19a0d73df9a06 0x0000000000000000
XMM[12]=0x0b0a090803020100 0xffffffffffffffff
XMM[13]=0x0c0d0e0f08090a0b 0x0405060700010203
XMM[14]=0x6c9c4e786c9c4e78 0x6c9c4e785cd1fc34
XMM[15]=0x0000000000000000 0x00000000f035adbc
  MXCSR=0x00001fa0


Register to memory mapping:

RAX=0x0 is null
RBX=0x000001a88e78b778 points into unknown readable memory: 0x0000000000000000 | 00 00 00 00 00 00 00 00
RCX=0x00000000000012c4 is an unknown value
RDX=0x0000000000000002 is an unknown value
RSP=0x00000065e937dd10 is pointing into the stack for thread: 0x000001a89259b090
RBP=0x00000000000003f8 is an unknown value
RSI=0x000001a88f973ba0 points into unknown readable memory: 0x000001a88f973ba0 | a0 3b 97 8f a8 01 00 00
RDI=0x00000000000003f8 is an unknown value
R8 =0x7ffffffffffffffc is an unknown value
R9 =0x0000000000000001 is an unknown value
R10=0x00000000000012c4 is an unknown value
R11=0x000001a82d0febf8 points into unknown readable memory: 0x00000000000007d0 | d0 07 00 00 00 00 00 00
R12=0x00000065e937df50 is pointing into the stack for thread: 0x000001a89259b090
R13=0x000000000000042c is an unknown value
R14=0x000001a88f973b70 points into unknown readable memory: 0x00000000000003f8 | f8 03 00 00 00 00 00 00
R15=0x000000000000042c is an unknown value

Top of Stack: (sp=0x00000065e937dd10)
0x00000065e937dd10:   0000000000000000 0000000000000000
0x00000065e937dd20:   00000000000003f8 000000018001f4c2
0x00000065e937dd30:   0000000180065ec8 0000000000002736
0x00000065e937dd40:   0000000000000000 00000000000012c4
0x00000065e937dd50:   00000000000003f8 000000018000c506
0x00000065e937dd60:   000001a88e78b778 0000000000002736
0x00000065e937dd70:   0000000000000000 000001a800000008
0x00000065e937dd80:   000000650000001e 0000000000000000
0x00000065e937dd90:   00000000000003f8 0000000000000000
0x00000065e937dda0:   0000000000000001 0000000000000000
0x00000065e937ddb0:   00000000000003f8 00007ff8abcb77e6
0x00000065e937ddc0:   00000000000012c4 0000000000000302
0x00000065e937ddd0:   000001a88f973ba0 00000065e937df20
0x00000065e937dde0:   0000000000000000 000001a800000000
0x00000065e937ddf0:   0000000000000003 000001a800000001
0x00000065e937de00:   0000000000000000 0000000000000000
0x00000065e937de10:   00007ff800000000 00007ff8edfe0139
0x00000065e937de20:   00000000000012c4 0000000000000000
0x00000065e937de30:   0000000000000000 0000f644006238e4
0x00000065e937de40:   000001a88e78b760 00007ff8abcb82af
0x00000065e937de50:   0000000000000028 00007ff86c6b2cac
0x00000065e937de60:   000001a88e78b768 000001a82f4421d0
0x00000065e937de70:   000001a88f973b70 00007ff8abcb8359
0x00000065e937de80:   000001a88f973ba0 00000065e937df50
0x00000065e937de90:   000001a88f973ba0 000001a88f973b70
0x00000065e937dea0:   000001a89259b090 00000065e937df50
0x00000065e937deb0:   000001a88afc19b8 0000000000000000
0x00000065e937dec0:   000001a88f973b70 00007ff8abcb8787
0x00000065e937ded0:   0000000000000000 00000065e937df50
0x00000065e937dee0:   000000000000042c 000001a89259b090
0x00000065e937def0:   0000000000000001 00007ff8abcb7a75
0x00000065e937df00:   00000000000003f8 00000065e937df50 

Instructions: (pc=0x000000018000c274)
0x000000018000c174:   70 48 8b 6c 24 78 32 c0 48 83 c4 50 41 5c c3 cc
0x000000018000c184:   cc cc cc cc cc cc cc cc cc cc cc cc 48 85 c9 74
0x000000018000c194:   23 8b 05 ad ff 06 00 89 01 8b 05 a9 ff 06 00 89
0x000000018000c1a4:   41 04 8b 05 a4 ff 06 00 89 41 08 8b 05 9f ff 06
0x000000018000c1b4:   00 89 41 0c f3 c3 cc cc cc cc cc cc c6 01 01 c7
0x000000018000c1c4:   02 01 00 00 00 c3 cc cc cc cc cc cc 48 89 5c 24
0x000000018000c1d4:   08 57 48 83 ec 70 48 8b fa 8b d9 48 8d 15 82 73
0x000000018000c1e4:   05 00 48 8d 4c 24 20 45 33 c0 48 c7 44 24 40 0f
0x000000018000c1f4:   00 00 00 48 c7 44 24 38 00 00 00 00 c6 44 24 28
0x000000018000c204:   00 e8 d6 6b ff ff 4c 8d 4c 24 20 48 8d 4c 24 48
0x000000018000c214:   41 b0 01 8b d3 e8 52 06 02 00 48 83 78 20 10 72
0x000000018000c224:   06 48 8b 48 08 eb 05 48 8d 48 08 90 0f b6 01 48
0x000000018000c234:   ff c7 48 ff c1 88 47 ff 84 c0 75 f0 48 83 7c 24
0x000000018000c244:   68 10 72 0a 48 8b 4c 24 50 e8 52 94 03 00 48 8b
0x000000018000c254:   9c 24 80 00 00 00 48 83 c4 70 5f c3 48 83 ec 48
0x000000018000c264:   0f b6 c2 0f 57 c0 0f 11 44 24 ff 25 00 00 00 00
0x000000018000c274:   ae 7e ef ee f8 7f 00 00 8b 44 24 04 0f af 04 24
0x000000018000c284:   89 04 24 8b 44 24 04 0f af 04 24 83 c0 01 89 04
0x000000018000c294:   24 8b 44 24 04 0f af 04 24 83 c0 02 89 04 24 8b
0x000000018000c2a4:   44 24 04 0f af 04 24 83 c0 03 89 04 24 8b 44 24
0x000000018000c2b4:   04 0f af 04 24 83 c0 04 89 04 24 8b 44 24 04 0f
0x000000018000c2c4:   af 04 24 83 c0 05 89 04 24 8b 44 24 04 0f af 04
0x000000018000c2d4:   24 83 c0 06 89 04 24 8b 44 24 04 0f af 04 24 83
0x000000018000c2e4:   c0 07 89 04 24 8b 44 24 04 0f af 04 24 83 c0 08
0x000000018000c2f4:   89 04 24 8b 44 24 04 0f af 04 24 83 c0 09 89 04
0x000000018000c304:   24 8b 44 24 04 0f af 04 24 83 c0 0a 89 04 24 8b
0x000000018000c314:   44 24 04 0f af 04 24 83 c0 0b 89 04 24 8b 44 24
0x000000018000c324:   04 0f af 04 24 83 c0 0d 89 04 24 8b 44 24 04 0f
0x000000018000c334:   af 04 24 83 c0 0e 89 04 24 8b 44 24 04 0f af 04
0x000000018000c344:   24 83 c0 0f 89 04 24 8b 44 24 04 0f af 04 24 83
0x000000018000c354:   c0 10 89 04 24 8b 44 24 04 0f af 04 24 83 c0 11
0x000000018000c364:   89 04 24 8b 44 24 04 0f af 04 24 83 c0 12 89 04 


Stack slot to memory mapping:

stack at sp + 0 slots: 0x0 is null
stack at sp + 1 slots: 0x0 is null
stack at sp + 2 slots: 0x00000000000003f8 is an unknown value
stack at sp + 3 slots: 0x000000018001f4c2 ASProxy64.dll
stack at sp + 4 slots: 0x0000000180065ec8 ASProxy64.dll
stack at sp + 5 slots: 0x0000000000002736 is an unknown value
stack at sp + 6 slots: 0x0 is null
stack at sp + 7 slots: 0x00000000000012c4 is an unknown value


---------------  P R O C E S S  ---------------

Threads class SMR info:
_java_thread_list=0x000001a890aada30, length=60, elements={
0x000001a82d038ad0, 0x000001a84380caa0, 0x000001a82f4c5260, 0x000001a82f4c9170,
0x000001a82f4cb8d0, 0x000001a82f4c9800, 0x000001a82f4c9e90, 0x000001a885d72f70,
0x000001a885d75ab0, 0x000001a82f4cb240, 0x000001a885eb2a40, 0x000001a82f4c8ae0,
0x000001a82f4ca520, 0x000001a82f4cbf60, 0x000001a88cf5e020, 0x000001a88cf5e6b0,
0x000001a88cf5f3d0, 0x000001a88cf5ed40, 0x000001a88cf60780, 0x000001a88cf5d300,
0x000001a88cf60e10, 0x000001a88cf5d990, 0x000001a88cf63c00, 0x000001a88cf63570,
0x000001a88cf621c0, 0x000001a88cf614a0, 0x000001a88cf64290, 0x000001a88cf62850,
0x000001a88cf62ee0, 0x000001a88cf64920, 0x000001a88dd734f0, 0x000001a88dd71420,
0x000001a88dd71ab0, 0x000001a88dd72140, 0x000001a88dd727d0, 0x000001a88dd73b80,
0x000001a88dd72e60, 0x000001a88dd74210, 0x000001a88dd70d90, 0x000001a88d69d5b0,
0x000001a88d69dc40, 0x000001a88d69c200, 0x000001a88d69e2d0, 0x000001a88d69c890,
0x000001a88d69eff0, 0x000001a88d69bb70, 0x000001a88d6a10c0, 0x000001a88d6a0a30,
0x000001a88d6a2b00, 0x000001a88d69f680, 0x000001a88d6a3190, 0x000001a88d69fd10,
0x000001a88d6a03a0, 0x000001a89259cad0, 0x000001a89259b090, 0x000001a89259eba0,
0x000001a89259de80, 0x000001a89259d160, 0x000001a89259bdb0, 0x000001a88d2feb20
}

Java Threads: ( => current thread )
  0x000001a82d038ad0 JavaThread "main"                              [_thread_blocked, id=3648, stack(0x00000065e3100000,0x00000065e3200000) (1024K)]
  0x000001a84380caa0 JavaThread "Reference Handler"          daemon [_thread_blocked, id=14668, stack(0x00000065e3500000,0x00000065e3600000) (1024K)]
  0x000001a82f4c5260 JavaThread "Finalizer"                  daemon [_thread_blocked, id=14040, stack(0x00000065e3600000,0x00000065e3700000) (1024K)]
  0x000001a82f4c9170 JavaThread "Signal Dispatcher"          daemon [_thread_blocked, id=11284, stack(0x00000065e3700000,0x00000065e3800000) (1024K)]
  0x000001a82f4cb8d0 JavaThread "Attach Listener"            daemon [_thread_blocked, id=11940, stack(0x00000065e3800000,0x00000065e3900000) (1024K)]
  0x000001a82f4c9800 JavaThread "Service Thread"             daemon [_thread_blocked, id=7312, stack(0x00000065e3900000,0x00000065e3a00000) (1024K)]
  0x000001a82f4c9e90 JavaThread "Monitor Deflation Thread"   daemon [_thread_blocked, id=8548, stack(0x00000065e3a00000,0x00000065e3b00000) (1024K)]
  0x000001a885d72f70 JavaThread "C2 CompilerThread0"         daemon [_thread_blocked, id=8376, stack(0x00000065e3b00000,0x00000065e3c00000) (1024K)]
  0x000001a885d75ab0 JavaThread "C1 CompilerThread0"         daemon [_thread_blocked, id=15804, stack(0x00000065e3c00000,0x00000065e3d00000) (1024K)]
  0x000001a82f4cb240 JavaThread "Common-Cleaner"             daemon [_thread_blocked, id=13012, stack(0x00000065e3d00000,0x00000065e3e00000) (1024K)]
  0x000001a885eb2a40 JavaThread "C1 CompilerThread1"         daemon [_thread_blocked, id=13320, stack(0x00000065e3e00000,0x00000065e3f00000) (1024K)]
  0x000001a82f4c8ae0 JavaThread "Notification Thread"        daemon [_thread_blocked, id=18776, stack(0x00000065e5440000,0x00000065e5540000) (1024K)]
  0x000001a82f4ca520 JavaThread "Active Thread: Equinox Container: a1cebf36-3cdb-4b3a-abf6-bc4635e760b8"        [_thread_blocked, id=11384, stack(0x00000065e5d80000,0x00000065e5e80000) (1024K)]
  0x000001a82f4cbf60 JavaThread "Refresh Thread: Equinox Container: a1cebf36-3cdb-4b3a-abf6-bc4635e760b8" daemon [_thread_blocked, id=18912, stack(0x00000065e5f80000,0x00000065e6080000) (1024K)]
  0x000001a88cf5e020 JavaThread "Framework Event Dispatcher: Equinox Container: a1cebf36-3cdb-4b3a-abf6-bc4635e760b8" daemon [_thread_blocked, id=14320, stack(0x00000065e6080000,0x00000065e6180000) (1024K)]
  0x000001a88cf5e6b0 JavaThread "Start Level: Equinox Container: a1cebf36-3cdb-4b3a-abf6-bc4635e760b8" daemon [_thread_blocked, id=15512, stack(0x00000065e6180000,0x00000065e6280000) (1024K)]
  0x000001a88cf5f3d0 JavaThread "Bundle File Closer"         daemon [_thread_blocked, id=16356, stack(0x00000065e6580000,0x00000065e6680000) (1024K)]
  0x000001a88cf5ed40 JavaThread "SCR Component Actor"        daemon [_thread_blocked, id=1332, stack(0x00000065e6680000,0x00000065e6780000) (1024K)]
  0x000001a88cf60780 JavaThread "Worker-JM"                         [_thread_blocked, id=6028, stack(0x00000065e6980000,0x00000065e6a80000) (1024K)]
  0x000001a88cf5d300 JavaThread "Worker-0"                          [_thread_blocked, id=11480, stack(0x00000065e6b80000,0x00000065e6c80000) (1024K)]
  0x000001a88cf60e10 JavaThread "Worker-1"                          [_thread_blocked, id=10652, stack(0x00000065e6c80000,0x00000065e6d80000) (1024K)]
  0x000001a88cf5d990 JavaThread "Java indexing"              daemon [_thread_blocked, id=18924, stack(0x00000065e5580000,0x00000065e5680000) (1024K)]
  0x000001a88cf63c00 JavaThread "JNA Cleaner"                daemon [_thread_blocked, id=11332, stack(0x00000065e5c80000,0x00000065e5d80000) (1024K)]
  0x000001a88cf63570 JavaThread "Worker-2"                          [_thread_blocked, id=3920, stack(0x00000065e7080000,0x00000065e7180000) (1024K)]
  0x000001a88cf621c0 JavaThread "Worker-3"                          [_thread_blocked, id=18640, stack(0x00000065e7180000,0x00000065e7280000) (1024K)]
  0x000001a88cf614a0 JavaThread "Thread-2"                   daemon [_thread_in_native, id=14228, stack(0x00000065e7280000,0x00000065e7380000) (1024K)]
  0x000001a88cf64290 JavaThread "Thread-3"                   daemon [_thread_in_native, id=1908, stack(0x00000065e7380000,0x00000065e7480000) (1024K)]
  0x000001a88cf62850 JavaThread "Thread-4"                   daemon [_thread_in_native, id=14684, stack(0x00000065e7480000,0x00000065e7580000) (1024K)]
  0x000001a88cf62ee0 JavaThread "Thread-5"                   daemon [_thread_in_native, id=15048, stack(0x00000065e7580000,0x00000065e7680000) (1024K)]
  0x000001a88cf64920 JavaThread "Thread-6"                   daemon [_thread_in_native, id=11172, stack(0x00000065e7680000,0x00000065e7780000) (1024K)]
  0x000001a88dd734f0 JavaThread "Thread-7"                   daemon [_thread_in_native, id=3608, stack(0x00000065e7780000,0x00000065e7880000) (1024K)]
  0x000001a88dd71420 JavaThread "Thread-8"                   daemon [_thread_in_native, id=9028, stack(0x00000065e7880000,0x00000065e7980000) (1024K)]
  0x000001a88dd71ab0 JavaThread "Thread-9"                   daemon [_thread_in_native, id=9040, stack(0x00000065e7980000,0x00000065e7a80000) (1024K)]
  0x000001a88dd72140 JavaThread "Thread-10"                  daemon [_thread_in_native, id=12072, stack(0x00000065e7a80000,0x00000065e7b80000) (1024K)]
  0x000001a88dd727d0 JavaThread "Thread-11"                  daemon [_thread_in_native, id=7352, stack(0x00000065e7b80000,0x00000065e7c80000) (1024K)]
  0x000001a88dd73b80 JavaThread "Thread-12"                  daemon [_thread_in_native, id=5680, stack(0x00000065e7c80000,0x00000065e7d80000) (1024K)]
  0x000001a88dd72e60 JavaThread "Thread-13"                  daemon [_thread_in_native, id=11148, stack(0x00000065e7d80000,0x00000065e7e80000) (1024K)]
  0x000001a88dd74210 JavaThread "Thread-14"                  daemon [_thread_in_native, id=13792, stack(0x00000065e7e80000,0x00000065e7f80000) (1024K)]
  0x000001a88dd70d90 JavaThread "Thread-15"                  daemon [_thread_in_native, id=14232, stack(0x00000065e7f80000,0x00000065e8080000) (1024K)]
  0x000001a88d69d5b0 JavaThread "Thread-16"                  daemon [_thread_in_native, id=6164, stack(0x00000065e8080000,0x00000065e8180000) (1024K)]
  0x000001a88d69dc40 JavaThread "Thread-17"                  daemon [_thread_in_native, id=19108, stack(0x00000065e8180000,0x00000065e8280000) (1024K)]
  0x000001a88d69c200 JavaThread "Thread-18"                  daemon [_thread_in_native, id=17336, stack(0x00000065e8280000,0x00000065e8380000) (1024K)]
  0x000001a88d69e2d0 JavaThread "pool-2-thread-1"                   [_thread_blocked, id=14632, stack(0x00000065e8380000,0x00000065e8480000) (1024K)]
  0x000001a88d69c890 JavaThread "WorkspaceEventsHandler"            [_thread_blocked, id=11844, stack(0x00000065e8780000,0x00000065e8880000) (1024K)]
  0x000001a88d69eff0 JavaThread "pool-1-thread-1"                   [_thread_blocked, id=17432, stack(0x00000065e8880000,0x00000065e8980000) (1024K)]
  0x000001a88d69bb70 JavaThread "Worker-4: Initialize Workspace"        [_thread_blocked, id=17208, stack(0x00000065e8b80000,0x00000065e8c80000) (1024K)]
  0x000001a88d6a10c0 JavaThread "Timer-0"                           [_thread_blocked, id=15084, stack(0x00000065e8c80000,0x00000065e8d80000) (1024K)]
  0x000001a88d6a0a30 JavaThread "Timer-1"                           [_thread_blocked, id=18724, stack(0x00000065e8980000,0x00000065e8a80000) (1024K)]
  0x000001a88d6a2b00 JavaThread "Timer-2"                           [_thread_blocked, id=8628, stack(0x00000065e8a80000,0x00000065e8b80000) (1024K)]
  0x000001a88d69f680 JavaThread "LocalFile Deleter"          daemon [_thread_blocked, id=8272, stack(0x00000065e8d80000,0x00000065e8e80000) (1024K)]
  0x000001a88d6a3190 JavaThread "LocalFile Deleter"          daemon [_thread_blocked, id=9884, stack(0x00000065e8e80000,0x00000065e8f80000) (1024K)]
  0x000001a88d69fd10 JavaThread "LocalFile Deleter"          daemon [_thread_blocked, id=10088, stack(0x00000065e8f80000,0x00000065e9080000) (1024K)]
  0x000001a88d6a03a0 JavaThread "Timer-3"                           [_thread_blocked, id=9500, stack(0x00000065e9080000,0x00000065e9180000) (1024K)]
  0x000001a89259cad0 JavaThread "Timer-4"                           [_thread_blocked, id=14108, stack(0x00000065e9180000,0x00000065e9280000) (1024K)]
=>0x000001a89259b090 JavaThread "Connection worker"                 [_thread_in_native, id=14404, stack(0x00000065e9280000,0x00000065e9380000) (1024K)]
  0x000001a89259eba0 JavaThread "pool-3-thread-1"                   [_thread_blocked, id=3404, stack(0x00000065e8580000,0x00000065e8680000) (1024K)]
  0x000001a89259de80 JavaThread "Exec process"                      [_thread_blocked, id=17972, stack(0x00000065e8680000,0x00000065e8780000) (1024K)]
  0x000001a89259d160 JavaThread "Exec process Thread 2"             [_thread_blocked, id=17904, stack(0x00000065e9380000,0x00000065e9480000) (1024K)]
  0x000001a89259bdb0 JavaThread "Exec process Thread 3"             [_thread_blocked, id=11112, stack(0x00000065e9480000,0x00000065e9580000) (1024K)]
  0x000001a88d2feb20 JavaThread "C2 CompilerThread1"         daemon [_thread_in_native, id=6180, stack(0x00000065e4000000,0x00000065e4100000) (1024K)]
Total: 60

Other Threads:
  0x000001a8437f4180 VMThread "VM Thread"                           [id=15308, stack(0x00000065e3400000,0x00000065e3500000) (1024K)]
  0x000001a8436eca00 WatcherThread "VM Periodic Task Thread"        [id=3852, stack(0x00000065e3300000,0x00000065e3400000) (1024K)]
  0x000001a82f43dd50 WorkerThread "GC Thread#0"                     [id=2024, stack(0x00000065e3200000,0x00000065e3300000) (1024K)]
  0x000001a88ca63780 WorkerThread "GC Thread#1"                     [id=13404, stack(0x00000065e5680000,0x00000065e5780000) (1024K)]
  0x000001a88c612de0 WorkerThread "GC Thread#2"                     [id=11624, stack(0x00000065e5780000,0x00000065e5880000) (1024K)]
  0x000001a88ce55a90 WorkerThread "GC Thread#3"                     [id=13168, stack(0x00000065e5880000,0x00000065e5980000) (1024K)]
  0x000001a88c79fa10 WorkerThread "GC Thread#4"                     [id=18764, stack(0x00000065e5980000,0x00000065e5a80000) (1024K)]
  0x000001a88c6e2f80 WorkerThread "GC Thread#5"                     [id=1312, stack(0x00000065e5a80000,0x00000065e5b80000) (1024K)]
  0x000001a88c6e3320 WorkerThread "GC Thread#6"                     [id=18816, stack(0x00000065e5b80000,0x00000065e5c80000) (1024K)]
  0x000001a88c790ea0 WorkerThread "GC Thread#7"                     [id=13864, stack(0x00000065e5e80000,0x00000065e5f80000) (1024K)]
  0x000001a88d18db80 WorkerThread "GC Thread#8"                     [id=19096, stack(0x00000065e6280000,0x00000065e6380000) (1024K)]
  0x000001a88d15fb00 WorkerThread "GC Thread#9"                     [id=4008, stack(0x00000065e6380000,0x00000065e6480000) (1024K)]
  0x000001a88d15f760 WorkerThread "GC Thread#10"                    [id=4840, stack(0x00000065e6480000,0x00000065e6580000) (1024K)]
  0x000001a88d160240 WorkerThread "GC Thread#11"                    [id=12376, stack(0x00000065e6880000,0x00000065e6980000) (1024K)]
  0x000001a88d160980 WorkerThread "GC Thread#12"                    [id=9016, stack(0x00000065e6a80000,0x00000065e6b80000) (1024K)]
Total: 15

Threads with active compile tasks:
C2 CompilerThread1  7216 7733   !   4       jdk.internal.loader.BuiltinClassLoader::loadClassOrNull (143 bytes)
Total: 1

VM state: not at safepoint (normal execution)

VM Mutex/Monitor currently owned by a thread: None

Heap address: 0x00000000c0000000, size: 1024 MB, Compressed Oops mode: 32-bit

CDS archive(s) mapped at: [0x000001a844000000-0x000001a844ba0000-0x000001a844ba0000), size 12189696, SharedBaseAddress: 0x000001a844000000, ArchiveRelocationMode: 1.
Compressed class space mapped at: 0x000001a845000000-0x000001a885000000, reserved size: 1073741824
Narrow klass base: 0x000001a844000000, Narrow klass shift: 0, Narrow klass range: 0x100000000

GC Precious Log:
 CardTable entry size: 512
 CPUs: 16 total, 16 available
 Memory: 16096M
 Large Page Support: Disabled
 NUMA Support: Disabled
 Compressed Oops: Enabled (32-bit)
 Alignments: Space 512K, Generation 512K, Heap 2M
 Heap Min Capacity: 100M
 Heap Initial Capacity: 100M
 Heap Max Capacity: 1G
 Pre-touch: Disabled
 Parallel Workers: 13

Heap:
 PSYoungGen      total 16384K, used 1259K [0x00000000eab00000, 0x00000000ebc00000, 0x0000000100000000)
  eden space 15360K, 4% used [0x00000000eab00000,0x00000000eab9aea8,0x00000000eba00000)
  from space 1024K, 62% used [0x00000000eba80000,0x00000000ebb20000,0x00000000ebb80000)
  to   space 512K, 0% used [0x00000000ebb80000,0x00000000ebb80000,0x00000000ebc00000)
 ParOldGen       total 68608K, used 41560K [0x00000000c0000000, 0x00000000c4300000, 0x00000000eab00000)
  object space 68608K, 60% used [0x00000000c0000000,0x00000000c28963e0,0x00000000c4300000)
 Metaspace       used 62327K, committed 63744K, reserved 1114112K
  class space    used 7716K, committed 8320K, reserved 1048576K

Card table byte_map: [0x000001a82edc0000,0x000001a82efd0000] _byte_map_base: 0x000001a82e7c0000

Marking Bits: (ParMarkBitMap*) 0x00007ff86ccf31f0
 Begin Bits: [0x000001a841610000, 0x000001a842610000)
 End Bits:   [0x000001a842610000, 0x000001a843610000)

Polling page: 0x000001a82d2e0000

Metaspace:

Usage:
  Non-class:     53.33 MB used.
      Class:      7.54 MB used.
       Both:     60.87 MB used.

Virtual space:
  Non-class space:       64.00 MB reserved,      54.12 MB ( 85%) committed,  1 nodes.
      Class space:        1.00 GB reserved,       8.12 MB ( <1%) committed,  1 nodes.
             Both:        1.06 GB reserved,      62.25 MB (  6%) committed. 

Chunk freelists:
   Non-Class:  9.86 MB
       Class:  7.91 MB
        Both:  17.77 MB

MaxMetaspaceSize: unlimited
CompressedClassSpaceSize: 1.00 GB
Initial GC threshold: 21.00 MB
Current GC threshold: 97.31 MB
CDS: on
 - commit_granule_bytes: 65536.
 - commit_granule_words: 8192.
 - virtual_space_node_default_size: 8388608.
 - enlarge_chunks_in_place: 1.
 - use_allocation_guard: 0.


Internal statistics:

num_allocs_failed_limit: 9.
num_arena_births: 1124.
num_arena_deaths: 14.
num_vsnodes_births: 2.
num_vsnodes_deaths: 0.
num_space_committed: 996.
num_space_uncommitted: 0.
num_chunks_returned_to_freelist: 23.
num_chunks_taken_from_freelist: 3723.
num_chunk_merges: 15.
num_chunk_splits: 2480.
num_chunks_enlarged: 1648.
num_inconsistent_stats: 0.

CodeHeap 'non-profiled nmethods': size=119168Kb used=4898Kb max_used=4898Kb free=114269Kb
 bounds [0x000001a83a1b0000, 0x000001a83a680000, 0x000001a841610000]
CodeHeap 'profiled nmethods': size=119104Kb used=14054Kb max_used=14356Kb free=105049Kb
 bounds [0x000001a832610000, 0x000001a833420000, 0x000001a839a60000]
CodeHeap 'non-nmethods': size=7488Kb used=1951Kb max_used=3187Kb free=5536Kb
 bounds [0x000001a839a60000, 0x000001a839d90000, 0x000001a83a1b0000]
 total_blobs=7646 nmethods=6958 adapters=593
 compilation: enabled
              stopped_count=0, restarted_count=0
 full_count=0

Compilation events (20 events):
Event: 7.151 Thread 0x000001a885eb2a40 nmethod 7744 0x000001a832c0f090 code [0x000001a832c0f340, 0x000001a832c0ffc0]
Event: 7.159 Thread 0x000001a885eb2a40 7747       3       java.util.HashMap::computeIfAbsent (330 bytes)
Event: 7.159 Thread 0x000001a885d75ab0 7749       3       sun.security.util.SecurityProviderConstants::getAliases (63 bytes)
Event: 7.159 Thread 0x000001a885d75ab0 nmethod 7749 0x000001a832fc2110 code [0x000001a832fc2380, 0x000001a832fc2c20]
Event: 7.159 Thread 0x000001a885eb2a40 nmethod 7747 0x000001a832fc0290 code [0x000001a832fc05c0, 0x000001a832fc1b38]
Event: 7.160 Thread 0x000001a88d2feb20 7748       4       java.lang.Integer::valueOf (32 bytes)
Event: 7.161 Thread 0x000001a88d2feb20 nmethod 7748 0x000001a83a671f90 code [0x000001a83a672120, 0x000001a83a672218]
Event: 7.161 Thread 0x000001a88d2feb20 7746       4       java.util.concurrent.ConcurrentHashMap::put (8 bytes)
Event: 7.161 Thread 0x000001a88d2feb20 nmethod 7746 0x000001a83a672310 code [0x000001a83a6724a0, 0x000001a83a672558]
Event: 7.161 Thread 0x000001a88d2feb20 7736       4       java.util.Collections::emptyMap (4 bytes)
Event: 7.161 Thread 0x000001a88d2feb20 nmethod 7736 0x000001a83a672610 code [0x000001a83a6727a0, 0x000001a83a672810]
Event: 7.161 Thread 0x000001a88d2feb20 7733   !   4       jdk.internal.loader.BuiltinClassLoader::loadClassOrNull (143 bytes)
Event: 7.164 Thread 0x000001a885d75ab0 7750       1       java.nio.DirectByteBuffer::attachment (5 bytes)
Event: 7.164 Thread 0x000001a885d75ab0 nmethod 7750 0x000001a83a672910 code [0x000001a83a672aa0, 0x000001a83a672b68]
Event: 7.169 Thread 0x000001a885d75ab0 7751       3       java.security.MessageDigest::update (11 bytes)
Event: 7.169 Thread 0x000001a885eb2a40 7752       3       java.security.MessageDigest$Delegate::engineUpdate (9 bytes)
Event: 7.169 Thread 0x000001a885d75ab0 nmethod 7751 0x000001a832c0eb10 code [0x000001a832c0ecc0, 0x000001a832c0ef80]
Event: 7.169 Thread 0x000001a885eb2a40 nmethod 7752 0x000001a832fbfe10 code [0x000001a832fbffc0, 0x000001a832fc0198]
Event: 7.169 Thread 0x000001a885d75ab0 7753       3       sun.security.provider.DigestBase::engineUpdate (32 bytes)
Event: 7.169 Thread 0x000001a885d75ab0 nmethod 7753 0x000001a832fbf910 code [0x000001a832fbfac0, 0x000001a832fbfd28]

GC Heap History (20 events):
Event: 5.188 GC heap before
{Heap before GC invocations=41 (full 3):
 PSYoungGen      total 16384K, used 16364K [0x00000000eab00000, 0x00000000ebe00000, 0x0000000100000000)
  eden space 15360K, 100% used [0x00000000eab00000,0x00000000eba00000,0x00000000eba00000)
  from space 1024K, 98% used [0x00000000ebc00000,0x00000000ebcfb240,0x00000000ebd00000)
  to   space 1024K, 0% used [0x00000000ebd00000,0x00000000ebd00000,0x00000000ebe00000)
 ParOldGen       total 68608K, used 39192K [0x00000000c0000000, 0x00000000c4300000, 0x00000000eab00000)
  object space 68608K, 57% used [0x00000000c0000000,0x00000000c26463f8,0x00000000c4300000)
 Metaspace       used 58732K, committed 60032K, reserved 1114112K
  class space    used 7199K, committed 7744K, reserved 1048576K
}
Event: 5.189 GC heap after
{Heap after GC invocations=41 (full 3):
 PSYoungGen      total 16384K, used 1021K [0x00000000eab00000, 0x00000000ebe00000, 0x0000000100000000)
  eden space 15360K, 0% used [0x00000000eab00000,0x00000000eab00000,0x00000000eba00000)
  from space 1024K, 99% used [0x00000000ebd00000,0x00000000ebdff6b8,0x00000000ebe00000)
  to   space 1536K, 0% used [0x00000000ebb00000,0x00000000ebb00000,0x00000000ebc80000)
 ParOldGen       total 68608K, used 39330K [0x00000000c0000000, 0x00000000c4300000, 0x00000000eab00000)
  object space 68608K, 57% used [0x00000000c0000000,0x00000000c26689d0,0x00000000c4300000)
 Metaspace       used 58732K, committed 60032K, reserved 1114112K
  class space    used 7199K, committed 7744K, reserved 1048576K
}
Event: 5.243 GC heap before
{Heap before GC invocations=42 (full 3):
 PSYoungGen      total 16384K, used 16381K [0x00000000eab00000, 0x00000000ebe00000, 0x0000000100000000)
  eden space 15360K, 100% used [0x00000000eab00000,0x00000000eba00000,0x00000000eba00000)
  from space 1024K, 99% used [0x00000000ebd00000,0x00000000ebdff6b8,0x00000000ebe00000)
  to   space 1536K, 0% used [0x00000000ebb00000,0x00000000ebb00000,0x00000000ebc80000)
 ParOldGen       total 68608K, used 39330K [0x00000000c0000000, 0x00000000c4300000, 0x00000000eab00000)
  object space 68608K, 57% used [0x00000000c0000000,0x00000000c26689d0,0x00000000c4300000)
 Metaspace       used 58732K, committed 60032K, reserved 1114112K
  class space    used 7199K, committed 7744K, reserved 1048576K
}
Event: 5.244 GC heap after
{Heap after GC invocations=42 (full 3):
 PSYoungGen      total 16896K, used 589K [0x00000000eab00000, 0x00000000ebd80000, 0x0000000100000000)
  eden space 15360K, 0% used [0x00000000eab00000,0x00000000eab00000,0x00000000eba00000)
  from space 1536K, 38% used [0x00000000ebb00000,0x00000000ebb93420,0x00000000ebc80000)
  to   space 1024K, 0% used [0x00000000ebc80000,0x00000000ebc80000,0x00000000ebd80000)
 ParOldGen       total 68608K, used 39394K [0x00000000c0000000, 0x00000000c4300000, 0x00000000eab00000)
  object space 68608K, 57% used [0x00000000c0000000,0x00000000c26789d0,0x00000000c4300000)
 Metaspace       used 58732K, committed 60032K, reserved 1114112K
  class space    used 7199K, committed 7744K, reserved 1048576K
}
Event: 5.293 GC heap before
{Heap before GC invocations=43 (full 3):
 PSYoungGen      total 16896K, used 15949K [0x00000000eab00000, 0x00000000ebd80000, 0x0000000100000000)
  eden space 15360K, 100% used [0x00000000eab00000,0x00000000eba00000,0x00000000eba00000)
  from space 1536K, 38% used [0x00000000ebb00000,0x00000000ebb93420,0x00000000ebc80000)
  to   space 1024K, 0% used [0x00000000ebc80000,0x00000000ebc80000,0x00000000ebd80000)
 ParOldGen       total 68608K, used 39394K [0x00000000c0000000, 0x00000000c4300000, 0x00000000eab00000)
  object space 68608K, 57% used [0x00000000c0000000,0x00000000c26789d0,0x00000000c4300000)
 Metaspace       used 58732K, committed 60032K, reserved 1114112K
  class space    used 7199K, committed 7744K, reserved 1048576K
}
Event: 5.294 GC heap after
{Heap after GC invocations=43 (full 3):
 PSYoungGen      total 16384K, used 998K [0x00000000eab00000, 0x00000000ebd80000, 0x0000000100000000)
  eden space 15360K, 0% used [0x00000000eab00000,0x00000000eab00000,0x00000000eba00000)
  from space 1024K, 97% used [0x00000000ebc80000,0x00000000ebd79a08,0x00000000ebd80000)
  to   space 1536K, 0% used [0x00000000eba80000,0x00000000eba80000,0x00000000ebc00000)
 ParOldGen       total 68608K, used 39537K [0x00000000c0000000, 0x00000000c4300000, 0x00000000eab00000)
  object space 68608K, 57% used [0x00000000c0000000,0x00000000c269c490,0x00000000c4300000)
 Metaspace       used 58732K, committed 60032K, reserved 1114112K
  class space    used 7199K, committed 7744K, reserved 1048576K
}
Event: 5.349 GC heap before
{Heap before GC invocations=44 (full 3):
 PSYoungGen      total 16384K, used 16358K [0x00000000eab00000, 0x00000000ebd80000, 0x0000000100000000)
  eden space 15360K, 100% used [0x00000000eab00000,0x00000000eba00000,0x00000000eba00000)
  from space 1024K, 97% used [0x00000000ebc80000,0x00000000ebd79a08,0x00000000ebd80000)
  to   space 1536K, 0% used [0x00000000eba80000,0x00000000eba80000,0x00000000ebc00000)
 ParOldGen       total 68608K, used 39537K [0x00000000c0000000, 0x00000000c4300000, 0x00000000eab00000)
  object space 68608K, 57% used [0x00000000c0000000,0x00000000c269c490,0x00000000c4300000)
 Metaspace       used 58742K, committed 60032K, reserved 1114112K
  class space    used 7199K, committed 7744K, reserved 1048576K
}
Event: 5.350 GC heap after
{Heap after GC invocations=44 (full 3):
 PSYoungGen      total 16896K, used 1058K [0x00000000eab00000, 0x00000000ebd00000, 0x0000000100000000)
  eden space 15360K, 0% used [0x00000000eab00000,0x00000000eab00000,0x00000000eba00000)
  from space 1536K, 68% used [0x00000000eba80000,0x00000000ebb889d8,0x00000000ebc00000)
  to   space 1024K, 0% used [0x00000000ebc00000,0x00000000ebc00000,0x00000000ebd00000)
 ParOldGen       total 68608K, used 39633K [0x00000000c0000000, 0x00000000c4300000, 0x00000000eab00000)
  object space 68608K, 57% used [0x00000000c0000000,0x00000000c26b44a0,0x00000000c4300000)
 Metaspace       used 58742K, committed 60032K, reserved 1114112K
  class space    used 7199K, committed 7744K, reserved 1048576K
}
Event: 5.402 GC heap before
{Heap before GC invocations=45 (full 3):
 PSYoungGen      total 16896K, used 16418K [0x00000000eab00000, 0x00000000ebd00000, 0x0000000100000000)
  eden space 15360K, 100% used [0x00000000eab00000,0x00000000eba00000,0x00000000eba00000)
  from space 1536K, 68% used [0x00000000eba80000,0x00000000ebb889d8,0x00000000ebc00000)
  to   space 1024K, 0% used [0x00000000ebc00000,0x00000000ebc00000,0x00000000ebd00000)
 ParOldGen       total 68608K, used 39633K [0x00000000c0000000, 0x00000000c4300000, 0x00000000eab00000)
  object space 68608K, 57% used [0x00000000c0000000,0x00000000c26b44a0,0x00000000c4300000)
 Metaspace       used 58742K, committed 60032K, reserved 1114112K
  class space    used 7199K, committed 7744K, reserved 1048576K
}
Event: 5.402 GC heap after
{Heap after GC invocations=45 (full 3):
 PSYoungGen      total 16384K, used 525K [0x00000000eab00000, 0x00000000ebd00000, 0x0000000100000000)
  eden space 15360K, 0% used [0x00000000eab00000,0x00000000eab00000,0x00000000eba00000)
  from space 1024K, 51% used [0x00000000ebc00000,0x00000000ebc83420,0x00000000ebd00000)
  to   space 1024K, 0% used [0x00000000ebb00000,0x00000000ebb00000,0x00000000ebc00000)
 ParOldGen       total 68608K, used 39705K [0x00000000c0000000, 0x00000000c4300000, 0x00000000eab00000)
  object space 68608K, 57% used [0x00000000c0000000,0x00000000c26c64a0,0x00000000c4300000)
 Metaspace       used 58742K, committed 60032K, reserved 1114112K
  class space    used 7199K, committed 7744K, reserved 1048576K
}
Event: 5.445 GC heap before
{Heap before GC invocations=46 (full 3):
 PSYoungGen      total 16384K, used 15885K [0x00000000eab00000, 0x00000000ebd00000, 0x0000000100000000)
  eden space 15360K, 100% used [0x00000000eab00000,0x00000000eba00000,0x00000000eba00000)
  from space 1024K, 51% used [0x00000000ebc00000,0x00000000ebc83420,0x00000000ebd00000)
  to   space 1024K, 0% used [0x00000000ebb00000,0x00000000ebb00000,0x00000000ebc00000)
 ParOldGen       total 68608K, used 39705K [0x00000000c0000000, 0x00000000c4300000, 0x00000000eab00000)
  object space 68608K, 57% used [0x00000000c0000000,0x00000000c26c64a0,0x00000000c4300000)
 Metaspace       used 58742K, committed 60032K, reserved 1114112K
  class space    used 7199K, committed 7744K, reserved 1048576K
}
Event: 5.445 GC heap after
{Heap after GC invocations=46 (full 3):
 PSYoungGen      total 16384K, used 1019K [0x00000000eab00000, 0x00000000ebd00000, 0x0000000100000000)
  eden space 15360K, 0% used [0x00000000eab00000,0x00000000eab00000,0x00000000eba00000)
  from space 1024K, 99% used [0x00000000ebb00000,0x00000000ebbfee20,0x00000000ebc00000)
  to   space 1024K, 0% used [0x00000000ebc00000,0x00000000ebc00000,0x00000000ebd00000)
 ParOldGen       total 68608K, used 39868K [0x00000000c0000000, 0x00000000c4300000, 0x00000000eab00000)
  object space 68608K, 58% used [0x00000000c0000000,0x00000000c26ef1a0,0x00000000c4300000)
 Metaspace       used 58742K, committed 60032K, reserved 1114112K
  class space    used 7199K, committed 7744K, reserved 1048576K
}
Event: 5.494 GC heap before
{Heap before GC invocations=47 (full 3):
 PSYoungGen      total 16384K, used 16379K [0x00000000eab00000, 0x00000000ebd00000, 0x0000000100000000)
  eden space 15360K, 100% used [0x00000000eab00000,0x00000000eba00000,0x00000000eba00000)
  from space 1024K, 99% used [0x00000000ebb00000,0x00000000ebbfee20,0x00000000ebc00000)
  to   space 1024K, 0% used [0x00000000ebc00000,0x00000000ebc00000,0x00000000ebd00000)
 ParOldGen       total 68608K, used 39868K [0x00000000c0000000, 0x00000000c4300000, 0x00000000eab00000)
  object space 68608K, 58% used [0x00000000c0000000,0x00000000c26ef1a0,0x00000000c4300000)
 Metaspace       used 58742K, committed 60032K, reserved 1114112K
  class space    used 7199K, committed 7744K, reserved 1048576K
}
Event: 5.494 GC heap after
{Heap after GC invocations=47 (full 3):
 PSYoungGen      total 16384K, used 1006K [0x00000000eab00000, 0x00000000ebd00000, 0x0000000100000000)
  eden space 15360K, 0% used [0x00000000eab00000,0x00000000eab00000,0x00000000eba00000)
  from space 1024K, 98% used [0x00000000ebc00000,0x00000000ebcfbb98,0x00000000ebd00000)
  to   space 1536K, 0% used [0x00000000eba00000,0x00000000eba00000,0x00000000ebb80000)
 ParOldGen       total 68608K, used 39964K [0x00000000c0000000, 0x00000000c4300000, 0x00000000eab00000)
  object space 68608K, 58% used [0x00000000c0000000,0x00000000c27071b0,0x00000000c4300000)
 Metaspace       used 58742K, committed 60032K, reserved 1114112K
  class space    used 7199K, committed 7744K, reserved 1048576K
}
Event: 5.549 GC heap before
{Heap before GC invocations=48 (full 3):
 PSYoungGen      total 16384K, used 16366K [0x00000000eab00000, 0x00000000ebd00000, 0x0000000100000000)
  eden space 15360K, 100% used [0x00000000eab00000,0x00000000eba00000,0x00000000eba00000)
  from space 1024K, 98% used [0x00000000ebc00000,0x00000000ebcfbb98,0x00000000ebd00000)
  to   space 1536K, 0% used [0x00000000eba00000,0x00000000eba00000,0x00000000ebb80000)
 ParOldGen       total 68608K, used 39964K [0x00000000c0000000, 0x00000000c4300000, 0x00000000eab00000)
  object space 68608K, 58% used [0x00000000c0000000,0x00000000c27071b0,0x00000000c4300000)
 Metaspace       used 58949K, committed 60224K, reserved 1114112K
  class space    used 7235K, committed 7744K, reserved 1048576K
}
Event: 5.550 GC heap after
{Heap after GC invocations=48 (full 3):
 PSYoungGen      total 16896K, used 384K [0x00000000eab00000, 0x00000000ebc80000, 0x0000000100000000)
  eden space 15360K, 0% used [0x00000000eab00000,0x00000000eab00000,0x00000000eba00000)
  from space 1536K, 25% used [0x00000000eba00000,0x00000000eba60000,0x00000000ebb80000)
  to   space 1024K, 0% used [0x00000000ebb80000,0x00000000ebb80000,0x00000000ebc80000)
 ParOldGen       total 68608K, used 40052K [0x00000000c0000000, 0x00000000c4300000, 0x00000000eab00000)
  object space 68608K, 58% used [0x00000000c0000000,0x00000000c271d1b0,0x00000000c4300000)
 Metaspace       used 58949K, committed 60224K, reserved 1114112K
  class space    used 7235K, committed 7744K, reserved 1048576K
}
Event: 5.666 GC heap before
{Heap before GC invocations=49 (full 3):
 PSYoungGen      total 16896K, used 15744K [0x00000000eab00000, 0x00000000ebc80000, 0x0000000100000000)
  eden space 15360K, 100% used [0x00000000eab00000,0x00000000eba00000,0x00000000eba00000)
  from space 1536K, 25% used [0x00000000eba00000,0x00000000eba60000,0x00000000ebb80000)
  to   space 1024K, 0% used [0x00000000ebb80000,0x00000000ebb80000,0x00000000ebc80000)
 ParOldGen       total 68608K, used 40052K [0x00000000c0000000, 0x00000000c4300000, 0x00000000eab00000)
  object space 68608K, 58% used [0x00000000c0000000,0x00000000c271d1b0,0x00000000c4300000)
 Metaspace       used 60671K, committed 62016K, reserved 1114112K
  class space    used 7505K, committed 8064K, reserved 1048576K
}
Event: 5.667 GC heap after
{Heap after GC invocations=49 (full 3):
 PSYoungGen      total 16384K, used 736K [0x00000000eab00000, 0x00000000ebc80000, 0x0000000100000000)
  eden space 15360K, 0% used [0x00000000eab00000,0x00000000eab00000,0x00000000eba00000)
  from space 1024K, 71% used [0x00000000ebb80000,0x00000000ebc38010,0x00000000ebc80000)
  to   space 1024K, 0% used [0x00000000eba80000,0x00000000eba80000,0x00000000ebb80000)
 ParOldGen       total 68608K, used 40180K [0x00000000c0000000, 0x00000000c4300000, 0x00000000eab00000)
  object space 68608K, 58% used [0x00000000c0000000,0x00000000c273d1b0,0x00000000c4300000)
 Metaspace       used 60671K, committed 62016K, reserved 1114112K
  class space    used 7505K, committed 8064K, reserved 1048576K
}
Event: 7.156 GC heap before
{Heap before GC invocations=50 (full 3):
 PSYoungGen      total 16384K, used 16096K [0x00000000eab00000, 0x00000000ebc80000, 0x0000000100000000)
  eden space 15360K, 100% used [0x00000000eab00000,0x00000000eba00000,0x00000000eba00000)
  from space 1024K, 71% used [0x00000000ebb80000,0x00000000ebc38010,0x00000000ebc80000)
  to   space 1024K, 0% used [0x00000000eba80000,0x00000000eba80000,0x00000000ebb80000)
 ParOldGen       total 68608K, used 40180K [0x00000000c0000000, 0x00000000c4300000, 0x00000000eab00000)
  object space 68608K, 58% used [0x00000000c0000000,0x00000000c273d1b0,0x00000000c4300000)
 Metaspace       used 62216K, committed 63616K, reserved 1114112K
  class space    used 7701K, committed 8320K, reserved 1048576K
}
Event: 7.157 GC heap after
{Heap after GC invocations=50 (full 3):
 PSYoungGen      total 16384K, used 640K [0x00000000eab00000, 0x00000000ebc00000, 0x0000000100000000)
  eden space 15360K, 0% used [0x00000000eab00000,0x00000000eab00000,0x00000000eba00000)
  from space 1024K, 62% used [0x00000000eba80000,0x00000000ebb20000,0x00000000ebb80000)
  to   space 512K, 0% used [0x00000000ebb80000,0x00000000ebb80000,0x00000000ebc00000)
 ParOldGen       total 68608K, used 41560K [0x00000000c0000000, 0x00000000c4300000, 0x00000000eab00000)
  object space 68608K, 60% used [0x00000000c0000000,0x00000000c28963e0,0x00000000c4300000)
 Metaspace       used 62216K, committed 63616K, reserved 1114112K
  class space    used 7701K, committed 8320K, reserved 1048576K
}

Dll operation events (15 events):
Event: 0.007 Loaded shared library c:\Users\admin\.cursor\extensions\redhat.java-1.42.0-win32-x64\jre\21.0.7-win32-x86_64\bin\java.dll
Event: 0.050 Loaded shared library c:\Users\admin\.cursor\extensions\redhat.java-1.42.0-win32-x64\jre\21.0.7-win32-x86_64\bin\zip.dll
Event: 0.067 Loaded shared library C:\Users\admin\.cursor\extensions\redhat.java-1.42.0-win32-x64\jre\21.0.7-win32-x86_64\bin\instrument.dll
Event: 0.069 Loaded shared library C:\Users\admin\.cursor\extensions\redhat.java-1.42.0-win32-x64\jre\21.0.7-win32-x86_64\bin\net.dll
Event: 0.075 Loaded shared library C:\Users\admin\.cursor\extensions\redhat.java-1.42.0-win32-x64\jre\21.0.7-win32-x86_64\bin\nio.dll
Event: 0.076 Loaded shared library C:\Users\admin\.cursor\extensions\redhat.java-1.42.0-win32-x64\jre\21.0.7-win32-x86_64\bin\zip.dll
Event: 0.086 Loaded shared library C:\Users\admin\.cursor\extensions\redhat.java-1.42.0-win32-x64\jre\21.0.7-win32-x86_64\bin\jimage.dll
Event: 0.123 Loaded shared library c:\Users\admin\.cursor\extensions\redhat.java-1.42.0-win32-x64\jre\21.0.7-win32-x86_64\bin\verify.dll
Event: 0.673 Loaded shared library C:\Users\admin\AppData\Roaming\Cursor\User\globalStorage\redhat.java\1.42.0\config_win\org.eclipse.equinox.launcher\org.eclipse.equinox.launcher.win32.win32.x86_64_1.2.1300.v20250331-1702\eclipse_11911.dll
Event: 1.922 Loaded shared library C:\Users\admin\.cursor\extensions\redhat.java-1.42.0-win32-x64\jre\21.0.7-win32-x86_64\bin\management.dll
Event: 1.924 Loaded shared library C:\Users\admin\.cursor\extensions\redhat.java-1.42.0-win32-x64\jre\21.0.7-win32-x86_64\bin\management_ext.dll
Event: 2.072 Loaded shared library C:\Users\admin\AppData\Local\Temp\jna-92668751\jna3747968180239576545.dll
Event: 3.804 Loaded shared library C:\Users\admin\.gradle\native\1def1411415f61bf3af743bc5b6707747c0891f09f0c88961ee8f79bc544acac\windows-amd64\native-platform.dll
Event: 5.566 Loaded shared library C:\Users\admin\.cursor\extensions\redhat.java-1.42.0-win32-x64\jre\21.0.7-win32-x86_64\bin\extnet.dll
Event: 7.163 Loaded shared library C:\Users\admin\.cursor\extensions\redhat.java-1.42.0-win32-x64\jre\21.0.7-win32-x86_64\bin\sunmscapi.dll

Deoptimization events (20 events):
Event: 7.158 Thread 0x000001a89259b090 Uncommon trap: trap_request=0xffffff45 fr.pc=0x000001a83a2622fc relative=0x00000000000008bc
Event: 7.158 Thread 0x000001a89259b090 Uncommon trap: reason=unstable_if action=reinterpret pc=0x000001a83a2622fc method=java.util.HashMap.computeIfAbsent(Ljava/lang/Object;Ljava/util/function/Function;)Ljava/lang/Object; @ 294 c2
Event: 7.158 Thread 0x000001a89259b090 DEOPT PACKING pc=0x000001a83a2622fc sp=0x00000065e937bf30
Event: 7.158 Thread 0x000001a89259b090 DEOPT UNPACKING pc=0x000001a839ab3aa2 sp=0x00000065e937bed8 mode 2
Event: 7.170 Thread 0x000001a89259b090 Uncommon trap: trap_request=0xffffff45 fr.pc=0x000001a83a507244 relative=0x0000000000000b84
Event: 7.170 Thread 0x000001a89259b090 Uncommon trap: reason=unstable_if action=reinterpret pc=0x000001a83a507244 method=sun.nio.fs.WindowsPath.openForReadAttributeAccess(Z)J @ 5 c2
Event: 7.170 Thread 0x000001a89259b090 DEOPT PACKING pc=0x000001a83a507244 sp=0x00000065e937dab0
Event: 7.170 Thread 0x000001a89259b090 DEOPT UNPACKING pc=0x000001a839ab3aa2 sp=0x00000065e937da88 mode 2
Event: 7.170 Thread 0x000001a89259b090 Uncommon trap: trap_request=0xffffff45 fr.pc=0x000001a83a50bc88 relative=0x0000000000000a68
Event: 7.170 Thread 0x000001a89259b090 Uncommon trap: reason=unstable_if action=reinterpret pc=0x000001a83a50bc88 method=sun.nio.fs.WindowsNativeDispatcher.asNativeBuffer(Ljava/lang/String;)Lsun/nio/fs/NativeBuffer; @ 52 c2
Event: 7.170 Thread 0x000001a89259b090 DEOPT PACKING pc=0x000001a83a50bc88 sp=0x00000065e937da30
Event: 7.170 Thread 0x000001a89259b090 DEOPT UNPACKING pc=0x000001a839ab3aa2 sp=0x00000065e937d8d8 mode 2
Event: 7.170 Thread 0x000001a89259b090 Uncommon trap: trap_request=0xffffff45 fr.pc=0x000001a83a505230 relative=0x0000000000000650
Event: 7.170 Thread 0x000001a89259b090 Uncommon trap: reason=unstable_if action=reinterpret pc=0x000001a83a505230 method=sun.nio.fs.WindowsFileAttributes.isReparsePoint(I)Z @ 5 c2
Event: 7.170 Thread 0x000001a89259b090 DEOPT PACKING pc=0x000001a83a505230 sp=0x00000065e937dad0
Event: 7.170 Thread 0x000001a89259b090 DEOPT UNPACKING pc=0x000001a839ab3aa2 sp=0x00000065e937d9f8 mode 2
Event: 7.170 Thread 0x000001a89259b090 Uncommon trap: trap_request=0xffffff45 fr.pc=0x000001a83a4eed04 relative=0x00000000000001c4
Event: 7.170 Thread 0x000001a89259b090 Uncommon trap: reason=unstable_if action=reinterpret pc=0x000001a83a4eed04 method=sun.nio.fs.NativeBuffers.getNativeBufferFromCache(I)Lsun/nio/fs/NativeBuffer; @ 34 c2
Event: 7.170 Thread 0x000001a89259b090 DEOPT PACKING pc=0x000001a83a4eed04 sp=0x00000065e937d9e0
Event: 7.170 Thread 0x000001a89259b090 DEOPT UNPACKING pc=0x000001a839ab3aa2 sp=0x00000065e937d968 mode 2

Classes loaded (20 events):
Event: 7.166 Loading class sun/security/provider/certpath/ldap/JdkLDAP$ProviderService
Event: 7.166 Loading class sun/security/provider/certpath/ldap/JdkLDAP$ProviderService done
Event: 7.166 Loading class com/sun/security/sasl/Provider
Event: 7.166 Loading class com/sun/security/sasl/Provider done
Event: 7.166 Loading class com/sun/security/sasl/Provider$1
Event: 7.166 Loading class com/sun/security/sasl/Provider$1 done
Event: 7.166 Loading class com/sun/security/sasl/Provider$ProviderService
Event: 7.166 Loading class com/sun/security/sasl/Provider$ProviderService done
Event: 7.167 Loading class sun/nio/ch/ServerSocketChannelImpl
Event: 7.168 Loading class sun/nio/ch/ServerSocketChannelImpl done
Event: 7.169 Loading class java/nio/BufferMismatch
Event: 7.169 Loading class java/nio/BufferMismatch done
Event: 7.170 Loading class sun/nio/ch/SourceChannelImpl
Event: 7.170 Loading class java/nio/channels/Pipe$SourceChannel
Event: 7.170 Loading class java/nio/channels/Pipe$SourceChannel done
Event: 7.170 Loading class sun/nio/ch/SourceChannelImpl done
Event: 7.170 Loading class sun/nio/ch/SinkChannelImpl
Event: 7.170 Loading class java/nio/channels/Pipe$SinkChannel
Event: 7.170 Loading class java/nio/channels/Pipe$SinkChannel done
Event: 7.170 Loading class sun/nio/ch/SinkChannelImpl done

Classes unloaded (7 events):
Event: 1.631 Thread 0x000001a8437f4180 Unloading class 0x000001a8451a3c00 'java/lang/invoke/LambdaForm$MH+0x000001a8451a3c00'
Event: 1.631 Thread 0x000001a8437f4180 Unloading class 0x000001a8451a3800 'java/lang/invoke/LambdaForm$MH+0x000001a8451a3800'
Event: 1.631 Thread 0x000001a8437f4180 Unloading class 0x000001a8451a3400 'java/lang/invoke/LambdaForm$MH+0x000001a8451a3400'
Event: 1.631 Thread 0x000001a8437f4180 Unloading class 0x000001a8451a3000 'java/lang/invoke/LambdaForm$MH+0x000001a8451a3000'
Event: 1.631 Thread 0x000001a8437f4180 Unloading class 0x000001a8451a2c00 'java/lang/invoke/LambdaForm$BMH+0x000001a8451a2c00'
Event: 1.631 Thread 0x000001a8437f4180 Unloading class 0x000001a8451a2800 'java/lang/invoke/LambdaForm$DMH+0x000001a8451a2800'
Event: 1.631 Thread 0x000001a8437f4180 Unloading class 0x000001a8451a1400 'java/lang/invoke/LambdaForm$DMH+0x000001a8451a1400'

Classes redefined (0 events):
No events

Internal exceptions (20 events):
Event: 5.615 Thread 0x000001a89259b090 Exception <a 'java/lang/NoSuchMethodError'{0x00000000eb2b5a78}: 'java.lang.Object java.lang.invoke.DirectMethodHandle$Holder.invokeStatic(java.lang.Object, java.lang.Object, java.lang.Object, java.lang.Object, java.lang.Object, java.lang.Object, java.lang.Object, java.lang.Object, java.lang.Object, java.lang.Object, java.lang.Object, java.lang.Object, java.lang.Object, java.lang.Object, java.lang.Object, java.lang.Object, java.lang.Object)'> (0x00000000eb2b5a78) 
thrown [s\src\hotspot\share\interpreter\lin
Event: 5.617 Thread 0x000001a89259b090 Exception <a 'java/lang/NoSuchMethodError'{0x00000000eb2e24c0}: 'java.lang.Object java.lang.invoke.DirectMethodHandle$Holder.invokeStatic(java.lang.Object, java.lang.Object, java.lang.Object, java.lang.Object, java.lang.Object, java.lang.Object, java.lang.Object, java.lang.Object, java.lang.Object, java.lang.Object, java.lang.Object, java.lang.Object, java.lang.Object, java.lang.Object, java.lang.Object, java.lang.Object, java.lang.Object, java.lang.Object)'> (0x00000000eb2e24c0) 
thrown [s\src\hotspot\sha
Event: 5.618 Thread 0x000001a89259b090 Exception <a 'java/lang/NoSuchMethodError'{0x00000000eb3122f0}: 'java.lang.Object java.lang.invoke.DirectMethodHandle$Holder.invokeStatic(java.lang.Object, java.lang.Object, java.lang.Object, java.lang.Object, java.lang.Object, java.lang.Object, java.lang.Object, java.lang.Object, java.lang.Object, java.lang.Object, java.lang.Object, java.lang.Object, java.lang.Object, java.lang.Object, java.lang.Object, java.lang.Object, java.lang.Object, java.lang.Object, java.lang.Object)'> (0x00000000eb3122f0) 
thrown 
Event: 5.619 Thread 0x000001a89259b090 Exception <a 'java/lang/NoSuchMethodError'{0x00000000eb341280}: 'java.lang.Object java.lang.invoke.DirectMethodHandle$Holder.invokeStatic(java.lang.Object, java.lang.Object, java.lang.Object, java.lang.Object, java.lang.Object, java.lang.Object, java.lang.Object, java.lang.Object, java.lang.Object, java.lang.Object, java.lang.Object, java.lang.Object, java.lang.Object, java.lang.Object, java.lang.Object, java.lang.Object, java.lang.Object, java.lang.Object, java.lang.Object, java.lang.Object)'> (0x00000000
Event: 5.620 Thread 0x000001a89259b090 Exception <a 'java/lang/NoSuchMethodError'{0x00000000eb3716c8}: 'java.lang.Object java.lang.invoke.DirectMethodHandle$Holder.invokeStatic(java.lang.Object, java.lang.Object, java.lang.Object, java.lang.Object, java.lang.Object, java.lang.Object, java.lang.Object, java.lang.Object, java.lang.Object, java.lang.Object, java.lang.Object, java.lang.Object, java.lang.Object, java.lang.Object, java.lang.Object, java.lang.Object, java.lang.Object, java.lang.Object, java.lang.Object, java.lang.Object, java.lang.Obj
Event: 5.621 Thread 0x000001a89259b090 Exception <a 'java/lang/NoSuchMethodError'{0x00000000eb3a22c8}: 'java.lang.Object java.lang.invoke.DirectMethodHandle$Holder.invokeStatic(java.lang.Object, java.lang.Object, java.lang.Object, java.lang.Object, java.lang.Object, java.lang.Object, java.lang.Object, java.lang.Object, java.lang.Object, java.lang.Object, java.lang.Object, java.lang.Object, java.lang.Object, java.lang.Object, java.lang.Object, java.lang.Object, java.lang.Object, java.lang.Object, java.lang.Object, java.lang.Object, java.lang.Obj
Event: 5.622 Thread 0x000001a89259b090 Exception <a 'java/lang/NoSuchMethodError'{0x00000000eb3d40e0}: 'java.lang.Object java.lang.invoke.DirectMethodHandle$Holder.invokeStatic(java.lang.Object, java.lang.Object, java.lang.Object, java.lang.Object, java.lang.Object, java.lang.Object, java.lang.Object, java.lang.Object, java.lang.Object, java.lang.Object, java.lang.Object, java.lang.Object, java.lang.Object, java.lang.Object, java.lang.Object, java.lang.Object, java.lang.Object, java.lang.Object, java.lang.Object, java.lang.Object, java.lang.Obj
Event: 5.623 Thread 0x000001a89259b090 Exception <a 'java/lang/NoSuchMethodError'{0x00000000eb406838}: 'java.lang.Object java.lang.invoke.DirectMethodHandle$Holder.invokeStatic(java.lang.Object, java.lang.Object, java.lang.Object, java.lang.Object, java.lang.Object, java.lang.Object, java.lang.Object, java.lang.Object, java.lang.Object, java.lang.Object, java.lang.Object, java.lang.Object, java.lang.Object, java.lang.Object, java.lang.Object, java.lang.Object, java.lang.Object, java.lang.Object, java.lang.Object, java.lang.Object, java.lang.Obj
Event: 5.624 Thread 0x000001a89259b090 Exception <a 'java/lang/NoSuchMethodError'{0x00000000eb43ac90}: 'java.lang.Object java.lang.invoke.DirectMethodHandle$Holder.invokeStatic(java.lang.Object, java.lang.Object, java.lang.Object, java.lang.Object, java.lang.Object, java.lang.Object, java.lang.Object, java.lang.Object, java.lang.Object, java.lang.Object, java.lang.Object, java.lang.Object, java.lang.Object, java.lang.Object, java.lang.Object, java.lang.Object, java.lang.Object, java.lang.Object, java.lang.Object, java.lang.Object, java.lang.Obj
Event: 5.625 Thread 0x000001a89259b090 Exception <a 'java/lang/NoSuchMethodError'{0x00000000eb460a80}: 'java.lang.Object java.lang.invoke.DirectMethodHandle$Holder.invokeSpecial(java.lang.Object, java.lang.Object, java.lang.Object, java.lang.Object, java.lang.Object, java.lang.Object, java.lang.Object, java.lang.Object, java.lang.Object, java.lang.Object, java.lang.Object, java.lang.Object, java.lang.Object, java.lang.Object, java.lang.Object, java.lang.Object, java.lang.Object, java.lang.Object, java.lang.Object, java.lang.Object, java.lang.Ob
Event: 5.626 Thread 0x000001a89259b090 Exception <a 'java/lang/NoSuchMethodError'{0x00000000eb476268}: 'java.lang.Object java.lang.invoke.DirectMethodHandle$Holder.newInvokeSpecial(java.lang.Object, java.lang.Object, java.lang.Object, java.lang.Object, java.lang.Object, java.lang.Object, java.lang.Object, java.lang.Object, java.lang.Object, java.lang.Object, java.lang.Object, java.lang.Object, java.lang.Object, java.lang.Object, java.lang.Object, java.lang.Object, java.lang.Object, java.lang.Object, java.lang.Object, java.lang.Object, java.lang
Event: 5.626 Thread 0x000001a89259b090 Exception <a 'java/lang/NoSuchMethodError'{0x00000000eb47c460}: 'java.lang.Object java.lang.invoke.Invokers$Holder.linkToTargetMethod(java.lang.Object, java.lang.Object, java.lang.Object, java.lang.Object, java.lang.Object, java.lang.Object, java.lang.Object, java.lang.Object, java.lang.Object, java.lang.Object, java.lang.Object, java.lang.Object, java.lang.Object, java.lang.Object, java.lang.Object, java.lang.Object, java.lang.Object, java.lang.Object, java.lang.Object, java.lang.Object, java.lang.Object,
Event: 5.626 Thread 0x000001a89259b090 Exception <a 'java/lang/NoSuchMethodError'{0x00000000eb481628}: 'java.lang.Object java.lang.invoke.DirectMethodHandle$Holder.invokeVirtual(java.lang.Object, java.lang.Object, java.lang.Object, java.lang.Object, java.lang.Object, java.lang.Object, java.lang.Object, java.lang.Object, java.lang.Object, java.lang.Object)'> (0x00000000eb481628) 
thrown [s\src\hotspot\share\interpreter\linkResolver.cpp, line 773]
Event: 5.638 Thread 0x000001a89259b090 Exception <a 'java/lang/NoSuchMethodError'{0x00000000eb61d0d8}: 'java.lang.Object java.lang.invoke.DirectMethodHandle$Holder.invokeVirtual(java.lang.Object, java.lang.Object, java.lang.Object, java.lang.Object, java.lang.Object, java.lang.Object, java.lang.Object, java.lang.Object, java.lang.Object)'> (0x00000000eb61d0d8) 
thrown [s\src\hotspot\share\interpreter\linkResolver.cpp, line 773]
Event: 5.655 Thread 0x000001a89259b090 Exception <a 'java/lang/NoSuchMethodError'{0x00000000eb85b790}: 'java.lang.Object java.lang.invoke.DirectMethodHandle$Holder.invokeVirtual(java.lang.Object, java.lang.Object, java.lang.Object, java.lang.Object, java.lang.Object, java.lang.Object, java.lang.Object, java.lang.Object)'> (0x00000000eb85b790) 
thrown [s\src\hotspot\share\interpreter\linkResolver.cpp, line 773]
Event: 5.658 Thread 0x000001a89259b090 Exception <a 'java/lang/NoSuchMethodError'{0x00000000eb8d3710}: 'long java.lang.invoke.DirectMethodHandle$Holder.invokeVirtual(java.lang.Object, java.lang.Object)'> (0x00000000eb8d3710) 
thrown [s\src\hotspot\share\interpreter\linkResolver.cpp, line 773]
Event: 5.658 Thread 0x000001a89259b090 Exception <a 'java/lang/NoSuchMethodError'{0x00000000eb8d6b10}: 'long java.lang.invoke.DelegatingMethodHandle$Holder.reinvoke_L(java.lang.Object, java.lang.Object)'> (0x00000000eb8d6b10) 
thrown [s\src\hotspot\share\interpreter\linkResolver.cpp, line 773]
Event: 5.716 Thread 0x000001a89259de80 Exception <a 'java/lang/NoSuchMethodError'{0x00000000eb03fc38}: 'void java.lang.invoke.DirectMethodHandle$Holder.invokeStatic(java.lang.Object, long)'> (0x00000000eb03fc38) 
thrown [s\src\hotspot\share\interpreter\linkResolver.cpp, line 773]
Event: 5.794 Thread 0x000001a89259de80 Exception <a 'java/lang/NoSuchMethodError'{0x00000000eb063c70}: 'void java.lang.invoke.DirectMethodHandle$Holder.invokeSpecial(java.lang.Object, java.lang.Object, int)'> (0x00000000eb063c70) 
thrown [s\src\hotspot\share\interpreter\linkResolver.cpp, line 773]
Event: 5.794 Thread 0x000001a89259de80 Exception <a 'java/lang/NoSuchMethodError'{0x00000000eb096060}: 'java.lang.Object java.lang.invoke.DirectMethodHandle$Holder.newInvokeSpecial(java.lang.Object, java.lang.Object, int)'> (0x00000000eb096060) 
thrown [s\src\hotspot\share\interpreter\linkResolver.cpp, line 773]

ZGC Phase Switch (0 events):
No events

VM Operations (20 events):
Event: 5.402 Executing VM operation: ParallelGCFailedAllocation (Allocation Failure)
Event: 5.402 Executing VM operation: ParallelGCFailedAllocation (Allocation Failure) done
Event: 5.445 Executing VM operation: ParallelGCFailedAllocation (Allocation Failure)
Event: 5.445 Executing VM operation: ParallelGCFailedAllocation (Allocation Failure) done
Event: 5.494 Executing VM operation: ParallelGCFailedAllocation (Allocation Failure)
Event: 5.494 Executing VM operation: ParallelGCFailedAllocation (Allocation Failure) done
Event: 5.549 Executing VM operation: ParallelGCFailedAllocation (Allocation Failure)
Event: 5.550 Executing VM operation: ParallelGCFailedAllocation (Allocation Failure) done
Event: 5.642 Executing VM operation: HandshakeAllThreads (Deoptimize)
Event: 5.642 Executing VM operation: HandshakeAllThreads (Deoptimize) done
Event: 5.666 Executing VM operation: ParallelGCFailedAllocation (Allocation Failure)
Event: 5.667 Executing VM operation: ParallelGCFailedAllocation (Allocation Failure) done
Event: 5.925 Executing VM operation: HandshakeAllThreads (Deoptimize)
Event: 5.925 Executing VM operation: HandshakeAllThreads (Deoptimize) done
Event: 6.926 Executing VM operation: Cleanup
Event: 6.926 Executing VM operation: Cleanup done
Event: 7.144 Executing VM operation: HandshakeAllThreads (Deoptimize)
Event: 7.144 Executing VM operation: HandshakeAllThreads (Deoptimize) done
Event: 7.156 Executing VM operation: ParallelGCFailedAllocation (Allocation Failure)
Event: 7.157 Executing VM operation: ParallelGCFailedAllocation (Allocation Failure) done

Memory protections (0 events):
No events

Nmethod flushes (20 events):
Event: 4.941 Thread 0x000001a8437f4180 flushing  nmethod 0x000001a832f84f10
Event: 4.941 Thread 0x000001a8437f4180 flushing  nmethod 0x000001a832f85290
Event: 4.941 Thread 0x000001a8437f4180 flushing  nmethod 0x000001a832f87310
Event: 4.941 Thread 0x000001a8437f4180 flushing  nmethod 0x000001a832f88c10
Event: 4.941 Thread 0x000001a8437f4180 flushing  nmethod 0x000001a832f93390
Event: 4.941 Thread 0x000001a8437f4180 flushing  nmethod 0x000001a832fa7f90
Event: 4.941 Thread 0x000001a8437f4180 flushing  nmethod 0x000001a832fbea90
Event: 4.941 Thread 0x000001a8437f4180 flushing  nmethod 0x000001a832fd1410
Event: 4.941 Thread 0x000001a8437f4180 flushing  nmethod 0x000001a832fd9190
Event: 4.941 Thread 0x000001a8437f4180 flushing  nmethod 0x000001a832fd9b90
Event: 4.941 Thread 0x000001a8437f4180 flushing  nmethod 0x000001a832fda010
Event: 4.941 Thread 0x000001a8437f4180 flushing  nmethod 0x000001a832fda390
Event: 4.941 Thread 0x000001a8437f4180 flushing  nmethod 0x000001a832fdbc90
Event: 4.941 Thread 0x000001a8437f4180 flushing  nmethod 0x000001a832fdd790
Event: 4.941 Thread 0x000001a8437f4180 flushing  nmethod 0x000001a832fde190
Event: 4.941 Thread 0x000001a8437f4180 flushing  nmethod 0x000001a832fdeb90
Event: 4.941 Thread 0x000001a8437f4180 flushing  nmethod 0x000001a832ff2c90
Event: 4.941 Thread 0x000001a8437f4180 flushing  nmethod 0x000001a832ffcf90
Event: 4.941 Thread 0x000001a8437f4180 flushing  nmethod 0x000001a833007f10
Event: 4.941 Thread 0x000001a8437f4180 flushing  nmethod 0x000001a83304ed10

Events (20 events):
Event: 4.543 Thread 0x000001a88d69bb70 Thread added: 0x000001a89259b090
Event: 4.919 Thread 0x000001a88e43ad10 Thread exited: 0x000001a88e43ad10
Event: 5.532 Thread 0x000001a88ce8d800 Thread exited: 0x000001a88ce8d800
Event: 5.665 Thread 0x000001a89259b090 Thread added: 0x000001a89259eba0
Event: 5.711 Thread 0x000001a89259b090 Thread added: 0x000001a89259de80
Event: 5.718 Thread 0x000001a89259de80 Thread added: 0x000001a89259d160
Event: 5.718 Thread 0x000001a89259de80 Thread added: 0x000001a89259bdb0
Event: 5.812 Thread 0x000001a88e214620 Thread exited: 0x000001a88e214620
Event: 5.839 Thread 0x000001a89259b090 Thread added: 0x000001a89259d7f0
Event: 5.843 Thread 0x000001a89259d7f0 Thread added: 0x000001a89259b720
Event: 5.843 Thread 0x000001a89259d7f0 Thread added: 0x000001a89259f230
Event: 5.843 Thread 0x000001a89259b720 Thread exited: 0x000001a89259b720
Event: 5.923 Thread 0x000001a88c82ab10 Thread exited: 0x000001a88c82ab10
Event: 5.924 Thread 0x000001a885eef590 Thread exited: 0x000001a885eef590
Event: 6.551 Thread 0x000001a88cf600f0 Thread exited: 0x000001a88cf600f0
Event: 7.127 Thread 0x000001a88605d0c0 Thread exited: 0x000001a88605d0c0
Event: 7.127 Thread 0x000001a885eb60c0 Thread exited: 0x000001a885eb60c0
Event: 7.129 Thread 0x000001a89259d7f0 Thread exited: 0x000001a89259d7f0
Event: 7.129 Thread 0x000001a89259f230 Thread exited: 0x000001a89259f230
Event: 7.159 Thread 0x000001a885d75ab0 Thread added: 0x000001a88d2feb20


Dynamic libraries:
0x00007ff6b00e0000 - 0x00007ff6b00ee000 	c:\Users\admin\.cursor\extensions\redhat.java-1.42.0-win32-x64\jre\21.0.7-win32-x86_64\bin\java.exe
0x00007ff8f0da0000 - 0x00007ff8f1006000 	C:\WINDOWS\SYSTEM32\ntdll.dll
0x00007ff8eeec0000 - 0x00007ff8eef89000 	C:\WINDOWS\System32\KERNEL32.DLL
0x00007ff8ee410000 - 0x00007ff8ee7dc000 	C:\WINDOWS\System32\KERNELBASE.dll
0x00007ff8edfd0000 - 0x00007ff8ee11b000 	C:\WINDOWS\System32\ucrtbase.dll
0x00007ff8abe30000 - 0x00007ff8abe48000 	c:\Users\admin\.cursor\extensions\redhat.java-1.42.0-win32-x64\jre\21.0.7-win32-x86_64\bin\jli.dll
0x00007ff8abe50000 - 0x00007ff8abe6e000 	c:\Users\admin\.cursor\extensions\redhat.java-1.42.0-win32-x64\jre\21.0.7-win32-x86_64\bin\VCRUNTIME140.dll
0x00007ff8f0aa0000 - 0x00007ff8f0c6a000 	C:\WINDOWS\System32\USER32.dll
0x00007ff8ee120000 - 0x00007ff8ee147000 	C:\WINDOWS\System32\win32u.dll
0x00007ff8f0440000 - 0x00007ff8f046b000 	C:\WINDOWS\System32\GDI32.dll
0x00007ff8db710000 - 0x00007ff8db9aa000 	C:\WINDOWS\WinSxS\amd64_microsoft.windows.common-controls_6595b64144ccf1df_6.0.26100.3912_none_3e07963ce335137e\COMCTL32.dll
0x00007ff8ee2d0000 - 0x00007ff8ee402000 	C:\WINDOWS\System32\gdi32full.dll
0x00007ff8eeb60000 - 0x00007ff8eec09000 	C:\WINDOWS\System32\msvcrt.dll
0x00007ff8eea20000 - 0x00007ff8eeac3000 	C:\WINDOWS\System32\msvcp_win.dll
0x00007ff8f0c70000 - 0x00007ff8f0ca0000 	C:\WINDOWS\System32\IMM32.DLL
0x00007ff8ea3c0000 - 0x00007ff8ea3cc000 	c:\Users\admin\.cursor\extensions\redhat.java-1.42.0-win32-x64\jre\21.0.7-win32-x86_64\bin\vcruntime140_1.dll
0x00007ff86cdd0000 - 0x00007ff86ce5d000 	c:\Users\admin\.cursor\extensions\redhat.java-1.42.0-win32-x64\jre\21.0.7-win32-x86_64\bin\msvcp140.dll
0x00007ff86c040000 - 0x00007ff86cdd0000 	c:\Users\admin\.cursor\extensions\redhat.java-1.42.0-win32-x64\jre\21.0.7-win32-x86_64\bin\server\jvm.dll
0x00007ff8f0140000 - 0x00007ff8f01f2000 	C:\WINDOWS\System32\ADVAPI32.dll
0x00007ff8f0cb0000 - 0x00007ff8f0d56000 	C:\WINDOWS\System32\sechost.dll
0x00007ff8efb60000 - 0x00007ff8efc76000 	C:\WINDOWS\System32\RPCRT4.dll
0x00007ff8ef340000 - 0x00007ff8ef3b4000 	C:\WINDOWS\System32\WS2_32.dll
0x00007ff8edda0000 - 0x00007ff8eddfe000 	C:\WINDOWS\SYSTEM32\POWRPROF.dll
0x00007ff8e4950000 - 0x00007ff8e4986000 	C:\WINDOWS\SYSTEM32\WINMM.dll
0x00007ff8ea6e0000 - 0x00007ff8ea6eb000 	C:\WINDOWS\SYSTEM32\VERSION.dll
0x00007ff8edd80000 - 0x00007ff8edd94000 	C:\WINDOWS\SYSTEM32\UMPDC.dll
0x00007ff8eccf0000 - 0x00007ff8ecd0a000 	C:\WINDOWS\SYSTEM32\kernel.appcore.dll
0x00007ff8c3750000 - 0x00007ff8c375a000 	c:\Users\admin\.cursor\extensions\redhat.java-1.42.0-win32-x64\jre\21.0.7-win32-x86_64\bin\jimage.dll
0x00007ff89bae0000 - 0x00007ff89bd21000 	C:\WINDOWS\SYSTEM32\DBGHELP.DLL
0x00007ff8eef90000 - 0x00007ff8ef314000 	C:\WINDOWS\System32\combase.dll
0x00007ff8f0050000 - 0x00007ff8f0130000 	C:\WINDOWS\System32\OLEAUT32.dll
0x00007ff8d7240000 - 0x00007ff8d7279000 	C:\WINDOWS\SYSTEM32\dbgcore.DLL
0x00007ff8edf30000 - 0x00007ff8edfc9000 	C:\WINDOWS\System32\bcryptPrimitives.dll
0x00007ff8c24d0000 - 0x00007ff8c24df000 	c:\Users\admin\.cursor\extensions\redhat.java-1.42.0-win32-x64\jre\21.0.7-win32-x86_64\bin\instrument.dll
0x00007ff8abd80000 - 0x00007ff8abd9f000 	c:\Users\admin\.cursor\extensions\redhat.java-1.42.0-win32-x64\jre\21.0.7-win32-x86_64\bin\java.dll
0x00007ff8ef430000 - 0x00007ff8efb5d000 	C:\WINDOWS\System32\SHELL32.dll
0x00007ff8ee150000 - 0x00007ff8ee2c4000 	C:\WINDOWS\System32\wintypes.dll
0x00007ff8ebbe0000 - 0x00007ff8ec436000 	C:\WINDOWS\SYSTEM32\windows.storage.dll
0x00007ff8eedc0000 - 0x00007ff8eeeaf000 	C:\WINDOWS\System32\SHCORE.dll
0x00007ff8ef3c0000 - 0x00007ff8ef429000 	C:\WINDOWS\System32\shlwapi.dll
0x00007ff8ede10000 - 0x00007ff8ede3f000 	C:\WINDOWS\SYSTEM32\profapi.dll
0x00007ff8abcd0000 - 0x00007ff8abce8000 	c:\Users\admin\.cursor\extensions\redhat.java-1.42.0-win32-x64\jre\21.0.7-win32-x86_64\bin\zip.dll
0x00007ff8c08e0000 - 0x00007ff8c08f0000 	C:\Users\admin\.cursor\extensions\redhat.java-1.42.0-win32-x64\jre\21.0.7-win32-x86_64\bin\net.dll
0x00007ff8e8a60000 - 0x00007ff8e8b7e000 	C:\WINDOWS\SYSTEM32\WINHTTP.dll
0x0000000180000000 - 0x000000018008c000 	C:\WINDOWS\system32\ASProxy64.dll
0x00007ff8efc80000 - 0x00007ff8efe1f000 	C:\WINDOWS\System32\ole32.dll
0x00007ff8ec730000 - 0x00007ff8ec763000 	C:\WINDOWS\SYSTEM32\IPHLPAPI.DLL
0x00007ff8ed260000 - 0x00007ff8ed2ca000 	C:\WINDOWS\SYSTEM32\MSWSOCK.dll
0x00007ff8ecf90000 - 0x00007ff8ecfd8000 	C:\WINDOWS\SYSTEM32\SspiCli.dll
0x00007ff8abcb0000 - 0x00007ff8abcc6000 	C:\Users\admin\.cursor\extensions\redhat.java-1.42.0-win32-x64\jre\21.0.7-win32-x86_64\bin\nio.dll
0x00007ff8be1c0000 - 0x00007ff8be1d0000 	c:\Users\admin\.cursor\extensions\redhat.java-1.42.0-win32-x64\jre\21.0.7-win32-x86_64\bin\verify.dll
0x00007ff8eb200000 - 0x00007ff8eb2af000 	C:\WINDOWS\system32\uxtheme.dll
0x00007ff8c6160000 - 0x00007ff8c61a5000 	C:\Users\admin\AppData\Roaming\Cursor\User\globalStorage\redhat.java\1.42.0\config_win\org.eclipse.equinox.launcher\org.eclipse.equinox.launcher.win32.win32.x86_64_1.2.1300.v20250331-1702\eclipse_11911.dll
0x00007ff8ed510000 - 0x00007ff8ed52c000 	C:\WINDOWS\SYSTEM32\CRYPTSP.dll
0x00007ff8ecc50000 - 0x00007ff8ecc8a000 	C:\WINDOWS\system32\rsaenh.dll
0x00007ff8ed300000 - 0x00007ff8ed32b000 	C:\WINDOWS\SYSTEM32\USERENV.dll
0x00007ff8ede50000 - 0x00007ff8ede76000 	C:\WINDOWS\SYSTEM32\bcrypt.dll
0x00007ff8ed500000 - 0x00007ff8ed50c000 	C:\WINDOWS\SYSTEM32\CRYPTBASE.dll
0x00007ff8eedb0000 - 0x00007ff8eedba000 	C:\WINDOWS\System32\NSI.dll
0x00007ff8e09f0000 - 0x00007ff8e09fa000 	C:\Users\admin\.cursor\extensions\redhat.java-1.42.0-win32-x64\jre\21.0.7-win32-x86_64\bin\management.dll
0x00007ff8d6d30000 - 0x00007ff8d6d3b000 	C:\Users\admin\.cursor\extensions\redhat.java-1.42.0-win32-x64\jre\21.0.7-win32-x86_64\bin\management_ext.dll
0x00007ff8f0040000 - 0x00007ff8f0048000 	C:\WINDOWS\System32\PSAPI.DLL
0x00007ff8b6940000 - 0x00007ff8b6989000 	C:\Users\admin\AppData\Local\Temp\jna-92668751\jna3747968180239576545.dll
0x00007ff8e86b0000 - 0x00007ff8e86cf000 	C:\WINDOWS\SYSTEM32\dhcpcsvc6.DLL
0x00007ff8e7810000 - 0x00007ff8e7835000 	C:\WINDOWS\SYSTEM32\dhcpcsvc.DLL
0x00007ff8b6910000 - 0x00007ff8b6937000 	C:\Users\admin\.gradle\native\1def1411415f61bf3af743bc5b6707747c0891f09f0c88961ee8f79bc544acac\windows-amd64\native-platform.dll
0x00007ff8c5880000 - 0x00007ff8c5889000 	C:\Users\admin\.cursor\extensions\redhat.java-1.42.0-win32-x64\jre\21.0.7-win32-x86_64\bin\extnet.dll
0x00007ff8abba0000 - 0x00007ff8abbae000 	C:\Users\admin\.cursor\extensions\redhat.java-1.42.0-win32-x64\jre\21.0.7-win32-x86_64\bin\sunmscapi.dll
0x00007ff8ee7e0000 - 0x00007ff8ee957000 	C:\WINDOWS\System32\CRYPT32.dll
0x00007ff8ed710000 - 0x00007ff8ed740000 	C:\WINDOWS\SYSTEM32\ncrypt.dll
0x00007ff8ed6c0000 - 0x00007ff8ed6ff000 	C:\WINDOWS\SYSTEM32\NTASN1.dll
0x00007ff8abb80000 - 0x00007ff8abb88000 	C:\WINDOWS\system32\wshunix.dll

dbghelp: loaded successfully - version: 4.0.5 - missing functions: none
symbol engine: initialized successfully - sym options: 0x614 - pdb path: .;c:\Users\admin\.cursor\extensions\redhat.java-1.42.0-win32-x64\jre\21.0.7-win32-x86_64\bin;C:\WINDOWS\SYSTEM32;C:\WINDOWS\WinSxS\amd64_microsoft.windows.common-controls_6595b64144ccf1df_6.0.26100.3912_none_3e07963ce335137e;c:\Users\admin\.cursor\extensions\redhat.java-1.42.0-win32-x64\jre\21.0.7-win32-x86_64\bin\server;C:\Users\admin\AppData\Roaming\Cursor\User\globalStorage\redhat.java\1.42.0\config_win\org.eclipse.equinox.launcher\org.eclipse.equinox.launcher.win32.win32.x86_64_1.2.1300.v20250331-1702;C:\Users\admin\AppData\Local\Temp\jna-92668751;C:\Users\admin\.gradle\native\1def1411415f61bf3af743bc5b6707747c0891f09f0c88961ee8f79bc544acac\windows-amd64

VM Arguments:
jvm_args: --add-modules=ALL-SYSTEM --add-opens=java.base/java.util=ALL-UNNAMED --add-opens=java.base/java.lang=ALL-UNNAMED --add-opens=java.base/sun.nio.fs=ALL-UNNAMED -Declipse.application=org.eclipse.jdt.ls.core.id1 -Dosgi.bundles.defaultStartLevel=4 -Declipse.product=org.eclipse.jdt.ls.core.product -Djava.import.generatesMetadataFilesAtProjectRoot=false -DDetectVMInstallationsJob.disabled=true -Dfile.encoding=utf8 -XX:+UseParallelGC -XX:GCTimeRatio=4 -XX:AdaptiveSizePolicyWeight=90 -Dsun.zip.disableMemoryMapping=true -Xmx1G -Xms100m -Xlog:disable -javaagent:c:\Users\admin\.cursor\extensions\redhat.java-1.42.0-win32-x64\lombok\lombok-1.18.36.jar -XX:+HeapDumpOnOutOfMemoryError -XX:HeapDumpPath=c:\Users\admin\AppData\Roaming\Cursor\User\workspaceStorage\0426a641ec518546e312a5bf184515bb\redhat.java -Daether.dependencyCollector.impl=bf 
java_command: c:\Users\admin\.cursor\extensions\redhat.java-1.42.0-win32-x64\server\plugins\org.eclipse.equinox.launcher_1.7.0.v20250424-1814.jar -configuration c:\Users\admin\AppData\Roaming\Cursor\User\globalStorage\redhat.java\1.42.0\config_win -data c:\Users\admin\AppData\Roaming\Cursor\User\workspaceStorage\0426a641ec518546e312a5bf184515bb\redhat.java\jdt_ws --pipe=\\.\pipe\lsp-b81f1fe8417d45e9d39192c834738b01-sock
java_class_path (initial): c:\Users\admin\.cursor\extensions\redhat.java-1.42.0-win32-x64\server\plugins\org.eclipse.equinox.launcher_1.7.0.v20250424-1814.jar
Launcher Type: SUN_STANDARD

[Global flags]
    uintx AdaptiveSizePolicyWeight                 = 90                                        {product} {command line}
     intx CICompilerCount                          = 12                                        {product} {ergonomic}
    uintx GCTimeRatio                              = 4                                         {product} {command line}
     bool HeapDumpOnOutOfMemoryError               = true                                   {manageable} {command line}
    ccstr HeapDumpPath                             = c:\Users\admin\AppData\Roaming\Cursor\User\workspaceStorage\0426a641ec518546e312a5bf184515bb\redhat.java         {manageable} {command line}
   size_t InitialHeapSize                          = 104857600                                 {product} {command line}
   size_t MaxHeapSize                              = 1073741824                                {product} {command line}
   size_t MaxNewSize                               = 357564416                                 {product} {ergonomic}
   size_t MinHeapDeltaBytes                        = 524288                                    {product} {ergonomic}
   size_t MinHeapSize                              = 104857600                                 {product} {command line}
   size_t NewSize                                  = 34603008                                  {product} {ergonomic}
    uintx NonNMethodCodeHeapSize                   = 7602480                                {pd product} {ergonomic}
    uintx NonProfiledCodeHeapSize                  = 122027880                              {pd product} {ergonomic}
   size_t OldSize                                  = 70254592                                  {product} {ergonomic}
    uintx ProfiledCodeHeapSize                     = 122027880                              {pd product} {ergonomic}
    uintx ReservedCodeCacheSize                    = 251658240                              {pd product} {ergonomic}
     bool SegmentedCodeCache                       = true                                      {product} {ergonomic}
   size_t SoftMaxHeapSize                          = 1073741824                             {manageable} {ergonomic}
     bool UseCompressedOops                        = true                           {product lp64_product} {ergonomic}
     bool UseLargePagesIndividualAllocation        = false                                  {pd product} {ergonomic}
     bool UseParallelGC                            = true                                      {product} {command line}

Logging:
Log output configuration:
 #0: stdout all=off uptime,level,tags foldmultilines=false
 #1: stderr all=off uptime,level,tags foldmultilines=false

Environment Variables:
JAVA_HOME=C:\Program Files\OpenLogic\jdk-17.0.15.6-hotspot
PATH=C:\Program Files\Common Files\Oracle\Java\javapath;C:\Program Files\OpenLogic\jdk-17.0.15.6-hotspot\bin;C:\WINDOWS\system32;C:\WINDOWS;C:\WINDOWS\System32\Wbem;C:\WINDOWS\System32\WindowsPowerShell\v1.0\;C:\WINDOWS\System32\OpenSSH\;C:\Program Files\dotnet\;C:\Program Files\Microsoft SQL Server\130\Tools\Binn\;C:\Program Files\Git\cmd;C:\Users\admin\AppData\Roaming\nvm;C:\Program Files\nodejs;C:\Program Files\Microsoft SQL Server\150\Tools\Binn\;C:\Users\admin\AppData\Local\Microsoft\WindowsApps;C:\Users\admin\AppData\Roaming\npm;C:\Users\admin\AppData\Local\Programs\Microsoft VS Code\bin;C:\Users\admin\AppData\Roaming\nvm;C:\Program Files\nodejs;C:\Users\admin\AppData\Local\Android\Sdk\platform-tools;C:\Users\admin\AppData\Local\Programs\cursor\resources\app\bin;C:\;C:\Users\admin\.dotnet\tools
USERNAME=admin
OS=Windows_NT
PROCESSOR_IDENTIFIER=Intel64 Family 6 Model 165 Stepping 5, GenuineIntel
TMP=C:\Users\admin\AppData\Local\Temp
TEMP=C:\Users\admin\AppData\Local\Temp




Periodic native trim disabled

---------------  S Y S T E M  ---------------

OS:
 Windows 11 , 64 bit Build 26100 (10.0.26100.3912)
OS uptime: 0 days 0:26 hours

CPU: total 16 (initial active 16) (8 cores per cpu, 2 threads per core) family 6 model 165 stepping 5 microcode 0xec, cx8, cmov, fxsr, ht, mmx, 3dnowpref, sse, sse2, sse3, ssse3, sse4.1, sse4.2, popcnt, lzcnt, tsc, tscinvbit, avx, avx2, aes, erms, clmul, bmi1, bmi2, adx, fma, vzeroupper, clflush, clflushopt, rdtscp, f16c, pku
Processor Information for processor 0
  Max Mhz: 2901, Current Mhz: 2901, Mhz Limit: 2901
Processor Information for processor 1
  Max Mhz: 2901, Current Mhz: 2901, Mhz Limit: 2901
Processor Information for processor 2
  Max Mhz: 2901, Current Mhz: 2901, Mhz Limit: 2901
Processor Information for processor 3
  Max Mhz: 2901, Current Mhz: 2901, Mhz Limit: 2901
Processor Information for processor 4
  Max Mhz: 2901, Current Mhz: 2901, Mhz Limit: 2901
Processor Information for processor 5
  Max Mhz: 2901, Current Mhz: 2901, Mhz Limit: 2901
Processor Information for processor 6
  Max Mhz: 2901, Current Mhz: 2901, Mhz Limit: 2901
Processor Information for processor 7
  Max Mhz: 2901, Current Mhz: 1200, Mhz Limit: 2901
Processor Information for processor 8
  Max Mhz: 2901, Current Mhz: 2901, Mhz Limit: 2901
Processor Information for processor 9
  Max Mhz: 2901, Current Mhz: 2901, Mhz Limit: 2901
Processor Information for processor 10
  Max Mhz: 2901, Current Mhz: 2901, Mhz Limit: 2901
Processor Information for processor 11
  Max Mhz: 2901, Current Mhz: 1200, Mhz Limit: 2901
Processor Information for processor 12
  Max Mhz: 2901, Current Mhz: 2901, Mhz Limit: 2901
Processor Information for processor 13
  Max Mhz: 2901, Current Mhz: 1200, Mhz Limit: 2901
Processor Information for processor 14
  Max Mhz: 2901, Current Mhz: 2901, Mhz Limit: 2901
Processor Information for processor 15
  Max Mhz: 2901, Current Mhz: 2901, Mhz Limit: 2901

Memory: 4k page, system-wide physical 16096M (7824M free)
TotalPageFile size 34528M (AvailPageFile size 25325M)
current process WorkingSet (physical memory assigned to process): 284M, peak: 302M
current process commit charge ("private bytes"): 365M, peak: 386M

vm_info: OpenJDK 64-Bit Server VM (21.0.7+6-LTS) for windows-amd64 JRE (21.0.7+6-LTS), built on 2025-04-15T00:00:00Z by "admin" with MS VC++ 17.7 (VS2022)

END.
