#
# A fatal error has been detected by the Java Runtime Environment:
#
#  EXCEPTION_ACCESS_VIOLATION (0xc0000005) at pc=0x000000018000c274, pid=12468, tid=1400
#
# JRE version: OpenJDK Runtime Environment Temurin-21.0.7+6 (21.0.7+6) (build 21.0.7+6-LTS)
# Java VM: OpenJDK 64-Bit Server VM Temurin-21.0.7+6 (21.0.7+6-LTS, mixed mode, sharing, tiered, compressed oops, compressed class ptrs, parallel gc, windows-amd64)
# Problematic frame:
# C  [ASProxy64.dll+0xc274]
#
# No core dump will be written. Minidumps are not enabled by default on client versions of Windows
#
# If you would like to submit a bug report, please visit:
#   https://github.com/adoptium/adoptium-support/issues
# The crash happened outside the Java Virtual Machine in native code.
# See problematic frame for where to report the bug.
#

---------------  S U M M A R Y ------------

Command Line: --add-modules=ALL-SYSTEM --add-opens=java.base/java.util=ALL-UNNAMED --add-opens=java.base/java.lang=ALL-UNNAMED --add-opens=java.base/sun.nio.fs=ALL-UNNAMED -Declipse.application=org.eclipse.jdt.ls.core.id1 -Dosgi.bundles.defaultStartLevel=4 -Declipse.product=org.eclipse.jdt.ls.core.product -Djava.import.generatesMetadataFilesAtProjectRoot=false -DDetectVMInstallationsJob.disabled=true -Dfile.encoding=utf8 -XX:+UseParallelGC -XX:GCTimeRatio=4 -XX:AdaptiveSizePolicyWeight=90 -Dsun.zip.disableMemoryMapping=true -Xmx1G -Xms100m -Xlog:disable -javaagent:c:\Users\admin\.cursor\extensions\redhat.java-1.42.0-win32-x64\lombok\lombok-1.18.36.jar -XX:+HeapDumpOnOutOfMemoryError -XX:HeapDumpPath=c:\Users\admin\AppData\Roaming\Cursor\User\workspaceStorage\0426a641ec518546e312a5bf184515bb\redhat.java -Daether.dependencyCollector.impl=bf c:\Users\admin\.cursor\extensions\redhat.java-1.42.0-win32-x64\server\plugins\org.eclipse.equinox.launcher_1.7.0.v20250424-1814.jar -configuration c:\Users\admin\AppData\Roaming\Cursor\User\globalStorage\redhat.java\1.42.0\config_win -data c:\Users\admin\AppData\Roaming\Cursor\User\workspaceStorage\0426a641ec518546e312a5bf184515bb\redhat.java\jdt_ws --pipe=\\.\pipe\lsp-08f35fcfcd1c5fdc50176c74b61da1cc-sock

Host: Intel(R) Core(TM) i7-10700 CPU @ 2.90GHz, 16 cores, 15G,  Windows 11 , 64 bit Build 26100 (10.0.26100.3912)
Time: Sun May 18 14:30:18 2025 Eastern Daylight Time elapsed time: 11.099159 seconds (0d 0h 0m 11s)

---------------  T H R E A D  ---------------

Current thread (0x000001844734ca90):  JavaThread "Connection worker"        [_thread_in_native, id=1400, stack(0x0000001e9b300000,0x0000001e9b400000) (1024K)]

Stack: [0x0000001e9b300000,0x0000001e9b400000],  sp=0x0000001e9b3fdfd0,  free space=1015k
Native frames: (J=compiled Java code, j=interpreted, Vv=VM code, C=native code)
C  [ASProxy64.dll+0xc274]

Java frames: (J=compiled Java code, j=interpreted, Vv=VM code)
j  sun.nio.ch.WEPoll.ctl(JIJI)I+0 java.base@21.0.7
j  sun.nio.ch.WEPollSelectorImpl.<init>(Ljava/nio/channels/spi/SelectorProvider;)V+139 java.base@21.0.7
j  sun.nio.ch.WEPollSelectorProvider.openSelector()Ljava/nio/channels/spi/AbstractSelector;+5 java.base@21.0.7
j  java.nio.channels.Selector.open()Ljava/nio/channels/Selector;+3 java.base@21.0.7
j  org.gradle.internal.remote.internal.inet.SocketConnection$SocketInputStream.<init>(Ljava/nio/channels/SocketChannel;)V+17
j  org.gradle.internal.remote.internal.inet.SocketConnection.<init>(Ljava/nio/channels/SocketChannel;Lorg/gradle/internal/remote/internal/MessageSerializer;Lorg/gradle/internal/serialize/StatefulSerializer;)V+27
j  org.gradle.internal.remote.internal.inet.SocketConnectCompletion.create(Lorg/gradle/internal/serialize/StatefulSerializer;)Lorg/gradle/internal/remote/internal/RemoteConnection;+16
j  org.gradle.launcher.daemon.client.DefaultDaemonConnector.connectToDaemon(Lorg/gradle/launcher/daemon/context/DaemonConnectDetails;Lorg/gradle/launcher/daemon/client/DaemonClientConnection$StaleAddressDetector;)Lorg/gradle/launcher/daemon/client/DaemonClientConnection;+45
j  org.gradle.launcher.daemon.client.DefaultDaemonConnector.connectToDaemonWithId(Lorg/gradle/launcher/daemon/diagnostics/DaemonStartupInfo;Lorg/gradle/api/internal/specs/ExplainingSpec;)Lorg/gradle/launcher/daemon/client/DaemonClientConnection;+116
j  org.gradle.launcher.daemon.client.DefaultDaemonConnector.doStartDaemon(Lorg/gradle/api/internal/specs/ExplainingSpec;Z)Lorg/gradle/launcher/daemon/client/DaemonClientConnection;+61
j  org.gradle.launcher.daemon.client.DefaultDaemonConnector.startDaemon(Lorg/gradle/api/internal/specs/ExplainingSpec;)Lorg/gradle/launcher/daemon/client/DaemonClientConnection;+3
j  org.gradle.launcher.daemon.client.DaemonClient.execute(Lorg/gradle/internal/invocation/BuildAction;Lorg/gradle/launcher/exec/BuildActionParameters;Lorg/gradle/internal/daemon/client/execution/ClientBuildRequestContext;)Lorg/gradle/launcher/exec/BuildActionResult;+201
j  org.gradle.launcher.daemon.client.DaemonClient.execute(Lorg/gradle/internal/invocation/BuildAction;Ljava/lang/Object;Ljava/lang/Object;)Lorg/gradle/launcher/exec/BuildActionResult;+10
j  org.gradle.tooling.internal.provider.DaemonBuildActionExecuter.execute(Lorg/gradle/internal/invocation/BuildAction;Lorg/gradle/tooling/internal/provider/ConnectionOperationParameters;Lorg/gradle/internal/daemon/client/execution/ClientBuildRequestContext;)Lorg/gradle/launcher/exec/BuildActionResult;+72
j  org.gradle.tooling.internal.provider.DaemonBuildActionExecuter.execute(Lorg/gradle/internal/invocation/BuildAction;Ljava/lang/Object;Ljava/lang/Object;)Lorg/gradle/launcher/exec/BuildActionResult;+10
j  org.gradle.tooling.internal.provider.LoggingBridgingBuildActionExecuter.execute(Lorg/gradle/internal/invocation/BuildAction;Lorg/gradle/tooling/internal/provider/ConnectionOperationParameters;Lorg/gradle/internal/daemon/client/execution/ClientBuildRequestContext;)Lorg/gradle/launcher/exec/BuildActionResult;+77
j  org.gradle.tooling.internal.provider.LoggingBridgingBuildActionExecuter.execute(Lorg/gradle/internal/invocation/BuildAction;Ljava/lang/Object;Ljava/lang/Object;)Lorg/gradle/launcher/exec/BuildActionResult;+10
j  org.gradle.tooling.internal.provider.ProviderConnection.run(Lorg/gradle/internal/invocation/BuildAction;Lorg/gradle/initialization/BuildCancellationToken;Lorg/gradle/tooling/internal/provider/ProviderConnection$ProgressListenerConfiguration;Lorg/gradle/initialization/BuildEventConsumer;Lorg/gradle/tooling/internal/provider/connection/ProviderOperationParameters;Lorg/gradle/tooling/internal/provider/ProviderConnection$Parameters;)Ljava/lang/Object;+79
j  org.gradle.tooling.internal.provider.ProviderConnection.runPhasedAction(Lorg/gradle/tooling/internal/protocol/InternalPhasedAction;Lorg/gradle/tooling/internal/protocol/PhasedActionResultListener;Lorg/gradle/initialization/BuildCancellationToken;Lorg/gradle/tooling/internal/provider/connection/ProviderOperationParameters;)Ljava/lang/Object;+132
j  org.gradle.tooling.internal.provider.DefaultConnection.run(Lorg/gradle/tooling/internal/protocol/InternalPhasedAction;Lorg/gradle/tooling/internal/protocol/PhasedActionResultListener;Lorg/gradle/tooling/internal/protocol/InternalCancellationToken;Lorg/gradle/tooling/internal/protocol/BuildParameters;)Lorg/gradle/tooling/internal/protocol/BuildResult;+28
j  org.gradle.tooling.internal.consumer.connection.PhasedActionAwareConsumerConnection.run(Lorg/gradle/tooling/internal/consumer/PhasedBuildAction;Lorg/gradle/tooling/internal/consumer/parameters/ConsumerOperationParameters;)V+66
j  org.gradle.tooling.internal.consumer.connection.ParameterValidatingConsumerConnection.run(Lorg/gradle/tooling/internal/consumer/PhasedBuildAction;Lorg/gradle/tooling/internal/consumer/parameters/ConsumerOperationParameters;)V+11
j  org.gradle.tooling.internal.consumer.DefaultPhasedBuildActionExecuter$1.run(Lorg/gradle/tooling/internal/consumer/connection/ConsumerConnection;)Ljava/lang/Void;+12
j  org.gradle.tooling.internal.consumer.DefaultPhasedBuildActionExecuter$1.run(Lorg/gradle/tooling/internal/consumer/connection/ConsumerConnection;)Ljava/lang/Object;+2
j  org.gradle.tooling.internal.consumer.connection.LazyConsumerActionExecutor.run(Lorg/gradle/tooling/internal/consumer/connection/ConsumerAction;)Ljava/lang/Object;+34
j  org.gradle.tooling.internal.consumer.connection.CancellableConsumerActionExecutor.run(Lorg/gradle/tooling/internal/consumer/connection/ConsumerAction;)Ljava/lang/Object;+34
j  org.gradle.tooling.internal.consumer.connection.ProgressLoggingConsumerActionExecutor.run(Lorg/gradle/tooling/internal/consumer/connection/ConsumerAction;)Ljava/lang/Object;+78
j  org.gradle.tooling.internal.consumer.connection.RethrowingErrorsConsumerActionExecutor.run(Lorg/gradle/tooling/internal/consumer/connection/ConsumerAction;)Ljava/lang/Object;+5
j  org.gradle.tooling.internal.consumer.async.DefaultAsyncConsumerActionExecutor$1$1.run()V+17
j  org.gradle.internal.concurrent.ExecutorPolicy$CatchAndRecordFailures.onExecute(Ljava/lang/Runnable;)V+1
j  org.gradle.internal.concurrent.AbstractManagedExecutor$1.run()V+25
j  java.util.concurrent.ThreadPoolExecutor.runWorker(Ljava/util/concurrent/ThreadPoolExecutor$Worker;)V+92 java.base@21.0.7
j  java.util.concurrent.ThreadPoolExecutor$Worker.run()V+5 java.base@21.0.7
j  java.lang.Thread.runWith(Ljava/lang/Object;Ljava/lang/Runnable;)V+5 java.base@21.0.7
j  java.lang.Thread.run()V+19 java.base@21.0.7
v  ~StubRoutines::call_stub 0x0000018470b5100d

siginfo: EXCEPTION_ACCESS_VIOLATION (0xc0000005), reading address 0x0000000000001330


Registers:
RAX=0x0000000000000000, RBX=0x000001847dd52728, RCX=0x000000000000133c, RDX=0x0000000000000002
RSP=0x0000001e9b3fdfd0, RBP=0x0000000000001330, RSI=0x0000018449e075e0, RDI=0x0000000000001330
R8 =0x7ffffffffffffffc, R9 =0x0000000000000001, R10=0x000000000000133c, R11=0x000001846650d1e8
R12=0x0000001e9b3fe210, R13=0x0000000000001340, R14=0x0000018449e075b0, R15=0x0000000000001340
RIP=0x000000018000c274, EFLAGS=0x0000000000010246

XMM[0]=0x0000000000000000 0x0000000000000000
XMM[1]=0x0000000000000000 0x0000000000000000
XMM[2]=0x0000000000000000 0x0000000000000000
XMM[3]=0x0000000000000000 0x0000000000000000
XMM[4]=0x0000000000000000 0x0000000000000000
XMM[5]=0x0000000000000000 0x0000000000000000
XMM[6]=0xc212a76bd415fce8 0xb77c9db4ff5ebbae
XMM[7]=0xe2558ace2c85646e 0xbe5897ddfaa0b40b
XMM[8]=0x0000000000000000 0x07681de241dc75f7
XMM[9]=0xa8c703c0eb7f0865 0x62a904c88b5fb405
XMM[10]=0xffffffffffffffff 0x0b0a090803020100
XMM[11]=0x593afec24cba2a29 0x0000000000000000
XMM[12]=0x0b0a090803020100 0xffffffffffffffff
XMM[13]=0x0c0d0e0f08090a0b 0x0405060700010203
XMM[14]=0x0000000000000000 0x6c9c4e785cd1fc34
XMM[15]=0x0000000000000000 0x00000000f035adbc
  MXCSR=0x00001fa0


Register to memory mapping:

RAX=0x0 is null
RBX=0x000001847dd52728 points into unknown readable memory: 0x0000000000000000 | 00 00 00 00 00 00 00 00
RCX=0x000000000000133c is an unknown value
RDX=0x0000000000000002 is an unknown value
RSP=0x0000001e9b3fdfd0 is pointing into the stack for thread: 0x000001844734ca90
RBP=0x0000000000001330 is an unknown value
RSI=0x0000018449e075e0 points into unknown readable memory: 0x0000018449e075e0 | e0 75 e0 49 84 01 00 00
RDI=0x0000000000001330 is an unknown value
R8 =0x7ffffffffffffffc is an unknown value
R9 =0x0000000000000001 is an unknown value
R10=0x000000000000133c is an unknown value
R11=0x000001846650d1e8 points into unknown readable memory: 0x00000000000007d0 | d0 07 00 00 00 00 00 00
R12=0x0000001e9b3fe210 is pointing into the stack for thread: 0x000001844734ca90
R13=0x0000000000001340 is an unknown value
R14=0x0000018449e075b0 points into unknown readable memory: 0x0000000000001330 | 30 13 00 00 00 00 00 00
R15=0x0000000000001340 is an unknown value

Top of Stack: (sp=0x0000001e9b3fdfd0)
0x0000001e9b3fdfd0:   0000000000000000 0000000000000000
0x0000001e9b3fdfe0:   0000000000001330 000000018001f4c2
0x0000001e9b3fdff0:   0000000180065ec8 0000000000002736
0x0000001e9b3fe000:   0000000000000000 000000000000133c
0x0000001e9b3fe010:   0000000000001330 000000018000c506
0x0000001e9b3fe020:   000001847dd52728 0000000000002736
0x0000001e9b3fe030:   0000000000000000 0000018400000008
0x0000001e9b3fe040:   0000001e0000001e 0000000000000000
0x0000001e9b3fe050:   0000000000001330 0000000000000000
0x0000001e9b3fe060:   0000000000000001 0000000000000000
0x0000001e9b3fe070:   0000000000001330 00007ff8c17f77e6
0x0000001e9b3fe080:   000000000000133c 0000000000001302
0x0000001e9b3fe090:   0000018449e075e0 0000001e9b3fe1e0
0x0000001e9b3fe0a0:   0000000000000000 0000018400000000
0x0000001e9b3fe0b0:   0000000000000003 0000018400000001
0x0000001e9b3fe0c0:   0000000000000000 0000000000000000
0x0000001e9b3fe0d0:   00007ff800000000 00007ff8edfe0139
0x0000001e9b3fe0e0:   000000000000133c 0000000000000000
0x0000001e9b3fe0f0:   0000000000000000 00008d154fe62cbf
0x0000001e9b3fe100:   000001847dd52710 00007ff8c17f82af
0x0000001e9b3fe110:   0000000000000028 00007ff84efc2cac
0x0000001e9b3fe120:   000001847dd52718 0000018466534750
0x0000001e9b3fe130:   0000018449e075b0 00007ff8c17f8359
0x0000001e9b3fe140:   0000018449e075e0 0000001e9b3fe210
0x0000001e9b3fe150:   0000018449e075e0 0000018449e075b0
0x0000001e9b3fe160:   000001844734ca90 0000001e9b3fe210
0x0000001e9b3fe170:   00000184445ea828 0000000000000000
0x0000001e9b3fe180:   0000018449e075b0 00007ff8c17f8787
0x0000001e9b3fe190:   0000000000000000 0000001e9b3fe210
0x0000001e9b3fe1a0:   0000000000001340 000001844734ca90
0x0000001e9b3fe1b0:   0000000000000001 00007ff8c17f7a75
0x0000001e9b3fe1c0:   0000000000001330 0000001e9b3fe210 

Instructions: (pc=0x000000018000c274)
0x000000018000c174:   70 48 8b 6c 24 78 32 c0 48 83 c4 50 41 5c c3 cc
0x000000018000c184:   cc cc cc cc cc cc cc cc cc cc cc cc 48 85 c9 74
0x000000018000c194:   23 8b 05 ad ff 06 00 89 01 8b 05 a9 ff 06 00 89
0x000000018000c1a4:   41 04 8b 05 a4 ff 06 00 89 41 08 8b 05 9f ff 06
0x000000018000c1b4:   00 89 41 0c f3 c3 cc cc cc cc cc cc c6 01 01 c7
0x000000018000c1c4:   02 01 00 00 00 c3 cc cc cc cc cc cc 48 89 5c 24
0x000000018000c1d4:   08 57 48 83 ec 70 48 8b fa 8b d9 48 8d 15 82 73
0x000000018000c1e4:   05 00 48 8d 4c 24 20 45 33 c0 48 c7 44 24 40 0f
0x000000018000c1f4:   00 00 00 48 c7 44 24 38 00 00 00 00 c6 44 24 28
0x000000018000c204:   00 e8 d6 6b ff ff 4c 8d 4c 24 20 48 8d 4c 24 48
0x000000018000c214:   41 b0 01 8b d3 e8 52 06 02 00 48 83 78 20 10 72
0x000000018000c224:   06 48 8b 48 08 eb 05 48 8d 48 08 90 0f b6 01 48
0x000000018000c234:   ff c7 48 ff c1 88 47 ff 84 c0 75 f0 48 83 7c 24
0x000000018000c244:   68 10 72 0a 48 8b 4c 24 50 e8 52 94 03 00 48 8b
0x000000018000c254:   9c 24 80 00 00 00 48 83 c4 70 5f c3 48 83 ec 48
0x000000018000c264:   0f b6 c2 0f 57 c0 0f 11 44 24 ff 25 00 00 00 00
0x000000018000c274:   ae 7e ef ee f8 7f 00 00 8b 44 24 04 0f af 04 24
0x000000018000c284:   89 04 24 8b 44 24 04 0f af 04 24 83 c0 01 89 04
0x000000018000c294:   24 8b 44 24 04 0f af 04 24 83 c0 02 89 04 24 8b
0x000000018000c2a4:   44 24 04 0f af 04 24 83 c0 03 89 04 24 8b 44 24
0x000000018000c2b4:   04 0f af 04 24 83 c0 04 89 04 24 8b 44 24 04 0f
0x000000018000c2c4:   af 04 24 83 c0 05 89 04 24 8b 44 24 04 0f af 04
0x000000018000c2d4:   24 83 c0 06 89 04 24 8b 44 24 04 0f af 04 24 83
0x000000018000c2e4:   c0 07 89 04 24 8b 44 24 04 0f af 04 24 83 c0 08
0x000000018000c2f4:   89 04 24 8b 44 24 04 0f af 04 24 83 c0 09 89 04
0x000000018000c304:   24 8b 44 24 04 0f af 04 24 83 c0 0a 89 04 24 8b
0x000000018000c314:   44 24 04 0f af 04 24 83 c0 0b 89 04 24 8b 44 24
0x000000018000c324:   04 0f af 04 24 83 c0 0d 89 04 24 8b 44 24 04 0f
0x000000018000c334:   af 04 24 83 c0 0e 89 04 24 8b 44 24 04 0f af 04
0x000000018000c344:   24 83 c0 0f 89 04 24 8b 44 24 04 0f af 04 24 83
0x000000018000c354:   c0 10 89 04 24 8b 44 24 04 0f af 04 24 83 c0 11
0x000000018000c364:   89 04 24 8b 44 24 04 0f af 04 24 83 c0 12 89 04 


Stack slot to memory mapping:

stack at sp + 0 slots: 0x0 is null
stack at sp + 1 slots: 0x0 is null
stack at sp + 2 slots: 0x0000000000001330 is an unknown value
stack at sp + 3 slots: 0x000000018001f4c2 ASProxy64.dll
stack at sp + 4 slots: 0x0000000180065ec8 ASProxy64.dll
stack at sp + 5 slots: 0x0000000000002736 is an unknown value
stack at sp + 6 slots: 0x0 is null
stack at sp + 7 slots: 0x000000000000133c is an unknown value


---------------  P R O C E S S  ---------------

Threads class SMR info:
_java_thread_list=0x0000018448458ae0, length=60, elements={
0x000001846413ad50, 0x00000184665b8370, 0x000001847a8fcc10, 0x00000184665bb8d0,
0x00000184665bc7d0, 0x00000184665be1e0, 0x00000184665c56e0, 0x00000184665cd6f0,
0x000001847bdcaf90, 0x00000184665c5050, 0x000001847bf57440, 0x000001847bf57ae0,
0x00000184665c3ca0, 0x00000184665c49c0, 0x00000184665c5d70, 0x00000184665c4330,
0x00000184665c3610, 0x00000184665c6a90, 0x000001847f2384a0, 0x000001847f237e10,
0x000001847f23a570, 0x000001847f238b30, 0x000001847f23b290, 0x000001847f23ac00,
0x000001847f23bfb0, 0x000001847f23b920, 0x000001847f23c640, 0x000001847f2391c0,
0x000001847f23ccd0, 0x000001847f239850, 0x000001847f23d360, 0x000001847f23e710,
0x000001847f23d9f0, 0x000001847f23e080, 0x000001847f60deb0, 0x000001847f610610,
0x000001847f60f260, 0x000001847f60ff80, 0x000001847f60ebd0, 0x000001847f610ca0,
0x000001847f60d820, 0x000001847f60f8f0, 0x000001847f60e540, 0x0000018445e5a900,
0x0000018445e59be0, 0x0000018445e5bcb0, 0x0000018445e5af90, 0x0000018445e5d060,
0x0000018445e5a270, 0x0000018445e5e410, 0x0000018445e5f7c0, 0x0000018445e5f130,
0x0000018445e5fe50, 0x000001844734b050, 0x000001844734bd70, 0x000001844734ca90,
0x000001844734eb60, 0x000001844734d120, 0x000001844734d7b0, 0x000001844734b6e0
}

Java Threads: ( => current thread )
  0x000001846413ad50 JavaThread "main"                              [_thread_blocked, id=8316, stack(0x0000001e95200000,0x0000001e95300000) (1024K)]
  0x00000184665b8370 JavaThread "Reference Handler"          daemon [_thread_blocked, id=32724, stack(0x0000001e95600000,0x0000001e95700000) (1024K)]
  0x000001847a8fcc10 JavaThread "Finalizer"                  daemon [_thread_blocked, id=3660, stack(0x0000001e95700000,0x0000001e95800000) (1024K)]
  0x00000184665bb8d0 JavaThread "Signal Dispatcher"          daemon [_thread_blocked, id=16696, stack(0x0000001e95800000,0x0000001e95900000) (1024K)]
  0x00000184665bc7d0 JavaThread "Attach Listener"            daemon [_thread_blocked, id=17560, stack(0x0000001e95900000,0x0000001e95a00000) (1024K)]
  0x00000184665be1e0 JavaThread "Service Thread"             daemon [_thread_blocked, id=17136, stack(0x0000001e95a00000,0x0000001e95b00000) (1024K)]
  0x00000184665c56e0 JavaThread "Monitor Deflation Thread"   daemon [_thread_blocked, id=12132, stack(0x0000001e95b00000,0x0000001e95c00000) (1024K)]
  0x00000184665cd6f0 JavaThread "C2 CompilerThread0"         daemon [_thread_blocked, id=21848, stack(0x0000001e95c00000,0x0000001e95d00000) (1024K)]
  0x000001847bdcaf90 JavaThread "C1 CompilerThread0"         daemon [_thread_blocked, id=17000, stack(0x0000001e95d00000,0x0000001e95e00000) (1024K)]
  0x00000184665c5050 JavaThread "Common-Cleaner"             daemon [_thread_blocked, id=29884, stack(0x0000001e95e00000,0x0000001e95f00000) (1024K)]
  0x000001847bf57440 JavaThread "C1 CompilerThread1"         daemon [_thread_blocked, id=34956, stack(0x0000001e95f00000,0x0000001e96000000) (1024K)]
  0x000001847bf57ae0 JavaThread "C1 CompilerThread2"         daemon [_thread_blocked, id=32808, stack(0x0000001e96000000,0x0000001e96100000) (1024K)]
  0x00000184665c3ca0 JavaThread "Notification Thread"        daemon [_thread_blocked, id=19664, stack(0x0000001e97400000,0x0000001e97500000) (1024K)]
  0x00000184665c49c0 JavaThread "Active Thread: Equinox Container: 79a2b991-da60-4787-91ce-9b26edd1bc53"        [_thread_blocked, id=29848, stack(0x0000001e97d00000,0x0000001e97e00000) (1024K)]
  0x00000184665c5d70 JavaThread "Refresh Thread: Equinox Container: 79a2b991-da60-4787-91ce-9b26edd1bc53" daemon [_thread_blocked, id=11652, stack(0x0000001e98000000,0x0000001e98100000) (1024K)]
  0x00000184665c4330 JavaThread "Framework Event Dispatcher: Equinox Container: 79a2b991-da60-4787-91ce-9b26edd1bc53" daemon [_thread_blocked, id=14152, stack(0x0000001e98100000,0x0000001e98200000) (1024K)]
  0x00000184665c3610 JavaThread "Start Level: Equinox Container: 79a2b991-da60-4787-91ce-9b26edd1bc53" daemon [_thread_blocked, id=11408, stack(0x0000001e98200000,0x0000001e98300000) (1024K)]
  0x00000184665c6a90 JavaThread "Bundle File Closer"         daemon [_thread_blocked, id=11728, stack(0x0000001e98600000,0x0000001e98700000) (1024K)]
  0x000001847f2384a0 JavaThread "SCR Component Actor"        daemon [_thread_blocked, id=27828, stack(0x0000001e98700000,0x0000001e98800000) (1024K)]
  0x000001847f237e10 JavaThread "Worker-JM"                         [_thread_blocked, id=33572, stack(0x0000001e98a00000,0x0000001e98b00000) (1024K)]
  0x000001847f23a570 JavaThread "Worker-0"                          [_thread_blocked, id=35772, stack(0x0000001e98c00000,0x0000001e98d00000) (1024K)]
  0x000001847f238b30 JavaThread "Worker-1"                          [_thread_blocked, id=3744, stack(0x0000001e98d00000,0x0000001e98e00000) (1024K)]
  0x000001847f23b290 JavaThread "Java indexing"              daemon [_thread_blocked, id=11256, stack(0x0000001e97c00000,0x0000001e97d00000) (1024K)]
  0x000001847f23ac00 JavaThread "JNA Cleaner"                daemon [_thread_blocked, id=24224, stack(0x0000001e98e00000,0x0000001e98f00000) (1024K)]
  0x000001847f23bfb0 JavaThread "Worker-2"                          [_thread_blocked, id=18692, stack(0x0000001e99200000,0x0000001e99300000) (1024K)]
  0x000001847f23b920 JavaThread "Worker-3"                          [_thread_blocked, id=31284, stack(0x0000001e99300000,0x0000001e99400000) (1024K)]
  0x000001847f23c640 JavaThread "Thread-2"                   daemon [_thread_in_native, id=18128, stack(0x0000001e99400000,0x0000001e99500000) (1024K)]
  0x000001847f2391c0 JavaThread "Thread-3"                   daemon [_thread_in_native, id=26988, stack(0x0000001e99500000,0x0000001e99600000) (1024K)]
  0x000001847f23ccd0 JavaThread "Thread-4"                   daemon [_thread_in_native, id=33060, stack(0x0000001e99600000,0x0000001e99700000) (1024K)]
  0x000001847f239850 JavaThread "Thread-5"                   daemon [_thread_in_native, id=27256, stack(0x0000001e99700000,0x0000001e99800000) (1024K)]
  0x000001847f23d360 JavaThread "Thread-6"                   daemon [_thread_in_native, id=31548, stack(0x0000001e99800000,0x0000001e99900000) (1024K)]
  0x000001847f23e710 JavaThread "Thread-7"                   daemon [_thread_in_native, id=2396, stack(0x0000001e99900000,0x0000001e99a00000) (1024K)]
  0x000001847f23d9f0 JavaThread "Thread-8"                   daemon [_thread_in_native, id=30188, stack(0x0000001e99a00000,0x0000001e99b00000) (1024K)]
  0x000001847f23e080 JavaThread "Thread-9"                   daemon [_thread_in_native, id=14076, stack(0x0000001e99b00000,0x0000001e99c00000) (1024K)]
  0x000001847f60deb0 JavaThread "Thread-10"                  daemon [_thread_in_native, id=34320, stack(0x0000001e99c00000,0x0000001e99d00000) (1024K)]
  0x000001847f610610 JavaThread "Thread-11"                  daemon [_thread_in_native, id=20324, stack(0x0000001e99d00000,0x0000001e99e00000) (1024K)]
  0x000001847f60f260 JavaThread "Thread-12"                  daemon [_thread_in_native, id=26368, stack(0x0000001e99e00000,0x0000001e99f00000) (1024K)]
  0x000001847f60ff80 JavaThread "Thread-13"                  daemon [_thread_in_native, id=31792, stack(0x0000001e99f00000,0x0000001e9a000000) (1024K)]
  0x000001847f60ebd0 JavaThread "Thread-14"                  daemon [_thread_in_native, id=31136, stack(0x0000001e9a000000,0x0000001e9a100000) (1024K)]
  0x000001847f610ca0 JavaThread "Thread-15"                  daemon [_thread_in_native, id=24180, stack(0x0000001e9a100000,0x0000001e9a200000) (1024K)]
  0x000001847f60d820 JavaThread "Thread-16"                  daemon [_thread_in_native, id=33156, stack(0x0000001e9a200000,0x0000001e9a300000) (1024K)]
  0x000001847f60f8f0 JavaThread "Thread-17"                  daemon [_thread_in_native, id=20112, stack(0x0000001e9a300000,0x0000001e9a400000) (1024K)]
  0x000001847f60e540 JavaThread "Thread-18"                  daemon [_thread_in_native, id=8808, stack(0x0000001e9a400000,0x0000001e9a500000) (1024K)]
  0x0000018445e5a900 JavaThread "pool-2-thread-1"                   [_thread_blocked, id=1252, stack(0x0000001e9a500000,0x0000001e9a600000) (1024K)]
  0x0000018445e59be0 JavaThread "WorkspaceEventsHandler"            [_thread_blocked, id=14064, stack(0x0000001e9a600000,0x0000001e9a700000) (1024K)]
  0x0000018445e5bcb0 JavaThread "pool-1-thread-1"                   [_thread_blocked, id=30180, stack(0x0000001e9a700000,0x0000001e9a800000) (1024K)]
  0x0000018445e5af90 JavaThread "Worker-4: Initialize Workspace"        [_thread_blocked, id=21844, stack(0x0000001e9ac00000,0x0000001e9ad00000) (1024K)]
  0x0000018445e5d060 JavaThread "Timer-0"                           [_thread_blocked, id=8400, stack(0x0000001e9ab00000,0x0000001e9ac00000) (1024K)]
  0x0000018445e5a270 JavaThread "Timer-1"                           [_thread_blocked, id=21628, stack(0x0000001e9aa00000,0x0000001e9ab00000) (1024K)]
  0x0000018445e5e410 JavaThread "Timer-2"                           [_thread_blocked, id=22472, stack(0x0000001e9ad00000,0x0000001e9ae00000) (1024K)]
  0x0000018445e5f7c0 JavaThread "LocalFile Deleter"          daemon [_thread_blocked, id=23996, stack(0x0000001e9ae00000,0x0000001e9af00000) (1024K)]
  0x0000018445e5f130 JavaThread "LocalFile Deleter"          daemon [_thread_blocked, id=19852, stack(0x0000001e9af00000,0x0000001e9b000000) (1024K)]
  0x0000018445e5fe50 JavaThread "LocalFile Deleter"          daemon [_thread_blocked, id=21588, stack(0x0000001e9b000000,0x0000001e9b100000) (1024K)]
  0x000001844734b050 JavaThread "Timer-3"                           [_thread_blocked, id=12484, stack(0x0000001e9b100000,0x0000001e9b200000) (1024K)]
  0x000001844734bd70 JavaThread "Timer-4"                           [_thread_blocked, id=8500, stack(0x0000001e9b200000,0x0000001e9b300000) (1024K)]
=>0x000001844734ca90 JavaThread "Connection worker"                 [_thread_in_native, id=1400, stack(0x0000001e9b300000,0x0000001e9b400000) (1024K)]
  0x000001844734eb60 JavaThread "pool-3-thread-1"                   [_thread_blocked, id=7632, stack(0x0000001e9b600000,0x0000001e9b700000) (1024K)]
  0x000001844734d120 JavaThread "Exec process"                      [_thread_blocked, id=20076, stack(0x0000001e98800000,0x0000001e98900000) (1024K)]
  0x000001844734d7b0 JavaThread "Exec process Thread 2"             [_thread_blocked, id=19984, stack(0x0000001e9b700000,0x0000001e9b800000) (1024K)]
  0x000001844734b6e0 JavaThread "Exec process Thread 3"             [_thread_blocked, id=24744, stack(0x0000001e9b800000,0x0000001e9b900000) (1024K)]
Total: 60

Other Threads:
  0x000001847a8e4990 VMThread "VM Thread"                           [id=27460, stack(0x0000001e95500000,0x0000001e95600000) (1024K)]
  0x000001847a7dca10 WatcherThread "VM Periodic Task Thread"        [id=11048, stack(0x0000001e95400000,0x0000001e95500000) (1024K)]
  0x0000018466530c10 WorkerThread "GC Thread#0"                     [id=17512, stack(0x0000001e95300000,0x0000001e95400000) (1024K)]
  0x000001847e825700 WorkerThread "GC Thread#1"                     [id=30448, stack(0x0000001e97500000,0x0000001e97600000) (1024K)]
  0x000001847e418960 WorkerThread "GC Thread#2"                     [id=20000, stack(0x0000001e97600000,0x0000001e97700000) (1024K)]
  0x000001847e1d4ce0 WorkerThread "GC Thread#3"                     [id=12480, stack(0x0000001e97700000,0x0000001e97800000) (1024K)]
  0x000001847e819c60 WorkerThread "GC Thread#4"                     [id=30288, stack(0x0000001e97800000,0x0000001e97900000) (1024K)]
  0x000001847e411900 WorkerThread "GC Thread#5"                     [id=32104, stack(0x0000001e97900000,0x0000001e97a00000) (1024K)]
  0x000001847e4122b0 WorkerThread "GC Thread#6"                     [id=19992, stack(0x0000001e97a00000,0x0000001e97b00000) (1024K)]
  0x000001847ed13630 WorkerThread "GC Thread#7"                     [id=17640, stack(0x0000001e97f00000,0x0000001e98000000) (1024K)]
  0x000001847eedf460 WorkerThread "GC Thread#8"                     [id=6712, stack(0x0000001e98300000,0x0000001e98400000) (1024K)]
  0x000001847eaa5700 WorkerThread "GC Thread#9"                     [id=26364, stack(0x0000001e98400000,0x0000001e98500000) (1024K)]
  0x000001847eaa5aa0 WorkerThread "GC Thread#10"                    [id=26192, stack(0x0000001e98500000,0x0000001e98600000) (1024K)]
  0x000001847eaa61e0 WorkerThread "GC Thread#11"                    [id=17768, stack(0x0000001e98900000,0x0000001e98a00000) (1024K)]
  0x000001847eaa7060 WorkerThread "GC Thread#12"                    [id=25204, stack(0x0000001e98b00000,0x0000001e98c00000) (1024K)]
Total: 15

Threads with active compile tasks:
Total: 0

VM state: not at safepoint (normal execution)

VM Mutex/Monitor currently owned by a thread: None

Heap address: 0x00000000c0000000, size: 1024 MB, Compressed Oops mode: 32-bit

CDS archive(s) mapped at: [0x0000018400000000-0x0000018400ba0000-0x0000018400ba0000), size 12189696, SharedBaseAddress: 0x0000018400000000, ArchiveRelocationMode: 1.
Compressed class space mapped at: 0x0000018401000000-0x0000018441000000, reserved size: 1073741824
Narrow klass base: 0x0000018400000000, Narrow klass shift: 0, Narrow klass range: 0x100000000

GC Precious Log:
 CardTable entry size: 512
 CPUs: 16 total, 16 available
 Memory: 16096M
 Large Page Support: Disabled
 NUMA Support: Disabled
 Compressed Oops: Enabled (32-bit)
 Alignments: Space 512K, Generation 512K, Heap 2M
 Heap Min Capacity: 100M
 Heap Initial Capacity: 100M
 Heap Max Capacity: 1G
 Pre-touch: Disabled
 Parallel Workers: 13

Heap:
 PSYoungGen      total 16384K, used 785K [0x00000000eab00000, 0x00000000ebc00000, 0x0000000100000000)
  eden space 15360K, 0% used [0x00000000eab00000,0x00000000eab0c408,0x00000000eba00000)
  from space 1024K, 71% used [0x00000000ebb00000,0x00000000ebbb8000,0x00000000ebc00000)
  to   space 1024K, 0% used [0x00000000eba00000,0x00000000eba00000,0x00000000ebb00000)
 ParOldGen       total 68608K, used 40958K [0x00000000c0000000, 0x00000000c4300000, 0x00000000eab00000)
  object space 68608K, 59% used [0x00000000c0000000,0x00000000c27ff950,0x00000000c4300000)
 Metaspace       used 62441K, committed 63808K, reserved 1114112K
  class space    used 7715K, committed 8320K, reserved 1048576K

Card table byte_map: [0x0000018465eb0000,0x00000184660c0000] _byte_map_base: 0x00000184658b0000

Marking Bits: (ParMarkBitMap*) 0x00007ff84f6031f0
 Begin Bits: [0x0000018478700000, 0x0000018479700000)
 End Bits:   [0x0000018479700000, 0x000001847a700000)

Polling page: 0x00000184642e0000

Metaspace:

Usage:
  Non-class:     53.44 MB used.
      Class:      7.53 MB used.
       Both:     60.98 MB used.

Virtual space:
  Non-class space:       64.00 MB reserved,      54.19 MB ( 85%) committed,  1 nodes.
      Class space:        1.00 GB reserved,       8.12 MB ( <1%) committed,  1 nodes.
             Both:        1.06 GB reserved,      62.31 MB (  6%) committed. 

Chunk freelists:
   Non-Class:  8.91 MB
       Class:  7.91 MB
        Both:  16.81 MB

MaxMetaspaceSize: unlimited
CompressedClassSpaceSize: 1.00 GB
Initial GC threshold: 21.00 MB
Current GC threshold: 97.31 MB
CDS: on
 - commit_granule_bytes: 65536.
 - commit_granule_words: 8192.
 - virtual_space_node_default_size: 8388608.
 - enlarge_chunks_in_place: 1.
 - use_allocation_guard: 0.


Internal statistics:

num_allocs_failed_limit: 9.
num_arena_births: 1134.
num_arena_deaths: 14.
num_vsnodes_births: 2.
num_vsnodes_deaths: 0.
num_space_committed: 997.
num_space_uncommitted: 0.
num_chunks_returned_to_freelist: 23.
num_chunks_taken_from_freelist: 3700.
num_chunk_merges: 15.
num_chunk_splits: 2484.
num_chunks_enlarged: 1667.
num_inconsistent_stats: 0.

CodeHeap 'non-profiled nmethods': size=119168Kb used=5044Kb max_used=5044Kb free=114123Kb
 bounds [0x00000184712a0000, 0x0000018471790000, 0x0000018478700000]
CodeHeap 'profiled nmethods': size=119104Kb used=14210Kb max_used=14627Kb free=104893Kb
 bounds [0x0000018469700000, 0x000001846a550000, 0x0000018470b50000]
CodeHeap 'non-nmethods': size=7488Kb used=2515Kb max_used=3157Kb free=4972Kb
 bounds [0x0000018470b50000, 0x0000018470e80000, 0x00000184712a0000]
 total_blobs=7720 nmethods=7031 adapters=593
 compilation: enabled
              stopped_count=0, restarted_count=0
 full_count=0

Compilation events (20 events):
Event: 10.896 Thread 0x000001847bf57ae0 7889       3       java.security.Provider::check (18 bytes)
Event: 10.896 Thread 0x000001847bf57ae0 nmethod 7889 0x0000018469d0c310 code [0x0000018469d0c4e0, 0x0000018469d0c840]
Event: 10.896 Thread 0x000001847bf57ae0 7892       3       java.security.Provider::checkAndUpdateSecureRandom (88 bytes)
Event: 10.896 Thread 0x000001847bdcaf90 nmethod 7891 0x0000018469cff590 code [0x0000018469cffa80, 0x0000018469d01db0]
Event: 10.896 Thread 0x000001847bf57440 nmethod 7887 0x0000018469cfe890 code [0x0000018469cfeac0, 0x0000018469cff300]
Event: 10.896 Thread 0x000001847bdcaf90 7890       3       java.security.Provider::implRemoveService (149 bytes)
Event: 10.896 Thread 0x000001847bf57440 7893       3       sun.security.util.SecurityProviderConstants::getAliases (63 bytes)
Event: 10.896 Thread 0x000001847bf57ae0 nmethod 7892 0x0000018469cfe190 code [0x0000018469cfe360, 0x0000018469cfe700]
Event: 10.897 Thread 0x000001847bdcaf90 nmethod 7890 0x0000018469b88b90 code [0x0000018469b88e40, 0x0000018469b89ac0]
Event: 10.897 Thread 0x000001847bf57440 nmethod 7893 0x0000018469b87d90 code [0x0000018469b88000, 0x0000018469b888a0]
Event: 10.898 Thread 0x000001847bdcaf90 7894       1       java.nio.DirectByteBuffer::attachment (5 bytes)
Event: 10.898 Thread 0x000001847bdcaf90 nmethod 7894 0x000001847178a310 code [0x000001847178a4a0, 0x000001847178a568]
Event: 10.900 Thread 0x00000184665cd6f0 nmethod 7876 0x000001847178a610 code [0x000001847178a840, 0x000001847178b658]
Event: 10.900 Thread 0x00000184665cd6f0 7882       4       java.lang.String::concat (15 bytes)
Event: 10.901 Thread 0x000001847bdcaf90 7895       3       java.security.MessageDigest::update (11 bytes)
Event: 10.901 Thread 0x000001847bf57ae0 7896       3       java.security.MessageDigest$Delegate::engineUpdate (9 bytes)
Event: 10.901 Thread 0x000001847bf57440 7897       3       sun.security.provider.DigestBase::engineUpdate (32 bytes)
Event: 10.901 Thread 0x000001847bdcaf90 nmethod 7895 0x000001846a029910 code [0x000001846a029ac0, 0x000001846a029d80]
Event: 10.901 Thread 0x000001847bf57ae0 nmethod 7896 0x0000018469bc6290 code [0x0000018469bc6440, 0x0000018469bc6618]
Event: 10.901 Thread 0x000001847bf57440 nmethod 7897 0x0000018469aecf10 code [0x0000018469aed0c0, 0x0000018469aed328]

GC Heap History (20 events):
Event: 6.263 GC heap before
{Heap before GC invocations=39 (full 3):
 PSYoungGen      total 17408K, used 16397K [0x00000000eab00000, 0x00000000ebd00000, 0x0000000100000000)
  eden space 15872K, 100% used [0x00000000eab00000,0x00000000eba80000,0x00000000eba80000)
  from space 1536K, 34% used [0x00000000eba80000,0x00000000ebb03420,0x00000000ebc00000)
  to   space 1024K, 0% used [0x00000000ebc00000,0x00000000ebc00000,0x00000000ebd00000)
 ParOldGen       total 68608K, used 38581K [0x00000000c0000000, 0x00000000c4300000, 0x00000000eab00000)
  object space 68608K, 56% used [0x00000000c0000000,0x00000000c25ad508,0x00000000c4300000)
 Metaspace       used 58851K, committed 60096K, reserved 1114112K
  class space    used 7198K, committed 7680K, reserved 1048576K
}
Event: 6.264 GC heap after
{Heap after GC invocations=39 (full 3):
 PSYoungGen      total 16896K, used 1015K [0x00000000eab00000, 0x00000000ebd80000, 0x0000000100000000)
  eden space 15872K, 0% used [0x00000000eab00000,0x00000000eab00000,0x00000000eba80000)
  from space 1024K, 99% used [0x00000000ebc00000,0x00000000ebcfdd30,0x00000000ebd00000)
  to   space 1536K, 0% used [0x00000000eba80000,0x00000000eba80000,0x00000000ebc00000)
 ParOldGen       total 68608K, used 38705K [0x00000000c0000000, 0x00000000c4300000, 0x00000000eab00000)
  object space 68608K, 56% used [0x00000000c0000000,0x00000000c25cc5d8,0x00000000c4300000)
 Metaspace       used 58851K, committed 60096K, reserved 1114112K
  class space    used 7198K, committed 7680K, reserved 1048576K
}
Event: 6.325 GC heap before
{Heap before GC invocations=40 (full 3):
 PSYoungGen      total 16896K, used 16887K [0x00000000eab00000, 0x00000000ebd80000, 0x0000000100000000)
  eden space 15872K, 100% used [0x00000000eab00000,0x00000000eba80000,0x00000000eba80000)
  from space 1024K, 99% used [0x00000000ebc00000,0x00000000ebcfdd30,0x00000000ebd00000)
  to   space 1536K, 0% used [0x00000000eba80000,0x00000000eba80000,0x00000000ebc00000)
 ParOldGen       total 68608K, used 38705K [0x00000000c0000000, 0x00000000c4300000, 0x00000000eab00000)
  object space 68608K, 56% used [0x00000000c0000000,0x00000000c25cc5d8,0x00000000c4300000)
 Metaspace       used 58852K, committed 60096K, reserved 1114112K
  class space    used 7198K, committed 7680K, reserved 1048576K
}
Event: 6.325 GC heap after
{Heap after GC invocations=40 (full 3):
 PSYoungGen      total 17408K, used 1176K [0x00000000eab00000, 0x00000000ebd80000, 0x0000000100000000)
  eden space 15872K, 0% used [0x00000000eab00000,0x00000000eab00000,0x00000000eba80000)
  from space 1536K, 76% used [0x00000000eba80000,0x00000000ebba6048,0x00000000ebc00000)
  to   space 1536K, 0% used [0x00000000ebc00000,0x00000000ebc00000,0x00000000ebd80000)
 ParOldGen       total 68608K, used 38793K [0x00000000c0000000, 0x00000000c4300000, 0x00000000eab00000)
  object space 68608K, 56% used [0x00000000c0000000,0x00000000c25e25e8,0x00000000c4300000)
 Metaspace       used 58852K, committed 60096K, reserved 1114112K
  class space    used 7198K, committed 7680K, reserved 1048576K
}
Event: 6.381 GC heap before
{Heap before GC invocations=41 (full 3):
 PSYoungGen      total 17408K, used 17048K [0x00000000eab00000, 0x00000000ebd80000, 0x0000000100000000)
  eden space 15872K, 100% used [0x00000000eab00000,0x00000000eba80000,0x00000000eba80000)
  from space 1536K, 76% used [0x00000000eba80000,0x00000000ebba6048,0x00000000ebc00000)
  to   space 1536K, 0% used [0x00000000ebc00000,0x00000000ebc00000,0x00000000ebd80000)
 ParOldGen       total 68608K, used 38793K [0x00000000c0000000, 0x00000000c4300000, 0x00000000eab00000)
  object space 68608K, 56% used [0x00000000c0000000,0x00000000c25e25e8,0x00000000c4300000)
 Metaspace       used 58852K, committed 60096K, reserved 1114112K
  class space    used 7198K, committed 7680K, reserved 1048576K
}
Event: 6.382 GC heap after
{Heap after GC invocations=41 (full 3):
 PSYoungGen      total 16896K, used 578K [0x00000000eab00000, 0x00000000ebd00000, 0x0000000100000000)
  eden space 15872K, 0% used [0x00000000eab00000,0x00000000eab00000,0x00000000eba80000)
  from space 1024K, 56% used [0x00000000ebc00000,0x00000000ebc908c8,0x00000000ebd00000)
  to   space 1024K, 0% used [0x00000000ebb00000,0x00000000ebb00000,0x00000000ebc00000)
 ParOldGen       total 68608K, used 38865K [0x00000000c0000000, 0x00000000c4300000, 0x00000000eab00000)
  object space 68608K, 56% used [0x00000000c0000000,0x00000000c25f45e8,0x00000000c4300000)
 Metaspace       used 58852K, committed 60096K, reserved 1114112K
  class space    used 7198K, committed 7680K, reserved 1048576K
}
Event: 6.432 GC heap before
{Heap before GC invocations=42 (full 3):
 PSYoungGen      total 16896K, used 16450K [0x00000000eab00000, 0x00000000ebd00000, 0x0000000100000000)
  eden space 15872K, 100% used [0x00000000eab00000,0x00000000eba80000,0x00000000eba80000)
  from space 1024K, 56% used [0x00000000ebc00000,0x00000000ebc908c8,0x00000000ebd00000)
  to   space 1024K, 0% used [0x00000000ebb00000,0x00000000ebb00000,0x00000000ebc00000)
 ParOldGen       total 68608K, used 38865K [0x00000000c0000000, 0x00000000c4300000, 0x00000000eab00000)
  object space 68608K, 56% used [0x00000000c0000000,0x00000000c25f45e8,0x00000000c4300000)
 Metaspace       used 58853K, committed 60096K, reserved 1114112K
  class space    used 7198K, committed 7680K, reserved 1048576K
}
Event: 6.432 GC heap after
{Heap after GC invocations=42 (full 3):
 PSYoungGen      total 16896K, used 1014K [0x00000000eab00000, 0x00000000ebd80000, 0x0000000100000000)
  eden space 15872K, 0% used [0x00000000eab00000,0x00000000eab00000,0x00000000eba80000)
  from space 1024K, 99% used [0x00000000ebb00000,0x00000000ebbfdb38,0x00000000ebc00000)
  to   space 1536K, 0% used [0x00000000ebc00000,0x00000000ebc00000,0x00000000ebd80000)
 ParOldGen       total 68608K, used 39050K [0x00000000c0000000, 0x00000000c4300000, 0x00000000eab00000)
  object space 68608K, 56% used [0x00000000c0000000,0x00000000c26229a0,0x00000000c4300000)
 Metaspace       used 58853K, committed 60096K, reserved 1114112K
  class space    used 7198K, committed 7680K, reserved 1048576K
}
Event: 6.491 GC heap before
{Heap before GC invocations=43 (full 3):
 PSYoungGen      total 16896K, used 16886K [0x00000000eab00000, 0x00000000ebd80000, 0x0000000100000000)
  eden space 15872K, 100% used [0x00000000eab00000,0x00000000eba80000,0x00000000eba80000)
  from space 1024K, 99% used [0x00000000ebb00000,0x00000000ebbfdb38,0x00000000ebc00000)
  to   space 1536K, 0% used [0x00000000ebc00000,0x00000000ebc00000,0x00000000ebd80000)
 ParOldGen       total 68608K, used 39050K [0x00000000c0000000, 0x00000000c4300000, 0x00000000eab00000)
  object space 68608K, 56% used [0x00000000c0000000,0x00000000c26229a0,0x00000000c4300000)
 Metaspace       used 58853K, committed 60096K, reserved 1114112K
  class space    used 7198K, committed 7680K, reserved 1048576K
}
Event: 6.492 GC heap after
{Heap after GC invocations=43 (full 3):
 PSYoungGen      total 17408K, used 1037K [0x00000000eab00000, 0x00000000ebd80000, 0x0000000100000000)
  eden space 15872K, 0% used [0x00000000eab00000,0x00000000eab00000,0x00000000eba80000)
  from space 1536K, 67% used [0x00000000ebc00000,0x00000000ebd03710,0x00000000ebd80000)
  to   space 1536K, 0% used [0x00000000eba80000,0x00000000eba80000,0x00000000ebc00000)
 ParOldGen       total 68608K, used 39138K [0x00000000c0000000, 0x00000000c4300000, 0x00000000eab00000)
  object space 68608K, 57% used [0x00000000c0000000,0x00000000c26389b0,0x00000000c4300000)
 Metaspace       used 58853K, committed 60096K, reserved 1114112K
  class space    used 7198K, committed 7680K, reserved 1048576K
}
Event: 6.553 GC heap before
{Heap before GC invocations=44 (full 3):
 PSYoungGen      total 17408K, used 16909K [0x00000000eab00000, 0x00000000ebd80000, 0x0000000100000000)
  eden space 15872K, 100% used [0x00000000eab00000,0x00000000eba80000,0x00000000eba80000)
  from space 1536K, 67% used [0x00000000ebc00000,0x00000000ebd03710,0x00000000ebd80000)
  to   space 1536K, 0% used [0x00000000eba80000,0x00000000eba80000,0x00000000ebc00000)
 ParOldGen       total 68608K, used 39138K [0x00000000c0000000, 0x00000000c4300000, 0x00000000eab00000)
  object space 68608K, 57% used [0x00000000c0000000,0x00000000c26389b0,0x00000000c4300000)
 Metaspace       used 58853K, committed 60096K, reserved 1114112K
  class space    used 7198K, committed 7680K, reserved 1048576K
}
Event: 6.554 GC heap after
{Heap after GC invocations=44 (full 3):
 PSYoungGen      total 16896K, used 525K [0x00000000eab00000, 0x00000000ebc80000, 0x0000000100000000)
  eden space 15872K, 0% used [0x00000000eab00000,0x00000000eab00000,0x00000000eba80000)
  from space 1024K, 51% used [0x00000000eba80000,0x00000000ebb03420,0x00000000ebb80000)
  to   space 1024K, 0% used [0x00000000ebb80000,0x00000000ebb80000,0x00000000ebc80000)
 ParOldGen       total 68608K, used 39218K [0x00000000c0000000, 0x00000000c4300000, 0x00000000eab00000)
  object space 68608K, 57% used [0x00000000c0000000,0x00000000c264c9b0,0x00000000c4300000)
 Metaspace       used 58853K, committed 60096K, reserved 1114112K
  class space    used 7198K, committed 7680K, reserved 1048576K
}
Event: 6.619 GC heap before
{Heap before GC invocations=45 (full 3):
 PSYoungGen      total 16896K, used 16397K [0x00000000eab00000, 0x00000000ebc80000, 0x0000000100000000)
  eden space 15872K, 100% used [0x00000000eab00000,0x00000000eba80000,0x00000000eba80000)
  from space 1024K, 51% used [0x00000000eba80000,0x00000000ebb03420,0x00000000ebb80000)
  to   space 1024K, 0% used [0x00000000ebb80000,0x00000000ebb80000,0x00000000ebc80000)
 ParOldGen       total 68608K, used 39218K [0x00000000c0000000, 0x00000000c4300000, 0x00000000eab00000)
  object space 68608K, 57% used [0x00000000c0000000,0x00000000c264c9b0,0x00000000c4300000)
 Metaspace       used 58853K, committed 60096K, reserved 1114112K
  class space    used 7198K, committed 7680K, reserved 1048576K
}
Event: 6.619 GC heap after
{Heap after GC invocations=45 (full 3):
 PSYoungGen      total 16384K, used 1023K [0x00000000eab00000, 0x00000000ebd80000, 0x0000000100000000)
  eden space 15360K, 0% used [0x00000000eab00000,0x00000000eab00000,0x00000000eba00000)
  from space 1024K, 99% used [0x00000000ebb80000,0x00000000ebc7ff88,0x00000000ebc80000)
  to   space 1536K, 0% used [0x00000000eba00000,0x00000000eba00000,0x00000000ebb80000)
 ParOldGen       total 68608K, used 39297K [0x00000000c0000000, 0x00000000c4300000, 0x00000000eab00000)
  object space 68608K, 57% used [0x00000000c0000000,0x00000000c2660710,0x00000000c4300000)
 Metaspace       used 58853K, committed 60096K, reserved 1114112K
  class space    used 7198K, committed 7680K, reserved 1048576K
}
Event: 6.699 GC heap before
{Heap before GC invocations=46 (full 3):
 PSYoungGen      total 16384K, used 16383K [0x00000000eab00000, 0x00000000ebd80000, 0x0000000100000000)
  eden space 15360K, 100% used [0x00000000eab00000,0x00000000eba00000,0x00000000eba00000)
  from space 1024K, 99% used [0x00000000ebb80000,0x00000000ebc7ff88,0x00000000ebc80000)
  to   space 1536K, 0% used [0x00000000eba00000,0x00000000eba00000,0x00000000ebb80000)
 ParOldGen       total 68608K, used 39297K [0x00000000c0000000, 0x00000000c4300000, 0x00000000eab00000)
  object space 68608K, 57% used [0x00000000c0000000,0x00000000c2660710,0x00000000c4300000)
 Metaspace       used 58853K, committed 60096K, reserved 1114112K
  class space    used 7198K, committed 7680K, reserved 1048576K
}
Event: 6.700 GC heap after
{Heap after GC invocations=46 (full 3):
 PSYoungGen      total 16896K, used 1148K [0x00000000eab00000, 0x00000000ebd00000, 0x0000000100000000)
  eden space 15360K, 0% used [0x00000000eab00000,0x00000000eab00000,0x00000000eba00000)
  from space 1536K, 74% used [0x00000000eba00000,0x00000000ebb1f1a0,0x00000000ebb80000)
  to   space 1536K, 0% used [0x00000000ebb80000,0x00000000ebb80000,0x00000000ebd00000)
 ParOldGen       total 68608K, used 39369K [0x00000000c0000000, 0x00000000c4300000, 0x00000000eab00000)
  object space 68608K, 57% used [0x00000000c0000000,0x00000000c2672720,0x00000000c4300000)
 Metaspace       used 58853K, committed 60096K, reserved 1114112K
  class space    used 7198K, committed 7680K, reserved 1048576K
}
Event: 6.786 GC heap before
{Heap before GC invocations=47 (full 3):
 PSYoungGen      total 16896K, used 16508K [0x00000000eab00000, 0x00000000ebd00000, 0x0000000100000000)
  eden space 15360K, 100% used [0x00000000eab00000,0x00000000eba00000,0x00000000eba00000)
  from space 1536K, 74% used [0x00000000eba00000,0x00000000ebb1f1a0,0x00000000ebb80000)
  to   space 1536K, 0% used [0x00000000ebb80000,0x00000000ebb80000,0x00000000ebd00000)
 ParOldGen       total 68608K, used 39369K [0x00000000c0000000, 0x00000000c4300000, 0x00000000eab00000)
  object space 68608K, 57% used [0x00000000c0000000,0x00000000c2672720,0x00000000c4300000)
 Metaspace       used 59124K, committed 60352K, reserved 1114112K
  class space    used 7244K, committed 7744K, reserved 1048576K
}
Event: 6.786 GC heap after
{Heap after GC invocations=47 (full 3):
 PSYoungGen      total 15872K, used 448K [0x00000000eab00000, 0x00000000ebc00000, 0x0000000100000000)
  eden space 15360K, 0% used [0x00000000eab00000,0x00000000eab00000,0x00000000eba00000)
  from space 512K, 87% used [0x00000000ebb80000,0x00000000ebbf0000,0x00000000ebc00000)
  to   space 1024K, 0% used [0x00000000eba00000,0x00000000eba00000,0x00000000ebb00000)
 ParOldGen       total 68608K, used 39441K [0x00000000c0000000, 0x00000000c4300000, 0x00000000eab00000)
  object space 68608K, 57% used [0x00000000c0000000,0x00000000c2684720,0x00000000c4300000)
 Metaspace       used 59124K, committed 60352K, reserved 1114112K
  class space    used 7244K, committed 7744K, reserved 1048576K
}
Event: 6.939 GC heap before
{Heap before GC invocations=48 (full 3):
 PSYoungGen      total 15872K, used 15808K [0x00000000eab00000, 0x00000000ebc00000, 0x0000000100000000)
  eden space 15360K, 100% used [0x00000000eab00000,0x00000000eba00000,0x00000000eba00000)
  from space 512K, 87% used [0x00000000ebb80000,0x00000000ebbf0000,0x00000000ebc00000)
  to   space 1024K, 0% used [0x00000000eba00000,0x00000000eba00000,0x00000000ebb00000)
 ParOldGen       total 68608K, used 39441K [0x00000000c0000000, 0x00000000c4300000, 0x00000000eab00000)
  object space 68608K, 57% used [0x00000000c0000000,0x00000000c2684720,0x00000000c4300000)
 Metaspace       used 60782K, committed 62080K, reserved 1114112K
  class space    used 7504K, committed 8064K, reserved 1048576K
}
Event: 6.940 GC heap after
{Heap after GC invocations=48 (full 3):
 PSYoungGen      total 16384K, used 768K [0x00000000eab00000, 0x00000000ebc00000, 0x0000000100000000)
  eden space 15360K, 0% used [0x00000000eab00000,0x00000000eab00000,0x00000000eba00000)
  from space 1024K, 75% used [0x00000000eba00000,0x00000000ebac0010,0x00000000ebb00000)
  to   space 1024K, 0% used [0x00000000ebb00000,0x00000000ebb00000,0x00000000ebc00000)
 ParOldGen       total 68608K, used 40422K [0x00000000c0000000, 0x00000000c4300000, 0x00000000eab00000)
  object space 68608K, 58% used [0x00000000c0000000,0x00000000c2779940,0x00000000c4300000)
 Metaspace       used 60782K, committed 62080K, reserved 1114112K
  class space    used 7504K, committed 8064K, reserved 1048576K
}

Dll operation events (15 events):
Event: 0.194 Loaded shared library c:\Users\admin\.cursor\extensions\redhat.java-1.42.0-win32-x64\jre\21.0.7-win32-x86_64\bin\java.dll
Event: 0.233 Loaded shared library c:\Users\admin\.cursor\extensions\redhat.java-1.42.0-win32-x64\jre\21.0.7-win32-x86_64\bin\zip.dll
Event: 0.245 Loaded shared library C:\Users\admin\.cursor\extensions\redhat.java-1.42.0-win32-x64\jre\21.0.7-win32-x86_64\bin\instrument.dll
Event: 0.248 Loaded shared library C:\Users\admin\.cursor\extensions\redhat.java-1.42.0-win32-x64\jre\21.0.7-win32-x86_64\bin\net.dll
Event: 0.253 Loaded shared library C:\Users\admin\.cursor\extensions\redhat.java-1.42.0-win32-x64\jre\21.0.7-win32-x86_64\bin\nio.dll
Event: 0.255 Loaded shared library C:\Users\admin\.cursor\extensions\redhat.java-1.42.0-win32-x64\jre\21.0.7-win32-x86_64\bin\zip.dll
Event: 0.264 Loaded shared library C:\Users\admin\.cursor\extensions\redhat.java-1.42.0-win32-x64\jre\21.0.7-win32-x86_64\bin\jimage.dll
Event: 0.301 Loaded shared library c:\Users\admin\.cursor\extensions\redhat.java-1.42.0-win32-x64\jre\21.0.7-win32-x86_64\bin\verify.dll
Event: 1.011 Loaded shared library C:\Users\admin\AppData\Roaming\Cursor\User\globalStorage\redhat.java\1.42.0\config_win\org.eclipse.equinox.launcher\org.eclipse.equinox.launcher.win32.win32.x86_64_1.2.1300.v20250331-1702\eclipse_11911.dll
Event: 2.389 Loaded shared library C:\Users\admin\.cursor\extensions\redhat.java-1.42.0-win32-x64\jre\21.0.7-win32-x86_64\bin\management.dll
Event: 2.391 Loaded shared library C:\Users\admin\.cursor\extensions\redhat.java-1.42.0-win32-x64\jre\21.0.7-win32-x86_64\bin\management_ext.dll
Event: 2.555 Loaded shared library C:\Users\admin\AppData\Local\Temp\jna-92668751\jna3050140543855282414.dll
Event: 4.751 Loaded shared library C:\Users\admin\.gradle\native\1def1411415f61bf3af743bc5b6707747c0891f09f0c88961ee8f79bc544acac\windows-amd64\native-platform.dll
Event: 6.805 Loaded shared library C:\Users\admin\.cursor\extensions\redhat.java-1.42.0-win32-x64\jre\21.0.7-win32-x86_64\bin\extnet.dll
Event: 10.889 Loaded shared library C:\Users\admin\.cursor\extensions\redhat.java-1.42.0-win32-x64\jre\21.0.7-win32-x86_64\bin\sunmscapi.dll

Deoptimization events (20 events):
Event: 10.885 Thread 0x000001844734ca90 Uncommon trap: trap_request=0xffffff45 fr.pc=0x0000018471354a7c relative=0x00000000000008bc
Event: 10.885 Thread 0x000001844734ca90 Uncommon trap: reason=unstable_if action=reinterpret pc=0x0000018471354a7c method=java.util.HashMap.computeIfAbsent(Ljava/lang/Object;Ljava/util/function/Function;)Ljava/lang/Object; @ 294 c2
Event: 10.885 Thread 0x000001844734ca90 DEOPT PACKING pc=0x0000018471354a7c sp=0x0000001e9b3fc1b0
Event: 10.885 Thread 0x000001844734ca90 DEOPT UNPACKING pc=0x0000018470ba3aa2 sp=0x0000001e9b3fc158 mode 2
Event: 10.902 Thread 0x000001844734ca90 Uncommon trap: trap_request=0xffffff45 fr.pc=0x0000018471618fc4 relative=0x0000000000000b84
Event: 10.902 Thread 0x000001844734ca90 Uncommon trap: reason=unstable_if action=reinterpret pc=0x0000018471618fc4 method=sun.nio.fs.WindowsPath.openForReadAttributeAccess(Z)J @ 5 c2
Event: 10.902 Thread 0x000001844734ca90 DEOPT PACKING pc=0x0000018471618fc4 sp=0x0000001e9b3fdd70
Event: 10.902 Thread 0x000001844734ca90 DEOPT UNPACKING pc=0x0000018470ba3aa2 sp=0x0000001e9b3fdd48 mode 2
Event: 10.902 Thread 0x000001844734ca90 Uncommon trap: trap_request=0xffffff45 fr.pc=0x000001847161da08 relative=0x0000000000000a68
Event: 10.902 Thread 0x000001844734ca90 Uncommon trap: reason=unstable_if action=reinterpret pc=0x000001847161da08 method=sun.nio.fs.WindowsNativeDispatcher.asNativeBuffer(Ljava/lang/String;)Lsun/nio/fs/NativeBuffer; @ 52 c2
Event: 10.902 Thread 0x000001844734ca90 DEOPT PACKING pc=0x000001847161da08 sp=0x0000001e9b3fdcf0
Event: 10.902 Thread 0x000001844734ca90 DEOPT UNPACKING pc=0x0000018470ba3aa2 sp=0x0000001e9b3fdb98 mode 2
Event: 10.903 Thread 0x000001844734ca90 Uncommon trap: trap_request=0xffffff45 fr.pc=0x0000018471616fb0 relative=0x0000000000000650
Event: 10.903 Thread 0x000001844734ca90 Uncommon trap: reason=unstable_if action=reinterpret pc=0x0000018471616fb0 method=sun.nio.fs.WindowsFileAttributes.isReparsePoint(I)Z @ 5 c2
Event: 10.903 Thread 0x000001844734ca90 DEOPT PACKING pc=0x0000018471616fb0 sp=0x0000001e9b3fdd90
Event: 10.903 Thread 0x000001844734ca90 DEOPT UNPACKING pc=0x0000018470ba3aa2 sp=0x0000001e9b3fdcb8 mode 2
Event: 10.903 Thread 0x000001844734ca90 Uncommon trap: trap_request=0xffffff45 fr.pc=0x00000184715f0b04 relative=0x00000000000001c4
Event: 10.903 Thread 0x000001844734ca90 Uncommon trap: reason=unstable_if action=reinterpret pc=0x00000184715f0b04 method=sun.nio.fs.NativeBuffers.getNativeBufferFromCache(I)Lsun/nio/fs/NativeBuffer; @ 34 c2
Event: 10.903 Thread 0x000001844734ca90 DEOPT PACKING pc=0x00000184715f0b04 sp=0x0000001e9b3fdca0
Event: 10.903 Thread 0x000001844734ca90 DEOPT UNPACKING pc=0x0000018470ba3aa2 sp=0x0000001e9b3fdc28 mode 2

Classes loaded (20 events):
Event: 10.899 Loading class com/sun/security/sasl/Provider$1
Event: 10.899 Loading class com/sun/security/sasl/Provider$1 done
Event: 10.899 Loading class com/sun/security/sasl/Provider$ProviderService
Event: 10.899 Loading class com/sun/security/sasl/Provider$ProviderService done
Event: 10.899 Loading class sun/security/provider/certpath/ldap/JdkLDAP
Event: 10.899 Loading class sun/security/provider/certpath/ldap/JdkLDAP done
Event: 10.899 Loading class sun/security/provider/certpath/ldap/JdkLDAP$ProviderService
Event: 10.899 Loading class sun/security/provider/certpath/ldap/JdkLDAP$ProviderService done
Event: 10.900 Loading class sun/nio/ch/ServerSocketChannelImpl
Event: 10.900 Loading class sun/nio/ch/ServerSocketChannelImpl done
Event: 10.902 Loading class java/nio/BufferMismatch
Event: 10.902 Loading class java/nio/BufferMismatch done
Event: 10.902 Loading class sun/nio/ch/SourceChannelImpl
Event: 10.902 Loading class java/nio/channels/Pipe$SourceChannel
Event: 10.902 Loading class java/nio/channels/Pipe$SourceChannel done
Event: 10.902 Loading class sun/nio/ch/SourceChannelImpl done
Event: 10.902 Loading class sun/nio/ch/SinkChannelImpl
Event: 10.902 Loading class java/nio/channels/Pipe$SinkChannel
Event: 10.902 Loading class java/nio/channels/Pipe$SinkChannel done
Event: 10.902 Loading class sun/nio/ch/SinkChannelImpl done

Classes unloaded (7 events):
Event: 2.082 Thread 0x000001847a8e4990 Unloading class 0x00000184011a3c00 'java/lang/invoke/LambdaForm$MH+0x00000184011a3c00'
Event: 2.082 Thread 0x000001847a8e4990 Unloading class 0x00000184011a3800 'java/lang/invoke/LambdaForm$MH+0x00000184011a3800'
Event: 2.082 Thread 0x000001847a8e4990 Unloading class 0x00000184011a3400 'java/lang/invoke/LambdaForm$MH+0x00000184011a3400'
Event: 2.082 Thread 0x000001847a8e4990 Unloading class 0x00000184011a3000 'java/lang/invoke/LambdaForm$MH+0x00000184011a3000'
Event: 2.082 Thread 0x000001847a8e4990 Unloading class 0x00000184011a2c00 'java/lang/invoke/LambdaForm$BMH+0x00000184011a2c00'
Event: 2.082 Thread 0x000001847a8e4990 Unloading class 0x00000184011a2800 'java/lang/invoke/LambdaForm$DMH+0x00000184011a2800'
Event: 2.082 Thread 0x000001847a8e4990 Unloading class 0x00000184011a1400 'java/lang/invoke/LambdaForm$DMH+0x00000184011a1400'

Classes redefined (0 events):
No events

Internal exceptions (20 events):
Event: 6.875 Thread 0x000001844734ca90 Exception <a 'java/lang/NoSuchMethodError'{0x00000000eb1f7b40}: 'java.lang.Object java.lang.invoke.DirectMethodHandle$Holder.invokeStatic(java.lang.Object, java.lang.Object, java.lang.Object, java.lang.Object, java.lang.Object, java.lang.Object, java.lang.Object, java.lang.Object, java.lang.Object, java.lang.Object, java.lang.Object, java.lang.Object, java.lang.Object, java.lang.Object, java.lang.Object, java.lang.Object, java.lang.Object)'> (0x00000000eb1f7b40) 
thrown [s\src\hotspot\share\interpreter\lin
Event: 6.877 Thread 0x000001844734ca90 Exception <a 'java/lang/NoSuchMethodError'{0x00000000eb225a48}: 'java.lang.Object java.lang.invoke.DirectMethodHandle$Holder.invokeStatic(java.lang.Object, java.lang.Object, java.lang.Object, java.lang.Object, java.lang.Object, java.lang.Object, java.lang.Object, java.lang.Object, java.lang.Object, java.lang.Object, java.lang.Object, java.lang.Object, java.lang.Object, java.lang.Object, java.lang.Object, java.lang.Object, java.lang.Object, java.lang.Object)'> (0x00000000eb225a48) 
thrown [s\src\hotspot\sha
Event: 6.879 Thread 0x000001844734ca90 Exception <a 'java/lang/NoSuchMethodError'{0x00000000eb253550}: 'java.lang.Object java.lang.invoke.DirectMethodHandle$Holder.invokeStatic(java.lang.Object, java.lang.Object, java.lang.Object, java.lang.Object, java.lang.Object, java.lang.Object, java.lang.Object, java.lang.Object, java.lang.Object, java.lang.Object, java.lang.Object, java.lang.Object, java.lang.Object, java.lang.Object, java.lang.Object, java.lang.Object, java.lang.Object, java.lang.Object, java.lang.Object)'> (0x00000000eb253550) 
thrown 
Event: 6.881 Thread 0x000001844734ca90 Exception <a 'java/lang/NoSuchMethodError'{0x00000000eb2827b0}: 'java.lang.Object java.lang.invoke.DirectMethodHandle$Holder.invokeStatic(java.lang.Object, java.lang.Object, java.lang.Object, java.lang.Object, java.lang.Object, java.lang.Object, java.lang.Object, java.lang.Object, java.lang.Object, java.lang.Object, java.lang.Object, java.lang.Object, java.lang.Object, java.lang.Object, java.lang.Object, java.lang.Object, java.lang.Object, java.lang.Object, java.lang.Object, java.lang.Object)'> (0x00000000
Event: 6.882 Thread 0x000001844734ca90 Exception <a 'java/lang/NoSuchMethodError'{0x00000000eb2b29f0}: 'java.lang.Object java.lang.invoke.DirectMethodHandle$Holder.invokeStatic(java.lang.Object, java.lang.Object, java.lang.Object, java.lang.Object, java.lang.Object, java.lang.Object, java.lang.Object, java.lang.Object, java.lang.Object, java.lang.Object, java.lang.Object, java.lang.Object, java.lang.Object, java.lang.Object, java.lang.Object, java.lang.Object, java.lang.Object, java.lang.Object, java.lang.Object, java.lang.Object, java.lang.Obj
Event: 6.883 Thread 0x000001844734ca90 Exception <a 'java/lang/NoSuchMethodError'{0x00000000eb2e3838}: 'java.lang.Object java.lang.invoke.DirectMethodHandle$Holder.invokeStatic(java.lang.Object, java.lang.Object, java.lang.Object, java.lang.Object, java.lang.Object, java.lang.Object, java.lang.Object, java.lang.Object, java.lang.Object, java.lang.Object, java.lang.Object, java.lang.Object, java.lang.Object, java.lang.Object, java.lang.Object, java.lang.Object, java.lang.Object, java.lang.Object, java.lang.Object, java.lang.Object, java.lang.Obj
Event: 6.885 Thread 0x000001844734ca90 Exception <a 'java/lang/NoSuchMethodError'{0x00000000eb315860}: 'java.lang.Object java.lang.invoke.DirectMethodHandle$Holder.invokeStatic(java.lang.Object, java.lang.Object, java.lang.Object, java.lang.Object, java.lang.Object, java.lang.Object, java.lang.Object, java.lang.Object, java.lang.Object, java.lang.Object, java.lang.Object, java.lang.Object, java.lang.Object, java.lang.Object, java.lang.Object, java.lang.Object, java.lang.Object, java.lang.Object, java.lang.Object, java.lang.Object, java.lang.Obj
Event: 6.886 Thread 0x000001844734ca90 Exception <a 'java/lang/NoSuchMethodError'{0x00000000eb347d70}: 'java.lang.Object java.lang.invoke.DirectMethodHandle$Holder.invokeStatic(java.lang.Object, java.lang.Object, java.lang.Object, java.lang.Object, java.lang.Object, java.lang.Object, java.lang.Object, java.lang.Object, java.lang.Object, java.lang.Object, java.lang.Object, java.lang.Object, java.lang.Object, java.lang.Object, java.lang.Object, java.lang.Object, java.lang.Object, java.lang.Object, java.lang.Object, java.lang.Object, java.lang.Obj
Event: 6.887 Thread 0x000001844734ca90 Exception <a 'java/lang/NoSuchMethodError'{0x00000000eb37c7a0}: 'java.lang.Object java.lang.invoke.DirectMethodHandle$Holder.invokeStatic(java.lang.Object, java.lang.Object, java.lang.Object, java.lang.Object, java.lang.Object, java.lang.Object, java.lang.Object, java.lang.Object, java.lang.Object, java.lang.Object, java.lang.Object, java.lang.Object, java.lang.Object, java.lang.Object, java.lang.Object, java.lang.Object, java.lang.Object, java.lang.Object, java.lang.Object, java.lang.Object, java.lang.Obj
Event: 6.890 Thread 0x000001844734ca90 Exception <a 'java/lang/NoSuchMethodError'{0x00000000eb3a25c8}: 'java.lang.Object java.lang.invoke.DirectMethodHandle$Holder.invokeSpecial(java.lang.Object, java.lang.Object, java.lang.Object, java.lang.Object, java.lang.Object, java.lang.Object, java.lang.Object, java.lang.Object, java.lang.Object, java.lang.Object, java.lang.Object, java.lang.Object, java.lang.Object, java.lang.Object, java.lang.Object, java.lang.Object, java.lang.Object, java.lang.Object, java.lang.Object, java.lang.Object, java.lang.Ob
Event: 6.890 Thread 0x000001844734ca90 Exception <a 'java/lang/NoSuchMethodError'{0x00000000eb3b7db0}: 'java.lang.Object java.lang.invoke.DirectMethodHandle$Holder.newInvokeSpecial(java.lang.Object, java.lang.Object, java.lang.Object, java.lang.Object, java.lang.Object, java.lang.Object, java.lang.Object, java.lang.Object, java.lang.Object, java.lang.Object, java.lang.Object, java.lang.Object, java.lang.Object, java.lang.Object, java.lang.Object, java.lang.Object, java.lang.Object, java.lang.Object, java.lang.Object, java.lang.Object, java.lang
Event: 6.890 Thread 0x000001844734ca90 Exception <a 'java/lang/NoSuchMethodError'{0x00000000eb3bdfa8}: 'java.lang.Object java.lang.invoke.Invokers$Holder.linkToTargetMethod(java.lang.Object, java.lang.Object, java.lang.Object, java.lang.Object, java.lang.Object, java.lang.Object, java.lang.Object, java.lang.Object, java.lang.Object, java.lang.Object, java.lang.Object, java.lang.Object, java.lang.Object, java.lang.Object, java.lang.Object, java.lang.Object, java.lang.Object, java.lang.Object, java.lang.Object, java.lang.Object, java.lang.Object,
Event: 6.891 Thread 0x000001844734ca90 Exception <a 'java/lang/NoSuchMethodError'{0x00000000eb3c3170}: 'java.lang.Object java.lang.invoke.DirectMethodHandle$Holder.invokeVirtual(java.lang.Object, java.lang.Object, java.lang.Object, java.lang.Object, java.lang.Object, java.lang.Object, java.lang.Object, java.lang.Object, java.lang.Object, java.lang.Object)'> (0x00000000eb3c3170) 
thrown [s\src\hotspot\share\interpreter\linkResolver.cpp, line 773]
Event: 6.906 Thread 0x000001844734ca90 Exception <a 'java/lang/NoSuchMethodError'{0x00000000eb55ec98}: 'java.lang.Object java.lang.invoke.DirectMethodHandle$Holder.invokeVirtual(java.lang.Object, java.lang.Object, java.lang.Object, java.lang.Object, java.lang.Object, java.lang.Object, java.lang.Object, java.lang.Object, java.lang.Object)'> (0x00000000eb55ec98) 
thrown [s\src\hotspot\share\interpreter\linkResolver.cpp, line 773]
Event: 6.929 Thread 0x000001844734ca90 Exception <a 'java/lang/NoSuchMethodError'{0x00000000eb7b98a8}: 'java.lang.Object java.lang.invoke.DirectMethodHandle$Holder.invokeVirtual(java.lang.Object, java.lang.Object, java.lang.Object, java.lang.Object, java.lang.Object, java.lang.Object, java.lang.Object, java.lang.Object)'> (0x00000000eb7b98a8) 
thrown [s\src\hotspot\share\interpreter\linkResolver.cpp, line 773]
Event: 6.933 Thread 0x000001844734ca90 Exception <a 'java/lang/NoSuchMethodError'{0x00000000eb852f78}: 'long java.lang.invoke.DirectMethodHandle$Holder.invokeVirtual(java.lang.Object, java.lang.Object)'> (0x00000000eb852f78) 
thrown [s\src\hotspot\share\interpreter\linkResolver.cpp, line 773]
Event: 6.933 Thread 0x000001844734ca90 Exception <a 'java/lang/NoSuchMethodError'{0x00000000eb856378}: 'long java.lang.invoke.DelegatingMethodHandle$Holder.reinvoke_L(java.lang.Object, java.lang.Object)'> (0x00000000eb856378) 
thrown [s\src\hotspot\share\interpreter\linkResolver.cpp, line 773]
Event: 7.020 Thread 0x000001844734d120 Exception <a 'java/lang/NoSuchMethodError'{0x00000000eb0e9210}: 'void java.lang.invoke.DirectMethodHandle$Holder.invokeStatic(java.lang.Object, long)'> (0x00000000eb0e9210) 
thrown [s\src\hotspot\share\interpreter\linkResolver.cpp, line 773]
Event: 7.258 Thread 0x000001844734d120 Exception <a 'java/lang/NoSuchMethodError'{0x00000000eb10db00}: 'void java.lang.invoke.DirectMethodHandle$Holder.invokeSpecial(java.lang.Object, java.lang.Object, int)'> (0x00000000eb10db00) 
thrown [s\src\hotspot\share\interpreter\linkResolver.cpp, line 773]
Event: 7.258 Thread 0x000001844734d120 Exception <a 'java/lang/NoSuchMethodError'{0x00000000eb135bd8}: 'java.lang.Object java.lang.invoke.DirectMethodHandle$Holder.newInvokeSpecial(java.lang.Object, java.lang.Object, int)'> (0x00000000eb135bd8) 
thrown [s\src\hotspot\share\interpreter\linkResolver.cpp, line 773]

ZGC Phase Switch (0 events):
No events

VM Operations (20 events):
Event: 6.553 Executing VM operation: ParallelGCFailedAllocation (Allocation Failure)
Event: 6.554 Executing VM operation: ParallelGCFailedAllocation (Allocation Failure) done
Event: 6.619 Executing VM operation: ParallelGCFailedAllocation (Allocation Failure)
Event: 6.619 Executing VM operation: ParallelGCFailedAllocation (Allocation Failure) done
Event: 6.699 Executing VM operation: ParallelGCFailedAllocation (Allocation Failure)
Event: 6.700 Executing VM operation: ParallelGCFailedAllocation (Allocation Failure) done
Event: 6.786 Executing VM operation: ParallelGCFailedAllocation (Allocation Failure)
Event: 6.786 Executing VM operation: ParallelGCFailedAllocation (Allocation Failure) done
Event: 6.914 Executing VM operation: HandshakeAllThreads (Deoptimize)
Event: 6.914 Executing VM operation: HandshakeAllThreads (Deoptimize) done
Event: 6.928 Executing VM operation: HandshakeAllThreads (Deoptimize)
Event: 6.928 Executing VM operation: HandshakeAllThreads (Deoptimize) done
Event: 6.939 Executing VM operation: ParallelGCFailedAllocation (Allocation Failure)
Event: 6.940 Executing VM operation: ParallelGCFailedAllocation (Allocation Failure) done
Event: 8.939 Executing VM operation: Cleanup
Event: 8.939 Executing VM operation: Cleanup done
Event: 10.890 Executing VM operation: HandshakeAllThreads (Deoptimize)
Event: 10.890 Executing VM operation: HandshakeAllThreads (Deoptimize) done
Event: 10.890 Executing VM operation: Cleanup
Event: 10.890 Executing VM operation: Cleanup done

Memory protections (0 events):
No events

Nmethod flushes (20 events):
Event: 6.044 Thread 0x000001847a8e4990 flushing  nmethod 0x000001846a144190
Event: 6.044 Thread 0x000001847a8e4990 flushing  nmethod 0x000001846a144f10
Event: 6.044 Thread 0x000001847a8e4990 flushing  nmethod 0x000001846a152910
Event: 6.044 Thread 0x000001847a8e4990 flushing  nmethod 0x000001846a156490
Event: 6.044 Thread 0x000001847a8e4990 flushing  nmethod 0x000001846a16e310
Event: 6.044 Thread 0x000001847a8e4990 flushing  nmethod 0x000001846a16fb90
Event: 6.044 Thread 0x000001847a8e4990 flushing  nmethod 0x000001846a170490
Event: 6.044 Thread 0x000001847a8e4990 flushing  nmethod 0x000001846a191010
Event: 6.044 Thread 0x000001847a8e4990 flushing  nmethod 0x000001846a1a3510
Event: 6.044 Thread 0x000001847a8e4990 flushing  nmethod 0x000001846a1aca10
Event: 6.044 Thread 0x000001847a8e4990 flushing  nmethod 0x000001846a1ae310
Event: 6.044 Thread 0x000001847a8e4990 flushing  nmethod 0x000001846a1afe10
Event: 6.044 Thread 0x000001847a8e4990 flushing  nmethod 0x000001846a1b2590
Event: 6.044 Thread 0x000001847a8e4990 flushing  nmethod 0x000001846a1b5910
Event: 6.044 Thread 0x000001847a8e4990 flushing  nmethod 0x000001846a1b6310
Event: 6.044 Thread 0x000001847a8e4990 flushing  nmethod 0x000001846a1bc690
Event: 6.044 Thread 0x000001847a8e4990 flushing  nmethod 0x000001846a1bca10
Event: 6.044 Thread 0x000001847a8e4990 flushing  nmethod 0x000001846a1bcd90
Event: 6.044 Thread 0x000001847a8e4990 flushing  nmethod 0x000001846a1beb90
Event: 6.044 Thread 0x000001847a8e4990 flushing  nmethod 0x000001846a1dcd10

Events (20 events):
Event: 6.596 Thread 0x000001844510ded0 Thread added: 0x00000184469196f0
Event: 6.943 Thread 0x000001844734ca90 Thread added: 0x000001844734eb60
Event: 6.988 Thread 0x000001847f237780 Thread exited: 0x000001847f237780
Event: 7.015 Thread 0x000001844734ca90 Thread added: 0x000001844734d120
Event: 7.022 Thread 0x000001844734d120 Thread added: 0x000001844734d7b0
Event: 7.022 Thread 0x000001844734d120 Thread added: 0x000001844734b6e0
Event: 7.258 Thread 0x00000184469196f0 Thread exited: 0x00000184469196f0
Event: 7.260 Thread 0x00000184457bcd40 Thread exited: 0x00000184457bcd40
Event: 7.260 Thread 0x000001844a803210 Thread exited: 0x000001844a803210
Event: 7.269 Thread 0x0000018445a0b850 Thread exited: 0x0000018445a0b850
Event: 7.269 Thread 0x000001844510ded0 Thread exited: 0x000001844510ded0
Event: 7.291 Thread 0x000001847de32350 Thread exited: 0x000001847de32350
Event: 7.291 Thread 0x000001847bf5df80 Thread exited: 0x000001847bf5df80
Event: 7.303 Thread 0x000001844734ca90 Thread added: 0x000001844734de40
Event: 7.307 Thread 0x000001844734de40 Thread added: 0x000001844734e4d0
Event: 7.307 Thread 0x000001844734de40 Thread added: 0x000001844734c400
Event: 7.307 Thread 0x000001844734e4d0 Thread exited: 0x000001844734e4d0
Event: 9.945 Thread 0x000001847e785dc0 Thread exited: 0x000001847e785dc0
Event: 10.869 Thread 0x000001844734de40 Thread exited: 0x000001844734de40
Event: 10.869 Thread 0x000001844734c400 Thread exited: 0x000001844734c400


Dynamic libraries:
0x00007ff7af130000 - 0x00007ff7af13e000 	c:\Users\admin\.cursor\extensions\redhat.java-1.42.0-win32-x64\jre\21.0.7-win32-x86_64\bin\java.exe
0x00007ff8f0da0000 - 0x00007ff8f1006000 	C:\WINDOWS\SYSTEM32\ntdll.dll
0x00007ff8eeec0000 - 0x00007ff8eef89000 	C:\WINDOWS\System32\KERNEL32.DLL
0x00007ff8ee410000 - 0x00007ff8ee7dc000 	C:\WINDOWS\System32\KERNELBASE.dll
0x00007ff8edfd0000 - 0x00007ff8ee11b000 	C:\WINDOWS\System32\ucrtbase.dll
0x00007ff8c5f20000 - 0x00007ff8c5f38000 	c:\Users\admin\.cursor\extensions\redhat.java-1.42.0-win32-x64\jre\21.0.7-win32-x86_64\bin\jli.dll
0x00007ff8c73b0000 - 0x00007ff8c73ce000 	c:\Users\admin\.cursor\extensions\redhat.java-1.42.0-win32-x64\jre\21.0.7-win32-x86_64\bin\VCRUNTIME140.dll
0x00007ff8f0aa0000 - 0x00007ff8f0c6a000 	C:\WINDOWS\System32\USER32.dll
0x00007ff8ee120000 - 0x00007ff8ee147000 	C:\WINDOWS\System32\win32u.dll
0x00007ff8f0440000 - 0x00007ff8f046b000 	C:\WINDOWS\System32\GDI32.dll
0x00007ff8db710000 - 0x00007ff8db9aa000 	C:\WINDOWS\WinSxS\amd64_microsoft.windows.common-controls_6595b64144ccf1df_6.0.26100.3912_none_3e07963ce335137e\COMCTL32.dll
0x00007ff8ee2d0000 - 0x00007ff8ee402000 	C:\WINDOWS\System32\gdi32full.dll
0x00007ff8eeb60000 - 0x00007ff8eec09000 	C:\WINDOWS\System32\msvcrt.dll
0x00007ff8eea20000 - 0x00007ff8eeac3000 	C:\WINDOWS\System32\msvcp_win.dll
0x00007ff8f0c70000 - 0x00007ff8f0ca0000 	C:\WINDOWS\System32\IMM32.DLL
0x00007ff8e09f0000 - 0x00007ff8e09fc000 	c:\Users\admin\.cursor\extensions\redhat.java-1.42.0-win32-x64\jre\21.0.7-win32-x86_64\bin\vcruntime140_1.dll
0x00007ff8ab790000 - 0x00007ff8ab81d000 	c:\Users\admin\.cursor\extensions\redhat.java-1.42.0-win32-x64\jre\21.0.7-win32-x86_64\bin\msvcp140.dll
0x00007ff84e950000 - 0x00007ff84f6e0000 	c:\Users\admin\.cursor\extensions\redhat.java-1.42.0-win32-x64\jre\21.0.7-win32-x86_64\bin\server\jvm.dll
0x00007ff8f0140000 - 0x00007ff8f01f2000 	C:\WINDOWS\System32\ADVAPI32.dll
0x00007ff8f0cb0000 - 0x00007ff8f0d56000 	C:\WINDOWS\System32\sechost.dll
0x00007ff8efb60000 - 0x00007ff8efc76000 	C:\WINDOWS\System32\RPCRT4.dll
0x00007ff8ef340000 - 0x00007ff8ef3b4000 	C:\WINDOWS\System32\WS2_32.dll
0x00007ff8edda0000 - 0x00007ff8eddfe000 	C:\WINDOWS\SYSTEM32\POWRPROF.dll
0x00007ff8ea6e0000 - 0x00007ff8ea6eb000 	C:\WINDOWS\SYSTEM32\VERSION.dll
0x00007ff8e4950000 - 0x00007ff8e4986000 	C:\WINDOWS\SYSTEM32\WINMM.dll
0x00007ff8edd80000 - 0x00007ff8edd94000 	C:\WINDOWS\SYSTEM32\UMPDC.dll
0x00007ff8eccf0000 - 0x00007ff8ecd0a000 	C:\WINDOWS\SYSTEM32\kernel.appcore.dll
0x00007ff8e04c0000 - 0x00007ff8e04ca000 	c:\Users\admin\.cursor\extensions\redhat.java-1.42.0-win32-x64\jre\21.0.7-win32-x86_64\bin\jimage.dll
0x00007ff89bae0000 - 0x00007ff89bd21000 	C:\WINDOWS\SYSTEM32\DBGHELP.DLL
0x00007ff8eef90000 - 0x00007ff8ef314000 	C:\WINDOWS\System32\combase.dll
0x00007ff8f0050000 - 0x00007ff8f0130000 	C:\WINDOWS\System32\OLEAUT32.dll
0x00007ff8d7240000 - 0x00007ff8d7279000 	C:\WINDOWS\SYSTEM32\dbgcore.DLL
0x00007ff8edf30000 - 0x00007ff8edfc9000 	C:\WINDOWS\System32\bcryptPrimitives.dll
0x00007ff8cded0000 - 0x00007ff8cdedf000 	c:\Users\admin\.cursor\extensions\redhat.java-1.42.0-win32-x64\jre\21.0.7-win32-x86_64\bin\instrument.dll
0x00007ff8c2d80000 - 0x00007ff8c2d9f000 	c:\Users\admin\.cursor\extensions\redhat.java-1.42.0-win32-x64\jre\21.0.7-win32-x86_64\bin\java.dll
0x00007ff8ef430000 - 0x00007ff8efb5d000 	C:\WINDOWS\System32\SHELL32.dll
0x00007ff8ee150000 - 0x00007ff8ee2c4000 	C:\WINDOWS\System32\wintypes.dll
0x00007ff8ebbe0000 - 0x00007ff8ec436000 	C:\WINDOWS\SYSTEM32\windows.storage.dll
0x00007ff8eedc0000 - 0x00007ff8eeeaf000 	C:\WINDOWS\System32\SHCORE.dll
0x00007ff8ef3c0000 - 0x00007ff8ef429000 	C:\WINDOWS\System32\shlwapi.dll
0x00007ff8ede10000 - 0x00007ff8ede3f000 	C:\WINDOWS\SYSTEM32\profapi.dll
0x00007ff8c2d60000 - 0x00007ff8c2d78000 	c:\Users\admin\.cursor\extensions\redhat.java-1.42.0-win32-x64\jre\21.0.7-win32-x86_64\bin\zip.dll
0x00007ff8d2020000 - 0x00007ff8d2030000 	C:\Users\admin\.cursor\extensions\redhat.java-1.42.0-win32-x64\jre\21.0.7-win32-x86_64\bin\net.dll
0x00007ff8e8a60000 - 0x00007ff8e8b7e000 	C:\WINDOWS\SYSTEM32\WINHTTP.dll
0x0000000180000000 - 0x000000018008c000 	C:\WINDOWS\system32\ASProxy64.dll
0x00007ff8efc80000 - 0x00007ff8efe1f000 	C:\WINDOWS\System32\ole32.dll
0x00007ff8ec730000 - 0x00007ff8ec763000 	C:\WINDOWS\SYSTEM32\IPHLPAPI.DLL
0x00007ff8ed260000 - 0x00007ff8ed2ca000 	C:\WINDOWS\SYSTEM32\MSWSOCK.dll
0x00007ff8ecf90000 - 0x00007ff8ecfd8000 	C:\WINDOWS\SYSTEM32\SspiCli.dll
0x00007ff8c17f0000 - 0x00007ff8c1806000 	C:\Users\admin\.cursor\extensions\redhat.java-1.42.0-win32-x64\jre\21.0.7-win32-x86_64\bin\nio.dll
0x00007ff8cd970000 - 0x00007ff8cd980000 	c:\Users\admin\.cursor\extensions\redhat.java-1.42.0-win32-x64\jre\21.0.7-win32-x86_64\bin\verify.dll
0x00007ff8eb200000 - 0x00007ff8eb2af000 	C:\WINDOWS\system32\uxtheme.dll
0x00007ff8ce3c0000 - 0x00007ff8ce405000 	C:\Users\admin\AppData\Roaming\Cursor\User\globalStorage\redhat.java\1.42.0\config_win\org.eclipse.equinox.launcher\org.eclipse.equinox.launcher.win32.win32.x86_64_1.2.1300.v20250331-1702\eclipse_11911.dll
0x00007ff8ed510000 - 0x00007ff8ed52c000 	C:\WINDOWS\SYSTEM32\CRYPTSP.dll
0x00007ff8ecc50000 - 0x00007ff8ecc8a000 	C:\WINDOWS\system32\rsaenh.dll
0x00007ff8ed300000 - 0x00007ff8ed32b000 	C:\WINDOWS\SYSTEM32\USERENV.dll
0x00007ff8ede50000 - 0x00007ff8ede76000 	C:\WINDOWS\SYSTEM32\bcrypt.dll
0x00007ff8ed500000 - 0x00007ff8ed50c000 	C:\WINDOWS\SYSTEM32\CRYPTBASE.dll
0x00007ff8eedb0000 - 0x00007ff8eedba000 	C:\WINDOWS\System32\NSI.dll
0x00007ff8e03d0000 - 0x00007ff8e03da000 	C:\Users\admin\.cursor\extensions\redhat.java-1.42.0-win32-x64\jre\21.0.7-win32-x86_64\bin\management.dll
0x00007ff8d9400000 - 0x00007ff8d940b000 	C:\Users\admin\.cursor\extensions\redhat.java-1.42.0-win32-x64\jre\21.0.7-win32-x86_64\bin\management_ext.dll
0x00007ff8f0040000 - 0x00007ff8f0048000 	C:\WINDOWS\System32\PSAPI.DLL
0x00007ff8ce370000 - 0x00007ff8ce3b9000 	C:\Users\admin\AppData\Local\Temp\jna-92668751\jna3050140543855282414.dll
0x00007ff8e86b0000 - 0x00007ff8e86cf000 	C:\WINDOWS\SYSTEM32\dhcpcsvc6.DLL
0x00007ff8e7810000 - 0x00007ff8e7835000 	C:\WINDOWS\SYSTEM32\dhcpcsvc.DLL
0x00007ff8ce340000 - 0x00007ff8ce367000 	C:\Users\admin\.gradle\native\1def1411415f61bf3af743bc5b6707747c0891f09f0c88961ee8f79bc544acac\windows-amd64\native-platform.dll
0x00007ff8d6d30000 - 0x00007ff8d6d39000 	C:\Users\admin\.cursor\extensions\redhat.java-1.42.0-win32-x64\jre\21.0.7-win32-x86_64\bin\extnet.dll
0x00007ff8d3a60000 - 0x00007ff8d3a6e000 	C:\Users\admin\.cursor\extensions\redhat.java-1.42.0-win32-x64\jre\21.0.7-win32-x86_64\bin\sunmscapi.dll
0x00007ff8ee7e0000 - 0x00007ff8ee957000 	C:\WINDOWS\System32\CRYPT32.dll
0x00007ff8ed710000 - 0x00007ff8ed740000 	C:\WINDOWS\SYSTEM32\ncrypt.dll
0x00007ff8ed6c0000 - 0x00007ff8ed6ff000 	C:\WINDOWS\SYSTEM32\NTASN1.dll
0x00007ff8d3250000 - 0x00007ff8d3258000 	C:\WINDOWS\system32\wshunix.dll

dbghelp: loaded successfully - version: 4.0.5 - missing functions: none
symbol engine: initialized successfully - sym options: 0x614 - pdb path: .;c:\Users\admin\.cursor\extensions\redhat.java-1.42.0-win32-x64\jre\21.0.7-win32-x86_64\bin;C:\WINDOWS\SYSTEM32;C:\WINDOWS\WinSxS\amd64_microsoft.windows.common-controls_6595b64144ccf1df_6.0.26100.3912_none_3e07963ce335137e;c:\Users\admin\.cursor\extensions\redhat.java-1.42.0-win32-x64\jre\21.0.7-win32-x86_64\bin\server;C:\Users\admin\AppData\Roaming\Cursor\User\globalStorage\redhat.java\1.42.0\config_win\org.eclipse.equinox.launcher\org.eclipse.equinox.launcher.win32.win32.x86_64_1.2.1300.v20250331-1702;C:\Users\admin\AppData\Local\Temp\jna-92668751;C:\Users\admin\.gradle\native\1def1411415f61bf3af743bc5b6707747c0891f09f0c88961ee8f79bc544acac\windows-amd64

VM Arguments:
jvm_args: --add-modules=ALL-SYSTEM --add-opens=java.base/java.util=ALL-UNNAMED --add-opens=java.base/java.lang=ALL-UNNAMED --add-opens=java.base/sun.nio.fs=ALL-UNNAMED -Declipse.application=org.eclipse.jdt.ls.core.id1 -Dosgi.bundles.defaultStartLevel=4 -Declipse.product=org.eclipse.jdt.ls.core.product -Djava.import.generatesMetadataFilesAtProjectRoot=false -DDetectVMInstallationsJob.disabled=true -Dfile.encoding=utf8 -XX:+UseParallelGC -XX:GCTimeRatio=4 -XX:AdaptiveSizePolicyWeight=90 -Dsun.zip.disableMemoryMapping=true -Xmx1G -Xms100m -Xlog:disable -javaagent:c:\Users\admin\.cursor\extensions\redhat.java-1.42.0-win32-x64\lombok\lombok-1.18.36.jar -XX:+HeapDumpOnOutOfMemoryError -XX:HeapDumpPath=c:\Users\admin\AppData\Roaming\Cursor\User\workspaceStorage\0426a641ec518546e312a5bf184515bb\redhat.java -Daether.dependencyCollector.impl=bf 
java_command: c:\Users\admin\.cursor\extensions\redhat.java-1.42.0-win32-x64\server\plugins\org.eclipse.equinox.launcher_1.7.0.v20250424-1814.jar -configuration c:\Users\admin\AppData\Roaming\Cursor\User\globalStorage\redhat.java\1.42.0\config_win -data c:\Users\admin\AppData\Roaming\Cursor\User\workspaceStorage\0426a641ec518546e312a5bf184515bb\redhat.java\jdt_ws --pipe=\\.\pipe\lsp-08f35fcfcd1c5fdc50176c74b61da1cc-sock
java_class_path (initial): c:\Users\admin\.cursor\extensions\redhat.java-1.42.0-win32-x64\server\plugins\org.eclipse.equinox.launcher_1.7.0.v20250424-1814.jar
Launcher Type: SUN_STANDARD

[Global flags]
    uintx AdaptiveSizePolicyWeight                 = 90                                        {product} {command line}
     intx CICompilerCount                          = 12                                        {product} {ergonomic}
    uintx GCTimeRatio                              = 4                                         {product} {command line}
     bool HeapDumpOnOutOfMemoryError               = true                                   {manageable} {command line}
    ccstr HeapDumpPath                             = c:\Users\admin\AppData\Roaming\Cursor\User\workspaceStorage\0426a641ec518546e312a5bf184515bb\redhat.java         {manageable} {command line}
   size_t InitialHeapSize                          = 104857600                                 {product} {command line}
   size_t MaxHeapSize                              = 1073741824                                {product} {command line}
   size_t MaxNewSize                               = 357564416                                 {product} {ergonomic}
   size_t MinHeapDeltaBytes                        = 524288                                    {product} {ergonomic}
   size_t MinHeapSize                              = 104857600                                 {product} {command line}
   size_t NewSize                                  = 34603008                                  {product} {ergonomic}
    uintx NonNMethodCodeHeapSize                   = 7602480                                {pd product} {ergonomic}
    uintx NonProfiledCodeHeapSize                  = 122027880                              {pd product} {ergonomic}
   size_t OldSize                                  = 70254592                                  {product} {ergonomic}
    uintx ProfiledCodeHeapSize                     = 122027880                              {pd product} {ergonomic}
    uintx ReservedCodeCacheSize                    = 251658240                              {pd product} {ergonomic}
     bool SegmentedCodeCache                       = true                                      {product} {ergonomic}
   size_t SoftMaxHeapSize                          = 1073741824                             {manageable} {ergonomic}
     bool UseCompressedOops                        = true                           {product lp64_product} {ergonomic}
     bool UseLargePagesIndividualAllocation        = false                                  {pd product} {ergonomic}
     bool UseParallelGC                            = true                                      {product} {command line}

Logging:
Log output configuration:
 #0: stdout all=off uptime,level,tags foldmultilines=false
 #1: stderr all=off uptime,level,tags foldmultilines=false

Environment Variables:
JAVA_HOME=C:\Program Files\OpenLogic\jdk-17.0.15.6-hotspot
PATH=C:\Program Files\Common Files\Oracle\Java\javapath;C:\Program Files\OpenLogic\jdk-17.0.15.6-hotspot\bin;C:\WINDOWS\system32;C:\WINDOWS;C:\WINDOWS\System32\Wbem;C:\WINDOWS\System32\WindowsPowerShell\v1.0\;C:\WINDOWS\System32\OpenSSH\;C:\Program Files\dotnet\;C:\Program Files\Microsoft SQL Server\130\Tools\Binn\;C:\Program Files\Git\cmd;C:\Users\admin\AppData\Roaming\nvm;C:\Program Files\nodejs;C:\Program Files\Microsoft SQL Server\150\Tools\Binn\;C:\Users\admin\AppData\Local\Microsoft\WindowsApps;C:\Users\admin\AppData\Roaming\npm;C:\Users\admin\AppData\Local\Programs\Microsoft VS Code\bin;C:\Users\admin\AppData\Roaming\nvm;C:\Program Files\nodejs;C:\Users\admin\AppData\Local\Android\Sdk\platform-tools;C:\Users\admin\AppData\Local\Programs\cursor\resources\app\bin;C:\;C:\Users\admin\.dotnet\tools
USERNAME=admin
OS=Windows_NT
PROCESSOR_IDENTIFIER=Intel64 Family 6 Model 165 Stepping 5, GenuineIntel
TMP=C:\Users\admin\AppData\Local\Temp
TEMP=C:\Users\admin\AppData\Local\Temp




Periodic native trim disabled

---------------  S Y S T E M  ---------------

OS:
 Windows 11 , 64 bit Build 26100 (10.0.26100.3912)
OS uptime: 2 days 9:24 hours

CPU: total 16 (initial active 16) (8 cores per cpu, 2 threads per core) family 6 model 165 stepping 5 microcode 0xec, cx8, cmov, fxsr, ht, mmx, 3dnowpref, sse, sse2, sse3, ssse3, sse4.1, sse4.2, popcnt, lzcnt, tsc, tscinvbit, avx, avx2, aes, erms, clmul, bmi1, bmi2, adx, fma, vzeroupper, clflush, clflushopt, rdtscp, f16c, pku
Processor Information for processor 0
  Max Mhz: 2901, Current Mhz: 2901, Mhz Limit: 2901
Processor Information for processor 1
  Max Mhz: 2901, Current Mhz: 1700, Mhz Limit: 2901
Processor Information for processor 2
  Max Mhz: 2901, Current Mhz: 2901, Mhz Limit: 2901
Processor Information for processor 3
  Max Mhz: 2901, Current Mhz: 1700, Mhz Limit: 2901
Processor Information for processor 4
  Max Mhz: 2901, Current Mhz: 800, Mhz Limit: 2901
Processor Information for processor 5
  Max Mhz: 2901, Current Mhz: 1700, Mhz Limit: 2901
Processor Information for processor 6
  Max Mhz: 2901, Current Mhz: 1700, Mhz Limit: 2901
Processor Information for processor 7
  Max Mhz: 2901, Current Mhz: 1200, Mhz Limit: 2901
Processor Information for processor 8
  Max Mhz: 2901, Current Mhz: 1700, Mhz Limit: 2901
Processor Information for processor 9
  Max Mhz: 2901, Current Mhz: 1700, Mhz Limit: 2901
Processor Information for processor 10
  Max Mhz: 2901, Current Mhz: 800, Mhz Limit: 2901
Processor Information for processor 11
  Max Mhz: 2901, Current Mhz: 1700, Mhz Limit: 2901
Processor Information for processor 12
  Max Mhz: 2901, Current Mhz: 1700, Mhz Limit: 2901
Processor Information for processor 13
  Max Mhz: 2901, Current Mhz: 800, Mhz Limit: 2901
Processor Information for processor 14
  Max Mhz: 2901, Current Mhz: 1700, Mhz Limit: 2901
Processor Information for processor 15
  Max Mhz: 2901, Current Mhz: 1700, Mhz Limit: 2901

Memory: 4k page, system-wide physical 16096M (3384M free)
TotalPageFile size 34528M (AvailPageFile size 7411M)
current process WorkingSet (physical memory assigned to process): 248M, peak: 318M
current process commit charge ("private bytes"): 338M, peak: 401M

vm_info: OpenJDK 64-Bit Server VM (21.0.7+6-LTS) for windows-amd64 JRE (21.0.7+6-LTS), built on 2025-04-15T00:00:00Z by "admin" with MS VC++ 17.7 (VS2022)

END.
