#
# A fatal error has been detected by the Java Runtime Environment:
#
#  EXCEPTION_ACCESS_VIOLATION (0xc0000005) at pc=0x000000018000c274, pid=16352, tid=3652
#
# JRE version: OpenJDK Runtime Environment Temurin-21.0.7+6 (21.0.7+6) (build 21.0.7+6-LTS)
# Java VM: OpenJDK 64-Bit Server VM Temurin-21.0.7+6 (21.0.7+6-LTS, mixed mode, sharing, tiered, compressed oops, compressed class ptrs, parallel gc, windows-amd64)
# Problematic frame:
# C  [ASProxy64.dll+0xc274]
#
# No core dump will be written. Minidumps are not enabled by default on client versions of Windows
#
# If you would like to submit a bug report, please visit:
#   https://github.com/adoptium/adoptium-support/issues
# The crash happened outside the Java Virtual Machine in native code.
# See problematic frame for where to report the bug.
#

---------------  S U M M A R Y ------------

Command Line: --add-modules=ALL-SYSTEM --add-opens=java.base/java.util=ALL-UNNAMED --add-opens=java.base/java.lang=ALL-UNNAMED --add-opens=java.base/sun.nio.fs=ALL-UNNAMED -Declipse.application=org.eclipse.jdt.ls.core.id1 -Dosgi.bundles.defaultStartLevel=4 -Declipse.product=org.eclipse.jdt.ls.core.product -Djava.import.generatesMetadataFilesAtProjectRoot=false -DDetectVMInstallationsJob.disabled=true -Dfile.encoding=utf8 -XX:+UseParallelGC -XX:GCTimeRatio=4 -XX:AdaptiveSizePolicyWeight=90 -Dsun.zip.disableMemoryMapping=true -Xmx1G -Xms100m -Xlog:disable -javaagent:c:\Users\admin\.cursor\extensions\redhat.java-1.42.0-win32-x64\lombok\lombok-1.18.36.jar -XX:+HeapDumpOnOutOfMemoryError -XX:HeapDumpPath=c:\Users\admin\AppData\Roaming\Cursor\User\workspaceStorage\0426a641ec518546e312a5bf184515bb\redhat.java -Daether.dependencyCollector.impl=bf c:\Users\admin\.cursor\extensions\redhat.java-1.42.0-win32-x64\server\plugins\org.eclipse.equinox.launcher_1.7.0.v20250424-1814.jar -configuration c:\Users\admin\AppData\Roaming\Cursor\User\globalStorage\redhat.java\1.42.0\config_win -data c:\Users\admin\AppData\Roaming\Cursor\User\workspaceStorage\0426a641ec518546e312a5bf184515bb\redhat.java\jdt_ws --pipe=\\.\pipe\lsp-9104897b919e3ffbb12604d15c6230da-sock

Host: Intel(R) Core(TM) i7-10700 CPU @ 2.90GHz, 16 cores, 15G,  Windows 11 , 64 bit Build 26100 (10.0.26100.3912)
Time: Fri May 16 05:31:49 2025 Eastern Daylight Time elapsed time: 7.042898 seconds (0d 0h 0m 7s)

---------------  T H R E A D  ---------------

Current thread (0x0000029977a25ae0):  JavaThread "Connection worker"        [_thread_in_native, id=3652, stack(0x000000ad6db00000,0x000000ad6dc00000) (1024K)]

Stack: [0x000000ad6db00000,0x000000ad6dc00000],  sp=0x000000ad6dbfdec0,  free space=1015k
Native frames: (J=compiled Java code, j=interpreted, Vv=VM code, C=native code)
C  [ASProxy64.dll+0xc274]

Java frames: (J=compiled Java code, j=interpreted, Vv=VM code)
j  sun.nio.ch.WEPoll.ctl(JIJI)I+0 java.base@21.0.7
j  sun.nio.ch.WEPollSelectorImpl.<init>(Ljava/nio/channels/spi/SelectorProvider;)V+139 java.base@21.0.7
j  sun.nio.ch.WEPollSelectorProvider.openSelector()Ljava/nio/channels/spi/AbstractSelector;+5 java.base@21.0.7
j  java.nio.channels.Selector.open()Ljava/nio/channels/Selector;+3 java.base@21.0.7
j  org.gradle.internal.remote.internal.inet.SocketConnection$SocketInputStream.<init>(Ljava/nio/channels/SocketChannel;)V+17
j  org.gradle.internal.remote.internal.inet.SocketConnection.<init>(Ljava/nio/channels/SocketChannel;Lorg/gradle/internal/remote/internal/MessageSerializer;Lorg/gradle/internal/serialize/StatefulSerializer;)V+27
j  org.gradle.internal.remote.internal.inet.SocketConnectCompletion.create(Lorg/gradle/internal/serialize/StatefulSerializer;)Lorg/gradle/internal/remote/internal/RemoteConnection;+16
j  org.gradle.launcher.daemon.client.DefaultDaemonConnector.connectToDaemon(Lorg/gradle/launcher/daemon/context/DaemonConnectDetails;Lorg/gradle/launcher/daemon/client/DaemonClientConnection$StaleAddressDetector;)Lorg/gradle/launcher/daemon/client/DaemonClientConnection;+45
j  org.gradle.launcher.daemon.client.DefaultDaemonConnector.connectToDaemonWithId(Lorg/gradle/launcher/daemon/diagnostics/DaemonStartupInfo;Lorg/gradle/api/internal/specs/ExplainingSpec;)Lorg/gradle/launcher/daemon/client/DaemonClientConnection;+116
j  org.gradle.launcher.daemon.client.DefaultDaemonConnector.doStartDaemon(Lorg/gradle/api/internal/specs/ExplainingSpec;Z)Lorg/gradle/launcher/daemon/client/DaemonClientConnection;+61
j  org.gradle.launcher.daemon.client.DefaultDaemonConnector.startDaemon(Lorg/gradle/api/internal/specs/ExplainingSpec;)Lorg/gradle/launcher/daemon/client/DaemonClientConnection;+3
j  org.gradle.launcher.daemon.client.DaemonClient.execute(Lorg/gradle/internal/invocation/BuildAction;Lorg/gradle/launcher/exec/BuildActionParameters;Lorg/gradle/internal/daemon/client/execution/ClientBuildRequestContext;)Lorg/gradle/launcher/exec/BuildActionResult;+201
j  org.gradle.launcher.daemon.client.DaemonClient.execute(Lorg/gradle/internal/invocation/BuildAction;Ljava/lang/Object;Ljava/lang/Object;)Lorg/gradle/launcher/exec/BuildActionResult;+10
j  org.gradle.tooling.internal.provider.DaemonBuildActionExecuter.execute(Lorg/gradle/internal/invocation/BuildAction;Lorg/gradle/tooling/internal/provider/ConnectionOperationParameters;Lorg/gradle/internal/daemon/client/execution/ClientBuildRequestContext;)Lorg/gradle/launcher/exec/BuildActionResult;+72
j  org.gradle.tooling.internal.provider.DaemonBuildActionExecuter.execute(Lorg/gradle/internal/invocation/BuildAction;Ljava/lang/Object;Ljava/lang/Object;)Lorg/gradle/launcher/exec/BuildActionResult;+10
j  org.gradle.tooling.internal.provider.LoggingBridgingBuildActionExecuter.execute(Lorg/gradle/internal/invocation/BuildAction;Lorg/gradle/tooling/internal/provider/ConnectionOperationParameters;Lorg/gradle/internal/daemon/client/execution/ClientBuildRequestContext;)Lorg/gradle/launcher/exec/BuildActionResult;+77
j  org.gradle.tooling.internal.provider.LoggingBridgingBuildActionExecuter.execute(Lorg/gradle/internal/invocation/BuildAction;Ljava/lang/Object;Ljava/lang/Object;)Lorg/gradle/launcher/exec/BuildActionResult;+10
j  org.gradle.tooling.internal.provider.ProviderConnection.run(Lorg/gradle/internal/invocation/BuildAction;Lorg/gradle/initialization/BuildCancellationToken;Lorg/gradle/tooling/internal/provider/ProviderConnection$ProgressListenerConfiguration;Lorg/gradle/initialization/BuildEventConsumer;Lorg/gradle/tooling/internal/provider/connection/ProviderOperationParameters;Lorg/gradle/tooling/internal/provider/ProviderConnection$Parameters;)Ljava/lang/Object;+79
j  org.gradle.tooling.internal.provider.ProviderConnection.runPhasedAction(Lorg/gradle/tooling/internal/protocol/InternalPhasedAction;Lorg/gradle/tooling/internal/protocol/PhasedActionResultListener;Lorg/gradle/initialization/BuildCancellationToken;Lorg/gradle/tooling/internal/provider/connection/ProviderOperationParameters;)Ljava/lang/Object;+132
j  org.gradle.tooling.internal.provider.DefaultConnection.run(Lorg/gradle/tooling/internal/protocol/InternalPhasedAction;Lorg/gradle/tooling/internal/protocol/PhasedActionResultListener;Lorg/gradle/tooling/internal/protocol/InternalCancellationToken;Lorg/gradle/tooling/internal/protocol/BuildParameters;)Lorg/gradle/tooling/internal/protocol/BuildResult;+28
j  org.gradle.tooling.internal.consumer.connection.PhasedActionAwareConsumerConnection.run(Lorg/gradle/tooling/internal/consumer/PhasedBuildAction;Lorg/gradle/tooling/internal/consumer/parameters/ConsumerOperationParameters;)V+66
j  org.gradle.tooling.internal.consumer.connection.ParameterValidatingConsumerConnection.run(Lorg/gradle/tooling/internal/consumer/PhasedBuildAction;Lorg/gradle/tooling/internal/consumer/parameters/ConsumerOperationParameters;)V+11
j  org.gradle.tooling.internal.consumer.DefaultPhasedBuildActionExecuter$1.run(Lorg/gradle/tooling/internal/consumer/connection/ConsumerConnection;)Ljava/lang/Void;+12
j  org.gradle.tooling.internal.consumer.DefaultPhasedBuildActionExecuter$1.run(Lorg/gradle/tooling/internal/consumer/connection/ConsumerConnection;)Ljava/lang/Object;+2
j  org.gradle.tooling.internal.consumer.connection.LazyConsumerActionExecutor.run(Lorg/gradle/tooling/internal/consumer/connection/ConsumerAction;)Ljava/lang/Object;+34
j  org.gradle.tooling.internal.consumer.connection.CancellableConsumerActionExecutor.run(Lorg/gradle/tooling/internal/consumer/connection/ConsumerAction;)Ljava/lang/Object;+34
j  org.gradle.tooling.internal.consumer.connection.ProgressLoggingConsumerActionExecutor.run(Lorg/gradle/tooling/internal/consumer/connection/ConsumerAction;)Ljava/lang/Object;+78
j  org.gradle.tooling.internal.consumer.connection.RethrowingErrorsConsumerActionExecutor.run(Lorg/gradle/tooling/internal/consumer/connection/ConsumerAction;)Ljava/lang/Object;+5
j  org.gradle.tooling.internal.consumer.async.DefaultAsyncConsumerActionExecutor$1$1.run()V+17
j  org.gradle.internal.concurrent.ExecutorPolicy$CatchAndRecordFailures.onExecute(Ljava/lang/Runnable;)V+1
j  org.gradle.internal.concurrent.AbstractManagedExecutor$1.run()V+25
j  java.util.concurrent.ThreadPoolExecutor.runWorker(Ljava/util/concurrent/ThreadPoolExecutor$Worker;)V+92 java.base@21.0.7
j  java.util.concurrent.ThreadPoolExecutor$Worker.run()V+5 java.base@21.0.7
j  java.lang.Thread.runWith(Ljava/lang/Object;Ljava/lang/Runnable;)V+5 java.base@21.0.7
j  java.lang.Thread.run()V+19 java.base@21.0.7
v  ~StubRoutines::call_stub 0x00000299227e100d

siginfo: EXCEPTION_ACCESS_VIOLATION (0xc0000005), reading address 0x000000000000133c


Registers:
RAX=0x0000000000000000, RBX=0x000002997811c778, RCX=0x0000000000000cf4, RDX=0x0000000000000002
RSP=0x000000ad6dbfdec0, RBP=0x000000000000133c, RSI=0x000002997ac957a0, RDI=0x000000000000133c
R8 =0x7ffffffffffffffc, R9 =0x0000000000000000, R10=0x0000000000000cf4, R11=0x000002991819b618
R12=0x000000ad6dbfe100, R13=0x00000000000004fc, R14=0x000002997ac95770, R15=0x00000000000004fc
RIP=0x000000018000c274, EFLAGS=0x0000000000010246

XMM[0]=0x0000000000000000 0x0000000000000000
XMM[1]=0x0000000000000000 0x0000000000000000
XMM[2]=0x0000000000000000 0x0000000000000000
XMM[3]=0x0000000000000000 0x0000000000000000
XMM[4]=0x0000000000000000 0x0000000000000000
XMM[5]=0x0000000000000000 0x0000000000000000
XMM[6]=0xfbb2173a12ac0cc0 0x961fb6c1e257b514
XMM[7]=0x17ccb0d7a95a9d3d 0x5ec3328581058186
XMM[8]=0x0000000000000000 0x4944ce2a87fca000
XMM[9]=0xde3e29c968544134 0x03139f7011c48180
XMM[10]=0xffffffffffffffff 0x0b0a090803020100
XMM[11]=0xff05b47570d3d1c2 0x0000000000000000
XMM[12]=0x0b0a090803020100 0xffffffffffffffff
XMM[13]=0x0c0d0e0f08090a0b 0x0405060700010203
XMM[14]=0x0000000000000000 0x6c9c4e785cd1fc34
XMM[15]=0x0000000000000000 0x00000000f035adbc
  MXCSR=0x00001fa0


Register to memory mapping:

RAX=0x0 is null
RBX=0x000002997811c778 points into unknown readable memory: 0x0000000000000000 | 00 00 00 00 00 00 00 00
RCX=0x0000000000000cf4 is an unknown value
RDX=0x0000000000000002 is an unknown value
RSP=0x000000ad6dbfdec0 is pointing into the stack for thread: 0x0000029977a25ae0
RBP=0x000000000000133c is an unknown value
RSI=0x000002997ac957a0 points into unknown readable memory: 0x000002997ac957a0 | a0 57 c9 7a 99 02 00 00
RDI=0x000000000000133c is an unknown value
R8 =0x7ffffffffffffffc is an unknown value
R9 =0x0 is null
R10=0x0000000000000cf4 is an unknown value
R11=0x000002991819b618 points into unknown readable memory: 0x00000000000007d0 | d0 07 00 00 00 00 00 00
R12=0x000000ad6dbfe100 is pointing into the stack for thread: 0x0000029977a25ae0
R13=0x00000000000004fc is an unknown value
R14=0x000002997ac95770 points into unknown readable memory: 0x000000000000133c | 3c 13 00 00 00 00 00 00
R15=0x00000000000004fc is an unknown value

Top of Stack: (sp=0x000000ad6dbfdec0)
0x000000ad6dbfdec0:   0000000000000000 0000000000000000
0x000000ad6dbfded0:   000000000000133c 000000018001f4c2
0x000000ad6dbfdee0:   0000000180065ec8 0000000000002736
0x000000ad6dbfdef0:   0000000000000001 0000000000000cf4
0x000000ad6dbfdf00:   000000000000133c 000000018000c506
0x000000ad6dbfdf10:   000002997811c778 0000000000002736
0x000000ad6dbfdf20:   0000000000000000 0000029900000008
0x000000ad6dbfdf30:   000000ad0000001e 0000000000000000
0x000000ad6dbfdf40:   000000000000133c 0000000000000000
0x000000ad6dbfdf50:   0000000000000001 0000000000000000
0x000000ad6dbfdf60:   000000000000133c 00007ff8abcb77e6
0x000000ad6dbfdf70:   0000000000000cf4 0000000000001302
0x000000ad6dbfdf80:   000002997ac957a0 000000ad6dbfe0d0
0x000000ad6dbfdf90:   0000000000000000 0000029900000000
0x000000ad6dbfdfa0:   0000000000000003 0000029900000001
0x000000ad6dbfdfb0:   0000000000000000 0000000000000000
0x000000ad6dbfdfc0:   00007ff800000000 00007ff8edfe0139
0x000000ad6dbfdfd0:   0000000000000cf4 0000000000000000
0x000000ad6dbfdfe0:   0000000000000000 0000cb1e592f7a6d
0x000000ad6dbfdff0:   000002997811c760 00007ff8abcb82af
0x000000ad6dbfe000:   0000000000000028 00007ff86c6b2cac
0x000000ad6dbfe010:   000002997811c768 00000299181c3750
0x000000ad6dbfe020:   000002997ac95770 00007ff8abcb8359
0x000000ad6dbfe030:   000002997ac957a0 000000ad6dbfe100
0x000000ad6dbfe040:   000002997ac957a0 000002997ac95770
0x000000ad6dbfe050:   0000029977a25ae0 000000ad6dbfe100
0x000000ad6dbfe060:   0000029973fefbf0 0000000000000000
0x000000ad6dbfe070:   000002997ac95770 00007ff8abcb8787
0x000000ad6dbfe080:   0000000000000000 000000ad6dbfe100
0x000000ad6dbfe090:   00000000000004fc 0000029977a25ae0
0x000000ad6dbfe0a0:   0000000000000001 00007ff8abcb7a75
0x000000ad6dbfe0b0:   000000000000133c 000000ad6dbfe100 

Instructions: (pc=0x000000018000c274)
0x000000018000c174:   70 48 8b 6c 24 78 32 c0 48 83 c4 50 41 5c c3 cc
0x000000018000c184:   cc cc cc cc cc cc cc cc cc cc cc cc 48 85 c9 74
0x000000018000c194:   23 8b 05 ad ff 06 00 89 01 8b 05 a9 ff 06 00 89
0x000000018000c1a4:   41 04 8b 05 a4 ff 06 00 89 41 08 8b 05 9f ff 06
0x000000018000c1b4:   00 89 41 0c f3 c3 cc cc cc cc cc cc c6 01 01 c7
0x000000018000c1c4:   02 01 00 00 00 c3 cc cc cc cc cc cc 48 89 5c 24
0x000000018000c1d4:   08 57 48 83 ec 70 48 8b fa 8b d9 48 8d 15 82 73
0x000000018000c1e4:   05 00 48 8d 4c 24 20 45 33 c0 48 c7 44 24 40 0f
0x000000018000c1f4:   00 00 00 48 c7 44 24 38 00 00 00 00 c6 44 24 28
0x000000018000c204:   00 e8 d6 6b ff ff 4c 8d 4c 24 20 48 8d 4c 24 48
0x000000018000c214:   41 b0 01 8b d3 e8 52 06 02 00 48 83 78 20 10 72
0x000000018000c224:   06 48 8b 48 08 eb 05 48 8d 48 08 90 0f b6 01 48
0x000000018000c234:   ff c7 48 ff c1 88 47 ff 84 c0 75 f0 48 83 7c 24
0x000000018000c244:   68 10 72 0a 48 8b 4c 24 50 e8 52 94 03 00 48 8b
0x000000018000c254:   9c 24 80 00 00 00 48 83 c4 70 5f c3 48 83 ec 48
0x000000018000c264:   0f b6 c2 0f 57 c0 0f 11 44 24 ff 25 00 00 00 00
0x000000018000c274:   ae 7e ef ee f8 7f 00 00 8b 44 24 04 0f af 04 24
0x000000018000c284:   89 04 24 8b 44 24 04 0f af 04 24 83 c0 01 89 04
0x000000018000c294:   24 8b 44 24 04 0f af 04 24 83 c0 02 89 04 24 8b
0x000000018000c2a4:   44 24 04 0f af 04 24 83 c0 03 89 04 24 8b 44 24
0x000000018000c2b4:   04 0f af 04 24 83 c0 04 89 04 24 8b 44 24 04 0f
0x000000018000c2c4:   af 04 24 83 c0 05 89 04 24 8b 44 24 04 0f af 04
0x000000018000c2d4:   24 83 c0 06 89 04 24 8b 44 24 04 0f af 04 24 83
0x000000018000c2e4:   c0 07 89 04 24 8b 44 24 04 0f af 04 24 83 c0 08
0x000000018000c2f4:   89 04 24 8b 44 24 04 0f af 04 24 83 c0 09 89 04
0x000000018000c304:   24 8b 44 24 04 0f af 04 24 83 c0 0a 89 04 24 8b
0x000000018000c314:   44 24 04 0f af 04 24 83 c0 0b 89 04 24 8b 44 24
0x000000018000c324:   04 0f af 04 24 83 c0 0d 89 04 24 8b 44 24 04 0f
0x000000018000c334:   af 04 24 83 c0 0e 89 04 24 8b 44 24 04 0f af 04
0x000000018000c344:   24 83 c0 0f 89 04 24 8b 44 24 04 0f af 04 24 83
0x000000018000c354:   c0 10 89 04 24 8b 44 24 04 0f af 04 24 83 c0 11
0x000000018000c364:   89 04 24 8b 44 24 04 0f af 04 24 83 c0 12 89 04 


Stack slot to memory mapping:

stack at sp + 0 slots: 0x0 is null
stack at sp + 1 slots: 0x0 is null
stack at sp + 2 slots: 0x000000000000133c is an unknown value
stack at sp + 3 slots: 0x000000018001f4c2 ASProxy64.dll
stack at sp + 4 slots: 0x0000000180065ec8 ASProxy64.dll
stack at sp + 5 slots: 0x0000000000002736 is an unknown value
stack at sp + 6 slots: 0x0000000000000001 is an unknown value
stack at sp + 7 slots: 0x0000000000000cf4 is an unknown value


---------------  P R O C E S S  ---------------

Threads class SMR info:
_java_thread_list=0x0000029979c987d0, length=59, elements={
0x00000299181a09a0, 0x0000029918246400, 0x000002992c58d770, 0x000002991824c340,
0x000002991824cf90, 0x0000029918253710, 0x0000029918254290, 0x000002996eb2d3e0,
0x000002996eb571a0, 0x000002991820d3d0, 0x000002996ec4e2e0, 0x00000299704d94f0,
0x000002997566b310, 0x0000029975a59d80, 0x0000029975c1a5e0, 0x00000299705de770,
0x00000299762421c0, 0x00000299762414a0, 0x00000299762400f0, 0x0000029976242ee0,
0x0000029976242850, 0x000002997623fa60, 0x0000029976240e10, 0x00000299765c05c0,
0x00000299765c12e0, 0x00000299765c2690, 0x00000299765c1970, 0x00000299765c0c50,
0x00000299765c2000, 0x00000299765c2d20, 0x00000299765c5b10, 0x00000299765c33b0,
0x00000299765c61a0, 0x00000299765c6ec0, 0x00000299765c4760, 0x00000299765c4df0,
0x00000299765c40d0, 0x00000299765c6830, 0x00000299765c5480, 0x00000299765c3a40,
0x00000299765c7550, 0x00000299765c7be0, 0x0000029977a212b0, 0x0000029977a20c20,
0x0000029977a21fd0, 0x0000029977a21940, 0x0000029977a1f1e0, 0x0000029977a22cf0,
0x0000029977a20590, 0x0000029977a240a0, 0x0000029977a26170, 0x0000029977a24dc0,
0x0000029977a24730, 0x0000029977a25450, 0x0000029977a25ae0, 0x0000029977a26800,
0x000002997848ae70, 0x0000029978488080, 0x000002997848b500
}

Java Threads: ( => current thread )
  0x00000299181a09a0 JavaThread "main"                              [_thread_blocked, id=17904, stack(0x000000ad67a00000,0x000000ad67b00000) (1024K)]
  0x0000029918246400 JavaThread "Reference Handler"          daemon [_thread_blocked, id=18632, stack(0x000000ad67e00000,0x000000ad67f00000) (1024K)]
  0x000002992c58d770 JavaThread "Finalizer"                  daemon [_thread_blocked, id=14108, stack(0x000000ad67f00000,0x000000ad68000000) (1024K)]
  0x000002991824c340 JavaThread "Signal Dispatcher"          daemon [_thread_blocked, id=14404, stack(0x000000ad68000000,0x000000ad68100000) (1024K)]
  0x000002991824cf90 JavaThread "Attach Listener"            daemon [_thread_blocked, id=7004, stack(0x000000ad68100000,0x000000ad68200000) (1024K)]
  0x0000029918253710 JavaThread "Service Thread"             daemon [_thread_blocked, id=3404, stack(0x000000ad68200000,0x000000ad68300000) (1024K)]
  0x0000029918254290 JavaThread "Monitor Deflation Thread"   daemon [_thread_blocked, id=17972, stack(0x000000ad68300000,0x000000ad68400000) (1024K)]
  0x000002996eb2d3e0 JavaThread "C2 CompilerThread0"         daemon [_thread_in_native, id=18464, stack(0x000000ad68400000,0x000000ad68500000) (1024K)]
  0x000002996eb571a0 JavaThread "C1 CompilerThread0"         daemon [_thread_blocked, id=11360, stack(0x000000ad68500000,0x000000ad68600000) (1024K)]
  0x000002991820d3d0 JavaThread "Common-Cleaner"             daemon [_thread_blocked, id=19044, stack(0x000000ad68600000,0x000000ad68700000) (1024K)]
  0x000002996ec4e2e0 JavaThread "C1 CompilerThread1"         daemon [_thread_blocked, id=8892, stack(0x000000ad68700000,0x000000ad68800000) (1024K)]
  0x00000299704d94f0 JavaThread "Notification Thread"        daemon [_thread_blocked, id=9780, stack(0x000000ad69d00000,0x000000ad69e00000) (1024K)]
  0x000002997566b310 JavaThread "Active Thread: Equinox Container: 955a73dd-16cc-455f-aded-4c2ba260b187"        [_thread_blocked, id=7528, stack(0x000000ad6a600000,0x000000ad6a700000) (1024K)]
  0x0000029975a59d80 JavaThread "Refresh Thread: Equinox Container: 955a73dd-16cc-455f-aded-4c2ba260b187" daemon [_thread_blocked, id=12912, stack(0x000000ad6a800000,0x000000ad6a900000) (1024K)]
  0x0000029975c1a5e0 JavaThread "Framework Event Dispatcher: Equinox Container: 955a73dd-16cc-455f-aded-4c2ba260b187" daemon [_thread_blocked, id=13208, stack(0x000000ad6a900000,0x000000ad6aa00000) (1024K)]
  0x00000299705de770 JavaThread "Start Level: Equinox Container: 955a73dd-16cc-455f-aded-4c2ba260b187" daemon [_thread_blocked, id=6640, stack(0x000000ad6aa00000,0x000000ad6ab00000) (1024K)]
  0x00000299762421c0 JavaThread "Bundle File Closer"         daemon [_thread_blocked, id=13992, stack(0x000000ad6ae00000,0x000000ad6af00000) (1024K)]
  0x00000299762414a0 JavaThread "SCR Component Actor"        daemon [_thread_blocked, id=3036, stack(0x000000ad6af00000,0x000000ad6b000000) (1024K)]
  0x00000299762400f0 JavaThread "Worker-JM"                         [_thread_blocked, id=18020, stack(0x000000ad6b200000,0x000000ad6b300000) (1024K)]
  0x0000029976242ee0 JavaThread "Worker-0"                          [_thread_blocked, id=11560, stack(0x000000ad6b400000,0x000000ad6b500000) (1024K)]
  0x0000029976242850 JavaThread "Worker-1"                          [_thread_blocked, id=9356, stack(0x000000ad6b500000,0x000000ad6b600000) (1024K)]
  0x000002997623fa60 JavaThread "Java indexing"              daemon [_thread_blocked, id=14920, stack(0x000000ad6b600000,0x000000ad6b700000) (1024K)]
  0x0000029976240e10 JavaThread "JNA Cleaner"                daemon [_thread_blocked, id=18720, stack(0x000000ad6b700000,0x000000ad6b800000) (1024K)]
  0x00000299765c05c0 JavaThread "Worker-2"                          [_thread_blocked, id=18968, stack(0x000000ad6bb00000,0x000000ad6bc00000) (1024K)]
  0x00000299765c12e0 JavaThread "Worker-3"                          [_thread_blocked, id=3664, stack(0x000000ad6bc00000,0x000000ad6bd00000) (1024K)]
  0x00000299765c2690 JavaThread "Thread-2"                   daemon [_thread_in_native, id=15596, stack(0x000000ad6bd00000,0x000000ad6be00000) (1024K)]
  0x00000299765c1970 JavaThread "Thread-3"                   daemon [_thread_in_native, id=10260, stack(0x000000ad6be00000,0x000000ad6bf00000) (1024K)]
  0x00000299765c0c50 JavaThread "Thread-4"                   daemon [_thread_in_native, id=15924, stack(0x000000ad6bf00000,0x000000ad6c000000) (1024K)]
  0x00000299765c2000 JavaThread "Thread-5"                   daemon [_thread_in_native, id=9512, stack(0x000000ad6c000000,0x000000ad6c100000) (1024K)]
  0x00000299765c2d20 JavaThread "Thread-6"                   daemon [_thread_in_native, id=12728, stack(0x000000ad6c100000,0x000000ad6c200000) (1024K)]
  0x00000299765c5b10 JavaThread "Thread-7"                   daemon [_thread_in_native, id=10844, stack(0x000000ad6c200000,0x000000ad6c300000) (1024K)]
  0x00000299765c33b0 JavaThread "Thread-8"                   daemon [_thread_in_native, id=18876, stack(0x000000ad6c300000,0x000000ad6c400000) (1024K)]
  0x00000299765c61a0 JavaThread "Thread-9"                   daemon [_thread_in_native, id=19060, stack(0x000000ad6c400000,0x000000ad6c500000) (1024K)]
  0x00000299765c6ec0 JavaThread "Thread-10"                  daemon [_thread_in_native, id=18504, stack(0x000000ad6c500000,0x000000ad6c600000) (1024K)]
  0x00000299765c4760 JavaThread "Thread-11"                  daemon [_thread_in_native, id=15252, stack(0x000000ad6c600000,0x000000ad6c700000) (1024K)]
  0x00000299765c4df0 JavaThread "Thread-12"                  daemon [_thread_in_native, id=11632, stack(0x000000ad6c700000,0x000000ad6c800000) (1024K)]
  0x00000299765c40d0 JavaThread "Thread-13"                  daemon [_thread_in_native, id=19440, stack(0x000000ad6c800000,0x000000ad6c900000) (1024K)]
  0x00000299765c6830 JavaThread "Thread-14"                  daemon [_thread_in_native, id=17772, stack(0x000000ad6c900000,0x000000ad6ca00000) (1024K)]
  0x00000299765c5480 JavaThread "Thread-15"                  daemon [_thread_in_native, id=16636, stack(0x000000ad6ca00000,0x000000ad6cb00000) (1024K)]
  0x00000299765c3a40 JavaThread "Thread-16"                  daemon [_thread_in_native, id=14488, stack(0x000000ad6cb00000,0x000000ad6cc00000) (1024K)]
  0x00000299765c7550 JavaThread "Thread-17"                  daemon [_thread_in_native, id=3100, stack(0x000000ad6cc00000,0x000000ad6cd00000) (1024K)]
  0x00000299765c7be0 JavaThread "Thread-18"                  daemon [_thread_in_native, id=5484, stack(0x000000ad6cd00000,0x000000ad6ce00000) (1024K)]
  0x0000029977a212b0 JavaThread "pool-2-thread-1"                   [_thread_blocked, id=17708, stack(0x000000ad6ce00000,0x000000ad6cf00000) (1024K)]
  0x0000029977a20c20 JavaThread "WorkspaceEventsHandler"            [_thread_blocked, id=14172, stack(0x000000ad6cf00000,0x000000ad6d000000) (1024K)]
  0x0000029977a21fd0 JavaThread "pool-1-thread-1"                   [_thread_blocked, id=16236, stack(0x000000ad6d000000,0x000000ad6d100000) (1024K)]
  0x0000029977a21940 JavaThread "Worker-4: Initialize Workspace"        [_thread_blocked, id=2052, stack(0x000000ad6d400000,0x000000ad6d500000) (1024K)]
  0x0000029977a1f1e0 JavaThread "Timer-0"                           [_thread_blocked, id=18476, stack(0x000000ad6d300000,0x000000ad6d400000) (1024K)]
  0x0000029977a22cf0 JavaThread "Timer-1"                           [_thread_blocked, id=18596, stack(0x000000ad6d200000,0x000000ad6d300000) (1024K)]
  0x0000029977a20590 JavaThread "Timer-2"                           [_thread_blocked, id=13200, stack(0x000000ad6d500000,0x000000ad6d600000) (1024K)]
  0x0000029977a240a0 JavaThread "LocalFile Deleter"          daemon [_thread_blocked, id=1276, stack(0x000000ad6d600000,0x000000ad6d700000) (1024K)]
  0x0000029977a26170 JavaThread "LocalFile Deleter"          daemon [_thread_blocked, id=11884, stack(0x000000ad6d700000,0x000000ad6d800000) (1024K)]
  0x0000029977a24dc0 JavaThread "LocalFile Deleter"          daemon [_thread_blocked, id=8416, stack(0x000000ad6d800000,0x000000ad6d900000) (1024K)]
  0x0000029977a24730 JavaThread "Timer-3"                           [_thread_blocked, id=13988, stack(0x000000ad6d900000,0x000000ad6da00000) (1024K)]
  0x0000029977a25450 JavaThread "Timer-4"                           [_thread_blocked, id=19448, stack(0x000000ad6da00000,0x000000ad6db00000) (1024K)]
=>0x0000029977a25ae0 JavaThread "Connection worker"                 [_thread_in_native, id=3652, stack(0x000000ad6db00000,0x000000ad6dc00000) (1024K)]
  0x0000029977a26800 JavaThread "pool-3-thread-1"                   [_thread_blocked, id=17504, stack(0x000000ad6a500000,0x000000ad6a600000) (1024K)]
  0x000002997848ae70 JavaThread "Exec process"                      [_thread_blocked, id=18752, stack(0x000000ad6d100000,0x000000ad6d200000) (1024K)]
  0x0000029978488080 JavaThread "Exec process Thread 2"             [_thread_blocked, id=7256, stack(0x000000ad6dc00000,0x000000ad6dd00000) (1024K)]
  0x000002997848b500 JavaThread "Exec process Thread 3"             [_thread_blocked, id=10948, stack(0x000000ad6dd00000,0x000000ad6de00000) (1024K)]
Total: 59

Other Threads:
  0x00000299182417a0 VMThread "VM Thread"                           [id=9500, stack(0x000000ad67d00000,0x000000ad67e00000) (1024K)]
  0x000002992c46ba00 WatcherThread "VM Periodic Task Thread"        [id=10088, stack(0x000000ad67c00000,0x000000ad67d00000) (1024K)]
  0x00000299181bf4f0 WorkerThread "GC Thread#0"                     [id=9884, stack(0x000000ad67b00000,0x000000ad67c00000) (1024K)]
  0x0000029975615d10 WorkerThread "GC Thread#1"                     [id=13048, stack(0x000000ad69e00000,0x000000ad69f00000) (1024K)]
  0x00000299756160b0 WorkerThread "GC Thread#2"                     [id=2964, stack(0x000000ad69f00000,0x000000ad6a000000) (1024K)]
  0x0000029975616450 WorkerThread "GC Thread#3"                     [id=18796, stack(0x000000ad6a000000,0x000000ad6a100000) (1024K)]
  0x0000029970ad04a0 WorkerThread "GC Thread#4"                     [id=11140, stack(0x000000ad6a100000,0x000000ad6a200000) (1024K)]
  0x0000029970ad0840 WorkerThread "GC Thread#5"                     [id=15640, stack(0x000000ad6a200000,0x000000ad6a300000) (1024K)]
  0x0000029975520040 WorkerThread "GC Thread#6"                     [id=14216, stack(0x000000ad6a300000,0x000000ad6a400000) (1024K)]
  0x0000029970a710d0 WorkerThread "GC Thread#7"                     [id=18512, stack(0x000000ad6a700000,0x000000ad6a800000) (1024K)]
  0x0000029970a71810 WorkerThread "GC Thread#8"                     [id=2420, stack(0x000000ad6ab00000,0x000000ad6ac00000) (1024K)]
  0x0000029970a71bb0 WorkerThread "GC Thread#9"                     [id=12048, stack(0x000000ad6ac00000,0x000000ad6ad00000) (1024K)]
  0x0000029975ded140 WorkerThread "GC Thread#10"                    [id=10008, stack(0x000000ad6ad00000,0x000000ad6ae00000) (1024K)]
  0x0000029975deb440 WorkerThread "GC Thread#11"                    [id=10860, stack(0x000000ad6b100000,0x000000ad6b200000) (1024K)]
  0x0000029975dec660 WorkerThread "GC Thread#12"                    [id=8144, stack(0x000000ad6b300000,0x000000ad6b400000) (1024K)]
Total: 15

Threads with active compile tasks:
C2 CompilerThread0  7084 7734       4       java.io.DataInputStream::readInt (19 bytes)
Total: 1

VM state: not at safepoint (normal execution)

VM Mutex/Monitor currently owned by a thread: None

Heap address: 0x00000000c0000000, size: 1024 MB, Compressed Oops mode: 32-bit

CDS archive(s) mapped at: [0x000002992d000000-0x000002992dba0000-0x000002992dba0000), size 12189696, SharedBaseAddress: 0x000002992d000000, ArchiveRelocationMode: 1.
Compressed class space mapped at: 0x000002992e000000-0x000002996e000000, reserved size: 1073741824
Narrow klass base: 0x000002992d000000, Narrow klass shift: 0, Narrow klass range: 0x100000000

GC Precious Log:
 CardTable entry size: 512
 CPUs: 16 total, 16 available
 Memory: 16096M
 Large Page Support: Disabled
 NUMA Support: Disabled
 Compressed Oops: Enabled (32-bit)
 Alignments: Space 512K, Generation 512K, Heap 2M
 Heap Min Capacity: 100M
 Heap Initial Capacity: 100M
 Heap Max Capacity: 1G
 Pre-touch: Disabled
 Parallel Workers: 13

Heap:
 PSYoungGen      total 16384K, used 2119K [0x00000000eab00000, 0x00000000ebc00000, 0x0000000100000000)
  eden space 15360K, 9% used [0x00000000eab00000,0x00000000eac71d90,0x00000000eba00000)
  from space 1024K, 62% used [0x00000000eba00000,0x00000000ebaa0000,0x00000000ebb00000)
  to   space 1024K, 0% used [0x00000000ebb00000,0x00000000ebb00000,0x00000000ebc00000)
 ParOldGen       total 68608K, used 41536K [0x00000000c0000000, 0x00000000c4300000, 0x00000000eab00000)
  object space 68608K, 60% used [0x00000000c0000000,0x00000000c2890268,0x00000000c4300000)
 Metaspace       used 62336K, committed 63744K, reserved 1114112K
  class space    used 7719K, committed 8384K, reserved 1048576K

Card table byte_map: [0x0000029917b40000,0x0000029917d50000] _byte_map_base: 0x0000029917540000

Marking Bits: (ParMarkBitMap*) 0x00007ff86ccf31f0
 Begin Bits: [0x000002992a390000, 0x000002992b390000)
 End Bits:   [0x000002992b390000, 0x000002992c390000)

Polling page: 0x0000029915fe0000

Metaspace:

Usage:
  Non-class:     53.34 MB used.
      Class:      7.54 MB used.
       Both:     60.88 MB used.

Virtual space:
  Non-class space:       64.00 MB reserved,      54.06 MB ( 84%) committed,  1 nodes.
      Class space:        1.00 GB reserved,       8.19 MB ( <1%) committed,  1 nodes.
             Both:        1.06 GB reserved,      62.25 MB (  6%) committed. 

Chunk freelists:
   Non-Class:  9.95 MB
       Class:  7.86 MB
        Both:  17.81 MB

MaxMetaspaceSize: unlimited
CompressedClassSpaceSize: 1.00 GB
Initial GC threshold: 21.00 MB
Current GC threshold: 97.31 MB
CDS: on
 - commit_granule_bytes: 65536.
 - commit_granule_words: 8192.
 - virtual_space_node_default_size: 8388608.
 - enlarge_chunks_in_place: 1.
 - use_allocation_guard: 0.


Internal statistics:

num_allocs_failed_limit: 9.
num_arena_births: 1136.
num_arena_deaths: 14.
num_vsnodes_births: 2.
num_vsnodes_deaths: 0.
num_space_committed: 996.
num_space_uncommitted: 0.
num_chunks_returned_to_freelist: 23.
num_chunks_taken_from_freelist: 3739.
num_chunk_merges: 12.
num_chunk_splits: 2499.
num_chunks_enlarged: 1652.
num_inconsistent_stats: 0.

CodeHeap 'non-profiled nmethods': size=119168Kb used=4790Kb max_used=4790Kb free=114377Kb
 bounds [0x0000029922f30000, 0x00000299233e0000, 0x000002992a390000]
CodeHeap 'profiled nmethods': size=119104Kb used=13954Kb max_used=14262Kb free=105149Kb
 bounds [0x000002991b390000, 0x000002991c180000, 0x00000299227e0000]
CodeHeap 'non-nmethods': size=7488Kb used=1951Kb max_used=3168Kb free=5536Kb
 bounds [0x00000299227e0000, 0x0000029922b00000, 0x0000029922f30000]
 total_blobs=7622 nmethods=6934 adapters=593
 compilation: enabled
              stopped_count=0, restarted_count=0
 full_count=0

Compilation events (20 events):
Event: 7.022 Thread 0x000002996eb571a0 nmethod 7742 0x000002991bd64590 code [0x000002991bd647c0, 0x000002991bd65000]
Event: 7.022 Thread 0x000002996eb571a0 7744       3       java.security.Provider::check (18 bytes)
Event: 7.022 Thread 0x000002996eb571a0 nmethod 7744 0x000002991bc90810 code [0x000002991bc909e0, 0x000002991bc90d40]
Event: 7.022 Thread 0x000002996eb571a0 7745       3       java.security.Provider::implRemoveService (149 bytes)
Event: 7.022 Thread 0x000002996eb571a0 nmethod 7745 0x000002991bc8f510 code [0x000002991bc8f7c0, 0x000002991bc90440]
Event: 7.022 Thread 0x000002996ec4e2e0 nmethod 7746 0x000002991bb4e810 code [0x000002991bb4ed00, 0x000002991bb51030]
Event: 7.022 Thread 0x000002996ec4e2e0 7747       3       java.security.Provider::checkAndUpdateSecureRandom (88 bytes)
Event: 7.023 Thread 0x000002996ec4e2e0 nmethod 7747 0x000002991bb4e110 code [0x000002991bb4e2e0, 0x000002991bb4e680]
Event: 7.029 Thread 0x000002996eb571a0 7748       3       java.util.HashMap::computeIfAbsent (330 bytes)
Event: 7.029 Thread 0x000002996ec4e2e0 7750       3       sun.security.util.SecurityProviderConstants::getAliases (63 bytes)
Event: 7.029 Thread 0x000002996ec4e2e0 nmethod 7750 0x000002991bb4d310 code [0x000002991bb4d580, 0x000002991bb4de20]
Event: 7.029 Thread 0x000002996eb571a0 nmethod 7748 0x000002991b997310 code [0x000002991b997640, 0x000002991b998bb8]
Event: 7.033 Thread 0x000002996eb571a0 7751       1       java.nio.DirectByteBuffer::attachment (5 bytes)
Event: 7.033 Thread 0x000002996eb571a0 nmethod 7751 0x00000299233d7c90 code [0x00000299233d7e20, 0x00000299233d7ee8]
Event: 7.037 Thread 0x000002996eb571a0 7752       3       java.security.MessageDigest::update (11 bytes)
Event: 7.037 Thread 0x000002996ec4e2e0 7753       3       java.security.MessageDigest$Delegate::engineUpdate (9 bytes)
Event: 7.037 Thread 0x000002996eb571a0 nmethod 7752 0x000002991bb4cc90 code [0x000002991bb4ce40, 0x000002991bb4d100]
Event: 7.037 Thread 0x000002996ec4e2e0 nmethod 7753 0x000002991bc8f090 code [0x000002991bc8f240, 0x000002991bc8f418]
Event: 7.037 Thread 0x000002996eb571a0 7754       3       sun.security.provider.DigestBase::engineUpdate (32 bytes)
Event: 7.037 Thread 0x000002996eb571a0 nmethod 7754 0x000002991b996e10 code [0x000002991b996fc0, 0x000002991b997228]

GC Heap History (20 events):
Event: 5.214 GC heap before
{Heap before GC invocations=41 (full 3):
 PSYoungGen      total 16384K, used 16383K [0x00000000eab00000, 0x00000000ebe00000, 0x0000000100000000)
  eden space 15360K, 100% used [0x00000000eab00000,0x00000000eba00000,0x00000000eba00000)
  from space 1024K, 99% used [0x00000000ebc00000,0x00000000ebcffd40,0x00000000ebd00000)
  to   space 1024K, 0% used [0x00000000ebd00000,0x00000000ebd00000,0x00000000ebe00000)
 ParOldGen       total 68608K, used 39225K [0x00000000c0000000, 0x00000000c4300000, 0x00000000eab00000)
  object space 68608K, 57% used [0x00000000c0000000,0x00000000c264e6d0,0x00000000c4300000)
 Metaspace       used 58724K, committed 59904K, reserved 1114112K
  class space    used 7201K, committed 7744K, reserved 1048576K
}
Event: 5.214 GC heap after
{Heap after GC invocations=41 (full 3):
 PSYoungGen      total 16384K, used 1001K [0x00000000eab00000, 0x00000000ebe00000, 0x0000000100000000)
  eden space 15360K, 0% used [0x00000000eab00000,0x00000000eab00000,0x00000000eba00000)
  from space 1024K, 97% used [0x00000000ebd00000,0x00000000ebdfa688,0x00000000ebe00000)
  to   space 1536K, 0% used [0x00000000ebb00000,0x00000000ebb00000,0x00000000ebc80000)
 ParOldGen       total 68608K, used 39372K [0x00000000c0000000, 0x00000000c4300000, 0x00000000eab00000)
  object space 68608K, 57% used [0x00000000c0000000,0x00000000c2673030,0x00000000c4300000)
 Metaspace       used 58724K, committed 59904K, reserved 1114112K
  class space    used 7201K, committed 7744K, reserved 1048576K
}
Event: 5.268 GC heap before
{Heap before GC invocations=42 (full 3):
 PSYoungGen      total 16384K, used 16361K [0x00000000eab00000, 0x00000000ebe00000, 0x0000000100000000)
  eden space 15360K, 100% used [0x00000000eab00000,0x00000000eba00000,0x00000000eba00000)
  from space 1024K, 97% used [0x00000000ebd00000,0x00000000ebdfa688,0x00000000ebe00000)
  to   space 1536K, 0% used [0x00000000ebb00000,0x00000000ebb00000,0x00000000ebc80000)
 ParOldGen       total 68608K, used 39372K [0x00000000c0000000, 0x00000000c4300000, 0x00000000eab00000)
  object space 68608K, 57% used [0x00000000c0000000,0x00000000c2673030,0x00000000c4300000)
 Metaspace       used 58727K, committed 59904K, reserved 1114112K
  class space    used 7201K, committed 7744K, reserved 1048576K
}
Event: 5.268 GC heap after
{Heap after GC invocations=42 (full 3):
 PSYoungGen      total 16896K, used 546K [0x00000000eab00000, 0x00000000ebd80000, 0x0000000100000000)
  eden space 15360K, 0% used [0x00000000eab00000,0x00000000eab00000,0x00000000eba00000)
  from space 1536K, 35% used [0x00000000ebb00000,0x00000000ebb888c8,0x00000000ebc80000)
  to   space 1024K, 0% used [0x00000000ebc80000,0x00000000ebc80000,0x00000000ebd80000)
 ParOldGen       total 68608K, used 39428K [0x00000000c0000000, 0x00000000c4300000, 0x00000000eab00000)
  object space 68608K, 57% used [0x00000000c0000000,0x00000000c2681030,0x00000000c4300000)
 Metaspace       used 58727K, committed 59904K, reserved 1114112K
  class space    used 7201K, committed 7744K, reserved 1048576K
}
Event: 5.317 GC heap before
{Heap before GC invocations=43 (full 3):
 PSYoungGen      total 16896K, used 15906K [0x00000000eab00000, 0x00000000ebd80000, 0x0000000100000000)
  eden space 15360K, 100% used [0x00000000eab00000,0x00000000eba00000,0x00000000eba00000)
  from space 1536K, 35% used [0x00000000ebb00000,0x00000000ebb888c8,0x00000000ebc80000)
  to   space 1024K, 0% used [0x00000000ebc80000,0x00000000ebc80000,0x00000000ebd80000)
 ParOldGen       total 68608K, used 39428K [0x00000000c0000000, 0x00000000c4300000, 0x00000000eab00000)
  object space 68608K, 57% used [0x00000000c0000000,0x00000000c2681030,0x00000000c4300000)
 Metaspace       used 58727K, committed 59904K, reserved 1114112K
  class space    used 7201K, committed 7744K, reserved 1048576K
}
Event: 5.317 GC heap after
{Heap after GC invocations=43 (full 3):
 PSYoungGen      total 16384K, used 1018K [0x00000000eab00000, 0x00000000ebd80000, 0x0000000100000000)
  eden space 15360K, 0% used [0x00000000eab00000,0x00000000eab00000,0x00000000eba00000)
  from space 1024K, 99% used [0x00000000ebc80000,0x00000000ebd7e848,0x00000000ebd80000)
  to   space 1536K, 0% used [0x00000000eba80000,0x00000000eba80000,0x00000000ebc00000)
 ParOldGen       total 68608K, used 39569K [0x00000000c0000000, 0x00000000c4300000, 0x00000000eab00000)
  object space 68608K, 57% used [0x00000000c0000000,0x00000000c26a45a8,0x00000000c4300000)
 Metaspace       used 58727K, committed 59904K, reserved 1114112K
  class space    used 7201K, committed 7744K, reserved 1048576K
}
Event: 5.369 GC heap before
{Heap before GC invocations=44 (full 3):
 PSYoungGen      total 16384K, used 16378K [0x00000000eab00000, 0x00000000ebd80000, 0x0000000100000000)
  eden space 15360K, 100% used [0x00000000eab00000,0x00000000eba00000,0x00000000eba00000)
  from space 1024K, 99% used [0x00000000ebc80000,0x00000000ebd7e848,0x00000000ebd80000)
  to   space 1536K, 0% used [0x00000000eba80000,0x00000000eba80000,0x00000000ebc00000)
 ParOldGen       total 68608K, used 39569K [0x00000000c0000000, 0x00000000c4300000, 0x00000000eab00000)
  object space 68608K, 57% used [0x00000000c0000000,0x00000000c26a45a8,0x00000000c4300000)
 Metaspace       used 58735K, committed 59968K, reserved 1114112K
  class space    used 7201K, committed 7744K, reserved 1048576K
}
Event: 5.370 GC heap after
{Heap after GC invocations=44 (full 3):
 PSYoungGen      total 16896K, used 882K [0x00000000eab00000, 0x00000000ebd00000, 0x0000000100000000)
  eden space 15360K, 0% used [0x00000000eab00000,0x00000000eab00000,0x00000000eba00000)
  from space 1536K, 57% used [0x00000000eba80000,0x00000000ebb5c9d8,0x00000000ebc00000)
  to   space 1024K, 0% used [0x00000000ebc00000,0x00000000ebc00000,0x00000000ebd00000)
 ParOldGen       total 68608K, used 39657K [0x00000000c0000000, 0x00000000c4300000, 0x00000000eab00000)
  object space 68608K, 57% used [0x00000000c0000000,0x00000000c26ba5b8,0x00000000c4300000)
 Metaspace       used 58735K, committed 59968K, reserved 1114112K
  class space    used 7201K, committed 7744K, reserved 1048576K
}
Event: 5.424 GC heap before
{Heap before GC invocations=45 (full 3):
 PSYoungGen      total 16896K, used 16242K [0x00000000eab00000, 0x00000000ebd00000, 0x0000000100000000)
  eden space 15360K, 100% used [0x00000000eab00000,0x00000000eba00000,0x00000000eba00000)
  from space 1536K, 57% used [0x00000000eba80000,0x00000000ebb5c9d8,0x00000000ebc00000)
  to   space 1024K, 0% used [0x00000000ebc00000,0x00000000ebc00000,0x00000000ebd00000)
 ParOldGen       total 68608K, used 39657K [0x00000000c0000000, 0x00000000c4300000, 0x00000000eab00000)
  object space 68608K, 57% used [0x00000000c0000000,0x00000000c26ba5b8,0x00000000c4300000)
 Metaspace       used 58736K, committed 59968K, reserved 1114112K
  class space    used 7201K, committed 7744K, reserved 1048576K
}
Event: 5.425 GC heap after
{Heap after GC invocations=45 (full 3):
 PSYoungGen      total 15872K, used 429K [0x00000000eab00000, 0x00000000ebc80000, 0x0000000100000000)
  eden space 15360K, 0% used [0x00000000eab00000,0x00000000eab00000,0x00000000eba00000)
  from space 512K, 83% used [0x00000000ebc00000,0x00000000ebc6b420,0x00000000ebc80000)
  to   space 1024K, 0% used [0x00000000eba80000,0x00000000eba80000,0x00000000ebb80000)
 ParOldGen       total 68608K, used 39713K [0x00000000c0000000, 0x00000000c4300000, 0x00000000eab00000)
  object space 68608K, 57% used [0x00000000c0000000,0x00000000c26c85b8,0x00000000c4300000)
 Metaspace       used 58736K, committed 59968K, reserved 1114112K
  class space    used 7201K, committed 7744K, reserved 1048576K
}
Event: 5.475 GC heap before
{Heap before GC invocations=46 (full 3):
 PSYoungGen      total 15872K, used 15789K [0x00000000eab00000, 0x00000000ebc80000, 0x0000000100000000)
  eden space 15360K, 100% used [0x00000000eab00000,0x00000000eba00000,0x00000000eba00000)
  from space 512K, 83% used [0x00000000ebc00000,0x00000000ebc6b420,0x00000000ebc80000)
  to   space 1024K, 0% used [0x00000000eba80000,0x00000000eba80000,0x00000000ebb80000)
 ParOldGen       total 68608K, used 39713K [0x00000000c0000000, 0x00000000c4300000, 0x00000000eab00000)
  object space 68608K, 57% used [0x00000000c0000000,0x00000000c26c85b8,0x00000000c4300000)
 Metaspace       used 58736K, committed 59968K, reserved 1114112K
  class space    used 7201K, committed 7744K, reserved 1048576K
}
Event: 5.476 GC heap after
{Heap after GC invocations=46 (full 3):
 PSYoungGen      total 16384K, used 1017K [0x00000000eab00000, 0x00000000ebd00000, 0x0000000100000000)
  eden space 15360K, 0% used [0x00000000eab00000,0x00000000eab00000,0x00000000eba00000)
  from space 1024K, 99% used [0x00000000eba80000,0x00000000ebb7e588,0x00000000ebb80000)
  to   space 1536K, 0% used [0x00000000ebb80000,0x00000000ebb80000,0x00000000ebd00000)
 ParOldGen       total 68608K, used 39868K [0x00000000c0000000, 0x00000000c4300000, 0x00000000eab00000)
  object space 68608K, 58% used [0x00000000c0000000,0x00000000c26ef028,0x00000000c4300000)
 Metaspace       used 58736K, committed 59968K, reserved 1114112K
  class space    used 7201K, committed 7744K, reserved 1048576K
}
Event: 5.527 GC heap before
{Heap before GC invocations=47 (full 3):
 PSYoungGen      total 16384K, used 16377K [0x00000000eab00000, 0x00000000ebd00000, 0x0000000100000000)
  eden space 15360K, 100% used [0x00000000eab00000,0x00000000eba00000,0x00000000eba00000)
  from space 1024K, 99% used [0x00000000eba80000,0x00000000ebb7e588,0x00000000ebb80000)
  to   space 1536K, 0% used [0x00000000ebb80000,0x00000000ebb80000,0x00000000ebd00000)
 ParOldGen       total 68608K, used 39868K [0x00000000c0000000, 0x00000000c4300000, 0x00000000eab00000)
  object space 68608K, 58% used [0x00000000c0000000,0x00000000c26ef028,0x00000000c4300000)
 Metaspace       used 58736K, committed 59968K, reserved 1114112K
  class space    used 7201K, committed 7744K, reserved 1048576K
}
Event: 5.527 GC heap after
{Heap after GC invocations=47 (full 3):
 PSYoungGen      total 16896K, used 965K [0x00000000eab00000, 0x00000000ebd00000, 0x0000000100000000)
  eden space 15360K, 0% used [0x00000000eab00000,0x00000000eab00000,0x00000000eba00000)
  from space 1536K, 62% used [0x00000000ebb80000,0x00000000ebc71558,0x00000000ebd00000)
  to   space 1536K, 0% used [0x00000000eba00000,0x00000000eba00000,0x00000000ebb80000)
 ParOldGen       total 68608K, used 39948K [0x00000000c0000000, 0x00000000c4300000, 0x00000000eab00000)
  object space 68608K, 58% used [0x00000000c0000000,0x00000000c2703028,0x00000000c4300000)
 Metaspace       used 58736K, committed 59968K, reserved 1114112K
  class space    used 7201K, committed 7744K, reserved 1048576K
}
Event: 5.583 GC heap before
{Heap before GC invocations=48 (full 3):
 PSYoungGen      total 16896K, used 16325K [0x00000000eab00000, 0x00000000ebd00000, 0x0000000100000000)
  eden space 15360K, 100% used [0x00000000eab00000,0x00000000eba00000,0x00000000eba00000)
  from space 1536K, 62% used [0x00000000ebb80000,0x00000000ebc71558,0x00000000ebd00000)
  to   space 1536K, 0% used [0x00000000eba00000,0x00000000eba00000,0x00000000ebb80000)
 ParOldGen       total 68608K, used 39948K [0x00000000c0000000, 0x00000000c4300000, 0x00000000eab00000)
  object space 68608K, 58% used [0x00000000c0000000,0x00000000c2703028,0x00000000c4300000)
 Metaspace       used 58906K, committed 60160K, reserved 1114112K
  class space    used 7231K, committed 7808K, reserved 1048576K
}
Event: 5.583 GC heap after
{Heap after GC invocations=48 (full 3):
 PSYoungGen      total 15872K, used 384K [0x00000000eab00000, 0x00000000ebc00000, 0x0000000100000000)
  eden space 15360K, 0% used [0x00000000eab00000,0x00000000eab00000,0x00000000eba00000)
  from space 512K, 75% used [0x00000000eba00000,0x00000000eba60000,0x00000000eba80000)
  to   space 1024K, 0% used [0x00000000ebb00000,0x00000000ebb00000,0x00000000ebc00000)
 ParOldGen       total 68608K, used 40044K [0x00000000c0000000, 0x00000000c4300000, 0x00000000eab00000)
  object space 68608K, 58% used [0x00000000c0000000,0x00000000c271b038,0x00000000c4300000)
 Metaspace       used 58906K, committed 60160K, reserved 1114112K
  class space    used 7231K, committed 7808K, reserved 1048576K
}
Event: 5.704 GC heap before
{Heap before GC invocations=49 (full 3):
 PSYoungGen      total 15872K, used 15744K [0x00000000eab00000, 0x00000000ebc00000, 0x0000000100000000)
  eden space 15360K, 100% used [0x00000000eab00000,0x00000000eba00000,0x00000000eba00000)
  from space 512K, 75% used [0x00000000eba00000,0x00000000eba60000,0x00000000eba80000)
  to   space 1024K, 0% used [0x00000000ebb00000,0x00000000ebb00000,0x00000000ebc00000)
 ParOldGen       total 68608K, used 40044K [0x00000000c0000000, 0x00000000c4300000, 0x00000000eab00000)
  object space 68608K, 58% used [0x00000000c0000000,0x00000000c271b038,0x00000000c4300000)
 Metaspace       used 60620K, committed 62016K, reserved 1114112K
  class space    used 7499K, committed 8128K, reserved 1048576K
}
Event: 5.705 GC heap after
{Heap after GC invocations=49 (full 3):
 PSYoungGen      total 16384K, used 800K [0x00000000eab00000, 0x00000000ebc00000, 0x0000000100000000)
  eden space 15360K, 0% used [0x00000000eab00000,0x00000000eab00000,0x00000000eba00000)
  from space 1024K, 78% used [0x00000000ebb00000,0x00000000ebbc8010,0x00000000ebc00000)
  to   space 1024K, 0% used [0x00000000eba00000,0x00000000eba00000,0x00000000ebb00000)
 ParOldGen       total 68608K, used 40148K [0x00000000c0000000, 0x00000000c4300000, 0x00000000eab00000)
  object space 68608K, 58% used [0x00000000c0000000,0x00000000c2735038,0x00000000c4300000)
 Metaspace       used 60620K, committed 62016K, reserved 1114112K
  class space    used 7499K, committed 8128K, reserved 1048576K
}
Event: 7.019 GC heap before
{Heap before GC invocations=50 (full 3):
 PSYoungGen      total 16384K, used 16160K [0x00000000eab00000, 0x00000000ebc00000, 0x0000000100000000)
  eden space 15360K, 100% used [0x00000000eab00000,0x00000000eba00000,0x00000000eba00000)
  from space 1024K, 78% used [0x00000000ebb00000,0x00000000ebbc8010,0x00000000ebc00000)
  to   space 1024K, 0% used [0x00000000eba00000,0x00000000eba00000,0x00000000ebb00000)
 ParOldGen       total 68608K, used 40148K [0x00000000c0000000, 0x00000000c4300000, 0x00000000eab00000)
  object space 68608K, 58% used [0x00000000c0000000,0x00000000c2735038,0x00000000c4300000)
 Metaspace       used 62130K, committed 63488K, reserved 1114112K
  class space    used 7690K, committed 8320K, reserved 1048576K
}
Event: 7.021 GC heap after
{Heap after GC invocations=50 (full 3):
 PSYoungGen      total 16384K, used 640K [0x00000000eab00000, 0x00000000ebc00000, 0x0000000100000000)
  eden space 15360K, 0% used [0x00000000eab00000,0x00000000eab00000,0x00000000eba00000)
  from space 1024K, 62% used [0x00000000eba00000,0x00000000ebaa0000,0x00000000ebb00000)
  to   space 1024K, 0% used [0x00000000ebb00000,0x00000000ebb00000,0x00000000ebc00000)
 ParOldGen       total 68608K, used 41536K [0x00000000c0000000, 0x00000000c4300000, 0x00000000eab00000)
  object space 68608K, 60% used [0x00000000c0000000,0x00000000c2890268,0x00000000c4300000)
 Metaspace       used 62130K, committed 63488K, reserved 1114112K
  class space    used 7690K, committed 8320K, reserved 1048576K
}

Dll operation events (15 events):
Event: 0.006 Loaded shared library c:\Users\admin\.cursor\extensions\redhat.java-1.42.0-win32-x64\jre\21.0.7-win32-x86_64\bin\java.dll
Event: 0.059 Loaded shared library c:\Users\admin\.cursor\extensions\redhat.java-1.42.0-win32-x64\jre\21.0.7-win32-x86_64\bin\zip.dll
Event: 0.070 Loaded shared library C:\Users\admin\.cursor\extensions\redhat.java-1.42.0-win32-x64\jre\21.0.7-win32-x86_64\bin\instrument.dll
Event: 0.073 Loaded shared library C:\Users\admin\.cursor\extensions\redhat.java-1.42.0-win32-x64\jre\21.0.7-win32-x86_64\bin\net.dll
Event: 0.079 Loaded shared library C:\Users\admin\.cursor\extensions\redhat.java-1.42.0-win32-x64\jre\21.0.7-win32-x86_64\bin\nio.dll
Event: 0.081 Loaded shared library C:\Users\admin\.cursor\extensions\redhat.java-1.42.0-win32-x64\jre\21.0.7-win32-x86_64\bin\zip.dll
Event: 0.092 Loaded shared library C:\Users\admin\.cursor\extensions\redhat.java-1.42.0-win32-x64\jre\21.0.7-win32-x86_64\bin\jimage.dll
Event: 0.130 Loaded shared library c:\Users\admin\.cursor\extensions\redhat.java-1.42.0-win32-x64\jre\21.0.7-win32-x86_64\bin\verify.dll
Event: 0.766 Loaded shared library C:\Users\admin\AppData\Roaming\Cursor\User\globalStorage\redhat.java\1.42.0\config_win\org.eclipse.equinox.launcher\org.eclipse.equinox.launcher.win32.win32.x86_64_1.2.1300.v20250331-1702\eclipse_11911.dll
Event: 1.972 Loaded shared library C:\Users\admin\.cursor\extensions\redhat.java-1.42.0-win32-x64\jre\21.0.7-win32-x86_64\bin\management.dll
Event: 1.974 Loaded shared library C:\Users\admin\.cursor\extensions\redhat.java-1.42.0-win32-x64\jre\21.0.7-win32-x86_64\bin\management_ext.dll
Event: 2.116 Loaded shared library C:\Users\admin\AppData\Local\Temp\jna-92668751\jna1289396469659730189.dll
Event: 3.804 Loaded shared library C:\Users\admin\.gradle\native\1def1411415f61bf3af743bc5b6707747c0891f09f0c88961ee8f79bc544acac\windows-amd64\native-platform.dll
Event: 5.606 Loaded shared library C:\Users\admin\.cursor\extensions\redhat.java-1.42.0-win32-x64\jre\21.0.7-win32-x86_64\bin\extnet.dll
Event: 7.032 Loaded shared library C:\Users\admin\.cursor\extensions\redhat.java-1.42.0-win32-x64\jre\21.0.7-win32-x86_64\bin\sunmscapi.dll

Deoptimization events (20 events):
Event: 7.028 Thread 0x0000029977a25ae0 Uncommon trap: trap_request=0xffffff45 fr.pc=0x0000029922fe45ac relative=0x00000000000008ec
Event: 7.028 Thread 0x0000029977a25ae0 Uncommon trap: reason=unstable_if action=reinterpret pc=0x0000029922fe45ac method=java.util.HashMap.computeIfAbsent(Ljava/lang/Object;Ljava/util/function/Function;)Ljava/lang/Object; @ 294 c2
Event: 7.028 Thread 0x0000029977a25ae0 DEOPT PACKING pc=0x0000029922fe45ac sp=0x000000ad6dbfc0e0
Event: 7.028 Thread 0x0000029977a25ae0 DEOPT UNPACKING pc=0x0000029922833aa2 sp=0x000000ad6dbfc088 mode 2
Event: 7.038 Thread 0x0000029977a25ae0 Uncommon trap: trap_request=0xffffff45 fr.pc=0x0000029923284ec4 relative=0x0000000000000b84
Event: 7.038 Thread 0x0000029977a25ae0 Uncommon trap: reason=unstable_if action=reinterpret pc=0x0000029923284ec4 method=sun.nio.fs.WindowsPath.openForReadAttributeAccess(Z)J @ 5 c2
Event: 7.038 Thread 0x0000029977a25ae0 DEOPT PACKING pc=0x0000029923284ec4 sp=0x000000ad6dbfdc60
Event: 7.038 Thread 0x0000029977a25ae0 DEOPT UNPACKING pc=0x0000029922833aa2 sp=0x000000ad6dbfdc38 mode 2
Event: 7.038 Thread 0x0000029977a25ae0 Uncommon trap: trap_request=0xffffff45 fr.pc=0x0000029923289908 relative=0x0000000000000a68
Event: 7.038 Thread 0x0000029977a25ae0 Uncommon trap: reason=unstable_if action=reinterpret pc=0x0000029923289908 method=sun.nio.fs.WindowsNativeDispatcher.asNativeBuffer(Ljava/lang/String;)Lsun/nio/fs/NativeBuffer; @ 52 c2
Event: 7.038 Thread 0x0000029977a25ae0 DEOPT PACKING pc=0x0000029923289908 sp=0x000000ad6dbfdbe0
Event: 7.038 Thread 0x0000029977a25ae0 DEOPT UNPACKING pc=0x0000029922833aa2 sp=0x000000ad6dbfda88 mode 2
Event: 7.038 Thread 0x0000029977a25ae0 Uncommon trap: trap_request=0xffffff45 fr.pc=0x0000029923282eb0 relative=0x0000000000000650
Event: 7.038 Thread 0x0000029977a25ae0 Uncommon trap: reason=unstable_if action=reinterpret pc=0x0000029923282eb0 method=sun.nio.fs.WindowsFileAttributes.isReparsePoint(I)Z @ 5 c2
Event: 7.038 Thread 0x0000029977a25ae0 DEOPT PACKING pc=0x0000029923282eb0 sp=0x000000ad6dbfdc80
Event: 7.038 Thread 0x0000029977a25ae0 DEOPT UNPACKING pc=0x0000029922833aa2 sp=0x000000ad6dbfdba8 mode 2
Event: 7.038 Thread 0x0000029977a25ae0 Uncommon trap: trap_request=0xffffff45 fr.pc=0x000002992326c584 relative=0x00000000000001c4
Event: 7.038 Thread 0x0000029977a25ae0 Uncommon trap: reason=unstable_if action=reinterpret pc=0x000002992326c584 method=sun.nio.fs.NativeBuffers.getNativeBufferFromCache(I)Lsun/nio/fs/NativeBuffer; @ 34 c2
Event: 7.038 Thread 0x0000029977a25ae0 DEOPT PACKING pc=0x000002992326c584 sp=0x000000ad6dbfdb90
Event: 7.038 Thread 0x0000029977a25ae0 DEOPT UNPACKING pc=0x0000029922833aa2 sp=0x000000ad6dbfdb18 mode 2

Classes loaded (20 events):
Event: 7.034 Loading class com/sun/security/sasl/Provider$1
Event: 7.034 Loading class com/sun/security/sasl/Provider$1 done
Event: 7.034 Loading class com/sun/security/sasl/Provider$ProviderService
Event: 7.034 Loading class com/sun/security/sasl/Provider$ProviderService done
Event: 7.034 Loading class sun/security/provider/certpath/ldap/JdkLDAP
Event: 7.034 Loading class sun/security/provider/certpath/ldap/JdkLDAP done
Event: 7.035 Loading class sun/security/provider/certpath/ldap/JdkLDAP$ProviderService
Event: 7.035 Loading class sun/security/provider/certpath/ldap/JdkLDAP$ProviderService done
Event: 7.036 Loading class sun/nio/ch/ServerSocketChannelImpl
Event: 7.036 Loading class sun/nio/ch/ServerSocketChannelImpl done
Event: 7.037 Loading class java/nio/BufferMismatch
Event: 7.037 Loading class java/nio/BufferMismatch done
Event: 7.037 Loading class sun/nio/ch/SourceChannelImpl
Event: 7.038 Loading class java/nio/channels/Pipe$SourceChannel
Event: 7.038 Loading class java/nio/channels/Pipe$SourceChannel done
Event: 7.038 Loading class sun/nio/ch/SourceChannelImpl done
Event: 7.038 Loading class sun/nio/ch/SinkChannelImpl
Event: 7.038 Loading class java/nio/channels/Pipe$SinkChannel
Event: 7.038 Loading class java/nio/channels/Pipe$SinkChannel done
Event: 7.038 Loading class sun/nio/ch/SinkChannelImpl done

Classes unloaded (7 events):
Event: 1.691 Thread 0x00000299182417a0 Unloading class 0x000002992e1a3c00 'java/lang/invoke/LambdaForm$MH+0x000002992e1a3c00'
Event: 1.691 Thread 0x00000299182417a0 Unloading class 0x000002992e1a3800 'java/lang/invoke/LambdaForm$MH+0x000002992e1a3800'
Event: 1.691 Thread 0x00000299182417a0 Unloading class 0x000002992e1a3400 'java/lang/invoke/LambdaForm$MH+0x000002992e1a3400'
Event: 1.691 Thread 0x00000299182417a0 Unloading class 0x000002992e1a3000 'java/lang/invoke/LambdaForm$MH+0x000002992e1a3000'
Event: 1.691 Thread 0x00000299182417a0 Unloading class 0x000002992e1a2c00 'java/lang/invoke/LambdaForm$BMH+0x000002992e1a2c00'
Event: 1.691 Thread 0x00000299182417a0 Unloading class 0x000002992e1a2800 'java/lang/invoke/LambdaForm$DMH+0x000002992e1a2800'
Event: 1.691 Thread 0x00000299182417a0 Unloading class 0x000002992e1a1400 'java/lang/invoke/LambdaForm$DMH+0x000002992e1a1400'

Classes redefined (0 events):
No events

Internal exceptions (20 events):
Event: 5.660 Thread 0x0000029977a25ae0 Exception <a 'java/lang/NoSuchMethodError'{0x00000000eb358868}: 'java.lang.Object java.lang.invoke.DirectMethodHandle$Holder.invokeStatic(java.lang.Object, java.lang.Object, java.lang.Object, java.lang.Object, java.lang.Object, java.lang.Object, java.lang.Object, java.lang.Object, java.lang.Object, java.lang.Object, java.lang.Object, java.lang.Object, java.lang.Object, java.lang.Object, java.lang.Object, java.lang.Object, java.lang.Object)'> (0x00000000eb358868) 
thrown [s\src\hotspot\share\interpreter\lin
Event: 5.661 Thread 0x0000029977a25ae0 Exception <a 'java/lang/NoSuchMethodError'{0x00000000eb385370}: 'java.lang.Object java.lang.invoke.DirectMethodHandle$Holder.invokeStatic(java.lang.Object, java.lang.Object, java.lang.Object, java.lang.Object, java.lang.Object, java.lang.Object, java.lang.Object, java.lang.Object, java.lang.Object, java.lang.Object, java.lang.Object, java.lang.Object, java.lang.Object, java.lang.Object, java.lang.Object, java.lang.Object, java.lang.Object, java.lang.Object)'> (0x00000000eb385370) 
thrown [s\src\hotspot\sha
Event: 5.662 Thread 0x0000029977a25ae0 Exception <a 'java/lang/NoSuchMethodError'{0x00000000eb3b4b68}: 'java.lang.Object java.lang.invoke.DirectMethodHandle$Holder.invokeStatic(java.lang.Object, java.lang.Object, java.lang.Object, java.lang.Object, java.lang.Object, java.lang.Object, java.lang.Object, java.lang.Object, java.lang.Object, java.lang.Object, java.lang.Object, java.lang.Object, java.lang.Object, java.lang.Object, java.lang.Object, java.lang.Object, java.lang.Object, java.lang.Object, java.lang.Object)'> (0x00000000eb3b4b68) 
thrown 
Event: 5.663 Thread 0x0000029977a25ae0 Exception <a 'java/lang/NoSuchMethodError'{0x00000000eb3e3af8}: 'java.lang.Object java.lang.invoke.DirectMethodHandle$Holder.invokeStatic(java.lang.Object, java.lang.Object, java.lang.Object, java.lang.Object, java.lang.Object, java.lang.Object, java.lang.Object, java.lang.Object, java.lang.Object, java.lang.Object, java.lang.Object, java.lang.Object, java.lang.Object, java.lang.Object, java.lang.Object, java.lang.Object, java.lang.Object, java.lang.Object, java.lang.Object, java.lang.Object)'> (0x00000000
Event: 5.664 Thread 0x0000029977a25ae0 Exception <a 'java/lang/NoSuchMethodError'{0x00000000eb414428}: 'java.lang.Object java.lang.invoke.DirectMethodHandle$Holder.invokeStatic(java.lang.Object, java.lang.Object, java.lang.Object, java.lang.Object, java.lang.Object, java.lang.Object, java.lang.Object, java.lang.Object, java.lang.Object, java.lang.Object, java.lang.Object, java.lang.Object, java.lang.Object, java.lang.Object, java.lang.Object, java.lang.Object, java.lang.Object, java.lang.Object, java.lang.Object, java.lang.Object, java.lang.Obj
Event: 5.664 Thread 0x0000029977a25ae0 Exception <a 'java/lang/NoSuchMethodError'{0x00000000eb444ff0}: 'java.lang.Object java.lang.invoke.DirectMethodHandle$Holder.invokeStatic(java.lang.Object, java.lang.Object, java.lang.Object, java.lang.Object, java.lang.Object, java.lang.Object, java.lang.Object, java.lang.Object, java.lang.Object, java.lang.Object, java.lang.Object, java.lang.Object, java.lang.Object, java.lang.Object, java.lang.Object, java.lang.Object, java.lang.Object, java.lang.Object, java.lang.Object, java.lang.Object, java.lang.Obj
Event: 5.666 Thread 0x0000029977a25ae0 Exception <a 'java/lang/NoSuchMethodError'{0x00000000eb4772f0}: 'java.lang.Object java.lang.invoke.DirectMethodHandle$Holder.invokeStatic(java.lang.Object, java.lang.Object, java.lang.Object, java.lang.Object, java.lang.Object, java.lang.Object, java.lang.Object, java.lang.Object, java.lang.Object, java.lang.Object, java.lang.Object, java.lang.Object, java.lang.Object, java.lang.Object, java.lang.Object, java.lang.Object, java.lang.Object, java.lang.Object, java.lang.Object, java.lang.Object, java.lang.Obj
Event: 5.667 Thread 0x0000029977a25ae0 Exception <a 'java/lang/NoSuchMethodError'{0x00000000eb4a9a50}: 'java.lang.Object java.lang.invoke.DirectMethodHandle$Holder.invokeStatic(java.lang.Object, java.lang.Object, java.lang.Object, java.lang.Object, java.lang.Object, java.lang.Object, java.lang.Object, java.lang.Object, java.lang.Object, java.lang.Object, java.lang.Object, java.lang.Object, java.lang.Object, java.lang.Object, java.lang.Object, java.lang.Object, java.lang.Object, java.lang.Object, java.lang.Object, java.lang.Object, java.lang.Obj
Event: 5.668 Thread 0x0000029977a25ae0 Exception <a 'java/lang/NoSuchMethodError'{0x00000000eb4dde70}: 'java.lang.Object java.lang.invoke.DirectMethodHandle$Holder.invokeStatic(java.lang.Object, java.lang.Object, java.lang.Object, java.lang.Object, java.lang.Object, java.lang.Object, java.lang.Object, java.lang.Object, java.lang.Object, java.lang.Object, java.lang.Object, java.lang.Object, java.lang.Object, java.lang.Object, java.lang.Object, java.lang.Object, java.lang.Object, java.lang.Object, java.lang.Object, java.lang.Object, java.lang.Obj
Event: 5.670 Thread 0x0000029977a25ae0 Exception <a 'java/lang/NoSuchMethodError'{0x00000000eb503cb8}: 'java.lang.Object java.lang.invoke.DirectMethodHandle$Holder.invokeSpecial(java.lang.Object, java.lang.Object, java.lang.Object, java.lang.Object, java.lang.Object, java.lang.Object, java.lang.Object, java.lang.Object, java.lang.Object, java.lang.Object, java.lang.Object, java.lang.Object, java.lang.Object, java.lang.Object, java.lang.Object, java.lang.Object, java.lang.Object, java.lang.Object, java.lang.Object, java.lang.Object, java.lang.Ob
Event: 5.671 Thread 0x0000029977a25ae0 Exception <a 'java/lang/NoSuchMethodError'{0x00000000eb5194a0}: 'java.lang.Object java.lang.invoke.DirectMethodHandle$Holder.newInvokeSpecial(java.lang.Object, java.lang.Object, java.lang.Object, java.lang.Object, java.lang.Object, java.lang.Object, java.lang.Object, java.lang.Object, java.lang.Object, java.lang.Object, java.lang.Object, java.lang.Object, java.lang.Object, java.lang.Object, java.lang.Object, java.lang.Object, java.lang.Object, java.lang.Object, java.lang.Object, java.lang.Object, java.lang
Event: 5.671 Thread 0x0000029977a25ae0 Exception <a 'java/lang/NoSuchMethodError'{0x00000000eb51f698}: 'java.lang.Object java.lang.invoke.Invokers$Holder.linkToTargetMethod(java.lang.Object, java.lang.Object, java.lang.Object, java.lang.Object, java.lang.Object, java.lang.Object, java.lang.Object, java.lang.Object, java.lang.Object, java.lang.Object, java.lang.Object, java.lang.Object, java.lang.Object, java.lang.Object, java.lang.Object, java.lang.Object, java.lang.Object, java.lang.Object, java.lang.Object, java.lang.Object, java.lang.Object,
Event: 5.671 Thread 0x0000029977a25ae0 Exception <a 'java/lang/NoSuchMethodError'{0x00000000eb524860}: 'java.lang.Object java.lang.invoke.DirectMethodHandle$Holder.invokeVirtual(java.lang.Object, java.lang.Object, java.lang.Object, java.lang.Object, java.lang.Object, java.lang.Object, java.lang.Object, java.lang.Object, java.lang.Object, java.lang.Object)'> (0x00000000eb524860) 
thrown [s\src\hotspot\share\interpreter\linkResolver.cpp, line 773]
Event: 5.681 Thread 0x0000029977a25ae0 Exception <a 'java/lang/NoSuchMethodError'{0x00000000eb6bf798}: 'java.lang.Object java.lang.invoke.DirectMethodHandle$Holder.invokeVirtual(java.lang.Object, java.lang.Object, java.lang.Object, java.lang.Object, java.lang.Object, java.lang.Object, java.lang.Object, java.lang.Object, java.lang.Object)'> (0x00000000eb6bf798) 
thrown [s\src\hotspot\share\interpreter\linkResolver.cpp, line 773]
Event: 5.696 Thread 0x0000029977a25ae0 Exception <a 'java/lang/NoSuchMethodError'{0x00000000eb8ff920}: 'java.lang.Object java.lang.invoke.DirectMethodHandle$Holder.invokeVirtual(java.lang.Object, java.lang.Object, java.lang.Object, java.lang.Object, java.lang.Object, java.lang.Object, java.lang.Object, java.lang.Object)'> (0x00000000eb8ff920) 
thrown [s\src\hotspot\share\interpreter\linkResolver.cpp, line 773]
Event: 5.698 Thread 0x0000029977a25ae0 Exception <a 'java/lang/NoSuchMethodError'{0x00000000eb9769d8}: 'long java.lang.invoke.DirectMethodHandle$Holder.invokeVirtual(java.lang.Object, java.lang.Object)'> (0x00000000eb9769d8) 
thrown [s\src\hotspot\share\interpreter\linkResolver.cpp, line 773]
Event: 5.699 Thread 0x0000029977a25ae0 Exception <a 'java/lang/NoSuchMethodError'{0x00000000eb979dd8}: 'long java.lang.invoke.DelegatingMethodHandle$Holder.reinvoke_L(java.lang.Object, java.lang.Object)'> (0x00000000eb979dd8) 
thrown [s\src\hotspot\share\interpreter\linkResolver.cpp, line 773]
Event: 5.756 Thread 0x000002997848ae70 Exception <a 'java/lang/NoSuchMethodError'{0x00000000eb0ec648}: 'void java.lang.invoke.DirectMethodHandle$Holder.invokeStatic(java.lang.Object, long)'> (0x00000000eb0ec648) 
thrown [s\src\hotspot\share\interpreter\linkResolver.cpp, line 773]
Event: 5.835 Thread 0x000002997848ae70 Exception <a 'java/lang/NoSuchMethodError'{0x00000000eb1104a8}: 'void java.lang.invoke.DirectMethodHandle$Holder.invokeSpecial(java.lang.Object, java.lang.Object, int)'> (0x00000000eb1104a8) 
thrown [s\src\hotspot\share\interpreter\linkResolver.cpp, line 773]
Event: 5.835 Thread 0x000002997848ae70 Exception <a 'java/lang/NoSuchMethodError'{0x00000000eb1158d0}: 'java.lang.Object java.lang.invoke.DirectMethodHandle$Holder.newInvokeSpecial(java.lang.Object, java.lang.Object, int)'> (0x00000000eb1158d0) 
thrown [s\src\hotspot\share\interpreter\linkResolver.cpp, line 773]

ZGC Phase Switch (0 events):
No events

VM Operations (20 events):
Event: 5.424 Executing VM operation: ParallelGCFailedAllocation (Allocation Failure)
Event: 5.425 Executing VM operation: ParallelGCFailedAllocation (Allocation Failure) done
Event: 5.475 Executing VM operation: ParallelGCFailedAllocation (Allocation Failure)
Event: 5.476 Executing VM operation: ParallelGCFailedAllocation (Allocation Failure) done
Event: 5.527 Executing VM operation: ParallelGCFailedAllocation (Allocation Failure)
Event: 5.527 Executing VM operation: ParallelGCFailedAllocation (Allocation Failure) done
Event: 5.583 Executing VM operation: ParallelGCFailedAllocation (Allocation Failure)
Event: 5.583 Executing VM operation: ParallelGCFailedAllocation (Allocation Failure) done
Event: 5.685 Executing VM operation: HandshakeAllThreads (Deoptimize)
Event: 5.685 Executing VM operation: HandshakeAllThreads (Deoptimize) done
Event: 5.704 Executing VM operation: ParallelGCFailedAllocation (Allocation Failure)
Event: 5.705 Executing VM operation: ParallelGCFailedAllocation (Allocation Failure) done
Event: 5.937 Executing VM operation: HandshakeAllThreads (Deoptimize)
Event: 5.937 Executing VM operation: HandshakeAllThreads (Deoptimize) done
Event: 6.938 Executing VM operation: Cleanup
Event: 6.938 Executing VM operation: Cleanup done
Event: 7.016 Executing VM operation: HandshakeAllThreads (Deoptimize)
Event: 7.016 Executing VM operation: HandshakeAllThreads (Deoptimize) done
Event: 7.019 Executing VM operation: ParallelGCFailedAllocation (Allocation Failure)
Event: 7.021 Executing VM operation: ParallelGCFailedAllocation (Allocation Failure) done

Memory protections (0 events):
No events

Nmethod flushes (20 events):
Event: 4.976 Thread 0x00000299182417a0 flushing  nmethod 0x000002991bd0d710
Event: 4.976 Thread 0x00000299182417a0 flushing  nmethod 0x000002991bd0f790
Event: 4.976 Thread 0x00000299182417a0 flushing  nmethod 0x000002991bd11090
Event: 4.976 Thread 0x00000299182417a0 flushing  nmethod 0x000002991bd1b390
Event: 4.976 Thread 0x00000299182417a0 flushing  nmethod 0x000002991bd30890
Event: 4.976 Thread 0x00000299182417a0 flushing  nmethod 0x000002991bd45110
Event: 4.976 Thread 0x00000299182417a0 flushing  nmethod 0x000002991bd45510
Event: 4.976 Thread 0x00000299182417a0 flushing  nmethod 0x000002991bd4bb10
Event: 4.976 Thread 0x00000299182417a0 flushing  nmethod 0x000002991bd64590
Event: 4.976 Thread 0x00000299182417a0 flushing  nmethod 0x000002991bd64f90
Event: 4.976 Thread 0x00000299182417a0 flushing  nmethod 0x000002991bd65410
Event: 4.976 Thread 0x00000299182417a0 flushing  nmethod 0x000002991bd66d10
Event: 4.976 Thread 0x00000299182417a0 flushing  nmethod 0x000002991bd68810
Event: 4.976 Thread 0x00000299182417a0 flushing  nmethod 0x000002991bd68b90
Event: 4.976 Thread 0x00000299182417a0 flushing  nmethod 0x000002991bd69a90
Event: 4.976 Thread 0x00000299182417a0 flushing  nmethod 0x000002991bd6c210
Event: 4.976 Thread 0x00000299182417a0 flushing  nmethod 0x000002991bd75a10
Event: 4.976 Thread 0x00000299182417a0 flushing  nmethod 0x000002991bd7db10
Event: 4.976 Thread 0x00000299182417a0 flushing  nmethod 0x000002991bd80810
Event: 4.976 Thread 0x00000299182417a0 flushing  nmethod 0x000002991bdd6c90

Events (20 events):
Event: 4.515 Thread 0x0000029977a21940 Thread added: 0x0000029977a25450
Event: 4.516 Thread 0x0000029977a21940 Thread added: 0x0000029977a25ae0
Event: 4.930 Thread 0x0000029970929240 Thread exited: 0x0000029970929240
Event: 4.930 Thread 0x0000029970929fe0 Thread exited: 0x0000029970929fe0
Event: 5.708 Thread 0x0000029977a25ae0 Thread added: 0x0000029977a26800
Event: 5.752 Thread 0x0000029977a25ae0 Thread added: 0x000002997848ae70
Event: 5.759 Thread 0x000002997848ae70 Thread added: 0x0000029978488080
Event: 5.759 Thread 0x000002997848ae70 Thread added: 0x000002997848b500
Event: 5.883 Thread 0x0000029977a25ae0 Thread added: 0x000002997848bb90
Event: 5.887 Thread 0x000002997848bb90 Thread added: 0x0000029978488710
Event: 5.887 Thread 0x000002997848bb90 Thread added: 0x000002997848c220
Event: 5.887 Thread 0x0000029978488710 Thread exited: 0x0000029978488710
Event: 6.267 Thread 0x0000029970929910 Thread exited: 0x0000029970929910
Event: 6.267 Thread 0x000002997048cf00 Thread exited: 0x000002997048cf00
Event: 6.267 Thread 0x000002996ecbd8c0 Thread exited: 0x000002996ecbd8c0
Event: 6.597 Thread 0x000002996ee941e0 Thread exited: 0x000002996ee941e0
Event: 6.612 Thread 0x0000029976241b30 Thread exited: 0x0000029976241b30
Event: 7.001 Thread 0x000002996ec4e980 Thread exited: 0x000002996ec4e980
Event: 7.003 Thread 0x000002997848bb90 Thread exited: 0x000002997848bb90
Event: 7.003 Thread 0x000002997848c220 Thread exited: 0x000002997848c220


Dynamic libraries:
0x00007ff6b00e0000 - 0x00007ff6b00ee000 	c:\Users\admin\.cursor\extensions\redhat.java-1.42.0-win32-x64\jre\21.0.7-win32-x86_64\bin\java.exe
0x00007ff8f0da0000 - 0x00007ff8f1006000 	C:\WINDOWS\SYSTEM32\ntdll.dll
0x00007ff8eeec0000 - 0x00007ff8eef89000 	C:\WINDOWS\System32\KERNEL32.DLL
0x00007ff8ee410000 - 0x00007ff8ee7dc000 	C:\WINDOWS\System32\KERNELBASE.dll
0x00007ff8edfd0000 - 0x00007ff8ee11b000 	C:\WINDOWS\System32\ucrtbase.dll
0x00007ff8abe30000 - 0x00007ff8abe48000 	c:\Users\admin\.cursor\extensions\redhat.java-1.42.0-win32-x64\jre\21.0.7-win32-x86_64\bin\jli.dll
0x00007ff8abe50000 - 0x00007ff8abe6e000 	c:\Users\admin\.cursor\extensions\redhat.java-1.42.0-win32-x64\jre\21.0.7-win32-x86_64\bin\VCRUNTIME140.dll
0x00007ff8f0aa0000 - 0x00007ff8f0c6a000 	C:\WINDOWS\System32\USER32.dll
0x00007ff8ee120000 - 0x00007ff8ee147000 	C:\WINDOWS\System32\win32u.dll
0x00007ff8db710000 - 0x00007ff8db9aa000 	C:\WINDOWS\WinSxS\amd64_microsoft.windows.common-controls_6595b64144ccf1df_6.0.26100.3912_none_3e07963ce335137e\COMCTL32.dll
0x00007ff8f0440000 - 0x00007ff8f046b000 	C:\WINDOWS\System32\GDI32.dll
0x00007ff8eeb60000 - 0x00007ff8eec09000 	C:\WINDOWS\System32\msvcrt.dll
0x00007ff8ee2d0000 - 0x00007ff8ee402000 	C:\WINDOWS\System32\gdi32full.dll
0x00007ff8eea20000 - 0x00007ff8eeac3000 	C:\WINDOWS\System32\msvcp_win.dll
0x00007ff8f0c70000 - 0x00007ff8f0ca0000 	C:\WINDOWS\System32\IMM32.DLL
0x00007ff8ea3c0000 - 0x00007ff8ea3cc000 	c:\Users\admin\.cursor\extensions\redhat.java-1.42.0-win32-x64\jre\21.0.7-win32-x86_64\bin\vcruntime140_1.dll
0x00007ff86cdd0000 - 0x00007ff86ce5d000 	c:\Users\admin\.cursor\extensions\redhat.java-1.42.0-win32-x64\jre\21.0.7-win32-x86_64\bin\msvcp140.dll
0x00007ff86c040000 - 0x00007ff86cdd0000 	c:\Users\admin\.cursor\extensions\redhat.java-1.42.0-win32-x64\jre\21.0.7-win32-x86_64\bin\server\jvm.dll
0x00007ff8f0140000 - 0x00007ff8f01f2000 	C:\WINDOWS\System32\ADVAPI32.dll
0x00007ff8f0cb0000 - 0x00007ff8f0d56000 	C:\WINDOWS\System32\sechost.dll
0x00007ff8efb60000 - 0x00007ff8efc76000 	C:\WINDOWS\System32\RPCRT4.dll
0x00007ff8ef340000 - 0x00007ff8ef3b4000 	C:\WINDOWS\System32\WS2_32.dll
0x00007ff8edda0000 - 0x00007ff8eddfe000 	C:\WINDOWS\SYSTEM32\POWRPROF.dll
0x00007ff8e4950000 - 0x00007ff8e4986000 	C:\WINDOWS\SYSTEM32\WINMM.dll
0x00007ff8ea6e0000 - 0x00007ff8ea6eb000 	C:\WINDOWS\SYSTEM32\VERSION.dll
0x00007ff8edd80000 - 0x00007ff8edd94000 	C:\WINDOWS\SYSTEM32\UMPDC.dll
0x00007ff8eccf0000 - 0x00007ff8ecd0a000 	C:\WINDOWS\SYSTEM32\kernel.appcore.dll
0x00007ff8c3750000 - 0x00007ff8c375a000 	c:\Users\admin\.cursor\extensions\redhat.java-1.42.0-win32-x64\jre\21.0.7-win32-x86_64\bin\jimage.dll
0x00007ff89bae0000 - 0x00007ff89bd21000 	C:\WINDOWS\SYSTEM32\DBGHELP.DLL
0x00007ff8eef90000 - 0x00007ff8ef314000 	C:\WINDOWS\System32\combase.dll
0x00007ff8f0050000 - 0x00007ff8f0130000 	C:\WINDOWS\System32\OLEAUT32.dll
0x00007ff8d7240000 - 0x00007ff8d7279000 	C:\WINDOWS\SYSTEM32\dbgcore.DLL
0x00007ff8edf30000 - 0x00007ff8edfc9000 	C:\WINDOWS\System32\bcryptPrimitives.dll
0x00007ff8c24d0000 - 0x00007ff8c24df000 	c:\Users\admin\.cursor\extensions\redhat.java-1.42.0-win32-x64\jre\21.0.7-win32-x86_64\bin\instrument.dll
0x00007ff8abd80000 - 0x00007ff8abd9f000 	c:\Users\admin\.cursor\extensions\redhat.java-1.42.0-win32-x64\jre\21.0.7-win32-x86_64\bin\java.dll
0x00007ff8ef430000 - 0x00007ff8efb5d000 	C:\WINDOWS\System32\SHELL32.dll
0x00007ff8ee150000 - 0x00007ff8ee2c4000 	C:\WINDOWS\System32\wintypes.dll
0x00007ff8ebbe0000 - 0x00007ff8ec436000 	C:\WINDOWS\SYSTEM32\windows.storage.dll
0x00007ff8eedc0000 - 0x00007ff8eeeaf000 	C:\WINDOWS\System32\SHCORE.dll
0x00007ff8ef3c0000 - 0x00007ff8ef429000 	C:\WINDOWS\System32\shlwapi.dll
0x00007ff8ede10000 - 0x00007ff8ede3f000 	C:\WINDOWS\SYSTEM32\profapi.dll
0x00007ff8abcd0000 - 0x00007ff8abce8000 	c:\Users\admin\.cursor\extensions\redhat.java-1.42.0-win32-x64\jre\21.0.7-win32-x86_64\bin\zip.dll
0x00007ff8c08e0000 - 0x00007ff8c08f0000 	C:\Users\admin\.cursor\extensions\redhat.java-1.42.0-win32-x64\jre\21.0.7-win32-x86_64\bin\net.dll
0x00007ff8e8a60000 - 0x00007ff8e8b7e000 	C:\WINDOWS\SYSTEM32\WINHTTP.dll
0x0000000180000000 - 0x000000018008c000 	C:\WINDOWS\system32\ASProxy64.dll
0x00007ff8efc80000 - 0x00007ff8efe1f000 	C:\WINDOWS\System32\ole32.dll
0x00007ff8ed260000 - 0x00007ff8ed2ca000 	C:\WINDOWS\SYSTEM32\MSWSOCK.dll
0x00007ff8ec730000 - 0x00007ff8ec763000 	C:\WINDOWS\SYSTEM32\IPHLPAPI.DLL
0x00007ff8ecf90000 - 0x00007ff8ecfd8000 	C:\WINDOWS\SYSTEM32\SspiCli.dll
0x00007ff8abcb0000 - 0x00007ff8abcc6000 	C:\Users\admin\.cursor\extensions\redhat.java-1.42.0-win32-x64\jre\21.0.7-win32-x86_64\bin\nio.dll
0x00007ff8be1c0000 - 0x00007ff8be1d0000 	c:\Users\admin\.cursor\extensions\redhat.java-1.42.0-win32-x64\jre\21.0.7-win32-x86_64\bin\verify.dll
0x00007ff8eb200000 - 0x00007ff8eb2af000 	C:\WINDOWS\system32\uxtheme.dll
0x00007ff8c6160000 - 0x00007ff8c61a5000 	C:\Users\admin\AppData\Roaming\Cursor\User\globalStorage\redhat.java\1.42.0\config_win\org.eclipse.equinox.launcher\org.eclipse.equinox.launcher.win32.win32.x86_64_1.2.1300.v20250331-1702\eclipse_11911.dll
0x00007ff8ed510000 - 0x00007ff8ed52c000 	C:\WINDOWS\SYSTEM32\CRYPTSP.dll
0x00007ff8ecc50000 - 0x00007ff8ecc8a000 	C:\WINDOWS\system32\rsaenh.dll
0x00007ff8ed300000 - 0x00007ff8ed32b000 	C:\WINDOWS\SYSTEM32\USERENV.dll
0x00007ff8ede50000 - 0x00007ff8ede76000 	C:\WINDOWS\SYSTEM32\bcrypt.dll
0x00007ff8ed500000 - 0x00007ff8ed50c000 	C:\WINDOWS\SYSTEM32\CRYPTBASE.dll
0x00007ff8eedb0000 - 0x00007ff8eedba000 	C:\WINDOWS\System32\NSI.dll
0x00007ff8e09f0000 - 0x00007ff8e09fa000 	C:\Users\admin\.cursor\extensions\redhat.java-1.42.0-win32-x64\jre\21.0.7-win32-x86_64\bin\management.dll
0x00007ff8d6d30000 - 0x00007ff8d6d3b000 	C:\Users\admin\.cursor\extensions\redhat.java-1.42.0-win32-x64\jre\21.0.7-win32-x86_64\bin\management_ext.dll
0x00007ff8f0040000 - 0x00007ff8f0048000 	C:\WINDOWS\System32\PSAPI.DLL
0x00007ff8b6900000 - 0x00007ff8b6949000 	C:\Users\admin\AppData\Local\Temp\jna-92668751\jna1289396469659730189.dll
0x00007ff8e86b0000 - 0x00007ff8e86cf000 	C:\WINDOWS\SYSTEM32\dhcpcsvc6.DLL
0x00007ff8e7810000 - 0x00007ff8e7835000 	C:\WINDOWS\SYSTEM32\dhcpcsvc.DLL
0x00007ff8add20000 - 0x00007ff8add47000 	C:\Users\admin\.gradle\native\1def1411415f61bf3af743bc5b6707747c0891f09f0c88961ee8f79bc544acac\windows-amd64\native-platform.dll
0x00007ff8c5880000 - 0x00007ff8c5889000 	C:\Users\admin\.cursor\extensions\redhat.java-1.42.0-win32-x64\jre\21.0.7-win32-x86_64\bin\extnet.dll
0x00007ff8abb60000 - 0x00007ff8abb6e000 	C:\Users\admin\.cursor\extensions\redhat.java-1.42.0-win32-x64\jre\21.0.7-win32-x86_64\bin\sunmscapi.dll
0x00007ff8ee7e0000 - 0x00007ff8ee957000 	C:\WINDOWS\System32\CRYPT32.dll
0x00007ff8ed710000 - 0x00007ff8ed740000 	C:\WINDOWS\SYSTEM32\ncrypt.dll
0x00007ff8ed6c0000 - 0x00007ff8ed6ff000 	C:\WINDOWS\SYSTEM32\NTASN1.dll
0x00007ff89e280000 - 0x00007ff89e288000 	C:\WINDOWS\system32\wshunix.dll

dbghelp: loaded successfully - version: 4.0.5 - missing functions: none
symbol engine: initialized successfully - sym options: 0x614 - pdb path: .;c:\Users\admin\.cursor\extensions\redhat.java-1.42.0-win32-x64\jre\21.0.7-win32-x86_64\bin;C:\WINDOWS\SYSTEM32;C:\WINDOWS\WinSxS\amd64_microsoft.windows.common-controls_6595b64144ccf1df_6.0.26100.3912_none_3e07963ce335137e;c:\Users\admin\.cursor\extensions\redhat.java-1.42.0-win32-x64\jre\21.0.7-win32-x86_64\bin\server;C:\Users\admin\AppData\Roaming\Cursor\User\globalStorage\redhat.java\1.42.0\config_win\org.eclipse.equinox.launcher\org.eclipse.equinox.launcher.win32.win32.x86_64_1.2.1300.v20250331-1702;C:\Users\admin\AppData\Local\Temp\jna-92668751;C:\Users\admin\.gradle\native\1def1411415f61bf3af743bc5b6707747c0891f09f0c88961ee8f79bc544acac\windows-amd64

VM Arguments:
jvm_args: --add-modules=ALL-SYSTEM --add-opens=java.base/java.util=ALL-UNNAMED --add-opens=java.base/java.lang=ALL-UNNAMED --add-opens=java.base/sun.nio.fs=ALL-UNNAMED -Declipse.application=org.eclipse.jdt.ls.core.id1 -Dosgi.bundles.defaultStartLevel=4 -Declipse.product=org.eclipse.jdt.ls.core.product -Djava.import.generatesMetadataFilesAtProjectRoot=false -DDetectVMInstallationsJob.disabled=true -Dfile.encoding=utf8 -XX:+UseParallelGC -XX:GCTimeRatio=4 -XX:AdaptiveSizePolicyWeight=90 -Dsun.zip.disableMemoryMapping=true -Xmx1G -Xms100m -Xlog:disable -javaagent:c:\Users\admin\.cursor\extensions\redhat.java-1.42.0-win32-x64\lombok\lombok-1.18.36.jar -XX:+HeapDumpOnOutOfMemoryError -XX:HeapDumpPath=c:\Users\admin\AppData\Roaming\Cursor\User\workspaceStorage\0426a641ec518546e312a5bf184515bb\redhat.java -Daether.dependencyCollector.impl=bf 
java_command: c:\Users\admin\.cursor\extensions\redhat.java-1.42.0-win32-x64\server\plugins\org.eclipse.equinox.launcher_1.7.0.v20250424-1814.jar -configuration c:\Users\admin\AppData\Roaming\Cursor\User\globalStorage\redhat.java\1.42.0\config_win -data c:\Users\admin\AppData\Roaming\Cursor\User\workspaceStorage\0426a641ec518546e312a5bf184515bb\redhat.java\jdt_ws --pipe=\\.\pipe\lsp-9104897b919e3ffbb12604d15c6230da-sock
java_class_path (initial): c:\Users\admin\.cursor\extensions\redhat.java-1.42.0-win32-x64\server\plugins\org.eclipse.equinox.launcher_1.7.0.v20250424-1814.jar
Launcher Type: SUN_STANDARD

[Global flags]
    uintx AdaptiveSizePolicyWeight                 = 90                                        {product} {command line}
     intx CICompilerCount                          = 12                                        {product} {ergonomic}
    uintx GCTimeRatio                              = 4                                         {product} {command line}
     bool HeapDumpOnOutOfMemoryError               = true                                   {manageable} {command line}
    ccstr HeapDumpPath                             = c:\Users\admin\AppData\Roaming\Cursor\User\workspaceStorage\0426a641ec518546e312a5bf184515bb\redhat.java         {manageable} {command line}
   size_t InitialHeapSize                          = 104857600                                 {product} {command line}
   size_t MaxHeapSize                              = 1073741824                                {product} {command line}
   size_t MaxNewSize                               = 357564416                                 {product} {ergonomic}
   size_t MinHeapDeltaBytes                        = 524288                                    {product} {ergonomic}
   size_t MinHeapSize                              = 104857600                                 {product} {command line}
   size_t NewSize                                  = 34603008                                  {product} {ergonomic}
    uintx NonNMethodCodeHeapSize                   = 7602480                                {pd product} {ergonomic}
    uintx NonProfiledCodeHeapSize                  = 122027880                              {pd product} {ergonomic}
   size_t OldSize                                  = 70254592                                  {product} {ergonomic}
    uintx ProfiledCodeHeapSize                     = 122027880                              {pd product} {ergonomic}
    uintx ReservedCodeCacheSize                    = 251658240                              {pd product} {ergonomic}
     bool SegmentedCodeCache                       = true                                      {product} {ergonomic}
   size_t SoftMaxHeapSize                          = 1073741824                             {manageable} {ergonomic}
     bool UseCompressedOops                        = true                           {product lp64_product} {ergonomic}
     bool UseLargePagesIndividualAllocation        = false                                  {pd product} {ergonomic}
     bool UseParallelGC                            = true                                      {product} {command line}

Logging:
Log output configuration:
 #0: stdout all=off uptime,level,tags foldmultilines=false
 #1: stderr all=off uptime,level,tags foldmultilines=false

Environment Variables:
JAVA_HOME=C:\Program Files\OpenLogic\jdk-17.0.15.6-hotspot
PATH=C:\Program Files\Common Files\Oracle\Java\javapath;C:\Program Files\OpenLogic\jdk-17.0.15.6-hotspot\bin;C:\WINDOWS\system32;C:\WINDOWS;C:\WINDOWS\System32\Wbem;C:\WINDOWS\System32\WindowsPowerShell\v1.0\;C:\WINDOWS\System32\OpenSSH\;C:\Program Files\dotnet\;C:\Program Files\Microsoft SQL Server\130\Tools\Binn\;C:\Program Files\Git\cmd;C:\Users\admin\AppData\Roaming\nvm;C:\Program Files\nodejs;C:\Program Files\Microsoft SQL Server\150\Tools\Binn\;C:\Users\admin\AppData\Local\Microsoft\WindowsApps;C:\Users\admin\AppData\Roaming\npm;C:\Users\admin\AppData\Local\Programs\Microsoft VS Code\bin;C:\Users\admin\AppData\Roaming\nvm;C:\Program Files\nodejs;C:\Users\admin\AppData\Local\Android\Sdk\platform-tools;C:\Users\admin\AppData\Local\Programs\cursor\resources\app\bin;C:\;C:\Users\admin\.dotnet\tools
USERNAME=admin
OS=Windows_NT
PROCESSOR_IDENTIFIER=Intel64 Family 6 Model 165 Stepping 5, GenuineIntel
TMP=C:\Users\admin\AppData\Local\Temp
TEMP=C:\Users\admin\AppData\Local\Temp




Periodic native trim disabled

---------------  S Y S T E M  ---------------

OS:
 Windows 11 , 64 bit Build 26100 (10.0.26100.3912)
OS uptime: 0 days 0:26 hours

CPU: total 16 (initial active 16) (8 cores per cpu, 2 threads per core) family 6 model 165 stepping 5 microcode 0xec, cx8, cmov, fxsr, ht, mmx, 3dnowpref, sse, sse2, sse3, ssse3, sse4.1, sse4.2, popcnt, lzcnt, tsc, tscinvbit, avx, avx2, aes, erms, clmul, bmi1, bmi2, adx, fma, vzeroupper, clflush, clflushopt, rdtscp, f16c, pku
Processor Information for processor 0
  Max Mhz: 2901, Current Mhz: 2901, Mhz Limit: 2901
Processor Information for processor 1
  Max Mhz: 2901, Current Mhz: 1800, Mhz Limit: 2901
Processor Information for processor 2
  Max Mhz: 2901, Current Mhz: 2901, Mhz Limit: 2901
Processor Information for processor 3
  Max Mhz: 2901, Current Mhz: 2901, Mhz Limit: 2901
Processor Information for processor 4
  Max Mhz: 2901, Current Mhz: 2901, Mhz Limit: 2901
Processor Information for processor 5
  Max Mhz: 2901, Current Mhz: 1800, Mhz Limit: 2901
Processor Information for processor 6
  Max Mhz: 2901, Current Mhz: 2901, Mhz Limit: 2901
Processor Information for processor 7
  Max Mhz: 2901, Current Mhz: 2901, Mhz Limit: 2901
Processor Information for processor 8
  Max Mhz: 2901, Current Mhz: 2901, Mhz Limit: 2901
Processor Information for processor 9
  Max Mhz: 2901, Current Mhz: 1800, Mhz Limit: 2901
Processor Information for processor 10
  Max Mhz: 2901, Current Mhz: 2901, Mhz Limit: 2901
Processor Information for processor 11
  Max Mhz: 2901, Current Mhz: 2100, Mhz Limit: 2901
Processor Information for processor 12
  Max Mhz: 2901, Current Mhz: 2901, Mhz Limit: 2901
Processor Information for processor 13
  Max Mhz: 2901, Current Mhz: 2901, Mhz Limit: 2901
Processor Information for processor 14
  Max Mhz: 2901, Current Mhz: 2901, Mhz Limit: 2901
Processor Information for processor 15
  Max Mhz: 2901, Current Mhz: 2901, Mhz Limit: 2901

Memory: 4k page, system-wide physical 16096M (7850M free)
TotalPageFile size 34528M (AvailPageFile size 25387M)
current process WorkingSet (physical memory assigned to process): 283M, peak: 299M
current process commit charge ("private bytes"): 363M, peak: 381M

vm_info: OpenJDK 64-Bit Server VM (21.0.7+6-LTS) for windows-amd64 JRE (21.0.7+6-LTS), built on 2025-04-15T00:00:00Z by "admin" with MS VC++ 17.7 (VS2022)

END.
