#
# A fatal error has been detected by the Java Runtime Environment:
#
#  EXCEPTION_ACCESS_VIOLATION (0xc0000005) at pc=0x000000018000c274, pid=500, tid=21720
#
# JRE version: OpenJDK Runtime Environment Temurin-21.0.7+6 (21.0.7+6) (build 21.0.7+6-LTS)
# Java VM: OpenJDK 64-Bit Server VM Temurin-21.0.7+6 (21.0.7+6-LTS, mixed mode, sharing, tiered, compressed oops, compressed class ptrs, parallel gc, windows-amd64)
# Problematic frame:
# C  [ASProxy64.dll+0xc274]
#
# No core dump will be written. Minidumps are not enabled by default on client versions of Windows
#
# If you would like to submit a bug report, please visit:
#   https://github.com/adoptium/adoptium-support/issues
# The crash happened outside the Java Virtual Machine in native code.
# See problematic frame for where to report the bug.
#

---------------  S U M M A R Y ------------

Command Line: --add-modules=ALL-SYSTEM --add-opens=java.base/java.util=ALL-UNNAMED --add-opens=java.base/java.lang=ALL-UNNAMED --add-opens=java.base/sun.nio.fs=ALL-UNNAMED -Declipse.application=org.eclipse.jdt.ls.core.id1 -Dosgi.bundles.defaultStartLevel=4 -Declipse.product=org.eclipse.jdt.ls.core.product -Djava.import.generatesMetadataFilesAtProjectRoot=false -DDetectVMInstallationsJob.disabled=true -Dfile.encoding=utf8 -XX:+UseParallelGC -XX:GCTimeRatio=4 -XX:AdaptiveSizePolicyWeight=90 -Dsun.zip.disableMemoryMapping=true -Xmx1G -Xms100m -Xlog:disable -javaagent:c:\Users\admin\.cursor\extensions\redhat.java-1.42.0-win32-x64\lombok\lombok-1.18.36.jar -XX:+HeapDumpOnOutOfMemoryError -XX:HeapDumpPath=c:\Users\admin\AppData\Roaming\Cursor\User\workspaceStorage\0426a641ec518546e312a5bf184515bb\redhat.java -Daether.dependencyCollector.impl=bf c:\Users\admin\.cursor\extensions\redhat.java-1.42.0-win32-x64\server\plugins\org.eclipse.equinox.launcher_1.7.0.v20250424-1814.jar -configuration c:\Users\admin\AppData\Roaming\Cursor\User\globalStorage\redhat.java\1.42.0\config_win -data c:\Users\admin\AppData\Roaming\Cursor\User\workspaceStorage\0426a641ec518546e312a5bf184515bb\redhat.java\jdt_ws --pipe=\\.\pipe\lsp-017bb9e0464bbbe91bbd8e92b7e76eb2-sock

Host: Intel(R) Core(TM) i7-10700 CPU @ 2.90GHz, 16 cores, 15G,  Windows 11 , 64 bit Build 26100 (10.0.26100.3912)
Time: Wed May 21 21:29:44 2025 Eastern Daylight Time elapsed time: 7.265490 seconds (0d 0h 0m 7s)

---------------  T H R E A D  ---------------

Current thread (0x0000027e7b0ed590):  JavaThread "Connection worker"        [_thread_in_native, id=21720, stack(0x000000fb8c780000,0x000000fb8c880000) (1024K)]

Stack: [0x000000fb8c780000,0x000000fb8c880000],  sp=0x000000fb8c87ddc0,  free space=1015k
Native frames: (J=compiled Java code, j=interpreted, Vv=VM code, C=native code)
C  [ASProxy64.dll+0xc274]

Java frames: (J=compiled Java code, j=interpreted, Vv=VM code)
j  sun.nio.ch.WEPoll.ctl(JIJI)I+0 java.base@21.0.7
j  sun.nio.ch.WEPollSelectorImpl.<init>(Ljava/nio/channels/spi/SelectorProvider;)V+139 java.base@21.0.7
j  sun.nio.ch.WEPollSelectorProvider.openSelector()Ljava/nio/channels/spi/AbstractSelector;+5 java.base@21.0.7
j  java.nio.channels.Selector.open()Ljava/nio/channels/Selector;+3 java.base@21.0.7
j  org.gradle.internal.remote.internal.inet.SocketConnection$SocketInputStream.<init>(Ljava/nio/channels/SocketChannel;)V+17
j  org.gradle.internal.remote.internal.inet.SocketConnection.<init>(Ljava/nio/channels/SocketChannel;Lorg/gradle/internal/remote/internal/MessageSerializer;Lorg/gradle/internal/serialize/StatefulSerializer;)V+27
j  org.gradle.internal.remote.internal.inet.SocketConnectCompletion.create(Lorg/gradle/internal/serialize/StatefulSerializer;)Lorg/gradle/internal/remote/internal/RemoteConnection;+16
j  org.gradle.launcher.daemon.client.DefaultDaemonConnector.connectToDaemon(Lorg/gradle/launcher/daemon/context/DaemonConnectDetails;Lorg/gradle/launcher/daemon/client/DaemonClientConnection$StaleAddressDetector;)Lorg/gradle/launcher/daemon/client/DaemonClientConnection;+45
j  org.gradle.launcher.daemon.client.DefaultDaemonConnector.connectToDaemonWithId(Lorg/gradle/launcher/daemon/diagnostics/DaemonStartupInfo;Lorg/gradle/api/internal/specs/ExplainingSpec;)Lorg/gradle/launcher/daemon/client/DaemonClientConnection;+116
j  org.gradle.launcher.daemon.client.DefaultDaemonConnector.doStartDaemon(Lorg/gradle/api/internal/specs/ExplainingSpec;Z)Lorg/gradle/launcher/daemon/client/DaemonClientConnection;+61
j  org.gradle.launcher.daemon.client.DefaultDaemonConnector.startDaemon(Lorg/gradle/api/internal/specs/ExplainingSpec;)Lorg/gradle/launcher/daemon/client/DaemonClientConnection;+3
j  org.gradle.launcher.daemon.client.DaemonClient.execute(Lorg/gradle/internal/invocation/BuildAction;Lorg/gradle/launcher/exec/BuildActionParameters;Lorg/gradle/internal/daemon/client/execution/ClientBuildRequestContext;)Lorg/gradle/launcher/exec/BuildActionResult;+201
j  org.gradle.launcher.daemon.client.DaemonClient.execute(Lorg/gradle/internal/invocation/BuildAction;Ljava/lang/Object;Ljava/lang/Object;)Lorg/gradle/launcher/exec/BuildActionResult;+10
j  org.gradle.tooling.internal.provider.DaemonBuildActionExecuter.execute(Lorg/gradle/internal/invocation/BuildAction;Lorg/gradle/tooling/internal/provider/ConnectionOperationParameters;Lorg/gradle/internal/daemon/client/execution/ClientBuildRequestContext;)Lorg/gradle/launcher/exec/BuildActionResult;+72
j  org.gradle.tooling.internal.provider.DaemonBuildActionExecuter.execute(Lorg/gradle/internal/invocation/BuildAction;Ljava/lang/Object;Ljava/lang/Object;)Lorg/gradle/launcher/exec/BuildActionResult;+10
j  org.gradle.tooling.internal.provider.LoggingBridgingBuildActionExecuter.execute(Lorg/gradle/internal/invocation/BuildAction;Lorg/gradle/tooling/internal/provider/ConnectionOperationParameters;Lorg/gradle/internal/daemon/client/execution/ClientBuildRequestContext;)Lorg/gradle/launcher/exec/BuildActionResult;+77
j  org.gradle.tooling.internal.provider.LoggingBridgingBuildActionExecuter.execute(Lorg/gradle/internal/invocation/BuildAction;Ljava/lang/Object;Ljava/lang/Object;)Lorg/gradle/launcher/exec/BuildActionResult;+10
j  org.gradle.tooling.internal.provider.ProviderConnection.run(Lorg/gradle/internal/invocation/BuildAction;Lorg/gradle/initialization/BuildCancellationToken;Lorg/gradle/tooling/internal/provider/ProviderConnection$ProgressListenerConfiguration;Lorg/gradle/initialization/BuildEventConsumer;Lorg/gradle/tooling/internal/provider/connection/ProviderOperationParameters;Lorg/gradle/tooling/internal/provider/ProviderConnection$Parameters;)Ljava/lang/Object;+79
j  org.gradle.tooling.internal.provider.ProviderConnection.runPhasedAction(Lorg/gradle/tooling/internal/protocol/InternalPhasedAction;Lorg/gradle/tooling/internal/protocol/PhasedActionResultListener;Lorg/gradle/initialization/BuildCancellationToken;Lorg/gradle/tooling/internal/provider/connection/ProviderOperationParameters;)Ljava/lang/Object;+132
j  org.gradle.tooling.internal.provider.DefaultConnection.run(Lorg/gradle/tooling/internal/protocol/InternalPhasedAction;Lorg/gradle/tooling/internal/protocol/PhasedActionResultListener;Lorg/gradle/tooling/internal/protocol/InternalCancellationToken;Lorg/gradle/tooling/internal/protocol/BuildParameters;)Lorg/gradle/tooling/internal/protocol/BuildResult;+28
j  org.gradle.tooling.internal.consumer.connection.PhasedActionAwareConsumerConnection.run(Lorg/gradle/tooling/internal/consumer/PhasedBuildAction;Lorg/gradle/tooling/internal/consumer/parameters/ConsumerOperationParameters;)V+66
j  org.gradle.tooling.internal.consumer.connection.ParameterValidatingConsumerConnection.run(Lorg/gradle/tooling/internal/consumer/PhasedBuildAction;Lorg/gradle/tooling/internal/consumer/parameters/ConsumerOperationParameters;)V+11
j  org.gradle.tooling.internal.consumer.DefaultPhasedBuildActionExecuter$1.run(Lorg/gradle/tooling/internal/consumer/connection/ConsumerConnection;)Ljava/lang/Void;+12
j  org.gradle.tooling.internal.consumer.DefaultPhasedBuildActionExecuter$1.run(Lorg/gradle/tooling/internal/consumer/connection/ConsumerConnection;)Ljava/lang/Object;+2
j  org.gradle.tooling.internal.consumer.connection.LazyConsumerActionExecutor.run(Lorg/gradle/tooling/internal/consumer/connection/ConsumerAction;)Ljava/lang/Object;+34
j  org.gradle.tooling.internal.consumer.connection.CancellableConsumerActionExecutor.run(Lorg/gradle/tooling/internal/consumer/connection/ConsumerAction;)Ljava/lang/Object;+34
j  org.gradle.tooling.internal.consumer.connection.ProgressLoggingConsumerActionExecutor.run(Lorg/gradle/tooling/internal/consumer/connection/ConsumerAction;)Ljava/lang/Object;+78
j  org.gradle.tooling.internal.consumer.connection.RethrowingErrorsConsumerActionExecutor.run(Lorg/gradle/tooling/internal/consumer/connection/ConsumerAction;)Ljava/lang/Object;+5
j  org.gradle.tooling.internal.consumer.async.DefaultAsyncConsumerActionExecutor$1$1.run()V+17
j  org.gradle.internal.concurrent.ExecutorPolicy$CatchAndRecordFailures.onExecute(Ljava/lang/Runnable;)V+1
j  org.gradle.internal.concurrent.AbstractManagedExecutor$1.run()V+25
j  java.util.concurrent.ThreadPoolExecutor.runWorker(Ljava/util/concurrent/ThreadPoolExecutor$Worker;)V+92 java.base@21.0.7
j  java.util.concurrent.ThreadPoolExecutor$Worker.run()V+5 java.base@21.0.7
j  java.lang.Thread.runWith(Ljava/lang/Object;Ljava/lang/Runnable;)V+5 java.base@21.0.7
j  java.lang.Thread.run()V+19 java.base@21.0.7
v  ~StubRoutines::call_stub 0x0000027e23bc100d

siginfo: EXCEPTION_ACCESS_VIOLATION (0xc0000005), reading address 0x00000000000012f0


Registers:
RAX=0x0000000000000000, RBX=0x0000027e789c0a68, RCX=0x000000000000133c, RDX=0x0000000000000002
RSP=0x000000fb8c87ddc0, RBP=0x00000000000012f0, RSI=0x0000027e7c7d28b0, RDI=0x00000000000012f0
R8 =0x7ffffffffffffffc, R9 =0x0000000000000001, R10=0x000000000000133c, R11=0x0000027e1951bd28
R12=0x000000fb8c87e000, R13=0x0000000000001350, R14=0x0000027e7c7d2880, R15=0x0000000000001350
RIP=0x000000018000c274, EFLAGS=0x0000000000010246

XMM[0]=0x0000000000000000 0x0000000000000000
XMM[1]=0x0000000000000000 0x0000000000000000
XMM[2]=0x0000000000000000 0x0000000000000000
XMM[3]=0x0000000000000000 0x0000000000000000
XMM[4]=0x0000000000000000 0x0000000000000000
XMM[5]=0x0000000000000000 0x0000000000000000
XMM[6]=0x3e70f6db348ce988 0x6b9b35338929db65
XMM[7]=0x8bb047b12baa5f55 0x48732a668f6ae8f7
XMM[8]=0x0000000000000000 0x65b964cbe9f83fed
XMM[9]=0x5221c0a3eaa4034c 0xecc397512029e8f1
XMM[10]=0xffffffffffffffff 0x0b0a090803020100
XMM[11]=0xf06df1fd2946ece2 0x0000000000000000
XMM[12]=0x0b0a090803020100 0xffffffffffffffff
XMM[13]=0x0c0d0e0f08090a0b 0x0405060700010203
XMM[14]=0x0000000000000000 0x6c9c4e785cd1fc34
XMM[15]=0x0000000000000000 0x00000000f035adbc
  MXCSR=0x00001fa0


Register to memory mapping:

RAX=0x0 is null
RBX=0x0000027e789c0a68 points into unknown readable memory: 0x0000000000000000 | 00 00 00 00 00 00 00 00
RCX=0x000000000000133c is an unknown value
RDX=0x0000000000000002 is an unknown value
RSP=0x000000fb8c87ddc0 is pointing into the stack for thread: 0x0000027e7b0ed590
RBP=0x00000000000012f0 is an unknown value
RSI=0x0000027e7c7d28b0 points into unknown readable memory: 0x0000027e7c7d28b0 | b0 28 7d 7c 7e 02 00 00
RDI=0x00000000000012f0 is an unknown value
R8 =0x7ffffffffffffffc is an unknown value
R9 =0x0000000000000001 is an unknown value
R10=0x000000000000133c is an unknown value
R11=0x0000027e1951bd28 points into unknown readable memory: 0x00000000000007d0 | d0 07 00 00 00 00 00 00
R12=0x000000fb8c87e000 is pointing into the stack for thread: 0x0000027e7b0ed590
R13=0x0000000000001350 is an unknown value
R14=0x0000027e7c7d2880 points into unknown readable memory: 0x00000000000012f0 | f0 12 00 00 00 00 00 00
R15=0x0000000000001350 is an unknown value

Top of Stack: (sp=0x000000fb8c87ddc0)
0x000000fb8c87ddc0:   0000000000000000 0000000000000000
0x000000fb8c87ddd0:   00000000000012f0 000000018001f4c2
0x000000fb8c87dde0:   0000000180065ec8 0000000000002736
0x000000fb8c87ddf0:   0000000000000000 000000000000133c
0x000000fb8c87de00:   00000000000012f0 000000018000c506
0x000000fb8c87de10:   0000027e789c0a68 0000000000002736
0x000000fb8c87de20:   0000000000000000 0000027e00000008
0x000000fb8c87de30:   000000fb0000001e 0000000000000000
0x000000fb8c87de40:   00000000000012f0 0000000000000000
0x000000fb8c87de50:   0000000000000001 0000000000000000
0x000000fb8c87de60:   00000000000012f0 00007ffd38e177e6
0x000000fb8c87de70:   000000000000133c 0000000000001202
0x000000fb8c87de80:   0000027e7c7d28b0 000000fb8c87dfd0
0x000000fb8c87de90:   0000000000000000 0000027e00000000
0x000000fb8c87dea0:   0000000000000003 0000027e00000001
0x000000fb8c87deb0:   0000000000000000 0000000000000000
0x000000fb8c87dec0:   00007ffd00000000 00007ffd54a40139
0x000000fb8c87ded0:   000000000000133c 0000000000000000
0x000000fb8c87dee0:   0000000000000000 0000a26fc1f45244
0x000000fb8c87def0:   0000027e789c0a50 00007ffd38e182af
0x000000fb8c87df00:   0000000000000028 00007ffcbefb2cac
0x000000fb8c87df10:   0000027e789c0a58 0000027e19543ee0
0x000000fb8c87df20:   0000027e7c7d2880 00007ffd38e18359
0x000000fb8c87df30:   0000027e7c7d28b0 000000fb8c87e000
0x000000fb8c87df40:   0000027e7c7d28b0 0000027e7c7d2880
0x000000fb8c87df50:   0000027e7b0ed590 000000fb8c87e000
0x000000fb8c87df60:   0000027e755e0d80 0000000000000000
0x000000fb8c87df70:   0000027e7c7d2880 00007ffd38e18787
0x000000fb8c87df80:   0000000000000000 000000fb8c87e000
0x000000fb8c87df90:   0000000000001350 0000027e7b0ed590
0x000000fb8c87dfa0:   0000000000000001 00007ffd38e17a75
0x000000fb8c87dfb0:   00000000000012f0 000000fb8c87e000 

Instructions: (pc=0x000000018000c274)
0x000000018000c174:   70 48 8b 6c 24 78 32 c0 48 83 c4 50 41 5c c3 cc
0x000000018000c184:   cc cc cc cc cc cc cc cc cc cc cc cc 48 85 c9 74
0x000000018000c194:   23 8b 05 ad ff 06 00 89 01 8b 05 a9 ff 06 00 89
0x000000018000c1a4:   41 04 8b 05 a4 ff 06 00 89 41 08 8b 05 9f ff 06
0x000000018000c1b4:   00 89 41 0c f3 c3 cc cc cc cc cc cc c6 01 01 c7
0x000000018000c1c4:   02 01 00 00 00 c3 cc cc cc cc cc cc 48 89 5c 24
0x000000018000c1d4:   08 57 48 83 ec 70 48 8b fa 8b d9 48 8d 15 82 73
0x000000018000c1e4:   05 00 48 8d 4c 24 20 45 33 c0 48 c7 44 24 40 0f
0x000000018000c1f4:   00 00 00 48 c7 44 24 38 00 00 00 00 c6 44 24 28
0x000000018000c204:   00 e8 d6 6b ff ff 4c 8d 4c 24 20 48 8d 4c 24 48
0x000000018000c214:   41 b0 01 8b d3 e8 52 06 02 00 48 83 78 20 10 72
0x000000018000c224:   06 48 8b 48 08 eb 05 48 8d 48 08 90 0f b6 01 48
0x000000018000c234:   ff c7 48 ff c1 88 47 ff 84 c0 75 f0 48 83 7c 24
0x000000018000c244:   68 10 72 0a 48 8b 4c 24 50 e8 52 94 03 00 48 8b
0x000000018000c254:   9c 24 80 00 00 00 48 83 c4 70 5f c3 48 83 ec 48
0x000000018000c264:   0f b6 c2 0f 57 c0 0f 11 44 24 ff 25 00 00 00 00
0x000000018000c274:   ae 7e bb 54 fd 7f 00 00 8b 44 24 04 0f af 04 24
0x000000018000c284:   89 04 24 8b 44 24 04 0f af 04 24 83 c0 01 89 04
0x000000018000c294:   24 8b 44 24 04 0f af 04 24 83 c0 02 89 04 24 8b
0x000000018000c2a4:   44 24 04 0f af 04 24 83 c0 03 89 04 24 8b 44 24
0x000000018000c2b4:   04 0f af 04 24 83 c0 04 89 04 24 8b 44 24 04 0f
0x000000018000c2c4:   af 04 24 83 c0 05 89 04 24 8b 44 24 04 0f af 04
0x000000018000c2d4:   24 83 c0 06 89 04 24 8b 44 24 04 0f af 04 24 83
0x000000018000c2e4:   c0 07 89 04 24 8b 44 24 04 0f af 04 24 83 c0 08
0x000000018000c2f4:   89 04 24 8b 44 24 04 0f af 04 24 83 c0 09 89 04
0x000000018000c304:   24 8b 44 24 04 0f af 04 24 83 c0 0a 89 04 24 8b
0x000000018000c314:   44 24 04 0f af 04 24 83 c0 0b 89 04 24 8b 44 24
0x000000018000c324:   04 0f af 04 24 83 c0 0d 89 04 24 8b 44 24 04 0f
0x000000018000c334:   af 04 24 83 c0 0e 89 04 24 8b 44 24 04 0f af 04
0x000000018000c344:   24 83 c0 0f 89 04 24 8b 44 24 04 0f af 04 24 83
0x000000018000c354:   c0 10 89 04 24 8b 44 24 04 0f af 04 24 83 c0 11
0x000000018000c364:   89 04 24 8b 44 24 04 0f af 04 24 83 c0 12 89 04 


Stack slot to memory mapping:

stack at sp + 0 slots: 0x0 is null
stack at sp + 1 slots: 0x0 is null
stack at sp + 2 slots: 0x00000000000012f0 is an unknown value
stack at sp + 3 slots: 0x000000018001f4c2 ASProxy64.dll
stack at sp + 4 slots: 0x0000000180065ec8 ASProxy64.dll
stack at sp + 5 slots: 0x0000000000002736 is an unknown value
stack at sp + 6 slots: 0x0 is null
stack at sp + 7 slots: 0x000000000000133c is an unknown value


---------------  P R O C E S S  ---------------

Threads class SMR info:
_java_thread_list=0x0000027e78da48f0, length=61, elements={
0x0000027e19522380, 0x0000027e6f1fdae0, 0x0000027e6f1fe8f0, 0x0000027e195c8df0,
0x0000027e195c9df0, 0x0000027e195d3770, 0x0000027e195d50b0, 0x0000027e195da2d0,
0x0000027e705b9fb0, 0x0000027e706799b0, 0x0000027e7068cb80, 0x0000027e7089d1b0,
0x0000027e765fc6d0, 0x0000027e771d8250, 0x0000027e771db040, 0x0000027e771da9b0,
0x0000027e771d9c90, 0x0000027e771da320, 0x0000027e771d8f70, 0x0000027e771d9600,
0x0000027e77712410, 0x0000027e77711d80, 0x0000027e777109d0, 0x0000027e77710340,
0x0000027e7770fcb0, 0x0000027e777116f0, 0x0000027e7770ef90, 0x0000027e77712aa0,
0x0000027e7770f620, 0x0000027e77715890, 0x0000027e77715f20, 0x0000027e777165b0,
0x0000027e77713130, 0x0000027e77714b70, 0x0000027e777137c0, 0x0000027e77713e50,
0x0000027e777144e0, 0x0000027e77715200, 0x0000027e7894a920, 0x0000027e7894b640,
0x0000027e7894a290, 0x0000027e7894afb0, 0x0000027e7894bcd0, 0x0000027e7894d080,
0x0000027e7894c9f0, 0x0000027e7894c360, 0x0000027e78949c00, 0x0000027e7894fe70,
0x0000027e7894f150, 0x0000027e7894d710, 0x0000027e7894eac0, 0x0000027e78951220,
0x0000027e7894dda0, 0x0000027e7894e430, 0x0000027e7894f7e0, 0x0000027e7b0ed590,
0x0000027e7b0edc20, 0x0000027e7b0ef660, 0x0000027e7b0efcf0, 0x0000027e7b0ee940,
0x0000027e78694450
}

Java Threads: ( => current thread )
  0x0000027e19522380 JavaThread "main"                              [_thread_blocked, id=13452, stack(0x000000fb86700000,0x000000fb86800000) (1024K)]
  0x0000027e6f1fdae0 JavaThread "Reference Handler"          daemon [_thread_blocked, id=25176, stack(0x000000fb86b00000,0x000000fb86c00000) (1024K)]
  0x0000027e6f1fe8f0 JavaThread "Finalizer"                  daemon [_thread_blocked, id=24652, stack(0x000000fb86c00000,0x000000fb86d00000) (1024K)]
  0x0000027e195c8df0 JavaThread "Signal Dispatcher"          daemon [_thread_blocked, id=23172, stack(0x000000fb86d00000,0x000000fb86e00000) (1024K)]
  0x0000027e195c9df0 JavaThread "Attach Listener"            daemon [_thread_blocked, id=24700, stack(0x000000fb86e00000,0x000000fb86f00000) (1024K)]
  0x0000027e195d3770 JavaThread "Service Thread"             daemon [_thread_blocked, id=24848, stack(0x000000fb86f00000,0x000000fb87000000) (1024K)]
  0x0000027e195d50b0 JavaThread "Monitor Deflation Thread"   daemon [_thread_blocked, id=24844, stack(0x000000fb87000000,0x000000fb87100000) (1024K)]
  0x0000027e195da2d0 JavaThread "C2 CompilerThread0"         daemon [_thread_blocked, id=24840, stack(0x000000fb87100000,0x000000fb87200000) (1024K)]
  0x0000027e705b9fb0 JavaThread "C1 CompilerThread0"         daemon [_thread_blocked, id=24800, stack(0x000000fb87200000,0x000000fb87300000) (1024K)]
  0x0000027e706799b0 JavaThread "C1 CompilerThread1"         daemon [_thread_blocked, id=7192, stack(0x000000fb87300000,0x000000fb87400000) (1024K)]
  0x0000027e7068cb80 JavaThread "Common-Cleaner"             daemon [_thread_blocked, id=22628, stack(0x000000fb87400000,0x000000fb87500000) (1024K)]
  0x0000027e7089d1b0 JavaThread "C1 CompilerThread2"         daemon [_thread_blocked, id=13140, stack(0x000000fb88840000,0x000000fb88940000) (1024K)]
  0x0000027e765fc6d0 JavaThread "Notification Thread"        daemon [_thread_blocked, id=12196, stack(0x000000fb88a40000,0x000000fb88b40000) (1024K)]
  0x0000027e771d8250 JavaThread "Active Thread: Equinox Container: cd6cff4b-bb57-414f-81de-ae8c3279a2b4"        [_thread_blocked, id=24260, stack(0x000000fb89380000,0x000000fb89480000) (1024K)]
  0x0000027e771db040 JavaThread "Refresh Thread: Equinox Container: cd6cff4b-bb57-414f-81de-ae8c3279a2b4" daemon [_thread_blocked, id=21740, stack(0x000000fb89580000,0x000000fb89680000) (1024K)]
  0x0000027e771da9b0 JavaThread "Framework Event Dispatcher: Equinox Container: cd6cff4b-bb57-414f-81de-ae8c3279a2b4" daemon [_thread_blocked, id=22252, stack(0x000000fb89680000,0x000000fb89780000) (1024K)]
  0x0000027e771d9c90 JavaThread "Start Level: Equinox Container: cd6cff4b-bb57-414f-81de-ae8c3279a2b4" daemon [_thread_blocked, id=10644, stack(0x000000fb89780000,0x000000fb89880000) (1024K)]
  0x0000027e771da320 JavaThread "Bundle File Closer"         daemon [_thread_blocked, id=19964, stack(0x000000fb89b80000,0x000000fb89c80000) (1024K)]
  0x0000027e771d8f70 JavaThread "SCR Component Actor"        daemon [_thread_blocked, id=13512, stack(0x000000fb89c80000,0x000000fb89d80000) (1024K)]
  0x0000027e771d9600 JavaThread "Worker-JM"                         [_thread_blocked, id=18568, stack(0x000000fb89280000,0x000000fb89380000) (1024K)]
  0x0000027e77712410 JavaThread "Worker-0"                          [_thread_blocked, id=13408, stack(0x000000fb8a080000,0x000000fb8a180000) (1024K)]
  0x0000027e77711d80 JavaThread "Worker-1"                          [_thread_blocked, id=3136, stack(0x000000fb8a180000,0x000000fb8a280000) (1024K)]
  0x0000027e777109d0 JavaThread "Java indexing"              daemon [_thread_blocked, id=24980, stack(0x000000fb89180000,0x000000fb89280000) (1024K)]
  0x0000027e77710340 JavaThread "JNA Cleaner"                daemon [_thread_blocked, id=5444, stack(0x000000fb8a280000,0x000000fb8a380000) (1024K)]
  0x0000027e7770fcb0 JavaThread "Worker-2"                          [_thread_blocked, id=23068, stack(0x000000fb8a680000,0x000000fb8a780000) (1024K)]
  0x0000027e777116f0 JavaThread "Worker-3"                          [_thread_blocked, id=25304, stack(0x000000fb8a780000,0x000000fb8a880000) (1024K)]
  0x0000027e7770ef90 JavaThread "Thread-2"                   daemon [_thread_in_native, id=25528, stack(0x000000fb8a880000,0x000000fb8a980000) (1024K)]
  0x0000027e77712aa0 JavaThread "Thread-3"                   daemon [_thread_in_native, id=17072, stack(0x000000fb8a980000,0x000000fb8aa80000) (1024K)]
  0x0000027e7770f620 JavaThread "Thread-4"                   daemon [_thread_in_native, id=22612, stack(0x000000fb8aa80000,0x000000fb8ab80000) (1024K)]
  0x0000027e77715890 JavaThread "Thread-5"                   daemon [_thread_in_native, id=24600, stack(0x000000fb8ab80000,0x000000fb8ac80000) (1024K)]
  0x0000027e77715f20 JavaThread "Thread-6"                   daemon [_thread_in_native, id=22860, stack(0x000000fb8ac80000,0x000000fb8ad80000) (1024K)]
  0x0000027e777165b0 JavaThread "Thread-7"                   daemon [_thread_in_native, id=18124, stack(0x000000fb8ad80000,0x000000fb8ae80000) (1024K)]
  0x0000027e77713130 JavaThread "Thread-8"                   daemon [_thread_in_native, id=15984, stack(0x000000fb8ae80000,0x000000fb8af80000) (1024K)]
  0x0000027e77714b70 JavaThread "Thread-9"                   daemon [_thread_in_native, id=13428, stack(0x000000fb8af80000,0x000000fb8b080000) (1024K)]
  0x0000027e777137c0 JavaThread "Thread-10"                  daemon [_thread_in_native, id=16484, stack(0x000000fb8b080000,0x000000fb8b180000) (1024K)]
  0x0000027e77713e50 JavaThread "Thread-11"                  daemon [_thread_in_native, id=7044, stack(0x000000fb8b180000,0x000000fb8b280000) (1024K)]
  0x0000027e777144e0 JavaThread "Thread-12"                  daemon [_thread_in_native, id=7728, stack(0x000000fb8b280000,0x000000fb8b380000) (1024K)]
  0x0000027e77715200 JavaThread "Thread-13"                  daemon [_thread_in_native, id=24988, stack(0x000000fb8b380000,0x000000fb8b480000) (1024K)]
  0x0000027e7894a920 JavaThread "Thread-14"                  daemon [_thread_in_native, id=24736, stack(0x000000fb8b480000,0x000000fb8b580000) (1024K)]
  0x0000027e7894b640 JavaThread "Thread-15"                  daemon [_thread_in_native, id=24692, stack(0x000000fb8b580000,0x000000fb8b680000) (1024K)]
  0x0000027e7894a290 JavaThread "Thread-16"                  daemon [_thread_in_native, id=24768, stack(0x000000fb8b680000,0x000000fb8b780000) (1024K)]
  0x0000027e7894afb0 JavaThread "Thread-17"                  daemon [_thread_in_native, id=18716, stack(0x000000fb8b780000,0x000000fb8b880000) (1024K)]
  0x0000027e7894bcd0 JavaThread "Thread-18"                  daemon [_thread_in_native, id=25240, stack(0x000000fb8b880000,0x000000fb8b980000) (1024K)]
  0x0000027e7894d080 JavaThread "pool-2-thread-1"                   [_thread_blocked, id=24488, stack(0x000000fb8b980000,0x000000fb8ba80000) (1024K)]
  0x0000027e7894c9f0 JavaThread "WorkspaceEventsHandler"            [_thread_blocked, id=17552, stack(0x000000fb8bd80000,0x000000fb8be80000) (1024K)]
  0x0000027e7894c360 JavaThread "pool-1-thread-1"                   [_thread_blocked, id=18392, stack(0x000000fb8be80000,0x000000fb8bf80000) (1024K)]
  0x0000027e78949c00 JavaThread "Worker-4: Initialize Workspace"        [_thread_blocked, id=11276, stack(0x000000fb8c180000,0x000000fb8c280000) (1024K)]
  0x0000027e7894fe70 JavaThread "Timer-0"                           [_thread_blocked, id=13280, stack(0x000000fb8c080000,0x000000fb8c180000) (1024K)]
  0x0000027e7894f150 JavaThread "Timer-1"                           [_thread_blocked, id=18448, stack(0x000000fb8bc80000,0x000000fb8bd80000) (1024K)]
  0x0000027e7894d710 JavaThread "Timer-2"                           [_thread_blocked, id=22532, stack(0x000000fb8bf80000,0x000000fb8c080000) (1024K)]
  0x0000027e7894eac0 JavaThread "LocalFile Deleter"          daemon [_thread_blocked, id=10968, stack(0x000000fb8c280000,0x000000fb8c380000) (1024K)]
  0x0000027e78951220 JavaThread "LocalFile Deleter"          daemon [_thread_blocked, id=10556, stack(0x000000fb8c380000,0x000000fb8c480000) (1024K)]
  0x0000027e7894dda0 JavaThread "LocalFile Deleter"          daemon [_thread_blocked, id=23896, stack(0x000000fb8c480000,0x000000fb8c580000) (1024K)]
  0x0000027e7894e430 JavaThread "Timer-3"                           [_thread_blocked, id=22056, stack(0x000000fb8c580000,0x000000fb8c680000) (1024K)]
  0x0000027e7894f7e0 JavaThread "Timer-4"                           [_thread_blocked, id=18348, stack(0x000000fb8c680000,0x000000fb8c780000) (1024K)]
=>0x0000027e7b0ed590 JavaThread "Connection worker"                 [_thread_in_native, id=21720, stack(0x000000fb8c780000,0x000000fb8c880000) (1024K)]
  0x0000027e7b0edc20 JavaThread "pool-3-thread-1"                   [_thread_blocked, id=22704, stack(0x000000fb8c880000,0x000000fb8c980000) (1024K)]
  0x0000027e7b0ef660 JavaThread "Exec process"                      [_thread_blocked, id=24860, stack(0x000000fb8c980000,0x000000fb8ca80000) (1024K)]
  0x0000027e7b0efcf0 JavaThread "Exec process Thread 2"             [_thread_blocked, id=14764, stack(0x000000fb8ca80000,0x000000fb8cb80000) (1024K)]
  0x0000027e7b0ee940 JavaThread "Exec process Thread 3"             [_thread_blocked, id=25164, stack(0x000000fb8cb80000,0x000000fb8cc80000) (1024K)]
  0x0000027e78694450 JavaThread "C2 CompilerThread1"         daemon [_thread_blocked, id=24516, stack(0x000000fb88600000,0x000000fb88700000) (1024K)]
Total: 61

Other Threads:
  0x0000027e195c3a00 VMThread "VM Thread"                           [id=21440, stack(0x000000fb86a00000,0x000000fb86b00000) (1024K)]
  0x0000027e6f0dca00 WatcherThread "VM Periodic Task Thread"        [id=1108, stack(0x000000fb86900000,0x000000fb86a00000) (1024K)]
  0x0000027e1953f810 WorkerThread "GC Thread#0"                     [id=24012, stack(0x000000fb86800000,0x000000fb86900000) (1024K)]
  0x0000027e76c7b480 WorkerThread "GC Thread#1"                     [id=13952, stack(0x000000fb88b80000,0x000000fb88c80000) (1024K)]
  0x0000027e76c879b0 WorkerThread "GC Thread#2"                     [id=5900, stack(0x000000fb88c80000,0x000000fb88d80000) (1024K)]
  0x0000027e76c87d50 WorkerThread "GC Thread#3"                     [id=24560, stack(0x000000fb88d80000,0x000000fb88e80000) (1024K)]
  0x0000027e7689f730 WorkerThread "GC Thread#4"                     [id=3696, stack(0x000000fb88e80000,0x000000fb88f80000) (1024K)]
  0x0000027e7689fed0 WorkerThread "GC Thread#5"                     [id=22824, stack(0x000000fb88f80000,0x000000fb89080000) (1024K)]
  0x0000027e768a0270 WorkerThread "GC Thread#6"                     [id=19724, stack(0x000000fb89080000,0x000000fb89180000) (1024K)]
  0x0000027e76e210e0 WorkerThread "GC Thread#7"                     [id=25044, stack(0x000000fb89480000,0x000000fb89580000) (1024K)]
  0x0000027e7762dc30 WorkerThread "GC Thread#8"                     [id=2132, stack(0x000000fb89880000,0x000000fb89980000) (1024K)]
  0x0000027e76faec40 WorkerThread "GC Thread#9"                     [id=23968, stack(0x000000fb89980000,0x000000fb89a80000) (1024K)]
  0x0000027e77532590 WorkerThread "GC Thread#10"                    [id=15072, stack(0x000000fb89a80000,0x000000fb89b80000) (1024K)]
  0x0000027e775a40f0 WorkerThread "GC Thread#11"                    [id=11388, stack(0x000000fb89e80000,0x000000fb89f80000) (1024K)]
  0x0000027e775a56b0 WorkerThread "GC Thread#12"                    [id=21664, stack(0x000000fb89f80000,0x000000fb8a080000) (1024K)]
Total: 15

Threads with active compile tasks:
Total: 0

VM state: not at safepoint (normal execution)

VM Mutex/Monitor currently owned by a thread: None

Heap address: 0x00000000c0000000, size: 1024 MB, Compressed Oops mode: 32-bit

CDS archive(s) mapped at: [0x0000027e2e000000-0x0000027e2eba0000-0x0000027e2eba0000), size 12189696, SharedBaseAddress: 0x0000027e2e000000, ArchiveRelocationMode: 1.
Compressed class space mapped at: 0x0000027e2f000000-0x0000027e6f000000, reserved size: 1073741824
Narrow klass base: 0x0000027e2e000000, Narrow klass shift: 0, Narrow klass range: 0x100000000

GC Precious Log:
 CardTable entry size: 512
 CPUs: 16 total, 16 available
 Memory: 16096M
 Large Page Support: Disabled
 NUMA Support: Disabled
 Compressed Oops: Enabled (32-bit)
 Alignments: Space 512K, Generation 512K, Heap 2M
 Heap Min Capacity: 100M
 Heap Initial Capacity: 100M
 Heap Max Capacity: 1G
 Pre-touch: Disabled
 Parallel Workers: 13

Heap:
 PSYoungGen      total 14848K, used 4590K [0x00000000eab00000, 0x00000000ebb00000, 0x0000000100000000)
  eden space 14336K, 28% used [0x00000000eab00000,0x00000000eaf03a48,0x00000000eb900000)
  from space 512K, 93% used [0x00000000eb980000,0x00000000eb9f8000,0x00000000eba00000)
  to   space 1024K, 0% used [0x00000000eba00000,0x00000000eba00000,0x00000000ebb00000)
 ParOldGen       total 68608K, used 41216K [0x00000000c0000000, 0x00000000c4300000, 0x00000000eab00000)
  object space 68608K, 60% used [0x00000000c0000000,0x00000000c28402e0,0x00000000c4300000)
 Metaspace       used 62449K, committed 63808K, reserved 1114112K
  class space    used 7716K, committed 8320K, reserved 1048576K

Card table byte_map: [0x0000027e2b950000,0x0000027e2bb60000] _byte_map_base: 0x0000027e2b350000

Marking Bits: (ParMarkBitMap*) 0x00007ffcbf5f31f0
 Begin Bits: [0x0000027e2bcc0000, 0x0000027e2ccc0000)
 End Bits:   [0x0000027e2ccc0000, 0x0000027e2dcc0000)

Polling page: 0x0000027e17d10000

Metaspace:

Usage:
  Non-class:     53.45 MB used.
      Class:      7.54 MB used.
       Both:     60.99 MB used.

Virtual space:
  Non-class space:       64.00 MB reserved,      54.19 MB ( 85%) committed,  1 nodes.
      Class space:        1.00 GB reserved,       8.12 MB ( <1%) committed,  1 nodes.
             Both:        1.06 GB reserved,      62.31 MB (  6%) committed. 

Chunk freelists:
   Non-Class:  8.89 MB
       Class:  7.91 MB
        Both:  16.80 MB

MaxMetaspaceSize: unlimited
CompressedClassSpaceSize: 1.00 GB
Initial GC threshold: 21.00 MB
Current GC threshold: 97.31 MB
CDS: on
 - commit_granule_bytes: 65536.
 - commit_granule_words: 8192.
 - virtual_space_node_default_size: 8388608.
 - enlarge_chunks_in_place: 1.
 - use_allocation_guard: 0.


Internal statistics:

num_allocs_failed_limit: 9.
num_arena_births: 1132.
num_arena_deaths: 14.
num_vsnodes_births: 2.
num_vsnodes_deaths: 0.
num_space_committed: 997.
num_space_uncommitted: 0.
num_chunks_returned_to_freelist: 23.
num_chunks_taken_from_freelist: 3767.
num_chunk_merges: 15.
num_chunk_splits: 2497.
num_chunks_enlarged: 1628.
num_inconsistent_stats: 0.

CodeHeap 'non-profiled nmethods': size=119168Kb used=4940Kb max_used=4940Kb free=114227Kb
 bounds [0x0000027e24310000, 0x0000027e247f0000, 0x0000027e2b770000]
CodeHeap 'profiled nmethods': size=119104Kb used=14512Kb max_used=14692Kb free=104591Kb
 bounds [0x0000027e1c770000, 0x0000027e1d5d0000, 0x0000027e23bc0000]
CodeHeap 'non-nmethods': size=7488Kb used=2515Kb max_used=3158Kb free=4972Kb
 bounds [0x0000027e23bc0000, 0x0000027e23ee0000, 0x0000027e24310000]
 total_blobs=7791 nmethods=7102 adapters=593
 compilation: enabled
              stopped_count=0, restarted_count=0
 full_count=0

Compilation events (20 events):
Event: 7.247 Thread 0x0000027e705b9fb0 7887       3       java.security.Provider::implRemoveService (149 bytes)
Event: 7.247 Thread 0x0000027e706799b0 7889       3       java.security.Provider::checkAndUpdateSecureRandom (88 bytes)
Event: 7.247 Thread 0x0000027e7089d1b0 nmethod 7886 0x0000027e1cc31810 code [0x0000027e1cc319e0, 0x0000027e1cc31d40]
Event: 7.247 Thread 0x0000027e7089d1b0 7884       3       java.security.Provider::getEngineName (49 bytes)
Event: 7.247 Thread 0x0000027e706799b0 nmethod 7889 0x0000027e1cc31110 code [0x0000027e1cc312e0, 0x0000027e1cc31680]
Event: 7.247 Thread 0x0000027e705b9fb0 nmethod 7887 0x0000027e1d128d10 code [0x0000027e1d128fc0, 0x0000027e1d129c40]
Event: 7.247 Thread 0x0000027e7089d1b0 nmethod 7884 0x0000027e1d128010 code [0x0000027e1d128240, 0x0000027e1d128a80]
Event: 7.252 Thread 0x0000027e7089d1b0 7891       3       java.util.HashMap::computeIfAbsent (330 bytes)
Event: 7.253 Thread 0x0000027e706799b0 7892       3       sun.security.util.SecurityProviderConstants::getAliases (63 bytes)
Event: 7.253 Thread 0x0000027e706799b0 nmethod 7892 0x0000027e1d127210 code [0x0000027e1d127480, 0x0000027e1d127d20]
Event: 7.253 Thread 0x0000027e7089d1b0 nmethod 7891 0x0000027e1d125390 code [0x0000027e1d1256c0, 0x0000027e1d126c38]
Event: 7.257 Thread 0x0000027e706799b0 7894       1       java.nio.DirectByteBuffer::attachment (5 bytes)
Event: 7.257 Thread 0x0000027e706799b0 nmethod 7894 0x0000027e247da690 code [0x0000027e247da820, 0x0000027e247da8e8]
Event: 7.257 Thread 0x0000027e78694450 7869       4       java.io.DataInputStream::readFully (59 bytes)
Event: 7.260 Thread 0x0000027e706799b0 7895       3       java.security.MessageDigest::update (11 bytes)
Event: 7.260 Thread 0x0000027e705b9fb0 7896       3       java.security.MessageDigest$Delegate::engineUpdate (9 bytes)
Event: 7.260 Thread 0x0000027e7089d1b0 7897       3       sun.security.provider.DigestBase::engineUpdate (32 bytes)
Event: 7.261 Thread 0x0000027e705b9fb0 nmethod 7896 0x0000027e1cc30c90 code [0x0000027e1cc30e40, 0x0000027e1cc31018]
Event: 7.261 Thread 0x0000027e7089d1b0 nmethod 7897 0x0000027e1d124e90 code [0x0000027e1d125040, 0x0000027e1d1252a8]
Event: 7.261 Thread 0x0000027e706799b0 nmethod 7895 0x0000027e1d124910 code [0x0000027e1d124ac0, 0x0000027e1d124d80]

GC Heap History (20 events):
Event: 5.333 GC heap before
{Heap before GC invocations=43 (full 3):
 PSYoungGen      total 15872K, used 14762K [0x00000000eab00000, 0x00000000ebe00000, 0x0000000100000000)
  eden space 14336K, 100% used [0x00000000eab00000,0x00000000eb900000,0x00000000eb900000)
  from space 1536K, 27% used [0x00000000ebb80000,0x00000000ebbea9a0,0x00000000ebd00000)
  to   space 1024K, 0% used [0x00000000ebd00000,0x00000000ebd00000,0x00000000ebe00000)
 ParOldGen       total 68608K, used 38586K [0x00000000c0000000, 0x00000000c4300000, 0x00000000eab00000)
  object space 68608K, 56% used [0x00000000c0000000,0x00000000c25ae958,0x00000000c4300000)
 Metaspace       used 58858K, committed 60096K, reserved 1114112K
  class space    used 7199K, committed 7744K, reserved 1048576K
}
Event: 5.334 GC heap after
{Heap after GC invocations=43 (full 3):
 PSYoungGen      total 15360K, used 1018K [0x00000000eab00000, 0x00000000ebe00000, 0x0000000100000000)
  eden space 14336K, 0% used [0x00000000eab00000,0x00000000eab00000,0x00000000eb900000)
  from space 1024K, 99% used [0x00000000ebd00000,0x00000000ebdfe908,0x00000000ebe00000)
  to   space 1536K, 0% used [0x00000000ebb00000,0x00000000ebb00000,0x00000000ebc80000)
 ParOldGen       total 68608K, used 38729K [0x00000000c0000000, 0x00000000c4300000, 0x00000000eab00000)
  object space 68608K, 56% used [0x00000000c0000000,0x00000000c25d2418,0x00000000c4300000)
 Metaspace       used 58858K, committed 60096K, reserved 1114112K
  class space    used 7199K, committed 7744K, reserved 1048576K
}
Event: 5.390 GC heap before
{Heap before GC invocations=44 (full 3):
 PSYoungGen      total 15360K, used 15354K [0x00000000eab00000, 0x00000000ebe00000, 0x0000000100000000)
  eden space 14336K, 100% used [0x00000000eab00000,0x00000000eb900000,0x00000000eb900000)
  from space 1024K, 99% used [0x00000000ebd00000,0x00000000ebdfe908,0x00000000ebe00000)
  to   space 1536K, 0% used [0x00000000ebb00000,0x00000000ebb00000,0x00000000ebc80000)
 ParOldGen       total 68608K, used 38729K [0x00000000c0000000, 0x00000000c4300000, 0x00000000eab00000)
  object space 68608K, 56% used [0x00000000c0000000,0x00000000c25d2418,0x00000000c4300000)
 Metaspace       used 58858K, committed 60096K, reserved 1114112K
  class space    used 7199K, committed 7744K, reserved 1048576K
}
Event: 5.390 GC heap after
{Heap after GC invocations=44 (full 3):
 PSYoungGen      total 15360K, used 984K [0x00000000eab00000, 0x00000000ebd80000, 0x0000000100000000)
  eden space 14336K, 0% used [0x00000000eab00000,0x00000000eab00000,0x00000000eb900000)
  from space 1024K, 96% used [0x00000000ebb00000,0x00000000ebbf62c0,0x00000000ebc00000)
  to   space 1536K, 0% used [0x00000000ebc00000,0x00000000ebc00000,0x00000000ebd80000)
 ParOldGen       total 68608K, used 38817K [0x00000000c0000000, 0x00000000c4300000, 0x00000000eab00000)
  object space 68608K, 56% used [0x00000000c0000000,0x00000000c25e8418,0x00000000c4300000)
 Metaspace       used 58858K, committed 60096K, reserved 1114112K
  class space    used 7199K, committed 7744K, reserved 1048576K
}
Event: 5.442 GC heap before
{Heap before GC invocations=45 (full 3):
 PSYoungGen      total 15360K, used 15320K [0x00000000eab00000, 0x00000000ebd80000, 0x0000000100000000)
  eden space 14336K, 100% used [0x00000000eab00000,0x00000000eb900000,0x00000000eb900000)
  from space 1024K, 96% used [0x00000000ebb00000,0x00000000ebbf62c0,0x00000000ebc00000)
  to   space 1536K, 0% used [0x00000000ebc00000,0x00000000ebc00000,0x00000000ebd80000)
 ParOldGen       total 68608K, used 38817K [0x00000000c0000000, 0x00000000c4300000, 0x00000000eab00000)
  object space 68608K, 56% used [0x00000000c0000000,0x00000000c25e8418,0x00000000c4300000)
 Metaspace       used 58858K, committed 60096K, reserved 1114112K
  class space    used 7199K, committed 7744K, reserved 1048576K
}
Event: 5.443 GC heap after
{Heap after GC invocations=45 (full 3):
 PSYoungGen      total 14848K, used 352K [0x00000000eab00000, 0x00000000ebc80000, 0x0000000100000000)
  eden space 14336K, 0% used [0x00000000eab00000,0x00000000eab00000,0x00000000eb900000)
  from space 512K, 68% used [0x00000000ebc00000,0x00000000ebc58000,0x00000000ebc80000)
  to   space 1024K, 0% used [0x00000000eba80000,0x00000000eba80000,0x00000000ebb80000)
 ParOldGen       total 68608K, used 39015K [0x00000000c0000000, 0x00000000c4300000, 0x00000000eab00000)
  object space 68608K, 56% used [0x00000000c0000000,0x00000000c2619e48,0x00000000c4300000)
 Metaspace       used 58858K, committed 60096K, reserved 1114112K
  class space    used 7199K, committed 7744K, reserved 1048576K
}
Event: 5.498 GC heap before
{Heap before GC invocations=46 (full 3):
 PSYoungGen      total 14848K, used 14688K [0x00000000eab00000, 0x00000000ebc80000, 0x0000000100000000)
  eden space 14336K, 100% used [0x00000000eab00000,0x00000000eb900000,0x00000000eb900000)
  from space 512K, 68% used [0x00000000ebc00000,0x00000000ebc58000,0x00000000ebc80000)
  to   space 1024K, 0% used [0x00000000eba80000,0x00000000eba80000,0x00000000ebb80000)
 ParOldGen       total 68608K, used 39015K [0x00000000c0000000, 0x00000000c4300000, 0x00000000eab00000)
  object space 68608K, 56% used [0x00000000c0000000,0x00000000c2619e48,0x00000000c4300000)
 Metaspace       used 58859K, committed 60096K, reserved 1114112K
  class space    used 7199K, committed 7744K, reserved 1048576K
}
Event: 5.498 GC heap after
{Heap after GC invocations=46 (full 3):
 PSYoungGen      total 15360K, used 1008K [0x00000000eab00000, 0x00000000ebc80000, 0x0000000100000000)
  eden space 14336K, 0% used [0x00000000eab00000,0x00000000eab00000,0x00000000eb900000)
  from space 1024K, 98% used [0x00000000eba80000,0x00000000ebb7c290,0x00000000ebb80000)
  to   space 1024K, 0% used [0x00000000ebb80000,0x00000000ebb80000,0x00000000ebc80000)
 ParOldGen       total 68608K, used 39338K [0x00000000c0000000, 0x00000000c4300000, 0x00000000eab00000)
  object space 68608K, 57% used [0x00000000c0000000,0x00000000c266a960,0x00000000c4300000)
 Metaspace       used 58859K, committed 60096K, reserved 1114112K
  class space    used 7199K, committed 7744K, reserved 1048576K
}
Event: 5.556 GC heap before
{Heap before GC invocations=47 (full 3):
 PSYoungGen      total 15360K, used 15344K [0x00000000eab00000, 0x00000000ebc80000, 0x0000000100000000)
  eden space 14336K, 100% used [0x00000000eab00000,0x00000000eb900000,0x00000000eb900000)
  from space 1024K, 98% used [0x00000000eba80000,0x00000000ebb7c290,0x00000000ebb80000)
  to   space 1024K, 0% used [0x00000000ebb80000,0x00000000ebb80000,0x00000000ebc80000)
 ParOldGen       total 68608K, used 39338K [0x00000000c0000000, 0x00000000c4300000, 0x00000000eab00000)
  object space 68608K, 57% used [0x00000000c0000000,0x00000000c266a960,0x00000000c4300000)
 Metaspace       used 58859K, committed 60096K, reserved 1114112K
  class space    used 7199K, committed 7744K, reserved 1048576K
}
Event: 5.557 GC heap after
{Heap after GC invocations=47 (full 3):
 PSYoungGen      total 14848K, used 288K [0x00000000eab00000, 0x00000000ebc00000, 0x0000000100000000)
  eden space 14336K, 0% used [0x00000000eab00000,0x00000000eab00000,0x00000000eb900000)
  from space 512K, 56% used [0x00000000ebb80000,0x00000000ebbc8000,0x00000000ebc00000)
  to   space 1024K, 0% used [0x00000000eba00000,0x00000000eba00000,0x00000000ebb00000)
 ParOldGen       total 68608K, used 39402K [0x00000000c0000000, 0x00000000c4300000, 0x00000000eab00000)
  object space 68608K, 57% used [0x00000000c0000000,0x00000000c267a960,0x00000000c4300000)
 Metaspace       used 58859K, committed 60096K, reserved 1114112K
  class space    used 7199K, committed 7744K, reserved 1048576K
}
Event: 5.607 GC heap before
{Heap before GC invocations=48 (full 3):
 PSYoungGen      total 14848K, used 14624K [0x00000000eab00000, 0x00000000ebc00000, 0x0000000100000000)
  eden space 14336K, 100% used [0x00000000eab00000,0x00000000eb900000,0x00000000eb900000)
  from space 512K, 56% used [0x00000000ebb80000,0x00000000ebbc8000,0x00000000ebc00000)
  to   space 1024K, 0% used [0x00000000eba00000,0x00000000eba00000,0x00000000ebb00000)
 ParOldGen       total 68608K, used 39402K [0x00000000c0000000, 0x00000000c4300000, 0x00000000eab00000)
  object space 68608K, 57% used [0x00000000c0000000,0x00000000c267a960,0x00000000c4300000)
 Metaspace       used 58859K, committed 60096K, reserved 1114112K
  class space    used 7199K, committed 7744K, reserved 1048576K
}
Event: 5.608 GC heap after
{Heap after GC invocations=48 (full 3):
 PSYoungGen      total 15360K, used 1005K [0x00000000eab00000, 0x00000000ebc00000, 0x0000000100000000)
  eden space 14336K, 0% used [0x00000000eab00000,0x00000000eab00000,0x00000000eb900000)
  from space 1024K, 98% used [0x00000000eba00000,0x00000000ebafb518,0x00000000ebb00000)
  to   space 1024K, 0% used [0x00000000ebb00000,0x00000000ebb00000,0x00000000ebc00000)
 ParOldGen       total 68608K, used 39620K [0x00000000c0000000, 0x00000000c4300000, 0x00000000eab00000)
  object space 68608K, 57% used [0x00000000c0000000,0x00000000c26b10a0,0x00000000c4300000)
 Metaspace       used 58859K, committed 60096K, reserved 1114112K
  class space    used 7199K, committed 7744K, reserved 1048576K
}
Event: 5.664 GC heap before
{Heap before GC invocations=49 (full 3):
 PSYoungGen      total 15360K, used 15341K [0x00000000eab00000, 0x00000000ebc00000, 0x0000000100000000)
  eden space 14336K, 100% used [0x00000000eab00000,0x00000000eb900000,0x00000000eb900000)
  from space 1024K, 98% used [0x00000000eba00000,0x00000000ebafb518,0x00000000ebb00000)
  to   space 1024K, 0% used [0x00000000ebb00000,0x00000000ebb00000,0x00000000ebc00000)
 ParOldGen       total 68608K, used 39620K [0x00000000c0000000, 0x00000000c4300000, 0x00000000eab00000)
  object space 68608K, 57% used [0x00000000c0000000,0x00000000c26b10a0,0x00000000c4300000)
 Metaspace       used 58859K, committed 60096K, reserved 1114112K
  class space    used 7199K, committed 7744K, reserved 1048576K
}
Event: 5.665 GC heap after
{Heap after GC invocations=49 (full 3):
 PSYoungGen      total 15360K, used 953K [0x00000000eab00000, 0x00000000ebc00000, 0x0000000100000000)
  eden space 14336K, 0% used [0x00000000eab00000,0x00000000eab00000,0x00000000eb900000)
  from space 1024K, 93% used [0x00000000ebb00000,0x00000000ebbee6c0,0x00000000ebc00000)
  to   space 1536K, 0% used [0x00000000eb900000,0x00000000eb900000,0x00000000eba80000)
 ParOldGen       total 68608K, used 39700K [0x00000000c0000000, 0x00000000c4300000, 0x00000000eab00000)
  object space 68608K, 57% used [0x00000000c0000000,0x00000000c26c50b0,0x00000000c4300000)
 Metaspace       used 58859K, committed 60096K, reserved 1114112K
  class space    used 7199K, committed 7744K, reserved 1048576K
}
Event: 5.724 GC heap before
{Heap before GC invocations=50 (full 3):
 PSYoungGen      total 15360K, used 15289K [0x00000000eab00000, 0x00000000ebc00000, 0x0000000100000000)
  eden space 14336K, 100% used [0x00000000eab00000,0x00000000eb900000,0x00000000eb900000)
  from space 1024K, 93% used [0x00000000ebb00000,0x00000000ebbee6c0,0x00000000ebc00000)
  to   space 1536K, 0% used [0x00000000eb900000,0x00000000eb900000,0x00000000eba80000)
 ParOldGen       total 68608K, used 39700K [0x00000000c0000000, 0x00000000c4300000, 0x00000000eab00000)
  object space 68608K, 57% used [0x00000000c0000000,0x00000000c26c50b0,0x00000000c4300000)
 Metaspace       used 58955K, committed 60160K, reserved 1114112K
  class space    used 7211K, committed 7744K, reserved 1048576K
}
Event: 5.724 GC heap after
{Heap after GC invocations=50 (full 3):
 PSYoungGen      total 15872K, used 384K [0x00000000eab00000, 0x00000000ebb80000, 0x0000000100000000)
  eden space 14336K, 0% used [0x00000000eab00000,0x00000000eab00000,0x00000000eb900000)
  from space 1536K, 25% used [0x00000000eb900000,0x00000000eb960000,0x00000000eba80000)
  to   space 1024K, 0% used [0x00000000eba80000,0x00000000eba80000,0x00000000ebb80000)
 ParOldGen       total 68608K, used 39764K [0x00000000c0000000, 0x00000000c4300000, 0x00000000eab00000)
  object space 68608K, 57% used [0x00000000c0000000,0x00000000c26d50b0,0x00000000c4300000)
 Metaspace       used 58955K, committed 60160K, reserved 1114112K
  class space    used 7211K, committed 7744K, reserved 1048576K
}
Event: 5.842 GC heap before
{Heap before GC invocations=51 (full 3):
 PSYoungGen      total 15872K, used 14720K [0x00000000eab00000, 0x00000000ebb80000, 0x0000000100000000)
  eden space 14336K, 100% used [0x00000000eab00000,0x00000000eb900000,0x00000000eb900000)
  from space 1536K, 25% used [0x00000000eb900000,0x00000000eb960000,0x00000000eba80000)
  to   space 1024K, 0% used [0x00000000eba80000,0x00000000eba80000,0x00000000ebb80000)
 ParOldGen       total 68608K, used 39764K [0x00000000c0000000, 0x00000000c4300000, 0x00000000eab00000)
  object space 68608K, 57% used [0x00000000c0000000,0x00000000c26d50b0,0x00000000c4300000)
 Metaspace       used 60576K, committed 61888K, reserved 1114112K
  class space    used 7464K, committed 8064K, reserved 1048576K
}
Event: 5.843 GC heap after
{Heap after GC invocations=51 (full 3):
 PSYoungGen      total 15360K, used 768K [0x00000000eab00000, 0x00000000ebb80000, 0x0000000100000000)
  eden space 14336K, 0% used [0x00000000eab00000,0x00000000eab00000,0x00000000eb900000)
  from space 1024K, 75% used [0x00000000eba80000,0x00000000ebb40010,0x00000000ebb80000)
  to   space 1024K, 0% used [0x00000000eb980000,0x00000000eb980000,0x00000000eba80000)
 ParOldGen       total 68608K, used 39860K [0x00000000c0000000, 0x00000000c4300000, 0x00000000eab00000)
  object space 68608K, 58% used [0x00000000c0000000,0x00000000c26ed0b0,0x00000000c4300000)
 Metaspace       used 60576K, committed 61888K, reserved 1114112K
  class space    used 7464K, committed 8064K, reserved 1048576K
}
Event: 6.037 GC heap before
{Heap before GC invocations=52 (full 3):
 PSYoungGen      total 15360K, used 15104K [0x00000000eab00000, 0x00000000ebb80000, 0x0000000100000000)
  eden space 14336K, 100% used [0x00000000eab00000,0x00000000eb900000,0x00000000eb900000)
  from space 1024K, 75% used [0x00000000eba80000,0x00000000ebb40010,0x00000000ebb80000)
  to   space 1024K, 0% used [0x00000000eb980000,0x00000000eb980000,0x00000000eba80000)
 ParOldGen       total 68608K, used 39860K [0x00000000c0000000, 0x00000000c4300000, 0x00000000eab00000)
  object space 68608K, 58% used [0x00000000c0000000,0x00000000c26ed0b0,0x00000000c4300000)
 Metaspace       used 61817K, committed 63168K, reserved 1114112K
  class space    used 7637K, committed 8192K, reserved 1048576K
}
Event: 6.039 GC heap after
{Heap after GC invocations=52 (full 3):
 PSYoungGen      total 14848K, used 480K [0x00000000eab00000, 0x00000000ebb00000, 0x0000000100000000)
  eden space 14336K, 0% used [0x00000000eab00000,0x00000000eab00000,0x00000000eb900000)
  from space 512K, 93% used [0x00000000eb980000,0x00000000eb9f8000,0x00000000eba00000)
  to   space 1024K, 0% used [0x00000000eba00000,0x00000000eba00000,0x00000000ebb00000)
 ParOldGen       total 68608K, used 41216K [0x00000000c0000000, 0x00000000c4300000, 0x00000000eab00000)
  object space 68608K, 60% used [0x00000000c0000000,0x00000000c28402e0,0x00000000c4300000)
 Metaspace       used 61817K, committed 63168K, reserved 1114112K
  class space    used 7637K, committed 8192K, reserved 1048576K
}

Dll operation events (15 events):
Event: 0.009 Loaded shared library c:\Users\admin\.cursor\extensions\redhat.java-1.42.0-win32-x64\jre\21.0.7-win32-x86_64\bin\java.dll
Event: 0.054 Loaded shared library c:\Users\admin\.cursor\extensions\redhat.java-1.42.0-win32-x64\jre\21.0.7-win32-x86_64\bin\zip.dll
Event: 0.069 Loaded shared library C:\Users\admin\.cursor\extensions\redhat.java-1.42.0-win32-x64\jre\21.0.7-win32-x86_64\bin\instrument.dll
Event: 0.072 Loaded shared library C:\Users\admin\.cursor\extensions\redhat.java-1.42.0-win32-x64\jre\21.0.7-win32-x86_64\bin\net.dll
Event: 0.077 Loaded shared library C:\Users\admin\.cursor\extensions\redhat.java-1.42.0-win32-x64\jre\21.0.7-win32-x86_64\bin\nio.dll
Event: 0.079 Loaded shared library C:\Users\admin\.cursor\extensions\redhat.java-1.42.0-win32-x64\jre\21.0.7-win32-x86_64\bin\zip.dll
Event: 0.089 Loaded shared library C:\Users\admin\.cursor\extensions\redhat.java-1.42.0-win32-x64\jre\21.0.7-win32-x86_64\bin\jimage.dll
Event: 0.126 Loaded shared library c:\Users\admin\.cursor\extensions\redhat.java-1.42.0-win32-x64\jre\21.0.7-win32-x86_64\bin\verify.dll
Event: 0.700 Loaded shared library C:\Users\admin\AppData\Roaming\Cursor\User\globalStorage\redhat.java\1.42.0\config_win\org.eclipse.equinox.launcher\org.eclipse.equinox.launcher.win32.win32.x86_64_1.2.1300.v20250331-1702\eclipse_11911.dll
Event: 2.024 Loaded shared library C:\Users\admin\.cursor\extensions\redhat.java-1.42.0-win32-x64\jre\21.0.7-win32-x86_64\bin\management.dll
Event: 2.026 Loaded shared library C:\Users\admin\.cursor\extensions\redhat.java-1.42.0-win32-x64\jre\21.0.7-win32-x86_64\bin\management_ext.dll
Event: 2.163 Loaded shared library C:\Users\admin\AppData\Local\Temp\jna-92668751\jna10419824807692122371.dll
Event: 3.956 Loaded shared library C:\Users\admin\.gradle\native\1def1411415f61bf3af743bc5b6707747c0891f09f0c88961ee8f79bc544acac\windows-amd64\native-platform.dll
Event: 5.756 Loaded shared library C:\Users\admin\.cursor\extensions\redhat.java-1.42.0-win32-x64\jre\21.0.7-win32-x86_64\bin\extnet.dll
Event: 7.255 Loaded shared library C:\Users\admin\.cursor\extensions\redhat.java-1.42.0-win32-x64\jre\21.0.7-win32-x86_64\bin\sunmscapi.dll

Deoptimization events (20 events):
Event: 7.252 Thread 0x0000027e7b0ed590 Uncommon trap: trap_request=0xffffff45 fr.pc=0x0000027e243c4c78 relative=0x00000000000008b8
Event: 7.252 Thread 0x0000027e7b0ed590 Uncommon trap: reason=unstable_if action=reinterpret pc=0x0000027e243c4c78 method=java.util.HashMap.computeIfAbsent(Ljava/lang/Object;Ljava/util/function/Function;)Ljava/lang/Object; @ 294 c2
Event: 7.252 Thread 0x0000027e7b0ed590 DEOPT PACKING pc=0x0000027e243c4c78 sp=0x000000fb8c87bfe0
Event: 7.252 Thread 0x0000027e7b0ed590 DEOPT UNPACKING pc=0x0000027e23c13aa2 sp=0x000000fb8c87bf88 mode 2
Event: 7.261 Thread 0x0000027e7b0ed590 Uncommon trap: trap_request=0xffffff45 fr.pc=0x0000027e24678940 relative=0x0000000000000b80
Event: 7.261 Thread 0x0000027e7b0ed590 Uncommon trap: reason=unstable_if action=reinterpret pc=0x0000027e24678940 method=sun.nio.fs.WindowsPath.openForReadAttributeAccess(Z)J @ 5 c2
Event: 7.261 Thread 0x0000027e7b0ed590 DEOPT PACKING pc=0x0000027e24678940 sp=0x000000fb8c87db60
Event: 7.261 Thread 0x0000027e7b0ed590 DEOPT UNPACKING pc=0x0000027e23c13aa2 sp=0x000000fb8c87db38 mode 2
Event: 7.261 Thread 0x0000027e7b0ed590 Uncommon trap: trap_request=0xffffff45 fr.pc=0x0000027e2467d384 relative=0x0000000000000a64
Event: 7.261 Thread 0x0000027e7b0ed590 Uncommon trap: reason=unstable_if action=reinterpret pc=0x0000027e2467d384 method=sun.nio.fs.WindowsNativeDispatcher.asNativeBuffer(Ljava/lang/String;)Lsun/nio/fs/NativeBuffer; @ 52 c2
Event: 7.261 Thread 0x0000027e7b0ed590 DEOPT PACKING pc=0x0000027e2467d384 sp=0x000000fb8c87dae0
Event: 7.261 Thread 0x0000027e7b0ed590 DEOPT UNPACKING pc=0x0000027e23c13aa2 sp=0x000000fb8c87d988 mode 2
Event: 7.261 Thread 0x0000027e7b0ed590 Uncommon trap: trap_request=0xffffff45 fr.pc=0x0000027e24676930 relative=0x0000000000000650
Event: 7.261 Thread 0x0000027e7b0ed590 Uncommon trap: reason=unstable_if action=reinterpret pc=0x0000027e24676930 method=sun.nio.fs.WindowsFileAttributes.isReparsePoint(I)Z @ 5 c2
Event: 7.261 Thread 0x0000027e7b0ed590 DEOPT PACKING pc=0x0000027e24676930 sp=0x000000fb8c87db80
Event: 7.261 Thread 0x0000027e7b0ed590 DEOPT UNPACKING pc=0x0000027e23c13aa2 sp=0x000000fb8c87daa8 mode 2
Event: 7.261 Thread 0x0000027e7b0ed590 Uncommon trap: trap_request=0xffffff45 fr.pc=0x0000027e24657114 relative=0x00000000000001d4
Event: 7.261 Thread 0x0000027e7b0ed590 Uncommon trap: reason=unstable_if action=reinterpret pc=0x0000027e24657114 method=sun.nio.fs.NativeBuffers.getNativeBufferFromCache(I)Lsun/nio/fs/NativeBuffer; @ 34 c2
Event: 7.261 Thread 0x0000027e7b0ed590 DEOPT PACKING pc=0x0000027e24657114 sp=0x000000fb8c87da90
Event: 7.261 Thread 0x0000027e7b0ed590 DEOPT UNPACKING pc=0x0000027e23c13aa2 sp=0x000000fb8c87da18 mode 2

Classes loaded (20 events):
Event: 7.258 Loading class sun/security/provider/certpath/ldap/JdkLDAP$ProviderService
Event: 7.258 Loading class sun/security/provider/certpath/ldap/JdkLDAP$ProviderService done
Event: 7.258 Loading class com/sun/security/sasl/Provider
Event: 7.258 Loading class com/sun/security/sasl/Provider done
Event: 7.258 Loading class com/sun/security/sasl/Provider$1
Event: 7.258 Loading class com/sun/security/sasl/Provider$1 done
Event: 7.258 Loading class com/sun/security/sasl/Provider$ProviderService
Event: 7.258 Loading class com/sun/security/sasl/Provider$ProviderService done
Event: 7.259 Loading class sun/nio/ch/ServerSocketChannelImpl
Event: 7.260 Loading class sun/nio/ch/ServerSocketChannelImpl done
Event: 7.261 Loading class java/nio/BufferMismatch
Event: 7.261 Loading class java/nio/BufferMismatch done
Event: 7.261 Loading class sun/nio/ch/SourceChannelImpl
Event: 7.261 Loading class java/nio/channels/Pipe$SourceChannel
Event: 7.261 Loading class java/nio/channels/Pipe$SourceChannel done
Event: 7.261 Loading class sun/nio/ch/SourceChannelImpl done
Event: 7.261 Loading class sun/nio/ch/SinkChannelImpl
Event: 7.261 Loading class java/nio/channels/Pipe$SinkChannel
Event: 7.261 Loading class java/nio/channels/Pipe$SinkChannel done
Event: 7.261 Loading class sun/nio/ch/SinkChannelImpl done

Classes unloaded (7 events):
Event: 1.754 Thread 0x0000027e195c3a00 Unloading class 0x0000027e2f1a3c00 'java/lang/invoke/LambdaForm$MH+0x0000027e2f1a3c00'
Event: 1.754 Thread 0x0000027e195c3a00 Unloading class 0x0000027e2f1a3800 'java/lang/invoke/LambdaForm$MH+0x0000027e2f1a3800'
Event: 1.754 Thread 0x0000027e195c3a00 Unloading class 0x0000027e2f1a3400 'java/lang/invoke/LambdaForm$MH+0x0000027e2f1a3400'
Event: 1.754 Thread 0x0000027e195c3a00 Unloading class 0x0000027e2f1a3000 'java/lang/invoke/LambdaForm$MH+0x0000027e2f1a3000'
Event: 1.754 Thread 0x0000027e195c3a00 Unloading class 0x0000027e2f1a2c00 'java/lang/invoke/LambdaForm$BMH+0x0000027e2f1a2c00'
Event: 1.754 Thread 0x0000027e195c3a00 Unloading class 0x0000027e2f1a2800 'java/lang/invoke/LambdaForm$DMH+0x0000027e2f1a2800'
Event: 1.754 Thread 0x0000027e195c3a00 Unloading class 0x0000027e2f1a1400 'java/lang/invoke/LambdaForm$DMH+0x0000027e2f1a1400'

Classes redefined (0 events):
No events

Internal exceptions (20 events):
Event: 5.809 Thread 0x0000027e7b0ed590 Exception <a 'java/lang/NoSuchMethodError'{0x00000000eb3ca3a8}: 'java.lang.Object java.lang.invoke.DirectMethodHandle$Holder.invokeStatic(java.lang.Object, java.lang.Object, java.lang.Object, java.lang.Object, java.lang.Object, java.lang.Object, java.lang.Object, java.lang.Object, java.lang.Object, java.lang.Object, java.lang.Object, java.lang.Object, java.lang.Object, java.lang.Object, java.lang.Object, java.lang.Object, java.lang.Object)'> (0x00000000eb3ca3a8) 
thrown [s\src\hotspot\share\interpreter\lin
Event: 5.810 Thread 0x0000027e7b0ed590 Exception <a 'java/lang/NoSuchMethodError'{0x00000000eb3f6df0}: 'java.lang.Object java.lang.invoke.DirectMethodHandle$Holder.invokeStatic(java.lang.Object, java.lang.Object, java.lang.Object, java.lang.Object, java.lang.Object, java.lang.Object, java.lang.Object, java.lang.Object, java.lang.Object, java.lang.Object, java.lang.Object, java.lang.Object, java.lang.Object, java.lang.Object, java.lang.Object, java.lang.Object, java.lang.Object, java.lang.Object)'> (0x00000000eb3f6df0) 
thrown [s\src\hotspot\sha
Event: 5.811 Thread 0x0000027e7b0ed590 Exception <a 'java/lang/NoSuchMethodError'{0x00000000eb4248f8}: 'java.lang.Object java.lang.invoke.DirectMethodHandle$Holder.invokeStatic(java.lang.Object, java.lang.Object, java.lang.Object, java.lang.Object, java.lang.Object, java.lang.Object, java.lang.Object, java.lang.Object, java.lang.Object, java.lang.Object, java.lang.Object, java.lang.Object, java.lang.Object, java.lang.Object, java.lang.Object, java.lang.Object, java.lang.Object, java.lang.Object, java.lang.Object)'> (0x00000000eb4248f8) 
thrown 
Event: 5.812 Thread 0x0000027e7b0ed590 Exception <a 'java/lang/NoSuchMethodError'{0x00000000eb454510}: 'java.lang.Object java.lang.invoke.DirectMethodHandle$Holder.invokeStatic(java.lang.Object, java.lang.Object, java.lang.Object, java.lang.Object, java.lang.Object, java.lang.Object, java.lang.Object, java.lang.Object, java.lang.Object, java.lang.Object, java.lang.Object, java.lang.Object, java.lang.Object, java.lang.Object, java.lang.Object, java.lang.Object, java.lang.Object, java.lang.Object, java.lang.Object, java.lang.Object)'> (0x00000000
Event: 5.813 Thread 0x0000027e7b0ed590 Exception <a 'java/lang/NoSuchMethodError'{0x00000000eb484f10}: 'java.lang.Object java.lang.invoke.DirectMethodHandle$Holder.invokeStatic(java.lang.Object, java.lang.Object, java.lang.Object, java.lang.Object, java.lang.Object, java.lang.Object, java.lang.Object, java.lang.Object, java.lang.Object, java.lang.Object, java.lang.Object, java.lang.Object, java.lang.Object, java.lang.Object, java.lang.Object, java.lang.Object, java.lang.Object, java.lang.Object, java.lang.Object, java.lang.Object, java.lang.Obj
Event: 5.814 Thread 0x0000027e7b0ed590 Exception <a 'java/lang/NoSuchMethodError'{0x00000000eb4b5b10}: 'java.lang.Object java.lang.invoke.DirectMethodHandle$Holder.invokeStatic(java.lang.Object, java.lang.Object, java.lang.Object, java.lang.Object, java.lang.Object, java.lang.Object, java.lang.Object, java.lang.Object, java.lang.Object, java.lang.Object, java.lang.Object, java.lang.Object, java.lang.Object, java.lang.Object, java.lang.Object, java.lang.Object, java.lang.Object, java.lang.Object, java.lang.Object, java.lang.Object, java.lang.Obj
Event: 5.814 Thread 0x0000027e7b0ed590 Exception <a 'java/lang/NoSuchMethodError'{0x00000000eb4e7ab0}: 'java.lang.Object java.lang.invoke.DirectMethodHandle$Holder.invokeStatic(java.lang.Object, java.lang.Object, java.lang.Object, java.lang.Object, java.lang.Object, java.lang.Object, java.lang.Object, java.lang.Object, java.lang.Object, java.lang.Object, java.lang.Object, java.lang.Object, java.lang.Object, java.lang.Object, java.lang.Object, java.lang.Object, java.lang.Object, java.lang.Object, java.lang.Object, java.lang.Object, java.lang.Obj
Event: 5.815 Thread 0x0000027e7b0ed590 Exception <a 'java/lang/NoSuchMethodError'{0x00000000eb51a218}: 'java.lang.Object java.lang.invoke.DirectMethodHandle$Holder.invokeStatic(java.lang.Object, java.lang.Object, java.lang.Object, java.lang.Object, java.lang.Object, java.lang.Object, java.lang.Object, java.lang.Object, java.lang.Object, java.lang.Object, java.lang.Object, java.lang.Object, java.lang.Object, java.lang.Object, java.lang.Object, java.lang.Object, java.lang.Object, java.lang.Object, java.lang.Object, java.lang.Object, java.lang.Obj
Event: 5.816 Thread 0x0000027e7b0ed590 Exception <a 'java/lang/NoSuchMethodError'{0x00000000eb54f7b0}: 'java.lang.Object java.lang.invoke.DirectMethodHandle$Holder.invokeStatic(java.lang.Object, java.lang.Object, java.lang.Object, java.lang.Object, java.lang.Object, java.lang.Object, java.lang.Object, java.lang.Object, java.lang.Object, java.lang.Object, java.lang.Object, java.lang.Object, java.lang.Object, java.lang.Object, java.lang.Object, java.lang.Object, java.lang.Object, java.lang.Object, java.lang.Object, java.lang.Object, java.lang.Obj
Event: 5.819 Thread 0x0000027e7b0ed590 Exception <a 'java/lang/NoSuchMethodError'{0x00000000eb575350}: 'java.lang.Object java.lang.invoke.DirectMethodHandle$Holder.invokeSpecial(java.lang.Object, java.lang.Object, java.lang.Object, java.lang.Object, java.lang.Object, java.lang.Object, java.lang.Object, java.lang.Object, java.lang.Object, java.lang.Object, java.lang.Object, java.lang.Object, java.lang.Object, java.lang.Object, java.lang.Object, java.lang.Object, java.lang.Object, java.lang.Object, java.lang.Object, java.lang.Object, java.lang.Ob
Event: 5.820 Thread 0x0000027e7b0ed590 Exception <a 'java/lang/NoSuchMethodError'{0x00000000eb58ab38}: 'java.lang.Object java.lang.invoke.DirectMethodHandle$Holder.newInvokeSpecial(java.lang.Object, java.lang.Object, java.lang.Object, java.lang.Object, java.lang.Object, java.lang.Object, java.lang.Object, java.lang.Object, java.lang.Object, java.lang.Object, java.lang.Object, java.lang.Object, java.lang.Object, java.lang.Object, java.lang.Object, java.lang.Object, java.lang.Object, java.lang.Object, java.lang.Object, java.lang.Object, java.lang
Event: 5.820 Thread 0x0000027e7b0ed590 Exception <a 'java/lang/NoSuchMethodError'{0x00000000eb590d30}: 'java.lang.Object java.lang.invoke.Invokers$Holder.linkToTargetMethod(java.lang.Object, java.lang.Object, java.lang.Object, java.lang.Object, java.lang.Object, java.lang.Object, java.lang.Object, java.lang.Object, java.lang.Object, java.lang.Object, java.lang.Object, java.lang.Object, java.lang.Object, java.lang.Object, java.lang.Object, java.lang.Object, java.lang.Object, java.lang.Object, java.lang.Object, java.lang.Object, java.lang.Object,
Event: 5.820 Thread 0x0000027e7b0ed590 Exception <a 'java/lang/NoSuchMethodError'{0x00000000eb596410}: 'java.lang.Object java.lang.invoke.DirectMethodHandle$Holder.invokeVirtual(java.lang.Object, java.lang.Object, java.lang.Object, java.lang.Object, java.lang.Object, java.lang.Object, java.lang.Object, java.lang.Object, java.lang.Object, java.lang.Object)'> (0x00000000eb596410) 
thrown [s\src\hotspot\share\interpreter\linkResolver.cpp, line 773]
Event: 5.829 Thread 0x0000027e7b0ed590 Exception <a 'java/lang/NoSuchMethodError'{0x00000000eb730958}: 'java.lang.Object java.lang.invoke.DirectMethodHandle$Holder.invokeVirtual(java.lang.Object, java.lang.Object, java.lang.Object, java.lang.Object, java.lang.Object, java.lang.Object, java.lang.Object, java.lang.Object, java.lang.Object)'> (0x00000000eb730958) 
thrown [s\src\hotspot\share\interpreter\linkResolver.cpp, line 773]
Event: 5.845 Thread 0x0000027e7b0ed590 Exception <a 'java/lang/NoSuchMethodError'{0x00000000eab6f980}: 'java.lang.Object java.lang.invoke.DirectMethodHandle$Holder.invokeVirtual(java.lang.Object, java.lang.Object, java.lang.Object, java.lang.Object, java.lang.Object, java.lang.Object, java.lang.Object, java.lang.Object)'> (0x00000000eab6f980) 
thrown [s\src\hotspot\share\interpreter\linkResolver.cpp, line 773]
Event: 5.849 Thread 0x0000027e7b0ed590 Exception <a 'java/lang/NoSuchMethodError'{0x00000000eabe76d0}: 'long java.lang.invoke.DirectMethodHandle$Holder.invokeVirtual(java.lang.Object, java.lang.Object)'> (0x00000000eabe76d0) 
thrown [s\src\hotspot\share\interpreter\linkResolver.cpp, line 773]
Event: 5.849 Thread 0x0000027e7b0ed590 Exception <a 'java/lang/NoSuchMethodError'{0x00000000eabeaad0}: 'long java.lang.invoke.DelegatingMethodHandle$Holder.reinvoke_L(java.lang.Object, java.lang.Object)'> (0x00000000eabeaad0) 
thrown [s\src\hotspot\share\interpreter\linkResolver.cpp, line 773]
Event: 5.919 Thread 0x0000027e7b0ef660 Exception <a 'java/lang/NoSuchMethodError'{0x00000000eb28feb8}: 'void java.lang.invoke.DirectMethodHandle$Holder.invokeStatic(java.lang.Object, long)'> (0x00000000eb28feb8) 
thrown [s\src\hotspot\share\interpreter\linkResolver.cpp, line 773]
Event: 5.995 Thread 0x0000027e7b0ef660 Exception <a 'java/lang/NoSuchMethodError'{0x00000000eb2b3d08}: 'void java.lang.invoke.DirectMethodHandle$Holder.invokeSpecial(java.lang.Object, java.lang.Object, int)'> (0x00000000eb2b3d08) 
thrown [s\src\hotspot\share\interpreter\linkResolver.cpp, line 773]
Event: 5.996 Thread 0x0000027e7b0ef660 Exception <a 'java/lang/NoSuchMethodError'{0x00000000eb2b9130}: 'java.lang.Object java.lang.invoke.DirectMethodHandle$Holder.newInvokeSpecial(java.lang.Object, java.lang.Object, int)'> (0x00000000eb2b9130) 
thrown [s\src\hotspot\share\interpreter\linkResolver.cpp, line 773]

ZGC Phase Switch (0 events):
No events

VM Operations (20 events):
Event: 5.556 Executing VM operation: ParallelGCFailedAllocation (Allocation Failure)
Event: 5.557 Executing VM operation: ParallelGCFailedAllocation (Allocation Failure) done
Event: 5.607 Executing VM operation: ParallelGCFailedAllocation (Allocation Failure)
Event: 5.608 Executing VM operation: ParallelGCFailedAllocation (Allocation Failure) done
Event: 5.664 Executing VM operation: ParallelGCFailedAllocation (Allocation Failure)
Event: 5.665 Executing VM operation: ParallelGCFailedAllocation (Allocation Failure) done
Event: 5.724 Executing VM operation: ParallelGCFailedAllocation (Allocation Failure)
Event: 5.724 Executing VM operation: ParallelGCFailedAllocation (Allocation Failure) done
Event: 5.834 Executing VM operation: HandshakeAllThreads (Deoptimize)
Event: 5.834 Executing VM operation: HandshakeAllThreads (Deoptimize) done
Event: 5.842 Executing VM operation: ParallelGCFailedAllocation (Allocation Failure)
Event: 5.843 Executing VM operation: ParallelGCFailedAllocation (Allocation Failure) done
Event: 5.997 Executing VM operation: HandshakeAllThreads (Deoptimize)
Event: 5.997 Executing VM operation: HandshakeAllThreads (Deoptimize) done
Event: 6.037 Executing VM operation: ParallelGCFailedAllocation (Allocation Failure)
Event: 6.039 Executing VM operation: ParallelGCFailedAllocation (Allocation Failure) done
Event: 7.242 Executing VM operation: HandshakeAllThreads (Deoptimize)
Event: 7.242 Executing VM operation: HandshakeAllThreads (Deoptimize) done
Event: 7.242 Executing VM operation: Cleanup
Event: 7.242 Executing VM operation: Cleanup done

Memory protections (0 events):
No events

Nmethod flushes (20 events):
Event: 5.022 Thread 0x0000027e195c3a00 flushing  nmethod 0x0000027e1d0e9c90
Event: 5.022 Thread 0x0000027e195c3a00 flushing  nmethod 0x0000027e1d0ec490
Event: 5.022 Thread 0x0000027e195c3a00 flushing  nmethod 0x0000027e1d0edd90
Event: 5.022 Thread 0x0000027e195c3a00 flushing  nmethod 0x0000027e1d0f8890
Event: 5.022 Thread 0x0000027e195c3a00 flushing  nmethod 0x0000027e1d10d890
Event: 5.022 Thread 0x0000027e195c3a00 flushing  nmethod 0x0000027e1d123610
Event: 5.022 Thread 0x0000027e195c3a00 flushing  nmethod 0x0000027e1d129c10
Event: 5.022 Thread 0x0000027e195c3a00 flushing  nmethod 0x0000027e1d13c610
Event: 5.022 Thread 0x0000027e195c3a00 flushing  nmethod 0x0000027e1d13d010
Event: 5.022 Thread 0x0000027e195c3a00 flushing  nmethod 0x0000027e1d13d490
Event: 5.022 Thread 0x0000027e195c3a00 flushing  nmethod 0x0000027e1d13d890
Event: 5.022 Thread 0x0000027e195c3a00 flushing  nmethod 0x0000027e1d13f390
Event: 5.022 Thread 0x0000027e195c3a00 flushing  nmethod 0x0000027e1d140c90
Event: 5.022 Thread 0x0000027e195c3a00 flushing  nmethod 0x0000027e1d141b90
Event: 5.022 Thread 0x0000027e195c3a00 flushing  nmethod 0x0000027e1d146090
Event: 5.022 Thread 0x0000027e195c3a00 flushing  nmethod 0x0000027e1d14d790
Event: 5.022 Thread 0x0000027e195c3a00 flushing  nmethod 0x0000027e1d15ee10
Event: 5.022 Thread 0x0000027e195c3a00 flushing  nmethod 0x0000027e1d167f90
Event: 5.022 Thread 0x0000027e195c3a00 flushing  nmethod 0x0000027e1d1a8910
Event: 5.022 Thread 0x0000027e195c3a00 flushing  nmethod 0x0000027e1d1a9910

Events (20 events):
Event: 5.394 Thread 0x0000027e705b9fb0 Thread added: 0x0000027e78694450
Event: 5.394 Thread 0x0000027e705b9fb0 Thread added: 0x0000027e7789f1f0
Event: 5.499 Thread 0x0000027e7789f1f0 Thread added: 0x0000027e7cdd38b0
Event: 5.857 Thread 0x0000027e7b0ed590 Thread added: 0x0000027e7b0edc20
Event: 5.912 Thread 0x0000027e7b0ed590 Thread added: 0x0000027e7b0ef660
Event: 5.921 Thread 0x0000027e7b0ef660 Thread added: 0x0000027e7b0efcf0
Event: 5.921 Thread 0x0000027e7b0ef660 Thread added: 0x0000027e7b0ee940
Event: 6.043 Thread 0x0000027e7b0ed590 Thread added: 0x0000027e7b0ec870
Event: 6.046 Thread 0x0000027e7b0ec870 Thread added: 0x0000027e7b0eefd0
Event: 6.046 Thread 0x0000027e7b0ec870 Thread added: 0x0000027e7b0f0380
Event: 6.046 Thread 0x0000027e7b0eefd0 Thread exited: 0x0000027e7b0eefd0
Event: 6.156 Thread 0x0000027e7cdd38b0 Thread exited: 0x0000027e7cdd38b0
Event: 6.167 Thread 0x0000027e78694450 Thread exited: 0x0000027e78694450
Event: 6.167 Thread 0x0000027e7789f1f0 Thread exited: 0x0000027e7789f1f0
Event: 6.230 Thread 0x0000027e70778bb0 Thread exited: 0x0000027e70778bb0
Event: 6.664 Thread 0x0000027e771d7bc0 Thread exited: 0x0000027e771d7bc0
Event: 7.227 Thread 0x0000027e70896650 Thread exited: 0x0000027e70896650
Event: 7.228 Thread 0x0000027e7b0ec870 Thread exited: 0x0000027e7b0ec870
Event: 7.228 Thread 0x0000027e7b0f0380 Thread exited: 0x0000027e7b0f0380
Event: 7.257 Thread 0x0000027e706799b0 Thread added: 0x0000027e78694450


Dynamic libraries:
0x00007ff78b000000 - 0x00007ff78b00e000 	c:\Users\admin\.cursor\extensions\redhat.java-1.42.0-win32-x64\jre\21.0.7-win32-x86_64\bin\java.exe
0x00007ffd56dc0000 - 0x00007ffd57026000 	C:\WINDOWS\SYSTEM32\ntdll.dll
0x00007ffd54b80000 - 0x00007ffd54c49000 	C:\WINDOWS\System32\KERNEL32.DLL
0x00007ffd53f50000 - 0x00007ffd5431c000 	C:\WINDOWS\System32\KERNELBASE.dll
0x00007ffd54a30000 - 0x00007ffd54b7b000 	C:\WINDOWS\System32\ucrtbase.dll
0x00007ffd3a600000 - 0x00007ffd3a618000 	c:\Users\admin\.cursor\extensions\redhat.java-1.42.0-win32-x64\jre\21.0.7-win32-x86_64\bin\jli.dll
0x00007ffd3a300000 - 0x00007ffd3a31e000 	c:\Users\admin\.cursor\extensions\redhat.java-1.42.0-win32-x64\jre\21.0.7-win32-x86_64\bin\VCRUNTIME140.dll
0x00007ffd55e30000 - 0x00007ffd55ffa000 	C:\WINDOWS\System32\USER32.dll
0x00007ffd54960000 - 0x00007ffd54987000 	C:\WINDOWS\System32\win32u.dll
0x00007ffd562a0000 - 0x00007ffd562cb000 	C:\WINDOWS\System32\GDI32.dll
0x00007ffd407f0000 - 0x00007ffd40a8a000 	C:\WINDOWS\WinSxS\amd64_microsoft.windows.common-controls_6595b64144ccf1df_6.0.26100.3912_none_3e07963ce335137e\COMCTL32.dll
0x00007ffd54820000 - 0x00007ffd54952000 	C:\WINDOWS\System32\gdi32full.dll
0x00007ffd56140000 - 0x00007ffd561e9000 	C:\WINDOWS\System32\msvcrt.dll
0x00007ffd54320000 - 0x00007ffd543c3000 	C:\WINDOWS\System32\msvcp_win.dll
0x00007ffd55a20000 - 0x00007ffd55a50000 	C:\WINDOWS\System32\IMM32.DLL
0x00007ffd49db0000 - 0x00007ffd49dbc000 	c:\Users\admin\.cursor\extensions\redhat.java-1.42.0-win32-x64\jre\21.0.7-win32-x86_64\bin\vcruntime140_1.dll
0x00007ffd24360000 - 0x00007ffd243ed000 	c:\Users\admin\.cursor\extensions\redhat.java-1.42.0-win32-x64\jre\21.0.7-win32-x86_64\bin\msvcp140.dll
0x00007ffcbe940000 - 0x00007ffcbf6d0000 	c:\Users\admin\.cursor\extensions\redhat.java-1.42.0-win32-x64\jre\21.0.7-win32-x86_64\bin\server\jvm.dll
0x00007ffd55a70000 - 0x00007ffd55b22000 	C:\WINDOWS\System32\ADVAPI32.dll
0x00007ffd561f0000 - 0x00007ffd56296000 	C:\WINDOWS\System32\sechost.dll
0x00007ffd54de0000 - 0x00007ffd54ef6000 	C:\WINDOWS\System32\RPCRT4.dll
0x00007ffd560b0000 - 0x00007ffd56124000 	C:\WINDOWS\System32\WS2_32.dll
0x00007ffd4d250000 - 0x00007ffd4d25b000 	C:\WINDOWS\SYSTEM32\VERSION.dll
0x00007ffd53dc0000 - 0x00007ffd53e1e000 	C:\WINDOWS\SYSTEM32\POWRPROF.dll
0x00007ffd44840000 - 0x00007ffd44876000 	C:\WINDOWS\SYSTEM32\WINMM.dll
0x00007ffd53da0000 - 0x00007ffd53db4000 	C:\WINDOWS\SYSTEM32\UMPDC.dll
0x00007ffd52d10000 - 0x00007ffd52d2a000 	C:\WINDOWS\SYSTEM32\kernel.appcore.dll
0x00007ffd48f30000 - 0x00007ffd48f3a000 	c:\Users\admin\.cursor\extensions\redhat.java-1.42.0-win32-x64\jre\21.0.7-win32-x86_64\bin\jimage.dll
0x00007ffd087a0000 - 0x00007ffd089e1000 	C:\WINDOWS\SYSTEM32\DBGHELP.DLL
0x00007ffd562d0000 - 0x00007ffd56654000 	C:\WINDOWS\System32\combase.dll
0x00007ffd56c90000 - 0x00007ffd56d70000 	C:\WINDOWS\System32\OLEAUT32.dll
0x00007ffd32580000 - 0x00007ffd325b9000 	C:\WINDOWS\SYSTEM32\dbgcore.DLL
0x00007ffd54990000 - 0x00007ffd54a29000 	C:\WINDOWS\System32\bcryptPrimitives.dll
0x00007ffd44e20000 - 0x00007ffd44e2f000 	c:\Users\admin\.cursor\extensions\redhat.java-1.42.0-win32-x64\jre\21.0.7-win32-x86_64\bin\instrument.dll
0x00007ffd399f0000 - 0x00007ffd39a0f000 	c:\Users\admin\.cursor\extensions\redhat.java-1.42.0-win32-x64\jre\21.0.7-win32-x86_64\bin\java.dll
0x00007ffd54f00000 - 0x00007ffd5562d000 	C:\WINDOWS\System32\SHELL32.dll
0x00007ffd546a0000 - 0x00007ffd54814000 	C:\WINDOWS\System32\wintypes.dll
0x00007ffd51c00000 - 0x00007ffd52456000 	C:\WINDOWS\SYSTEM32\windows.storage.dll
0x00007ffd54c50000 - 0x00007ffd54d3f000 	C:\WINDOWS\System32\SHCORE.dll
0x00007ffd559b0000 - 0x00007ffd55a19000 	C:\WINDOWS\System32\shlwapi.dll
0x00007ffd53e30000 - 0x00007ffd53e5f000 	C:\WINDOWS\SYSTEM32\profapi.dll
0x00007ffd397b0000 - 0x00007ffd397c8000 	c:\Users\admin\.cursor\extensions\redhat.java-1.42.0-win32-x64\jre\21.0.7-win32-x86_64\bin\zip.dll
0x00007ffd3db80000 - 0x00007ffd3db90000 	C:\Users\admin\.cursor\extensions\redhat.java-1.42.0-win32-x64\jre\21.0.7-win32-x86_64\bin\net.dll
0x00007ffd4d260000 - 0x00007ffd4d37e000 	C:\WINDOWS\SYSTEM32\WINHTTP.dll
0x0000000180000000 - 0x000000018008c000 	C:\WINDOWS\system32\ASProxy64.dll
0x00007ffd55b50000 - 0x00007ffd55cef000 	C:\WINDOWS\System32\ole32.dll
0x00007ffd52750000 - 0x00007ffd52783000 	C:\WINDOWS\SYSTEM32\IPHLPAPI.DLL
0x00007ffd53280000 - 0x00007ffd532ea000 	C:\WINDOWS\SYSTEM32\MSWSOCK.dll
0x00007ffd52fb0000 - 0x00007ffd52ff8000 	C:\WINDOWS\SYSTEM32\SspiCli.dll
0x00007ffd38e10000 - 0x00007ffd38e26000 	C:\Users\admin\.cursor\extensions\redhat.java-1.42.0-win32-x64\jre\21.0.7-win32-x86_64\bin\nio.dll
0x00007ffd3d950000 - 0x00007ffd3d960000 	c:\Users\admin\.cursor\extensions\redhat.java-1.42.0-win32-x64\jre\21.0.7-win32-x86_64\bin\verify.dll
0x00007ffd51220000 - 0x00007ffd512cf000 	C:\WINDOWS\system32\uxtheme.dll
0x00007ffd2e2d0000 - 0x00007ffd2e315000 	C:\Users\admin\AppData\Roaming\Cursor\User\globalStorage\redhat.java\1.42.0\config_win\org.eclipse.equinox.launcher\org.eclipse.equinox.launcher.win32.win32.x86_64_1.2.1300.v20250331-1702\eclipse_11911.dll
0x00007ffd53520000 - 0x00007ffd5353c000 	C:\WINDOWS\SYSTEM32\CRYPTSP.dll
0x00007ffd52c70000 - 0x00007ffd52caa000 	C:\WINDOWS\system32\rsaenh.dll
0x00007ffd53320000 - 0x00007ffd5334b000 	C:\WINDOWS\SYSTEM32\USERENV.dll
0x00007ffd53e70000 - 0x00007ffd53e96000 	C:\WINDOWS\SYSTEM32\bcrypt.dll
0x00007ffd53540000 - 0x00007ffd5354c000 	C:\WINDOWS\SYSTEM32\CRYPTBASE.dll
0x00007ffd56130000 - 0x00007ffd5613a000 	C:\WINDOWS\System32\NSI.dll
0x00007ffd50fa0000 - 0x00007ffd50faa000 	C:\Users\admin\.cursor\extensions\redhat.java-1.42.0-win32-x64\jre\21.0.7-win32-x86_64\bin\management.dll
0x00007ffd50f90000 - 0x00007ffd50f9b000 	C:\Users\admin\.cursor\extensions\redhat.java-1.42.0-win32-x64\jre\21.0.7-win32-x86_64\bin\management_ext.dll
0x00007ffd55a60000 - 0x00007ffd55a68000 	C:\WINDOWS\System32\PSAPI.DLL
0x00007ffd2e0f0000 - 0x00007ffd2e139000 	C:\Users\admin\AppData\Local\Temp\jna-92668751\jna10419824807692122371.dll
0x00007ffd4ce10000 - 0x00007ffd4ce2f000 	C:\WINDOWS\SYSTEM32\dhcpcsvc6.DLL
0x00007ffd4cda0000 - 0x00007ffd4cdc5000 	C:\WINDOWS\SYSTEM32\dhcpcsvc.DLL
0x00007ffd395c0000 - 0x00007ffd395e7000 	C:\Users\admin\.gradle\native\1def1411415f61bf3af743bc5b6707747c0891f09f0c88961ee8f79bc544acac\windows-amd64\native-platform.dll
0x00007ffd50f80000 - 0x00007ffd50f89000 	C:\Users\admin\.cursor\extensions\redhat.java-1.42.0-win32-x64\jre\21.0.7-win32-x86_64\bin\extnet.dll
0x00007ffd39460000 - 0x00007ffd3946e000 	C:\Users\admin\.cursor\extensions\redhat.java-1.42.0-win32-x64\jre\21.0.7-win32-x86_64\bin\sunmscapi.dll
0x00007ffd54460000 - 0x00007ffd545d7000 	C:\WINDOWS\System32\CRYPT32.dll
0x00007ffd53730000 - 0x00007ffd53760000 	C:\WINDOWS\SYSTEM32\ncrypt.dll
0x00007ffd536e0000 - 0x00007ffd5371f000 	C:\WINDOWS\SYSTEM32\NTASN1.dll
0x00007ffd399e0000 - 0x00007ffd399e8000 	C:\WINDOWS\system32\wshunix.dll

dbghelp: loaded successfully - version: 4.0.5 - missing functions: none
symbol engine: initialized successfully - sym options: 0x614 - pdb path: .;c:\Users\admin\.cursor\extensions\redhat.java-1.42.0-win32-x64\jre\21.0.7-win32-x86_64\bin;C:\WINDOWS\SYSTEM32;C:\WINDOWS\WinSxS\amd64_microsoft.windows.common-controls_6595b64144ccf1df_6.0.26100.3912_none_3e07963ce335137e;c:\Users\admin\.cursor\extensions\redhat.java-1.42.0-win32-x64\jre\21.0.7-win32-x86_64\bin\server;C:\Users\admin\AppData\Roaming\Cursor\User\globalStorage\redhat.java\1.42.0\config_win\org.eclipse.equinox.launcher\org.eclipse.equinox.launcher.win32.win32.x86_64_1.2.1300.v20250331-1702;C:\Users\admin\AppData\Local\Temp\jna-92668751;C:\Users\admin\.gradle\native\1def1411415f61bf3af743bc5b6707747c0891f09f0c88961ee8f79bc544acac\windows-amd64

VM Arguments:
jvm_args: --add-modules=ALL-SYSTEM --add-opens=java.base/java.util=ALL-UNNAMED --add-opens=java.base/java.lang=ALL-UNNAMED --add-opens=java.base/sun.nio.fs=ALL-UNNAMED -Declipse.application=org.eclipse.jdt.ls.core.id1 -Dosgi.bundles.defaultStartLevel=4 -Declipse.product=org.eclipse.jdt.ls.core.product -Djava.import.generatesMetadataFilesAtProjectRoot=false -DDetectVMInstallationsJob.disabled=true -Dfile.encoding=utf8 -XX:+UseParallelGC -XX:GCTimeRatio=4 -XX:AdaptiveSizePolicyWeight=90 -Dsun.zip.disableMemoryMapping=true -Xmx1G -Xms100m -Xlog:disable -javaagent:c:\Users\admin\.cursor\extensions\redhat.java-1.42.0-win32-x64\lombok\lombok-1.18.36.jar -XX:+HeapDumpOnOutOfMemoryError -XX:HeapDumpPath=c:\Users\admin\AppData\Roaming\Cursor\User\workspaceStorage\0426a641ec518546e312a5bf184515bb\redhat.java -Daether.dependencyCollector.impl=bf 
java_command: c:\Users\admin\.cursor\extensions\redhat.java-1.42.0-win32-x64\server\plugins\org.eclipse.equinox.launcher_1.7.0.v20250424-1814.jar -configuration c:\Users\admin\AppData\Roaming\Cursor\User\globalStorage\redhat.java\1.42.0\config_win -data c:\Users\admin\AppData\Roaming\Cursor\User\workspaceStorage\0426a641ec518546e312a5bf184515bb\redhat.java\jdt_ws --pipe=\\.\pipe\lsp-017bb9e0464bbbe91bbd8e92b7e76eb2-sock
java_class_path (initial): c:\Users\admin\.cursor\extensions\redhat.java-1.42.0-win32-x64\server\plugins\org.eclipse.equinox.launcher_1.7.0.v20250424-1814.jar
Launcher Type: SUN_STANDARD

[Global flags]
    uintx AdaptiveSizePolicyWeight                 = 90                                        {product} {command line}
     intx CICompilerCount                          = 12                                        {product} {ergonomic}
    uintx GCTimeRatio                              = 4                                         {product} {command line}
     bool HeapDumpOnOutOfMemoryError               = true                                   {manageable} {command line}
    ccstr HeapDumpPath                             = c:\Users\admin\AppData\Roaming\Cursor\User\workspaceStorage\0426a641ec518546e312a5bf184515bb\redhat.java         {manageable} {command line}
   size_t InitialHeapSize                          = 104857600                                 {product} {command line}
   size_t MaxHeapSize                              = 1073741824                                {product} {command line}
   size_t MaxNewSize                               = 357564416                                 {product} {ergonomic}
   size_t MinHeapDeltaBytes                        = 524288                                    {product} {ergonomic}
   size_t MinHeapSize                              = 104857600                                 {product} {command line}
   size_t NewSize                                  = 34603008                                  {product} {ergonomic}
    uintx NonNMethodCodeHeapSize                   = 7602480                                {pd product} {ergonomic}
    uintx NonProfiledCodeHeapSize                  = 122027880                              {pd product} {ergonomic}
   size_t OldSize                                  = 70254592                                  {product} {ergonomic}
    uintx ProfiledCodeHeapSize                     = 122027880                              {pd product} {ergonomic}
    uintx ReservedCodeCacheSize                    = 251658240                              {pd product} {ergonomic}
     bool SegmentedCodeCache                       = true                                      {product} {ergonomic}
   size_t SoftMaxHeapSize                          = 1073741824                             {manageable} {ergonomic}
     bool UseCompressedOops                        = true                           {product lp64_product} {ergonomic}
     bool UseLargePagesIndividualAllocation        = false                                  {pd product} {ergonomic}
     bool UseParallelGC                            = true                                      {product} {command line}

Logging:
Log output configuration:
 #0: stdout all=off uptime,level,tags foldmultilines=false
 #1: stderr all=off uptime,level,tags foldmultilines=false

Environment Variables:
JAVA_HOME=C:\Program Files\OpenLogic\jdk-17.0.15.6-hotspot
PATH=C:\Program Files\Common Files\Oracle\Java\javapath;C:\Program Files\OpenLogic\jdk-17.0.15.6-hotspot\bin;C:\WINDOWS\system32;C:\WINDOWS;C:\WINDOWS\System32\Wbem;C:\WINDOWS\System32\WindowsPowerShell\v1.0\;C:\WINDOWS\System32\OpenSSH\;C:\Program Files\dotnet\;C:\Program Files\Microsoft SQL Server\130\Tools\Binn\;C:\Program Files\Git\cmd;C:\Users\admin\AppData\Roaming\nvm;C:\Program Files\nodejs;C:\Program Files\Microsoft SQL Server\150\Tools\Binn\;C:\Users\admin\AppData\Local\Microsoft\WindowsApps;C:\Users\admin\AppData\Roaming\npm;C:\Users\admin\AppData\Local\Programs\Microsoft VS Code\bin;C:\Users\admin\AppData\Roaming\nvm;C:\Program Files\nodejs;C:\Users\admin\AppData\Local\Android\Sdk\platform-tools;C:\Users\admin\AppData\Local\Programs\cursor\resources\app\bin;C:\;C:\Users\admin\.dotnet\tools
USERNAME=admin
OS=Windows_NT
PROCESSOR_IDENTIFIER=Intel64 Family 6 Model 165 Stepping 5, GenuineIntel
TMP=C:\Users\admin\AppData\Local\Temp
TEMP=C:\Users\admin\AppData\Local\Temp




Periodic native trim disabled

---------------  S Y S T E M  ---------------

OS:
 Windows 11 , 64 bit Build 26100 (10.0.26100.3912)
OS uptime: 0 days 3:56 hours

CPU: total 16 (initial active 16) (8 cores per cpu, 2 threads per core) family 6 model 165 stepping 5 microcode 0xec, cx8, cmov, fxsr, ht, mmx, 3dnowpref, sse, sse2, sse3, ssse3, sse4.1, sse4.2, popcnt, lzcnt, tsc, tscinvbit, avx, avx2, aes, erms, clmul, bmi1, bmi2, adx, fma, vzeroupper, clflush, clflushopt, rdtscp, f16c, pku
Processor Information for processor 0
  Max Mhz: 2901, Current Mhz: 2000, Mhz Limit: 2901
Processor Information for processor 1
  Max Mhz: 2901, Current Mhz: 2000, Mhz Limit: 2901
Processor Information for processor 2
  Max Mhz: 2901, Current Mhz: 2000, Mhz Limit: 2901
Processor Information for processor 3
  Max Mhz: 2901, Current Mhz: 2901, Mhz Limit: 2901
Processor Information for processor 4
  Max Mhz: 2901, Current Mhz: 2901, Mhz Limit: 2901
Processor Information for processor 5
  Max Mhz: 2901, Current Mhz: 2000, Mhz Limit: 2901
Processor Information for processor 6
  Max Mhz: 2901, Current Mhz: 2000, Mhz Limit: 2901
Processor Information for processor 7
  Max Mhz: 2901, Current Mhz: 2000, Mhz Limit: 2901
Processor Information for processor 8
  Max Mhz: 2901, Current Mhz: 2000, Mhz Limit: 2901
Processor Information for processor 9
  Max Mhz: 2901, Current Mhz: 2000, Mhz Limit: 2901
Processor Information for processor 10
  Max Mhz: 2901, Current Mhz: 2000, Mhz Limit: 2901
Processor Information for processor 11
  Max Mhz: 2901, Current Mhz: 2000, Mhz Limit: 2901
Processor Information for processor 12
  Max Mhz: 2901, Current Mhz: 2000, Mhz Limit: 2901
Processor Information for processor 13
  Max Mhz: 2901, Current Mhz: 2000, Mhz Limit: 2901
Processor Information for processor 14
  Max Mhz: 2901, Current Mhz: 2000, Mhz Limit: 2901
Processor Information for processor 15
  Max Mhz: 2901, Current Mhz: 2901, Mhz Limit: 2901

Memory: 4k page, system-wide physical 16096M (7671M free)
TotalPageFile size 41696M (AvailPageFile size 25204M)
current process WorkingSet (physical memory assigned to process): 296M, peak: 314M
current process commit charge ("private bytes"): 380M, peak: 399M

vm_info: OpenJDK 64-Bit Server VM (21.0.7+6-LTS) for windows-amd64 JRE (21.0.7+6-LTS), built on 2025-04-15T00:00:00Z by "admin" with MS VC++ 17.7 (VS2022)

END.
