#
# A fatal error has been detected by the Java Runtime Environment:
#
#  EXCEPTION_ACCESS_VIOLATION (0xc0000005) at pc=0x000000018000c274, pid=24348, tid=7852
#
# JRE version: OpenJDK Runtime Environment Temurin-21.0.7+6 (21.0.7+6) (build 21.0.7+6-LTS)
# Java VM: OpenJDK 64-Bit Server VM Temurin-21.0.7+6 (21.0.7+6-LTS, mixed mode, sharing, tiered, compressed oops, compressed class ptrs, parallel gc, windows-amd64)
# Problematic frame:
# C  [ASProxy64.dll+0xc274]
#
# No core dump will be written. Minidumps are not enabled by default on client versions of Windows
#
# If you would like to submit a bug report, please visit:
#   https://github.com/adoptium/adoptium-support/issues
# The crash happened outside the Java Virtual Machine in native code.
# See problematic frame for where to report the bug.
#

---------------  S U M M A R Y ------------

Command Line: --add-modules=ALL-SYSTEM --add-opens=java.base/java.util=ALL-UNNAMED --add-opens=java.base/java.lang=ALL-UNNAMED --add-opens=java.base/sun.nio.fs=ALL-UNNAMED -Declipse.application=org.eclipse.jdt.ls.core.id1 -Dosgi.bundles.defaultStartLevel=4 -Declipse.product=org.eclipse.jdt.ls.core.product -Djava.import.generatesMetadataFilesAtProjectRoot=false -DDetectVMInstallationsJob.disabled=true -Dfile.encoding=utf8 -XX:+UseParallelGC -XX:GCTimeRatio=4 -XX:AdaptiveSizePolicyWeight=90 -Dsun.zip.disableMemoryMapping=true -Xmx1G -Xms100m -Xlog:disable -javaagent:c:\Users\admin\.cursor\extensions\redhat.java-1.42.0-win32-x64\lombok\lombok-1.18.36.jar -XX:+HeapDumpOnOutOfMemoryError -XX:HeapDumpPath=c:\Users\admin\AppData\Roaming\Cursor\User\workspaceStorage\0426a641ec518546e312a5bf184515bb\redhat.java -Daether.dependencyCollector.impl=bf c:\Users\admin\.cursor\extensions\redhat.java-1.42.0-win32-x64\server\plugins\org.eclipse.equinox.launcher_1.7.0.v20250424-1814.jar -configuration c:\Users\admin\AppData\Roaming\Cursor\User\globalStorage\redhat.java\1.42.0\config_win -data c:\Users\admin\AppData\Roaming\Cursor\User\workspaceStorage\0426a641ec518546e312a5bf184515bb\redhat.java\jdt_ws --pipe=\\.\pipe\lsp-41d2728d31bb840c9c092c6e9e6f99c0-sock

Host: Intel(R) Core(TM) i7-10700 CPU @ 2.90GHz, 16 cores, 15G,  Windows 11 , 64 bit Build 26100 (10.0.26100.3912)
Time: Mon May 19 00:05:18 2025 Eastern Daylight Time elapsed time: 8.255459 seconds (0d 0h 0m 8s)

---------------  T H R E A D  ---------------

Current thread (0x0000018e643deb40):  JavaThread "Connection worker"        [_thread_in_native, id=7852, stack(0x0000006313f00000,0x0000006314000000) (1024K)]

Stack: [0x0000006313f00000,0x0000006314000000],  sp=0x0000006313ffdd60,  free space=1015k
Native frames: (J=compiled Java code, j=interpreted, Vv=VM code, C=native code)
C  [ASProxy64.dll+0xc274]

Java frames: (J=compiled Java code, j=interpreted, Vv=VM code)
j  sun.nio.ch.WEPoll.ctl(JIJI)I+0 java.base@21.0.7
j  sun.nio.ch.WEPollSelectorImpl.<init>(Ljava/nio/channels/spi/SelectorProvider;)V+139 java.base@21.0.7
j  sun.nio.ch.WEPollSelectorProvider.openSelector()Ljava/nio/channels/spi/AbstractSelector;+5 java.base@21.0.7
j  java.nio.channels.Selector.open()Ljava/nio/channels/Selector;+3 java.base@21.0.7
j  org.gradle.internal.remote.internal.inet.SocketConnection$SocketInputStream.<init>(Ljava/nio/channels/SocketChannel;)V+17
j  org.gradle.internal.remote.internal.inet.SocketConnection.<init>(Ljava/nio/channels/SocketChannel;Lorg/gradle/internal/remote/internal/MessageSerializer;Lorg/gradle/internal/serialize/StatefulSerializer;)V+27
j  org.gradle.internal.remote.internal.inet.SocketConnectCompletion.create(Lorg/gradle/internal/serialize/StatefulSerializer;)Lorg/gradle/internal/remote/internal/RemoteConnection;+16
j  org.gradle.launcher.daemon.client.DefaultDaemonConnector.connectToDaemon(Lorg/gradle/launcher/daemon/context/DaemonConnectDetails;Lorg/gradle/launcher/daemon/client/DaemonClientConnection$StaleAddressDetector;)Lorg/gradle/launcher/daemon/client/DaemonClientConnection;+45
j  org.gradle.launcher.daemon.client.DefaultDaemonConnector.connectToDaemonWithId(Lorg/gradle/launcher/daemon/diagnostics/DaemonStartupInfo;Lorg/gradle/api/internal/specs/ExplainingSpec;)Lorg/gradle/launcher/daemon/client/DaemonClientConnection;+116
j  org.gradle.launcher.daemon.client.DefaultDaemonConnector.doStartDaemon(Lorg/gradle/api/internal/specs/ExplainingSpec;Z)Lorg/gradle/launcher/daemon/client/DaemonClientConnection;+61
j  org.gradle.launcher.daemon.client.DefaultDaemonConnector.startDaemon(Lorg/gradle/api/internal/specs/ExplainingSpec;)Lorg/gradle/launcher/daemon/client/DaemonClientConnection;+3
j  org.gradle.launcher.daemon.client.DaemonClient.execute(Lorg/gradle/internal/invocation/BuildAction;Lorg/gradle/launcher/exec/BuildActionParameters;Lorg/gradle/internal/daemon/client/execution/ClientBuildRequestContext;)Lorg/gradle/launcher/exec/BuildActionResult;+201
j  org.gradle.launcher.daemon.client.DaemonClient.execute(Lorg/gradle/internal/invocation/BuildAction;Ljava/lang/Object;Ljava/lang/Object;)Lorg/gradle/launcher/exec/BuildActionResult;+10
j  org.gradle.tooling.internal.provider.DaemonBuildActionExecuter.execute(Lorg/gradle/internal/invocation/BuildAction;Lorg/gradle/tooling/internal/provider/ConnectionOperationParameters;Lorg/gradle/internal/daemon/client/execution/ClientBuildRequestContext;)Lorg/gradle/launcher/exec/BuildActionResult;+72
j  org.gradle.tooling.internal.provider.DaemonBuildActionExecuter.execute(Lorg/gradle/internal/invocation/BuildAction;Ljava/lang/Object;Ljava/lang/Object;)Lorg/gradle/launcher/exec/BuildActionResult;+10
j  org.gradle.tooling.internal.provider.LoggingBridgingBuildActionExecuter.execute(Lorg/gradle/internal/invocation/BuildAction;Lorg/gradle/tooling/internal/provider/ConnectionOperationParameters;Lorg/gradle/internal/daemon/client/execution/ClientBuildRequestContext;)Lorg/gradle/launcher/exec/BuildActionResult;+77
j  org.gradle.tooling.internal.provider.LoggingBridgingBuildActionExecuter.execute(Lorg/gradle/internal/invocation/BuildAction;Ljava/lang/Object;Ljava/lang/Object;)Lorg/gradle/launcher/exec/BuildActionResult;+10
j  org.gradle.tooling.internal.provider.ProviderConnection.run(Lorg/gradle/internal/invocation/BuildAction;Lorg/gradle/initialization/BuildCancellationToken;Lorg/gradle/tooling/internal/provider/ProviderConnection$ProgressListenerConfiguration;Lorg/gradle/initialization/BuildEventConsumer;Lorg/gradle/tooling/internal/provider/connection/ProviderOperationParameters;Lorg/gradle/tooling/internal/provider/ProviderConnection$Parameters;)Ljava/lang/Object;+79
j  org.gradle.tooling.internal.provider.ProviderConnection.runPhasedAction(Lorg/gradle/tooling/internal/protocol/InternalPhasedAction;Lorg/gradle/tooling/internal/protocol/PhasedActionResultListener;Lorg/gradle/initialization/BuildCancellationToken;Lorg/gradle/tooling/internal/provider/connection/ProviderOperationParameters;)Ljava/lang/Object;+132
j  org.gradle.tooling.internal.provider.DefaultConnection.run(Lorg/gradle/tooling/internal/protocol/InternalPhasedAction;Lorg/gradle/tooling/internal/protocol/PhasedActionResultListener;Lorg/gradle/tooling/internal/protocol/InternalCancellationToken;Lorg/gradle/tooling/internal/protocol/BuildParameters;)Lorg/gradle/tooling/internal/protocol/BuildResult;+28
j  org.gradle.tooling.internal.consumer.connection.PhasedActionAwareConsumerConnection.run(Lorg/gradle/tooling/internal/consumer/PhasedBuildAction;Lorg/gradle/tooling/internal/consumer/parameters/ConsumerOperationParameters;)V+66
j  org.gradle.tooling.internal.consumer.connection.ParameterValidatingConsumerConnection.run(Lorg/gradle/tooling/internal/consumer/PhasedBuildAction;Lorg/gradle/tooling/internal/consumer/parameters/ConsumerOperationParameters;)V+11
j  org.gradle.tooling.internal.consumer.DefaultPhasedBuildActionExecuter$1.run(Lorg/gradle/tooling/internal/consumer/connection/ConsumerConnection;)Ljava/lang/Void;+12
j  org.gradle.tooling.internal.consumer.DefaultPhasedBuildActionExecuter$1.run(Lorg/gradle/tooling/internal/consumer/connection/ConsumerConnection;)Ljava/lang/Object;+2
j  org.gradle.tooling.internal.consumer.connection.LazyConsumerActionExecutor.run(Lorg/gradle/tooling/internal/consumer/connection/ConsumerAction;)Ljava/lang/Object;+34
j  org.gradle.tooling.internal.consumer.connection.CancellableConsumerActionExecutor.run(Lorg/gradle/tooling/internal/consumer/connection/ConsumerAction;)Ljava/lang/Object;+34
j  org.gradle.tooling.internal.consumer.connection.ProgressLoggingConsumerActionExecutor.run(Lorg/gradle/tooling/internal/consumer/connection/ConsumerAction;)Ljava/lang/Object;+78
j  org.gradle.tooling.internal.consumer.connection.RethrowingErrorsConsumerActionExecutor.run(Lorg/gradle/tooling/internal/consumer/connection/ConsumerAction;)Ljava/lang/Object;+5
j  org.gradle.tooling.internal.consumer.async.DefaultAsyncConsumerActionExecutor$1$1.run()V+17
j  org.gradle.internal.concurrent.ExecutorPolicy$CatchAndRecordFailures.onExecute(Ljava/lang/Runnable;)V+1
j  org.gradle.internal.concurrent.AbstractManagedExecutor$1.run()V+25
j  java.util.concurrent.ThreadPoolExecutor.runWorker(Ljava/util/concurrent/ThreadPoolExecutor$Worker;)V+92 java.base@21.0.7
j  java.util.concurrent.ThreadPoolExecutor$Worker.run()V+5 java.base@21.0.7
j  java.lang.Thread.runWith(Ljava/lang/Object;Ljava/lang/Runnable;)V+5 java.base@21.0.7
j  java.lang.Thread.run()V+19 java.base@21.0.7
v  ~StubRoutines::call_stub 0x0000018e5069100d

siginfo: EXCEPTION_ACCESS_VIOLATION (0xc0000005), reading address 0x0000000000000604


Registers:
RAX=0x0000000000000000, RBX=0x0000018e644ec478, RCX=0x00000000000012f0, RDX=0x0000000000000002
RSP=0x0000006313ffdd60, RBP=0x0000000000000604, RSI=0x0000018e67568410, RDI=0x0000000000000604
R8 =0x7ffffffffffffffc, R9 =0x0000000000000000, R10=0x00000000000012f0, R11=0x0000018e4604be90
R12=0x0000006313ffdfa0, R13=0x00000000000012e0, R14=0x0000018e675683e0, R15=0x00000000000012e0
RIP=0x000000018000c274, EFLAGS=0x0000000000010246

XMM[0]=0x0000000000000000 0x0000000000000000
XMM[1]=0x0000000000000000 0x0000000000000000
XMM[2]=0x0000000000000000 0x0000000000000000
XMM[3]=0x0000000000000000 0x0000000000000000
XMM[4]=0x0000000000000000 0x0000000000000000
XMM[5]=0x0000000000000000 0x0000000000000000
XMM[6]=0x4dd14d2d65cd8586 0x33b3ef43ac31d20f
XMM[7]=0x607c1f0dedc3be6e 0x6a55b9b75eda7d30
XMM[8]=0x0000000000000000 0x8f207b01726a8d3e
XMM[9]=0x26ed97ffacbd6265 0x0ea626a2ef997d2a
XMM[10]=0xffffffffffffffff 0x0b0a090803020100
XMM[11]=0x6bf7cd0e71299229 0x0000000000000000
XMM[12]=0x0b0a090803020100 0xffffffffffffffff
XMM[13]=0x0c0d0e0f08090a0b 0x0405060700010203
XMM[14]=0x0000000000000000 0x6c9c4e785cd1fc34
XMM[15]=0x0000000000000000 0x00000000f035adbc
  MXCSR=0x00001fa0


Register to memory mapping:

RAX=0x0 is null
RBX=0x0000018e644ec478 points into unknown readable memory: 0x0000000000000000 | 00 00 00 00 00 00 00 00
RCX=0x00000000000012f0 is an unknown value
RDX=0x0000000000000002 is an unknown value
RSP=0x0000006313ffdd60 is pointing into the stack for thread: 0x0000018e643deb40
RBP=0x0000000000000604 is an unknown value
RSI=0x0000018e67568410 points into unknown readable memory: 0x0000018e67568410 | 10 84 56 67 8e 01 00 00
RDI=0x0000000000000604 is an unknown value
R8 =0x7ffffffffffffffc is an unknown value
R9 =0x0 is null
R10=0x00000000000012f0 is an unknown value
R11=0x0000018e4604be90 points into unknown readable memory: 0x00000000000007d0 | d0 07 00 00 00 00 00 00
R12=0x0000006313ffdfa0 is pointing into the stack for thread: 0x0000018e643deb40
R13=0x00000000000012e0 is an unknown value
R14=0x0000018e675683e0 points into unknown readable memory: 0x0000000000000604 | 04 06 00 00 00 00 00 00
R15=0x00000000000012e0 is an unknown value

Top of Stack: (sp=0x0000006313ffdd60)
0x0000006313ffdd60:   0000000000000000 0000000000000000
0x0000006313ffdd70:   0000000000000604 000000018001f4c2
0x0000006313ffdd80:   0000000180065ec8 0000000000002736
0x0000006313ffdd90:   0000000000000003 00000000000012f0
0x0000006313ffdda0:   0000000000000604 000000018000c506
0x0000006313ffddb0:   0000018e644ec478 0000000000002736
0x0000006313ffddc0:   0000000000000000 0000018e00000008
0x0000006313ffddd0:   000000630000001e 0000000000000000
0x0000006313ffdde0:   0000000000000604 0000000000000000
0x0000006313ffddf0:   0000000000000001 0000000000000000
0x0000006313ffde00:   0000000000000604 00007ff8cd9877e6
0x0000006313ffde10:   00000000000012f0 0000000000000602
0x0000006313ffde20:   0000018e67568410 0000006313ffdf70
0x0000006313ffde30:   0000000000000000 0000018e00000000
0x0000006313ffde40:   0000000000000003 0000018e00000001
0x0000006313ffde50:   0000000000000000 0000000000000000
0x0000006313ffde60:   00007ff800000000 00007ff8edfe0139
0x0000006313ffde70:   00000000000012f0 0000000000000000
0x0000006313ffde80:   0000000000000000 0000f22655e0eea3
0x0000006313ffde90:   0000018e644ec460 00007ff8cd9882af
0x0000006313ffdea0:   0000000000000028 00007ff870212cac
0x0000006313ffdeb0:   0000018e644ec468 0000018e46073630
0x0000006313ffdec0:   0000018e675683e0 00007ff8cd988359
0x0000006313ffded0:   0000018e67568410 0000006313ffdfa0
0x0000006313ffdee0:   0000018e67568410 0000018e675683e0
0x0000006313ffdef0:   0000018e643deb40 0000006313ffdfa0
0x0000006313ffdf00:   0000018e615ae468 0000000000000000
0x0000006313ffdf10:   0000018e675683e0 00007ff8cd988787
0x0000006313ffdf20:   0000000000000000 0000006313ffdfa0
0x0000006313ffdf30:   00000000000012e0 0000018e643deb40
0x0000006313ffdf40:   0000000000000001 00007ff8cd987a75
0x0000006313ffdf50:   0000000000000604 0000006313ffdfa0 

Instructions: (pc=0x000000018000c274)
0x000000018000c174:   70 48 8b 6c 24 78 32 c0 48 83 c4 50 41 5c c3 cc
0x000000018000c184:   cc cc cc cc cc cc cc cc cc cc cc cc 48 85 c9 74
0x000000018000c194:   23 8b 05 ad ff 06 00 89 01 8b 05 a9 ff 06 00 89
0x000000018000c1a4:   41 04 8b 05 a4 ff 06 00 89 41 08 8b 05 9f ff 06
0x000000018000c1b4:   00 89 41 0c f3 c3 cc cc cc cc cc cc c6 01 01 c7
0x000000018000c1c4:   02 01 00 00 00 c3 cc cc cc cc cc cc 48 89 5c 24
0x000000018000c1d4:   08 57 48 83 ec 70 48 8b fa 8b d9 48 8d 15 82 73
0x000000018000c1e4:   05 00 48 8d 4c 24 20 45 33 c0 48 c7 44 24 40 0f
0x000000018000c1f4:   00 00 00 48 c7 44 24 38 00 00 00 00 c6 44 24 28
0x000000018000c204:   00 e8 d6 6b ff ff 4c 8d 4c 24 20 48 8d 4c 24 48
0x000000018000c214:   41 b0 01 8b d3 e8 52 06 02 00 48 83 78 20 10 72
0x000000018000c224:   06 48 8b 48 08 eb 05 48 8d 48 08 90 0f b6 01 48
0x000000018000c234:   ff c7 48 ff c1 88 47 ff 84 c0 75 f0 48 83 7c 24
0x000000018000c244:   68 10 72 0a 48 8b 4c 24 50 e8 52 94 03 00 48 8b
0x000000018000c254:   9c 24 80 00 00 00 48 83 c4 70 5f c3 48 83 ec 48
0x000000018000c264:   0f b6 c2 0f 57 c0 0f 11 44 24 ff 25 00 00 00 00
0x000000018000c274:   ae 7e ef ee f8 7f 00 00 8b 44 24 04 0f af 04 24
0x000000018000c284:   89 04 24 8b 44 24 04 0f af 04 24 83 c0 01 89 04
0x000000018000c294:   24 8b 44 24 04 0f af 04 24 83 c0 02 89 04 24 8b
0x000000018000c2a4:   44 24 04 0f af 04 24 83 c0 03 89 04 24 8b 44 24
0x000000018000c2b4:   04 0f af 04 24 83 c0 04 89 04 24 8b 44 24 04 0f
0x000000018000c2c4:   af 04 24 83 c0 05 89 04 24 8b 44 24 04 0f af 04
0x000000018000c2d4:   24 83 c0 06 89 04 24 8b 44 24 04 0f af 04 24 83
0x000000018000c2e4:   c0 07 89 04 24 8b 44 24 04 0f af 04 24 83 c0 08
0x000000018000c2f4:   89 04 24 8b 44 24 04 0f af 04 24 83 c0 09 89 04
0x000000018000c304:   24 8b 44 24 04 0f af 04 24 83 c0 0a 89 04 24 8b
0x000000018000c314:   44 24 04 0f af 04 24 83 c0 0b 89 04 24 8b 44 24
0x000000018000c324:   04 0f af 04 24 83 c0 0d 89 04 24 8b 44 24 04 0f
0x000000018000c334:   af 04 24 83 c0 0e 89 04 24 8b 44 24 04 0f af 04
0x000000018000c344:   24 83 c0 0f 89 04 24 8b 44 24 04 0f af 04 24 83
0x000000018000c354:   c0 10 89 04 24 8b 44 24 04 0f af 04 24 83 c0 11
0x000000018000c364:   89 04 24 8b 44 24 04 0f af 04 24 83 c0 12 89 04 


Stack slot to memory mapping:

stack at sp + 0 slots: 0x0 is null
stack at sp + 1 slots: 0x0 is null
stack at sp + 2 slots: 0x0000000000000604 is an unknown value
stack at sp + 3 slots: 0x000000018001f4c2 ASProxy64.dll
stack at sp + 4 slots: 0x0000000180065ec8 ASProxy64.dll
stack at sp + 5 slots: 0x0000000000002736 is an unknown value
stack at sp + 6 slots: 0x0000000000000003 is an unknown value
stack at sp + 7 slots: 0x00000000000012f0 is an unknown value


---------------  P R O C E S S  ---------------

Threads class SMR info:
_java_thread_list=0x0000018e652e5940, length=60, elements={
0x0000018e460515b0, 0x0000018e460f67d0, 0x0000018e5a43e450, 0x0000018e460fd6e0,
0x0000018e460fe5b0, 0x0000018e46101fd0, 0x0000018e461057f0, 0x0000018e5b904ff0,
0x0000018e5b9076a0, 0x0000018e5b9c7400, 0x0000018e5b9ff650, 0x0000018e5ba09d10,
0x0000018e5bc2dbe0, 0x0000018e62e78470, 0x0000018e62ebe830, 0x0000018e62ca6270,
0x0000018e62980510, 0x0000018e6344a870, 0x0000018e6344cfd0, 0x0000018e6344c940,
0x0000018e6344b590, 0x0000018e63449b50, 0x0000018e6344af00, 0x0000018e6344bc20,
0x0000018e6419ab70, 0x0000018e6419b200, 0x0000018e64198aa0, 0x0000018e64197d80,
0x0000018e6419b890, 0x0000018e64198410, 0x0000018e6419bf20, 0x0000018e6419c5b0,
0x0000018e64199130, 0x0000018e6419cc40, 0x0000018e641997c0, 0x0000018e6419d2d0,
0x0000018e64199e50, 0x0000018e6419d960, 0x0000018e6419a4e0, 0x0000018e6419dff0,
0x0000018e6419f3a0, 0x0000018e6419e680, 0x0000018e6419ed10, 0x0000018e643d88d0,
0x0000018e643d7bb0, 0x0000018e643d8f60, 0x0000018e643db6c0, 0x0000018e643d8240,
0x0000018e643dd790, 0x0000018e643dc3e0, 0x0000018e643da310, 0x0000018e643df1d0,
0x0000018e643dca70, 0x0000018e643dde20, 0x0000018e643de4b0, 0x0000018e643deb40,
0x0000018e64bf5f90, 0x0000018e64bf3830, 0x0000018e64bf5900, 0x0000018e64bf6620
}

Java Threads: ( => current thread )
  0x0000018e460515b0 JavaThread "main"                              [_thread_blocked, id=34064, stack(0x000000630e000000,0x000000630e100000) (1024K)]
  0x0000018e460f67d0 JavaThread "Reference Handler"          daemon [_thread_blocked, id=17576, stack(0x000000630e400000,0x000000630e500000) (1024K)]
  0x0000018e5a43e450 JavaThread "Finalizer"                  daemon [_thread_blocked, id=34088, stack(0x000000630e500000,0x000000630e600000) (1024K)]
  0x0000018e460fd6e0 JavaThread "Signal Dispatcher"          daemon [_thread_blocked, id=21444, stack(0x000000630e600000,0x000000630e700000) (1024K)]
  0x0000018e460fe5b0 JavaThread "Attach Listener"            daemon [_thread_blocked, id=7632, stack(0x000000630e700000,0x000000630e800000) (1024K)]
  0x0000018e46101fd0 JavaThread "Service Thread"             daemon [_thread_blocked, id=3124, stack(0x000000630e800000,0x000000630e900000) (1024K)]
  0x0000018e461057f0 JavaThread "Monitor Deflation Thread"   daemon [_thread_blocked, id=33544, stack(0x000000630e900000,0x000000630ea00000) (1024K)]
  0x0000018e5b904ff0 JavaThread "C2 CompilerThread0"         daemon [_thread_in_native, id=19640, stack(0x000000630ea00000,0x000000630eb00000) (1024K)]
  0x0000018e5b9076a0 JavaThread "C1 CompilerThread0"         daemon [_thread_blocked, id=35276, stack(0x000000630eb00000,0x000000630ec00000) (1024K)]
  0x0000018e5b9c7400 JavaThread "Common-Cleaner"             daemon [_thread_blocked, id=33056, stack(0x000000630ec00000,0x000000630ed00000) (1024K)]
  0x0000018e5b9ff650 JavaThread "C1 CompilerThread1"         daemon [_thread_blocked, id=10040, stack(0x000000630ed00000,0x000000630ee00000) (1024K)]
  0x0000018e5ba09d10 JavaThread "C1 CompilerThread2"         daemon [_thread_blocked, id=19264, stack(0x000000630ee00000,0x000000630ef00000) (1024K)]
  0x0000018e5bc2dbe0 JavaThread "Notification Thread"        daemon [_thread_blocked, id=33756, stack(0x0000006310000000,0x0000006310100000) (1024K)]
  0x0000018e62e78470 JavaThread "Active Thread: Equinox Container: 4be0fd4a-cd77-471b-8678-acd8a3ad87d7"        [_thread_blocked, id=8336, stack(0x0000006310c00000,0x0000006310d00000) (1024K)]
  0x0000018e62ebe830 JavaThread "Refresh Thread: Equinox Container: 4be0fd4a-cd77-471b-8678-acd8a3ad87d7" daemon [_thread_blocked, id=21112, stack(0x0000006310e00000,0x0000006310f00000) (1024K)]
  0x0000018e62ca6270 JavaThread "Framework Event Dispatcher: Equinox Container: 4be0fd4a-cd77-471b-8678-acd8a3ad87d7" daemon [_thread_blocked, id=34240, stack(0x0000006310f00000,0x0000006311000000) (1024K)]
  0x0000018e62980510 JavaThread "Start Level: Equinox Container: 4be0fd4a-cd77-471b-8678-acd8a3ad87d7" daemon [_thread_blocked, id=13936, stack(0x0000006311000000,0x0000006311100000) (1024K)]
  0x0000018e6344a870 JavaThread "Bundle File Closer"         daemon [_thread_blocked, id=31852, stack(0x0000006311400000,0x0000006311500000) (1024K)]
  0x0000018e6344cfd0 JavaThread "SCR Component Actor"        daemon [_thread_blocked, id=21244, stack(0x0000006311500000,0x0000006311600000) (1024K)]
  0x0000018e6344c940 JavaThread "Worker-JM"                         [_thread_blocked, id=34724, stack(0x0000006311800000,0x0000006311900000) (1024K)]
  0x0000018e6344b590 JavaThread "Worker-0"                          [_thread_blocked, id=28892, stack(0x0000006311a00000,0x0000006311b00000) (1024K)]
  0x0000018e63449b50 JavaThread "Worker-1"                          [_thread_blocked, id=27408, stack(0x0000006311b00000,0x0000006311c00000) (1024K)]
  0x0000018e6344af00 JavaThread "Java indexing"              daemon [_thread_blocked, id=19332, stack(0x0000006311c00000,0x0000006311d00000) (1024K)]
  0x0000018e6344bc20 JavaThread "JNA Cleaner"                daemon [_thread_blocked, id=26036, stack(0x0000006310a00000,0x0000006310b00000) (1024K)]
  0x0000018e6419ab70 JavaThread "Worker-2"                          [_thread_blocked, id=7584, stack(0x0000006311f00000,0x0000006312000000) (1024K)]
  0x0000018e6419b200 JavaThread "Worker-3"                          [_thread_blocked, id=9256, stack(0x0000006312000000,0x0000006312100000) (1024K)]
  0x0000018e64198aa0 JavaThread "Thread-2"                   daemon [_thread_in_native, id=18176, stack(0x0000006312100000,0x0000006312200000) (1024K)]
  0x0000018e64197d80 JavaThread "Thread-3"                   daemon [_thread_in_native, id=15528, stack(0x0000006312200000,0x0000006312300000) (1024K)]
  0x0000018e6419b890 JavaThread "Thread-4"                   daemon [_thread_in_native, id=1464, stack(0x0000006312300000,0x0000006312400000) (1024K)]
  0x0000018e64198410 JavaThread "Thread-5"                   daemon [_thread_in_native, id=32796, stack(0x0000006312400000,0x0000006312500000) (1024K)]
  0x0000018e6419bf20 JavaThread "Thread-6"                   daemon [_thread_in_native, id=31104, stack(0x0000006312500000,0x0000006312600000) (1024K)]
  0x0000018e6419c5b0 JavaThread "Thread-7"                   daemon [_thread_in_native, id=31936, stack(0x0000006312600000,0x0000006312700000) (1024K)]
  0x0000018e64199130 JavaThread "Thread-8"                   daemon [_thread_in_native, id=11000, stack(0x0000006312700000,0x0000006312800000) (1024K)]
  0x0000018e6419cc40 JavaThread "Thread-9"                   daemon [_thread_in_native, id=23284, stack(0x0000006312800000,0x0000006312900000) (1024K)]
  0x0000018e641997c0 JavaThread "Thread-10"                  daemon [_thread_in_native, id=9892, stack(0x0000006312900000,0x0000006312a00000) (1024K)]
  0x0000018e6419d2d0 JavaThread "Thread-11"                  daemon [_thread_in_native, id=8468, stack(0x0000006312a00000,0x0000006312b00000) (1024K)]
  0x0000018e64199e50 JavaThread "Thread-12"                  daemon [_thread_in_native, id=11292, stack(0x0000006312b00000,0x0000006312c00000) (1024K)]
  0x0000018e6419d960 JavaThread "Thread-13"                  daemon [_thread_in_native, id=26008, stack(0x0000006312c00000,0x0000006312d00000) (1024K)]
  0x0000018e6419a4e0 JavaThread "Thread-14"                  daemon [_thread_in_native, id=32764, stack(0x0000006312d00000,0x0000006312e00000) (1024K)]
  0x0000018e6419dff0 JavaThread "Thread-15"                  daemon [_thread_in_native, id=12872, stack(0x0000006312e00000,0x0000006312f00000) (1024K)]
  0x0000018e6419f3a0 JavaThread "Thread-16"                  daemon [_thread_in_native, id=32968, stack(0x0000006312f00000,0x0000006313000000) (1024K)]
  0x0000018e6419e680 JavaThread "Thread-17"                  daemon [_thread_in_native, id=14740, stack(0x0000006313000000,0x0000006313100000) (1024K)]
  0x0000018e6419ed10 JavaThread "Thread-18"                  daemon [_thread_in_native, id=8696, stack(0x0000006313100000,0x0000006313200000) (1024K)]
  0x0000018e643d88d0 JavaThread "pool-2-thread-1"                   [_thread_blocked, id=16116, stack(0x0000006313500000,0x0000006313600000) (1024K)]
  0x0000018e643d7bb0 JavaThread "WorkspaceEventsHandler"            [_thread_blocked, id=30904, stack(0x0000006313600000,0x0000006313700000) (1024K)]
  0x0000018e643d8f60 JavaThread "pool-1-thread-1"                   [_thread_blocked, id=28448, stack(0x0000006313700000,0x0000006313800000) (1024K)]
  0x0000018e643db6c0 JavaThread "Worker-4: Initialize Workspace"        [_thread_blocked, id=31496, stack(0x0000006313a00000,0x0000006313b00000) (1024K)]
  0x0000018e643d8240 JavaThread "Timer-0"                           [_thread_blocked, id=22636, stack(0x0000006313800000,0x0000006313900000) (1024K)]
  0x0000018e643dd790 JavaThread "Timer-1"                           [_thread_blocked, id=18608, stack(0x0000006313400000,0x0000006313500000) (1024K)]
  0x0000018e643dc3e0 JavaThread "Timer-2"                           [_thread_blocked, id=26408, stack(0x0000006313900000,0x0000006313a00000) (1024K)]
  0x0000018e643da310 JavaThread "LocalFile Deleter"          daemon [_thread_blocked, id=14104, stack(0x0000006313b00000,0x0000006313c00000) (1024K)]
  0x0000018e643df1d0 JavaThread "LocalFile Deleter"          daemon [_thread_blocked, id=11604, stack(0x0000006313c00000,0x0000006313d00000) (1024K)]
  0x0000018e643dca70 JavaThread "LocalFile Deleter"          daemon [_thread_blocked, id=10776, stack(0x0000006313d00000,0x0000006313e00000) (1024K)]
  0x0000018e643dde20 JavaThread "Timer-3"                           [_thread_blocked, id=34808, stack(0x0000006313300000,0x0000006313400000) (1024K)]
  0x0000018e643de4b0 JavaThread "Timer-4"                           [_thread_blocked, id=34144, stack(0x0000006313e00000,0x0000006313f00000) (1024K)]
=>0x0000018e643deb40 JavaThread "Connection worker"                 [_thread_in_native, id=7852, stack(0x0000006313f00000,0x0000006314000000) (1024K)]
  0x0000018e64bf5f90 JavaThread "pool-3-thread-1"                   [_thread_blocked, id=19324, stack(0x0000006313200000,0x0000006313300000) (1024K)]
  0x0000018e64bf3830 JavaThread "Exec process"                      [_thread_blocked, id=26284, stack(0x0000006314000000,0x0000006314100000) (1024K)]
  0x0000018e64bf5900 JavaThread "Exec process Thread 2"             [_thread_blocked, id=22084, stack(0x0000006314100000,0x0000006314200000) (1024K)]
  0x0000018e64bf6620 JavaThread "Exec process Thread 3"             [_thread_blocked, id=10880, stack(0x0000006314200000,0x0000006314300000) (1024K)]
Total: 60

Other Threads:
  0x0000018e5a424930 VMThread "VM Thread"                           [id=31668, stack(0x000000630e300000,0x000000630e400000) (1024K)]
  0x0000018e5a31ca10 WatcherThread "VM Periodic Task Thread"        [id=8620, stack(0x000000630e200000,0x000000630e300000) (1024K)]
  0x0000018e4606fbe0 WorkerThread "GC Thread#0"                     [id=26012, stack(0x000000630e100000,0x000000630e200000) (1024K)]
  0x0000018e62553ec0 WorkerThread "GC Thread#1"                     [id=7192, stack(0x0000006310400000,0x0000006310500000) (1024K)]
  0x0000018e6254ea00 WorkerThread "GC Thread#2"                     [id=18208, stack(0x0000006310500000,0x0000006310600000) (1024K)]
  0x0000018e6254eda0 WorkerThread "GC Thread#3"                     [id=26712, stack(0x0000006310600000,0x0000006310700000) (1024K)]
  0x0000018e6254f140 WorkerThread "GC Thread#4"                     [id=35396, stack(0x0000006310700000,0x0000006310800000) (1024K)]
  0x0000018e625e8c40 WorkerThread "GC Thread#5"                     [id=26272, stack(0x0000006310800000,0x0000006310900000) (1024K)]
  0x0000018e625e8fe0 WorkerThread "GC Thread#6"                     [id=20032, stack(0x0000006310900000,0x0000006310a00000) (1024K)]
  0x0000018e6299e160 WorkerThread "GC Thread#7"                     [id=34444, stack(0x0000006310d00000,0x0000006310e00000) (1024K)]
  0x0000018e62b12a60 WorkerThread "GC Thread#8"                     [id=11072, stack(0x0000006311100000,0x0000006311200000) (1024K)]
  0x0000018e62b13540 WorkerThread "GC Thread#9"                     [id=6716, stack(0x0000006311200000,0x0000006311300000) (1024K)]
  0x0000018e62b126c0 WorkerThread "GC Thread#10"                    [id=12060, stack(0x0000006311300000,0x0000006311400000) (1024K)]
  0x0000018e62b12e00 WorkerThread "GC Thread#11"                    [id=22920, stack(0x0000006311700000,0x0000006311800000) (1024K)]
  0x0000018e633bb420 WorkerThread "GC Thread#12"                    [id=18132, stack(0x0000006311900000,0x0000006311a00000) (1024K)]
Total: 15

Threads with active compile tasks:
C2 CompilerThread0  8298 7867   !   4       jdk.internal.loader.BuiltinClassLoader::loadClassOrNull (143 bytes)
Total: 1

VM state: not at safepoint (normal execution)

VM Mutex/Monitor currently owned by a thread: None

Heap address: 0x00000000c0000000, size: 1024 MB, Compressed Oops mode: 32-bit

CDS archive(s) mapped at: [0x0000018e00000000-0x0000018e00ba0000-0x0000018e00ba0000), size 12189696, SharedBaseAddress: 0x0000018e00000000, ArchiveRelocationMode: 1.
Compressed class space mapped at: 0x0000018e01000000-0x0000018e41000000, reserved size: 1073741824
Narrow klass base: 0x0000018e00000000, Narrow klass shift: 0, Narrow klass range: 0x100000000

GC Precious Log:
 CardTable entry size: 512
 CPUs: 16 total, 16 available
 Memory: 16096M
 Large Page Support: Disabled
 NUMA Support: Disabled
 Compressed Oops: Enabled (32-bit)
 Alignments: Space 512K, Generation 512K, Heap 2M
 Heap Min Capacity: 100M
 Heap Initial Capacity: 100M
 Heap Max Capacity: 1G
 Pre-touch: Disabled
 Parallel Workers: 13

Heap:
 PSYoungGen      total 15872K, used 11353K [0x00000000eab00000, 0x00000000ebc00000, 0x0000000100000000)
  eden space 14848K, 71% used [0x00000000eab00000,0x00000000eb566770,0x00000000eb980000)
  from space 1024K, 68% used [0x00000000eba00000,0x00000000ebab0010,0x00000000ebb00000)
  to   space 1024K, 0% used [0x00000000ebb00000,0x00000000ebb00000,0x00000000ebc00000)
 ParOldGen       total 68608K, used 40849K [0x00000000c0000000, 0x00000000c4300000, 0x00000000eab00000)
  object space 68608K, 59% used [0x00000000c0000000,0x00000000c27e4680,0x00000000c4300000)
 Metaspace       used 62444K, committed 63872K, reserved 1114112K
  class space    used 7714K, committed 8320K, reserved 1048576K

Card table byte_map: [0x0000018e45a10000,0x0000018e45c20000] _byte_map_base: 0x0000018e45410000

Marking Bits: (ParMarkBitMap*) 0x00007ff8708531f0
 Begin Bits: [0x0000018e58240000, 0x0000018e59240000)
 End Bits:   [0x0000018e59240000, 0x0000018e5a240000)

Polling page: 0x0000018e43f30000

Metaspace:

Usage:
  Non-class:     53.45 MB used.
      Class:      7.53 MB used.
       Both:     60.98 MB used.

Virtual space:
  Non-class space:       64.00 MB reserved,      54.25 MB ( 85%) committed,  1 nodes.
      Class space:        1.00 GB reserved,       8.12 MB ( <1%) committed,  1 nodes.
             Both:        1.06 GB reserved,      62.38 MB (  6%) committed. 

Chunk freelists:
   Non-Class:  9.67 MB
       Class:  7.91 MB
        Both:  17.58 MB

MaxMetaspaceSize: unlimited
CompressedClassSpaceSize: 1.00 GB
Initial GC threshold: 21.00 MB
Current GC threshold: 97.31 MB
CDS: on
 - commit_granule_bytes: 65536.
 - commit_granule_words: 8192.
 - virtual_space_node_default_size: 8388608.
 - enlarge_chunks_in_place: 1.
 - use_allocation_guard: 0.


Internal statistics:

num_allocs_failed_limit: 9.
num_arena_births: 1134.
num_arena_deaths: 14.
num_vsnodes_births: 2.
num_vsnodes_deaths: 0.
num_space_committed: 998.
num_space_uncommitted: 0.
num_chunks_returned_to_freelist: 23.
num_chunks_taken_from_freelist: 3735.
num_chunk_merges: 15.
num_chunk_splits: 2481.
num_chunks_enlarged: 1643.
num_inconsistent_stats: 0.

CodeHeap 'non-profiled nmethods': size=119168Kb used=4752Kb max_used=4752Kb free=114415Kb
 bounds [0x0000018e50de0000, 0x0000018e51290000, 0x0000018e58240000]
CodeHeap 'profiled nmethods': size=119104Kb used=14347Kb max_used=14676Kb free=104756Kb
 bounds [0x0000018e49240000, 0x0000018e4a0a0000, 0x0000018e50690000]
CodeHeap 'non-nmethods': size=7488Kb used=2513Kb max_used=3157Kb free=4974Kb
 bounds [0x0000018e50690000, 0x0000018e509c0000, 0x0000018e50de0000]
 total_blobs=7750 nmethods=7061 adapters=593
 compilation: enabled
              stopped_count=0, restarted_count=0
 full_count=0

Compilation events (20 events):
Event: 8.243 Thread 0x0000018e5b9076a0 7883   !   3       java.security.Provider::putService (244 bytes)
Event: 8.244 Thread 0x0000018e5ba09d10 nmethod 7886 0x0000018e49b56a10 code [0x0000018e49b56f00, 0x0000018e49b59230]
Event: 8.244 Thread 0x0000018e5b9ff650 nmethod 7881 0x0000018e497a6110 code [0x0000018e497a6460, 0x0000018e497a7b78]
Event: 8.244 Thread 0x0000018e5ba09d10 7882       3       java.security.Provider::getEngineName (49 bytes)
Event: 8.244 Thread 0x0000018e5b9076a0 nmethod 7883 0x0000018e49b41a90 code [0x0000018e49b41e20, 0x0000018e49b43358]
Event: 8.244 Thread 0x0000018e5b9ff650 7884       3       java.security.Provider::check (18 bytes)
Event: 8.244 Thread 0x0000018e5b9076a0 7885       3       java.security.Provider::implRemoveService (149 bytes)
Event: 8.244 Thread 0x0000018e5b9ff650 nmethod 7884 0x0000018e49aab590 code [0x0000018e49aab760, 0x0000018e49aabac0]
Event: 8.244 Thread 0x0000018e5b9ff650 7887       3       java.security.Provider::checkAndUpdateSecureRandom (88 bytes)
Event: 8.245 Thread 0x0000018e5b9ff650 nmethod 7887 0x0000018e497a5a10 code [0x0000018e497a5be0, 0x0000018e497a5f80]
Event: 8.245 Thread 0x0000018e5ba09d10 nmethod 7882 0x0000018e49c15990 code [0x0000018e49c15bc0, 0x0000018e49c16400]
Event: 8.245 Thread 0x0000018e5b9ff650 7888       3       sun.security.util.SecurityProviderConstants::getAliases (63 bytes)
Event: 8.245 Thread 0x0000018e5b9076a0 nmethod 7885 0x0000018e49b40790 code [0x0000018e49b40a40, 0x0000018e49b416c0]
Event: 8.245 Thread 0x0000018e5b9ff650 nmethod 7888 0x0000018e49846a90 code [0x0000018e49846d00, 0x0000018e498475a0]
Event: 8.249 Thread 0x0000018e5b9ff650 7889       3       java.security.MessageDigest::update (11 bytes)
Event: 8.249 Thread 0x0000018e5ba09d10 7890       3       java.security.MessageDigest$Delegate::engineUpdate (9 bytes)
Event: 8.249 Thread 0x0000018e5b9076a0 7891       3       sun.security.provider.DigestBase::engineUpdate (32 bytes)
Event: 8.249 Thread 0x0000018e5ba09d10 nmethod 7890 0x0000018e49b56590 code [0x0000018e49b56740, 0x0000018e49b56918]
Event: 8.249 Thread 0x0000018e5b9076a0 nmethod 7891 0x0000018e49c15390 code [0x0000018e49c15540, 0x0000018e49c157a8]
Event: 8.249 Thread 0x0000018e5b9ff650 nmethod 7889 0x0000018e49b40110 code [0x0000018e49b402c0, 0x0000018e49b40580]

GC Heap History (20 events):
Event: 5.945 GC heap before
{Heap before GC invocations=41 (full 3):
 PSYoungGen      total 15872K, used 15867K [0x00000000eab00000, 0x00000000ebf00000, 0x0000000100000000)
  eden space 14848K, 100% used [0x00000000eab00000,0x00000000eb980000,0x00000000eb980000)
  from space 1024K, 99% used [0x00000000ebd00000,0x00000000ebdfec50,0x00000000ebe00000)
  to   space 1024K, 0% used [0x00000000ebe00000,0x00000000ebe00000,0x00000000ebf00000)
 ParOldGen       total 68608K, used 38376K [0x00000000c0000000, 0x00000000c4300000, 0x00000000eab00000)
  object space 68608K, 55% used [0x00000000c0000000,0x00000000c257a1f0,0x00000000c4300000)
 Metaspace       used 58847K, committed 60096K, reserved 1114112K
  class space    used 7196K, committed 7744K, reserved 1048576K
}
Event: 5.945 GC heap after
{Heap after GC invocations=41 (full 3):
 PSYoungGen      total 15360K, used 448K [0x00000000eab00000, 0x00000000ebe80000, 0x0000000100000000)
  eden space 14848K, 0% used [0x00000000eab00000,0x00000000eab00000,0x00000000eb980000)
  from space 512K, 87% used [0x00000000ebe00000,0x00000000ebe70000,0x00000000ebe80000)
  to   space 1024K, 0% used [0x00000000ebc80000,0x00000000ebc80000,0x00000000ebd80000)
 ParOldGen       total 68608K, used 38448K [0x00000000c0000000, 0x00000000c4300000, 0x00000000eab00000)
  object space 68608K, 56% used [0x00000000c0000000,0x00000000c258c1f0,0x00000000c4300000)
 Metaspace       used 58847K, committed 60096K, reserved 1114112K
  class space    used 7196K, committed 7744K, reserved 1048576K
}
Event: 5.995 GC heap before
{Heap before GC invocations=42 (full 3):
 PSYoungGen      total 15360K, used 15296K [0x00000000eab00000, 0x00000000ebe80000, 0x0000000100000000)
  eden space 14848K, 100% used [0x00000000eab00000,0x00000000eb980000,0x00000000eb980000)
  from space 512K, 87% used [0x00000000ebe00000,0x00000000ebe70000,0x00000000ebe80000)
  to   space 1024K, 0% used [0x00000000ebc80000,0x00000000ebc80000,0x00000000ebd80000)
 ParOldGen       total 68608K, used 38448K [0x00000000c0000000, 0x00000000c4300000, 0x00000000eab00000)
  object space 68608K, 56% used [0x00000000c0000000,0x00000000c258c1f0,0x00000000c4300000)
 Metaspace       used 58847K, committed 60096K, reserved 1114112K
  class space    used 7196K, committed 7744K, reserved 1048576K
}
Event: 5.995 GC heap after
{Heap after GC invocations=42 (full 3):
 PSYoungGen      total 15872K, used 564K [0x00000000eab00000, 0x00000000ebe80000, 0x0000000100000000)
  eden space 14848K, 0% used [0x00000000eab00000,0x00000000eab00000,0x00000000eb980000)
  from space 1024K, 55% used [0x00000000ebc80000,0x00000000ebd0d2a0,0x00000000ebd80000)
  to   space 1024K, 0% used [0x00000000ebd80000,0x00000000ebd80000,0x00000000ebe80000)
 ParOldGen       total 68608K, used 38822K [0x00000000c0000000, 0x00000000c4300000, 0x00000000eab00000)
  object space 68608K, 56% used [0x00000000c0000000,0x00000000c25e9998,0x00000000c4300000)
 Metaspace       used 58847K, committed 60096K, reserved 1114112K
  class space    used 7196K, committed 7744K, reserved 1048576K
}
Event: 6.057 GC heap before
{Heap before GC invocations=43 (full 3):
 PSYoungGen      total 15872K, used 15412K [0x00000000eab00000, 0x00000000ebe80000, 0x0000000100000000)
  eden space 14848K, 100% used [0x00000000eab00000,0x00000000eb980000,0x00000000eb980000)
  from space 1024K, 55% used [0x00000000ebc80000,0x00000000ebd0d2a0,0x00000000ebd80000)
  to   space 1024K, 0% used [0x00000000ebd80000,0x00000000ebd80000,0x00000000ebe80000)
 ParOldGen       total 68608K, used 38822K [0x00000000c0000000, 0x00000000c4300000, 0x00000000eab00000)
  object space 68608K, 56% used [0x00000000c0000000,0x00000000c25e9998,0x00000000c4300000)
 Metaspace       used 58848K, committed 60096K, reserved 1114112K
  class space    used 7196K, committed 7744K, reserved 1048576K
}
Event: 6.059 GC heap after
{Heap after GC invocations=43 (full 3):
 PSYoungGen      total 15872K, used 1009K [0x00000000eab00000, 0x00000000ebe80000, 0x0000000100000000)
  eden space 14848K, 0% used [0x00000000eab00000,0x00000000eab00000,0x00000000eb980000)
  from space 1024K, 98% used [0x00000000ebd80000,0x00000000ebe7c630,0x00000000ebe80000)
  to   space 1536K, 0% used [0x00000000ebb80000,0x00000000ebb80000,0x00000000ebd00000)
 ParOldGen       total 68608K, used 39097K [0x00000000c0000000, 0x00000000c4300000, 0x00000000eab00000)
  object space 68608K, 56% used [0x00000000c0000000,0x00000000c262e5d0,0x00000000c4300000)
 Metaspace       used 58848K, committed 60096K, reserved 1114112K
  class space    used 7196K, committed 7744K, reserved 1048576K
}
Event: 6.125 GC heap before
{Heap before GC invocations=44 (full 3):
 PSYoungGen      total 15872K, used 15857K [0x00000000eab00000, 0x00000000ebe80000, 0x0000000100000000)
  eden space 14848K, 100% used [0x00000000eab00000,0x00000000eb980000,0x00000000eb980000)
  from space 1024K, 98% used [0x00000000ebd80000,0x00000000ebe7c630,0x00000000ebe80000)
  to   space 1536K, 0% used [0x00000000ebb80000,0x00000000ebb80000,0x00000000ebd00000)
 ParOldGen       total 68608K, used 39097K [0x00000000c0000000, 0x00000000c4300000, 0x00000000eab00000)
  object space 68608K, 56% used [0x00000000c0000000,0x00000000c262e5d0,0x00000000c4300000)
 Metaspace       used 58848K, committed 60096K, reserved 1114112K
  class space    used 7196K, committed 7744K, reserved 1048576K
}
Event: 6.125 GC heap after
{Heap after GC invocations=44 (full 3):
 PSYoungGen      total 16384K, used 362K [0x00000000eab00000, 0x00000000ebe00000, 0x0000000100000000)
  eden space 14848K, 0% used [0x00000000eab00000,0x00000000eab00000,0x00000000eb980000)
  from space 1536K, 23% used [0x00000000ebb80000,0x00000000ebbda9a0,0x00000000ebd00000)
  to   space 1024K, 0% used [0x00000000ebd00000,0x00000000ebd00000,0x00000000ebe00000)
 ParOldGen       total 68608K, used 39169K [0x00000000c0000000, 0x00000000c4300000, 0x00000000eab00000)
  object space 68608K, 57% used [0x00000000c0000000,0x00000000c26405d0,0x00000000c4300000)
 Metaspace       used 58848K, committed 60096K, reserved 1114112K
  class space    used 7196K, committed 7744K, reserved 1048576K
}
Event: 6.177 GC heap before
{Heap before GC invocations=45 (full 3):
 PSYoungGen      total 16384K, used 15210K [0x00000000eab00000, 0x00000000ebe00000, 0x0000000100000000)
  eden space 14848K, 100% used [0x00000000eab00000,0x00000000eb980000,0x00000000eb980000)
  from space 1536K, 23% used [0x00000000ebb80000,0x00000000ebbda9a0,0x00000000ebd00000)
  to   space 1024K, 0% used [0x00000000ebd00000,0x00000000ebd00000,0x00000000ebe00000)
 ParOldGen       total 68608K, used 39169K [0x00000000c0000000, 0x00000000c4300000, 0x00000000eab00000)
  object space 68608K, 57% used [0x00000000c0000000,0x00000000c26405d0,0x00000000c4300000)
 Metaspace       used 58848K, committed 60096K, reserved 1114112K
  class space    used 7196K, committed 7744K, reserved 1048576K
}
Event: 6.178 GC heap after
{Heap after GC invocations=45 (full 3):
 PSYoungGen      total 15872K, used 993K [0x00000000eab00000, 0x00000000ebe00000, 0x0000000100000000)
  eden space 14848K, 0% used [0x00000000eab00000,0x00000000eab00000,0x00000000eb980000)
  from space 1024K, 96% used [0x00000000ebd00000,0x00000000ebdf8428,0x00000000ebe00000)
  to   space 1536K, 0% used [0x00000000ebb00000,0x00000000ebb00000,0x00000000ebc80000)
 ParOldGen       total 68608K, used 39353K [0x00000000c0000000, 0x00000000c4300000, 0x00000000eab00000)
  object space 68608K, 57% used [0x00000000c0000000,0x00000000c266e410,0x00000000c4300000)
 Metaspace       used 58848K, committed 60096K, reserved 1114112K
  class space    used 7196K, committed 7744K, reserved 1048576K
}
Event: 6.228 GC heap before
{Heap before GC invocations=46 (full 3):
 PSYoungGen      total 15872K, used 15841K [0x00000000eab00000, 0x00000000ebe00000, 0x0000000100000000)
  eden space 14848K, 100% used [0x00000000eab00000,0x00000000eb980000,0x00000000eb980000)
  from space 1024K, 96% used [0x00000000ebd00000,0x00000000ebdf8428,0x00000000ebe00000)
  to   space 1536K, 0% used [0x00000000ebb00000,0x00000000ebb00000,0x00000000ebc80000)
 ParOldGen       total 68608K, used 39353K [0x00000000c0000000, 0x00000000c4300000, 0x00000000eab00000)
  object space 68608K, 57% used [0x00000000c0000000,0x00000000c266e410,0x00000000c4300000)
 Metaspace       used 58848K, committed 60096K, reserved 1114112K
  class space    used 7196K, committed 7744K, reserved 1048576K
}
Event: 6.229 GC heap after
{Heap after GC invocations=46 (full 3):
 PSYoungGen      total 15872K, used 979K [0x00000000eab00000, 0x00000000ebd80000, 0x0000000100000000)
  eden space 14848K, 0% used [0x00000000eab00000,0x00000000eab00000,0x00000000eb980000)
  from space 1024K, 95% used [0x00000000ebb00000,0x00000000ebbf4f10,0x00000000ebc00000)
  to   space 1536K, 0% used [0x00000000ebc00000,0x00000000ebc00000,0x00000000ebd80000)
 ParOldGen       total 68608K, used 39417K [0x00000000c0000000, 0x00000000c4300000, 0x00000000eab00000)
  object space 68608K, 57% used [0x00000000c0000000,0x00000000c267e420,0x00000000c4300000)
 Metaspace       used 58848K, committed 60096K, reserved 1114112K
  class space    used 7196K, committed 7744K, reserved 1048576K
}
Event: 6.279 GC heap before
{Heap before GC invocations=47 (full 3):
 PSYoungGen      total 15872K, used 15827K [0x00000000eab00000, 0x00000000ebd80000, 0x0000000100000000)
  eden space 14848K, 100% used [0x00000000eab00000,0x00000000eb980000,0x00000000eb980000)
  from space 1024K, 95% used [0x00000000ebb00000,0x00000000ebbf4f10,0x00000000ebc00000)
  to   space 1536K, 0% used [0x00000000ebc00000,0x00000000ebc00000,0x00000000ebd80000)
 ParOldGen       total 68608K, used 39417K [0x00000000c0000000, 0x00000000c4300000, 0x00000000eab00000)
  object space 68608K, 57% used [0x00000000c0000000,0x00000000c267e420,0x00000000c4300000)
 Metaspace       used 58848K, committed 60096K, reserved 1114112K
  class space    used 7196K, committed 7744K, reserved 1048576K
}
Event: 6.279 GC heap after
{Heap after GC invocations=47 (full 3):
 PSYoungGen      total 15360K, used 352K [0x00000000eab00000, 0x00000000ebc80000, 0x0000000100000000)
  eden space 14848K, 0% used [0x00000000eab00000,0x00000000eab00000,0x00000000eb980000)
  from space 512K, 68% used [0x00000000ebc00000,0x00000000ebc58000,0x00000000ebc80000)
  to   space 1024K, 0% used [0x00000000eba80000,0x00000000eba80000,0x00000000ebb80000)
 ParOldGen       total 68608K, used 39497K [0x00000000c0000000, 0x00000000c4300000, 0x00000000eab00000)
  object space 68608K, 57% used [0x00000000c0000000,0x00000000c2692420,0x00000000c4300000)
 Metaspace       used 58848K, committed 60096K, reserved 1114112K
  class space    used 7196K, committed 7744K, reserved 1048576K
}
Event: 6.324 GC heap before
{Heap before GC invocations=48 (full 3):
 PSYoungGen      total 15360K, used 15200K [0x00000000eab00000, 0x00000000ebc80000, 0x0000000100000000)
  eden space 14848K, 100% used [0x00000000eab00000,0x00000000eb980000,0x00000000eb980000)
  from space 512K, 68% used [0x00000000ebc00000,0x00000000ebc58000,0x00000000ebc80000)
  to   space 1024K, 0% used [0x00000000eba80000,0x00000000eba80000,0x00000000ebb80000)
 ParOldGen       total 68608K, used 39497K [0x00000000c0000000, 0x00000000c4300000, 0x00000000eab00000)
  object space 68608K, 57% used [0x00000000c0000000,0x00000000c2692420,0x00000000c4300000)
 Metaspace       used 58848K, committed 60096K, reserved 1114112K
  class space    used 7196K, committed 7744K, reserved 1048576K
}
Event: 6.325 GC heap after
{Heap after GC invocations=48 (full 3):
 PSYoungGen      total 15872K, used 1005K [0x00000000eab00000, 0x00000000ebc80000, 0x0000000100000000)
  eden space 14848K, 0% used [0x00000000eab00000,0x00000000eab00000,0x00000000eb980000)
  from space 1024K, 98% used [0x00000000eba80000,0x00000000ebb7b720,0x00000000ebb80000)
  to   space 1024K, 0% used [0x00000000ebb80000,0x00000000ebb80000,0x00000000ebc80000)
 ParOldGen       total 68608K, used 39629K [0x00000000c0000000, 0x00000000c4300000, 0x00000000eab00000)
  object space 68608K, 57% used [0x00000000c0000000,0x00000000c26b3450,0x00000000c4300000)
 Metaspace       used 58848K, committed 60096K, reserved 1114112K
  class space    used 7196K, committed 7744K, reserved 1048576K
}
Event: 6.424 GC heap before
{Heap before GC invocations=49 (full 3):
 PSYoungGen      total 15872K, used 15853K [0x00000000eab00000, 0x00000000ebc80000, 0x0000000100000000)
  eden space 14848K, 100% used [0x00000000eab00000,0x00000000eb980000,0x00000000eb980000)
  from space 1024K, 98% used [0x00000000eba80000,0x00000000ebb7b720,0x00000000ebb80000)
  to   space 1024K, 0% used [0x00000000ebb80000,0x00000000ebb80000,0x00000000ebc80000)
 ParOldGen       total 68608K, used 39629K [0x00000000c0000000, 0x00000000c4300000, 0x00000000eab00000)
  object space 68608K, 57% used [0x00000000c0000000,0x00000000c26b3450,0x00000000c4300000)
 Metaspace       used 59929K, committed 61248K, reserved 1114112K
  class space    used 7350K, committed 7936K, reserved 1048576K
}
Event: 6.426 GC heap after
{Heap after GC invocations=49 (full 3):
 PSYoungGen      total 15360K, used 480K [0x00000000eab00000, 0x00000000ebc00000, 0x0000000100000000)
  eden space 14848K, 0% used [0x00000000eab00000,0x00000000eab00000,0x00000000eb980000)
  from space 512K, 93% used [0x00000000ebb80000,0x00000000ebbf8000,0x00000000ebc00000)
  to   space 1024K, 0% used [0x00000000eba00000,0x00000000eba00000,0x00000000ebb00000)
 ParOldGen       total 68608K, used 39717K [0x00000000c0000000, 0x00000000c4300000, 0x00000000eab00000)
  object space 68608K, 57% used [0x00000000c0000000,0x00000000c26c9450,0x00000000c4300000)
 Metaspace       used 59929K, committed 61248K, reserved 1114112K
  class space    used 7350K, committed 7936K, reserved 1048576K
}
Event: 6.565 GC heap before
{Heap before GC invocations=50 (full 3):
 PSYoungGen      total 15360K, used 15328K [0x00000000eab00000, 0x00000000ebc00000, 0x0000000100000000)
  eden space 14848K, 100% used [0x00000000eab00000,0x00000000eb980000,0x00000000eb980000)
  from space 512K, 93% used [0x00000000ebb80000,0x00000000ebbf8000,0x00000000ebc00000)
  to   space 1024K, 0% used [0x00000000eba00000,0x00000000eba00000,0x00000000ebb00000)
 ParOldGen       total 68608K, used 39717K [0x00000000c0000000, 0x00000000c4300000, 0x00000000eab00000)
  object space 68608K, 57% used [0x00000000c0000000,0x00000000c26c9450,0x00000000c4300000)
 Metaspace       used 61391K, committed 62784K, reserved 1114112K
  class space    used 7586K, committed 8192K, reserved 1048576K
}
Event: 6.566 GC heap after
{Heap after GC invocations=50 (full 3):
 PSYoungGen      total 15872K, used 704K [0x00000000eab00000, 0x00000000ebc00000, 0x0000000100000000)
  eden space 14848K, 0% used [0x00000000eab00000,0x00000000eab00000,0x00000000eb980000)
  from space 1024K, 68% used [0x00000000eba00000,0x00000000ebab0010,0x00000000ebb00000)
  to   space 1024K, 0% used [0x00000000ebb00000,0x00000000ebb00000,0x00000000ebc00000)
 ParOldGen       total 68608K, used 40849K [0x00000000c0000000, 0x00000000c4300000, 0x00000000eab00000)
  object space 68608K, 59% used [0x00000000c0000000,0x00000000c27e4680,0x00000000c4300000)
 Metaspace       used 61391K, committed 62784K, reserved 1114112K
  class space    used 7586K, committed 8192K, reserved 1048576K
}

Dll operation events (15 events):
Event: 0.007 Loaded shared library c:\Users\admin\.cursor\extensions\redhat.java-1.42.0-win32-x64\jre\21.0.7-win32-x86_64\bin\java.dll
Event: 0.054 Loaded shared library c:\Users\admin\.cursor\extensions\redhat.java-1.42.0-win32-x64\jre\21.0.7-win32-x86_64\bin\zip.dll
Event: 0.066 Loaded shared library C:\Users\admin\.cursor\extensions\redhat.java-1.42.0-win32-x64\jre\21.0.7-win32-x86_64\bin\instrument.dll
Event: 0.069 Loaded shared library C:\Users\admin\.cursor\extensions\redhat.java-1.42.0-win32-x64\jre\21.0.7-win32-x86_64\bin\net.dll
Event: 0.075 Loaded shared library C:\Users\admin\.cursor\extensions\redhat.java-1.42.0-win32-x64\jre\21.0.7-win32-x86_64\bin\nio.dll
Event: 0.078 Loaded shared library C:\Users\admin\.cursor\extensions\redhat.java-1.42.0-win32-x64\jre\21.0.7-win32-x86_64\bin\zip.dll
Event: 0.089 Loaded shared library C:\Users\admin\.cursor\extensions\redhat.java-1.42.0-win32-x64\jre\21.0.7-win32-x86_64\bin\jimage.dll
Event: 0.145 Loaded shared library c:\Users\admin\.cursor\extensions\redhat.java-1.42.0-win32-x64\jre\21.0.7-win32-x86_64\bin\verify.dll
Event: 0.850 Loaded shared library C:\Users\admin\AppData\Roaming\Cursor\User\globalStorage\redhat.java\1.42.0\config_win\org.eclipse.equinox.launcher\org.eclipse.equinox.launcher.win32.win32.x86_64_1.2.1300.v20250331-1702\eclipse_11911.dll
Event: 2.317 Loaded shared library C:\Users\admin\.cursor\extensions\redhat.java-1.42.0-win32-x64\jre\21.0.7-win32-x86_64\bin\management.dll
Event: 2.320 Loaded shared library C:\Users\admin\.cursor\extensions\redhat.java-1.42.0-win32-x64\jre\21.0.7-win32-x86_64\bin\management_ext.dll
Event: 2.561 Loaded shared library C:\Users\admin\AppData\Local\Temp\jna-92668751\jna15374965283848405942.dll
Event: 4.433 Loaded shared library C:\Users\admin\.gradle\native\1def1411415f61bf3af743bc5b6707747c0891f09f0c88961ee8f79bc544acac\windows-amd64\native-platform.dll
Event: 6.386 Loaded shared library C:\Users\admin\.cursor\extensions\redhat.java-1.42.0-win32-x64\jre\21.0.7-win32-x86_64\bin\extnet.dll
Event: 8.229 Loaded shared library C:\Users\admin\.cursor\extensions\redhat.java-1.42.0-win32-x64\jre\21.0.7-win32-x86_64\bin\sunmscapi.dll

Deoptimization events (20 events):
Event: 8.234 Thread 0x0000018e643deb40 Uncommon trap: trap_request=0xffffff45 fr.pc=0x0000018e50e98518 relative=0x00000000000008d8
Event: 8.234 Thread 0x0000018e643deb40 Uncommon trap: reason=unstable_if action=reinterpret pc=0x0000018e50e98518 method=java.util.HashMap.computeIfAbsent(Ljava/lang/Object;Ljava/util/function/Function;)Ljava/lang/Object; @ 294 c2
Event: 8.234 Thread 0x0000018e643deb40 DEOPT PACKING pc=0x0000018e50e98518 sp=0x0000006313ffbf80
Event: 8.234 Thread 0x0000018e643deb40 DEOPT UNPACKING pc=0x0000018e506e3aa2 sp=0x0000006313ffbf28 mode 2
Event: 8.250 Thread 0x0000018e643deb40 Uncommon trap: trap_request=0xffffff45 fr.pc=0x0000018e51150a44 relative=0x0000000000000b84
Event: 8.250 Thread 0x0000018e643deb40 Uncommon trap: reason=unstable_if action=reinterpret pc=0x0000018e51150a44 method=sun.nio.fs.WindowsPath.openForReadAttributeAccess(Z)J @ 5 c2
Event: 8.250 Thread 0x0000018e643deb40 DEOPT PACKING pc=0x0000018e51150a44 sp=0x0000006313ffdb00
Event: 8.250 Thread 0x0000018e643deb40 DEOPT UNPACKING pc=0x0000018e506e3aa2 sp=0x0000006313ffdad8 mode 2
Event: 8.250 Thread 0x0000018e643deb40 Uncommon trap: trap_request=0xffffff45 fr.pc=0x0000018e51155488 relative=0x0000000000000a68
Event: 8.250 Thread 0x0000018e643deb40 Uncommon trap: reason=unstable_if action=reinterpret pc=0x0000018e51155488 method=sun.nio.fs.WindowsNativeDispatcher.asNativeBuffer(Ljava/lang/String;)Lsun/nio/fs/NativeBuffer; @ 52 c2
Event: 8.250 Thread 0x0000018e643deb40 DEOPT PACKING pc=0x0000018e51155488 sp=0x0000006313ffda80
Event: 8.250 Thread 0x0000018e643deb40 DEOPT UNPACKING pc=0x0000018e506e3aa2 sp=0x0000006313ffd928 mode 2
Event: 8.250 Thread 0x0000018e643deb40 Uncommon trap: trap_request=0xffffff45 fr.pc=0x0000018e5114ea30 relative=0x0000000000000650
Event: 8.250 Thread 0x0000018e643deb40 Uncommon trap: reason=unstable_if action=reinterpret pc=0x0000018e5114ea30 method=sun.nio.fs.WindowsFileAttributes.isReparsePoint(I)Z @ 5 c2
Event: 8.250 Thread 0x0000018e643deb40 DEOPT PACKING pc=0x0000018e5114ea30 sp=0x0000006313ffdb20
Event: 8.250 Thread 0x0000018e643deb40 DEOPT UNPACKING pc=0x0000018e506e3aa2 sp=0x0000006313ffda48 mode 2
Event: 8.250 Thread 0x0000018e643deb40 Uncommon trap: trap_request=0xffffff45 fr.pc=0x0000018e51135004 relative=0x00000000000001c4
Event: 8.250 Thread 0x0000018e643deb40 Uncommon trap: reason=unstable_if action=reinterpret pc=0x0000018e51135004 method=sun.nio.fs.NativeBuffers.getNativeBufferFromCache(I)Lsun/nio/fs/NativeBuffer; @ 34 c2
Event: 8.250 Thread 0x0000018e643deb40 DEOPT PACKING pc=0x0000018e51135004 sp=0x0000006313ffda30
Event: 8.250 Thread 0x0000018e643deb40 DEOPT UNPACKING pc=0x0000018e506e3aa2 sp=0x0000006313ffd9b8 mode 2

Classes loaded (20 events):
Event: 8.245 Loading class sun/security/provider/certpath/ldap/JdkLDAP$ProviderService
Event: 8.245 Loading class sun/security/provider/certpath/ldap/JdkLDAP$ProviderService done
Event: 8.245 Loading class com/sun/security/sasl/Provider
Event: 8.246 Loading class com/sun/security/sasl/Provider done
Event: 8.246 Loading class com/sun/security/sasl/Provider$1
Event: 8.246 Loading class com/sun/security/sasl/Provider$1 done
Event: 8.246 Loading class com/sun/security/sasl/Provider$ProviderService
Event: 8.246 Loading class com/sun/security/sasl/Provider$ProviderService done
Event: 8.247 Loading class sun/nio/ch/ServerSocketChannelImpl
Event: 8.247 Loading class sun/nio/ch/ServerSocketChannelImpl done
Event: 8.249 Loading class java/nio/BufferMismatch
Event: 8.249 Loading class java/nio/BufferMismatch done
Event: 8.249 Loading class sun/nio/ch/SourceChannelImpl
Event: 8.249 Loading class java/nio/channels/Pipe$SourceChannel
Event: 8.250 Loading class java/nio/channels/Pipe$SourceChannel done
Event: 8.250 Loading class sun/nio/ch/SourceChannelImpl done
Event: 8.250 Loading class sun/nio/ch/SinkChannelImpl
Event: 8.250 Loading class java/nio/channels/Pipe$SinkChannel
Event: 8.250 Loading class java/nio/channels/Pipe$SinkChannel done
Event: 8.250 Loading class sun/nio/ch/SinkChannelImpl done

Classes unloaded (7 events):
Event: 1.956 Thread 0x0000018e5a424930 Unloading class 0x0000018e011a3c00 'java/lang/invoke/LambdaForm$MH+0x0000018e011a3c00'
Event: 1.956 Thread 0x0000018e5a424930 Unloading class 0x0000018e011a3800 'java/lang/invoke/LambdaForm$MH+0x0000018e011a3800'
Event: 1.956 Thread 0x0000018e5a424930 Unloading class 0x0000018e011a3400 'java/lang/invoke/LambdaForm$MH+0x0000018e011a3400'
Event: 1.956 Thread 0x0000018e5a424930 Unloading class 0x0000018e011a3000 'java/lang/invoke/LambdaForm$MH+0x0000018e011a3000'
Event: 1.956 Thread 0x0000018e5a424930 Unloading class 0x0000018e011a2c00 'java/lang/invoke/LambdaForm$BMH+0x0000018e011a2c00'
Event: 1.956 Thread 0x0000018e5a424930 Unloading class 0x0000018e011a2800 'java/lang/invoke/LambdaForm$DMH+0x0000018e011a2800'
Event: 1.956 Thread 0x0000018e5a424930 Unloading class 0x0000018e011a1400 'java/lang/invoke/LambdaForm$DMH+0x0000018e011a1400'

Classes redefined (0 events):
No events

Internal exceptions (20 events):
Event: 6.440 Thread 0x0000018e643deb40 Exception <a 'java/lang/NoSuchMethodError'{0x00000000eacd53d8}: 'java.lang.Object java.lang.invoke.DirectMethodHandle$Holder.invokeStatic(java.lang.Object, java.lang.Object, java.lang.Object, java.lang.Object, java.lang.Object, java.lang.Object, java.lang.Object, java.lang.Object, java.lang.Object, java.lang.Object, java.lang.Object, java.lang.Object, java.lang.Object, java.lang.Object, java.lang.Object, java.lang.Object, java.lang.Object)'> (0x00000000eacd53d8) 
thrown [s\src\hotspot\share\interpreter\lin
Event: 6.441 Thread 0x0000018e643deb40 Exception <a 'java/lang/NoSuchMethodError'{0x00000000ead01be0}: 'java.lang.Object java.lang.invoke.DirectMethodHandle$Holder.invokeStatic(java.lang.Object, java.lang.Object, java.lang.Object, java.lang.Object, java.lang.Object, java.lang.Object, java.lang.Object, java.lang.Object, java.lang.Object, java.lang.Object, java.lang.Object, java.lang.Object, java.lang.Object, java.lang.Object, java.lang.Object, java.lang.Object, java.lang.Object, java.lang.Object)'> (0x00000000ead01be0) 
thrown [s\src\hotspot\sha
Event: 6.441 Thread 0x0000018e643deb40 Exception <a 'java/lang/NoSuchMethodError'{0x00000000ead30de0}: 'java.lang.Object java.lang.invoke.DirectMethodHandle$Holder.invokeStatic(java.lang.Object, java.lang.Object, java.lang.Object, java.lang.Object, java.lang.Object, java.lang.Object, java.lang.Object, java.lang.Object, java.lang.Object, java.lang.Object, java.lang.Object, java.lang.Object, java.lang.Object, java.lang.Object, java.lang.Object, java.lang.Object, java.lang.Object, java.lang.Object, java.lang.Object)'> (0x00000000ead30de0) 
thrown 
Event: 6.442 Thread 0x0000018e643deb40 Exception <a 'java/lang/NoSuchMethodError'{0x00000000ead5fd70}: 'java.lang.Object java.lang.invoke.DirectMethodHandle$Holder.invokeStatic(java.lang.Object, java.lang.Object, java.lang.Object, java.lang.Object, java.lang.Object, java.lang.Object, java.lang.Object, java.lang.Object, java.lang.Object, java.lang.Object, java.lang.Object, java.lang.Object, java.lang.Object, java.lang.Object, java.lang.Object, java.lang.Object, java.lang.Object, java.lang.Object, java.lang.Object, java.lang.Object)'> (0x00000000
Event: 6.443 Thread 0x0000018e643deb40 Exception <a 'java/lang/NoSuchMethodError'{0x00000000ead901c0}: 'java.lang.Object java.lang.invoke.DirectMethodHandle$Holder.invokeStatic(java.lang.Object, java.lang.Object, java.lang.Object, java.lang.Object, java.lang.Object, java.lang.Object, java.lang.Object, java.lang.Object, java.lang.Object, java.lang.Object, java.lang.Object, java.lang.Object, java.lang.Object, java.lang.Object, java.lang.Object, java.lang.Object, java.lang.Object, java.lang.Object, java.lang.Object, java.lang.Object, java.lang.Obj
Event: 6.444 Thread 0x0000018e643deb40 Exception <a 'java/lang/NoSuchMethodError'{0x00000000eadc1ae8}: 'java.lang.Object java.lang.invoke.DirectMethodHandle$Holder.invokeStatic(java.lang.Object, java.lang.Object, java.lang.Object, java.lang.Object, java.lang.Object, java.lang.Object, java.lang.Object, java.lang.Object, java.lang.Object, java.lang.Object, java.lang.Object, java.lang.Object, java.lang.Object, java.lang.Object, java.lang.Object, java.lang.Object, java.lang.Object, java.lang.Object, java.lang.Object, java.lang.Object, java.lang.Obj
Event: 6.445 Thread 0x0000018e643deb40 Exception <a 'java/lang/NoSuchMethodError'{0x00000000eadf3818}: 'java.lang.Object java.lang.invoke.DirectMethodHandle$Holder.invokeStatic(java.lang.Object, java.lang.Object, java.lang.Object, java.lang.Object, java.lang.Object, java.lang.Object, java.lang.Object, java.lang.Object, java.lang.Object, java.lang.Object, java.lang.Object, java.lang.Object, java.lang.Object, java.lang.Object, java.lang.Object, java.lang.Object, java.lang.Object, java.lang.Object, java.lang.Object, java.lang.Object, java.lang.Obj
Event: 6.446 Thread 0x0000018e643deb40 Exception <a 'java/lang/NoSuchMethodError'{0x00000000eae25f70}: 'java.lang.Object java.lang.invoke.DirectMethodHandle$Holder.invokeStatic(java.lang.Object, java.lang.Object, java.lang.Object, java.lang.Object, java.lang.Object, java.lang.Object, java.lang.Object, java.lang.Object, java.lang.Object, java.lang.Object, java.lang.Object, java.lang.Object, java.lang.Object, java.lang.Object, java.lang.Object, java.lang.Object, java.lang.Object, java.lang.Object, java.lang.Object, java.lang.Object, java.lang.Obj
Event: 6.446 Thread 0x0000018e643deb40 Exception <a 'java/lang/NoSuchMethodError'{0x00000000eae5a620}: 'java.lang.Object java.lang.invoke.DirectMethodHandle$Holder.invokeStatic(java.lang.Object, java.lang.Object, java.lang.Object, java.lang.Object, java.lang.Object, java.lang.Object, java.lang.Object, java.lang.Object, java.lang.Object, java.lang.Object, java.lang.Object, java.lang.Object, java.lang.Object, java.lang.Object, java.lang.Object, java.lang.Object, java.lang.Object, java.lang.Object, java.lang.Object, java.lang.Object, java.lang.Obj
Event: 6.448 Thread 0x0000018e643deb40 Exception <a 'java/lang/NoSuchMethodError'{0x00000000eae801c0}: 'java.lang.Object java.lang.invoke.DirectMethodHandle$Holder.invokeSpecial(java.lang.Object, java.lang.Object, java.lang.Object, java.lang.Object, java.lang.Object, java.lang.Object, java.lang.Object, java.lang.Object, java.lang.Object, java.lang.Object, java.lang.Object, java.lang.Object, java.lang.Object, java.lang.Object, java.lang.Object, java.lang.Object, java.lang.Object, java.lang.Object, java.lang.Object, java.lang.Object, java.lang.Ob
Event: 6.448 Thread 0x0000018e643deb40 Exception <a 'java/lang/NoSuchMethodError'{0x00000000eae95be8}: 'java.lang.Object java.lang.invoke.DirectMethodHandle$Holder.newInvokeSpecial(java.lang.Object, java.lang.Object, java.lang.Object, java.lang.Object, java.lang.Object, java.lang.Object, java.lang.Object, java.lang.Object, java.lang.Object, java.lang.Object, java.lang.Object, java.lang.Object, java.lang.Object, java.lang.Object, java.lang.Object, java.lang.Object, java.lang.Object, java.lang.Object, java.lang.Object, java.lang.Object, java.lang
Event: 6.449 Thread 0x0000018e643deb40 Exception <a 'java/lang/NoSuchMethodError'{0x00000000eae9bde0}: 'java.lang.Object java.lang.invoke.Invokers$Holder.linkToTargetMethod(java.lang.Object, java.lang.Object, java.lang.Object, java.lang.Object, java.lang.Object, java.lang.Object, java.lang.Object, java.lang.Object, java.lang.Object, java.lang.Object, java.lang.Object, java.lang.Object, java.lang.Object, java.lang.Object, java.lang.Object, java.lang.Object, java.lang.Object, java.lang.Object, java.lang.Object, java.lang.Object, java.lang.Object,
Event: 6.449 Thread 0x0000018e643deb40 Exception <a 'java/lang/NoSuchMethodError'{0x00000000eaea0fa8}: 'java.lang.Object java.lang.invoke.DirectMethodHandle$Holder.invokeVirtual(java.lang.Object, java.lang.Object, java.lang.Object, java.lang.Object, java.lang.Object, java.lang.Object, java.lang.Object, java.lang.Object, java.lang.Object, java.lang.Object)'> (0x00000000eaea0fa8) 
thrown [s\src\hotspot\share\interpreter\linkResolver.cpp, line 773]
Event: 6.459 Thread 0x0000018e643deb40 Exception <a 'java/lang/NoSuchMethodError'{0x00000000eb03d8c8}: 'java.lang.Object java.lang.invoke.DirectMethodHandle$Holder.invokeVirtual(java.lang.Object, java.lang.Object, java.lang.Object, java.lang.Object, java.lang.Object, java.lang.Object, java.lang.Object, java.lang.Object, java.lang.Object)'> (0x00000000eb03d8c8) 
thrown [s\src\hotspot\share\interpreter\linkResolver.cpp, line 773]
Event: 6.473 Thread 0x0000018e643deb40 Exception <a 'java/lang/NoSuchMethodError'{0x00000000eb27b9d0}: 'java.lang.Object java.lang.invoke.DirectMethodHandle$Holder.invokeVirtual(java.lang.Object, java.lang.Object, java.lang.Object, java.lang.Object, java.lang.Object, java.lang.Object, java.lang.Object, java.lang.Object)'> (0x00000000eb27b9d0) 
thrown [s\src\hotspot\share\interpreter\linkResolver.cpp, line 773]
Event: 6.477 Thread 0x0000018e643deb40 Exception <a 'java/lang/NoSuchMethodError'{0x00000000eb2f29d8}: 'long java.lang.invoke.DirectMethodHandle$Holder.invokeVirtual(java.lang.Object, java.lang.Object)'> (0x00000000eb2f29d8) 
thrown [s\src\hotspot\share\interpreter\linkResolver.cpp, line 773]
Event: 6.477 Thread 0x0000018e643deb40 Exception <a 'java/lang/NoSuchMethodError'{0x00000000eb2f6030}: 'long java.lang.invoke.DelegatingMethodHandle$Holder.reinvoke_L(java.lang.Object, java.lang.Object)'> (0x00000000eb2f6030) 
thrown [s\src\hotspot\share\interpreter\linkResolver.cpp, line 773]
Event: 6.578 Thread 0x0000018e64bf3830 Exception <a 'java/lang/NoSuchMethodError'{0x00000000eac499d0}: 'void java.lang.invoke.DirectMethodHandle$Holder.invokeStatic(java.lang.Object, long)'> (0x00000000eac499d0) 
thrown [s\src\hotspot\share\interpreter\linkResolver.cpp, line 773]
Event: 6.933 Thread 0x0000018e64bf3830 Exception <a 'java/lang/NoSuchMethodError'{0x00000000eac6d850}: 'void java.lang.invoke.DirectMethodHandle$Holder.invokeSpecial(java.lang.Object, java.lang.Object, int)'> (0x00000000eac6d850) 
thrown [s\src\hotspot\share\interpreter\linkResolver.cpp, line 773]
Event: 6.934 Thread 0x0000018e64bf3830 Exception <a 'java/lang/NoSuchMethodError'{0x00000000eacab2d8}: 'java.lang.Object java.lang.invoke.DirectMethodHandle$Holder.newInvokeSpecial(java.lang.Object, java.lang.Object, int)'> (0x00000000eacab2d8) 
thrown [s\src\hotspot\share\interpreter\linkResolver.cpp, line 773]

ZGC Phase Switch (0 events):
No events

VM Operations (20 events):
Event: 6.177 Executing VM operation: ParallelGCFailedAllocation (Allocation Failure)
Event: 6.178 Executing VM operation: ParallelGCFailedAllocation (Allocation Failure) done
Event: 6.228 Executing VM operation: ParallelGCFailedAllocation (Allocation Failure)
Event: 6.229 Executing VM operation: ParallelGCFailedAllocation (Allocation Failure) done
Event: 6.279 Executing VM operation: ParallelGCFailedAllocation (Allocation Failure)
Event: 6.279 Executing VM operation: ParallelGCFailedAllocation (Allocation Failure) done
Event: 6.324 Executing VM operation: ParallelGCFailedAllocation (Allocation Failure)
Event: 6.325 Executing VM operation: ParallelGCFailedAllocation (Allocation Failure) done
Event: 6.424 Executing VM operation: ParallelGCFailedAllocation (Allocation Failure)
Event: 6.426 Executing VM operation: ParallelGCFailedAllocation (Allocation Failure) done
Event: 6.463 Executing VM operation: HandshakeAllThreads (Deoptimize)
Event: 6.463 Executing VM operation: HandshakeAllThreads (Deoptimize) done
Event: 6.537 Executing VM operation: HandshakeAllThreads (Deoptimize)
Event: 6.537 Executing VM operation: HandshakeAllThreads (Deoptimize) done
Event: 6.564 Executing VM operation: ParallelGCFailedAllocation (Allocation Failure)
Event: 6.566 Executing VM operation: ParallelGCFailedAllocation (Allocation Failure) done
Event: 7.566 Executing VM operation: Cleanup
Event: 7.566 Executing VM operation: Cleanup done
Event: 8.226 Executing VM operation: HandshakeAllThreads (Deoptimize)
Event: 8.226 Executing VM operation: HandshakeAllThreads (Deoptimize) done

Memory protections (0 events):
No events

Nmethod flushes (20 events):
Event: 5.648 Thread 0x0000018e5a424930 flushing  nmethod 0x0000018e49bbfe10
Event: 5.648 Thread 0x0000018e5a424930 flushing  nmethod 0x0000018e49bc1710
Event: 5.648 Thread 0x0000018e5a424930 flushing  nmethod 0x0000018e49bcc090
Event: 5.648 Thread 0x0000018e5a424930 flushing  nmethod 0x0000018e49be0d10
Event: 5.648 Thread 0x0000018e5a424930 flushing  nmethod 0x0000018e49bf3a10
Event: 5.648 Thread 0x0000018e5a424930 flushing  nmethod 0x0000018e49bf6210
Event: 5.648 Thread 0x0000018e5a424930 flushing  nmethod 0x0000018e49c0df90
Event: 5.648 Thread 0x0000018e5a424930 flushing  nmethod 0x0000018e49c11790
Event: 5.648 Thread 0x0000018e5a424930 flushing  nmethod 0x0000018e49c13290
Event: 5.648 Thread 0x0000018e5a424930 flushing  nmethod 0x0000018e49c13610
Event: 5.648 Thread 0x0000018e5a424930 flushing  nmethod 0x0000018e49c13a90
Event: 5.648 Thread 0x0000018e5a424930 flushing  nmethod 0x0000018e49c14490
Event: 5.648 Thread 0x0000018e5a424930 flushing  nmethod 0x0000018e49c15390
Event: 5.648 Thread 0x0000018e5a424930 flushing  nmethod 0x0000018e49c15d90
Event: 5.648 Thread 0x0000018e5a424930 flushing  nmethod 0x0000018e49c23390
Event: 5.648 Thread 0x0000018e5a424930 flushing  nmethod 0x0000018e49c32b10
Event: 5.648 Thread 0x0000018e5a424930 flushing  nmethod 0x0000018e49c3cd10
Event: 5.648 Thread 0x0000018e5a424930 flushing  nmethod 0x0000018e49c84210
Event: 5.648 Thread 0x0000018e5a424930 flushing  nmethod 0x0000018e49c84890
Event: 5.648 Thread 0x0000018e5a424930 flushing  nmethod 0x0000018e49c85890

Events (20 events):
Event: 5.170 Thread 0x0000018e643db6c0 Thread added: 0x0000018e643dde20
Event: 5.172 Thread 0x0000018e643db6c0 Thread added: 0x0000018e643de4b0
Event: 5.181 Thread 0x0000018e643de4b0 Thread exited: 0x0000018e643de4b0
Event: 5.182 Thread 0x0000018e643db6c0 Thread added: 0x0000018e643de4b0
Event: 5.183 Thread 0x0000018e643db6c0 Thread added: 0x0000018e643deb40
Event: 5.684 Thread 0x0000018e63ee5290 Thread exited: 0x0000018e63ee5290
Event: 6.483 Thread 0x0000018e643deb40 Thread added: 0x0000018e64bf5f90
Event: 6.573 Thread 0x0000018e643deb40 Thread added: 0x0000018e64bf3830
Event: 6.580 Thread 0x0000018e64bf3830 Thread added: 0x0000018e64bf5900
Event: 6.580 Thread 0x0000018e64bf3830 Thread added: 0x0000018e64bf6620
Event: 6.788 Thread 0x0000018e62114680 Thread exited: 0x0000018e62114680
Event: 6.788 Thread 0x0000018e5ba57fc0 Thread exited: 0x0000018e5ba57fc0
Event: 6.845 Thread 0x0000018e6344c2b0 Thread exited: 0x0000018e6344c2b0
Event: 6.986 Thread 0x0000018e643deb40 Thread added: 0x0000018e64bf31a0
Event: 6.994 Thread 0x0000018e64bf31a0 Thread added: 0x0000018e64bf6cb0
Event: 6.994 Thread 0x0000018e64bf31a0 Thread added: 0x0000018e64bf4be0
Event: 6.994 Thread 0x0000018e64bf6cb0 Thread exited: 0x0000018e64bf6cb0
Event: 8.210 Thread 0x0000018e5bc1dd30 Thread exited: 0x0000018e5bc1dd30
Event: 8.211 Thread 0x0000018e64bf31a0 Thread exited: 0x0000018e64bf31a0
Event: 8.211 Thread 0x0000018e64bf4be0 Thread exited: 0x0000018e64bf4be0


Dynamic libraries:
0x00007ff60a760000 - 0x00007ff60a76e000 	c:\Users\admin\.cursor\extensions\redhat.java-1.42.0-win32-x64\jre\21.0.7-win32-x86_64\bin\java.exe
0x00007ff8f0da0000 - 0x00007ff8f1006000 	C:\WINDOWS\SYSTEM32\ntdll.dll
0x00007ff8eeec0000 - 0x00007ff8eef89000 	C:\WINDOWS\System32\KERNEL32.DLL
0x00007ff8ee410000 - 0x00007ff8ee7dc000 	C:\WINDOWS\System32\KERNELBASE.dll
0x00007ff8edfd0000 - 0x00007ff8ee11b000 	C:\WINDOWS\System32\ucrtbase.dll
0x00007ff8cdbe0000 - 0x00007ff8cdbf8000 	c:\Users\admin\.cursor\extensions\redhat.java-1.42.0-win32-x64\jre\21.0.7-win32-x86_64\bin\jli.dll
0x00007ff8cdc00000 - 0x00007ff8cdc1e000 	c:\Users\admin\.cursor\extensions\redhat.java-1.42.0-win32-x64\jre\21.0.7-win32-x86_64\bin\VCRUNTIME140.dll
0x00007ff8f0aa0000 - 0x00007ff8f0c6a000 	C:\WINDOWS\System32\USER32.dll
0x00007ff8ee120000 - 0x00007ff8ee147000 	C:\WINDOWS\System32\win32u.dll
0x00007ff8f0440000 - 0x00007ff8f046b000 	C:\WINDOWS\System32\GDI32.dll
0x00007ff8db710000 - 0x00007ff8db9aa000 	C:\WINDOWS\WinSxS\amd64_microsoft.windows.common-controls_6595b64144ccf1df_6.0.26100.3912_none_3e07963ce335137e\COMCTL32.dll
0x00007ff8ee2d0000 - 0x00007ff8ee402000 	C:\WINDOWS\System32\gdi32full.dll
0x00007ff8eeb60000 - 0x00007ff8eec09000 	C:\WINDOWS\System32\msvcrt.dll
0x00007ff8eea20000 - 0x00007ff8eeac3000 	C:\WINDOWS\System32\msvcp_win.dll
0x00007ff8f0c70000 - 0x00007ff8f0ca0000 	C:\WINDOWS\System32\IMM32.DLL
0x00007ff8e09f0000 - 0x00007ff8e09fc000 	c:\Users\admin\.cursor\extensions\redhat.java-1.42.0-win32-x64\jre\21.0.7-win32-x86_64\bin\vcruntime140_1.dll
0x00007ff8cd9a0000 - 0x00007ff8cda2d000 	c:\Users\admin\.cursor\extensions\redhat.java-1.42.0-win32-x64\jre\21.0.7-win32-x86_64\bin\msvcp140.dll
0x00007ff86fba0000 - 0x00007ff870930000 	c:\Users\admin\.cursor\extensions\redhat.java-1.42.0-win32-x64\jre\21.0.7-win32-x86_64\bin\server\jvm.dll
0x00007ff8f0140000 - 0x00007ff8f01f2000 	C:\WINDOWS\System32\ADVAPI32.dll
0x00007ff8f0cb0000 - 0x00007ff8f0d56000 	C:\WINDOWS\System32\sechost.dll
0x00007ff8efb60000 - 0x00007ff8efc76000 	C:\WINDOWS\System32\RPCRT4.dll
0x00007ff8ef340000 - 0x00007ff8ef3b4000 	C:\WINDOWS\System32\WS2_32.dll
0x00007ff8e4950000 - 0x00007ff8e4986000 	C:\WINDOWS\SYSTEM32\WINMM.dll
0x00007ff8edda0000 - 0x00007ff8eddfe000 	C:\WINDOWS\SYSTEM32\POWRPROF.dll
0x00007ff8ea6e0000 - 0x00007ff8ea6eb000 	C:\WINDOWS\SYSTEM32\VERSION.dll
0x00007ff8edd80000 - 0x00007ff8edd94000 	C:\WINDOWS\SYSTEM32\UMPDC.dll
0x00007ff8eccf0000 - 0x00007ff8ecd0a000 	C:\WINDOWS\SYSTEM32\kernel.appcore.dll
0x00007ff8e0490000 - 0x00007ff8e049a000 	c:\Users\admin\.cursor\extensions\redhat.java-1.42.0-win32-x64\jre\21.0.7-win32-x86_64\bin\jimage.dll
0x00007ff89bae0000 - 0x00007ff89bd21000 	C:\WINDOWS\SYSTEM32\DBGHELP.DLL
0x00007ff8eef90000 - 0x00007ff8ef314000 	C:\WINDOWS\System32\combase.dll
0x00007ff8f0050000 - 0x00007ff8f0130000 	C:\WINDOWS\System32\OLEAUT32.dll
0x00007ff8d7240000 - 0x00007ff8d7279000 	C:\WINDOWS\SYSTEM32\dbgcore.DLL
0x00007ff8edf30000 - 0x00007ff8edfc9000 	C:\WINDOWS\System32\bcryptPrimitives.dll
0x00007ff8e0420000 - 0x00007ff8e042f000 	c:\Users\admin\.cursor\extensions\redhat.java-1.42.0-win32-x64\jre\21.0.7-win32-x86_64\bin\instrument.dll
0x00007ff8cdbc0000 - 0x00007ff8cdbdf000 	c:\Users\admin\.cursor\extensions\redhat.java-1.42.0-win32-x64\jre\21.0.7-win32-x86_64\bin\java.dll
0x00007ff8ef430000 - 0x00007ff8efb5d000 	C:\WINDOWS\System32\SHELL32.dll
0x00007ff8ee150000 - 0x00007ff8ee2c4000 	C:\WINDOWS\System32\wintypes.dll
0x00007ff8ebbe0000 - 0x00007ff8ec436000 	C:\WINDOWS\SYSTEM32\windows.storage.dll
0x00007ff8eedc0000 - 0x00007ff8eeeaf000 	C:\WINDOWS\System32\SHCORE.dll
0x00007ff8ef3c0000 - 0x00007ff8ef429000 	C:\WINDOWS\System32\shlwapi.dll
0x00007ff8ede10000 - 0x00007ff8ede3f000 	C:\WINDOWS\SYSTEM32\profapi.dll
0x00007ff8cdba0000 - 0x00007ff8cdbb8000 	c:\Users\admin\.cursor\extensions\redhat.java-1.42.0-win32-x64\jre\21.0.7-win32-x86_64\bin\zip.dll
0x00007ff8e03d0000 - 0x00007ff8e03e0000 	C:\Users\admin\.cursor\extensions\redhat.java-1.42.0-win32-x64\jre\21.0.7-win32-x86_64\bin\net.dll
0x00007ff8e8a60000 - 0x00007ff8e8b7e000 	C:\WINDOWS\SYSTEM32\WINHTTP.dll
0x0000000180000000 - 0x000000018008c000 	C:\WINDOWS\system32\ASProxy64.dll
0x00007ff8efc80000 - 0x00007ff8efe1f000 	C:\WINDOWS\System32\ole32.dll
0x00007ff8ec730000 - 0x00007ff8ec763000 	C:\WINDOWS\SYSTEM32\IPHLPAPI.DLL
0x00007ff8ed260000 - 0x00007ff8ed2ca000 	C:\WINDOWS\SYSTEM32\MSWSOCK.dll
0x00007ff8ecf90000 - 0x00007ff8ecfd8000 	C:\WINDOWS\SYSTEM32\SspiCli.dll
0x00007ff8cd980000 - 0x00007ff8cd996000 	C:\Users\admin\.cursor\extensions\redhat.java-1.42.0-win32-x64\jre\21.0.7-win32-x86_64\bin\nio.dll
0x00007ff8ddf20000 - 0x00007ff8ddf30000 	c:\Users\admin\.cursor\extensions\redhat.java-1.42.0-win32-x64\jre\21.0.7-win32-x86_64\bin\verify.dll
0x00007ff8eb200000 - 0x00007ff8eb2af000 	C:\WINDOWS\system32\uxtheme.dll
0x00007ff8ce5c0000 - 0x00007ff8ce605000 	C:\Users\admin\AppData\Roaming\Cursor\User\globalStorage\redhat.java\1.42.0\config_win\org.eclipse.equinox.launcher\org.eclipse.equinox.launcher.win32.win32.x86_64_1.2.1300.v20250331-1702\eclipse_11911.dll
0x00007ff8ed510000 - 0x00007ff8ed52c000 	C:\WINDOWS\SYSTEM32\CRYPTSP.dll
0x00007ff8ecc50000 - 0x00007ff8ecc8a000 	C:\WINDOWS\system32\rsaenh.dll
0x00007ff8ed300000 - 0x00007ff8ed32b000 	C:\WINDOWS\SYSTEM32\USERENV.dll
0x00007ff8ede50000 - 0x00007ff8ede76000 	C:\WINDOWS\SYSTEM32\bcrypt.dll
0x00007ff8ed500000 - 0x00007ff8ed50c000 	C:\WINDOWS\SYSTEM32\CRYPTBASE.dll
0x00007ff8eedb0000 - 0x00007ff8eedba000 	C:\WINDOWS\System32\NSI.dll
0x00007ff8d9400000 - 0x00007ff8d940a000 	C:\Users\admin\.cursor\extensions\redhat.java-1.42.0-win32-x64\jre\21.0.7-win32-x86_64\bin\management.dll
0x00007ff8d9100000 - 0x00007ff8d910b000 	C:\Users\admin\.cursor\extensions\redhat.java-1.42.0-win32-x64\jre\21.0.7-win32-x86_64\bin\management_ext.dll
0x00007ff8f0040000 - 0x00007ff8f0048000 	C:\WINDOWS\System32\PSAPI.DLL
0x00007ff8ce570000 - 0x00007ff8ce5b9000 	C:\Users\admin\AppData\Local\Temp\jna-92668751\jna15374965283848405942.dll
0x00007ff8e86b0000 - 0x00007ff8e86cf000 	C:\WINDOWS\SYSTEM32\dhcpcsvc6.DLL
0x00007ff8e7810000 - 0x00007ff8e7835000 	C:\WINDOWS\SYSTEM32\dhcpcsvc.DLL
0x00007ff8cd900000 - 0x00007ff8cd927000 	C:\Users\admin\.gradle\native\1def1411415f61bf3af743bc5b6707747c0891f09f0c88961ee8f79bc544acac\windows-amd64\native-platform.dll
0x00007ff8d37b0000 - 0x00007ff8d37b9000 	C:\Users\admin\.cursor\extensions\redhat.java-1.42.0-win32-x64\jre\21.0.7-win32-x86_64\bin\extnet.dll
0x00007ff8cdd60000 - 0x00007ff8cdd6e000 	C:\Users\admin\.cursor\extensions\redhat.java-1.42.0-win32-x64\jre\21.0.7-win32-x86_64\bin\sunmscapi.dll
0x00007ff8ee7e0000 - 0x00007ff8ee957000 	C:\WINDOWS\System32\CRYPT32.dll
0x00007ff8ed710000 - 0x00007ff8ed740000 	C:\WINDOWS\SYSTEM32\ncrypt.dll
0x00007ff8ed6c0000 - 0x00007ff8ed6ff000 	C:\WINDOWS\SYSTEM32\NTASN1.dll
0x00007ff8cd8b0000 - 0x00007ff8cd8b8000 	C:\WINDOWS\system32\wshunix.dll

dbghelp: loaded successfully - version: 4.0.5 - missing functions: none
symbol engine: initialized successfully - sym options: 0x614 - pdb path: .;c:\Users\admin\.cursor\extensions\redhat.java-1.42.0-win32-x64\jre\21.0.7-win32-x86_64\bin;C:\WINDOWS\SYSTEM32;C:\WINDOWS\WinSxS\amd64_microsoft.windows.common-controls_6595b64144ccf1df_6.0.26100.3912_none_3e07963ce335137e;c:\Users\admin\.cursor\extensions\redhat.java-1.42.0-win32-x64\jre\21.0.7-win32-x86_64\bin\server;C:\Users\admin\AppData\Roaming\Cursor\User\globalStorage\redhat.java\1.42.0\config_win\org.eclipse.equinox.launcher\org.eclipse.equinox.launcher.win32.win32.x86_64_1.2.1300.v20250331-1702;C:\Users\admin\AppData\Local\Temp\jna-92668751;C:\Users\admin\.gradle\native\1def1411415f61bf3af743bc5b6707747c0891f09f0c88961ee8f79bc544acac\windows-amd64

VM Arguments:
jvm_args: --add-modules=ALL-SYSTEM --add-opens=java.base/java.util=ALL-UNNAMED --add-opens=java.base/java.lang=ALL-UNNAMED --add-opens=java.base/sun.nio.fs=ALL-UNNAMED -Declipse.application=org.eclipse.jdt.ls.core.id1 -Dosgi.bundles.defaultStartLevel=4 -Declipse.product=org.eclipse.jdt.ls.core.product -Djava.import.generatesMetadataFilesAtProjectRoot=false -DDetectVMInstallationsJob.disabled=true -Dfile.encoding=utf8 -XX:+UseParallelGC -XX:GCTimeRatio=4 -XX:AdaptiveSizePolicyWeight=90 -Dsun.zip.disableMemoryMapping=true -Xmx1G -Xms100m -Xlog:disable -javaagent:c:\Users\admin\.cursor\extensions\redhat.java-1.42.0-win32-x64\lombok\lombok-1.18.36.jar -XX:+HeapDumpOnOutOfMemoryError -XX:HeapDumpPath=c:\Users\admin\AppData\Roaming\Cursor\User\workspaceStorage\0426a641ec518546e312a5bf184515bb\redhat.java -Daether.dependencyCollector.impl=bf 
java_command: c:\Users\admin\.cursor\extensions\redhat.java-1.42.0-win32-x64\server\plugins\org.eclipse.equinox.launcher_1.7.0.v20250424-1814.jar -configuration c:\Users\admin\AppData\Roaming\Cursor\User\globalStorage\redhat.java\1.42.0\config_win -data c:\Users\admin\AppData\Roaming\Cursor\User\workspaceStorage\0426a641ec518546e312a5bf184515bb\redhat.java\jdt_ws --pipe=\\.\pipe\lsp-41d2728d31bb840c9c092c6e9e6f99c0-sock
java_class_path (initial): c:\Users\admin\.cursor\extensions\redhat.java-1.42.0-win32-x64\server\plugins\org.eclipse.equinox.launcher_1.7.0.v20250424-1814.jar
Launcher Type: SUN_STANDARD

[Global flags]
    uintx AdaptiveSizePolicyWeight                 = 90                                        {product} {command line}
     intx CICompilerCount                          = 12                                        {product} {ergonomic}
    uintx GCTimeRatio                              = 4                                         {product} {command line}
     bool HeapDumpOnOutOfMemoryError               = true                                   {manageable} {command line}
    ccstr HeapDumpPath                             = c:\Users\admin\AppData\Roaming\Cursor\User\workspaceStorage\0426a641ec518546e312a5bf184515bb\redhat.java         {manageable} {command line}
   size_t InitialHeapSize                          = 104857600                                 {product} {command line}
   size_t MaxHeapSize                              = 1073741824                                {product} {command line}
   size_t MaxNewSize                               = 357564416                                 {product} {ergonomic}
   size_t MinHeapDeltaBytes                        = 524288                                    {product} {ergonomic}
   size_t MinHeapSize                              = 104857600                                 {product} {command line}
   size_t NewSize                                  = 34603008                                  {product} {ergonomic}
    uintx NonNMethodCodeHeapSize                   = 7602480                                {pd product} {ergonomic}
    uintx NonProfiledCodeHeapSize                  = 122027880                              {pd product} {ergonomic}
   size_t OldSize                                  = 70254592                                  {product} {ergonomic}
    uintx ProfiledCodeHeapSize                     = 122027880                              {pd product} {ergonomic}
    uintx ReservedCodeCacheSize                    = 251658240                              {pd product} {ergonomic}
     bool SegmentedCodeCache                       = true                                      {product} {ergonomic}
   size_t SoftMaxHeapSize                          = 1073741824                             {manageable} {ergonomic}
     bool UseCompressedOops                        = true                           {product lp64_product} {ergonomic}
     bool UseLargePagesIndividualAllocation        = false                                  {pd product} {ergonomic}
     bool UseParallelGC                            = true                                      {product} {command line}

Logging:
Log output configuration:
 #0: stdout all=off uptime,level,tags foldmultilines=false
 #1: stderr all=off uptime,level,tags foldmultilines=false

Environment Variables:
JAVA_HOME=C:\Program Files\OpenLogic\jdk-17.0.15.6-hotspot
PATH=C:\Program Files\Common Files\Oracle\Java\javapath;C:\Program Files\OpenLogic\jdk-17.0.15.6-hotspot\bin;C:\WINDOWS\system32;C:\WINDOWS;C:\WINDOWS\System32\Wbem;C:\WINDOWS\System32\WindowsPowerShell\v1.0\;C:\WINDOWS\System32\OpenSSH\;C:\Program Files\dotnet\;C:\Program Files\Microsoft SQL Server\130\Tools\Binn\;C:\Program Files\Git\cmd;C:\Users\admin\AppData\Roaming\nvm;C:\Program Files\nodejs;C:\Program Files\Microsoft SQL Server\150\Tools\Binn\;C:\Users\admin\AppData\Local\Microsoft\WindowsApps;C:\Users\admin\AppData\Roaming\npm;C:\Users\admin\AppData\Local\Programs\Microsoft VS Code\bin;C:\Users\admin\AppData\Roaming\nvm;C:\Program Files\nodejs;C:\Users\admin\AppData\Local\Android\Sdk\platform-tools;C:\Users\admin\AppData\Local\Programs\cursor\resources\app\bin;C:\;C:\Users\admin\.dotnet\tools
USERNAME=admin
OS=Windows_NT
PROCESSOR_IDENTIFIER=Intel64 Family 6 Model 165 Stepping 5, GenuineIntel
TMP=C:\Users\admin\AppData\Local\Temp
TEMP=C:\Users\admin\AppData\Local\Temp




Periodic native trim disabled

---------------  S Y S T E M  ---------------

OS:
 Windows 11 , 64 bit Build 26100 (10.0.26100.3912)
OS uptime: 2 days 18:59 hours

CPU: total 16 (initial active 16) (8 cores per cpu, 2 threads per core) family 6 model 165 stepping 5 microcode 0xec, cx8, cmov, fxsr, ht, mmx, 3dnowpref, sse, sse2, sse3, ssse3, sse4.1, sse4.2, popcnt, lzcnt, tsc, tscinvbit, avx, avx2, aes, erms, clmul, bmi1, bmi2, adx, fma, vzeroupper, clflush, clflushopt, rdtscp, f16c, pku
Processor Information for processor 0
  Max Mhz: 2901, Current Mhz: 2901, Mhz Limit: 2901
Processor Information for processor 1
  Max Mhz: 2901, Current Mhz: 2901, Mhz Limit: 2901
Processor Information for processor 2
  Max Mhz: 2901, Current Mhz: 2901, Mhz Limit: 2901
Processor Information for processor 3
  Max Mhz: 2901, Current Mhz: 1500, Mhz Limit: 2901
Processor Information for processor 4
  Max Mhz: 2901, Current Mhz: 2901, Mhz Limit: 2901
Processor Information for processor 5
  Max Mhz: 2901, Current Mhz: 1500, Mhz Limit: 2901
Processor Information for processor 6
  Max Mhz: 2901, Current Mhz: 2901, Mhz Limit: 2901
Processor Information for processor 7
  Max Mhz: 2901, Current Mhz: 2901, Mhz Limit: 2901
Processor Information for processor 8
  Max Mhz: 2901, Current Mhz: 2901, Mhz Limit: 2901
Processor Information for processor 9
  Max Mhz: 2901, Current Mhz: 1500, Mhz Limit: 2901
Processor Information for processor 10
  Max Mhz: 2901, Current Mhz: 2901, Mhz Limit: 2901
Processor Information for processor 11
  Max Mhz: 2901, Current Mhz: 1500, Mhz Limit: 2901
Processor Information for processor 12
  Max Mhz: 2901, Current Mhz: 2901, Mhz Limit: 2901
Processor Information for processor 13
  Max Mhz: 2901, Current Mhz: 2901, Mhz Limit: 2901
Processor Information for processor 14
  Max Mhz: 2901, Current Mhz: 2901, Mhz Limit: 2901
Processor Information for processor 15
  Max Mhz: 2901, Current Mhz: 2901, Mhz Limit: 2901

Memory: 4k page, system-wide physical 16096M (4029M free)
TotalPageFile size 34528M (AvailPageFile size 4978M)
current process WorkingSet (physical memory assigned to process): 233M, peak: 254M
current process commit charge ("private bytes"): 361M, peak: 379M

vm_info: OpenJDK 64-Bit Server VM (21.0.7+6-LTS) for windows-amd64 JRE (21.0.7+6-LTS), built on 2025-04-15T00:00:00Z by "admin" with MS VC++ 17.7 (VS2022)

END.
