#
# A fatal error has been detected by the Java Runtime Environment:
#
#  EXCEPTION_ACCESS_VIOLATION (0xc0000005) at pc=0x000000018000c274, pid=22356, tid=22244
#
# JRE version: OpenJDK Runtime Environment Temurin-21.0.7+6 (21.0.7+6) (build 21.0.7+6-LTS)
# Java VM: OpenJDK 64-Bit Server VM Temurin-21.0.7+6 (21.0.7+6-LTS, mixed mode, sharing, tiered, compressed oops, compressed class ptrs, parallel gc, windows-amd64)
# Problematic frame:
# C  [ASProxy64.dll+0xc274]
#
# No core dump will be written. Minidumps are not enabled by default on client versions of Windows
#
# If you would like to submit a bug report, please visit:
#   https://github.com/adoptium/adoptium-support/issues
# The crash happened outside the Java Virtual Machine in native code.
# See problematic frame for where to report the bug.
#

---------------  S U M M A R Y ------------

Command Line: --add-modules=ALL-SYSTEM --add-opens=java.base/java.util=ALL-UNNAMED --add-opens=java.base/java.lang=ALL-UNNAMED --add-opens=java.base/sun.nio.fs=ALL-UNNAMED -Declipse.application=org.eclipse.jdt.ls.core.id1 -Dosgi.bundles.defaultStartLevel=4 -Declipse.product=org.eclipse.jdt.ls.core.product -Djava.import.generatesMetadataFilesAtProjectRoot=false -DDetectVMInstallationsJob.disabled=true -Dfile.encoding=utf8 -XX:+UseParallelGC -XX:GCTimeRatio=4 -XX:AdaptiveSizePolicyWeight=90 -Dsun.zip.disableMemoryMapping=true -Xmx1G -Xms100m -Xlog:disable -javaagent:c:\Users\admin\.cursor\extensions\redhat.java-1.42.0-win32-x64\lombok\lombok-1.18.36.jar -XX:+HeapDumpOnOutOfMemoryError -XX:HeapDumpPath=c:\Users\admin\AppData\Roaming\Cursor\User\workspaceStorage\0426a641ec518546e312a5bf184515bb\redhat.java -Daether.dependencyCollector.impl=bf c:\Users\admin\.cursor\extensions\redhat.java-1.42.0-win32-x64\server\plugins\org.eclipse.equinox.launcher_1.7.0.v20250424-1814.jar -configuration c:\Users\admin\AppData\Roaming\Cursor\User\globalStorage\redhat.java\1.42.0\config_win -data c:\Users\admin\AppData\Roaming\Cursor\User\workspaceStorage\0426a641ec518546e312a5bf184515bb\redhat.java\jdt_ws --pipe=\\.\pipe\lsp-59aed35ab0ad6d6eb51cb368cdaaf291-sock

Host: Intel(R) Core(TM) i7-10700 CPU @ 2.90GHz, 16 cores, 15G,  Windows 11 , 64 bit Build 26100 (10.0.26100.3912)
Time: Sun May 18 14:30:29 2025 Eastern Daylight Time elapsed time: 9.415847 seconds (0d 0h 0m 9s)

---------------  T H R E A D  ---------------

Current thread (0x000001f4f80af650):  JavaThread "Connection worker"        [_thread_in_native, id=22244, stack(0x000000821c500000,0x000000821c600000) (1024K)]

Stack: [0x000000821c500000,0x000000821c600000],  sp=0x000000821c5fe370,  free space=1016k
Native frames: (J=compiled Java code, j=interpreted, Vv=VM code, C=native code)
C  [ASProxy64.dll+0xc274]

Java frames: (J=compiled Java code, j=interpreted, Vv=VM code)
j  sun.nio.ch.WEPoll.ctl(JIJI)I+0 java.base@21.0.7
j  sun.nio.ch.WEPollSelectorImpl.<init>(Ljava/nio/channels/spi/SelectorProvider;)V+139 java.base@21.0.7
j  sun.nio.ch.WEPollSelectorProvider.openSelector()Ljava/nio/channels/spi/AbstractSelector;+5 java.base@21.0.7
j  java.nio.channels.Selector.open()Ljava/nio/channels/Selector;+3 java.base@21.0.7
j  org.gradle.internal.remote.internal.inet.SocketConnection$SocketInputStream.<init>(Ljava/nio/channels/SocketChannel;)V+17
j  org.gradle.internal.remote.internal.inet.SocketConnection.<init>(Ljava/nio/channels/SocketChannel;Lorg/gradle/internal/remote/internal/MessageSerializer;Lorg/gradle/internal/serialize/StatefulSerializer;)V+27
j  org.gradle.internal.remote.internal.inet.SocketConnectCompletion.create(Lorg/gradle/internal/serialize/StatefulSerializer;)Lorg/gradle/internal/remote/internal/RemoteConnection;+16
j  org.gradle.launcher.daemon.client.DefaultDaemonConnector.connectToDaemon(Lorg/gradle/launcher/daemon/context/DaemonConnectDetails;Lorg/gradle/launcher/daemon/client/DaemonClientConnection$StaleAddressDetector;)Lorg/gradle/launcher/daemon/client/DaemonClientConnection;+45
j  org.gradle.launcher.daemon.client.DefaultDaemonConnector.connectToDaemonWithId(Lorg/gradle/launcher/daemon/diagnostics/DaemonStartupInfo;Lorg/gradle/api/internal/specs/ExplainingSpec;)Lorg/gradle/launcher/daemon/client/DaemonClientConnection;+116
j  org.gradle.launcher.daemon.client.DefaultDaemonConnector.doStartDaemon(Lorg/gradle/api/internal/specs/ExplainingSpec;Z)Lorg/gradle/launcher/daemon/client/DaemonClientConnection;+61
j  org.gradle.launcher.daemon.client.DefaultDaemonConnector.startDaemon(Lorg/gradle/api/internal/specs/ExplainingSpec;)Lorg/gradle/launcher/daemon/client/DaemonClientConnection;+3
j  org.gradle.launcher.daemon.client.DaemonClient.execute(Lorg/gradle/internal/invocation/BuildAction;Lorg/gradle/launcher/exec/BuildActionParameters;Lorg/gradle/internal/daemon/client/execution/ClientBuildRequestContext;)Lorg/gradle/launcher/exec/BuildActionResult;+201
j  org.gradle.launcher.daemon.client.DaemonClient.execute(Lorg/gradle/internal/invocation/BuildAction;Ljava/lang/Object;Ljava/lang/Object;)Lorg/gradle/launcher/exec/BuildActionResult;+10
j  org.gradle.tooling.internal.provider.DaemonBuildActionExecuter.execute(Lorg/gradle/internal/invocation/BuildAction;Lorg/gradle/tooling/internal/provider/ConnectionOperationParameters;Lorg/gradle/internal/daemon/client/execution/ClientBuildRequestContext;)Lorg/gradle/launcher/exec/BuildActionResult;+72
j  org.gradle.tooling.internal.provider.DaemonBuildActionExecuter.execute(Lorg/gradle/internal/invocation/BuildAction;Ljava/lang/Object;Ljava/lang/Object;)Lorg/gradle/launcher/exec/BuildActionResult;+10
j  org.gradle.tooling.internal.provider.LoggingBridgingBuildActionExecuter.execute(Lorg/gradle/internal/invocation/BuildAction;Lorg/gradle/tooling/internal/provider/ConnectionOperationParameters;Lorg/gradle/internal/daemon/client/execution/ClientBuildRequestContext;)Lorg/gradle/launcher/exec/BuildActionResult;+77
j  org.gradle.tooling.internal.provider.LoggingBridgingBuildActionExecuter.execute(Lorg/gradle/internal/invocation/BuildAction;Ljava/lang/Object;Ljava/lang/Object;)Lorg/gradle/launcher/exec/BuildActionResult;+10
j  org.gradle.tooling.internal.provider.ProviderConnection.run(Lorg/gradle/internal/invocation/BuildAction;Lorg/gradle/initialization/BuildCancellationToken;Lorg/gradle/tooling/internal/provider/ProviderConnection$ProgressListenerConfiguration;Lorg/gradle/initialization/BuildEventConsumer;Lorg/gradle/tooling/internal/provider/connection/ProviderOperationParameters;Lorg/gradle/tooling/internal/provider/ProviderConnection$Parameters;)Ljava/lang/Object;+79
j  org.gradle.tooling.internal.provider.ProviderConnection.runPhasedAction(Lorg/gradle/tooling/internal/protocol/InternalPhasedAction;Lorg/gradle/tooling/internal/protocol/PhasedActionResultListener;Lorg/gradle/initialization/BuildCancellationToken;Lorg/gradle/tooling/internal/provider/connection/ProviderOperationParameters;)Ljava/lang/Object;+132
j  org.gradle.tooling.internal.provider.DefaultConnection.run(Lorg/gradle/tooling/internal/protocol/InternalPhasedAction;Lorg/gradle/tooling/internal/protocol/PhasedActionResultListener;Lorg/gradle/tooling/internal/protocol/InternalCancellationToken;Lorg/gradle/tooling/internal/protocol/BuildParameters;)Lorg/gradle/tooling/internal/protocol/BuildResult;+28
j  org.gradle.tooling.internal.consumer.connection.PhasedActionAwareConsumerConnection.run(Lorg/gradle/tooling/internal/consumer/PhasedBuildAction;Lorg/gradle/tooling/internal/consumer/parameters/ConsumerOperationParameters;)V+66
j  org.gradle.tooling.internal.consumer.connection.ParameterValidatingConsumerConnection.run(Lorg/gradle/tooling/internal/consumer/PhasedBuildAction;Lorg/gradle/tooling/internal/consumer/parameters/ConsumerOperationParameters;)V+11
j  org.gradle.tooling.internal.consumer.DefaultPhasedBuildActionExecuter$1.run(Lorg/gradle/tooling/internal/consumer/connection/ConsumerConnection;)Ljava/lang/Void;+12
j  org.gradle.tooling.internal.consumer.DefaultPhasedBuildActionExecuter$1.run(Lorg/gradle/tooling/internal/consumer/connection/ConsumerConnection;)Ljava/lang/Object;+2
j  org.gradle.tooling.internal.consumer.connection.LazyConsumerActionExecutor.run(Lorg/gradle/tooling/internal/consumer/connection/ConsumerAction;)Ljava/lang/Object;+34
j  org.gradle.tooling.internal.consumer.connection.CancellableConsumerActionExecutor.run(Lorg/gradle/tooling/internal/consumer/connection/ConsumerAction;)Ljava/lang/Object;+34
j  org.gradle.tooling.internal.consumer.connection.ProgressLoggingConsumerActionExecutor.run(Lorg/gradle/tooling/internal/consumer/connection/ConsumerAction;)Ljava/lang/Object;+78
j  org.gradle.tooling.internal.consumer.connection.RethrowingErrorsConsumerActionExecutor.run(Lorg/gradle/tooling/internal/consumer/connection/ConsumerAction;)Ljava/lang/Object;+5
j  org.gradle.tooling.internal.consumer.async.DefaultAsyncConsumerActionExecutor$1$1.run()V+17
j  org.gradle.internal.concurrent.ExecutorPolicy$CatchAndRecordFailures.onExecute(Ljava/lang/Runnable;)V+1
j  org.gradle.internal.concurrent.AbstractManagedExecutor$1.run()V+25
j  java.util.concurrent.ThreadPoolExecutor.runWorker(Ljava/util/concurrent/ThreadPoolExecutor$Worker;)V+92 java.base@21.0.7
j  java.util.concurrent.ThreadPoolExecutor$Worker.run()V+5 java.base@21.0.7
j  java.lang.Thread.runWith(Ljava/lang/Object;Ljava/lang/Runnable;)V+5 java.base@21.0.7
j  java.lang.Thread.run()V+19 java.base@21.0.7
v  ~StubRoutines::call_stub 0x000001f4a333100d

siginfo: EXCEPTION_ACCESS_VIOLATION (0xc0000005), reading address 0x0000000000000600


Registers:
RAX=0x0000000000000000, RBX=0x000001f4fb163888, RCX=0x0000000000001280, RDX=0x0000000000000002
RSP=0x000000821c5fe370, RBP=0x0000000000000600, RSI=0x000001f4fc579000, RDI=0x0000000000000600
R8 =0x7ffffffffffffffc, R9 =0x0000000000000001, R10=0x0000000000001280, R11=0x000001f498ceec10
R12=0x000000821c5fe5b0, R13=0x0000000000001318, R14=0x000001f4fc578fd0, R15=0x0000000000001318
RIP=0x000000018000c274, EFLAGS=0x0000000000010246

XMM[0]=0x0000000000000000 0x0000000000000000
XMM[1]=0x0000000000000000 0x0000000000000000
XMM[2]=0x0000000000000000 0x0000000000000000
XMM[3]=0x0000000000000000 0x0000000000000000
XMM[4]=0x0000000000000000 0x0000000000000000
XMM[5]=0x0000000000000000 0x0000000000000000
XMM[6]=0xcb6cee63e081b6ba 0x6659201388c3c4cf
XMM[7]=0xe544fda7cc43275c 0x1b60d9c39c7615ac
XMM[8]=0x0000000000000000 0xeacf47e0edb20c3d
XMM[9]=0xabb676998b3ccb53 0xbfb146ae2d3515a6
XMM[10]=0xffffffffffffffff 0x0b0a090803020100
XMM[11]=0x77df36eac844c030 0x0000000000000000
XMM[12]=0x0b0a090803020100 0xffffffffffffffff
XMM[13]=0x0c0d0e0f08090a0b 0x0405060700010203
XMM[14]=0x0000000000000000 0x6c9c4e785cd1fc34
XMM[15]=0x0000000000000000 0x00000000f035adbc
  MXCSR=0x00001fa0


Register to memory mapping:

RAX=0x0 is null
RBX=0x000001f4fb163888 points into unknown readable memory: 0x0000000000000000 | 00 00 00 00 00 00 00 00
RCX=0x0000000000001280 is an unknown value
RDX=0x0000000000000002 is an unknown value
RSP=0x000000821c5fe370 is pointing into the stack for thread: 0x000001f4f80af650
RBP=0x0000000000000600 is an unknown value
RSI=0x000001f4fc579000 points into unknown readable memory: 0x000001f4fc579000 | 00 90 57 fc f4 01 00 00
RDI=0x0000000000000600 is an unknown value
R8 =0x7ffffffffffffffc is an unknown value
R9 =0x0000000000000001 is an unknown value
R10=0x0000000000001280 is an unknown value
R11=0x000001f498ceec10 points into unknown readable memory: 0x0000000000000007 | 07 00 00 00 00 00 00 00
R12=0x000000821c5fe5b0 is pointing into the stack for thread: 0x000001f4f80af650
R13=0x0000000000001318 is an unknown value
R14=0x000001f4fc578fd0 points into unknown readable memory: 0x0000000000000600 | 00 06 00 00 00 00 00 00
R15=0x0000000000001318 is an unknown value

Top of Stack: (sp=0x000000821c5fe370)
0x000000821c5fe370:   0000000000000000 0000000000000000
0x000000821c5fe380:   0000000000000600 000000018001f4c2
0x000000821c5fe390:   0000000180065ec8 0000000000002736
0x000000821c5fe3a0:   0000000000000000 0000000000001280
0x000000821c5fe3b0:   0000000000000600 000000018000c506
0x000000821c5fe3c0:   000001f4fb163888 0000000000002736
0x000000821c5fe3d0:   0000000000000000 000001f400000008
0x000000821c5fe3e0:   000000820000001e 0000000000000000
0x000000821c5fe3f0:   0000000000000600 0000000000000000
0x000000821c5fe400:   0000000000000001 0000000000000000
0x000000821c5fe410:   0000000000000600 00007ff8c17f77e6
0x000000821c5fe420:   0000000000001280 0000000000000602
0x000000821c5fe430:   000001f4fc579000 000000821c5fe580
0x000000821c5fe440:   0000000000000000 000001f400000000
0x000000821c5fe450:   0000000000000003 000001f400000001
0x000000821c5fe460:   0000000000000000 0000000000000000
0x000000821c5fe470:   00007ff800000000 00007ff8edfe0139
0x000000821c5fe480:   0000000000001280 0000000000000000
0x000000821c5fe490:   0000000000000000 000068b92ed71e05
0x000000821c5fe4a0:   000001f4fb163870 00007ff8c17f82af
0x000000821c5fe4b0:   0000000000000028 00007ff84efc2cac
0x000000821c5fe4c0:   000001f4fb163878 000001f498d164d0
0x000000821c5fe4d0:   000001f4fc578fd0 00007ff8c17f8359
0x000000821c5fe4e0:   000001f4fc579000 000000821c5fe5b0
0x000000821c5fe4f0:   000001f4fc579000 000001f4fc578fd0
0x000000821c5fe500:   000001f4f80af650 000000821c5fe5b0
0x000000821c5fe510:   000001f4f3fecd80 0000000000000000
0x000000821c5fe520:   000001f4fc578fd0 00007ff8c17f8787
0x000000821c5fe530:   0000000000000000 000000821c5fe5b0
0x000000821c5fe540:   0000000000001318 000001f4f80af650
0x000000821c5fe550:   0000000000000001 00007ff8c17f7a75
0x000000821c5fe560:   0000000000000600 000000821c5fe5b0 

Instructions: (pc=0x000000018000c274)
0x000000018000c174:   70 48 8b 6c 24 78 32 c0 48 83 c4 50 41 5c c3 cc
0x000000018000c184:   cc cc cc cc cc cc cc cc cc cc cc cc 48 85 c9 74
0x000000018000c194:   23 8b 05 ad ff 06 00 89 01 8b 05 a9 ff 06 00 89
0x000000018000c1a4:   41 04 8b 05 a4 ff 06 00 89 41 08 8b 05 9f ff 06
0x000000018000c1b4:   00 89 41 0c f3 c3 cc cc cc cc cc cc c6 01 01 c7
0x000000018000c1c4:   02 01 00 00 00 c3 cc cc cc cc cc cc 48 89 5c 24
0x000000018000c1d4:   08 57 48 83 ec 70 48 8b fa 8b d9 48 8d 15 82 73
0x000000018000c1e4:   05 00 48 8d 4c 24 20 45 33 c0 48 c7 44 24 40 0f
0x000000018000c1f4:   00 00 00 48 c7 44 24 38 00 00 00 00 c6 44 24 28
0x000000018000c204:   00 e8 d6 6b ff ff 4c 8d 4c 24 20 48 8d 4c 24 48
0x000000018000c214:   41 b0 01 8b d3 e8 52 06 02 00 48 83 78 20 10 72
0x000000018000c224:   06 48 8b 48 08 eb 05 48 8d 48 08 90 0f b6 01 48
0x000000018000c234:   ff c7 48 ff c1 88 47 ff 84 c0 75 f0 48 83 7c 24
0x000000018000c244:   68 10 72 0a 48 8b 4c 24 50 e8 52 94 03 00 48 8b
0x000000018000c254:   9c 24 80 00 00 00 48 83 c4 70 5f c3 48 83 ec 48
0x000000018000c264:   0f b6 c2 0f 57 c0 0f 11 44 24 ff 25 00 00 00 00
0x000000018000c274:   ae 7e ef ee f8 7f 00 00 8b 44 24 04 0f af 04 24
0x000000018000c284:   89 04 24 8b 44 24 04 0f af 04 24 83 c0 01 89 04
0x000000018000c294:   24 8b 44 24 04 0f af 04 24 83 c0 02 89 04 24 8b
0x000000018000c2a4:   44 24 04 0f af 04 24 83 c0 03 89 04 24 8b 44 24
0x000000018000c2b4:   04 0f af 04 24 83 c0 04 89 04 24 8b 44 24 04 0f
0x000000018000c2c4:   af 04 24 83 c0 05 89 04 24 8b 44 24 04 0f af 04
0x000000018000c2d4:   24 83 c0 06 89 04 24 8b 44 24 04 0f af 04 24 83
0x000000018000c2e4:   c0 07 89 04 24 8b 44 24 04 0f af 04 24 83 c0 08
0x000000018000c2f4:   89 04 24 8b 44 24 04 0f af 04 24 83 c0 09 89 04
0x000000018000c304:   24 8b 44 24 04 0f af 04 24 83 c0 0a 89 04 24 8b
0x000000018000c314:   44 24 04 0f af 04 24 83 c0 0b 89 04 24 8b 44 24
0x000000018000c324:   04 0f af 04 24 83 c0 0d 89 04 24 8b 44 24 04 0f
0x000000018000c334:   af 04 24 83 c0 0e 89 04 24 8b 44 24 04 0f af 04
0x000000018000c344:   24 83 c0 0f 89 04 24 8b 44 24 04 0f af 04 24 83
0x000000018000c354:   c0 10 89 04 24 8b 44 24 04 0f af 04 24 83 c0 11
0x000000018000c364:   89 04 24 8b 44 24 04 0f af 04 24 83 c0 12 89 04 


Stack slot to memory mapping:

stack at sp + 0 slots: 0x0 is null
stack at sp + 1 slots: 0x0 is null
stack at sp + 2 slots: 0x0000000000000600 is an unknown value
stack at sp + 3 slots: 0x000000018001f4c2 ASProxy64.dll
stack at sp + 4 slots: 0x0000000180065ec8 ASProxy64.dll
stack at sp + 5 slots: 0x0000000000002736 is an unknown value
stack at sp + 6 slots: 0x0 is null
stack at sp + 7 slots: 0x0000000000001280 is an unknown value


---------------  P R O C E S S  ---------------

Threads class SMR info:
_java_thread_list=0x000001f4f715fb00, length=60, elements={
0x000001f49692cc40, 0x000001f498d99320, 0x000001f4ee1fcf00, 0x000001f498d9ae20,
0x000001f498d9db00, 0x000001f498da1bd0, 0x000001f498da3a60, 0x000001f498da7c80,
0x000001f4ef60b310, 0x000001f4ef6c4ec0, 0x000001f4f54fc130, 0x000001f4f6350dc0,
0x000001f4f63395e0, 0x000001f4f622ddb0, 0x000001f4f5d546c0, 0x000001f4f61dd050,
0x000001f4f61de400, 0x000001f4f61dd6e0, 0x000001f4f61ddd70, 0x000001f4f61df120,
0x000001f4f61df7b0, 0x000001f4f61dfe40, 0x000001f4f7104d80, 0x000001f4f7106e50,
0x000001f4f71046f0, 0x000001f4f71074e0, 0x000001f4f7105aa0, 0x000001f4f7104060,
0x000001f4f7107b70, 0x000001f4f7108890, 0x000001f4f71067c0, 0x000001f4f7108200,
0x000001f4f7105410, 0x000001f4f7108f20, 0x000001f4f71095b0, 0x000001f4f7106130,
0x000001f4f7109c40, 0x000001f4f710a2d0, 0x000001f4f710a960, 0x000001f4f710b680,
0x000001f4f710aff0, 0x000001f4f80ad580, 0x000001f4f80ac1d0, 0x000001f4f80ab4b0,
0x000001f4f80aa790, 0x000001f4f80aa100, 0x000001f4f80abb40, 0x000001f4f80ae2a0,
0x000001f4f80acef0, 0x000001f4f80aae20, 0x000001f4f80afce0, 0x000001f4f80b1720,
0x000001f4f80aefc0, 0x000001f4f80b0370, 0x000001f4f80ae930, 0x000001f4f80af650,
0x000001f4f80b1090, 0x000001f4f80b0a00, 0x000001f4f61dea90, 0x000001f4fa3fbce0
}

Java Threads: ( => current thread )
  0x000001f49692cc40 JavaThread "main"                              [_thread_blocked, id=10712, stack(0x0000008216400000,0x0000008216500000) (1024K)]
  0x000001f498d99320 JavaThread "Reference Handler"          daemon [_thread_blocked, id=5532, stack(0x0000008216800000,0x0000008216900000) (1024K)]
  0x000001f4ee1fcf00 JavaThread "Finalizer"                  daemon [_thread_blocked, id=28116, stack(0x0000008216900000,0x0000008216a00000) (1024K)]
  0x000001f498d9ae20 JavaThread "Signal Dispatcher"          daemon [_thread_blocked, id=13948, stack(0x0000008216a00000,0x0000008216b00000) (1024K)]
  0x000001f498d9db00 JavaThread "Attach Listener"            daemon [_thread_blocked, id=18200, stack(0x0000008216b00000,0x0000008216c00000) (1024K)]
  0x000001f498da1bd0 JavaThread "Service Thread"             daemon [_thread_blocked, id=31028, stack(0x0000008216c00000,0x0000008216d00000) (1024K)]
  0x000001f498da3a60 JavaThread "Monitor Deflation Thread"   daemon [_thread_blocked, id=32344, stack(0x0000008216d00000,0x0000008216e00000) (1024K)]
  0x000001f498da7c80 JavaThread "C2 CompilerThread0"         daemon [_thread_blocked, id=21996, stack(0x0000008216e00000,0x0000008216f00000) (1024K)]
  0x000001f4ef60b310 JavaThread "C1 CompilerThread0"         daemon [_thread_blocked, id=12892, stack(0x0000008216f00000,0x0000008217000000) (1024K)]
  0x000001f4ef6c4ec0 JavaThread "Common-Cleaner"             daemon [_thread_blocked, id=19124, stack(0x0000008217000000,0x0000008217100000) (1024K)]
  0x000001f4f54fc130 JavaThread "Notification Thread"        daemon [_thread_blocked, id=8220, stack(0x0000008218400000,0x0000008218500000) (1024K)]
  0x000001f4f6350dc0 JavaThread "Active Thread: Equinox Container: 8691f219-cd7e-44fa-9d31-b16b1f868cb5"        [_thread_blocked, id=10928, stack(0x0000008218f00000,0x0000008219000000) (1024K)]
  0x000001f4f63395e0 JavaThread "Refresh Thread: Equinox Container: 8691f219-cd7e-44fa-9d31-b16b1f868cb5" daemon [_thread_blocked, id=6360, stack(0x0000008219200000,0x0000008219300000) (1024K)]
  0x000001f4f622ddb0 JavaThread "Framework Event Dispatcher: Equinox Container: 8691f219-cd7e-44fa-9d31-b16b1f868cb5" daemon [_thread_blocked, id=18276, stack(0x0000008219300000,0x0000008219400000) (1024K)]
  0x000001f4f5d546c0 JavaThread "Start Level: Equinox Container: 8691f219-cd7e-44fa-9d31-b16b1f868cb5" daemon [_thread_blocked, id=34396, stack(0x0000008219400000,0x0000008219500000) (1024K)]
  0x000001f4f61dd050 JavaThread "Bundle File Closer"         daemon [_thread_blocked, id=34552, stack(0x0000008219800000,0x0000008219900000) (1024K)]
  0x000001f4f61de400 JavaThread "SCR Component Actor"        daemon [_thread_blocked, id=14984, stack(0x0000008219900000,0x0000008219a00000) (1024K)]
  0x000001f4f61dd6e0 JavaThread "Worker-JM"                         [_thread_blocked, id=23008, stack(0x0000008219c00000,0x0000008219d00000) (1024K)]
  0x000001f4f61ddd70 JavaThread "Worker-0"                          [_thread_blocked, id=33652, stack(0x0000008219e00000,0x0000008219f00000) (1024K)]
  0x000001f4f61df120 JavaThread "Worker-1"                          [_thread_blocked, id=7824, stack(0x0000008219f00000,0x000000821a000000) (1024K)]
  0x000001f4f61df7b0 JavaThread "Java indexing"              daemon [_thread_blocked, id=23732, stack(0x0000008218d00000,0x0000008218e00000) (1024K)]
  0x000001f4f61dfe40 JavaThread "Worker-2"                          [_thread_blocked, id=18288, stack(0x0000008218e00000,0x0000008218f00000) (1024K)]
  0x000001f4f7104d80 JavaThread "Worker-3"                          [_thread_blocked, id=31924, stack(0x0000008217300000,0x0000008217400000) (1024K)]
  0x000001f4f7106e50 JavaThread "JNA Cleaner"                daemon [_thread_blocked, id=18300, stack(0x0000008218600000,0x0000008218700000) (1024K)]
  0x000001f4f71046f0 JavaThread "Worker-4"                          [_thread_blocked, id=32620, stack(0x000000821a400000,0x000000821a500000) (1024K)]
  0x000001f4f71074e0 JavaThread "Worker-5: Initialize Workspace"        [_thread_blocked, id=3408, stack(0x000000821a600000,0x000000821a700000) (1024K)]
  0x000001f4f7105aa0 JavaThread "Thread-2"                   daemon [_thread_in_native, id=28168, stack(0x000000821a700000,0x000000821a800000) (1024K)]
  0x000001f4f7104060 JavaThread "Thread-3"                   daemon [_thread_in_native, id=5456, stack(0x000000821a800000,0x000000821a900000) (1024K)]
  0x000001f4f7107b70 JavaThread "Thread-4"                   daemon [_thread_in_native, id=2764, stack(0x000000821a900000,0x000000821aa00000) (1024K)]
  0x000001f4f7108890 JavaThread "Thread-5"                   daemon [_thread_in_native, id=13120, stack(0x000000821aa00000,0x000000821ab00000) (1024K)]
  0x000001f4f71067c0 JavaThread "Thread-6"                   daemon [_thread_in_native, id=812, stack(0x000000821ab00000,0x000000821ac00000) (1024K)]
  0x000001f4f7108200 JavaThread "Thread-7"                   daemon [_thread_in_native, id=11480, stack(0x000000821ac00000,0x000000821ad00000) (1024K)]
  0x000001f4f7105410 JavaThread "Thread-8"                   daemon [_thread_in_native, id=24364, stack(0x000000821ad00000,0x000000821ae00000) (1024K)]
  0x000001f4f7108f20 JavaThread "Thread-9"                   daemon [_thread_in_native, id=13220, stack(0x000000821ae00000,0x000000821af00000) (1024K)]
  0x000001f4f71095b0 JavaThread "Thread-10"                  daemon [_thread_in_native, id=17388, stack(0x000000821af00000,0x000000821b000000) (1024K)]
  0x000001f4f7106130 JavaThread "Thread-11"                  daemon [_thread_in_native, id=10896, stack(0x000000821b000000,0x000000821b100000) (1024K)]
  0x000001f4f7109c40 JavaThread "Thread-12"                  daemon [_thread_in_native, id=18612, stack(0x000000821b100000,0x000000821b200000) (1024K)]
  0x000001f4f710a2d0 JavaThread "Thread-13"                  daemon [_thread_in_native, id=18328, stack(0x000000821b200000,0x000000821b300000) (1024K)]
  0x000001f4f710a960 JavaThread "Thread-14"                  daemon [_thread_in_native, id=13628, stack(0x000000821b300000,0x000000821b400000) (1024K)]
  0x000001f4f710b680 JavaThread "Thread-15"                  daemon [_thread_in_native, id=25880, stack(0x000000821b400000,0x000000821b500000) (1024K)]
  0x000001f4f710aff0 JavaThread "Thread-16"                  daemon [_thread_in_native, id=34376, stack(0x000000821b500000,0x000000821b600000) (1024K)]
  0x000001f4f80ad580 JavaThread "Thread-17"                  daemon [_thread_in_native, id=9136, stack(0x000000821b600000,0x000000821b700000) (1024K)]
  0x000001f4f80ac1d0 JavaThread "Thread-18"                  daemon [_thread_in_native, id=14820, stack(0x000000821b700000,0x000000821b800000) (1024K)]
  0x000001f4f80ab4b0 JavaThread "pool-2-thread-1"                   [_thread_blocked, id=32676, stack(0x000000821bc00000,0x000000821bd00000) (1024K)]
  0x000001f4f80aa790 JavaThread "WorkspaceEventsHandler"            [_thread_blocked, id=25312, stack(0x000000821be00000,0x000000821bf00000) (1024K)]
  0x000001f4f80aa100 JavaThread "pool-1-thread-1"                   [_thread_blocked, id=16524, stack(0x000000821bf00000,0x000000821c000000) (1024K)]
  0x000001f4f80abb40 JavaThread "Timer-0"                           [_thread_blocked, id=18876, stack(0x000000821bd00000,0x000000821be00000) (1024K)]
  0x000001f4f80ae2a0 JavaThread "Timer-1"                           [_thread_blocked, id=8376, stack(0x000000821b900000,0x000000821ba00000) (1024K)]
  0x000001f4f80acef0 JavaThread "Timer-2"                           [_thread_blocked, id=4684, stack(0x000000821ba00000,0x000000821bb00000) (1024K)]
  0x000001f4f80aae20 JavaThread "LocalFile Deleter"          daemon [_thread_blocked, id=9916, stack(0x000000821bb00000,0x000000821bc00000) (1024K)]
  0x000001f4f80afce0 JavaThread "LocalFile Deleter"          daemon [_thread_blocked, id=17836, stack(0x000000821c000000,0x000000821c100000) (1024K)]
  0x000001f4f80b1720 JavaThread "LocalFile Deleter"          daemon [_thread_blocked, id=34488, stack(0x000000821c100000,0x000000821c200000) (1024K)]
  0x000001f4f80aefc0 JavaThread "LocalFile Deleter"          daemon [_thread_blocked, id=10608, stack(0x000000821c200000,0x000000821c300000) (1024K)]
  0x000001f4f80b0370 JavaThread "Timer-3"                           [_thread_blocked, id=30612, stack(0x000000821c300000,0x000000821c400000) (1024K)]
  0x000001f4f80ae930 JavaThread "Timer-4"                           [_thread_blocked, id=22656, stack(0x000000821c400000,0x000000821c500000) (1024K)]
=>0x000001f4f80af650 JavaThread "Connection worker"                 [_thread_in_native, id=22244, stack(0x000000821c500000,0x000000821c600000) (1024K)]
  0x000001f4f80b1090 JavaThread "pool-3-thread-1"                   [_thread_blocked, id=26680, stack(0x0000008219a00000,0x0000008219b00000) (1024K)]
  0x000001f4f80b0a00 JavaThread "Exec process"                      [_thread_blocked, id=29564, stack(0x000000821c800000,0x000000821c900000) (1024K)]
  0x000001f4f61dea90 JavaThread "Exec process Thread 2"             [_thread_blocked, id=2612, stack(0x000000821c900000,0x000000821ca00000) (1024K)]
  0x000001f4fa3fbce0 JavaThread "Exec process Thread 3"             [_thread_blocked, id=19232, stack(0x000000821ca00000,0x000000821cb00000) (1024K)]
Total: 60

Other Threads:
  0x000001f4968ff5d0 VMThread "VM Thread"                           [id=28264, stack(0x0000008216700000,0x0000008216800000) (1024K)]
  0x000001f4ee0dca00 WatcherThread "VM Periodic Task Thread"        [id=31432, stack(0x0000008216600000,0x0000008216700000) (1024K)]
  0x000001f496900450 WorkerThread "GC Thread#0"                     [id=22336, stack(0x0000008216500000,0x0000008216600000) (1024K)]
  0x000001f4968fee90 WorkerThread "GC Thread#1"                     [id=19528, stack(0x0000008218700000,0x0000008218800000) (1024K)]
  0x000001f4968ff230 WorkerThread "GC Thread#2"                     [id=10776, stack(0x0000008218800000,0x0000008218900000) (1024K)]
  0x000001f4f5af2150 WorkerThread "GC Thread#3"                     [id=14032, stack(0x0000008218900000,0x0000008218a00000) (1024K)]
  0x000001f4f5af0b90 WorkerThread "GC Thread#4"                     [id=32580, stack(0x0000008218a00000,0x0000008218b00000) (1024K)]
  0x000001f4f5af24f0 WorkerThread "GC Thread#5"                     [id=8796, stack(0x0000008218b00000,0x0000008218c00000) (1024K)]
  0x000001f4f5af00b0 WorkerThread "GC Thread#6"                     [id=26940, stack(0x0000008218c00000,0x0000008218d00000) (1024K)]
  0x000001f4f5aef5d0 WorkerThread "GC Thread#7"                     [id=31780, stack(0x0000008219100000,0x0000008219200000) (1024K)]
  0x000001f4f5af0f30 WorkerThread "GC Thread#8"                     [id=8108, stack(0x0000008219500000,0x0000008219600000) (1024K)]
  0x000001f4f5aefd10 WorkerThread "GC Thread#9"                     [id=29588, stack(0x0000008219600000,0x0000008219700000) (1024K)]
  0x000001f4f5af2890 WorkerThread "GC Thread#10"                    [id=7888, stack(0x0000008219700000,0x0000008219800000) (1024K)]
  0x000001f4f5af1a10 WorkerThread "GC Thread#11"                    [id=22992, stack(0x0000008219b00000,0x0000008219c00000) (1024K)]
  0x000001f4f5af2fd0 WorkerThread "GC Thread#12"                    [id=20840, stack(0x0000008219d00000,0x0000008219e00000) (1024K)]
Total: 15

Threads with active compile tasks:
Total: 0

VM state: not at safepoint (normal execution)

VM Mutex/Monitor currently owned by a thread: None

Heap address: 0x00000000c0000000, size: 1024 MB, Compressed Oops mode: 32-bit

CDS archive(s) mapped at: [0x000001f4ad000000-0x000001f4adba0000-0x000001f4adba0000), size 12189696, SharedBaseAddress: 0x000001f4ad000000, ArchiveRelocationMode: 1.
Compressed class space mapped at: 0x000001f4ae000000-0x000001f4ee000000, reserved size: 1073741824
Narrow klass base: 0x000001f4ad000000, Narrow klass shift: 0, Narrow klass range: 0x100000000

GC Precious Log:
 CardTable entry size: 512
 CPUs: 16 total, 16 available
 Memory: 16096M
 Large Page Support: Disabled
 NUMA Support: Disabled
 Compressed Oops: Enabled (32-bit)
 Alignments: Space 512K, Generation 512K, Heap 2M
 Heap Min Capacity: 100M
 Heap Initial Capacity: 100M
 Heap Max Capacity: 1G
 Pre-touch: Disabled
 Parallel Workers: 13

Heap:
 PSYoungGen      total 20480K, used 9598K [0x00000000eab00000, 0x00000000ec000000, 0x0000000100000000)
  eden space 19456K, 45% used [0x00000000eab00000,0x00000000eb39adb0,0x00000000ebe00000)
  from space 1024K, 76% used [0x00000000ebe00000,0x00000000ebec4d88,0x00000000ebf00000)
  to   space 1024K, 0% used [0x00000000ebf00000,0x00000000ebf00000,0x00000000ec000000)
 ParOldGen       total 68608K, used 39617K [0x00000000c0000000, 0x00000000c4300000, 0x00000000eab00000)
  object space 68608K, 57% used [0x00000000c0000000,0x00000000c26b04b0,0x00000000c4300000)
 Metaspace       used 62457K, committed 63808K, reserved 1114112K
  class space    used 7722K, committed 8320K, reserved 1048576K

Card table byte_map: [0x000001f498690000,0x000001f4988a0000] _byte_map_base: 0x000001f498090000

Marking Bits: (ParMarkBitMap*) 0x00007ff84f6031f0
 Begin Bits: [0x000001f4aaee0000, 0x000001f4abee0000)
 End Bits:   [0x000001f4abee0000, 0x000001f4acee0000)

Polling page: 0x000001f496b60000

Metaspace:

Usage:
  Non-class:     53.45 MB used.
      Class:      7.54 MB used.
       Both:     60.99 MB used.

Virtual space:
  Non-class space:       64.00 MB reserved,      54.19 MB ( 85%) committed,  1 nodes.
      Class space:        1.00 GB reserved,       8.12 MB ( <1%) committed,  1 nodes.
             Both:        1.06 GB reserved,      62.31 MB (  6%) committed. 

Chunk freelists:
   Non-Class:  8.97 MB
       Class:  7.75 MB
        Both:  16.72 MB

MaxMetaspaceSize: unlimited
CompressedClassSpaceSize: 1.00 GB
Initial GC threshold: 21.00 MB
Current GC threshold: 97.31 MB
CDS: on
 - commit_granule_bytes: 65536.
 - commit_granule_words: 8192.
 - virtual_space_node_default_size: 8388608.
 - enlarge_chunks_in_place: 1.
 - use_allocation_guard: 0.


Internal statistics:

num_allocs_failed_limit: 9.
num_arena_births: 1134.
num_arena_deaths: 18.
num_vsnodes_births: 2.
num_vsnodes_deaths: 0.
num_space_committed: 997.
num_space_uncommitted: 0.
num_chunks_returned_to_freelist: 29.
num_chunks_taken_from_freelist: 3781.
num_chunk_merges: 12.
num_chunk_splits: 2486.
num_chunks_enlarged: 1612.
num_inconsistent_stats: 0.

CodeHeap 'non-profiled nmethods': size=119168Kb used=5057Kb max_used=5057Kb free=114110Kb
 bounds [0x000001f4a3a80000, 0x000001f4a3f80000, 0x000001f4aaee0000]
CodeHeap 'profiled nmethods': size=119104Kb used=14392Kb max_used=14560Kb free=104711Kb
 bounds [0x000001f49bee0000, 0x000001f49cd20000, 0x000001f4a3330000]
CodeHeap 'non-nmethods': size=7488Kb used=1386Kb max_used=3173Kb free=6101Kb
 bounds [0x000001f4a3330000, 0x000001f4a3660000, 0x000001f4a3a80000]
 total_blobs=7752 nmethods=7065 adapters=593
 compilation: enabled
              stopped_count=0, restarted_count=0
 full_count=0

Compilation events (20 events):
Event: 9.249 Thread 0x000001f4ef60b310 7868       3       java.security.Provider$Service::<init> (200 bytes)
Event: 9.250 Thread 0x000001f4ef60b310 nmethod 7868 0x000001f49c3a2610 code [0x000001f49c3a2960, 0x000001f49c3a4078]
Event: 9.250 Thread 0x000001f4ef60b310 7869       3       java.security.Provider::getEngineName (49 bytes)
Event: 9.250 Thread 0x000001f4ef60b310 nmethod 7869 0x000001f49c3a1910 code [0x000001f49c3a1b40, 0x000001f49c3a2380]
Event: 9.250 Thread 0x000001f4ef60b310 7874       3       sun.security.util.SecurityProviderConstants::getAliases (63 bytes)
Event: 9.250 Thread 0x000001f4ef60b310 nmethod 7874 0x000001f49c3a0b10 code [0x000001f49c3a0d80, 0x000001f49c3a1620]
Event: 9.250 Thread 0x000001f4ef60b310 7871       3       java.security.Provider::check (18 bytes)
Event: 9.251 Thread 0x000001f4ef60b310 nmethod 7871 0x000001f49c755290 code [0x000001f49c755460, 0x000001f49c7557c0]
Event: 9.251 Thread 0x000001f4ef60b310 7872       3       java.security.Provider::implRemoveService (149 bytes)
Event: 9.251 Thread 0x000001f4ef60b310 nmethod 7872 0x000001f49c40c510 code [0x000001f49c40c7c0, 0x000001f49c40d440]
Event: 9.251 Thread 0x000001f4ef60b310 7867       3       java.security.Provider$UString::hashCode (8 bytes)
Event: 9.251 Thread 0x000001f4ef60b310 nmethod 7867 0x000001f49c3a0710 code [0x000001f49c3a08c0, 0x000001f49c3a0a00]
Event: 9.251 Thread 0x000001f4ef60b310 7875       1       java.nio.DirectByteBuffer::attachment (5 bytes)
Event: 9.251 Thread 0x000001f4ef60b310 nmethod 7875 0x000001f4a3f62910 code [0x000001f4a3f62aa0, 0x000001f4a3f62b68]
Event: 9.255 Thread 0x000001f4ef60b310 7876       3       java.security.MessageDigest::update (11 bytes)
Event: 9.256 Thread 0x000001f4ef60b310 nmethod 7876 0x000001f49c39ff90 code [0x000001f49c3a0140, 0x000001f49c3a0400]
Event: 9.256 Thread 0x000001f4ef60b310 7877       3       java.security.MessageDigest$Delegate::engineUpdate (9 bytes)
Event: 9.256 Thread 0x000001f4ef60b310 nmethod 7877 0x000001f49c40c090 code [0x000001f49c40c240, 0x000001f49c40c418]
Event: 9.256 Thread 0x000001f4ef60b310 7878       3       sun.security.provider.DigestBase::engineUpdate (32 bytes)
Event: 9.256 Thread 0x000001f4ef60b310 nmethod 7878 0x000001f49c40bb90 code [0x000001f49c40bd40, 0x000001f49c40bfa8]

GC Heap History (20 events):
Event: 6.229 GC heap before
{Heap before GC invocations=35 (full 3):
 PSYoungGen      total 19968K, used 19456K [0x00000000eab00000, 0x00000000ec100000, 0x0000000100000000)
  eden space 19456K, 100% used [0x00000000eab00000,0x00000000ebe00000,0x00000000ebe00000)
  from space 512K, 0% used [0x00000000ebf80000,0x00000000ebf80000,0x00000000ec000000)
  to   space 1024K, 0% used [0x00000000ec000000,0x00000000ec000000,0x00000000ec100000)
 ParOldGen       total 68608K, used 37891K [0x00000000c0000000, 0x00000000c4300000, 0x00000000eab00000)
  object space 68608K, 55% used [0x00000000c0000000,0x00000000c2500d90,0x00000000c4300000)
 Metaspace       used 58853K, committed 60032K, reserved 1114112K
  class space    used 7205K, committed 7744K, reserved 1048576K
}
Event: 6.230 GC heap after
{Heap after GC invocations=35 (full 3):
 PSYoungGen      total 20480K, used 1021K [0x00000000eab00000, 0x00000000ec200000, 0x0000000100000000)
  eden space 19456K, 0% used [0x00000000eab00000,0x00000000eab00000,0x00000000ebe00000)
  from space 1024K, 99% used [0x00000000ec000000,0x00000000ec0ff7d8,0x00000000ec100000)
  to   space 2048K, 0% used [0x00000000ebe00000,0x00000000ebe00000,0x00000000ec000000)
 ParOldGen       total 68608K, used 38321K [0x00000000c0000000, 0x00000000c4300000, 0x00000000eab00000)
  object space 68608K, 55% used [0x00000000c0000000,0x00000000c256c5c8,0x00000000c4300000)
 Metaspace       used 58853K, committed 60032K, reserved 1114112K
  class space    used 7205K, committed 7744K, reserved 1048576K
}
Event: 6.298 GC heap before
{Heap before GC invocations=36 (full 3):
 PSYoungGen      total 20480K, used 20477K [0x00000000eab00000, 0x00000000ec200000, 0x0000000100000000)
  eden space 19456K, 100% used [0x00000000eab00000,0x00000000ebe00000,0x00000000ebe00000)
  from space 1024K, 99% used [0x00000000ec000000,0x00000000ec0ff7d8,0x00000000ec100000)
  to   space 2048K, 0% used [0x00000000ebe00000,0x00000000ebe00000,0x00000000ec000000)
 ParOldGen       total 68608K, used 38321K [0x00000000c0000000, 0x00000000c4300000, 0x00000000eab00000)
  object space 68608K, 55% used [0x00000000c0000000,0x00000000c256c5c8,0x00000000c4300000)
 Metaspace       used 58855K, committed 60032K, reserved 1114112K
  class space    used 7205K, committed 7744K, reserved 1048576K
}
Event: 6.299 GC heap after
{Heap after GC invocations=36 (full 3):
 PSYoungGen      total 20480K, used 853K [0x00000000eab00000, 0x00000000ec100000, 0x0000000100000000)
  eden space 19456K, 0% used [0x00000000eab00000,0x00000000eab00000,0x00000000ebe00000)
  from space 1024K, 83% used [0x00000000ebe00000,0x00000000ebed55a8,0x00000000ebf00000)
  to   space 1536K, 0% used [0x00000000ebf80000,0x00000000ebf80000,0x00000000ec100000)
 ParOldGen       total 68608K, used 38513K [0x00000000c0000000, 0x00000000c4300000, 0x00000000eab00000)
  object space 68608K, 56% used [0x00000000c0000000,0x00000000c259c5c8,0x00000000c4300000)
 Metaspace       used 58855K, committed 60032K, reserved 1114112K
  class space    used 7205K, committed 7744K, reserved 1048576K
}
Event: 6.371 GC heap before
{Heap before GC invocations=37 (full 3):
 PSYoungGen      total 20480K, used 20309K [0x00000000eab00000, 0x00000000ec100000, 0x0000000100000000)
  eden space 19456K, 100% used [0x00000000eab00000,0x00000000ebe00000,0x00000000ebe00000)
  from space 1024K, 83% used [0x00000000ebe00000,0x00000000ebed55a8,0x00000000ebf00000)
  to   space 1536K, 0% used [0x00000000ebf80000,0x00000000ebf80000,0x00000000ec100000)
 ParOldGen       total 68608K, used 38513K [0x00000000c0000000, 0x00000000c4300000, 0x00000000eab00000)
  object space 68608K, 56% used [0x00000000c0000000,0x00000000c259c5c8,0x00000000c4300000)
 Metaspace       used 58862K, committed 60032K, reserved 1114112K
  class space    used 7205K, committed 7744K, reserved 1048576K
}
Event: 6.372 GC heap after
{Heap after GC invocations=37 (full 3):
 PSYoungGen      total 19968K, used 442K [0x00000000eab00000, 0x00000000ec000000, 0x0000000100000000)
  eden space 19456K, 0% used [0x00000000eab00000,0x00000000eab00000,0x00000000ebe00000)
  from space 512K, 86% used [0x00000000ebf80000,0x00000000ebfeea48,0x00000000ec000000)
  to   space 1024K, 0% used [0x00000000ebe00000,0x00000000ebe00000,0x00000000ebf00000)
 ParOldGen       total 68608K, used 38585K [0x00000000c0000000, 0x00000000c4300000, 0x00000000eab00000)
  object space 68608K, 56% used [0x00000000c0000000,0x00000000c25ae5c8,0x00000000c4300000)
 Metaspace       used 58862K, committed 60032K, reserved 1114112K
  class space    used 7205K, committed 7744K, reserved 1048576K
}
Event: 6.436 GC heap before
{Heap before GC invocations=38 (full 3):
 PSYoungGen      total 19968K, used 19898K [0x00000000eab00000, 0x00000000ec000000, 0x0000000100000000)
  eden space 19456K, 100% used [0x00000000eab00000,0x00000000ebe00000,0x00000000ebe00000)
  from space 512K, 86% used [0x00000000ebf80000,0x00000000ebfeea48,0x00000000ec000000)
  to   space 1024K, 0% used [0x00000000ebe00000,0x00000000ebe00000,0x00000000ebf00000)
 ParOldGen       total 68608K, used 38585K [0x00000000c0000000, 0x00000000c4300000, 0x00000000eab00000)
  object space 68608K, 56% used [0x00000000c0000000,0x00000000c25ae5c8,0x00000000c4300000)
 Metaspace       used 58862K, committed 60032K, reserved 1114112K
  class space    used 7205K, committed 7744K, reserved 1048576K
}
Event: 6.436 GC heap after
{Heap after GC invocations=38 (full 3):
 PSYoungGen      total 20480K, used 373K [0x00000000eab00000, 0x00000000ec000000, 0x0000000100000000)
  eden space 19456K, 0% used [0x00000000eab00000,0x00000000eab00000,0x00000000ebe00000)
  from space 1024K, 36% used [0x00000000ebe00000,0x00000000ebe5d4b8,0x00000000ebf00000)
  to   space 512K, 0% used [0x00000000ebf80000,0x00000000ebf80000,0x00000000ec000000)
 ParOldGen       total 68608K, used 38649K [0x00000000c0000000, 0x00000000c4300000, 0x00000000eab00000)
  object space 68608K, 56% used [0x00000000c0000000,0x00000000c25be5c8,0x00000000c4300000)
 Metaspace       used 58862K, committed 60032K, reserved 1114112K
  class space    used 7205K, committed 7744K, reserved 1048576K
}
Event: 6.500 GC heap before
{Heap before GC invocations=39 (full 3):
 PSYoungGen      total 20480K, used 19829K [0x00000000eab00000, 0x00000000ec000000, 0x0000000100000000)
  eden space 19456K, 100% used [0x00000000eab00000,0x00000000ebe00000,0x00000000ebe00000)
  from space 1024K, 36% used [0x00000000ebe00000,0x00000000ebe5d4b8,0x00000000ebf00000)
  to   space 512K, 0% used [0x00000000ebf80000,0x00000000ebf80000,0x00000000ec000000)
 ParOldGen       total 68608K, used 38649K [0x00000000c0000000, 0x00000000c4300000, 0x00000000eab00000)
  object space 68608K, 56% used [0x00000000c0000000,0x00000000c25be5c8,0x00000000c4300000)
 Metaspace       used 58862K, committed 60032K, reserved 1114112K
  class space    used 7205K, committed 7744K, reserved 1048576K
}
Event: 6.501 GC heap after
{Heap after GC invocations=39 (full 3):
 PSYoungGen      total 19968K, used 511K [0x00000000eab00000, 0x00000000ec000000, 0x0000000100000000)
  eden space 19456K, 0% used [0x00000000eab00000,0x00000000eab00000,0x00000000ebe00000)
  from space 512K, 99% used [0x00000000ebf80000,0x00000000ebfffe88,0x00000000ec000000)
  to   space 1024K, 0% used [0x00000000ebe00000,0x00000000ebe00000,0x00000000ebf00000)
 ParOldGen       total 68608K, used 38969K [0x00000000c0000000, 0x00000000c4300000, 0x00000000eab00000)
  object space 68608K, 56% used [0x00000000c0000000,0x00000000c260e760,0x00000000c4300000)
 Metaspace       used 58862K, committed 60032K, reserved 1114112K
  class space    used 7205K, committed 7744K, reserved 1048576K
}
Event: 6.568 GC heap before
{Heap before GC invocations=40 (full 3):
 PSYoungGen      total 19968K, used 19967K [0x00000000eab00000, 0x00000000ec000000, 0x0000000100000000)
  eden space 19456K, 100% used [0x00000000eab00000,0x00000000ebe00000,0x00000000ebe00000)
  from space 512K, 99% used [0x00000000ebf80000,0x00000000ebfffe88,0x00000000ec000000)
  to   space 1024K, 0% used [0x00000000ebe00000,0x00000000ebe00000,0x00000000ebf00000)
 ParOldGen       total 68608K, used 38969K [0x00000000c0000000, 0x00000000c4300000, 0x00000000eab00000)
  object space 68608K, 56% used [0x00000000c0000000,0x00000000c260e760,0x00000000c4300000)
 Metaspace       used 58863K, committed 60032K, reserved 1114112K
  class space    used 7205K, committed 7744K, reserved 1048576K
}
Event: 6.569 GC heap after
{Heap after GC invocations=40 (full 3):
 PSYoungGen      total 20480K, used 1011K [0x00000000eab00000, 0x00000000ec100000, 0x0000000100000000)
  eden space 19456K, 0% used [0x00000000eab00000,0x00000000eab00000,0x00000000ebe00000)
  from space 1024K, 98% used [0x00000000ebe00000,0x00000000ebefcf48,0x00000000ebf00000)
  to   space 1536K, 0% used [0x00000000ebf80000,0x00000000ebf80000,0x00000000ec100000)
 ParOldGen       total 68608K, used 39177K [0x00000000c0000000, 0x00000000c4300000, 0x00000000eab00000)
  object space 68608K, 57% used [0x00000000c0000000,0x00000000c26427a0,0x00000000c4300000)
 Metaspace       used 58863K, committed 60032K, reserved 1114112K
  class space    used 7205K, committed 7744K, reserved 1048576K
}
Event: 6.637 GC heap before
{Heap before GC invocations=41 (full 3):
 PSYoungGen      total 20480K, used 20467K [0x00000000eab00000, 0x00000000ec100000, 0x0000000100000000)
  eden space 19456K, 100% used [0x00000000eab00000,0x00000000ebe00000,0x00000000ebe00000)
  from space 1024K, 98% used [0x00000000ebe00000,0x00000000ebefcf48,0x00000000ebf00000)
  to   space 1536K, 0% used [0x00000000ebf80000,0x00000000ebf80000,0x00000000ec100000)
 ParOldGen       total 68608K, used 39177K [0x00000000c0000000, 0x00000000c4300000, 0x00000000eab00000)
  object space 68608K, 57% used [0x00000000c0000000,0x00000000c26427a0,0x00000000c4300000)
 Metaspace       used 58864K, committed 60032K, reserved 1114112K
  class space    used 7205K, committed 7744K, reserved 1048576K
}
Event: 6.638 GC heap after
{Heap after GC invocations=41 (full 3):
 PSYoungGen      total 20992K, used 1338K [0x00000000eab00000, 0x00000000ec100000, 0x0000000100000000)
  eden space 19456K, 0% used [0x00000000eab00000,0x00000000eab00000,0x00000000ebe00000)
  from space 1536K, 87% used [0x00000000ebf80000,0x00000000ec0cea90,0x00000000ec100000)
  to   space 1536K, 0% used [0x00000000ebe00000,0x00000000ebe00000,0x00000000ebf80000)
 ParOldGen       total 68608K, used 39233K [0x00000000c0000000, 0x00000000c4300000, 0x00000000eab00000)
  object space 68608K, 57% used [0x00000000c0000000,0x00000000c26507a0,0x00000000c4300000)
 Metaspace       used 58864K, committed 60032K, reserved 1114112K
  class space    used 7205K, committed 7744K, reserved 1048576K
}
Event: 6.715 GC heap before
{Heap before GC invocations=42 (full 3):
 PSYoungGen      total 20992K, used 20794K [0x00000000eab00000, 0x00000000ec100000, 0x0000000100000000)
  eden space 19456K, 100% used [0x00000000eab00000,0x00000000ebe00000,0x00000000ebe00000)
  from space 1536K, 87% used [0x00000000ebf80000,0x00000000ec0cea90,0x00000000ec100000)
  to   space 1536K, 0% used [0x00000000ebe00000,0x00000000ebe00000,0x00000000ebf80000)
 ParOldGen       total 68608K, used 39233K [0x00000000c0000000, 0x00000000c4300000, 0x00000000eab00000)
  object space 68608K, 57% used [0x00000000c0000000,0x00000000c26507a0,0x00000000c4300000)
 Metaspace       used 58864K, committed 60032K, reserved 1114112K
  class space    used 7205K, committed 7744K, reserved 1048576K
}
Event: 6.716 GC heap after
{Heap after GC invocations=42 (full 3):
 PSYoungGen      total 20480K, used 699K [0x00000000eab00000, 0x00000000ec000000, 0x0000000100000000)
  eden space 19456K, 0% used [0x00000000eab00000,0x00000000eab00000,0x00000000ebe00000)
  from space 1024K, 68% used [0x00000000ebe00000,0x00000000ebeaef88,0x00000000ebf00000)
  to   space 1024K, 0% used [0x00000000ebf00000,0x00000000ebf00000,0x00000000ec000000)
 ParOldGen       total 68608K, used 39289K [0x00000000c0000000, 0x00000000c4300000, 0x00000000eab00000)
  object space 68608K, 57% used [0x00000000c0000000,0x00000000c265e7a0,0x00000000c4300000)
 Metaspace       used 58864K, committed 60032K, reserved 1114112K
  class space    used 7205K, committed 7744K, reserved 1048576K
}
Event: 6.817 GC heap before
{Heap before GC invocations=43 (full 3):
 PSYoungGen      total 20480K, used 20155K [0x00000000eab00000, 0x00000000ec000000, 0x0000000100000000)
  eden space 19456K, 100% used [0x00000000eab00000,0x00000000ebe00000,0x00000000ebe00000)
  from space 1024K, 68% used [0x00000000ebe00000,0x00000000ebeaef88,0x00000000ebf00000)
  to   space 1024K, 0% used [0x00000000ebf00000,0x00000000ebf00000,0x00000000ec000000)
 ParOldGen       total 68608K, used 39289K [0x00000000c0000000, 0x00000000c4300000, 0x00000000eab00000)
  object space 68608K, 57% used [0x00000000c0000000,0x00000000c265e7a0,0x00000000c4300000)
 Metaspace       used 59620K, committed 60864K, reserved 1114112K
  class space    used 7311K, committed 7872K, reserved 1048576K
}
Event: 6.818 GC heap after
{Heap after GC invocations=43 (full 3):
 PSYoungGen      total 20480K, used 448K [0x00000000eab00000, 0x00000000ec000000, 0x0000000100000000)
  eden space 19456K, 0% used [0x00000000eab00000,0x00000000eab00000,0x00000000ebe00000)
  from space 1024K, 43% used [0x00000000ebf00000,0x00000000ebf70000,0x00000000ec000000)
  to   space 1024K, 0% used [0x00000000ebe00000,0x00000000ebe00000,0x00000000ebf00000)
 ParOldGen       total 68608K, used 39337K [0x00000000c0000000, 0x00000000c4300000, 0x00000000eab00000)
  object space 68608K, 57% used [0x00000000c0000000,0x00000000c266a7a0,0x00000000c4300000)
 Metaspace       used 59620K, committed 60864K, reserved 1114112K
  class space    used 7311K, committed 7872K, reserved 1048576K
}
Event: 7.168 GC heap before
{Heap before GC invocations=44 (full 3):
 PSYoungGen      total 20480K, used 19904K [0x00000000eab00000, 0x00000000ec000000, 0x0000000100000000)
  eden space 19456K, 100% used [0x00000000eab00000,0x00000000ebe00000,0x00000000ebe00000)
  from space 1024K, 43% used [0x00000000ebf00000,0x00000000ebf70000,0x00000000ec000000)
  to   space 1024K, 0% used [0x00000000ebe00000,0x00000000ebe00000,0x00000000ebf00000)
 ParOldGen       total 68608K, used 39337K [0x00000000c0000000, 0x00000000c4300000, 0x00000000eab00000)
  object space 68608K, 57% used [0x00000000c0000000,0x00000000c266a7a0,0x00000000c4300000)
 Metaspace       used 61753K, committed 63104K, reserved 1114112K
  class space    used 7633K, committed 8256K, reserved 1048576K
}
Event: 7.169 GC heap after
{Heap after GC invocations=44 (full 3):
 PSYoungGen      total 20480K, used 787K [0x00000000eab00000, 0x00000000ec000000, 0x0000000100000000)
  eden space 19456K, 0% used [0x00000000eab00000,0x00000000eab00000,0x00000000ebe00000)
  from space 1024K, 76% used [0x00000000ebe00000,0x00000000ebec4d88,0x00000000ebf00000)
  to   space 1024K, 0% used [0x00000000ebf00000,0x00000000ebf00000,0x00000000ec000000)
 ParOldGen       total 68608K, used 39617K [0x00000000c0000000, 0x00000000c4300000, 0x00000000eab00000)
  object space 68608K, 57% used [0x00000000c0000000,0x00000000c26b04b0,0x00000000c4300000)
 Metaspace       used 61753K, committed 63104K, reserved 1114112K
  class space    used 7633K, committed 8256K, reserved 1048576K
}

Dll operation events (15 events):
Event: 0.008 Loaded shared library c:\Users\admin\.cursor\extensions\redhat.java-1.42.0-win32-x64\jre\21.0.7-win32-x86_64\bin\java.dll
Event: 0.064 Loaded shared library c:\Users\admin\.cursor\extensions\redhat.java-1.42.0-win32-x64\jre\21.0.7-win32-x86_64\bin\zip.dll
Event: 0.075 Loaded shared library C:\Users\admin\.cursor\extensions\redhat.java-1.42.0-win32-x64\jre\21.0.7-win32-x86_64\bin\instrument.dll
Event: 0.081 Loaded shared library C:\Users\admin\.cursor\extensions\redhat.java-1.42.0-win32-x64\jre\21.0.7-win32-x86_64\bin\net.dll
Event: 0.086 Loaded shared library C:\Users\admin\.cursor\extensions\redhat.java-1.42.0-win32-x64\jre\21.0.7-win32-x86_64\bin\nio.dll
Event: 0.088 Loaded shared library C:\Users\admin\.cursor\extensions\redhat.java-1.42.0-win32-x64\jre\21.0.7-win32-x86_64\bin\zip.dll
Event: 0.099 Loaded shared library C:\Users\admin\.cursor\extensions\redhat.java-1.42.0-win32-x64\jre\21.0.7-win32-x86_64\bin\jimage.dll
Event: 0.141 Loaded shared library c:\Users\admin\.cursor\extensions\redhat.java-1.42.0-win32-x64\jre\21.0.7-win32-x86_64\bin\verify.dll
Event: 0.933 Loaded shared library C:\Users\admin\AppData\Roaming\Cursor\User\globalStorage\redhat.java\1.42.0\config_win\org.eclipse.equinox.launcher\org.eclipse.equinox.launcher.win32.win32.x86_64_1.2.1300.v20250331-1702\eclipse_11911.dll
Event: 2.187 Loaded shared library C:\Users\admin\.cursor\extensions\redhat.java-1.42.0-win32-x64\jre\21.0.7-win32-x86_64\bin\management.dll
Event: 2.189 Loaded shared library C:\Users\admin\.cursor\extensions\redhat.java-1.42.0-win32-x64\jre\21.0.7-win32-x86_64\bin\management_ext.dll
Event: 3.278 Loaded shared library C:\Users\admin\AppData\Local\Temp\jna-92668751\jna7699115398249907978.dll
Event: 5.008 Loaded shared library C:\Users\admin\.gradle\native\1def1411415f61bf3af743bc5b6707747c0891f09f0c88961ee8f79bc544acac\windows-amd64\native-platform.dll
Event: 6.801 Loaded shared library C:\Users\admin\.cursor\extensions\redhat.java-1.42.0-win32-x64\jre\21.0.7-win32-x86_64\bin\extnet.dll
Event: 9.241 Loaded shared library C:\Users\admin\.cursor\extensions\redhat.java-1.42.0-win32-x64\jre\21.0.7-win32-x86_64\bin\sunmscapi.dll

Deoptimization events (20 events):
Event: 9.238 Thread 0x000001f4f80af650 Uncommon trap: trap_request=0xffffff45 fr.pc=0x000001f4a3b3a2f8 relative=0x00000000000008b8
Event: 9.238 Thread 0x000001f4f80af650 Uncommon trap: reason=unstable_if action=reinterpret pc=0x000001f4a3b3a2f8 method=java.util.HashMap.computeIfAbsent(Ljava/lang/Object;Ljava/util/function/Function;)Ljava/lang/Object; @ 294 c2
Event: 9.238 Thread 0x000001f4f80af650 DEOPT PACKING pc=0x000001f4a3b3a2f8 sp=0x000000821c5fc590
Event: 9.238 Thread 0x000001f4f80af650 DEOPT UNPACKING pc=0x000001f4a3383aa2 sp=0x000000821c5fc538 mode 2
Event: 9.257 Thread 0x000001f4f80af650 Uncommon trap: trap_request=0xffffff45 fr.pc=0x000001f4a3e06a44 relative=0x0000000000000b84
Event: 9.257 Thread 0x000001f4f80af650 Uncommon trap: reason=unstable_if action=reinterpret pc=0x000001f4a3e06a44 method=sun.nio.fs.WindowsPath.openForReadAttributeAccess(Z)J @ 5 c2
Event: 9.257 Thread 0x000001f4f80af650 DEOPT PACKING pc=0x000001f4a3e06a44 sp=0x000000821c5fe110
Event: 9.257 Thread 0x000001f4f80af650 DEOPT UNPACKING pc=0x000001f4a3383aa2 sp=0x000000821c5fe0e8 mode 2
Event: 9.257 Thread 0x000001f4f80af650 Uncommon trap: trap_request=0xffffff45 fr.pc=0x000001f4a3e0b488 relative=0x0000000000000a68
Event: 9.257 Thread 0x000001f4f80af650 Uncommon trap: reason=unstable_if action=reinterpret pc=0x000001f4a3e0b488 method=sun.nio.fs.WindowsNativeDispatcher.asNativeBuffer(Ljava/lang/String;)Lsun/nio/fs/NativeBuffer; @ 52 c2
Event: 9.257 Thread 0x000001f4f80af650 DEOPT PACKING pc=0x000001f4a3e0b488 sp=0x000000821c5fe090
Event: 9.257 Thread 0x000001f4f80af650 DEOPT UNPACKING pc=0x000001f4a3383aa2 sp=0x000000821c5fdf38 mode 2
Event: 9.257 Thread 0x000001f4f80af650 Uncommon trap: trap_request=0xffffff45 fr.pc=0x000001f4a3e04a30 relative=0x0000000000000650
Event: 9.257 Thread 0x000001f4f80af650 Uncommon trap: reason=unstable_if action=reinterpret pc=0x000001f4a3e04a30 method=sun.nio.fs.WindowsFileAttributes.isReparsePoint(I)Z @ 5 c2
Event: 9.257 Thread 0x000001f4f80af650 DEOPT PACKING pc=0x000001f4a3e04a30 sp=0x000000821c5fe130
Event: 9.257 Thread 0x000001f4f80af650 DEOPT UNPACKING pc=0x000001f4a3383aa2 sp=0x000000821c5fe058 mode 2
Event: 9.257 Thread 0x000001f4f80af650 Uncommon trap: trap_request=0xffffff45 fr.pc=0x000001f4a3dda504 relative=0x00000000000001c4
Event: 9.257 Thread 0x000001f4f80af650 Uncommon trap: reason=unstable_if action=reinterpret pc=0x000001f4a3dda504 method=sun.nio.fs.NativeBuffers.getNativeBufferFromCache(I)Lsun/nio/fs/NativeBuffer; @ 34 c2
Event: 9.257 Thread 0x000001f4f80af650 DEOPT PACKING pc=0x000001f4a3dda504 sp=0x000000821c5fe040
Event: 9.257 Thread 0x000001f4f80af650 DEOPT UNPACKING pc=0x000001f4a3383aa2 sp=0x000000821c5fdfc8 mode 2

Classes loaded (20 events):
Event: 9.252 Loading class com/sun/security/sasl/Provider$1
Event: 9.252 Loading class com/sun/security/sasl/Provider$1 done
Event: 9.252 Loading class com/sun/security/sasl/Provider$ProviderService
Event: 9.252 Loading class com/sun/security/sasl/Provider$ProviderService done
Event: 9.252 Loading class sun/security/provider/certpath/ldap/JdkLDAP
Event: 9.252 Loading class sun/security/provider/certpath/ldap/JdkLDAP done
Event: 9.252 Loading class sun/security/provider/certpath/ldap/JdkLDAP$ProviderService
Event: 9.253 Loading class sun/security/provider/certpath/ldap/JdkLDAP$ProviderService done
Event: 9.254 Loading class sun/nio/ch/ServerSocketChannelImpl
Event: 9.254 Loading class sun/nio/ch/ServerSocketChannelImpl done
Event: 9.256 Loading class java/nio/BufferMismatch
Event: 9.256 Loading class java/nio/BufferMismatch done
Event: 9.256 Loading class sun/nio/ch/SourceChannelImpl
Event: 9.256 Loading class java/nio/channels/Pipe$SourceChannel
Event: 9.256 Loading class java/nio/channels/Pipe$SourceChannel done
Event: 9.256 Loading class sun/nio/ch/SourceChannelImpl done
Event: 9.256 Loading class sun/nio/ch/SinkChannelImpl
Event: 9.256 Loading class java/nio/channels/Pipe$SinkChannel
Event: 9.256 Loading class java/nio/channels/Pipe$SinkChannel done
Event: 9.256 Loading class sun/nio/ch/SinkChannelImpl done

Classes unloaded (9 events):
Event: 1.898 Thread 0x000001f4968ff5d0 Unloading class 0x000001f4ae1a3c00 'java/lang/invoke/LambdaForm$MH+0x000001f4ae1a3c00'
Event: 1.898 Thread 0x000001f4968ff5d0 Unloading class 0x000001f4ae1a3800 'java/lang/invoke/LambdaForm$MH+0x000001f4ae1a3800'
Event: 1.898 Thread 0x000001f4968ff5d0 Unloading class 0x000001f4ae1a3400 'java/lang/invoke/LambdaForm$MH+0x000001f4ae1a3400'
Event: 1.898 Thread 0x000001f4968ff5d0 Unloading class 0x000001f4ae1a3000 'java/lang/invoke/LambdaForm$MH+0x000001f4ae1a3000'
Event: 1.898 Thread 0x000001f4968ff5d0 Unloading class 0x000001f4ae1a2c00 'java/lang/invoke/LambdaForm$BMH+0x000001f4ae1a2c00'
Event: 1.898 Thread 0x000001f4968ff5d0 Unloading class 0x000001f4ae1a2800 'java/lang/invoke/LambdaForm$DMH+0x000001f4ae1a2800'
Event: 1.898 Thread 0x000001f4968ff5d0 Unloading class 0x000001f4ae1a1400 'java/lang/invoke/LambdaForm$DMH+0x000001f4ae1a1400'
Event: 3.557 Thread 0x000001f4968ff5d0 Unloading class 0x000001f4ae307800 'java/lang/invoke/LambdaForm$MH+0x000001f4ae307800'
Event: 3.557 Thread 0x000001f4968ff5d0 Unloading class 0x000001f4ae306c00 'java/lang/invoke/LambdaForm$MH+0x000001f4ae306c00'

Classes redefined (0 events):
No events

Internal exceptions (20 events):
Event: 6.850 Thread 0x000001f4f80af650 Exception <a 'java/lang/NoSuchMethodError'{0x00000000eaf4d410}: 'java.lang.Object java.lang.invoke.DirectMethodHandle$Holder.invokeStatic(java.lang.Object, java.lang.Object, java.lang.Object, java.lang.Object, java.lang.Object, java.lang.Object, java.lang.Object, java.lang.Object, java.lang.Object, java.lang.Object, java.lang.Object, java.lang.Object, java.lang.Object, java.lang.Object, java.lang.Object, java.lang.Object, java.lang.Object)'> (0x00000000eaf4d410) 
thrown [s\src\hotspot\share\interpreter\lin
Event: 6.850 Thread 0x000001f4f80af650 Exception <a 'java/lang/NoSuchMethodError'{0x00000000eaf79fa8}: 'java.lang.Object java.lang.invoke.DirectMethodHandle$Holder.invokeStatic(java.lang.Object, java.lang.Object, java.lang.Object, java.lang.Object, java.lang.Object, java.lang.Object, java.lang.Object, java.lang.Object, java.lang.Object, java.lang.Object, java.lang.Object, java.lang.Object, java.lang.Object, java.lang.Object, java.lang.Object, java.lang.Object, java.lang.Object, java.lang.Object)'> (0x00000000eaf79fa8) 
thrown [s\src\hotspot\sha
Event: 6.851 Thread 0x000001f4f80af650 Exception <a 'java/lang/NoSuchMethodError'{0x00000000eafa7ab0}: 'java.lang.Object java.lang.invoke.DirectMethodHandle$Holder.invokeStatic(java.lang.Object, java.lang.Object, java.lang.Object, java.lang.Object, java.lang.Object, java.lang.Object, java.lang.Object, java.lang.Object, java.lang.Object, java.lang.Object, java.lang.Object, java.lang.Object, java.lang.Object, java.lang.Object, java.lang.Object, java.lang.Object, java.lang.Object, java.lang.Object, java.lang.Object)'> (0x00000000eafa7ab0) 
thrown 
Event: 6.852 Thread 0x000001f4f80af650 Exception <a 'java/lang/NoSuchMethodError'{0x00000000eafd8188}: 'java.lang.Object java.lang.invoke.DirectMethodHandle$Holder.invokeStatic(java.lang.Object, java.lang.Object, java.lang.Object, java.lang.Object, java.lang.Object, java.lang.Object, java.lang.Object, java.lang.Object, java.lang.Object, java.lang.Object, java.lang.Object, java.lang.Object, java.lang.Object, java.lang.Object, java.lang.Object, java.lang.Object, java.lang.Object, java.lang.Object, java.lang.Object, java.lang.Object)'> (0x00000000
Event: 6.853 Thread 0x000001f4f80af650 Exception <a 'java/lang/NoSuchMethodError'{0x00000000eb008390}: 'java.lang.Object java.lang.invoke.DirectMethodHandle$Holder.invokeStatic(java.lang.Object, java.lang.Object, java.lang.Object, java.lang.Object, java.lang.Object, java.lang.Object, java.lang.Object, java.lang.Object, java.lang.Object, java.lang.Object, java.lang.Object, java.lang.Object, java.lang.Object, java.lang.Object, java.lang.Object, java.lang.Object, java.lang.Object, java.lang.Object, java.lang.Object, java.lang.Object, java.lang.Obj
Event: 6.854 Thread 0x000001f4f80af650 Exception <a 'java/lang/NoSuchMethodError'{0x00000000eb039208}: 'java.lang.Object java.lang.invoke.DirectMethodHandle$Holder.invokeStatic(java.lang.Object, java.lang.Object, java.lang.Object, java.lang.Object, java.lang.Object, java.lang.Object, java.lang.Object, java.lang.Object, java.lang.Object, java.lang.Object, java.lang.Object, java.lang.Object, java.lang.Object, java.lang.Object, java.lang.Object, java.lang.Object, java.lang.Object, java.lang.Object, java.lang.Object, java.lang.Object, java.lang.Obj
Event: 6.855 Thread 0x000001f4f80af650 Exception <a 'java/lang/NoSuchMethodError'{0x00000000eb06af70}: 'java.lang.Object java.lang.invoke.DirectMethodHandle$Holder.invokeStatic(java.lang.Object, java.lang.Object, java.lang.Object, java.lang.Object, java.lang.Object, java.lang.Object, java.lang.Object, java.lang.Object, java.lang.Object, java.lang.Object, java.lang.Object, java.lang.Object, java.lang.Object, java.lang.Object, java.lang.Object, java.lang.Object, java.lang.Object, java.lang.Object, java.lang.Object, java.lang.Object, java.lang.Obj
Event: 6.856 Thread 0x000001f4f80af650 Exception <a 'java/lang/NoSuchMethodError'{0x00000000eb09d738}: 'java.lang.Object java.lang.invoke.DirectMethodHandle$Holder.invokeStatic(java.lang.Object, java.lang.Object, java.lang.Object, java.lang.Object, java.lang.Object, java.lang.Object, java.lang.Object, java.lang.Object, java.lang.Object, java.lang.Object, java.lang.Object, java.lang.Object, java.lang.Object, java.lang.Object, java.lang.Object, java.lang.Object, java.lang.Object, java.lang.Object, java.lang.Object, java.lang.Object, java.lang.Obj
Event: 6.857 Thread 0x000001f4f80af650 Exception <a 'java/lang/NoSuchMethodError'{0x00000000eb0d1b90}: 'java.lang.Object java.lang.invoke.DirectMethodHandle$Holder.invokeStatic(java.lang.Object, java.lang.Object, java.lang.Object, java.lang.Object, java.lang.Object, java.lang.Object, java.lang.Object, java.lang.Object, java.lang.Object, java.lang.Object, java.lang.Object, java.lang.Object, java.lang.Object, java.lang.Object, java.lang.Object, java.lang.Object, java.lang.Object, java.lang.Object, java.lang.Object, java.lang.Object, java.lang.Obj
Event: 6.860 Thread 0x000001f4f80af650 Exception <a 'java/lang/NoSuchMethodError'{0x00000000eb0f7998}: 'java.lang.Object java.lang.invoke.DirectMethodHandle$Holder.invokeSpecial(java.lang.Object, java.lang.Object, java.lang.Object, java.lang.Object, java.lang.Object, java.lang.Object, java.lang.Object, java.lang.Object, java.lang.Object, java.lang.Object, java.lang.Object, java.lang.Object, java.lang.Object, java.lang.Object, java.lang.Object, java.lang.Object, java.lang.Object, java.lang.Object, java.lang.Object, java.lang.Object, java.lang.Ob
Event: 6.861 Thread 0x000001f4f80af650 Exception <a 'java/lang/NoSuchMethodError'{0x00000000eb10d180}: 'java.lang.Object java.lang.invoke.DirectMethodHandle$Holder.newInvokeSpecial(java.lang.Object, java.lang.Object, java.lang.Object, java.lang.Object, java.lang.Object, java.lang.Object, java.lang.Object, java.lang.Object, java.lang.Object, java.lang.Object, java.lang.Object, java.lang.Object, java.lang.Object, java.lang.Object, java.lang.Object, java.lang.Object, java.lang.Object, java.lang.Object, java.lang.Object, java.lang.Object, java.lang
Event: 6.861 Thread 0x000001f4f80af650 Exception <a 'java/lang/NoSuchMethodError'{0x00000000eb113378}: 'java.lang.Object java.lang.invoke.Invokers$Holder.linkToTargetMethod(java.lang.Object, java.lang.Object, java.lang.Object, java.lang.Object, java.lang.Object, java.lang.Object, java.lang.Object, java.lang.Object, java.lang.Object, java.lang.Object, java.lang.Object, java.lang.Object, java.lang.Object, java.lang.Object, java.lang.Object, java.lang.Object, java.lang.Object, java.lang.Object, java.lang.Object, java.lang.Object, java.lang.Object,
Event: 6.861 Thread 0x000001f4f80af650 Exception <a 'java/lang/NoSuchMethodError'{0x00000000eb118540}: 'java.lang.Object java.lang.invoke.DirectMethodHandle$Holder.invokeVirtual(java.lang.Object, java.lang.Object, java.lang.Object, java.lang.Object, java.lang.Object, java.lang.Object, java.lang.Object, java.lang.Object, java.lang.Object, java.lang.Object)'> (0x00000000eb118540) 
thrown [s\src\hotspot\share\interpreter\linkResolver.cpp, line 773]
Event: 6.873 Thread 0x000001f4f80af650 Exception <a 'java/lang/NoSuchMethodError'{0x00000000eb2b3040}: 'java.lang.Object java.lang.invoke.DirectMethodHandle$Holder.invokeVirtual(java.lang.Object, java.lang.Object, java.lang.Object, java.lang.Object, java.lang.Object, java.lang.Object, java.lang.Object, java.lang.Object, java.lang.Object)'> (0x00000000eb2b3040) 
thrown [s\src\hotspot\share\interpreter\linkResolver.cpp, line 773]
Event: 6.890 Thread 0x000001f4f80af650 Exception <a 'java/lang/NoSuchMethodError'{0x00000000eb4f0060}: 'java.lang.Object java.lang.invoke.DirectMethodHandle$Holder.invokeVirtual(java.lang.Object, java.lang.Object, java.lang.Object, java.lang.Object, java.lang.Object, java.lang.Object, java.lang.Object, java.lang.Object)'> (0x00000000eb4f0060) 
thrown [s\src\hotspot\share\interpreter\linkResolver.cpp, line 773]
Event: 6.895 Thread 0x000001f4f80af650 Exception <a 'java/lang/NoSuchMethodError'{0x00000000eb566ec0}: 'long java.lang.invoke.DirectMethodHandle$Holder.invokeVirtual(java.lang.Object, java.lang.Object)'> (0x00000000eb566ec0) 
thrown [s\src\hotspot\share\interpreter\linkResolver.cpp, line 773]
Event: 6.895 Thread 0x000001f4f80af650 Exception <a 'java/lang/NoSuchMethodError'{0x00000000eb56a518}: 'long java.lang.invoke.DelegatingMethodHandle$Holder.reinvoke_L(java.lang.Object, java.lang.Object)'> (0x00000000eb56a518) 
thrown [s\src\hotspot\share\interpreter\linkResolver.cpp, line 773]
Event: 6.955 Thread 0x000001f4f80b0a00 Exception <a 'java/lang/NoSuchMethodError'{0x00000000ebbd6c30}: 'void java.lang.invoke.DirectMethodHandle$Holder.invokeStatic(java.lang.Object, long)'> (0x00000000ebbd6c30) 
thrown [s\src\hotspot\share\interpreter\linkResolver.cpp, line 773]
Event: 7.154 Thread 0x000001f4f80b0a00 Exception <a 'java/lang/NoSuchMethodError'{0x00000000ebbfa870}: 'void java.lang.invoke.DirectMethodHandle$Holder.invokeSpecial(java.lang.Object, java.lang.Object, int)'> (0x00000000ebbfa870) 
thrown [s\src\hotspot\share\interpreter\linkResolver.cpp, line 773]
Event: 7.155 Thread 0x000001f4f80b0a00 Exception <a 'java/lang/NoSuchMethodError'{0x00000000ebbffc98}: 'java.lang.Object java.lang.invoke.DirectMethodHandle$Holder.newInvokeSpecial(java.lang.Object, java.lang.Object, int)'> (0x00000000ebbffc98) 
thrown [s\src\hotspot\share\interpreter\linkResolver.cpp, line 773]

ZGC Phase Switch (0 events):
No events

VM Operations (20 events):
Event: 6.568 Executing VM operation: ParallelGCFailedAllocation (Allocation Failure)
Event: 6.569 Executing VM operation: ParallelGCFailedAllocation (Allocation Failure) done
Event: 6.637 Executing VM operation: ParallelGCFailedAllocation (Allocation Failure)
Event: 6.638 Executing VM operation: ParallelGCFailedAllocation (Allocation Failure) done
Event: 6.715 Executing VM operation: ParallelGCFailedAllocation (Allocation Failure)
Event: 6.716 Executing VM operation: ParallelGCFailedAllocation (Allocation Failure) done
Event: 6.817 Executing VM operation: ParallelGCFailedAllocation (Allocation Failure)
Event: 6.818 Executing VM operation: ParallelGCFailedAllocation (Allocation Failure) done
Event: 6.880 Executing VM operation: HandshakeAllThreads (Deoptimize)
Event: 6.880 Executing VM operation: HandshakeAllThreads (Deoptimize) done
Event: 7.168 Executing VM operation: ParallelGCFailedAllocation (Allocation Failure)
Event: 7.169 Executing VM operation: ParallelGCFailedAllocation (Allocation Failure) done
Event: 7.171 Executing VM operation: HandshakeAllThreads (Deoptimize)
Event: 7.171 Executing VM operation: HandshakeAllThreads (Deoptimize) done
Event: 8.170 Executing VM operation: Cleanup
Event: 8.170 Executing VM operation: Cleanup done
Event: 9.244 Executing VM operation: HandshakeAllThreads (Deoptimize)
Event: 9.244 Executing VM operation: HandshakeAllThreads (Deoptimize) done
Event: 9.244 Executing VM operation: Cleanup
Event: 9.244 Executing VM operation: Cleanup done

Memory protections (0 events):
No events

Nmethod flushes (20 events):
Event: 6.120 Thread 0x000001f4968ff5d0 flushing  nmethod 0x000001f49c85be10
Event: 6.120 Thread 0x000001f4968ff5d0 flushing  nmethod 0x000001f49c85d710
Event: 6.120 Thread 0x000001f4968ff5d0 flushing  nmethod 0x000001f49c867990
Event: 6.120 Thread 0x000001f4968ff5d0 flushing  nmethod 0x000001f49c87d690
Event: 6.120 Thread 0x000001f4968ff5d0 flushing  nmethod 0x000001f49c88c790
Event: 6.120 Thread 0x000001f4968ff5d0 flushing  nmethod 0x000001f49c8a8590
Event: 6.120 Thread 0x000001f4968ff5d0 flushing  nmethod 0x000001f49c8ab910
Event: 6.120 Thread 0x000001f4968ff5d0 flushing  nmethod 0x000001f49c8c9990
Event: 6.120 Thread 0x000001f4968ff5d0 flushing  nmethod 0x000001f49c8ca390
Event: 6.120 Thread 0x000001f4968ff5d0 flushing  nmethod 0x000001f49c8ca810
Event: 6.120 Thread 0x000001f4968ff5d0 flushing  nmethod 0x000001f49c8cac10
Event: 6.120 Thread 0x000001f4968ff5d0 flushing  nmethod 0x000001f49c8cc510
Event: 6.120 Thread 0x000001f4968ff5d0 flushing  nmethod 0x000001f49c8ce010
Event: 6.120 Thread 0x000001f4968ff5d0 flushing  nmethod 0x000001f49c8cef10
Event: 6.120 Thread 0x000001f4968ff5d0 flushing  nmethod 0x000001f49c8d1690
Event: 6.120 Thread 0x000001f4968ff5d0 flushing  nmethod 0x000001f49c8db490
Event: 6.120 Thread 0x000001f4968ff5d0 flushing  nmethod 0x000001f49c8fc610
Event: 6.120 Thread 0x000001f4968ff5d0 flushing  nmethod 0x000001f49c900b10
Event: 6.120 Thread 0x000001f4968ff5d0 flushing  nmethod 0x000001f49c91b190
Event: 6.120 Thread 0x000001f4968ff5d0 flushing  nmethod 0x000001f49c93fd10

Events (20 events):
Event: 6.627 Thread 0x000001f4ef75c3b0 Thread added: 0x000001f4f6c53af0
Event: 6.817 Thread 0x000001f4f61dea90 Thread exited: 0x000001f4f61dea90
Event: 6.901 Thread 0x000001f4f80af650 Thread added: 0x000001f4f80b1090
Event: 6.950 Thread 0x000001f4f80af650 Thread added: 0x000001f4f80b0a00
Event: 6.958 Thread 0x000001f4f80b0a00 Thread added: 0x000001f4f61dea90
Event: 6.958 Thread 0x000001f4f80b0a00 Thread added: 0x000001f4fa3fbce0
Event: 7.119 Thread 0x000001f4f6c53af0 Thread exited: 0x000001f4f6c53af0
Event: 7.119 Thread 0x000001f4f6c51fb0 Thread exited: 0x000001f4f6c51fb0
Event: 7.119 Thread 0x000001f4f6c541c0 Thread exited: 0x000001f4f6c541c0
Event: 7.155 Thread 0x000001f4ef75a870 Thread exited: 0x000001f4ef75a870
Event: 7.155 Thread 0x000001f4ef75d820 Thread exited: 0x000001f4ef75d820
Event: 7.200 Thread 0x000001f4f80af650 Thread added: 0x000001f4fa3fd720
Event: 7.204 Thread 0x000001f4fa3fd720 Thread added: 0x000001f4fa3fb650
Event: 7.204 Thread 0x000001f4fa3fd720 Thread added: 0x000001f4fa3fd090
Event: 7.204 Thread 0x000001f4fa3fb650 Thread exited: 0x000001f4fa3fb650
Event: 9.220 Thread 0x000001f4ef75c3b0 Thread exited: 0x000001f4ef75c3b0
Event: 9.220 Thread 0x000001f4ef705350 Thread exited: 0x000001f4ef705350
Event: 9.220 Thread 0x000001f4ef7022a0 Thread exited: 0x000001f4ef7022a0
Event: 9.221 Thread 0x000001f4fa3fd720 Thread exited: 0x000001f4fa3fd720
Event: 9.221 Thread 0x000001f4fa3fd090 Thread exited: 0x000001f4fa3fd090


Dynamic libraries:
0x00007ff7af130000 - 0x00007ff7af13e000 	c:\Users\admin\.cursor\extensions\redhat.java-1.42.0-win32-x64\jre\21.0.7-win32-x86_64\bin\java.exe
0x00007ff8f0da0000 - 0x00007ff8f1006000 	C:\WINDOWS\SYSTEM32\ntdll.dll
0x00007ff8eeec0000 - 0x00007ff8eef89000 	C:\WINDOWS\System32\KERNEL32.DLL
0x00007ff8ee410000 - 0x00007ff8ee7dc000 	C:\WINDOWS\System32\KERNELBASE.dll
0x00007ff8edfd0000 - 0x00007ff8ee11b000 	C:\WINDOWS\System32\ucrtbase.dll
0x00007ff8c73b0000 - 0x00007ff8c73ce000 	c:\Users\admin\.cursor\extensions\redhat.java-1.42.0-win32-x64\jre\21.0.7-win32-x86_64\bin\VCRUNTIME140.dll
0x00007ff8c5f20000 - 0x00007ff8c5f38000 	c:\Users\admin\.cursor\extensions\redhat.java-1.42.0-win32-x64\jre\21.0.7-win32-x86_64\bin\jli.dll
0x00007ff8f0aa0000 - 0x00007ff8f0c6a000 	C:\WINDOWS\System32\USER32.dll
0x00007ff8ee120000 - 0x00007ff8ee147000 	C:\WINDOWS\System32\win32u.dll
0x00007ff8db710000 - 0x00007ff8db9aa000 	C:\WINDOWS\WinSxS\amd64_microsoft.windows.common-controls_6595b64144ccf1df_6.0.26100.3912_none_3e07963ce335137e\COMCTL32.dll
0x00007ff8f0440000 - 0x00007ff8f046b000 	C:\WINDOWS\System32\GDI32.dll
0x00007ff8eeb60000 - 0x00007ff8eec09000 	C:\WINDOWS\System32\msvcrt.dll
0x00007ff8ee2d0000 - 0x00007ff8ee402000 	C:\WINDOWS\System32\gdi32full.dll
0x00007ff8eea20000 - 0x00007ff8eeac3000 	C:\WINDOWS\System32\msvcp_win.dll
0x00007ff8f0c70000 - 0x00007ff8f0ca0000 	C:\WINDOWS\System32\IMM32.DLL
0x00007ff8e09f0000 - 0x00007ff8e09fc000 	c:\Users\admin\.cursor\extensions\redhat.java-1.42.0-win32-x64\jre\21.0.7-win32-x86_64\bin\vcruntime140_1.dll
0x00007ff8ab790000 - 0x00007ff8ab81d000 	c:\Users\admin\.cursor\extensions\redhat.java-1.42.0-win32-x64\jre\21.0.7-win32-x86_64\bin\msvcp140.dll
0x00007ff84e950000 - 0x00007ff84f6e0000 	c:\Users\admin\.cursor\extensions\redhat.java-1.42.0-win32-x64\jre\21.0.7-win32-x86_64\bin\server\jvm.dll
0x00007ff8f0140000 - 0x00007ff8f01f2000 	C:\WINDOWS\System32\ADVAPI32.dll
0x00007ff8f0cb0000 - 0x00007ff8f0d56000 	C:\WINDOWS\System32\sechost.dll
0x00007ff8efb60000 - 0x00007ff8efc76000 	C:\WINDOWS\System32\RPCRT4.dll
0x00007ff8ef340000 - 0x00007ff8ef3b4000 	C:\WINDOWS\System32\WS2_32.dll
0x00007ff8edda0000 - 0x00007ff8eddfe000 	C:\WINDOWS\SYSTEM32\POWRPROF.dll
0x00007ff8ea6e0000 - 0x00007ff8ea6eb000 	C:\WINDOWS\SYSTEM32\VERSION.dll
0x00007ff8e4950000 - 0x00007ff8e4986000 	C:\WINDOWS\SYSTEM32\WINMM.dll
0x00007ff8edd80000 - 0x00007ff8edd94000 	C:\WINDOWS\SYSTEM32\UMPDC.dll
0x00007ff8eccf0000 - 0x00007ff8ecd0a000 	C:\WINDOWS\SYSTEM32\kernel.appcore.dll
0x00007ff8e04c0000 - 0x00007ff8e04ca000 	c:\Users\admin\.cursor\extensions\redhat.java-1.42.0-win32-x64\jre\21.0.7-win32-x86_64\bin\jimage.dll
0x00007ff89bae0000 - 0x00007ff89bd21000 	C:\WINDOWS\SYSTEM32\DBGHELP.DLL
0x00007ff8eef90000 - 0x00007ff8ef314000 	C:\WINDOWS\System32\combase.dll
0x00007ff8f0050000 - 0x00007ff8f0130000 	C:\WINDOWS\System32\OLEAUT32.dll
0x00007ff8d7240000 - 0x00007ff8d7279000 	C:\WINDOWS\SYSTEM32\dbgcore.DLL
0x00007ff8edf30000 - 0x00007ff8edfc9000 	C:\WINDOWS\System32\bcryptPrimitives.dll
0x00007ff8cded0000 - 0x00007ff8cdedf000 	c:\Users\admin\.cursor\extensions\redhat.java-1.42.0-win32-x64\jre\21.0.7-win32-x86_64\bin\instrument.dll
0x00007ff8c2d80000 - 0x00007ff8c2d9f000 	c:\Users\admin\.cursor\extensions\redhat.java-1.42.0-win32-x64\jre\21.0.7-win32-x86_64\bin\java.dll
0x00007ff8ef430000 - 0x00007ff8efb5d000 	C:\WINDOWS\System32\SHELL32.dll
0x00007ff8ee150000 - 0x00007ff8ee2c4000 	C:\WINDOWS\System32\wintypes.dll
0x00007ff8ebbe0000 - 0x00007ff8ec436000 	C:\WINDOWS\SYSTEM32\windows.storage.dll
0x00007ff8eedc0000 - 0x00007ff8eeeaf000 	C:\WINDOWS\System32\SHCORE.dll
0x00007ff8ef3c0000 - 0x00007ff8ef429000 	C:\WINDOWS\System32\shlwapi.dll
0x00007ff8ede10000 - 0x00007ff8ede3f000 	C:\WINDOWS\SYSTEM32\profapi.dll
0x00007ff8c2d60000 - 0x00007ff8c2d78000 	c:\Users\admin\.cursor\extensions\redhat.java-1.42.0-win32-x64\jre\21.0.7-win32-x86_64\bin\zip.dll
0x00007ff8d2020000 - 0x00007ff8d2030000 	C:\Users\admin\.cursor\extensions\redhat.java-1.42.0-win32-x64\jre\21.0.7-win32-x86_64\bin\net.dll
0x00007ff8e8a60000 - 0x00007ff8e8b7e000 	C:\WINDOWS\SYSTEM32\WINHTTP.dll
0x0000000180000000 - 0x000000018008c000 	C:\WINDOWS\system32\ASProxy64.dll
0x00007ff8efc80000 - 0x00007ff8efe1f000 	C:\WINDOWS\System32\ole32.dll
0x00007ff8ed260000 - 0x00007ff8ed2ca000 	C:\WINDOWS\SYSTEM32\MSWSOCK.dll
0x00007ff8ec730000 - 0x00007ff8ec763000 	C:\WINDOWS\SYSTEM32\IPHLPAPI.DLL
0x00007ff8ecf90000 - 0x00007ff8ecfd8000 	C:\WINDOWS\SYSTEM32\SspiCli.dll
0x00007ff8c17f0000 - 0x00007ff8c1806000 	C:\Users\admin\.cursor\extensions\redhat.java-1.42.0-win32-x64\jre\21.0.7-win32-x86_64\bin\nio.dll
0x00007ff8cd970000 - 0x00007ff8cd980000 	c:\Users\admin\.cursor\extensions\redhat.java-1.42.0-win32-x64\jre\21.0.7-win32-x86_64\bin\verify.dll
0x00007ff8eb200000 - 0x00007ff8eb2af000 	C:\WINDOWS\system32\uxtheme.dll
0x00007ff8ce3c0000 - 0x00007ff8ce405000 	C:\Users\admin\AppData\Roaming\Cursor\User\globalStorage\redhat.java\1.42.0\config_win\org.eclipse.equinox.launcher\org.eclipse.equinox.launcher.win32.win32.x86_64_1.2.1300.v20250331-1702\eclipse_11911.dll
0x00007ff8ed510000 - 0x00007ff8ed52c000 	C:\WINDOWS\SYSTEM32\CRYPTSP.dll
0x00007ff8ecc50000 - 0x00007ff8ecc8a000 	C:\WINDOWS\system32\rsaenh.dll
0x00007ff8ed300000 - 0x00007ff8ed32b000 	C:\WINDOWS\SYSTEM32\USERENV.dll
0x00007ff8ede50000 - 0x00007ff8ede76000 	C:\WINDOWS\SYSTEM32\bcrypt.dll
0x00007ff8ed500000 - 0x00007ff8ed50c000 	C:\WINDOWS\SYSTEM32\CRYPTBASE.dll
0x00007ff8eedb0000 - 0x00007ff8eedba000 	C:\WINDOWS\System32\NSI.dll
0x00007ff8e03d0000 - 0x00007ff8e03da000 	C:\Users\admin\.cursor\extensions\redhat.java-1.42.0-win32-x64\jre\21.0.7-win32-x86_64\bin\management.dll
0x00007ff8d9400000 - 0x00007ff8d940b000 	C:\Users\admin\.cursor\extensions\redhat.java-1.42.0-win32-x64\jre\21.0.7-win32-x86_64\bin\management_ext.dll
0x00007ff8f0040000 - 0x00007ff8f0048000 	C:\WINDOWS\System32\PSAPI.DLL
0x00007ff8ce370000 - 0x00007ff8ce3b9000 	C:\Users\admin\AppData\Local\Temp\jna-92668751\jna7699115398249907978.dll
0x00007ff8e86b0000 - 0x00007ff8e86cf000 	C:\WINDOWS\SYSTEM32\dhcpcsvc6.DLL
0x00007ff8e7810000 - 0x00007ff8e7835000 	C:\WINDOWS\SYSTEM32\dhcpcsvc.DLL
0x00007ff8ce340000 - 0x00007ff8ce367000 	C:\Users\admin\.gradle\native\1def1411415f61bf3af743bc5b6707747c0891f09f0c88961ee8f79bc544acac\windows-amd64\native-platform.dll
0x00007ff8d6d30000 - 0x00007ff8d6d39000 	C:\Users\admin\.cursor\extensions\redhat.java-1.42.0-win32-x64\jre\21.0.7-win32-x86_64\bin\extnet.dll
0x00007ff8d3a60000 - 0x00007ff8d3a6e000 	C:\Users\admin\.cursor\extensions\redhat.java-1.42.0-win32-x64\jre\21.0.7-win32-x86_64\bin\sunmscapi.dll
0x00007ff8ee7e0000 - 0x00007ff8ee957000 	C:\WINDOWS\System32\CRYPT32.dll
0x00007ff8ed710000 - 0x00007ff8ed740000 	C:\WINDOWS\SYSTEM32\ncrypt.dll
0x00007ff8ed6c0000 - 0x00007ff8ed6ff000 	C:\WINDOWS\SYSTEM32\NTASN1.dll
0x00007ff8d3250000 - 0x00007ff8d3258000 	C:\WINDOWS\system32\wshunix.dll

dbghelp: loaded successfully - version: 4.0.5 - missing functions: none
symbol engine: initialized successfully - sym options: 0x614 - pdb path: .;c:\Users\admin\.cursor\extensions\redhat.java-1.42.0-win32-x64\jre\21.0.7-win32-x86_64\bin;C:\WINDOWS\SYSTEM32;C:\WINDOWS\WinSxS\amd64_microsoft.windows.common-controls_6595b64144ccf1df_6.0.26100.3912_none_3e07963ce335137e;c:\Users\admin\.cursor\extensions\redhat.java-1.42.0-win32-x64\jre\21.0.7-win32-x86_64\bin\server;C:\Users\admin\AppData\Roaming\Cursor\User\globalStorage\redhat.java\1.42.0\config_win\org.eclipse.equinox.launcher\org.eclipse.equinox.launcher.win32.win32.x86_64_1.2.1300.v20250331-1702;C:\Users\admin\AppData\Local\Temp\jna-92668751;C:\Users\admin\.gradle\native\1def1411415f61bf3af743bc5b6707747c0891f09f0c88961ee8f79bc544acac\windows-amd64

VM Arguments:
jvm_args: --add-modules=ALL-SYSTEM --add-opens=java.base/java.util=ALL-UNNAMED --add-opens=java.base/java.lang=ALL-UNNAMED --add-opens=java.base/sun.nio.fs=ALL-UNNAMED -Declipse.application=org.eclipse.jdt.ls.core.id1 -Dosgi.bundles.defaultStartLevel=4 -Declipse.product=org.eclipse.jdt.ls.core.product -Djava.import.generatesMetadataFilesAtProjectRoot=false -DDetectVMInstallationsJob.disabled=true -Dfile.encoding=utf8 -XX:+UseParallelGC -XX:GCTimeRatio=4 -XX:AdaptiveSizePolicyWeight=90 -Dsun.zip.disableMemoryMapping=true -Xmx1G -Xms100m -Xlog:disable -javaagent:c:\Users\admin\.cursor\extensions\redhat.java-1.42.0-win32-x64\lombok\lombok-1.18.36.jar -XX:+HeapDumpOnOutOfMemoryError -XX:HeapDumpPath=c:\Users\admin\AppData\Roaming\Cursor\User\workspaceStorage\0426a641ec518546e312a5bf184515bb\redhat.java -Daether.dependencyCollector.impl=bf 
java_command: c:\Users\admin\.cursor\extensions\redhat.java-1.42.0-win32-x64\server\plugins\org.eclipse.equinox.launcher_1.7.0.v20250424-1814.jar -configuration c:\Users\admin\AppData\Roaming\Cursor\User\globalStorage\redhat.java\1.42.0\config_win -data c:\Users\admin\AppData\Roaming\Cursor\User\workspaceStorage\0426a641ec518546e312a5bf184515bb\redhat.java\jdt_ws --pipe=\\.\pipe\lsp-59aed35ab0ad6d6eb51cb368cdaaf291-sock
java_class_path (initial): c:\Users\admin\.cursor\extensions\redhat.java-1.42.0-win32-x64\server\plugins\org.eclipse.equinox.launcher_1.7.0.v20250424-1814.jar
Launcher Type: SUN_STANDARD

[Global flags]
    uintx AdaptiveSizePolicyWeight                 = 90                                        {product} {command line}
     intx CICompilerCount                          = 12                                        {product} {ergonomic}
    uintx GCTimeRatio                              = 4                                         {product} {command line}
     bool HeapDumpOnOutOfMemoryError               = true                                   {manageable} {command line}
    ccstr HeapDumpPath                             = c:\Users\admin\AppData\Roaming\Cursor\User\workspaceStorage\0426a641ec518546e312a5bf184515bb\redhat.java         {manageable} {command line}
   size_t InitialHeapSize                          = 104857600                                 {product} {command line}
   size_t MaxHeapSize                              = 1073741824                                {product} {command line}
   size_t MaxNewSize                               = 357564416                                 {product} {ergonomic}
   size_t MinHeapDeltaBytes                        = 524288                                    {product} {ergonomic}
   size_t MinHeapSize                              = 104857600                                 {product} {command line}
   size_t NewSize                                  = 34603008                                  {product} {ergonomic}
    uintx NonNMethodCodeHeapSize                   = 7602480                                {pd product} {ergonomic}
    uintx NonProfiledCodeHeapSize                  = 122027880                              {pd product} {ergonomic}
   size_t OldSize                                  = 70254592                                  {product} {ergonomic}
    uintx ProfiledCodeHeapSize                     = 122027880                              {pd product} {ergonomic}
    uintx ReservedCodeCacheSize                    = 251658240                              {pd product} {ergonomic}
     bool SegmentedCodeCache                       = true                                      {product} {ergonomic}
   size_t SoftMaxHeapSize                          = 1073741824                             {manageable} {ergonomic}
     bool UseCompressedOops                        = true                           {product lp64_product} {ergonomic}
     bool UseLargePagesIndividualAllocation        = false                                  {pd product} {ergonomic}
     bool UseParallelGC                            = true                                      {product} {command line}

Logging:
Log output configuration:
 #0: stdout all=off uptime,level,tags foldmultilines=false
 #1: stderr all=off uptime,level,tags foldmultilines=false

Environment Variables:
JAVA_HOME=C:\Program Files\OpenLogic\jdk-17.0.15.6-hotspot
PATH=C:\Program Files\Common Files\Oracle\Java\javapath;C:\Program Files\OpenLogic\jdk-17.0.15.6-hotspot\bin;C:\WINDOWS\system32;C:\WINDOWS;C:\WINDOWS\System32\Wbem;C:\WINDOWS\System32\WindowsPowerShell\v1.0\;C:\WINDOWS\System32\OpenSSH\;C:\Program Files\dotnet\;C:\Program Files\Microsoft SQL Server\130\Tools\Binn\;C:\Program Files\Git\cmd;C:\Users\admin\AppData\Roaming\nvm;C:\Program Files\nodejs;C:\Program Files\Microsoft SQL Server\150\Tools\Binn\;C:\Users\admin\AppData\Local\Microsoft\WindowsApps;C:\Users\admin\AppData\Roaming\npm;C:\Users\admin\AppData\Local\Programs\Microsoft VS Code\bin;C:\Users\admin\AppData\Roaming\nvm;C:\Program Files\nodejs;C:\Users\admin\AppData\Local\Android\Sdk\platform-tools;C:\Users\admin\AppData\Local\Programs\cursor\resources\app\bin;C:\;C:\Users\admin\.dotnet\tools
USERNAME=admin
OS=Windows_NT
PROCESSOR_IDENTIFIER=Intel64 Family 6 Model 165 Stepping 5, GenuineIntel
TMP=C:\Users\admin\AppData\Local\Temp
TEMP=C:\Users\admin\AppData\Local\Temp




Periodic native trim disabled

---------------  S Y S T E M  ---------------

OS:
 Windows 11 , 64 bit Build 26100 (10.0.26100.3912)
OS uptime: 2 days 9:24 hours

CPU: total 16 (initial active 16) (8 cores per cpu, 2 threads per core) family 6 model 165 stepping 5 microcode 0xec, cx8, cmov, fxsr, ht, mmx, 3dnowpref, sse, sse2, sse3, ssse3, sse4.1, sse4.2, popcnt, lzcnt, tsc, tscinvbit, avx, avx2, aes, erms, clmul, bmi1, bmi2, adx, fma, vzeroupper, clflush, clflushopt, rdtscp, f16c, pku
Processor Information for processor 0
  Max Mhz: 2901, Current Mhz: 2901, Mhz Limit: 2901
Processor Information for processor 1
  Max Mhz: 2901, Current Mhz: 2901, Mhz Limit: 2901
Processor Information for processor 2
  Max Mhz: 2901, Current Mhz: 2901, Mhz Limit: 2901
Processor Information for processor 3
  Max Mhz: 2901, Current Mhz: 800, Mhz Limit: 2901
Processor Information for processor 4
  Max Mhz: 2901, Current Mhz: 2901, Mhz Limit: 2901
Processor Information for processor 5
  Max Mhz: 2901, Current Mhz: 800, Mhz Limit: 2901
Processor Information for processor 6
  Max Mhz: 2901, Current Mhz: 800, Mhz Limit: 2901
Processor Information for processor 7
  Max Mhz: 2901, Current Mhz: 2901, Mhz Limit: 2901
Processor Information for processor 8
  Max Mhz: 2901, Current Mhz: 800, Mhz Limit: 2901
Processor Information for processor 9
  Max Mhz: 2901, Current Mhz: 2100, Mhz Limit: 2901
Processor Information for processor 10
  Max Mhz: 2901, Current Mhz: 2901, Mhz Limit: 2901
Processor Information for processor 11
  Max Mhz: 2901, Current Mhz: 800, Mhz Limit: 2901
Processor Information for processor 12
  Max Mhz: 2901, Current Mhz: 2100, Mhz Limit: 2901
Processor Information for processor 13
  Max Mhz: 2901, Current Mhz: 800, Mhz Limit: 2901
Processor Information for processor 14
  Max Mhz: 2901, Current Mhz: 2100, Mhz Limit: 2901
Processor Information for processor 15
  Max Mhz: 2901, Current Mhz: 2901, Mhz Limit: 2901

Memory: 4k page, system-wide physical 16096M (3268M free)
TotalPageFile size 34528M (AvailPageFile size 7520M)
current process WorkingSet (physical memory assigned to process): 291M, peak: 299M
current process commit charge ("private bytes"): 377M, peak: 389M

vm_info: OpenJDK 64-Bit Server VM (21.0.7+6-LTS) for windows-amd64 JRE (21.0.7+6-LTS), built on 2025-04-15T00:00:00Z by "admin" with MS VC++ 17.7 (VS2022)

END.
