#
# A fatal error has been detected by the Java Runtime Environment:
#
#  EXCEPTION_ACCESS_VIOLATION (0xc0000005) at pc=0x000000018000c274, pid=1968, tid=35080
#
# JRE version: OpenJDK Runtime Environment Temurin-21.0.7+6 (21.0.7+6) (build 21.0.7+6-LTS)
# Java VM: OpenJDK 64-Bit Server VM Temurin-21.0.7+6 (21.0.7+6-LTS, mixed mode, sharing, tiered, compressed oops, compressed class ptrs, parallel gc, windows-amd64)
# Problematic frame:
# C  [ASProxy64.dll+0xc274]
#
# No core dump will be written. Minidumps are not enabled by default on client versions of Windows
#
# If you would like to submit a bug report, please visit:
#   https://github.com/adoptium/adoptium-support/issues
# The crash happened outside the Java Virtual Machine in native code.
# See problematic frame for where to report the bug.
#

---------------  S U M M A R Y ------------

Command Line: --add-modules=ALL-SYSTEM --add-opens=java.base/java.util=ALL-UNNAMED --add-opens=java.base/java.lang=ALL-UNNAMED --add-opens=java.base/sun.nio.fs=ALL-UNNAMED -Declipse.application=org.eclipse.jdt.ls.core.id1 -Dosgi.bundles.defaultStartLevel=4 -Declipse.product=org.eclipse.jdt.ls.core.product -Djava.import.generatesMetadataFilesAtProjectRoot=false -DDetectVMInstallationsJob.disabled=true -Dfile.encoding=utf8 -XX:+UseParallelGC -XX:GCTimeRatio=4 -XX:AdaptiveSizePolicyWeight=90 -Dsun.zip.disableMemoryMapping=true -Xmx1G -Xms100m -Xlog:disable -javaagent:c:\Users\admin\.cursor\extensions\redhat.java-1.42.0-win32-x64\lombok\lombok-1.18.36.jar -XX:+HeapDumpOnOutOfMemoryError -XX:HeapDumpPath=c:\Users\admin\AppData\Roaming\Cursor\User\workspaceStorage\0426a641ec518546e312a5bf184515bb\redhat.java -Daether.dependencyCollector.impl=bf c:\Users\admin\.cursor\extensions\redhat.java-1.42.0-win32-x64\server\plugins\org.eclipse.equinox.launcher_1.7.0.v20250424-1814.jar -configuration c:\Users\admin\AppData\Roaming\Cursor\User\globalStorage\redhat.java\1.42.0\config_win -data c:\Users\admin\AppData\Roaming\Cursor\User\workspaceStorage\0426a641ec518546e312a5bf184515bb\redhat.java\jdt_ws --pipe=\\.\pipe\lsp-93b89b26f7195ee9fb190a8feaffc2b6-sock

Host: Intel(R) Core(TM) i7-10700 CPU @ 2.90GHz, 16 cores, 15G,  Windows 11 , 64 bit Build 26100 (10.0.26100.3912)
Time: Fri May 16 21:37:00 2025 Eastern Daylight Time elapsed time: 10.205090 seconds (0d 0h 0m 10s)

---------------  T H R E A D  ---------------

Current thread (0x0000020bfed7f1c0):  JavaThread "Connection worker"        [_thread_in_native, id=35080, stack(0x0000003a63100000,0x0000003a63200000) (1024K)]

Stack: [0x0000003a63100000,0x0000003a63200000],  sp=0x0000003a631fdf50,  free space=1015k
Native frames: (J=compiled Java code, j=interpreted, Vv=VM code, C=native code)
C  [ASProxy64.dll+0xc274]

Java frames: (J=compiled Java code, j=interpreted, Vv=VM code)
j  sun.nio.ch.WEPoll.ctl(JIJI)I+0 java.base@21.0.7
j  sun.nio.ch.WEPollSelectorImpl.<init>(Ljava/nio/channels/spi/SelectorProvider;)V+139 java.base@21.0.7
j  sun.nio.ch.WEPollSelectorProvider.openSelector()Ljava/nio/channels/spi/AbstractSelector;+5 java.base@21.0.7
j  java.nio.channels.Selector.open()Ljava/nio/channels/Selector;+3 java.base@21.0.7
j  org.gradle.internal.remote.internal.inet.SocketConnection$SocketInputStream.<init>(Ljava/nio/channels/SocketChannel;)V+17
j  org.gradle.internal.remote.internal.inet.SocketConnection.<init>(Ljava/nio/channels/SocketChannel;Lorg/gradle/internal/remote/internal/MessageSerializer;Lorg/gradle/internal/serialize/StatefulSerializer;)V+27
j  org.gradle.internal.remote.internal.inet.SocketConnectCompletion.create(Lorg/gradle/internal/serialize/StatefulSerializer;)Lorg/gradle/internal/remote/internal/RemoteConnection;+16
j  org.gradle.launcher.daemon.client.DefaultDaemonConnector.connectToDaemon(Lorg/gradle/launcher/daemon/context/DaemonConnectDetails;Lorg/gradle/launcher/daemon/client/DaemonClientConnection$StaleAddressDetector;)Lorg/gradle/launcher/daemon/client/DaemonClientConnection;+45
j  org.gradle.launcher.daemon.client.DefaultDaemonConnector.connectToDaemonWithId(Lorg/gradle/launcher/daemon/diagnostics/DaemonStartupInfo;Lorg/gradle/api/internal/specs/ExplainingSpec;)Lorg/gradle/launcher/daemon/client/DaemonClientConnection;+116
j  org.gradle.launcher.daemon.client.DefaultDaemonConnector.doStartDaemon(Lorg/gradle/api/internal/specs/ExplainingSpec;Z)Lorg/gradle/launcher/daemon/client/DaemonClientConnection;+61
j  org.gradle.launcher.daemon.client.DefaultDaemonConnector.startDaemon(Lorg/gradle/api/internal/specs/ExplainingSpec;)Lorg/gradle/launcher/daemon/client/DaemonClientConnection;+3
j  org.gradle.launcher.daemon.client.DaemonClient.execute(Lorg/gradle/internal/invocation/BuildAction;Lorg/gradle/launcher/exec/BuildActionParameters;Lorg/gradle/internal/daemon/client/execution/ClientBuildRequestContext;)Lorg/gradle/launcher/exec/BuildActionResult;+201
j  org.gradle.launcher.daemon.client.DaemonClient.execute(Lorg/gradle/internal/invocation/BuildAction;Ljava/lang/Object;Ljava/lang/Object;)Lorg/gradle/launcher/exec/BuildActionResult;+10
j  org.gradle.tooling.internal.provider.DaemonBuildActionExecuter.execute(Lorg/gradle/internal/invocation/BuildAction;Lorg/gradle/tooling/internal/provider/ConnectionOperationParameters;Lorg/gradle/internal/daemon/client/execution/ClientBuildRequestContext;)Lorg/gradle/launcher/exec/BuildActionResult;+72
j  org.gradle.tooling.internal.provider.DaemonBuildActionExecuter.execute(Lorg/gradle/internal/invocation/BuildAction;Ljava/lang/Object;Ljava/lang/Object;)Lorg/gradle/launcher/exec/BuildActionResult;+10
j  org.gradle.tooling.internal.provider.LoggingBridgingBuildActionExecuter.execute(Lorg/gradle/internal/invocation/BuildAction;Lorg/gradle/tooling/internal/provider/ConnectionOperationParameters;Lorg/gradle/internal/daemon/client/execution/ClientBuildRequestContext;)Lorg/gradle/launcher/exec/BuildActionResult;+77
j  org.gradle.tooling.internal.provider.LoggingBridgingBuildActionExecuter.execute(Lorg/gradle/internal/invocation/BuildAction;Ljava/lang/Object;Ljava/lang/Object;)Lorg/gradle/launcher/exec/BuildActionResult;+10
j  org.gradle.tooling.internal.provider.ProviderConnection.run(Lorg/gradle/internal/invocation/BuildAction;Lorg/gradle/initialization/BuildCancellationToken;Lorg/gradle/tooling/internal/provider/ProviderConnection$ProgressListenerConfiguration;Lorg/gradle/initialization/BuildEventConsumer;Lorg/gradle/tooling/internal/provider/connection/ProviderOperationParameters;Lorg/gradle/tooling/internal/provider/ProviderConnection$Parameters;)Ljava/lang/Object;+79
j  org.gradle.tooling.internal.provider.ProviderConnection.runPhasedAction(Lorg/gradle/tooling/internal/protocol/InternalPhasedAction;Lorg/gradle/tooling/internal/protocol/PhasedActionResultListener;Lorg/gradle/initialization/BuildCancellationToken;Lorg/gradle/tooling/internal/provider/connection/ProviderOperationParameters;)Ljava/lang/Object;+132
j  org.gradle.tooling.internal.provider.DefaultConnection.run(Lorg/gradle/tooling/internal/protocol/InternalPhasedAction;Lorg/gradle/tooling/internal/protocol/PhasedActionResultListener;Lorg/gradle/tooling/internal/protocol/InternalCancellationToken;Lorg/gradle/tooling/internal/protocol/BuildParameters;)Lorg/gradle/tooling/internal/protocol/BuildResult;+28
j  org.gradle.tooling.internal.consumer.connection.PhasedActionAwareConsumerConnection.run(Lorg/gradle/tooling/internal/consumer/PhasedBuildAction;Lorg/gradle/tooling/internal/consumer/parameters/ConsumerOperationParameters;)V+66
j  org.gradle.tooling.internal.consumer.connection.ParameterValidatingConsumerConnection.run(Lorg/gradle/tooling/internal/consumer/PhasedBuildAction;Lorg/gradle/tooling/internal/consumer/parameters/ConsumerOperationParameters;)V+11
j  org.gradle.tooling.internal.consumer.DefaultPhasedBuildActionExecuter$1.run(Lorg/gradle/tooling/internal/consumer/connection/ConsumerConnection;)Ljava/lang/Void;+12
j  org.gradle.tooling.internal.consumer.DefaultPhasedBuildActionExecuter$1.run(Lorg/gradle/tooling/internal/consumer/connection/ConsumerConnection;)Ljava/lang/Object;+2
j  org.gradle.tooling.internal.consumer.connection.LazyConsumerActionExecutor.run(Lorg/gradle/tooling/internal/consumer/connection/ConsumerAction;)Ljava/lang/Object;+34
j  org.gradle.tooling.internal.consumer.connection.CancellableConsumerActionExecutor.run(Lorg/gradle/tooling/internal/consumer/connection/ConsumerAction;)Ljava/lang/Object;+34
j  org.gradle.tooling.internal.consumer.connection.ProgressLoggingConsumerActionExecutor.run(Lorg/gradle/tooling/internal/consumer/connection/ConsumerAction;)Ljava/lang/Object;+78
j  org.gradle.tooling.internal.consumer.connection.RethrowingErrorsConsumerActionExecutor.run(Lorg/gradle/tooling/internal/consumer/connection/ConsumerAction;)Ljava/lang/Object;+5
j  org.gradle.tooling.internal.consumer.async.DefaultAsyncConsumerActionExecutor$1$1.run()V+17
j  org.gradle.internal.concurrent.ExecutorPolicy$CatchAndRecordFailures.onExecute(Ljava/lang/Runnable;)V+1
j  org.gradle.internal.concurrent.AbstractManagedExecutor$1.run()V+25
j  java.util.concurrent.ThreadPoolExecutor.runWorker(Ljava/util/concurrent/ThreadPoolExecutor$Worker;)V+92 java.base@21.0.7
j  java.util.concurrent.ThreadPoolExecutor$Worker.run()V+5 java.base@21.0.7
j  java.lang.Thread.runWith(Ljava/lang/Object;Ljava/lang/Runnable;)V+5 java.base@21.0.7
j  java.lang.Thread.run()V+19 java.base@21.0.7
v  ~StubRoutines::call_stub 0x0000020bebc1100d

siginfo: EXCEPTION_ACCESS_VIOLATION (0xc0000005), reading address 0x00000000000003f0


Registers:
RAX=0x0000000000000000, RBX=0x0000020bc12449f8, RCX=0x00000000000004f0, RDX=0x0000000000000002
RSP=0x0000003a631fdf50, RBP=0x00000000000003f0, RSI=0x0000020bc3e89250, RDI=0x00000000000003f0
R8 =0x7ffffffffffffffc, R9 =0x0000000000000000, R10=0x00000000000004f0, R11=0x0000020be15cd800
R12=0x0000003a631fe190, R13=0x00000000000012a8, R14=0x0000020bc3e89220, R15=0x00000000000012a8
RIP=0x000000018000c274, EFLAGS=0x0000000000010246

XMM[0]=0x0000000000000000 0x0000000000000000
XMM[1]=0x0000000000000000 0x0000000000000000
XMM[2]=0x0000000000000000 0x0000000000000000
XMM[3]=0x0000000000000000 0x0000000000000000
XMM[4]=0x0000000000000000 0x0000000000000000
XMM[5]=0x0000000000000000 0x0000000000000000
XMM[6]=0x9291c764b9f6d560 0x972a61c4649ad376
XMM[7]=0xac81d47b1136e761 0x41f14b46f3e3f993
XMM[8]=0x0000000000000000 0xdb7a7f6bb0323670
XMM[9]=0x72f34d6dd0308b58 0xe641b83184a2f98d
XMM[10]=0xffffffffffffffff 0x0b0a090803020100
XMM[11]=0x8cdb949483c77f73 0x0000000000000000
XMM[12]=0x0b0a090803020100 0xffffffffffffffff
XMM[13]=0x0c0d0e0f08090a0b 0x0405060700010203
XMM[14]=0x0000000000000000 0x6c9c4e785cd1fc34
XMM[15]=0x0000000000000000 0x00000000f035adbc
  MXCSR=0x00001fa0


Register to memory mapping:

RAX=0x0 is null
RBX=0x0000020bc12449f8 points into unknown readable memory: 0x0000000000000000 | 00 00 00 00 00 00 00 00
RCX=0x00000000000004f0 is an unknown value
RDX=0x0000000000000002 is an unknown value
RSP=0x0000003a631fdf50 is pointing into the stack for thread: 0x0000020bfed7f1c0
RBP=0x00000000000003f0 is an unknown value
RSI=0x0000020bc3e89250 points into unknown readable memory: 0x0000020bc3e89250 | 50 92 e8 c3 0b 02 00 00
RDI=0x00000000000003f0 is an unknown value
R8 =0x7ffffffffffffffc is an unknown value
R9 =0x0 is null
R10=0x00000000000004f0 is an unknown value
R11=0x0000020be15cd800 points into unknown readable memory: 0x00000000000007d0 | d0 07 00 00 00 00 00 00
R12=0x0000003a631fe190 is pointing into the stack for thread: 0x0000020bfed7f1c0
R13=0x00000000000012a8 is an unknown value
R14=0x0000020bc3e89220 points into unknown readable memory: 0x00000000000003f0 | f0 03 00 00 00 00 00 00
R15=0x00000000000012a8 is an unknown value

Top of Stack: (sp=0x0000003a631fdf50)
0x0000003a631fdf50:   0000000000000000 0000000000000000
0x0000003a631fdf60:   00000000000003f0 000000018001f4c2
0x0000003a631fdf70:   0000000180065ec8 0000000000002736
0x0000003a631fdf80:   0000000000000001 00000000000004f0
0x0000003a631fdf90:   00000000000003f0 000000018000c506
0x0000003a631fdfa0:   0000020bc12449f8 0000000000002736
0x0000003a631fdfb0:   0000000000000000 0000020b00000008
0x0000003a631fdfc0:   0000003a0000001e 0000000000000000
0x0000003a631fdfd0:   00000000000003f0 0000000000000000
0x0000003a631fdfe0:   0000000000000001 0000000000000000
0x0000003a631fdff0:   00000000000003f0 00007ff8ddf277e6
0x0000003a631fe000:   00000000000004f0 0000000000000302
0x0000003a631fe010:   0000020bc3e89250 0000003a631fe160
0x0000003a631fe020:   0000000000000000 0000020b00000000
0x0000003a631fe030:   0000000000000003 0000020b00000001
0x0000003a631fe040:   0000000000000000 0000000000000000
0x0000003a631fe050:   00007ff800000000 00007ff8edfe0139
0x0000003a631fe060:   00000000000004f0 0000000000000000
0x0000003a631fe070:   0000000000000000 000084780eaa1cc0
0x0000003a631fe080:   0000020bc12449e0 00007ff8ddf282af
0x0000003a631fe090:   0000000000000028 00007ff81ff52cac
0x0000003a631fe0a0:   0000020bc12449e8 0000020be15f6390
0x0000003a631fe0b0:   0000020bc3e89220 00007ff8ddf28359
0x0000003a631fe0c0:   0000020bc3e89250 0000003a631fe190
0x0000003a631fe0d0:   0000020bc3e89250 0000020bc3e89220
0x0000003a631fe0e0:   0000020bfed7f1c0 0000003a631fe190
0x0000003a631fe0f0:   0000020bfbfe1230 0000000000000000
0x0000003a631fe100:   0000020bc3e89220 00007ff8ddf28787
0x0000003a631fe110:   0000000000000000 0000003a631fe190
0x0000003a631fe120:   00000000000012a8 0000020bfed7f1c0
0x0000003a631fe130:   0000000000000001 00007ff8ddf27a75
0x0000003a631fe140:   00000000000003f0 0000003a631fe190 

Instructions: (pc=0x000000018000c274)
0x000000018000c174:   70 48 8b 6c 24 78 32 c0 48 83 c4 50 41 5c c3 cc
0x000000018000c184:   cc cc cc cc cc cc cc cc cc cc cc cc 48 85 c9 74
0x000000018000c194:   23 8b 05 ad ff 06 00 89 01 8b 05 a9 ff 06 00 89
0x000000018000c1a4:   41 04 8b 05 a4 ff 06 00 89 41 08 8b 05 9f ff 06
0x000000018000c1b4:   00 89 41 0c f3 c3 cc cc cc cc cc cc c6 01 01 c7
0x000000018000c1c4:   02 01 00 00 00 c3 cc cc cc cc cc cc 48 89 5c 24
0x000000018000c1d4:   08 57 48 83 ec 70 48 8b fa 8b d9 48 8d 15 82 73
0x000000018000c1e4:   05 00 48 8d 4c 24 20 45 33 c0 48 c7 44 24 40 0f
0x000000018000c1f4:   00 00 00 48 c7 44 24 38 00 00 00 00 c6 44 24 28
0x000000018000c204:   00 e8 d6 6b ff ff 4c 8d 4c 24 20 48 8d 4c 24 48
0x000000018000c214:   41 b0 01 8b d3 e8 52 06 02 00 48 83 78 20 10 72
0x000000018000c224:   06 48 8b 48 08 eb 05 48 8d 48 08 90 0f b6 01 48
0x000000018000c234:   ff c7 48 ff c1 88 47 ff 84 c0 75 f0 48 83 7c 24
0x000000018000c244:   68 10 72 0a 48 8b 4c 24 50 e8 52 94 03 00 48 8b
0x000000018000c254:   9c 24 80 00 00 00 48 83 c4 70 5f c3 48 83 ec 48
0x000000018000c264:   0f b6 c2 0f 57 c0 0f 11 44 24 ff 25 00 00 00 00
0x000000018000c274:   ae 7e ef ee f8 7f 00 00 8b 44 24 04 0f af 04 24
0x000000018000c284:   89 04 24 8b 44 24 04 0f af 04 24 83 c0 01 89 04
0x000000018000c294:   24 8b 44 24 04 0f af 04 24 83 c0 02 89 04 24 8b
0x000000018000c2a4:   44 24 04 0f af 04 24 83 c0 03 89 04 24 8b 44 24
0x000000018000c2b4:   04 0f af 04 24 83 c0 04 89 04 24 8b 44 24 04 0f
0x000000018000c2c4:   af 04 24 83 c0 05 89 04 24 8b 44 24 04 0f af 04
0x000000018000c2d4:   24 83 c0 06 89 04 24 8b 44 24 04 0f af 04 24 83
0x000000018000c2e4:   c0 07 89 04 24 8b 44 24 04 0f af 04 24 83 c0 08
0x000000018000c2f4:   89 04 24 8b 44 24 04 0f af 04 24 83 c0 09 89 04
0x000000018000c304:   24 8b 44 24 04 0f af 04 24 83 c0 0a 89 04 24 8b
0x000000018000c314:   44 24 04 0f af 04 24 83 c0 0b 89 04 24 8b 44 24
0x000000018000c324:   04 0f af 04 24 83 c0 0d 89 04 24 8b 44 24 04 0f
0x000000018000c334:   af 04 24 83 c0 0e 89 04 24 8b 44 24 04 0f af 04
0x000000018000c344:   24 83 c0 0f 89 04 24 8b 44 24 04 0f af 04 24 83
0x000000018000c354:   c0 10 89 04 24 8b 44 24 04 0f af 04 24 83 c0 11
0x000000018000c364:   89 04 24 8b 44 24 04 0f af 04 24 83 c0 12 89 04 


Stack slot to memory mapping:

stack at sp + 0 slots: 0x0 is null
stack at sp + 1 slots: 0x0 is null
stack at sp + 2 slots: 0x00000000000003f0 is an unknown value
stack at sp + 3 slots: 0x000000018001f4c2 ASProxy64.dll
stack at sp + 4 slots: 0x0000000180065ec8 ASProxy64.dll
stack at sp + 5 slots: 0x0000000000002736 is an unknown value
stack at sp + 6 slots: 0x0000000000000001 is an unknown value
stack at sp + 7 slots: 0x00000000000004f0 is an unknown value


---------------  P R O C E S S  ---------------

Threads class SMR info:
_java_thread_list=0x0000020bfece0c30, length=59, elements={
0x0000020bdf03b0a0, 0x0000020be16783e0, 0x0000020be1678f90, 0x0000020be1679e30,
0x0000020be167aa80, 0x0000020be1680500, 0x0000020be1684420, 0x0000020bf6e8d520,
0x0000020bf6eb0380, 0x0000020be16402f0, 0x0000020bfd12bac0, 0x0000020bfddafbf0,
0x0000020bfdc66930, 0x0000020bfdc51780, 0x0000020bfdf967d0, 0x0000020bfe3c6300,
0x0000020bfe3c4f50, 0x0000020bfe3c76b0, 0x0000020bfe3c48c0, 0x0000020bfe3c55e0,
0x0000020bfe3c6990, 0x0000020bfe496b60, 0x0000020bfe499950, 0x0000020bfe497f10,
0x0000020bfe497880, 0x0000020bfe498c30, 0x0000020bfe4985a0, 0x0000020bfe49a670,
0x0000020bfe499fe0, 0x0000020bfe4992c0, 0x0000020bfe4971f0, 0x0000020bfe49ad00,
0x0000020bfe49d460, 0x0000020bfe49b390, 0x0000020bfe49e180, 0x0000020bfe49c0b0,
0x0000020bfe49c740, 0x0000020bfe49cdd0, 0x0000020bfe49daf0, 0x0000020bfe49ba20,
0x0000020bff01b250, 0x0000020bff018460, 0x0000020bff017dd0, 0x0000020bff019180,
0x0000020bff019810, 0x0000020bff01a530, 0x0000020bff01e6d0, 0x0000020bff01f3f0,
0x0000020bff01d9b0, 0x0000020bff01c600, 0x0000020bfed7fee0, 0x0000020bfed7ca60,
0x0000020bfed80570, 0x0000020bfed7eb30, 0x0000020bfed7f1c0, 0x0000020bfed7f850,
0x0000020bfed7d0f0, 0x0000020bfed80c00, 0x0000020bfed7e4a0
}

Java Threads: ( => current thread )
  0x0000020bdf03b0a0 JavaThread "main"                              [_thread_blocked, id=34508, stack(0x0000003a5d300000,0x0000003a5d400000) (1024K)]
  0x0000020be16783e0 JavaThread "Reference Handler"          daemon [_thread_blocked, id=24880, stack(0x0000003a5d700000,0x0000003a5d800000) (1024K)]
  0x0000020be1678f90 JavaThread "Finalizer"                  daemon [_thread_blocked, id=34964, stack(0x0000003a5d800000,0x0000003a5d900000) (1024K)]
  0x0000020be1679e30 JavaThread "Signal Dispatcher"          daemon [_thread_blocked, id=17500, stack(0x0000003a5d900000,0x0000003a5da00000) (1024K)]
  0x0000020be167aa80 JavaThread "Attach Listener"            daemon [_thread_blocked, id=11016, stack(0x0000003a5da00000,0x0000003a5db00000) (1024K)]
  0x0000020be1680500 JavaThread "Service Thread"             daemon [_thread_blocked, id=31824, stack(0x0000003a5db00000,0x0000003a5dc00000) (1024K)]
  0x0000020be1684420 JavaThread "Monitor Deflation Thread"   daemon [_thread_blocked, id=17544, stack(0x0000003a5dc00000,0x0000003a5dd00000) (1024K)]
  0x0000020bf6e8d520 JavaThread "C2 CompilerThread0"         daemon [_thread_blocked, id=28936, stack(0x0000003a5dd00000,0x0000003a5de00000) (1024K)]
  0x0000020bf6eb0380 JavaThread "C1 CompilerThread0"         daemon [_thread_blocked, id=19472, stack(0x0000003a5de00000,0x0000003a5df00000) (1024K)]
  0x0000020be16402f0 JavaThread "Common-Cleaner"             daemon [_thread_blocked, id=14412, stack(0x0000003a5df00000,0x0000003a5e000000) (1024K)]
  0x0000020bfd12bac0 JavaThread "Notification Thread"        daemon [_thread_blocked, id=3608, stack(0x0000003a5f600000,0x0000003a5f700000) (1024K)]
  0x0000020bfddafbf0 JavaThread "Active Thread: Equinox Container: 0ecf52bf-7bd3-4040-94b1-7840af831ede"        [_thread_blocked, id=29880, stack(0x0000003a5ff00000,0x0000003a60000000) (1024K)]
  0x0000020bfdc66930 JavaThread "Refresh Thread: Equinox Container: 0ecf52bf-7bd3-4040-94b1-7840af831ede" daemon [_thread_blocked, id=14764, stack(0x0000003a60100000,0x0000003a60200000) (1024K)]
  0x0000020bfdc51780 JavaThread "Framework Event Dispatcher: Equinox Container: 0ecf52bf-7bd3-4040-94b1-7840af831ede" daemon [_thread_blocked, id=8660, stack(0x0000003a60200000,0x0000003a60300000) (1024K)]
  0x0000020bfdf967d0 JavaThread "Start Level: Equinox Container: 0ecf52bf-7bd3-4040-94b1-7840af831ede" daemon [_thread_blocked, id=12636, stack(0x0000003a60300000,0x0000003a60400000) (1024K)]
  0x0000020bfe3c6300 JavaThread "Bundle File Closer"         daemon [_thread_blocked, id=17440, stack(0x0000003a60700000,0x0000003a60800000) (1024K)]
  0x0000020bfe3c4f50 JavaThread "SCR Component Actor"        daemon [_thread_blocked, id=30732, stack(0x0000003a60800000,0x0000003a60900000) (1024K)]
  0x0000020bfe3c76b0 JavaThread "Worker-JM"                         [_thread_blocked, id=33396, stack(0x0000003a60b00000,0x0000003a60c00000) (1024K)]
  0x0000020bfe3c48c0 JavaThread "Worker-0"                          [_thread_blocked, id=30644, stack(0x0000003a60d00000,0x0000003a60e00000) (1024K)]
  0x0000020bfe3c55e0 JavaThread "Worker-1"                          [_thread_blocked, id=33988, stack(0x0000003a60e00000,0x0000003a60f00000) (1024K)]
  0x0000020bfe3c6990 JavaThread "Java indexing"              daemon [_thread_blocked, id=18832, stack(0x0000003a5fe00000,0x0000003a5ff00000) (1024K)]
  0x0000020bfe496b60 JavaThread "JNA Cleaner"                daemon [_thread_blocked, id=35820, stack(0x0000003a5f200000,0x0000003a5f300000) (1024K)]
  0x0000020bfe499950 JavaThread "Worker-2"                          [_thread_blocked, id=23284, stack(0x0000003a5fd00000,0x0000003a5fe00000) (1024K)]
  0x0000020bfe497f10 JavaThread "Worker-3: Initialize Workspace"        [_thread_blocked, id=29328, stack(0x0000003a61200000,0x0000003a61300000) (1024K)]
  0x0000020bfe497880 JavaThread "Worker-4"                          [_thread_blocked, id=7688, stack(0x0000003a61400000,0x0000003a61500000) (1024K)]
  0x0000020bfe498c30 JavaThread "Worker-5"                          [_thread_blocked, id=21484, stack(0x0000003a61500000,0x0000003a61600000) (1024K)]
  0x0000020bfe4985a0 JavaThread "Thread-2"                   daemon [_thread_in_native, id=22064, stack(0x0000003a61700000,0x0000003a61800000) (1024K)]
  0x0000020bfe49a670 JavaThread "Thread-3"                   daemon [_thread_in_native, id=27920, stack(0x0000003a61800000,0x0000003a61900000) (1024K)]
  0x0000020bfe499fe0 JavaThread "Thread-4"                   daemon [_thread_in_native, id=35744, stack(0x0000003a61900000,0x0000003a61a00000) (1024K)]
  0x0000020bfe4992c0 JavaThread "Thread-5"                   daemon [_thread_in_native, id=33044, stack(0x0000003a61a00000,0x0000003a61b00000) (1024K)]
  0x0000020bfe4971f0 JavaThread "Thread-6"                   daemon [_thread_in_native, id=11180, stack(0x0000003a61b00000,0x0000003a61c00000) (1024K)]
  0x0000020bfe49ad00 JavaThread "Thread-7"                   daemon [_thread_in_native, id=23820, stack(0x0000003a61c00000,0x0000003a61d00000) (1024K)]
  0x0000020bfe49d460 JavaThread "Thread-8"                   daemon [_thread_in_native, id=20552, stack(0x0000003a61d00000,0x0000003a61e00000) (1024K)]
  0x0000020bfe49b390 JavaThread "Thread-9"                   daemon [_thread_in_native, id=5324, stack(0x0000003a61e00000,0x0000003a61f00000) (1024K)]
  0x0000020bfe49e180 JavaThread "Thread-10"                  daemon [_thread_in_native, id=18144, stack(0x0000003a61f00000,0x0000003a62000000) (1024K)]
  0x0000020bfe49c0b0 JavaThread "Thread-11"                  daemon [_thread_in_native, id=2148, stack(0x0000003a62000000,0x0000003a62100000) (1024K)]
  0x0000020bfe49c740 JavaThread "Thread-12"                  daemon [_thread_in_native, id=11428, stack(0x0000003a62100000,0x0000003a62200000) (1024K)]
  0x0000020bfe49cdd0 JavaThread "Thread-13"                  daemon [_thread_in_native, id=20352, stack(0x0000003a62200000,0x0000003a62300000) (1024K)]
  0x0000020bfe49daf0 JavaThread "Thread-14"                  daemon [_thread_in_native, id=9352, stack(0x0000003a62300000,0x0000003a62400000) (1024K)]
  0x0000020bfe49ba20 JavaThread "Thread-15"                  daemon [_thread_in_native, id=9924, stack(0x0000003a62400000,0x0000003a62500000) (1024K)]
  0x0000020bff01b250 JavaThread "Thread-16"                  daemon [_thread_in_native, id=11400, stack(0x0000003a62500000,0x0000003a62600000) (1024K)]
  0x0000020bff018460 JavaThread "Thread-17"                  daemon [_thread_in_native, id=32292, stack(0x0000003a62600000,0x0000003a62700000) (1024K)]
  0x0000020bff017dd0 JavaThread "Thread-18"                  daemon [_thread_in_native, id=31596, stack(0x0000003a62700000,0x0000003a62800000) (1024K)]
  0x0000020bff019180 JavaThread "pool-2-thread-1"                   [_thread_blocked, id=33320, stack(0x0000003a62b00000,0x0000003a62c00000) (1024K)]
  0x0000020bff019810 JavaThread "WorkspaceEventsHandler"            [_thread_blocked, id=31184, stack(0x0000003a62d00000,0x0000003a62e00000) (1024K)]
  0x0000020bff01a530 JavaThread "pool-1-thread-1"                   [_thread_blocked, id=3156, stack(0x0000003a62e00000,0x0000003a62f00000) (1024K)]
  0x0000020bff01e6d0 JavaThread "Timer-0"                           [_thread_blocked, id=10764, stack(0x0000003a62c00000,0x0000003a62d00000) (1024K)]
  0x0000020bff01f3f0 JavaThread "Timer-1"                           [_thread_blocked, id=16704, stack(0x0000003a61300000,0x0000003a61400000) (1024K)]
  0x0000020bff01d9b0 JavaThread "Timer-2"                           [_thread_blocked, id=6140, stack(0x0000003a61600000,0x0000003a61700000) (1024K)]
  0x0000020bff01c600 JavaThread "LocalFile Deleter"          daemon [_thread_blocked, id=29112, stack(0x0000003a62800000,0x0000003a62900000) (1024K)]
  0x0000020bfed7fee0 JavaThread "LocalFile Deleter"          daemon [_thread_blocked, id=12088, stack(0x0000003a62900000,0x0000003a62a00000) (1024K)]
  0x0000020bfed7ca60 JavaThread "LocalFile Deleter"          daemon [_thread_blocked, id=22920, stack(0x0000003a62a00000,0x0000003a62b00000) (1024K)]
  0x0000020bfed80570 JavaThread "Timer-3"                           [_thread_blocked, id=3860, stack(0x0000003a62f00000,0x0000003a63000000) (1024K)]
  0x0000020bfed7eb30 JavaThread "Timer-4"                           [_thread_blocked, id=26708, stack(0x0000003a63000000,0x0000003a63100000) (1024K)]
=>0x0000020bfed7f1c0 JavaThread "Connection worker"                 [_thread_in_native, id=35080, stack(0x0000003a63100000,0x0000003a63200000) (1024K)]
  0x0000020bfed7f850 JavaThread "pool-3-thread-1"                   [_thread_blocked, id=3100, stack(0x0000003a5f500000,0x0000003a5f600000) (1024K)]
  0x0000020bfed7d0f0 JavaThread "Exec process"                      [_thread_blocked, id=29580, stack(0x0000003a60900000,0x0000003a60a00000) (1024K)]
  0x0000020bfed80c00 JavaThread "Exec process Thread 2"             [_thread_blocked, id=28504, stack(0x0000003a63200000,0x0000003a63300000) (1024K)]
  0x0000020bfed7e4a0 JavaThread "Exec process Thread 3"             [_thread_blocked, id=12992, stack(0x0000003a63300000,0x0000003a63400000) (1024K)]
Total: 59

Other Threads:
  0x0000020bf59a4960 VMThread "VM Thread"                           [id=24144, stack(0x0000003a5d600000,0x0000003a5d700000) (1024K)]
  0x0000020bf589ba00 WatcherThread "VM Periodic Task Thread"        [id=21616, stack(0x0000003a5d500000,0x0000003a5d600000) (1024K)]
  0x0000020be15f1fc0 WorkerThread "GC Thread#0"                     [id=19584, stack(0x0000003a5d400000,0x0000003a5d500000) (1024K)]
  0x0000020bfd675430 WorkerThread "GC Thread#1"                     [id=34512, stack(0x0000003a5f700000,0x0000003a5f800000) (1024K)]
  0x0000020bfd87bac0 WorkerThread "GC Thread#2"                     [id=30376, stack(0x0000003a5f800000,0x0000003a5f900000) (1024K)]
  0x0000020bfd670dc0 WorkerThread "GC Thread#3"                     [id=20472, stack(0x0000003a5f900000,0x0000003a5fa00000) (1024K)]
  0x0000020bfd575f90 WorkerThread "GC Thread#4"                     [id=15576, stack(0x0000003a5fa00000,0x0000003a5fb00000) (1024K)]
  0x0000020bfd475840 WorkerThread "GC Thread#5"                     [id=32836, stack(0x0000003a5fb00000,0x0000003a5fc00000) (1024K)]
  0x0000020bfd6a9d70 WorkerThread "GC Thread#6"                     [id=21084, stack(0x0000003a5fc00000,0x0000003a5fd00000) (1024K)]
  0x0000020bfd348db0 WorkerThread "GC Thread#7"                     [id=30472, stack(0x0000003a60000000,0x0000003a60100000) (1024K)]
  0x0000020bfdcc61c0 WorkerThread "GC Thread#8"                     [id=29044, stack(0x0000003a60400000,0x0000003a60500000) (1024K)]
  0x0000020bfdbadd70 WorkerThread "GC Thread#9"                     [id=10644, stack(0x0000003a60500000,0x0000003a60600000) (1024K)]
  0x0000020bfdbae4b0 WorkerThread "GC Thread#10"                    [id=19768, stack(0x0000003a60600000,0x0000003a60700000) (1024K)]
  0x0000020bfdbaf6d0 WorkerThread "GC Thread#11"                    [id=10356, stack(0x0000003a60a00000,0x0000003a60b00000) (1024K)]
  0x0000020bfdbaebf0 WorkerThread "GC Thread#12"                    [id=34568, stack(0x0000003a60c00000,0x0000003a60d00000) (1024K)]
Total: 15

Threads with active compile tasks:
Total: 0

VM state: not at safepoint (normal execution)

VM Mutex/Monitor currently owned by a thread: None

Heap address: 0x00000000c0000000, size: 1024 MB, Compressed Oops mode: 32-bit

CDS archive(s) mapped at: [0x0000020b80000000-0x0000020b80ba0000-0x0000020b80ba0000), size 12189696, SharedBaseAddress: 0x0000020b80000000, ArchiveRelocationMode: 1.
Compressed class space mapped at: 0x0000020b81000000-0x0000020bc1000000, reserved size: 1073741824
Narrow klass base: 0x0000020b80000000, Narrow klass shift: 0, Narrow klass range: 0x100000000

GC Precious Log:
 CardTable entry size: 512
 CPUs: 16 total, 16 available
 Memory: 16096M
 Large Page Support: Disabled
 NUMA Support: Disabled
 Compressed Oops: Enabled (32-bit)
 Alignments: Space 512K, Generation 512K, Heap 2M
 Heap Min Capacity: 100M
 Heap Initial Capacity: 100M
 Heap Max Capacity: 1G
 Pre-touch: Disabled
 Parallel Workers: 13

Heap:
 PSYoungGen      total 16896K, used 12453K [0x00000000eab00000, 0x00000000ebd00000, 0x0000000100000000)
  eden space 15872K, 73% used [0x00000000eab00000,0x00000000eb66cd00,0x00000000eba80000)
  from space 1024K, 73% used [0x00000000ebb00000,0x00000000ebbbc940,0x00000000ebc00000)
  to   space 1024K, 0% used [0x00000000ebc00000,0x00000000ebc00000,0x00000000ebd00000)
 ParOldGen       total 68608K, used 40595K [0x00000000c0000000, 0x00000000c4300000, 0x00000000eab00000)
  object space 68608K, 59% used [0x00000000c0000000,0x00000000c27a4c98,0x00000000c4300000)
 Metaspace       used 62398K, committed 63744K, reserved 1114112K
  class space    used 7716K, committed 8320K, reserved 1048576K

Card table byte_map: [0x0000020be0f70000,0x0000020be1180000] _byte_map_base: 0x0000020be0970000

Marking Bits: (ParMarkBitMap*) 0x00007ff8205931f0
 Begin Bits: [0x0000020bf37c0000, 0x0000020bf47c0000)
 End Bits:   [0x0000020bf47c0000, 0x0000020bf57c0000)

Polling page: 0x0000020bdf360000

Metaspace:

Usage:
  Non-class:     53.40 MB used.
      Class:      7.54 MB used.
       Both:     60.94 MB used.

Virtual space:
  Non-class space:       64.00 MB reserved,      54.12 MB ( 85%) committed,  1 nodes.
      Class space:        1.00 GB reserved,       8.12 MB ( <1%) committed,  1 nodes.
             Both:        1.06 GB reserved,      62.25 MB (  6%) committed. 

Chunk freelists:
   Non-Class:  8.95 MB
       Class:  7.77 MB
        Both:  16.72 MB

MaxMetaspaceSize: unlimited
CompressedClassSpaceSize: 1.00 GB
Initial GC threshold: 21.00 MB
Current GC threshold: 97.31 MB
CDS: on
 - commit_granule_bytes: 65536.
 - commit_granule_words: 8192.
 - virtual_space_node_default_size: 8388608.
 - enlarge_chunks_in_place: 1.
 - use_allocation_guard: 0.


Internal statistics:

num_allocs_failed_limit: 9.
num_arena_births: 1130.
num_arena_deaths: 26.
num_vsnodes_births: 2.
num_vsnodes_deaths: 0.
num_space_committed: 996.
num_space_uncommitted: 0.
num_chunks_returned_to_freelist: 39.
num_chunks_taken_from_freelist: 3797.
num_chunk_merges: 16.
num_chunk_splits: 2483.
num_chunks_enlarged: 1609.
num_inconsistent_stats: 0.

CodeHeap 'non-profiled nmethods': size=119168Kb used=4838Kb max_used=4838Kb free=114329Kb
 bounds [0x0000020bec360000, 0x0000020bec820000, 0x0000020bf37c0000]
CodeHeap 'profiled nmethods': size=119104Kb used=14114Kb max_used=14327Kb free=104989Kb
 bounds [0x0000020be47c0000, 0x0000020be55c0000, 0x0000020bebc10000]
CodeHeap 'non-nmethods': size=7488Kb used=1392Kb max_used=3162Kb free=6095Kb
 bounds [0x0000020bebc10000, 0x0000020bebf40000, 0x0000020bec360000]
 total_blobs=7669 nmethods=6982 adapters=593
 compilation: enabled
              stopped_count=0, restarted_count=0
 full_count=0

Compilation events (20 events):
Event: 10.168 Thread 0x0000020bf6eb0380 7794       3       java.security.Provider$Service::<init> (200 bytes)
Event: 10.169 Thread 0x0000020bf6eb0380 nmethod 7794 0x0000020be4d22410 code [0x0000020be4d22760, 0x0000020be4d23e78]
Event: 10.169 Thread 0x0000020bf6eb0380 7793       3       java.security.Provider$UString::hashCode (8 bytes)
Event: 10.169 Thread 0x0000020bf6eb0380 nmethod 7793 0x0000020be5149d10 code [0x0000020be5149ec0, 0x0000020be514a000]
Event: 10.169 Thread 0x0000020bf6eb0380 7800       3       sun.security.util.SecurityProviderConstants::getAliases (63 bytes)
Event: 10.169 Thread 0x0000020bf6eb0380 nmethod 7800 0x0000020be4d21610 code [0x0000020be4d21880, 0x0000020be4d22120]
Event: 10.169 Thread 0x0000020bf6eb0380 7795       3       java.security.Provider::getEngineName (49 bytes)
Event: 10.170 Thread 0x0000020bf6eb0380 nmethod 7795 0x0000020be502d290 code [0x0000020be502d4c0, 0x0000020be502dd00]
Event: 10.170 Thread 0x0000020bf6eb0380 7797       3       java.security.Provider::check (18 bytes)
Event: 10.170 Thread 0x0000020bf6eb0380 nmethod 7797 0x0000020be50c1190 code [0x0000020be50c1360, 0x0000020be50c16c0]
Event: 10.170 Thread 0x0000020bf6eb0380 7798       3       java.security.Provider::implRemoveService (149 bytes)
Event: 10.170 Thread 0x0000020bf6eb0380 nmethod 7798 0x0000020be50bfe90 code [0x0000020be50c0140, 0x0000020be50c0dc0]
Event: 10.171 Thread 0x0000020bf6eb0380 7801       1       java.nio.DirectByteBuffer::attachment (5 bytes)
Event: 10.171 Thread 0x0000020bf6eb0380 nmethod 7801 0x0000020bec819390 code [0x0000020bec819520, 0x0000020bec8195e8]
Event: 10.175 Thread 0x0000020bf6eb0380 7802       3       java.security.MessageDigest::update (11 bytes)
Event: 10.175 Thread 0x0000020bf6eb0380 nmethod 7802 0x0000020be5149710 code [0x0000020be51498c0, 0x0000020be5149b80]
Event: 10.175 Thread 0x0000020bf6eb0380 7803       3       java.security.MessageDigest$Delegate::engineUpdate (9 bytes)
Event: 10.175 Thread 0x0000020bf6eb0380 nmethod 7803 0x0000020be50bfa10 code [0x0000020be50bfbc0, 0x0000020be50bfd98]
Event: 10.175 Thread 0x0000020bf6eb0380 7804       3       sun.security.provider.DigestBase::engineUpdate (32 bytes)
Event: 10.175 Thread 0x0000020bf6eb0380 nmethod 7804 0x0000020be50bf510 code [0x0000020be50bf6c0, 0x0000020be50bf928]

GC Heap History (20 events):
Event: 6.843 GC heap before
{Heap before GC invocations=39 (full 3):
 PSYoungGen      total 17408K, used 16429K [0x00000000eab00000, 0x00000000ebe00000, 0x0000000100000000)
  eden space 15872K, 100% used [0x00000000eab00000,0x00000000eba80000,0x00000000eba80000)
  from space 1536K, 36% used [0x00000000ebb00000,0x00000000ebb8b420,0x00000000ebc80000)
  to   space 1024K, 0% used [0x00000000ebd00000,0x00000000ebd00000,0x00000000ebe00000)
 ParOldGen       total 68608K, used 38724K [0x00000000c0000000, 0x00000000c4300000, 0x00000000eab00000)
  object space 68608K, 56% used [0x00000000c0000000,0x00000000c25d1250,0x00000000c4300000)
 Metaspace       used 58816K, committed 60032K, reserved 1114112K
  class space    used 7201K, committed 7744K, reserved 1048576K
}
Event: 6.844 GC heap after
{Heap after GC invocations=39 (full 3):
 PSYoungGen      total 16896K, used 1023K [0x00000000eab00000, 0x00000000ebe00000, 0x0000000100000000)
  eden space 15872K, 0% used [0x00000000eab00000,0x00000000eab00000,0x00000000eba80000)
  from space 1024K, 99% used [0x00000000ebd00000,0x00000000ebdffd08,0x00000000ebe00000)
  to   space 1536K, 0% used [0x00000000ebb00000,0x00000000ebb00000,0x00000000ebc80000)
 ParOldGen       total 68608K, used 38929K [0x00000000c0000000, 0x00000000c4300000, 0x00000000eab00000)
  object space 68608K, 56% used [0x00000000c0000000,0x00000000c2604588,0x00000000c4300000)
 Metaspace       used 58816K, committed 60032K, reserved 1114112K
  class space    used 7201K, committed 7744K, reserved 1048576K
}
Event: 6.905 GC heap before
{Heap before GC invocations=40 (full 3):
 PSYoungGen      total 16896K, used 16895K [0x00000000eab00000, 0x00000000ebe00000, 0x0000000100000000)
  eden space 15872K, 100% used [0x00000000eab00000,0x00000000eba80000,0x00000000eba80000)
  from space 1024K, 99% used [0x00000000ebd00000,0x00000000ebdffd08,0x00000000ebe00000)
  to   space 1536K, 0% used [0x00000000ebb00000,0x00000000ebb00000,0x00000000ebc80000)
 ParOldGen       total 68608K, used 38929K [0x00000000c0000000, 0x00000000c4300000, 0x00000000eab00000)
  object space 68608K, 56% used [0x00000000c0000000,0x00000000c2604588,0x00000000c4300000)
 Metaspace       used 58816K, committed 60032K, reserved 1114112K
  class space    used 7201K, committed 7744K, reserved 1048576K
}
Event: 6.906 GC heap after
{Heap after GC invocations=40 (full 3):
 PSYoungGen      total 17408K, used 1307K [0x00000000eab00000, 0x00000000ebd80000, 0x0000000100000000)
  eden space 15872K, 0% used [0x00000000eab00000,0x00000000eab00000,0x00000000eba80000)
  from space 1536K, 85% used [0x00000000ebb00000,0x00000000ebc46e38,0x00000000ebc80000)
  to   space 1024K, 0% used [0x00000000ebc80000,0x00000000ebc80000,0x00000000ebd80000)
 ParOldGen       total 68608K, used 39033K [0x00000000c0000000, 0x00000000c4300000, 0x00000000eab00000)
  object space 68608K, 56% used [0x00000000c0000000,0x00000000c261e598,0x00000000c4300000)
 Metaspace       used 58816K, committed 60032K, reserved 1114112K
  class space    used 7201K, committed 7744K, reserved 1048576K
}
Event: 6.960 GC heap before
{Heap before GC invocations=41 (full 3):
 PSYoungGen      total 17408K, used 17179K [0x00000000eab00000, 0x00000000ebd80000, 0x0000000100000000)
  eden space 15872K, 100% used [0x00000000eab00000,0x00000000eba80000,0x00000000eba80000)
  from space 1536K, 85% used [0x00000000ebb00000,0x00000000ebc46e38,0x00000000ebc80000)
  to   space 1024K, 0% used [0x00000000ebc80000,0x00000000ebc80000,0x00000000ebd80000)
 ParOldGen       total 68608K, used 39033K [0x00000000c0000000, 0x00000000c4300000, 0x00000000eab00000)
  object space 68608K, 56% used [0x00000000c0000000,0x00000000c261e598,0x00000000c4300000)
 Metaspace       used 58816K, committed 60032K, reserved 1114112K
  class space    used 7201K, committed 7744K, reserved 1048576K
}
Event: 6.960 GC heap after
{Heap after GC invocations=41 (full 3):
 PSYoungGen      total 16384K, used 426K [0x00000000eab00000, 0x00000000ebd00000, 0x0000000100000000)
  eden space 15872K, 0% used [0x00000000eab00000,0x00000000eab00000,0x00000000eba80000)
  from space 512K, 83% used [0x00000000ebc80000,0x00000000ebcea9a0,0x00000000ebd00000)
  to   space 1024K, 0% used [0x00000000ebb00000,0x00000000ebb00000,0x00000000ebc00000)
 ParOldGen       total 68608K, used 39113K [0x00000000c0000000, 0x00000000c4300000, 0x00000000eab00000)
  object space 68608K, 57% used [0x00000000c0000000,0x00000000c2632598,0x00000000c4300000)
 Metaspace       used 58816K, committed 60032K, reserved 1114112K
  class space    used 7201K, committed 7744K, reserved 1048576K
}
Event: 7.011 GC heap before
{Heap before GC invocations=42 (full 3):
 PSYoungGen      total 16384K, used 16298K [0x00000000eab00000, 0x00000000ebd00000, 0x0000000100000000)
  eden space 15872K, 100% used [0x00000000eab00000,0x00000000eba80000,0x00000000eba80000)
  from space 512K, 83% used [0x00000000ebc80000,0x00000000ebcea9a0,0x00000000ebd00000)
  to   space 1024K, 0% used [0x00000000ebb00000,0x00000000ebb00000,0x00000000ebc00000)
 ParOldGen       total 68608K, used 39113K [0x00000000c0000000, 0x00000000c4300000, 0x00000000eab00000)
  object space 68608K, 57% used [0x00000000c0000000,0x00000000c2632598,0x00000000c4300000)
 Metaspace       used 58816K, committed 60032K, reserved 1114112K
  class space    used 7201K, committed 7744K, reserved 1048576K
}
Event: 7.012 GC heap after
{Heap after GC invocations=42 (full 3):
 PSYoungGen      total 16896K, used 877K [0x00000000eab00000, 0x00000000ebd00000, 0x0000000100000000)
  eden space 15872K, 0% used [0x00000000eab00000,0x00000000eab00000,0x00000000eba80000)
  from space 1024K, 85% used [0x00000000ebb00000,0x00000000ebbdb4e8,0x00000000ebc00000)
  to   space 1024K, 0% used [0x00000000ebc00000,0x00000000ebc00000,0x00000000ebd00000)
 ParOldGen       total 68608K, used 39221K [0x00000000c0000000, 0x00000000c4300000, 0x00000000eab00000)
  object space 68608K, 57% used [0x00000000c0000000,0x00000000c264d668,0x00000000c4300000)
 Metaspace       used 58816K, committed 60032K, reserved 1114112K
  class space    used 7201K, committed 7744K, reserved 1048576K
}
Event: 7.069 GC heap before
{Heap before GC invocations=43 (full 3):
 PSYoungGen      total 16896K, used 16749K [0x00000000eab00000, 0x00000000ebd00000, 0x0000000100000000)
  eden space 15872K, 100% used [0x00000000eab00000,0x00000000eba80000,0x00000000eba80000)
  from space 1024K, 85% used [0x00000000ebb00000,0x00000000ebbdb4e8,0x00000000ebc00000)
  to   space 1024K, 0% used [0x00000000ebc00000,0x00000000ebc00000,0x00000000ebd00000)
 ParOldGen       total 68608K, used 39221K [0x00000000c0000000, 0x00000000c4300000, 0x00000000eab00000)
  object space 68608K, 57% used [0x00000000c0000000,0x00000000c264d668,0x00000000c4300000)
 Metaspace       used 58816K, committed 60032K, reserved 1114112K
  class space    used 7201K, committed 7744K, reserved 1048576K
}
Event: 7.070 GC heap after
{Heap after GC invocations=43 (full 3):
 PSYoungGen      total 16896K, used 1006K [0x00000000eab00000, 0x00000000ebd80000, 0x0000000100000000)
  eden space 15872K, 0% used [0x00000000eab00000,0x00000000eab00000,0x00000000eba80000)
  from space 1024K, 98% used [0x00000000ebc00000,0x00000000ebcfbb98,0x00000000ebd00000)
  to   space 1536K, 0% used [0x00000000eba80000,0x00000000eba80000,0x00000000ebc00000)
 ParOldGen       total 68608K, used 39509K [0x00000000c0000000, 0x00000000c4300000, 0x00000000eab00000)
  object space 68608K, 57% used [0x00000000c0000000,0x00000000c2695670,0x00000000c4300000)
 Metaspace       used 58816K, committed 60032K, reserved 1114112K
  class space    used 7201K, committed 7744K, reserved 1048576K
}
Event: 7.143 GC heap before
{Heap before GC invocations=44 (full 3):
 PSYoungGen      total 16896K, used 16878K [0x00000000eab00000, 0x00000000ebd80000, 0x0000000100000000)
  eden space 15872K, 100% used [0x00000000eab00000,0x00000000eba80000,0x00000000eba80000)
  from space 1024K, 98% used [0x00000000ebc00000,0x00000000ebcfbb98,0x00000000ebd00000)
  to   space 1536K, 0% used [0x00000000eba80000,0x00000000eba80000,0x00000000ebc00000)
 ParOldGen       total 68608K, used 39509K [0x00000000c0000000, 0x00000000c4300000, 0x00000000eab00000)
  object space 68608K, 57% used [0x00000000c0000000,0x00000000c2695670,0x00000000c4300000)
 Metaspace       used 58817K, committed 60032K, reserved 1114112K
  class space    used 7201K, committed 7744K, reserved 1048576K
}
Event: 7.144 GC heap after
{Heap after GC invocations=44 (full 3):
 PSYoungGen      total 16384K, used 384K [0x00000000eab00000, 0x00000000ebc80000, 0x0000000100000000)
  eden space 15872K, 0% used [0x00000000eab00000,0x00000000eab00000,0x00000000eba80000)
  from space 512K, 75% used [0x00000000eba80000,0x00000000ebae0000,0x00000000ebb00000)
  to   space 1024K, 0% used [0x00000000ebb80000,0x00000000ebb80000,0x00000000ebc80000)
 ParOldGen       total 68608K, used 39581K [0x00000000c0000000, 0x00000000c4300000, 0x00000000eab00000)
  object space 68608K, 57% used [0x00000000c0000000,0x00000000c26a7670,0x00000000c4300000)
 Metaspace       used 58817K, committed 60032K, reserved 1114112K
  class space    used 7201K, committed 7744K, reserved 1048576K
}
Event: 7.207 GC heap before
{Heap before GC invocations=45 (full 3):
 PSYoungGen      total 16384K, used 16256K [0x00000000eab00000, 0x00000000ebc80000, 0x0000000100000000)
  eden space 15872K, 100% used [0x00000000eab00000,0x00000000eba80000,0x00000000eba80000)
  from space 512K, 75% used [0x00000000eba80000,0x00000000ebae0000,0x00000000ebb00000)
  to   space 1024K, 0% used [0x00000000ebb80000,0x00000000ebb80000,0x00000000ebc80000)
 ParOldGen       total 68608K, used 39581K [0x00000000c0000000, 0x00000000c4300000, 0x00000000eab00000)
  object space 68608K, 57% used [0x00000000c0000000,0x00000000c26a7670,0x00000000c4300000)
 Metaspace       used 58819K, committed 60032K, reserved 1114112K
  class space    used 7201K, committed 7744K, reserved 1048576K
}
Event: 7.208 GC heap after
{Heap after GC invocations=45 (full 3):
 PSYoungGen      total 16896K, used 555K [0x00000000eab00000, 0x00000000ebc80000, 0x0000000100000000)
  eden space 15872K, 0% used [0x00000000eab00000,0x00000000eab00000,0x00000000eba80000)
  from space 1024K, 54% used [0x00000000ebb80000,0x00000000ebc0ad40,0x00000000ebc80000)
  to   space 1024K, 0% used [0x00000000eba80000,0x00000000eba80000,0x00000000ebb80000)
 ParOldGen       total 68608K, used 39848K [0x00000000c0000000, 0x00000000c4300000, 0x00000000eab00000)
  object space 68608K, 58% used [0x00000000c0000000,0x00000000c26ea320,0x00000000c4300000)
 Metaspace       used 58819K, committed 60032K, reserved 1114112K
  class space    used 7201K, committed 7744K, reserved 1048576K
}
Event: 7.271 GC heap before
{Heap before GC invocations=46 (full 3):
 PSYoungGen      total 16896K, used 16427K [0x00000000eab00000, 0x00000000ebc80000, 0x0000000100000000)
  eden space 15872K, 100% used [0x00000000eab00000,0x00000000eba80000,0x00000000eba80000)
  from space 1024K, 54% used [0x00000000ebb80000,0x00000000ebc0ad40,0x00000000ebc80000)
  to   space 1024K, 0% used [0x00000000eba80000,0x00000000eba80000,0x00000000ebb80000)
 ParOldGen       total 68608K, used 39848K [0x00000000c0000000, 0x00000000c4300000, 0x00000000eab00000)
  object space 68608K, 58% used [0x00000000c0000000,0x00000000c26ea320,0x00000000c4300000)
 Metaspace       used 58819K, committed 60032K, reserved 1114112K
  class space    used 7201K, committed 7744K, reserved 1048576K
}
Event: 7.271 GC heap after
{Heap after GC invocations=46 (full 3):
 PSYoungGen      total 16896K, used 1020K [0x00000000eab00000, 0x00000000ebe80000, 0x0000000100000000)
  eden space 15872K, 0% used [0x00000000eab00000,0x00000000eab00000,0x00000000eba80000)
  from space 1024K, 99% used [0x00000000eba80000,0x00000000ebb7f130,0x00000000ebb80000)
  to   space 2048K, 0% used [0x00000000ebc80000,0x00000000ebc80000,0x00000000ebe80000)
 ParOldGen       total 68608K, used 40219K [0x00000000c0000000, 0x00000000c4300000, 0x00000000eab00000)
  object space 68608K, 58% used [0x00000000c0000000,0x00000000c2746f88,0x00000000c4300000)
 Metaspace       used 58819K, committed 60032K, reserved 1114112K
  class space    used 7201K, committed 7744K, reserved 1048576K
}
Event: 7.361 GC heap before
{Heap before GC invocations=47 (full 3):
 PSYoungGen      total 16896K, used 16892K [0x00000000eab00000, 0x00000000ebe80000, 0x0000000100000000)
  eden space 15872K, 100% used [0x00000000eab00000,0x00000000eba80000,0x00000000eba80000)
  from space 1024K, 99% used [0x00000000eba80000,0x00000000ebb7f130,0x00000000ebb80000)
  to   space 2048K, 0% used [0x00000000ebc80000,0x00000000ebc80000,0x00000000ebe80000)
 ParOldGen       total 68608K, used 40219K [0x00000000c0000000, 0x00000000c4300000, 0x00000000eab00000)
  object space 68608K, 58% used [0x00000000c0000000,0x00000000c2746f88,0x00000000c4300000)
 Metaspace       used 59603K, committed 60864K, reserved 1114112K
  class space    used 7313K, committed 7872K, reserved 1048576K
}
Event: 7.362 GC heap after
{Heap after GC invocations=47 (full 3):
 PSYoungGen      total 16384K, used 448K [0x00000000eab00000, 0x00000000ebd00000, 0x0000000100000000)
  eden space 15872K, 0% used [0x00000000eab00000,0x00000000eab00000,0x00000000eba80000)
  from space 512K, 87% used [0x00000000ebc80000,0x00000000ebcf0000,0x00000000ebd00000)
  to   space 1024K, 0% used [0x00000000ebb00000,0x00000000ebb00000,0x00000000ebc00000)
 ParOldGen       total 68608K, used 40315K [0x00000000c0000000, 0x00000000c4300000, 0x00000000eab00000)
  object space 68608K, 58% used [0x00000000c0000000,0x00000000c275ef88,0x00000000c4300000)
 Metaspace       used 59603K, committed 60864K, reserved 1114112K
  class space    used 7313K, committed 7872K, reserved 1048576K
}
Event: 7.559 GC heap before
{Heap before GC invocations=48 (full 3):
 PSYoungGen      total 16384K, used 16320K [0x00000000eab00000, 0x00000000ebd00000, 0x0000000100000000)
  eden space 15872K, 100% used [0x00000000eab00000,0x00000000eba80000,0x00000000eba80000)
  from space 512K, 87% used [0x00000000ebc80000,0x00000000ebcf0000,0x00000000ebd00000)
  to   space 1024K, 0% used [0x00000000ebb00000,0x00000000ebb00000,0x00000000ebc00000)
 ParOldGen       total 68608K, used 40315K [0x00000000c0000000, 0x00000000c4300000, 0x00000000eab00000)
  object space 68608K, 58% used [0x00000000c0000000,0x00000000c275ef88,0x00000000c4300000)
 Metaspace       used 61314K, committed 62656K, reserved 1114112K
  class space    used 7582K, committed 8192K, reserved 1048576K
}
Event: 7.560 GC heap after
{Heap after GC invocations=48 (full 3):
 PSYoungGen      total 16896K, used 754K [0x00000000eab00000, 0x00000000ebd00000, 0x0000000100000000)
  eden space 15872K, 0% used [0x00000000eab00000,0x00000000eab00000,0x00000000eba80000)
  from space 1024K, 73% used [0x00000000ebb00000,0x00000000ebbbc940,0x00000000ebc00000)
  to   space 1024K, 0% used [0x00000000ebc00000,0x00000000ebc00000,0x00000000ebd00000)
 ParOldGen       total 68608K, used 40595K [0x00000000c0000000, 0x00000000c4300000, 0x00000000eab00000)
  object space 68608K, 59% used [0x00000000c0000000,0x00000000c27a4c98,0x00000000c4300000)
 Metaspace       used 61314K, committed 62656K, reserved 1114112K
  class space    used 7582K, committed 8192K, reserved 1048576K
}

Dll operation events (15 events):
Event: 0.006 Loaded shared library c:\Users\admin\.cursor\extensions\redhat.java-1.42.0-win32-x64\jre\21.0.7-win32-x86_64\bin\java.dll
Event: 0.047 Loaded shared library c:\Users\admin\.cursor\extensions\redhat.java-1.42.0-win32-x64\jre\21.0.7-win32-x86_64\bin\zip.dll
Event: 0.061 Loaded shared library C:\Users\admin\.cursor\extensions\redhat.java-1.42.0-win32-x64\jre\21.0.7-win32-x86_64\bin\instrument.dll
Event: 0.065 Loaded shared library C:\Users\admin\.cursor\extensions\redhat.java-1.42.0-win32-x64\jre\21.0.7-win32-x86_64\bin\net.dll
Event: 0.071 Loaded shared library C:\Users\admin\.cursor\extensions\redhat.java-1.42.0-win32-x64\jre\21.0.7-win32-x86_64\bin\nio.dll
Event: 0.073 Loaded shared library C:\Users\admin\.cursor\extensions\redhat.java-1.42.0-win32-x64\jre\21.0.7-win32-x86_64\bin\zip.dll
Event: 0.083 Loaded shared library C:\Users\admin\.cursor\extensions\redhat.java-1.42.0-win32-x64\jre\21.0.7-win32-x86_64\bin\jimage.dll
Event: 0.122 Loaded shared library c:\Users\admin\.cursor\extensions\redhat.java-1.42.0-win32-x64\jre\21.0.7-win32-x86_64\bin\verify.dll
Event: 0.704 Loaded shared library C:\Users\admin\AppData\Roaming\Cursor\User\globalStorage\redhat.java\1.42.0\config_win\org.eclipse.equinox.launcher\org.eclipse.equinox.launcher.win32.win32.x86_64_1.2.1300.v20250331-1702\eclipse_11911.dll
Event: 2.174 Loaded shared library C:\Users\admin\.cursor\extensions\redhat.java-1.42.0-win32-x64\jre\21.0.7-win32-x86_64\bin\management.dll
Event: 2.176 Loaded shared library C:\Users\admin\.cursor\extensions\redhat.java-1.42.0-win32-x64\jre\21.0.7-win32-x86_64\bin\management_ext.dll
Event: 2.568 Loaded shared library C:\Users\admin\AppData\Local\Temp\jna-92668751\jna5411161431241950433.dll
Event: 5.528 Loaded shared library C:\Users\admin\.gradle\native\1def1411415f61bf3af743bc5b6707747c0891f09f0c88961ee8f79bc544acac\windows-amd64\native-platform.dll
Event: 7.343 Loaded shared library C:\Users\admin\.cursor\extensions\redhat.java-1.42.0-win32-x64\jre\21.0.7-win32-x86_64\bin\extnet.dll
Event: 10.171 Loaded shared library C:\Users\admin\.cursor\extensions\redhat.java-1.42.0-win32-x64\jre\21.0.7-win32-x86_64\bin\sunmscapi.dll

Deoptimization events (20 events):
Event: 10.161 Thread 0x0000020bfed7f1c0 Uncommon trap: trap_request=0xffffff45 fr.pc=0x0000020bec415e7c relative=0x00000000000008bc
Event: 10.161 Thread 0x0000020bfed7f1c0 Uncommon trap: reason=unstable_if action=reinterpret pc=0x0000020bec415e7c method=java.util.HashMap.computeIfAbsent(Ljava/lang/Object;Ljava/util/function/Function;)Ljava/lang/Object; @ 294 c2
Event: 10.161 Thread 0x0000020bfed7f1c0 DEOPT PACKING pc=0x0000020bec415e7c sp=0x0000003a631fc130
Event: 10.161 Thread 0x0000020bfed7f1c0 DEOPT UNPACKING pc=0x0000020bebc63aa2 sp=0x0000003a631fc0d8 mode 2
Event: 10.176 Thread 0x0000020bfed7f1c0 Uncommon trap: trap_request=0xffffff45 fr.pc=0x0000020bec6c8f44 relative=0x0000000000000b84
Event: 10.176 Thread 0x0000020bfed7f1c0 Uncommon trap: reason=unstable_if action=reinterpret pc=0x0000020bec6c8f44 method=sun.nio.fs.WindowsPath.openForReadAttributeAccess(Z)J @ 5 c2
Event: 10.176 Thread 0x0000020bfed7f1c0 DEOPT PACKING pc=0x0000020bec6c8f44 sp=0x0000003a631fdcf0
Event: 10.176 Thread 0x0000020bfed7f1c0 DEOPT UNPACKING pc=0x0000020bebc63aa2 sp=0x0000003a631fdcc8 mode 2
Event: 10.176 Thread 0x0000020bfed7f1c0 Uncommon trap: trap_request=0xffffff45 fr.pc=0x0000020bec6cd988 relative=0x0000000000000a68
Event: 10.176 Thread 0x0000020bfed7f1c0 Uncommon trap: reason=unstable_if action=reinterpret pc=0x0000020bec6cd988 method=sun.nio.fs.WindowsNativeDispatcher.asNativeBuffer(Ljava/lang/String;)Lsun/nio/fs/NativeBuffer; @ 52 c2
Event: 10.176 Thread 0x0000020bfed7f1c0 DEOPT PACKING pc=0x0000020bec6cd988 sp=0x0000003a631fdc70
Event: 10.176 Thread 0x0000020bfed7f1c0 DEOPT UNPACKING pc=0x0000020bebc63aa2 sp=0x0000003a631fdb18 mode 2
Event: 10.176 Thread 0x0000020bfed7f1c0 Uncommon trap: trap_request=0xffffff45 fr.pc=0x0000020bec6c6f30 relative=0x0000000000000650
Event: 10.176 Thread 0x0000020bfed7f1c0 Uncommon trap: reason=unstable_if action=reinterpret pc=0x0000020bec6c6f30 method=sun.nio.fs.WindowsFileAttributes.isReparsePoint(I)Z @ 5 c2
Event: 10.176 Thread 0x0000020bfed7f1c0 DEOPT PACKING pc=0x0000020bec6c6f30 sp=0x0000003a631fdd10
Event: 10.176 Thread 0x0000020bfed7f1c0 DEOPT UNPACKING pc=0x0000020bebc63aa2 sp=0x0000003a631fdc38 mode 2
Event: 10.176 Thread 0x0000020bfed7f1c0 Uncommon trap: trap_request=0xffffff45 fr.pc=0x0000020bec6a5884 relative=0x00000000000001c4
Event: 10.176 Thread 0x0000020bfed7f1c0 Uncommon trap: reason=unstable_if action=reinterpret pc=0x0000020bec6a5884 method=sun.nio.fs.NativeBuffers.getNativeBufferFromCache(I)Lsun/nio/fs/NativeBuffer; @ 34 c2
Event: 10.176 Thread 0x0000020bfed7f1c0 DEOPT PACKING pc=0x0000020bec6a5884 sp=0x0000003a631fdc20
Event: 10.176 Thread 0x0000020bfed7f1c0 DEOPT UNPACKING pc=0x0000020bebc63aa2 sp=0x0000003a631fdba8 mode 2

Classes loaded (20 events):
Event: 10.172 Loading class com/sun/security/sasl/Provider$1
Event: 10.172 Loading class com/sun/security/sasl/Provider$1 done
Event: 10.172 Loading class com/sun/security/sasl/Provider$ProviderService
Event: 10.172 Loading class com/sun/security/sasl/Provider$ProviderService done
Event: 10.172 Loading class sun/security/provider/certpath/ldap/JdkLDAP
Event: 10.172 Loading class sun/security/provider/certpath/ldap/JdkLDAP done
Event: 10.172 Loading class sun/security/provider/certpath/ldap/JdkLDAP$ProviderService
Event: 10.173 Loading class sun/security/provider/certpath/ldap/JdkLDAP$ProviderService done
Event: 10.173 Loading class sun/nio/ch/ServerSocketChannelImpl
Event: 10.174 Loading class sun/nio/ch/ServerSocketChannelImpl done
Event: 10.175 Loading class java/nio/BufferMismatch
Event: 10.175 Loading class java/nio/BufferMismatch done
Event: 10.175 Loading class sun/nio/ch/SourceChannelImpl
Event: 10.175 Loading class java/nio/channels/Pipe$SourceChannel
Event: 10.175 Loading class java/nio/channels/Pipe$SourceChannel done
Event: 10.175 Loading class sun/nio/ch/SourceChannelImpl done
Event: 10.175 Loading class sun/nio/ch/SinkChannelImpl
Event: 10.175 Loading class java/nio/channels/Pipe$SinkChannel
Event: 10.175 Loading class java/nio/channels/Pipe$SinkChannel done
Event: 10.175 Loading class sun/nio/ch/SinkChannelImpl done

Classes unloaded (13 events):
Event: 1.799 Thread 0x0000020bf59a4960 Unloading class 0x0000020b811a3c00 'java/lang/invoke/LambdaForm$MH+0x0000020b811a3c00'
Event: 1.799 Thread 0x0000020bf59a4960 Unloading class 0x0000020b811a3800 'java/lang/invoke/LambdaForm$MH+0x0000020b811a3800'
Event: 1.799 Thread 0x0000020bf59a4960 Unloading class 0x0000020b811a3400 'java/lang/invoke/LambdaForm$MH+0x0000020b811a3400'
Event: 1.799 Thread 0x0000020bf59a4960 Unloading class 0x0000020b811a3000 'java/lang/invoke/LambdaForm$MH+0x0000020b811a3000'
Event: 1.799 Thread 0x0000020bf59a4960 Unloading class 0x0000020b811a2c00 'java/lang/invoke/LambdaForm$BMH+0x0000020b811a2c00'
Event: 1.799 Thread 0x0000020bf59a4960 Unloading class 0x0000020b811a2800 'java/lang/invoke/LambdaForm$DMH+0x0000020b811a2800'
Event: 1.799 Thread 0x0000020bf59a4960 Unloading class 0x0000020b811a1400 'java/lang/invoke/LambdaForm$DMH+0x0000020b811a1400'
Event: 3.108 Thread 0x0000020bf59a4960 Unloading class 0x0000020b81315000 'java/lang/invoke/LambdaForm$MH+0x0000020b81315000'
Event: 3.108 Thread 0x0000020bf59a4960 Unloading class 0x0000020b81314400 'java/lang/invoke/LambdaForm$MH+0x0000020b81314400'
Event: 3.108 Thread 0x0000020bf59a4960 Unloading class 0x0000020b81313c00 'java/lang/invoke/LambdaForm$MH+0x0000020b81313c00'
Event: 3.108 Thread 0x0000020bf59a4960 Unloading class 0x0000020b81313400 'java/lang/invoke/LambdaForm$MH+0x0000020b81313400'
Event: 3.108 Thread 0x0000020bf59a4960 Unloading class 0x0000020b81313000 'java/lang/invoke/LambdaForm$DMH+0x0000020b81313000'
Event: 3.108 Thread 0x0000020bf59a4960 Unloading class 0x0000020b81312800 'java/lang/invoke/LambdaForm$MH+0x0000020b81312800'

Classes redefined (0 events):
No events

Internal exceptions (20 events):
Event: 7.392 Thread 0x0000020bfed7f1c0 Exception <a 'java/lang/NoSuchMethodError'{0x00000000eaf04740}: 'java.lang.Object java.lang.invoke.DirectMethodHandle$Holder.invokeStatic(java.lang.Object, java.lang.Object, java.lang.Object, java.lang.Object, java.lang.Object, java.lang.Object, java.lang.Object, java.lang.Object, java.lang.Object, java.lang.Object, java.lang.Object, java.lang.Object, java.lang.Object, java.lang.Object, java.lang.Object, java.lang.Object, java.lang.Object)'> (0x00000000eaf04740) 
thrown [s\src\hotspot\share\interpreter\lin
Event: 7.393 Thread 0x0000020bfed7f1c0 Exception <a 'java/lang/NoSuchMethodError'{0x00000000eaf31198}: 'java.lang.Object java.lang.invoke.DirectMethodHandle$Holder.invokeStatic(java.lang.Object, java.lang.Object, java.lang.Object, java.lang.Object, java.lang.Object, java.lang.Object, java.lang.Object, java.lang.Object, java.lang.Object, java.lang.Object, java.lang.Object, java.lang.Object, java.lang.Object, java.lang.Object, java.lang.Object, java.lang.Object, java.lang.Object, java.lang.Object)'> (0x00000000eaf31198) 
thrown [s\src\hotspot\sha
Event: 7.394 Thread 0x0000020bfed7f1c0 Exception <a 'java/lang/NoSuchMethodError'{0x00000000eaf5ecd8}: 'java.lang.Object java.lang.invoke.DirectMethodHandle$Holder.invokeStatic(java.lang.Object, java.lang.Object, java.lang.Object, java.lang.Object, java.lang.Object, java.lang.Object, java.lang.Object, java.lang.Object, java.lang.Object, java.lang.Object, java.lang.Object, java.lang.Object, java.lang.Object, java.lang.Object, java.lang.Object, java.lang.Object, java.lang.Object, java.lang.Object, java.lang.Object)'> (0x00000000eaf5ecd8) 
thrown 
Event: 7.395 Thread 0x0000020bfed7f1c0 Exception <a 'java/lang/NoSuchMethodError'{0x00000000eaf8f360}: 'java.lang.Object java.lang.invoke.DirectMethodHandle$Holder.invokeStatic(java.lang.Object, java.lang.Object, java.lang.Object, java.lang.Object, java.lang.Object, java.lang.Object, java.lang.Object, java.lang.Object, java.lang.Object, java.lang.Object, java.lang.Object, java.lang.Object, java.lang.Object, java.lang.Object, java.lang.Object, java.lang.Object, java.lang.Object, java.lang.Object, java.lang.Object, java.lang.Object)'> (0x00000000
Event: 7.397 Thread 0x0000020bfed7f1c0 Exception <a 'java/lang/NoSuchMethodError'{0x00000000eafc0328}: 'java.lang.Object java.lang.invoke.DirectMethodHandle$Holder.invokeStatic(java.lang.Object, java.lang.Object, java.lang.Object, java.lang.Object, java.lang.Object, java.lang.Object, java.lang.Object, java.lang.Object, java.lang.Object, java.lang.Object, java.lang.Object, java.lang.Object, java.lang.Object, java.lang.Object, java.lang.Object, java.lang.Object, java.lang.Object, java.lang.Object, java.lang.Object, java.lang.Object, java.lang.Obj
Event: 7.398 Thread 0x0000020bfed7f1c0 Exception <a 'java/lang/NoSuchMethodError'{0x00000000eaff0ef0}: 'java.lang.Object java.lang.invoke.DirectMethodHandle$Holder.invokeStatic(java.lang.Object, java.lang.Object, java.lang.Object, java.lang.Object, java.lang.Object, java.lang.Object, java.lang.Object, java.lang.Object, java.lang.Object, java.lang.Object, java.lang.Object, java.lang.Object, java.lang.Object, java.lang.Object, java.lang.Object, java.lang.Object, java.lang.Object, java.lang.Object, java.lang.Object, java.lang.Object, java.lang.Obj
Event: 7.399 Thread 0x0000020bfed7f1c0 Exception <a 'java/lang/NoSuchMethodError'{0x00000000eb022be0}: 'java.lang.Object java.lang.invoke.DirectMethodHandle$Holder.invokeStatic(java.lang.Object, java.lang.Object, java.lang.Object, java.lang.Object, java.lang.Object, java.lang.Object, java.lang.Object, java.lang.Object, java.lang.Object, java.lang.Object, java.lang.Object, java.lang.Object, java.lang.Object, java.lang.Object, java.lang.Object, java.lang.Object, java.lang.Object, java.lang.Object, java.lang.Object, java.lang.Object, java.lang.Obj
Event: 7.400 Thread 0x0000020bfed7f1c0 Exception <a 'java/lang/NoSuchMethodError'{0x00000000eb055128}: 'java.lang.Object java.lang.invoke.DirectMethodHandle$Holder.invokeStatic(java.lang.Object, java.lang.Object, java.lang.Object, java.lang.Object, java.lang.Object, java.lang.Object, java.lang.Object, java.lang.Object, java.lang.Object, java.lang.Object, java.lang.Object, java.lang.Object, java.lang.Object, java.lang.Object, java.lang.Object, java.lang.Object, java.lang.Object, java.lang.Object, java.lang.Object, java.lang.Object, java.lang.Obj
Event: 7.401 Thread 0x0000020bfed7f1c0 Exception <a 'java/lang/NoSuchMethodError'{0x00000000eb0897d0}: 'java.lang.Object java.lang.invoke.DirectMethodHandle$Holder.invokeStatic(java.lang.Object, java.lang.Object, java.lang.Object, java.lang.Object, java.lang.Object, java.lang.Object, java.lang.Object, java.lang.Object, java.lang.Object, java.lang.Object, java.lang.Object, java.lang.Object, java.lang.Object, java.lang.Object, java.lang.Object, java.lang.Object, java.lang.Object, java.lang.Object, java.lang.Object, java.lang.Object, java.lang.Obj
Event: 7.403 Thread 0x0000020bfed7f1c0 Exception <a 'java/lang/NoSuchMethodError'{0x00000000eb0b0028}: 'java.lang.Object java.lang.invoke.DirectMethodHandle$Holder.invokeSpecial(java.lang.Object, java.lang.Object, java.lang.Object, java.lang.Object, java.lang.Object, java.lang.Object, java.lang.Object, java.lang.Object, java.lang.Object, java.lang.Object, java.lang.Object, java.lang.Object, java.lang.Object, java.lang.Object, java.lang.Object, java.lang.Object, java.lang.Object, java.lang.Object, java.lang.Object, java.lang.Object, java.lang.Ob
Event: 7.403 Thread 0x0000020bfed7f1c0 Exception <a 'java/lang/NoSuchMethodError'{0x00000000eb0c5810}: 'java.lang.Object java.lang.invoke.DirectMethodHandle$Holder.newInvokeSpecial(java.lang.Object, java.lang.Object, java.lang.Object, java.lang.Object, java.lang.Object, java.lang.Object, java.lang.Object, java.lang.Object, java.lang.Object, java.lang.Object, java.lang.Object, java.lang.Object, java.lang.Object, java.lang.Object, java.lang.Object, java.lang.Object, java.lang.Object, java.lang.Object, java.lang.Object, java.lang.Object, java.lang
Event: 7.403 Thread 0x0000020bfed7f1c0 Exception <a 'java/lang/NoSuchMethodError'{0x00000000eb0cba08}: 'java.lang.Object java.lang.invoke.Invokers$Holder.linkToTargetMethod(java.lang.Object, java.lang.Object, java.lang.Object, java.lang.Object, java.lang.Object, java.lang.Object, java.lang.Object, java.lang.Object, java.lang.Object, java.lang.Object, java.lang.Object, java.lang.Object, java.lang.Object, java.lang.Object, java.lang.Object, java.lang.Object, java.lang.Object, java.lang.Object, java.lang.Object, java.lang.Object, java.lang.Object,
Event: 7.404 Thread 0x0000020bfed7f1c0 Exception <a 'java/lang/NoSuchMethodError'{0x00000000eb0d0bd0}: 'java.lang.Object java.lang.invoke.DirectMethodHandle$Holder.invokeVirtual(java.lang.Object, java.lang.Object, java.lang.Object, java.lang.Object, java.lang.Object, java.lang.Object, java.lang.Object, java.lang.Object, java.lang.Object, java.lang.Object)'> (0x00000000eb0d0bd0) 
thrown [s\src\hotspot\share\interpreter\linkResolver.cpp, line 773]
Event: 7.414 Thread 0x0000020bfed7f1c0 Exception <a 'java/lang/NoSuchMethodError'{0x00000000eb26b300}: 'java.lang.Object java.lang.invoke.DirectMethodHandle$Holder.invokeVirtual(java.lang.Object, java.lang.Object, java.lang.Object, java.lang.Object, java.lang.Object, java.lang.Object, java.lang.Object, java.lang.Object, java.lang.Object)'> (0x00000000eb26b300) 
thrown [s\src\hotspot\share\interpreter\linkResolver.cpp, line 773]
Event: 7.429 Thread 0x0000020bfed7f1c0 Exception <a 'java/lang/NoSuchMethodError'{0x00000000eb4a8d78}: 'java.lang.Object java.lang.invoke.DirectMethodHandle$Holder.invokeVirtual(java.lang.Object, java.lang.Object, java.lang.Object, java.lang.Object, java.lang.Object, java.lang.Object, java.lang.Object, java.lang.Object)'> (0x00000000eb4a8d78) 
thrown [s\src\hotspot\share\interpreter\linkResolver.cpp, line 773]
Event: 7.433 Thread 0x0000020bfed7f1c0 Exception <a 'java/lang/NoSuchMethodError'{0x00000000eb51fe78}: 'long java.lang.invoke.DirectMethodHandle$Holder.invokeVirtual(java.lang.Object, java.lang.Object)'> (0x00000000eb51fe78) 
thrown [s\src\hotspot\share\interpreter\linkResolver.cpp, line 773]
Event: 7.433 Thread 0x0000020bfed7f1c0 Exception <a 'java/lang/NoSuchMethodError'{0x00000000eb523278}: 'long java.lang.invoke.DelegatingMethodHandle$Holder.reinvoke_L(java.lang.Object, java.lang.Object)'> (0x00000000eb523278) 
thrown [s\src\hotspot\share\interpreter\linkResolver.cpp, line 773]
Event: 7.572 Thread 0x0000020bfed7d0f0 Exception <a 'java/lang/NoSuchMethodError'{0x00000000eac1e5d0}: 'void java.lang.invoke.DirectMethodHandle$Holder.invokeStatic(java.lang.Object, long)'> (0x00000000eac1e5d0) 
thrown [s\src\hotspot\share\interpreter\linkResolver.cpp, line 773]
Event: 8.456 Thread 0x0000020bfed7d0f0 Exception <a 'java/lang/NoSuchMethodError'{0x00000000eac42440}: 'void java.lang.invoke.DirectMethodHandle$Holder.invokeSpecial(java.lang.Object, java.lang.Object, int)'> (0x00000000eac42440) 
thrown [s\src\hotspot\share\interpreter\linkResolver.cpp, line 773]
Event: 8.456 Thread 0x0000020bfed7d0f0 Exception <a 'java/lang/NoSuchMethodError'{0x00000000eac47868}: 'java.lang.Object java.lang.invoke.DirectMethodHandle$Holder.newInvokeSpecial(java.lang.Object, java.lang.Object, int)'> (0x00000000eac47868) 
thrown [s\src\hotspot\share\interpreter\linkResolver.cpp, line 773]

ZGC Phase Switch (0 events):
No events

VM Operations (20 events):
Event: 7.143 Executing VM operation: ParallelGCFailedAllocation (Allocation Failure)
Event: 7.144 Executing VM operation: ParallelGCFailedAllocation (Allocation Failure) done
Event: 7.207 Executing VM operation: ParallelGCFailedAllocation (Allocation Failure)
Event: 7.208 Executing VM operation: ParallelGCFailedAllocation (Allocation Failure) done
Event: 7.271 Executing VM operation: ParallelGCFailedAllocation (Allocation Failure)
Event: 7.271 Executing VM operation: ParallelGCFailedAllocation (Allocation Failure) done
Event: 7.361 Executing VM operation: ParallelGCFailedAllocation (Allocation Failure)
Event: 7.362 Executing VM operation: ParallelGCFailedAllocation (Allocation Failure) done
Event: 7.418 Executing VM operation: HandshakeAllThreads (Deoptimize)
Event: 7.418 Executing VM operation: HandshakeAllThreads (Deoptimize) done
Event: 7.559 Executing VM operation: ParallelGCFailedAllocation (Allocation Failure)
Event: 7.560 Executing VM operation: ParallelGCFailedAllocation (Allocation Failure) done
Event: 7.614 Executing VM operation: HandshakeAllThreads (Deoptimize)
Event: 7.615 Executing VM operation: HandshakeAllThreads (Deoptimize) done
Event: 8.614 Executing VM operation: Cleanup
Event: 8.614 Executing VM operation: Cleanup done
Event: 10.163 Executing VM operation: HandshakeAllThreads (Deoptimize)
Event: 10.163 Executing VM operation: HandshakeAllThreads (Deoptimize) done
Event: 10.163 Executing VM operation: Cleanup
Event: 10.163 Executing VM operation: Cleanup done

Memory protections (0 events):
No events

Nmethod flushes (20 events):
Event: 6.633 Thread 0x0000020bf59a4960 flushing  nmethod 0x0000020be513f390
Event: 6.633 Thread 0x0000020bf59a4960 flushing  nmethod 0x0000020be5149710
Event: 6.633 Thread 0x0000020bf59a4960 flushing  nmethod 0x0000020be515b110
Event: 6.633 Thread 0x0000020bf59a4960 flushing  nmethod 0x0000020be515ec10
Event: 6.633 Thread 0x0000020bf59a4960 flushing  nmethod 0x0000020be5172010
Event: 6.633 Thread 0x0000020bf59a4960 flushing  nmethod 0x0000020be518ee90
Event: 6.633 Thread 0x0000020bf59a4960 flushing  nmethod 0x0000020be518fc90
Event: 6.633 Thread 0x0000020bf59a4960 flushing  nmethod 0x0000020be51a9490
Event: 6.633 Thread 0x0000020bf59a4960 flushing  nmethod 0x0000020be51a9e90
Event: 6.633 Thread 0x0000020bf59a4960 flushing  nmethod 0x0000020be51aa310
Event: 6.633 Thread 0x0000020bf59a4960 flushing  nmethod 0x0000020be51aa710
Event: 6.633 Thread 0x0000020bf59a4960 flushing  nmethod 0x0000020be51ac010
Event: 6.633 Thread 0x0000020bf59a4960 flushing  nmethod 0x0000020be51adb10
Event: 6.633 Thread 0x0000020bf59a4960 flushing  nmethod 0x0000020be51ae510
Event: 6.633 Thread 0x0000020bf59a4960 flushing  nmethod 0x0000020be51aef10
Event: 6.633 Thread 0x0000020bf59a4960 flushing  nmethod 0x0000020be51ba610
Event: 6.633 Thread 0x0000020bf59a4960 flushing  nmethod 0x0000020be51cd190
Event: 6.633 Thread 0x0000020bf59a4960 flushing  nmethod 0x0000020be51e3490
Event: 6.633 Thread 0x0000020bf59a4960 flushing  nmethod 0x0000020be51f5e10
Event: 6.633 Thread 0x0000020bf59a4960 flushing  nmethod 0x0000020be51ff690

Events (20 events):
Event: 6.238 Thread 0x0000020bfed7eb30 Thread exited: 0x0000020bfed7eb30
Event: 6.239 Thread 0x0000020bfe497f10 Thread added: 0x0000020bfed7eb30
Event: 6.240 Thread 0x0000020bfe497f10 Thread added: 0x0000020bfed7f1c0
Event: 6.717 Thread 0x0000020bfe3c4230 Thread exited: 0x0000020bfe3c4230
Event: 6.728 Thread 0x0000020bf6e8d520 Thread added: 0x0000020bc3c0d770
Event: 7.304 Thread 0x0000020bf71708a0 Thread exited: 0x0000020bf71708a0
Event: 7.441 Thread 0x0000020bfed7f1c0 Thread added: 0x0000020bfed7f850
Event: 7.563 Thread 0x0000020bc3c0d770 Thread exited: 0x0000020bc3c0d770
Event: 7.567 Thread 0x0000020bfed7f1c0 Thread added: 0x0000020bfed7d0f0
Event: 7.574 Thread 0x0000020bfed7d0f0 Thread added: 0x0000020bfed80c00
Event: 7.574 Thread 0x0000020bfed7d0f0 Thread added: 0x0000020bfed7e4a0
Event: 7.611 Thread 0x0000020bf6fe6d70 Thread exited: 0x0000020bf6fe6d70
Event: 8.131 Thread 0x0000020bf7171bd0 Thread exited: 0x0000020bf7171bd0
Event: 8.457 Thread 0x0000020bf6fa7f60 Thread exited: 0x0000020bf6fa7f60
Event: 8.496 Thread 0x0000020bfed7f1c0 Thread added: 0x0000020bfed7de10
Event: 8.502 Thread 0x0000020bfed7de10 Thread added: 0x0000020bfed7d780
Event: 8.502 Thread 0x0000020bfed7de10 Thread added: 0x0000020bfed82cd0
Event: 8.502 Thread 0x0000020bfed7d780 Thread exited: 0x0000020bfed7d780
Event: 10.061 Thread 0x0000020bfed7de10 Thread exited: 0x0000020bfed7de10
Event: 10.061 Thread 0x0000020bfed82cd0 Thread exited: 0x0000020bfed82cd0


Dynamic libraries:
0x00007ff776830000 - 0x00007ff77683e000 	c:\Users\admin\.cursor\extensions\redhat.java-1.42.0-win32-x64\jre\21.0.7-win32-x86_64\bin\java.exe
0x00007ff8f0da0000 - 0x00007ff8f1006000 	C:\WINDOWS\SYSTEM32\ntdll.dll
0x00007ff8eeec0000 - 0x00007ff8eef89000 	C:\WINDOWS\System32\KERNEL32.DLL
0x00007ff8ee410000 - 0x00007ff8ee7dc000 	C:\WINDOWS\System32\KERNELBASE.dll
0x00007ff8edfd0000 - 0x00007ff8ee11b000 	C:\WINDOWS\System32\ucrtbase.dll
0x00007ff8c56e0000 - 0x00007ff8c56f8000 	c:\Users\admin\.cursor\extensions\redhat.java-1.42.0-win32-x64\jre\21.0.7-win32-x86_64\bin\jli.dll
0x00007ff8c56c0000 - 0x00007ff8c56de000 	c:\Users\admin\.cursor\extensions\redhat.java-1.42.0-win32-x64\jre\21.0.7-win32-x86_64\bin\VCRUNTIME140.dll
0x00007ff8f0aa0000 - 0x00007ff8f0c6a000 	C:\WINDOWS\System32\USER32.dll
0x00007ff8ee120000 - 0x00007ff8ee147000 	C:\WINDOWS\System32\win32u.dll
0x00007ff8f0440000 - 0x00007ff8f046b000 	C:\WINDOWS\System32\GDI32.dll
0x00007ff8db710000 - 0x00007ff8db9aa000 	C:\WINDOWS\WinSxS\amd64_microsoft.windows.common-controls_6595b64144ccf1df_6.0.26100.3912_none_3e07963ce335137e\COMCTL32.dll
0x00007ff8ee2d0000 - 0x00007ff8ee402000 	C:\WINDOWS\System32\gdi32full.dll
0x00007ff8eeb60000 - 0x00007ff8eec09000 	C:\WINDOWS\System32\msvcrt.dll
0x00007ff8eea20000 - 0x00007ff8eeac3000 	C:\WINDOWS\System32\msvcp_win.dll
0x00007ff8f0c70000 - 0x00007ff8f0ca0000 	C:\WINDOWS\System32\IMM32.DLL
0x00007ff8ea3c0000 - 0x00007ff8ea3cc000 	c:\Users\admin\.cursor\extensions\redhat.java-1.42.0-win32-x64\jre\21.0.7-win32-x86_64\bin\vcruntime140_1.dll
0x00007ff8b8060000 - 0x00007ff8b80ed000 	c:\Users\admin\.cursor\extensions\redhat.java-1.42.0-win32-x64\jre\21.0.7-win32-x86_64\bin\msvcp140.dll
0x00007ff81f8e0000 - 0x00007ff820670000 	c:\Users\admin\.cursor\extensions\redhat.java-1.42.0-win32-x64\jre\21.0.7-win32-x86_64\bin\server\jvm.dll
0x00007ff8f0140000 - 0x00007ff8f01f2000 	C:\WINDOWS\System32\ADVAPI32.dll
0x00007ff8f0cb0000 - 0x00007ff8f0d56000 	C:\WINDOWS\System32\sechost.dll
0x00007ff8efb60000 - 0x00007ff8efc76000 	C:\WINDOWS\System32\RPCRT4.dll
0x00007ff8ef340000 - 0x00007ff8ef3b4000 	C:\WINDOWS\System32\WS2_32.dll
0x00007ff8e4950000 - 0x00007ff8e4986000 	C:\WINDOWS\SYSTEM32\WINMM.dll
0x00007ff8ea6e0000 - 0x00007ff8ea6eb000 	C:\WINDOWS\SYSTEM32\VERSION.dll
0x00007ff8edda0000 - 0x00007ff8eddfe000 	C:\WINDOWS\SYSTEM32\POWRPROF.dll
0x00007ff8edd80000 - 0x00007ff8edd94000 	C:\WINDOWS\SYSTEM32\UMPDC.dll
0x00007ff8eccf0000 - 0x00007ff8ecd0a000 	C:\WINDOWS\SYSTEM32\kernel.appcore.dll
0x00007ff8e5730000 - 0x00007ff8e573a000 	c:\Users\admin\.cursor\extensions\redhat.java-1.42.0-win32-x64\jre\21.0.7-win32-x86_64\bin\jimage.dll
0x00007ff89bae0000 - 0x00007ff89bd21000 	C:\WINDOWS\SYSTEM32\DBGHELP.DLL
0x00007ff8eef90000 - 0x00007ff8ef314000 	C:\WINDOWS\System32\combase.dll
0x00007ff8f0050000 - 0x00007ff8f0130000 	C:\WINDOWS\System32\OLEAUT32.dll
0x00007ff8d7240000 - 0x00007ff8d7279000 	C:\WINDOWS\SYSTEM32\dbgcore.DLL
0x00007ff8edf30000 - 0x00007ff8edfc9000 	C:\WINDOWS\System32\bcryptPrimitives.dll
0x00007ff8e0490000 - 0x00007ff8e049f000 	c:\Users\admin\.cursor\extensions\redhat.java-1.42.0-win32-x64\jre\21.0.7-win32-x86_64\bin\instrument.dll
0x00007ff8d91d0000 - 0x00007ff8d91ef000 	c:\Users\admin\.cursor\extensions\redhat.java-1.42.0-win32-x64\jre\21.0.7-win32-x86_64\bin\java.dll
0x00007ff8ef430000 - 0x00007ff8efb5d000 	C:\WINDOWS\System32\SHELL32.dll
0x00007ff8ee150000 - 0x00007ff8ee2c4000 	C:\WINDOWS\System32\wintypes.dll
0x00007ff8ebbe0000 - 0x00007ff8ec436000 	C:\WINDOWS\SYSTEM32\windows.storage.dll
0x00007ff8eedc0000 - 0x00007ff8eeeaf000 	C:\WINDOWS\System32\SHCORE.dll
0x00007ff8ef3c0000 - 0x00007ff8ef429000 	C:\WINDOWS\System32\shlwapi.dll
0x00007ff8ede10000 - 0x00007ff8ede3f000 	C:\WINDOWS\SYSTEM32\profapi.dll
0x00007ff8ddf40000 - 0x00007ff8ddf58000 	c:\Users\admin\.cursor\extensions\redhat.java-1.42.0-win32-x64\jre\21.0.7-win32-x86_64\bin\zip.dll
0x00007ff8e05b0000 - 0x00007ff8e05c0000 	C:\Users\admin\.cursor\extensions\redhat.java-1.42.0-win32-x64\jre\21.0.7-win32-x86_64\bin\net.dll
0x00007ff8e8a60000 - 0x00007ff8e8b7e000 	C:\WINDOWS\SYSTEM32\WINHTTP.dll
0x0000000180000000 - 0x000000018008c000 	C:\WINDOWS\system32\ASProxy64.dll
0x00007ff8efc80000 - 0x00007ff8efe1f000 	C:\WINDOWS\System32\ole32.dll
0x00007ff8ed260000 - 0x00007ff8ed2ca000 	C:\WINDOWS\SYSTEM32\MSWSOCK.dll
0x00007ff8ec730000 - 0x00007ff8ec763000 	C:\WINDOWS\SYSTEM32\IPHLPAPI.DLL
0x00007ff8ecf90000 - 0x00007ff8ecfd8000 	C:\WINDOWS\SYSTEM32\SspiCli.dll
0x00007ff8ddf20000 - 0x00007ff8ddf36000 	C:\Users\admin\.cursor\extensions\redhat.java-1.42.0-win32-x64\jre\21.0.7-win32-x86_64\bin\nio.dll
0x00007ff8e0420000 - 0x00007ff8e0430000 	c:\Users\admin\.cursor\extensions\redhat.java-1.42.0-win32-x64\jre\21.0.7-win32-x86_64\bin\verify.dll
0x00007ff8eb200000 - 0x00007ff8eb2af000 	C:\WINDOWS\system32\uxtheme.dll
0x00007ff8d9180000 - 0x00007ff8d91c5000 	C:\Users\admin\AppData\Roaming\Cursor\User\globalStorage\redhat.java\1.42.0\config_win\org.eclipse.equinox.launcher\org.eclipse.equinox.launcher.win32.win32.x86_64_1.2.1300.v20250331-1702\eclipse_11911.dll
0x00007ff8ed510000 - 0x00007ff8ed52c000 	C:\WINDOWS\SYSTEM32\CRYPTSP.dll
0x00007ff8ecc50000 - 0x00007ff8ecc8a000 	C:\WINDOWS\system32\rsaenh.dll
0x00007ff8ed300000 - 0x00007ff8ed32b000 	C:\WINDOWS\SYSTEM32\USERENV.dll
0x00007ff8ede50000 - 0x00007ff8ede76000 	C:\WINDOWS\SYSTEM32\bcrypt.dll
0x00007ff8ed500000 - 0x00007ff8ed50c000 	C:\WINDOWS\SYSTEM32\CRYPTBASE.dll
0x00007ff8eedb0000 - 0x00007ff8eedba000 	C:\WINDOWS\System32\NSI.dll
0x00007ff8e5720000 - 0x00007ff8e572a000 	C:\Users\admin\.cursor\extensions\redhat.java-1.42.0-win32-x64\jre\21.0.7-win32-x86_64\bin\management.dll
0x00007ff8d68d0000 - 0x00007ff8d68db000 	C:\Users\admin\.cursor\extensions\redhat.java-1.42.0-win32-x64\jre\21.0.7-win32-x86_64\bin\management_ext.dll
0x00007ff8f0040000 - 0x00007ff8f0048000 	C:\WINDOWS\System32\PSAPI.DLL
0x00007ff8c6bb0000 - 0x00007ff8c6bf9000 	C:\Users\admin\AppData\Local\Temp\jna-92668751\jna5411161431241950433.dll
0x00007ff8e86b0000 - 0x00007ff8e86cf000 	C:\WINDOWS\SYSTEM32\dhcpcsvc6.DLL
0x00007ff8e7810000 - 0x00007ff8e7835000 	C:\WINDOWS\SYSTEM32\dhcpcsvc.DLL
0x00007ff8c90f0000 - 0x00007ff8c9117000 	C:\Users\admin\.gradle\native\1def1411415f61bf3af743bc5b6707747c0891f09f0c88961ee8f79bc544acac\windows-amd64\native-platform.dll
0x00007ff8d68c0000 - 0x00007ff8d68c9000 	C:\Users\admin\.cursor\extensions\redhat.java-1.42.0-win32-x64\jre\21.0.7-win32-x86_64\bin\extnet.dll
0x00007ff8c6cf0000 - 0x00007ff8c6cfe000 	C:\Users\admin\.cursor\extensions\redhat.java-1.42.0-win32-x64\jre\21.0.7-win32-x86_64\bin\sunmscapi.dll
0x00007ff8ee7e0000 - 0x00007ff8ee957000 	C:\WINDOWS\System32\CRYPT32.dll
0x00007ff8ed710000 - 0x00007ff8ed740000 	C:\WINDOWS\SYSTEM32\ncrypt.dll
0x00007ff8ed6c0000 - 0x00007ff8ed6ff000 	C:\WINDOWS\SYSTEM32\NTASN1.dll
0x00007ff8c73a0000 - 0x00007ff8c73a8000 	C:\WINDOWS\system32\wshunix.dll

dbghelp: loaded successfully - version: 4.0.5 - missing functions: none
symbol engine: initialized successfully - sym options: 0x614 - pdb path: .;c:\Users\admin\.cursor\extensions\redhat.java-1.42.0-win32-x64\jre\21.0.7-win32-x86_64\bin;C:\WINDOWS\SYSTEM32;C:\WINDOWS\WinSxS\amd64_microsoft.windows.common-controls_6595b64144ccf1df_6.0.26100.3912_none_3e07963ce335137e;c:\Users\admin\.cursor\extensions\redhat.java-1.42.0-win32-x64\jre\21.0.7-win32-x86_64\bin\server;C:\Users\admin\AppData\Roaming\Cursor\User\globalStorage\redhat.java\1.42.0\config_win\org.eclipse.equinox.launcher\org.eclipse.equinox.launcher.win32.win32.x86_64_1.2.1300.v20250331-1702;C:\Users\admin\AppData\Local\Temp\jna-92668751;C:\Users\admin\.gradle\native\1def1411415f61bf3af743bc5b6707747c0891f09f0c88961ee8f79bc544acac\windows-amd64

VM Arguments:
jvm_args: --add-modules=ALL-SYSTEM --add-opens=java.base/java.util=ALL-UNNAMED --add-opens=java.base/java.lang=ALL-UNNAMED --add-opens=java.base/sun.nio.fs=ALL-UNNAMED -Declipse.application=org.eclipse.jdt.ls.core.id1 -Dosgi.bundles.defaultStartLevel=4 -Declipse.product=org.eclipse.jdt.ls.core.product -Djava.import.generatesMetadataFilesAtProjectRoot=false -DDetectVMInstallationsJob.disabled=true -Dfile.encoding=utf8 -XX:+UseParallelGC -XX:GCTimeRatio=4 -XX:AdaptiveSizePolicyWeight=90 -Dsun.zip.disableMemoryMapping=true -Xmx1G -Xms100m -Xlog:disable -javaagent:c:\Users\admin\.cursor\extensions\redhat.java-1.42.0-win32-x64\lombok\lombok-1.18.36.jar -XX:+HeapDumpOnOutOfMemoryError -XX:HeapDumpPath=c:\Users\admin\AppData\Roaming\Cursor\User\workspaceStorage\0426a641ec518546e312a5bf184515bb\redhat.java -Daether.dependencyCollector.impl=bf 
java_command: c:\Users\admin\.cursor\extensions\redhat.java-1.42.0-win32-x64\server\plugins\org.eclipse.equinox.launcher_1.7.0.v20250424-1814.jar -configuration c:\Users\admin\AppData\Roaming\Cursor\User\globalStorage\redhat.java\1.42.0\config_win -data c:\Users\admin\AppData\Roaming\Cursor\User\workspaceStorage\0426a641ec518546e312a5bf184515bb\redhat.java\jdt_ws --pipe=\\.\pipe\lsp-93b89b26f7195ee9fb190a8feaffc2b6-sock
java_class_path (initial): c:\Users\admin\.cursor\extensions\redhat.java-1.42.0-win32-x64\server\plugins\org.eclipse.equinox.launcher_1.7.0.v20250424-1814.jar
Launcher Type: SUN_STANDARD

[Global flags]
    uintx AdaptiveSizePolicyWeight                 = 90                                        {product} {command line}
     intx CICompilerCount                          = 12                                        {product} {ergonomic}
    uintx GCTimeRatio                              = 4                                         {product} {command line}
     bool HeapDumpOnOutOfMemoryError               = true                                   {manageable} {command line}
    ccstr HeapDumpPath                             = c:\Users\admin\AppData\Roaming\Cursor\User\workspaceStorage\0426a641ec518546e312a5bf184515bb\redhat.java         {manageable} {command line}
   size_t InitialHeapSize                          = 104857600                                 {product} {command line}
   size_t MaxHeapSize                              = 1073741824                                {product} {command line}
   size_t MaxNewSize                               = 357564416                                 {product} {ergonomic}
   size_t MinHeapDeltaBytes                        = 524288                                    {product} {ergonomic}
   size_t MinHeapSize                              = 104857600                                 {product} {command line}
   size_t NewSize                                  = 34603008                                  {product} {ergonomic}
    uintx NonNMethodCodeHeapSize                   = 7602480                                {pd product} {ergonomic}
    uintx NonProfiledCodeHeapSize                  = 122027880                              {pd product} {ergonomic}
   size_t OldSize                                  = 70254592                                  {product} {ergonomic}
    uintx ProfiledCodeHeapSize                     = 122027880                              {pd product} {ergonomic}
    uintx ReservedCodeCacheSize                    = 251658240                              {pd product} {ergonomic}
     bool SegmentedCodeCache                       = true                                      {product} {ergonomic}
   size_t SoftMaxHeapSize                          = 1073741824                             {manageable} {ergonomic}
     bool UseCompressedOops                        = true                           {product lp64_product} {ergonomic}
     bool UseLargePagesIndividualAllocation        = false                                  {pd product} {ergonomic}
     bool UseParallelGC                            = true                                      {product} {command line}

Logging:
Log output configuration:
 #0: stdout all=off uptime,level,tags foldmultilines=false
 #1: stderr all=off uptime,level,tags foldmultilines=false

Environment Variables:
JAVA_HOME=C:\Program Files\OpenLogic\jdk-17.0.15.6-hotspot
PATH=C:\Program Files\Common Files\Oracle\Java\javapath;C:\Program Files\OpenLogic\jdk-17.0.15.6-hotspot\bin;C:\WINDOWS\system32;C:\WINDOWS;C:\WINDOWS\System32\Wbem;C:\WINDOWS\System32\WindowsPowerShell\v1.0\;C:\WINDOWS\System32\OpenSSH\;C:\Program Files\dotnet\;C:\Program Files\Microsoft SQL Server\130\Tools\Binn\;C:\Program Files\Git\cmd;C:\Users\admin\AppData\Roaming\nvm;C:\Program Files\nodejs;C:\Program Files\Microsoft SQL Server\150\Tools\Binn\;C:\Users\admin\AppData\Local\Microsoft\WindowsApps;C:\Users\admin\AppData\Roaming\npm;C:\Users\admin\AppData\Local\Programs\Microsoft VS Code\bin;C:\Users\admin\AppData\Roaming\nvm;C:\Program Files\nodejs;C:\Users\admin\AppData\Local\Android\Sdk\platform-tools;C:\Users\admin\AppData\Local\Programs\cursor\resources\app\bin;C:\;C:\Users\admin\.dotnet\tools
USERNAME=admin
OS=Windows_NT
PROCESSOR_IDENTIFIER=Intel64 Family 6 Model 165 Stepping 5, GenuineIntel
TMP=C:\Users\admin\AppData\Local\Temp
TEMP=C:\Users\admin\AppData\Local\Temp




Periodic native trim disabled

---------------  S Y S T E M  ---------------

OS:
 Windows 11 , 64 bit Build 26100 (10.0.26100.3912)
OS uptime: 0 days 16:31 hours

CPU: total 16 (initial active 16) (8 cores per cpu, 2 threads per core) family 6 model 165 stepping 5 microcode 0xec, cx8, cmov, fxsr, ht, mmx, 3dnowpref, sse, sse2, sse3, ssse3, sse4.1, sse4.2, popcnt, lzcnt, tsc, tscinvbit, avx, avx2, aes, erms, clmul, bmi1, bmi2, adx, fma, vzeroupper, clflush, clflushopt, rdtscp, f16c, pku
Processor Information for processor 0
  Max Mhz: 2901, Current Mhz: 1400, Mhz Limit: 2901
Processor Information for processor 1
  Max Mhz: 2901, Current Mhz: 1200, Mhz Limit: 2901
Processor Information for processor 2
  Max Mhz: 2901, Current Mhz: 2901, Mhz Limit: 2901
Processor Information for processor 3
  Max Mhz: 2901, Current Mhz: 1400, Mhz Limit: 2901
Processor Information for processor 4
  Max Mhz: 2901, Current Mhz: 1200, Mhz Limit: 2901
Processor Information for processor 5
  Max Mhz: 2901, Current Mhz: 1400, Mhz Limit: 2901
Processor Information for processor 6
  Max Mhz: 2901, Current Mhz: 800, Mhz Limit: 2901
Processor Information for processor 7
  Max Mhz: 2901, Current Mhz: 1400, Mhz Limit: 2901
Processor Information for processor 8
  Max Mhz: 2901, Current Mhz: 1200, Mhz Limit: 2901
Processor Information for processor 9
  Max Mhz: 2901, Current Mhz: 1400, Mhz Limit: 2901
Processor Information for processor 10
  Max Mhz: 2901, Current Mhz: 1400, Mhz Limit: 2901
Processor Information for processor 11
  Max Mhz: 2901, Current Mhz: 1400, Mhz Limit: 2901
Processor Information for processor 12
  Max Mhz: 2901, Current Mhz: 1400, Mhz Limit: 2901
Processor Information for processor 13
  Max Mhz: 2901, Current Mhz: 1400, Mhz Limit: 2901
Processor Information for processor 14
  Max Mhz: 2901, Current Mhz: 1400, Mhz Limit: 2901
Processor Information for processor 15
  Max Mhz: 2901, Current Mhz: 1400, Mhz Limit: 2901

Memory: 4k page, system-wide physical 16096M (2480M free)
TotalPageFile size 34528M (AvailPageFile size 4898M)
current process WorkingSet (physical memory assigned to process): 277M, peak: 282M
current process commit charge ("private bytes"): 363M, peak: 372M

vm_info: OpenJDK 64-Bit Server VM (21.0.7+6-LTS) for windows-amd64 JRE (21.0.7+6-LTS), built on 2025-04-15T00:00:00Z by "admin" with MS VC++ 17.7 (VS2022)

END.
