#
# A fatal error has been detected by the Java Runtime Environment:
#
#  EXCEPTION_ACCESS_VIOLATION (0xc0000005) at pc=0x000000018000c274, pid=9852, tid=33584
#
# JRE version: OpenJDK Runtime Environment Temurin-21.0.7+6 (21.0.7+6) (build 21.0.7+6-LTS)
# Java VM: OpenJDK 64-Bit Server VM Temurin-21.0.7+6 (21.0.7+6-LTS, mixed mode, sharing, tiered, compressed oops, compressed class ptrs, parallel gc, windows-amd64)
# Problematic frame:
# C  [ASProxy64.dll+0xc274]
#
# No core dump will be written. Minidumps are not enabled by default on client versions of Windows
#
# If you would like to submit a bug report, please visit:
#   https://github.com/adoptium/adoptium-support/issues
# The crash happened outside the Java Virtual Machine in native code.
# See problematic frame for where to report the bug.
#

---------------  S U M M A R Y ------------

Command Line: --add-modules=ALL-SYSTEM --add-opens=java.base/java.util=ALL-UNNAMED --add-opens=java.base/java.lang=ALL-UNNAMED --add-opens=java.base/sun.nio.fs=ALL-UNNAMED -Declipse.application=org.eclipse.jdt.ls.core.id1 -Dosgi.bundles.defaultStartLevel=4 -Declipse.product=org.eclipse.jdt.ls.core.product -Djava.import.generatesMetadataFilesAtProjectRoot=false -DDetectVMInstallationsJob.disabled=true -Dfile.encoding=utf8 -XX:+UseParallelGC -XX:GCTimeRatio=4 -XX:AdaptiveSizePolicyWeight=90 -Dsun.zip.disableMemoryMapping=true -Xmx1G -Xms100m -Xlog:disable -javaagent:c:\Users\admin\.cursor\extensions\redhat.java-1.42.0-win32-x64\lombok\lombok-1.18.36.jar -XX:+HeapDumpOnOutOfMemoryError -XX:HeapDumpPath=c:\Users\admin\AppData\Roaming\Cursor\User\workspaceStorage\0426a641ec518546e312a5bf184515bb\redhat.java -Daether.dependencyCollector.impl=bf c:\Users\admin\.cursor\extensions\redhat.java-1.42.0-win32-x64\server\plugins\org.eclipse.equinox.launcher_1.7.0.v20250424-1814.jar -configuration c:\Users\admin\AppData\Roaming\Cursor\User\globalStorage\redhat.java\1.42.0\config_win -data c:\Users\admin\AppData\Roaming\Cursor\User\workspaceStorage\0426a641ec518546e312a5bf184515bb\redhat.java\jdt_ws --pipe=\\.\pipe\lsp-75f018b3f0f49252d4978d8a34d102b1-sock

Host: Intel(R) Core(TM) i7-10700 CPU @ 2.90GHz, 16 cores, 15G,  Windows 11 , 64 bit Build 26100 (10.0.26100.3912)
Time: Mon May 19 00:04:50 2025 Eastern Daylight Time elapsed time: 152.322713 seconds (0d 0h 2m 32s)

---------------  T H R E A D  ---------------

Current thread (0x0000025e587c3fe0):  JavaThread "Connection worker"        [_thread_in_native, id=33584, stack(0x000000a17bf00000,0x000000a17c000000) (1024K)]

Stack: [0x000000a17bf00000,0x000000a17c000000],  sp=0x000000a17bffe1d0,  free space=1016k
Native frames: (J=compiled Java code, j=interpreted, Vv=VM code, C=native code)
C  [ASProxy64.dll+0xc274]

Java frames: (J=compiled Java code, j=interpreted, Vv=VM code)
j  sun.nio.ch.WEPoll.ctl(JIJI)I+0 java.base@21.0.7
j  sun.nio.ch.WEPollSelectorImpl.<init>(Ljava/nio/channels/spi/SelectorProvider;)V+139 java.base@21.0.7
j  sun.nio.ch.WEPollSelectorProvider.openSelector()Ljava/nio/channels/spi/AbstractSelector;+5 java.base@21.0.7
j  java.nio.channels.Selector.open()Ljava/nio/channels/Selector;+3 java.base@21.0.7
j  org.gradle.internal.remote.internal.inet.SocketConnection$SocketInputStream.<init>(Ljava/nio/channels/SocketChannel;)V+17
j  org.gradle.internal.remote.internal.inet.SocketConnection.<init>(Ljava/nio/channels/SocketChannel;Lorg/gradle/internal/remote/internal/MessageSerializer;Lorg/gradle/internal/serialize/StatefulSerializer;)V+27
j  org.gradle.internal.remote.internal.inet.SocketConnectCompletion.create(Lorg/gradle/internal/serialize/StatefulSerializer;)Lorg/gradle/internal/remote/internal/RemoteConnection;+16
j  org.gradle.launcher.daemon.client.DefaultDaemonConnector.connectToDaemon(Lorg/gradle/launcher/daemon/context/DaemonConnectDetails;Lorg/gradle/launcher/daemon/client/DaemonClientConnection$StaleAddressDetector;)Lorg/gradle/launcher/daemon/client/DaemonClientConnection;+45
j  org.gradle.launcher.daemon.client.DefaultDaemonConnector.connectToDaemonWithId(Lorg/gradle/launcher/daemon/diagnostics/DaemonStartupInfo;Lorg/gradle/api/internal/specs/ExplainingSpec;)Lorg/gradle/launcher/daemon/client/DaemonClientConnection;+116
j  org.gradle.launcher.daemon.client.DefaultDaemonConnector.doStartDaemon(Lorg/gradle/api/internal/specs/ExplainingSpec;Z)Lorg/gradle/launcher/daemon/client/DaemonClientConnection;+61
j  org.gradle.launcher.daemon.client.DefaultDaemonConnector.startDaemon(Lorg/gradle/api/internal/specs/ExplainingSpec;)Lorg/gradle/launcher/daemon/client/DaemonClientConnection;+3
j  org.gradle.launcher.daemon.client.DaemonClient.execute(Lorg/gradle/internal/invocation/BuildAction;Lorg/gradle/launcher/exec/BuildActionParameters;Lorg/gradle/internal/daemon/client/execution/ClientBuildRequestContext;)Lorg/gradle/launcher/exec/BuildActionResult;+201
j  org.gradle.launcher.daemon.client.DaemonClient.execute(Lorg/gradle/internal/invocation/BuildAction;Ljava/lang/Object;Ljava/lang/Object;)Lorg/gradle/launcher/exec/BuildActionResult;+10
j  org.gradle.tooling.internal.provider.DaemonBuildActionExecuter.execute(Lorg/gradle/internal/invocation/BuildAction;Lorg/gradle/tooling/internal/provider/ConnectionOperationParameters;Lorg/gradle/internal/daemon/client/execution/ClientBuildRequestContext;)Lorg/gradle/launcher/exec/BuildActionResult;+72
j  org.gradle.tooling.internal.provider.DaemonBuildActionExecuter.execute(Lorg/gradle/internal/invocation/BuildAction;Ljava/lang/Object;Ljava/lang/Object;)Lorg/gradle/launcher/exec/BuildActionResult;+10
j  org.gradle.tooling.internal.provider.LoggingBridgingBuildActionExecuter.execute(Lorg/gradle/internal/invocation/BuildAction;Lorg/gradle/tooling/internal/provider/ConnectionOperationParameters;Lorg/gradle/internal/daemon/client/execution/ClientBuildRequestContext;)Lorg/gradle/launcher/exec/BuildActionResult;+77
j  org.gradle.tooling.internal.provider.LoggingBridgingBuildActionExecuter.execute(Lorg/gradle/internal/invocation/BuildAction;Ljava/lang/Object;Ljava/lang/Object;)Lorg/gradle/launcher/exec/BuildActionResult;+10
j  org.gradle.tooling.internal.provider.ProviderConnection.run(Lorg/gradle/internal/invocation/BuildAction;Lorg/gradle/initialization/BuildCancellationToken;Lorg/gradle/tooling/internal/provider/ProviderConnection$ProgressListenerConfiguration;Lorg/gradle/initialization/BuildEventConsumer;Lorg/gradle/tooling/internal/provider/connection/ProviderOperationParameters;Lorg/gradle/tooling/internal/provider/ProviderConnection$Parameters;)Ljava/lang/Object;+79
j  org.gradle.tooling.internal.provider.ProviderConnection.runPhasedAction(Lorg/gradle/tooling/internal/protocol/InternalPhasedAction;Lorg/gradle/tooling/internal/protocol/PhasedActionResultListener;Lorg/gradle/initialization/BuildCancellationToken;Lorg/gradle/tooling/internal/provider/connection/ProviderOperationParameters;)Ljava/lang/Object;+132
j  org.gradle.tooling.internal.provider.DefaultConnection.run(Lorg/gradle/tooling/internal/protocol/InternalPhasedAction;Lorg/gradle/tooling/internal/protocol/PhasedActionResultListener;Lorg/gradle/tooling/internal/protocol/InternalCancellationToken;Lorg/gradle/tooling/internal/protocol/BuildParameters;)Lorg/gradle/tooling/internal/protocol/BuildResult;+28
j  org.gradle.tooling.internal.consumer.connection.PhasedActionAwareConsumerConnection.run(Lorg/gradle/tooling/internal/consumer/PhasedBuildAction;Lorg/gradle/tooling/internal/consumer/parameters/ConsumerOperationParameters;)V+66
j  org.gradle.tooling.internal.consumer.connection.ParameterValidatingConsumerConnection.run(Lorg/gradle/tooling/internal/consumer/PhasedBuildAction;Lorg/gradle/tooling/internal/consumer/parameters/ConsumerOperationParameters;)V+11
j  org.gradle.tooling.internal.consumer.DefaultPhasedBuildActionExecuter$1.run(Lorg/gradle/tooling/internal/consumer/connection/ConsumerConnection;)Ljava/lang/Void;+12
j  org.gradle.tooling.internal.consumer.DefaultPhasedBuildActionExecuter$1.run(Lorg/gradle/tooling/internal/consumer/connection/ConsumerConnection;)Ljava/lang/Object;+2
j  org.gradle.tooling.internal.consumer.connection.LazyConsumerActionExecutor.run(Lorg/gradle/tooling/internal/consumer/connection/ConsumerAction;)Ljava/lang/Object;+34
j  org.gradle.tooling.internal.consumer.connection.CancellableConsumerActionExecutor.run(Lorg/gradle/tooling/internal/consumer/connection/ConsumerAction;)Ljava/lang/Object;+34
j  org.gradle.tooling.internal.consumer.connection.ProgressLoggingConsumerActionExecutor.run(Lorg/gradle/tooling/internal/consumer/connection/ConsumerAction;)Ljava/lang/Object;+78
j  org.gradle.tooling.internal.consumer.connection.RethrowingErrorsConsumerActionExecutor.run(Lorg/gradle/tooling/internal/consumer/connection/ConsumerAction;)Ljava/lang/Object;+5
j  org.gradle.tooling.internal.consumer.async.DefaultAsyncConsumerActionExecutor$1$1.run()V+17
j  org.gradle.internal.concurrent.ExecutorPolicy$CatchAndRecordFailures.onExecute(Ljava/lang/Runnable;)V+1
j  org.gradle.internal.concurrent.AbstractManagedExecutor$1.run()V+25
j  java.util.concurrent.ThreadPoolExecutor.runWorker(Ljava/util/concurrent/ThreadPoolExecutor$Worker;)V+92 java.base@21.0.7
j  java.util.concurrent.ThreadPoolExecutor$Worker.run()V+5 java.base@21.0.7
j  java.lang.Thread.runWith(Ljava/lang/Object;Ljava/lang/Runnable;)V+5 java.base@21.0.7
j  java.lang.Thread.run()V+19 java.base@21.0.7
v  ~StubRoutines::call_stub 0x0000025e0745100d

siginfo: EXCEPTION_ACCESS_VIOLATION (0xc0000005), reading address 0x0000000000001224


Registers:
RAX=0x0000000000000000, RBX=0x0000025e5aca81e8, RCX=0x00000000000011e0, RDX=0x0000000000000002
RSP=0x000000a17bffe1d0, RBP=0x0000000000001224, RSI=0x0000025e5bede870, RDI=0x0000000000001224
R8 =0x7ffffffffffffffc, R9 =0x0000000000000001, R10=0x00000000000011e0, R11=0x0000025e7b79cb80
R12=0x000000a17bffe410, R13=0x000000000000117c, R14=0x0000025e5bede840, R15=0x000000000000117c
RIP=0x000000018000c274, EFLAGS=0x0000000000010246

XMM[0]=0x0000000000000000 0x0000000000000000
XMM[1]=0x0000000000000000 0x0000000000000000
XMM[2]=0x0000000000000000 0x0000000000000000
XMM[3]=0x0000000000000000 0x0000000000000000
XMM[4]=0x0000000000000000 0x0000000000000000
XMM[5]=0x0000000000000000 0x0000000000000000
XMM[6]=0x89d75ab5d0da9b5b 0x325e0388a0089909
XMM[7]=0xe3755875c08d84bd 0x3a3d9a7aca107db4
XMM[8]=0x0000000000000000 0x462e00071ef2a4d0
XMM[9]=0xa9e6d1677f8728b4 0xde8e07655acf7dae
XMM[10]=0xffffffffffffffff 0x0b0a090803020100
XMM[11]=0x7e7cd53f315e7855 0x0000000000000000
XMM[12]=0x0b0a090803020100 0xffffffffffffffff
XMM[13]=0x0c0d0e0f08090a0b 0x0405060700010203
XMM[14]=0x0000000000000000 0x6c9c4e785cd1fc34
XMM[15]=0x0000000000000000 0x00000000f035adbc
  MXCSR=0x00001fa0


Register to memory mapping:

RAX=0x0 is null
RBX=0x0000025e5aca81e8 points into unknown readable memory: 0x0000000000000000 | 00 00 00 00 00 00 00 00
RCX=0x00000000000011e0 is an unknown value
RDX=0x0000000000000002 is an unknown value
RSP=0x000000a17bffe1d0 is pointing into the stack for thread: 0x0000025e587c3fe0
RBP=0x0000000000001224 is an unknown value
RSI=0x0000025e5bede870 points into unknown readable memory: 0x0000025e5bede870 | 70 e8 ed 5b 5e 02 00 00
RDI=0x0000000000001224 is an unknown value
R8 =0x7ffffffffffffffc is an unknown value
R9 =0x0000000000000001 is an unknown value
R10=0x00000000000011e0 is an unknown value
R11=0x0000025e7b79cb80 points into unknown readable memory: 0x0000000000000007 | 07 00 00 00 00 00 00 00
R12=0x000000a17bffe410 is pointing into the stack for thread: 0x0000025e587c3fe0
R13=0x000000000000117c is an unknown value
R14=0x0000025e5bede840 points into unknown readable memory: 0x0000000000001224 | 24 12 00 00 00 00 00 00
R15=0x000000000000117c is an unknown value

Top of Stack: (sp=0x000000a17bffe1d0)
0x000000a17bffe1d0:   0000000000000000 0000000000000000
0x000000a17bffe1e0:   0000000000001224 000000018001f4c2
0x000000a17bffe1f0:   0000000180065ec8 0000000000002736
0x000000a17bffe200:   0000000000000000 00000000000011e0
0x000000a17bffe210:   0000000000001224 000000018000c506
0x000000a17bffe220:   0000025e5aca81e8 0000000000002736
0x000000a17bffe230:   0000000000000000 0000025e00000008
0x000000a17bffe240:   000000a10000001e 0000000000000000
0x000000a17bffe250:   0000000000001224 0000000000000000
0x000000a17bffe260:   0000000000000001 0000000000000000
0x000000a17bffe270:   0000000000001224 00007ff8cd9877e6
0x000000a17bffe280:   00000000000011e0 0000000000001202
0x000000a17bffe290:   0000025e5bede870 000000a17bffe3e0
0x000000a17bffe2a0:   0000000000000000 0000025e00000000
0x000000a17bffe2b0:   0000000000000003 0000025e00000001
0x000000a17bffe2c0:   0000000000000000 0000000000000000
0x000000a17bffe2d0:   00007ff800000000 00007ff8edfe0139
0x000000a17bffe2e0:   00000000000011e0 0000000000000000
0x000000a17bffe2f0:   0000000000000000 0000d6102bbab3c5
0x000000a17bffe300:   0000025e5aca81d0 00007ff8cd9882af
0x000000a17bffe310:   0000000000000028 00007ff870212cac
0x000000a17bffe320:   0000025e5aca81d8 0000025e7b7c6240
0x000000a17bffe330:   0000025e5bede840 00007ff8cd988359
0x000000a17bffe340:   0000025e5bede870 000000a17bffe410
0x000000a17bffe350:   0000025e5bede870 0000025e5bede840
0x000000a17bffe360:   0000025e587c3fe0 000000a17bffe410
0x000000a17bffe370:   0000025e575ba470 0000000000000000
0x000000a17bffe380:   0000025e5bede840 00007ff8cd988787
0x000000a17bffe390:   0000000000000000 000000a17bffe410
0x000000a17bffe3a0:   000000000000117c 0000025e587c3fe0
0x000000a17bffe3b0:   0000000000000001 00007ff8cd987a75
0x000000a17bffe3c0:   0000000000001224 000000a17bffe410 

Instructions: (pc=0x000000018000c274)
0x000000018000c174:   70 48 8b 6c 24 78 32 c0 48 83 c4 50 41 5c c3 cc
0x000000018000c184:   cc cc cc cc cc cc cc cc cc cc cc cc 48 85 c9 74
0x000000018000c194:   23 8b 05 ad ff 06 00 89 01 8b 05 a9 ff 06 00 89
0x000000018000c1a4:   41 04 8b 05 a4 ff 06 00 89 41 08 8b 05 9f ff 06
0x000000018000c1b4:   00 89 41 0c f3 c3 cc cc cc cc cc cc c6 01 01 c7
0x000000018000c1c4:   02 01 00 00 00 c3 cc cc cc cc cc cc 48 89 5c 24
0x000000018000c1d4:   08 57 48 83 ec 70 48 8b fa 8b d9 48 8d 15 82 73
0x000000018000c1e4:   05 00 48 8d 4c 24 20 45 33 c0 48 c7 44 24 40 0f
0x000000018000c1f4:   00 00 00 48 c7 44 24 38 00 00 00 00 c6 44 24 28
0x000000018000c204:   00 e8 d6 6b ff ff 4c 8d 4c 24 20 48 8d 4c 24 48
0x000000018000c214:   41 b0 01 8b d3 e8 52 06 02 00 48 83 78 20 10 72
0x000000018000c224:   06 48 8b 48 08 eb 05 48 8d 48 08 90 0f b6 01 48
0x000000018000c234:   ff c7 48 ff c1 88 47 ff 84 c0 75 f0 48 83 7c 24
0x000000018000c244:   68 10 72 0a 48 8b 4c 24 50 e8 52 94 03 00 48 8b
0x000000018000c254:   9c 24 80 00 00 00 48 83 c4 70 5f c3 48 83 ec 48
0x000000018000c264:   0f b6 c2 0f 57 c0 0f 11 44 24 ff 25 00 00 00 00
0x000000018000c274:   ae 7e ef ee f8 7f 00 00 8b 44 24 04 0f af 04 24
0x000000018000c284:   89 04 24 8b 44 24 04 0f af 04 24 83 c0 01 89 04
0x000000018000c294:   24 8b 44 24 04 0f af 04 24 83 c0 02 89 04 24 8b
0x000000018000c2a4:   44 24 04 0f af 04 24 83 c0 03 89 04 24 8b 44 24
0x000000018000c2b4:   04 0f af 04 24 83 c0 04 89 04 24 8b 44 24 04 0f
0x000000018000c2c4:   af 04 24 83 c0 05 89 04 24 8b 44 24 04 0f af 04
0x000000018000c2d4:   24 83 c0 06 89 04 24 8b 44 24 04 0f af 04 24 83
0x000000018000c2e4:   c0 07 89 04 24 8b 44 24 04 0f af 04 24 83 c0 08
0x000000018000c2f4:   89 04 24 8b 44 24 04 0f af 04 24 83 c0 09 89 04
0x000000018000c304:   24 8b 44 24 04 0f af 04 24 83 c0 0a 89 04 24 8b
0x000000018000c314:   44 24 04 0f af 04 24 83 c0 0b 89 04 24 8b 44 24
0x000000018000c324:   04 0f af 04 24 83 c0 0d 89 04 24 8b 44 24 04 0f
0x000000018000c334:   af 04 24 83 c0 0e 89 04 24 8b 44 24 04 0f af 04
0x000000018000c344:   24 83 c0 0f 89 04 24 8b 44 24 04 0f af 04 24 83
0x000000018000c354:   c0 10 89 04 24 8b 44 24 04 0f af 04 24 83 c0 11
0x000000018000c364:   89 04 24 8b 44 24 04 0f af 04 24 83 c0 12 89 04 


Stack slot to memory mapping:

stack at sp + 0 slots: 0x0 is null
stack at sp + 1 slots: 0x0 is null
stack at sp + 2 slots: 0x0000000000001224 is an unknown value
stack at sp + 3 slots: 0x000000018001f4c2 ASProxy64.dll
stack at sp + 4 slots: 0x0000000180065ec8 ASProxy64.dll
stack at sp + 5 slots: 0x0000000000002736 is an unknown value
stack at sp + 6 slots: 0x0 is null
stack at sp + 7 slots: 0x00000000000011e0 is an unknown value


---------------  P R O C E S S  ---------------

Threads class SMR info:
_java_thread_list=0x0000025e5957bf80, length=59, elements={
0x0000025e7934b100, 0x0000025e7b847f90, 0x0000025e7b84ac60, 0x0000025e7b84fd40,
0x0000025e7b850990, 0x0000025e5208cf50, 0x0000025e7b8589c0, 0x0000025e7b85ddb0,
0x0000025e7b85e750, 0x0000025e7b857610, 0x0000025e7b857ca0, 0x0000025e7b858330,
0x0000025e7b855540, 0x0000025e7b856f80, 0x0000025e7b855bd0, 0x0000025e7b856260,
0x0000025e520cb430, 0x0000025e520cd500, 0x0000025e520ca080, 0x0000025e520cdb90,
0x0000025e520ca710, 0x0000025e520cc150, 0x0000025e520cc7e0, 0x0000025e520cce70,
0x0000025e520ce220, 0x0000025e520ce8b0, 0x0000025e520cbac0, 0x0000025e520cf5d0,
0x0000025e520d1010, 0x0000025e520cfc60, 0x0000025e520d02f0, 0x0000025e520d0980,
0x0000025e520d16a0, 0x0000025e5a12b100, 0x0000025e5a12b790, 0x0000025e5a12d1d0,
0x0000025e5a12d860, 0x0000025e5a12be20, 0x0000025e5a12def0, 0x0000025e5a12c4b0,
0x0000025e5a12aa70, 0x0000025e5a12e580, 0x0000025e5a12f2a0, 0x0000025e5a12cb40,
0x0000025e5a12ffc0, 0x0000025e5a12f930, 0x0000025e5a130650, 0x0000025e5a12ec10,
0x0000025e5a131a00, 0x0000025e5a132090, 0x0000025e520cada0, 0x0000025e587c4670,
0x0000025e587c4d00, 0x0000025e587c3950, 0x0000025e587c3fe0, 0x0000025e587c1880,
0x0000025e587c5390, 0x0000025e587c1f10, 0x0000025e587c5a20
}

Java Threads: ( => current thread )
  0x0000025e7934b100 JavaThread "main"                              [_thread_blocked, id=20808, stack(0x000000a176800000,0x000000a176900000) (1024K)]
  0x0000025e7b847f90 JavaThread "Reference Handler"          daemon [_thread_blocked, id=32068, stack(0x000000a176c00000,0x000000a176d00000) (1024K)]
  0x0000025e7b84ac60 JavaThread "Finalizer"                  daemon [_thread_blocked, id=11196, stack(0x000000a176d00000,0x000000a176e00000) (1024K)]
  0x0000025e7b84fd40 JavaThread "Signal Dispatcher"          daemon [_thread_blocked, id=28360, stack(0x000000a176e00000,0x000000a176f00000) (1024K)]
  0x0000025e7b850990 JavaThread "Attach Listener"            daemon [_thread_blocked, id=28724, stack(0x000000a176f00000,0x000000a177000000) (1024K)]
  0x0000025e5208cf50 JavaThread "Service Thread"             daemon [_thread_blocked, id=17656, stack(0x000000a177000000,0x000000a177100000) (1024K)]
  0x0000025e7b8589c0 JavaThread "Monitor Deflation Thread"   daemon [_thread_blocked, id=22932, stack(0x000000a177100000,0x000000a177200000) (1024K)]
  0x0000025e7b85ddb0 JavaThread "C2 CompilerThread0"         daemon [_thread_blocked, id=31356, stack(0x000000a177200000,0x000000a177300000) (1024K)]
  0x0000025e7b85e750 JavaThread "C1 CompilerThread0"         daemon [_thread_blocked, id=2556, stack(0x000000a177300000,0x000000a177400000) (1024K)]
  0x0000025e7b857610 JavaThread "Common-Cleaner"             daemon [_thread_blocked, id=9712, stack(0x000000a177700000,0x000000a177800000) (1024K)]
  0x0000025e7b857ca0 JavaThread "Notification Thread"        daemon [_thread_blocked, id=19644, stack(0x000000a178900000,0x000000a178a00000) (1024K)]
  0x0000025e7b858330 JavaThread "Active Thread: Equinox Container: 32d32bb4-be2a-4312-a8c4-7ce842f83a37"        [_thread_blocked, id=21704, stack(0x000000a178f00000,0x000000a179000000) (1024K)]
  0x0000025e7b855540 JavaThread "Refresh Thread: Equinox Container: 32d32bb4-be2a-4312-a8c4-7ce842f83a37" daemon [_thread_blocked, id=13668, stack(0x000000a177500000,0x000000a177600000) (1024K)]
  0x0000025e7b856f80 JavaThread "Framework Event Dispatcher: Equinox Container: 32d32bb4-be2a-4312-a8c4-7ce842f83a37" daemon [_thread_blocked, id=14968, stack(0x000000a177400000,0x000000a177500000) (1024K)]
  0x0000025e7b855bd0 JavaThread "Start Level: Equinox Container: 32d32bb4-be2a-4312-a8c4-7ce842f83a37" daemon [_thread_blocked, id=20860, stack(0x000000a179100000,0x000000a179200000) (1024K)]
  0x0000025e7b856260 JavaThread "Bundle File Closer"         daemon [_thread_blocked, id=24152, stack(0x000000a179200000,0x000000a179300000) (1024K)]
  0x0000025e520cb430 JavaThread "SCR Component Actor"        daemon [_thread_blocked, id=34096, stack(0x000000a179700000,0x000000a179800000) (1024K)]
  0x0000025e520cd500 JavaThread "Worker-JM"                         [_thread_blocked, id=15984, stack(0x000000a179b00000,0x000000a179c00000) (1024K)]
  0x0000025e520ca080 JavaThread "Worker-0"                          [_thread_blocked, id=26308, stack(0x000000a179e00000,0x000000a179f00000) (1024K)]
  0x0000025e520cdb90 JavaThread "Worker-1"                          [_thread_blocked, id=19616, stack(0x000000a179f00000,0x000000a17a000000) (1024K)]
  0x0000025e520ca710 JavaThread "Java indexing"              daemon [_thread_blocked, id=12848, stack(0x000000a17a100000,0x000000a17a200000) (1024K)]
  0x0000025e520cc150 JavaThread "JNA Cleaner"                daemon [_thread_blocked, id=20932, stack(0x000000a17a200000,0x000000a17a300000) (1024K)]
  0x0000025e520cc7e0 JavaThread "Thread-2"                   daemon [_thread_in_native, id=28408, stack(0x000000a17a600000,0x000000a17a700000) (1024K)]
  0x0000025e520cce70 JavaThread "Thread-3"                   daemon [_thread_in_native, id=28180, stack(0x000000a17a700000,0x000000a17a800000) (1024K)]
  0x0000025e520ce220 JavaThread "Thread-4"                   daemon [_thread_in_native, id=20636, stack(0x000000a17a800000,0x000000a17a900000) (1024K)]
  0x0000025e520ce8b0 JavaThread "Thread-5"                   daemon [_thread_in_native, id=30404, stack(0x000000a17a900000,0x000000a17aa00000) (1024K)]
  0x0000025e520cbac0 JavaThread "Thread-6"                   daemon [_thread_in_native, id=11712, stack(0x000000a17aa00000,0x000000a17ab00000) (1024K)]
  0x0000025e520cf5d0 JavaThread "Thread-7"                   daemon [_thread_in_native, id=12900, stack(0x000000a17ab00000,0x000000a17ac00000) (1024K)]
  0x0000025e520d1010 JavaThread "Thread-8"                   daemon [_thread_in_native, id=25516, stack(0x000000a17ac00000,0x000000a17ad00000) (1024K)]
  0x0000025e520cfc60 JavaThread "Thread-9"                   daemon [_thread_in_native, id=11812, stack(0x000000a17ad00000,0x000000a17ae00000) (1024K)]
  0x0000025e520d02f0 JavaThread "Thread-10"                  daemon [_thread_in_native, id=11556, stack(0x000000a17ae00000,0x000000a17af00000) (1024K)]
  0x0000025e520d0980 JavaThread "Thread-11"                  daemon [_thread_in_native, id=2452, stack(0x000000a17af00000,0x000000a17b000000) (1024K)]
  0x0000025e520d16a0 JavaThread "Thread-12"                  daemon [_thread_in_native, id=18760, stack(0x000000a17b000000,0x000000a17b100000) (1024K)]
  0x0000025e5a12b100 JavaThread "Thread-13"                  daemon [_thread_in_native, id=33392, stack(0x000000a17b100000,0x000000a17b200000) (1024K)]
  0x0000025e5a12b790 JavaThread "Thread-14"                  daemon [_thread_in_native, id=24504, stack(0x000000a17b200000,0x000000a17b300000) (1024K)]
  0x0000025e5a12d1d0 JavaThread "Thread-15"                  daemon [_thread_in_native, id=22532, stack(0x000000a17b300000,0x000000a17b400000) (1024K)]
  0x0000025e5a12d860 JavaThread "Thread-16"                  daemon [_thread_in_native, id=28636, stack(0x000000a17b400000,0x000000a17b500000) (1024K)]
  0x0000025e5a12be20 JavaThread "Thread-17"                  daemon [_thread_in_native, id=31988, stack(0x000000a17b500000,0x000000a17b600000) (1024K)]
  0x0000025e5a12def0 JavaThread "Thread-18"                  daemon [_thread_in_native, id=23536, stack(0x000000a17b600000,0x000000a17b700000) (1024K)]
  0x0000025e5a12c4b0 JavaThread "Worker-2"                          [_thread_blocked, id=17412, stack(0x000000a17b700000,0x000000a17b800000) (1024K)]
  0x0000025e5a12aa70 JavaThread "pool-2-thread-1"                   [_thread_blocked, id=26176, stack(0x000000a17b800000,0x000000a17b900000) (1024K)]
  0x0000025e5a12e580 JavaThread "Worker-3"                          [_thread_blocked, id=16600, stack(0x000000a17b900000,0x000000a17ba00000) (1024K)]
  0x0000025e5a12f2a0 JavaThread "Worker-4: Initialize Workspace"        [_thread_blocked, id=19360, stack(0x000000a17ba00000,0x000000a17bb00000) (1024K)]
  0x0000025e5a12cb40 JavaThread "Worker-5"                          [_thread_blocked, id=18856, stack(0x000000a17bb00000,0x000000a17bc00000) (1024K)]
  0x0000025e5a12ffc0 JavaThread "WorkspaceEventsHandler"            [_thread_blocked, id=15224, stack(0x000000a17bc00000,0x000000a17bd00000) (1024K)]
  0x0000025e5a12f930 JavaThread "pool-1-thread-1"                   [_thread_blocked, id=6668, stack(0x000000a17bd00000,0x000000a17be00000) (1024K)]
  0x0000025e5a130650 JavaThread "Timer-0"                           [_thread_blocked, id=12780, stack(0x000000a179c00000,0x000000a179d00000) (1024K)]
  0x0000025e5a12ec10 JavaThread "Timer-1"                           [_thread_blocked, id=24944, stack(0x000000a176600000,0x000000a176700000) (1024K)]
  0x0000025e5a131a00 JavaThread "Timer-2"                           [_thread_blocked, id=10256, stack(0x000000a176700000,0x000000a176800000) (1024K)]
  0x0000025e5a132090 JavaThread "LocalFile Deleter"          daemon [_thread_blocked, id=4340, stack(0x000000a179600000,0x000000a179700000) (1024K)]
  0x0000025e520cada0 JavaThread "LocalFile Deleter"          daemon [_thread_blocked, id=8452, stack(0x000000a179800000,0x000000a179900000) (1024K)]
  0x0000025e587c4670 JavaThread "LocalFile Deleter"          daemon [_thread_blocked, id=33196, stack(0x000000a179a00000,0x000000a179b00000) (1024K)]
  0x0000025e587c4d00 JavaThread "Timer-3"                           [_thread_blocked, id=18192, stack(0x000000a17a000000,0x000000a17a100000) (1024K)]
  0x0000025e587c3950 JavaThread "Timer-4"                           [_thread_blocked, id=31560, stack(0x000000a17be00000,0x000000a17bf00000) (1024K)]
=>0x0000025e587c3fe0 JavaThread "Connection worker"                 [_thread_in_native, id=33584, stack(0x000000a17bf00000,0x000000a17c000000) (1024K)]
  0x0000025e587c1880 JavaThread "pool-3-thread-1"                   [_thread_blocked, id=29764, stack(0x000000a17c000000,0x000000a17c100000) (1024K)]
  0x0000025e587c5390 JavaThread "Exec process"                      [_thread_blocked, id=3716, stack(0x000000a176500000,0x000000a176600000) (1024K)]
  0x0000025e587c1f10 JavaThread "Exec process Thread 2"             [_thread_blocked, id=28612, stack(0x000000a17c100000,0x000000a17c200000) (1024K)]
  0x0000025e587c5a20 JavaThread "Exec process Thread 3"             [_thread_blocked, id=19872, stack(0x000000a17c200000,0x000000a17c300000) (1024K)]
Total: 59

Other Threads:
  0x0000025e52084ba0 VMThread "VM Thread"                           [id=26264, stack(0x000000a176b00000,0x000000a176c00000) (1024K)]
  0x0000025e7ea6ca00 WatcherThread "VM Periodic Task Thread"        [id=34636, stack(0x000000a176a00000,0x000000a176b00000) (1024K)]
  0x0000025e7b7c2810 WorkerThread "GC Thread#0"                     [id=3808, stack(0x000000a176900000,0x000000a176a00000) (1024K)]
  0x0000025e583e1210 WorkerThread "GC Thread#1"                     [id=33580, stack(0x000000a178700000,0x000000a178800000) (1024K)]
  0x0000025e585eb250 WorkerThread "GC Thread#2"                     [id=12144, stack(0x000000a178a00000,0x000000a178b00000) (1024K)]
  0x0000025e5847e8e0 WorkerThread "GC Thread#3"                     [id=16704, stack(0x000000a178b00000,0x000000a178c00000) (1024K)]
  0x0000025e585ec6c0 WorkerThread "GC Thread#4"                     [id=31916, stack(0x000000a178c00000,0x000000a178d00000) (1024K)]
  0x0000025e586165b0 WorkerThread "GC Thread#5"                     [id=33296, stack(0x000000a178d00000,0x000000a178e00000) (1024K)]
  0x0000025e58616950 WorkerThread "GC Thread#6"                     [id=27352, stack(0x000000a178e00000,0x000000a178f00000) (1024K)]
  0x0000025e58617430 WorkerThread "GC Thread#7"                     [id=2364, stack(0x000000a179000000,0x000000a179100000) (1024K)]
  0x0000025e58617090 WorkerThread "GC Thread#8"                     [id=17272, stack(0x000000a179300000,0x000000a179400000) (1024K)]
  0x0000025e586177d0 WorkerThread "GC Thread#9"                     [id=26352, stack(0x000000a179400000,0x000000a179500000) (1024K)]
  0x0000025e58616cf0 WorkerThread "GC Thread#10"                    [id=20364, stack(0x000000a179500000,0x000000a179600000) (1024K)]
  0x0000025e58617b70 WorkerThread "GC Thread#11"                    [id=32400, stack(0x000000a179900000,0x000000a179a00000) (1024K)]
  0x0000025e523b13d0 WorkerThread "GC Thread#12"                    [id=20968, stack(0x000000a179d00000,0x000000a179e00000) (1024K)]
Total: 15

Threads with active compile tasks:
Total: 0

VM state: not at safepoint (normal execution)

VM Mutex/Monitor currently owned by a thread: None

Heap address: 0x00000000c0000000, size: 1024 MB, Compressed Oops mode: 32-bit

CDS archive(s) mapped at: [0x0000025e11000000-0x0000025e11ba0000-0x0000025e11ba0000), size 12189696, SharedBaseAddress: 0x0000025e11000000, ArchiveRelocationMode: 1.
Compressed class space mapped at: 0x0000025e12000000-0x0000025e52000000, reserved size: 1073741824
Narrow klass base: 0x0000025e11000000, Narrow klass shift: 0, Narrow klass range: 0x100000000

GC Precious Log:
 CardTable entry size: 512
 CPUs: 16 total, 16 available
 Memory: 16096M
 Large Page Support: Disabled
 NUMA Support: Disabled
 Compressed Oops: Enabled (32-bit)
 Alignments: Space 512K, Generation 512K, Heap 2M
 Heap Min Capacity: 100M
 Heap Initial Capacity: 100M
 Heap Max Capacity: 1G
 Pre-touch: Disabled
 Parallel Workers: 13

Heap:
 PSYoungGen      total 17408K, used 10336K [0x00000000eab00000, 0x00000000ebd80000, 0x0000000100000000)
  eden space 16384K, 58% used [0x00000000eab00000,0x00000000eb45b5c0,0x00000000ebb00000)
  from space 1024K, 73% used [0x00000000ebb80000,0x00000000ebc3cd98,0x00000000ebc80000)
  to   space 1024K, 0% used [0x00000000ebc80000,0x00000000ebc80000,0x00000000ebd80000)
 ParOldGen       total 68608K, used 40999K [0x00000000c0000000, 0x00000000c4300000, 0x00000000eab00000)
  object space 68608K, 59% used [0x00000000c0000000,0x00000000c2809ff0,0x00000000c4300000)
 Metaspace       used 62559K, committed 63872K, reserved 1114112K
  class space    used 7720K, committed 8320K, reserved 1048576K

Card table byte_map: [0x0000025e7b140000,0x0000025e7b350000] _byte_map_base: 0x0000025e7ab40000

Marking Bits: (ParMarkBitMap*) 0x00007ff8708531f0
 Begin Bits: [0x0000025e0f000000, 0x0000025e10000000)
 End Bits:   [0x0000025e10000000, 0x0000025e11000000)

Polling page: 0x0000025e795c0000

Metaspace:

Usage:
  Non-class:     53.55 MB used.
      Class:      7.54 MB used.
       Both:     61.09 MB used.

Virtual space:
  Non-class space:       64.00 MB reserved,      54.25 MB ( 85%) committed,  1 nodes.
      Class space:        1.00 GB reserved,       8.12 MB ( <1%) committed,  1 nodes.
             Both:        1.06 GB reserved,      62.38 MB (  6%) committed. 

Chunk freelists:
   Non-Class:  9.67 MB
       Class:  7.86 MB
        Both:  17.53 MB

MaxMetaspaceSize: unlimited
CompressedClassSpaceSize: 1.00 GB
Initial GC threshold: 21.00 MB
Current GC threshold: 97.31 MB
CDS: on
 - commit_granule_bytes: 65536.
 - commit_granule_words: 8192.
 - virtual_space_node_default_size: 8388608.
 - enlarge_chunks_in_place: 1.
 - use_allocation_guard: 0.


Internal statistics:

num_allocs_failed_limit: 9.
num_arena_births: 1132.
num_arena_deaths: 14.
num_vsnodes_births: 2.
num_vsnodes_deaths: 0.
num_space_committed: 998.
num_space_uncommitted: 0.
num_chunks_returned_to_freelist: 23.
num_chunks_taken_from_freelist: 3683.
num_chunk_merges: 9.
num_chunk_splits: 2477.
num_chunks_enlarged: 1696.
num_inconsistent_stats: 0.

CodeHeap 'non-profiled nmethods': size=119168Kb used=5073Kb max_used=5073Kb free=114094Kb
 bounds [0x0000025e07ba0000, 0x0000025e080a0000, 0x0000025e0f000000]
CodeHeap 'profiled nmethods': size=119104Kb used=14640Kb max_used=15051Kb free=104463Kb
 bounds [0x0000025e00000000, 0x0000025e00ec0000, 0x0000025e07450000]
CodeHeap 'non-nmethods': size=7488Kb used=1382Kb max_used=3135Kb free=6105Kb
 bounds [0x0000025e07450000, 0x0000025e077a0000, 0x0000025e07ba0000]
 total_blobs=7891 nmethods=7204 adapters=593
 compilation: enabled
              stopped_count=0, restarted_count=0
 full_count=0

Compilation events (20 events):
Event: 152.298 Thread 0x0000025e7b85e750 8093       3       sun.security.util.SecurityProviderConstants::getAliases (63 bytes)
Event: 152.299 Thread 0x0000025e7b85e750 nmethod 8093 0x0000025e0093e890 code [0x0000025e0093eb00, 0x0000025e0093f3a0]
Event: 152.299 Thread 0x0000025e7b85e750 8090       3       java.security.Provider::check (18 bytes)
Event: 152.299 Thread 0x0000025e7b85e750 nmethod 8090 0x0000025e0097b090 code [0x0000025e0097b260, 0x0000025e0097b5c0]
Event: 152.299 Thread 0x0000025e7b85e750 8091       3       java.security.Provider::implRemoveService (149 bytes)
Event: 152.299 Thread 0x0000025e7b85e750 nmethod 8091 0x0000025e00694690 code [0x0000025e00694940, 0x0000025e006955c0]
Event: 152.299 Thread 0x0000025e7b85e750 8088       3       java.security.Provider::getEngineName (49 bytes)
Event: 152.299 Thread 0x0000025e7b85e750 nmethod 8088 0x0000025e00693990 code [0x0000025e00693bc0, 0x0000025e00694400]
Event: 152.299 Thread 0x0000025e7b85e750 8094       3       java.security.Provider::checkAndUpdateSecureRandom (88 bytes)
Event: 152.299 Thread 0x0000025e7b85e750 nmethod 8094 0x0000025e0055b110 code [0x0000025e0055b2e0, 0x0000025e0055b680]
Event: 152.299 Thread 0x0000025e7b85e750 8095       1       java.nio.DirectByteBuffer::attachment (5 bytes)
Event: 152.300 Thread 0x0000025e7b85e750 nmethod 8095 0x0000025e08094290 code [0x0000025e08094420, 0x0000025e080944e8]
Event: 152.302 Thread 0x0000025e7b85e750 8096       3       java.security.MessageDigest::update (11 bytes)
Event: 152.302 Thread 0x0000025e7b85e750 nmethod 8096 0x0000025e0093e190 code [0x0000025e0093e340, 0x0000025e0093e600]
Event: 152.302 Thread 0x0000025e7b85e750 8097       3       java.security.MessageDigest$Delegate::engineUpdate (9 bytes)
Event: 152.302 Thread 0x0000025e7b85e750 nmethod 8097 0x0000025e009ff610 code [0x0000025e009ff7c0, 0x0000025e009ff998]
Event: 152.302 Thread 0x0000025e7b85e750 8098       3       sun.security.provider.DigestBase::engineUpdate (32 bytes)
Event: 152.302 Thread 0x0000025e7b85e750 nmethod 8098 0x0000025e00693490 code [0x0000025e00693640, 0x0000025e006938a8]
Event: 152.303 Thread 0x0000025e7b85e750 8099       3       sun.nio.fs.NativeBuffers::getNativeBufferFromCache (51 bytes)
Event: 152.303 Thread 0x0000025e7b85e750 nmethod 8099 0x0000025e009c9b10 code [0x0000025e009c9d00, 0x0000025e009ca3f8]

GC Heap History (20 events):
Event: 114.847 GC heap before
{Heap before GC invocations=39 (full 3):
 PSYoungGen      total 17920K, used 16736K [0x00000000eab00000, 0x00000000ebf80000, 0x0000000100000000)
  eden space 16384K, 100% used [0x00000000eab00000,0x00000000ebb00000,0x00000000ebb00000)
  from space 1536K, 22% used [0x00000000ebc80000,0x00000000ebcd8000,0x00000000ebe00000)
  to   space 1024K, 0% used [0x00000000ebe80000,0x00000000ebe80000,0x00000000ebf80000)
 ParOldGen       total 68608K, used 38799K [0x00000000c0000000, 0x00000000c4300000, 0x00000000eab00000)
  object space 68608K, 56% used [0x00000000c0000000,0x00000000c25e3ea0,0x00000000c4300000)
 Metaspace       used 58976K, committed 60224K, reserved 1114112K
  class space    used 7210K, committed 7744K, reserved 1048576K
}
Event: 114.849 GC heap after
{Heap after GC invocations=39 (full 3):
 PSYoungGen      total 17408K, used 994K [0x00000000eab00000, 0x00000000ebf80000, 0x0000000100000000)
  eden space 16384K, 0% used [0x00000000eab00000,0x00000000eab00000,0x00000000ebb00000)
  from space 1024K, 97% used [0x00000000ebe80000,0x00000000ebf788f8,0x00000000ebf80000)
  to   space 1536K, 0% used [0x00000000ebc80000,0x00000000ebc80000,0x00000000ebe00000)
 ParOldGen       total 68608K, used 38957K [0x00000000c0000000, 0x00000000c4300000, 0x00000000eab00000)
  object space 68608K, 56% used [0x00000000c0000000,0x00000000c260b418,0x00000000c4300000)
 Metaspace       used 58976K, committed 60224K, reserved 1114112K
  class space    used 7210K, committed 7744K, reserved 1048576K
}
Event: 114.905 GC heap before
{Heap before GC invocations=40 (full 3):
 PSYoungGen      total 17408K, used 17378K [0x00000000eab00000, 0x00000000ebf80000, 0x0000000100000000)
  eden space 16384K, 100% used [0x00000000eab00000,0x00000000ebb00000,0x00000000ebb00000)
  from space 1024K, 97% used [0x00000000ebe80000,0x00000000ebf788f8,0x00000000ebf80000)
  to   space 1536K, 0% used [0x00000000ebc80000,0x00000000ebc80000,0x00000000ebe00000)
 ParOldGen       total 68608K, used 38957K [0x00000000c0000000, 0x00000000c4300000, 0x00000000eab00000)
  object space 68608K, 56% used [0x00000000c0000000,0x00000000c260b418,0x00000000c4300000)
 Metaspace       used 58976K, committed 60224K, reserved 1114112K
  class space    used 7210K, committed 7744K, reserved 1048576K
}
Event: 114.907 GC heap after
{Heap after GC invocations=40 (full 3):
 PSYoungGen      total 17920K, used 1195K [0x00000000eab00000, 0x00000000ebf00000, 0x0000000100000000)
  eden space 16384K, 0% used [0x00000000eab00000,0x00000000eab00000,0x00000000ebb00000)
  from space 1536K, 77% used [0x00000000ebc80000,0x00000000ebdaac50,0x00000000ebe00000)
  to   space 1024K, 0% used [0x00000000ebe00000,0x00000000ebe00000,0x00000000ebf00000)
 ParOldGen       total 68608K, used 39061K [0x00000000c0000000, 0x00000000c4300000, 0x00000000eab00000)
  object space 68608K, 56% used [0x00000000c0000000,0x00000000c2625428,0x00000000c4300000)
 Metaspace       used 58976K, committed 60224K, reserved 1114112K
  class space    used 7210K, committed 7744K, reserved 1048576K
}
Event: 114.965 GC heap before
{Heap before GC invocations=41 (full 3):
 PSYoungGen      total 17920K, used 17579K [0x00000000eab00000, 0x00000000ebf00000, 0x0000000100000000)
  eden space 16384K, 100% used [0x00000000eab00000,0x00000000ebb00000,0x00000000ebb00000)
  from space 1536K, 77% used [0x00000000ebc80000,0x00000000ebdaac50,0x00000000ebe00000)
  to   space 1024K, 0% used [0x00000000ebe00000,0x00000000ebe00000,0x00000000ebf00000)
 ParOldGen       total 68608K, used 39061K [0x00000000c0000000, 0x00000000c4300000, 0x00000000eab00000)
  object space 68608K, 56% used [0x00000000c0000000,0x00000000c2625428,0x00000000c4300000)
 Metaspace       used 58976K, committed 60224K, reserved 1114112K
  class space    used 7210K, committed 7744K, reserved 1048576K
}
Event: 114.966 GC heap after
{Heap after GC invocations=41 (full 3):
 PSYoungGen      total 16896K, used 288K [0x00000000eab00000, 0x00000000ebe80000, 0x0000000100000000)
  eden space 16384K, 0% used [0x00000000eab00000,0x00000000eab00000,0x00000000ebb00000)
  from space 512K, 56% used [0x00000000ebe00000,0x00000000ebe48000,0x00000000ebe80000)
  to   space 1024K, 0% used [0x00000000ebc80000,0x00000000ebc80000,0x00000000ebd80000)
 ParOldGen       total 68608K, used 39133K [0x00000000c0000000, 0x00000000c4300000, 0x00000000eab00000)
  object space 68608K, 57% used [0x00000000c0000000,0x00000000c2637428,0x00000000c4300000)
 Metaspace       used 58976K, committed 60224K, reserved 1114112K
  class space    used 7210K, committed 7744K, reserved 1048576K
}
Event: 115.018 GC heap before
{Heap before GC invocations=42 (full 3):
 PSYoungGen      total 16896K, used 16672K [0x00000000eab00000, 0x00000000ebe80000, 0x0000000100000000)
  eden space 16384K, 100% used [0x00000000eab00000,0x00000000ebb00000,0x00000000ebb00000)
  from space 512K, 56% used [0x00000000ebe00000,0x00000000ebe48000,0x00000000ebe80000)
  to   space 1024K, 0% used [0x00000000ebc80000,0x00000000ebc80000,0x00000000ebd80000)
 ParOldGen       total 68608K, used 39133K [0x00000000c0000000, 0x00000000c4300000, 0x00000000eab00000)
  object space 68608K, 57% used [0x00000000c0000000,0x00000000c2637428,0x00000000c4300000)
 Metaspace       used 58976K, committed 60224K, reserved 1114112K
  class space    used 7210K, committed 7744K, reserved 1048576K
}
Event: 115.019 GC heap after
{Heap after GC invocations=42 (full 3):
 PSYoungGen      total 17408K, used 705K [0x00000000eab00000, 0x00000000ebe80000, 0x0000000100000000)
  eden space 16384K, 0% used [0x00000000eab00000,0x00000000eab00000,0x00000000ebb00000)
  from space 1024K, 68% used [0x00000000ebc80000,0x00000000ebd30460,0x00000000ebd80000)
  to   space 1024K, 0% used [0x00000000ebd80000,0x00000000ebd80000,0x00000000ebe80000)
 ParOldGen       total 68608K, used 39275K [0x00000000c0000000, 0x00000000c4300000, 0x00000000eab00000)
  object space 68608K, 57% used [0x00000000c0000000,0x00000000c265aee8,0x00000000c4300000)
 Metaspace       used 58976K, committed 60224K, reserved 1114112K
  class space    used 7210K, committed 7744K, reserved 1048576K
}
Event: 115.078 GC heap before
{Heap before GC invocations=43 (full 3):
 PSYoungGen      total 17408K, used 17089K [0x00000000eab00000, 0x00000000ebe80000, 0x0000000100000000)
  eden space 16384K, 100% used [0x00000000eab00000,0x00000000ebb00000,0x00000000ebb00000)
  from space 1024K, 68% used [0x00000000ebc80000,0x00000000ebd30460,0x00000000ebd80000)
  to   space 1024K, 0% used [0x00000000ebd80000,0x00000000ebd80000,0x00000000ebe80000)
 ParOldGen       total 68608K, used 39275K [0x00000000c0000000, 0x00000000c4300000, 0x00000000eab00000)
  object space 68608K, 57% used [0x00000000c0000000,0x00000000c265aee8,0x00000000c4300000)
 Metaspace       used 58976K, committed 60224K, reserved 1114112K
  class space    used 7210K, committed 7744K, reserved 1048576K
}
Event: 115.079 GC heap after
{Heap after GC invocations=43 (full 3):
 PSYoungGen      total 17408K, used 1014K [0x00000000eab00000, 0x00000000ebe80000, 0x0000000100000000)
  eden space 16384K, 0% used [0x00000000eab00000,0x00000000eab00000,0x00000000ebb00000)
  from space 1024K, 99% used [0x00000000ebd80000,0x00000000ebe7da80,0x00000000ebe80000)
  to   space 1536K, 0% used [0x00000000ebb80000,0x00000000ebb80000,0x00000000ebd00000)
 ParOldGen       total 68608K, used 39530K [0x00000000c0000000, 0x00000000c4300000, 0x00000000eab00000)
  object space 68608K, 57% used [0x00000000c0000000,0x00000000c269a8e0,0x00000000c4300000)
 Metaspace       used 58976K, committed 60224K, reserved 1114112K
  class space    used 7210K, committed 7744K, reserved 1048576K
}
Event: 115.142 GC heap before
{Heap before GC invocations=44 (full 3):
 PSYoungGen      total 17408K, used 17398K [0x00000000eab00000, 0x00000000ebe80000, 0x0000000100000000)
  eden space 16384K, 100% used [0x00000000eab00000,0x00000000ebb00000,0x00000000ebb00000)
  from space 1024K, 99% used [0x00000000ebd80000,0x00000000ebe7da80,0x00000000ebe80000)
  to   space 1536K, 0% used [0x00000000ebb80000,0x00000000ebb80000,0x00000000ebd00000)
 ParOldGen       total 68608K, used 39530K [0x00000000c0000000, 0x00000000c4300000, 0x00000000eab00000)
  object space 68608K, 57% used [0x00000000c0000000,0x00000000c269a8e0,0x00000000c4300000)
 Metaspace       used 58976K, committed 60224K, reserved 1114112K
  class space    used 7210K, committed 7744K, reserved 1048576K
}
Event: 115.143 GC heap after
{Heap after GC invocations=44 (full 3):
 PSYoungGen      total 17920K, used 689K [0x00000000eab00000, 0x00000000ebe00000, 0x0000000100000000)
  eden space 16384K, 0% used [0x00000000eab00000,0x00000000eab00000,0x00000000ebb00000)
  from space 1536K, 44% used [0x00000000ebb80000,0x00000000ebc2c4b8,0x00000000ebd00000)
  to   space 1024K, 0% used [0x00000000ebd00000,0x00000000ebd00000,0x00000000ebe00000)
 ParOldGen       total 68608K, used 39578K [0x00000000c0000000, 0x00000000c4300000, 0x00000000eab00000)
  object space 68608K, 57% used [0x00000000c0000000,0x00000000c26a68e0,0x00000000c4300000)
 Metaspace       used 58976K, committed 60224K, reserved 1114112K
  class space    used 7210K, committed 7744K, reserved 1048576K
}
Event: 115.201 GC heap before
{Heap before GC invocations=45 (full 3):
 PSYoungGen      total 17920K, used 17073K [0x00000000eab00000, 0x00000000ebe00000, 0x0000000100000000)
  eden space 16384K, 100% used [0x00000000eab00000,0x00000000ebb00000,0x00000000ebb00000)
  from space 1536K, 44% used [0x00000000ebb80000,0x00000000ebc2c4b8,0x00000000ebd00000)
  to   space 1024K, 0% used [0x00000000ebd00000,0x00000000ebd00000,0x00000000ebe00000)
 ParOldGen       total 68608K, used 39578K [0x00000000c0000000, 0x00000000c4300000, 0x00000000eab00000)
  object space 68608K, 57% used [0x00000000c0000000,0x00000000c26a68e0,0x00000000c4300000)
 Metaspace       used 58976K, committed 60224K, reserved 1114112K
  class space    used 7210K, committed 7744K, reserved 1048576K
}
Event: 115.203 GC heap after
{Heap after GC invocations=45 (full 3):
 PSYoungGen      total 16896K, used 288K [0x00000000eab00000, 0x00000000ebd80000, 0x0000000100000000)
  eden space 16384K, 0% used [0x00000000eab00000,0x00000000eab00000,0x00000000ebb00000)
  from space 512K, 56% used [0x00000000ebd00000,0x00000000ebd48000,0x00000000ebd80000)
  to   space 512K, 0% used [0x00000000ebc80000,0x00000000ebc80000,0x00000000ebd00000)
 ParOldGen       total 68608K, used 39768K [0x00000000c0000000, 0x00000000c4300000, 0x00000000eab00000)
  object space 68608K, 57% used [0x00000000c0000000,0x00000000c26d6300,0x00000000c4300000)
 Metaspace       used 58976K, committed 60224K, reserved 1114112K
  class space    used 7210K, committed 7744K, reserved 1048576K
}
Event: 115.260 GC heap before
{Heap before GC invocations=46 (full 3):
 PSYoungGen      total 16896K, used 16672K [0x00000000eab00000, 0x00000000ebd80000, 0x0000000100000000)
  eden space 16384K, 100% used [0x00000000eab00000,0x00000000ebb00000,0x00000000ebb00000)
  from space 512K, 56% used [0x00000000ebd00000,0x00000000ebd48000,0x00000000ebd80000)
  to   space 512K, 0% used [0x00000000ebc80000,0x00000000ebc80000,0x00000000ebd00000)
 ParOldGen       total 68608K, used 39768K [0x00000000c0000000, 0x00000000c4300000, 0x00000000eab00000)
  object space 68608K, 57% used [0x00000000c0000000,0x00000000c26d6300,0x00000000c4300000)
 Metaspace       used 58976K, committed 60224K, reserved 1114112K
  class space    used 7210K, committed 7744K, reserved 1048576K
}
Event: 115.262 GC heap after
{Heap after GC invocations=46 (full 3):
 PSYoungGen      total 16896K, used 504K [0x00000000eab00000, 0x00000000ebe00000, 0x0000000100000000)
  eden space 16384K, 0% used [0x00000000eab00000,0x00000000eab00000,0x00000000ebb00000)
  from space 512K, 98% used [0x00000000ebc80000,0x00000000ebcfe0d0,0x00000000ebd00000)
  to   space 1024K, 0% used [0x00000000ebd00000,0x00000000ebd00000,0x00000000ebe00000)
 ParOldGen       total 68608K, used 40560K [0x00000000c0000000, 0x00000000c4300000, 0x00000000eab00000)
  object space 68608K, 59% used [0x00000000c0000000,0x00000000c279c2e0,0x00000000c4300000)
 Metaspace       used 58976K, committed 60224K, reserved 1114112K
  class space    used 7210K, committed 7744K, reserved 1048576K
}
Event: 116.232 GC heap before
{Heap before GC invocations=47 (full 3):
 PSYoungGen      total 16896K, used 16888K [0x00000000eab00000, 0x00000000ebe00000, 0x0000000100000000)
  eden space 16384K, 100% used [0x00000000eab00000,0x00000000ebb00000,0x00000000ebb00000)
  from space 512K, 98% used [0x00000000ebc80000,0x00000000ebcfe0d0,0x00000000ebd00000)
  to   space 1024K, 0% used [0x00000000ebd00000,0x00000000ebd00000,0x00000000ebe00000)
 ParOldGen       total 68608K, used 40560K [0x00000000c0000000, 0x00000000c4300000, 0x00000000eab00000)
  object space 68608K, 59% used [0x00000000c0000000,0x00000000c279c2e0,0x00000000c4300000)
 Metaspace       used 60128K, committed 61312K, reserved 1114112K
  class space    used 7374K, committed 7872K, reserved 1048576K
}
Event: 116.233 GC heap after
{Heap after GC invocations=47 (full 3):
 PSYoungGen      total 16896K, used 512K [0x00000000eab00000, 0x00000000ebd80000, 0x0000000100000000)
  eden space 16384K, 0% used [0x00000000eab00000,0x00000000eab00000,0x00000000ebb00000)
  from space 512K, 100% used [0x00000000ebd00000,0x00000000ebd80000,0x00000000ebd80000)
  to   space 1024K, 0% used [0x00000000ebb80000,0x00000000ebb80000,0x00000000ebc80000)
 ParOldGen       total 68608K, used 40640K [0x00000000c0000000, 0x00000000c4300000, 0x00000000eab00000)
  object space 68608K, 59% used [0x00000000c0000000,0x00000000c27b02e0,0x00000000c4300000)
 Metaspace       used 60128K, committed 61312K, reserved 1114112K
  class space    used 7374K, committed 7872K, reserved 1048576K
}
Event: 118.534 GC heap before
{Heap before GC invocations=48 (full 3):
 PSYoungGen      total 16896K, used 16879K [0x00000000eab00000, 0x00000000ebd80000, 0x0000000100000000)
  eden space 16384K, 99% used [0x00000000eab00000,0x00000000ebafbfa0,0x00000000ebb00000)
  from space 512K, 100% used [0x00000000ebd00000,0x00000000ebd80000,0x00000000ebd80000)
  to   space 1024K, 0% used [0x00000000ebb80000,0x00000000ebb80000,0x00000000ebc80000)
 ParOldGen       total 68608K, used 40640K [0x00000000c0000000, 0x00000000c4300000, 0x00000000eab00000)
  object space 68608K, 59% used [0x00000000c0000000,0x00000000c27b02e0,0x00000000c4300000)
 Metaspace       used 61859K, committed 63168K, reserved 1114112K
  class space    used 7637K, committed 8256K, reserved 1048576K
}
Event: 118.535 GC heap after
{Heap after GC invocations=48 (full 3):
 PSYoungGen      total 17408K, used 755K [0x00000000eab00000, 0x00000000ebd80000, 0x0000000100000000)
  eden space 16384K, 0% used [0x00000000eab00000,0x00000000eab00000,0x00000000ebb00000)
  from space 1024K, 73% used [0x00000000ebb80000,0x00000000ebc3cd98,0x00000000ebc80000)
  to   space 1024K, 0% used [0x00000000ebc80000,0x00000000ebc80000,0x00000000ebd80000)
 ParOldGen       total 68608K, used 40999K [0x00000000c0000000, 0x00000000c4300000, 0x00000000eab00000)
  object space 68608K, 59% used [0x00000000c0000000,0x00000000c2809ff0,0x00000000c4300000)
 Metaspace       used 61859K, committed 63168K, reserved 1114112K
  class space    used 7637K, committed 8256K, reserved 1048576K
}

Dll operation events (15 events):
Event: 0.153 Loaded shared library c:\Users\admin\.cursor\extensions\redhat.java-1.42.0-win32-x64\jre\21.0.7-win32-x86_64\bin\java.dll
Event: 3.360 Loaded shared library c:\Users\admin\.cursor\extensions\redhat.java-1.42.0-win32-x64\jre\21.0.7-win32-x86_64\bin\zip.dll
Event: 3.602 Loaded shared library C:\Users\admin\.cursor\extensions\redhat.java-1.42.0-win32-x64\jre\21.0.7-win32-x86_64\bin\instrument.dll
Event: 3.737 Loaded shared library C:\Users\admin\.cursor\extensions\redhat.java-1.42.0-win32-x64\jre\21.0.7-win32-x86_64\bin\net.dll
Event: 3.939 Loaded shared library C:\Users\admin\.cursor\extensions\redhat.java-1.42.0-win32-x64\jre\21.0.7-win32-x86_64\bin\nio.dll
Event: 3.942 Loaded shared library C:\Users\admin\.cursor\extensions\redhat.java-1.42.0-win32-x64\jre\21.0.7-win32-x86_64\bin\zip.dll
Event: 4.136 Loaded shared library C:\Users\admin\.cursor\extensions\redhat.java-1.42.0-win32-x64\jre\21.0.7-win32-x86_64\bin\jimage.dll
Event: 4.487 Loaded shared library c:\Users\admin\.cursor\extensions\redhat.java-1.42.0-win32-x64\jre\21.0.7-win32-x86_64\bin\verify.dll
Event: 22.695 Loaded shared library C:\Users\admin\AppData\Roaming\Cursor\User\globalStorage\redhat.java\1.42.0\config_win\org.eclipse.equinox.launcher\org.eclipse.equinox.launcher.win32.win32.x86_64_1.2.1300.v20250331-1702\eclipse_11911.dll
Event: 52.750 Loaded shared library C:\Users\admin\.cursor\extensions\redhat.java-1.42.0-win32-x64\jre\21.0.7-win32-x86_64\bin\management.dll
Event: 52.753 Loaded shared library C:\Users\admin\.cursor\extensions\redhat.java-1.42.0-win32-x64\jre\21.0.7-win32-x86_64\bin\management_ext.dll
Event: 52.979 Loaded shared library C:\Users\admin\AppData\Local\Temp\jna-92668751\jna7710447066556099446.dll
Event: 80.166 Loaded shared library C:\Users\admin\.gradle\native\1def1411415f61bf3af743bc5b6707747c0891f09f0c88961ee8f79bc544acac\windows-amd64\native-platform.dll
Event: 115.957 Loaded shared library C:\Users\admin\.cursor\extensions\redhat.java-1.42.0-win32-x64\jre\21.0.7-win32-x86_64\bin\extnet.dll
Event: 152.289 Loaded shared library C:\Users\admin\.cursor\extensions\redhat.java-1.42.0-win32-x64\jre\21.0.7-win32-x86_64\bin\sunmscapi.dll

Deoptimization events (20 events):
Event: 152.286 Thread 0x0000025e587c3fe0 Uncommon trap: trap_request=0xffffff45 fr.pc=0x0000025e07c5baf8 relative=0x00000000000008b8
Event: 152.286 Thread 0x0000025e587c3fe0 Uncommon trap: reason=unstable_if action=reinterpret pc=0x0000025e07c5baf8 method=java.util.HashMap.computeIfAbsent(Ljava/lang/Object;Ljava/util/function/Function;)Ljava/lang/Object; @ 294 c2
Event: 152.286 Thread 0x0000025e587c3fe0 DEOPT PACKING pc=0x0000025e07c5baf8 sp=0x000000a17bffc3b0
Event: 152.286 Thread 0x0000025e587c3fe0 DEOPT UNPACKING pc=0x0000025e074a3aa2 sp=0x000000a17bffc358 mode 2
Event: 152.303 Thread 0x0000025e587c3fe0 Uncommon trap: trap_request=0xffffff45 fr.pc=0x0000025e07ed4d44 relative=0x0000000000000b84
Event: 152.303 Thread 0x0000025e587c3fe0 Uncommon trap: reason=unstable_if action=reinterpret pc=0x0000025e07ed4d44 method=sun.nio.fs.WindowsPath.openForReadAttributeAccess(Z)J @ 5 c2
Event: 152.303 Thread 0x0000025e587c3fe0 DEOPT PACKING pc=0x0000025e07ed4d44 sp=0x000000a17bffdf70
Event: 152.303 Thread 0x0000025e587c3fe0 DEOPT UNPACKING pc=0x0000025e074a3aa2 sp=0x000000a17bffdf48 mode 2
Event: 152.303 Thread 0x0000025e587c3fe0 Uncommon trap: trap_request=0xffffff45 fr.pc=0x0000025e07ed9788 relative=0x0000000000000a68
Event: 152.303 Thread 0x0000025e587c3fe0 Uncommon trap: reason=unstable_if action=reinterpret pc=0x0000025e07ed9788 method=sun.nio.fs.WindowsNativeDispatcher.asNativeBuffer(Ljava/lang/String;)Lsun/nio/fs/NativeBuffer; @ 52 c2
Event: 152.303 Thread 0x0000025e587c3fe0 DEOPT PACKING pc=0x0000025e07ed9788 sp=0x000000a17bffdef0
Event: 152.303 Thread 0x0000025e587c3fe0 DEOPT UNPACKING pc=0x0000025e074a3aa2 sp=0x000000a17bffdd98 mode 2
Event: 152.303 Thread 0x0000025e587c3fe0 Uncommon trap: trap_request=0xffffff45 fr.pc=0x0000025e07ed28b0 relative=0x0000000000000650
Event: 152.303 Thread 0x0000025e587c3fe0 Uncommon trap: reason=unstable_if action=reinterpret pc=0x0000025e07ed28b0 method=sun.nio.fs.WindowsFileAttributes.isReparsePoint(I)Z @ 5 c2
Event: 152.303 Thread 0x0000025e587c3fe0 DEOPT PACKING pc=0x0000025e07ed28b0 sp=0x000000a17bffdf90
Event: 152.303 Thread 0x0000025e587c3fe0 DEOPT UNPACKING pc=0x0000025e074a3aa2 sp=0x000000a17bffdeb8 mode 2
Event: 152.303 Thread 0x0000025e587c3fe0 Uncommon trap: trap_request=0xffffff45 fr.pc=0x0000025e07ec0084 relative=0x00000000000001c4
Event: 152.303 Thread 0x0000025e587c3fe0 Uncommon trap: reason=unstable_if action=reinterpret pc=0x0000025e07ec0084 method=sun.nio.fs.NativeBuffers.getNativeBufferFromCache(I)Lsun/nio/fs/NativeBuffer; @ 34 c2
Event: 152.303 Thread 0x0000025e587c3fe0 DEOPT PACKING pc=0x0000025e07ec0084 sp=0x000000a17bffdea0
Event: 152.303 Thread 0x0000025e587c3fe0 DEOPT UNPACKING pc=0x0000025e074a3aa2 sp=0x000000a17bffde28 mode 2

Classes loaded (20 events):
Event: 152.299 Loading class com/sun/security/sasl/Provider$1
Event: 152.299 Loading class com/sun/security/sasl/Provider$1 done
Event: 152.299 Loading class com/sun/security/sasl/Provider$ProviderService
Event: 152.299 Loading class com/sun/security/sasl/Provider$ProviderService done
Event: 152.299 Loading class sun/security/provider/certpath/ldap/JdkLDAP
Event: 152.299 Loading class sun/security/provider/certpath/ldap/JdkLDAP done
Event: 152.299 Loading class sun/security/provider/certpath/ldap/JdkLDAP$ProviderService
Event: 152.299 Loading class sun/security/provider/certpath/ldap/JdkLDAP$ProviderService done
Event: 152.301 Loading class sun/nio/ch/ServerSocketChannelImpl
Event: 152.301 Loading class sun/nio/ch/ServerSocketChannelImpl done
Event: 152.302 Loading class java/nio/BufferMismatch
Event: 152.303 Loading class java/nio/BufferMismatch done
Event: 152.303 Loading class sun/nio/ch/SourceChannelImpl
Event: 152.303 Loading class java/nio/channels/Pipe$SourceChannel
Event: 152.303 Loading class java/nio/channels/Pipe$SourceChannel done
Event: 152.303 Loading class sun/nio/ch/SourceChannelImpl done
Event: 152.303 Loading class sun/nio/ch/SinkChannelImpl
Event: 152.303 Loading class java/nio/channels/Pipe$SinkChannel
Event: 152.303 Loading class java/nio/channels/Pipe$SinkChannel done
Event: 152.303 Loading class sun/nio/ch/SinkChannelImpl done

Classes unloaded (7 events):
Event: 52.267 Thread 0x0000025e52084ba0 Unloading class 0x0000025e121a3c00 'java/lang/invoke/LambdaForm$MH+0x0000025e121a3c00'
Event: 52.267 Thread 0x0000025e52084ba0 Unloading class 0x0000025e121a3800 'java/lang/invoke/LambdaForm$MH+0x0000025e121a3800'
Event: 52.267 Thread 0x0000025e52084ba0 Unloading class 0x0000025e121a3400 'java/lang/invoke/LambdaForm$MH+0x0000025e121a3400'
Event: 52.267 Thread 0x0000025e52084ba0 Unloading class 0x0000025e121a3000 'java/lang/invoke/LambdaForm$MH+0x0000025e121a3000'
Event: 52.267 Thread 0x0000025e52084ba0 Unloading class 0x0000025e121a2c00 'java/lang/invoke/LambdaForm$BMH+0x0000025e121a2c00'
Event: 52.267 Thread 0x0000025e52084ba0 Unloading class 0x0000025e121a2800 'java/lang/invoke/LambdaForm$DMH+0x0000025e121a2800'
Event: 52.267 Thread 0x0000025e52084ba0 Unloading class 0x0000025e121a1400 'java/lang/invoke/LambdaForm$DMH+0x0000025e121a1400'

Classes redefined (0 events):
No events

Internal exceptions (20 events):
Event: 116.248 Thread 0x0000025e587c3fe0 Exception <a 'java/lang/NoSuchMethodError'{0x00000000eac2d628}: 'java.lang.Object java.lang.invoke.DirectMethodHandle$Holder.invokeStatic(java.lang.Object, java.lang.Object, java.lang.Object, java.lang.Object, java.lang.Object, java.lang.Object, java.lang.Object, java.lang.Object, java.lang.Object, java.lang.Object, java.lang.Object, java.lang.Object, java.lang.Object, java.lang.Object, java.lang.Object, java.lang.Object, java.lang.Object)'> (0x00000000eac2d628) 
thrown [s\src\hotspot\share\interpreter\lin
Event: 116.249 Thread 0x0000025e587c3fe0 Exception <a 'java/lang/NoSuchMethodError'{0x00000000eac5a0b0}: 'java.lang.Object java.lang.invoke.DirectMethodHandle$Holder.invokeStatic(java.lang.Object, java.lang.Object, java.lang.Object, java.lang.Object, java.lang.Object, java.lang.Object, java.lang.Object, java.lang.Object, java.lang.Object, java.lang.Object, java.lang.Object, java.lang.Object, java.lang.Object, java.lang.Object, java.lang.Object, java.lang.Object, java.lang.Object, java.lang.Object)'> (0x00000000eac5a0b0) 
thrown [s\src\hotspot\sha
Event: 116.251 Thread 0x0000025e587c3fe0 Exception <a 'java/lang/NoSuchMethodError'{0x00000000eac87bb8}: 'java.lang.Object java.lang.invoke.DirectMethodHandle$Holder.invokeStatic(java.lang.Object, java.lang.Object, java.lang.Object, java.lang.Object, java.lang.Object, java.lang.Object, java.lang.Object, java.lang.Object, java.lang.Object, java.lang.Object, java.lang.Object, java.lang.Object, java.lang.Object, java.lang.Object, java.lang.Object, java.lang.Object, java.lang.Object, java.lang.Object, java.lang.Object)'> (0x00000000eac87bb8) 
thrown 
Event: 116.252 Thread 0x0000025e587c3fe0 Exception <a 'java/lang/NoSuchMethodError'{0x00000000eacb77e8}: 'java.lang.Object java.lang.invoke.DirectMethodHandle$Holder.invokeStatic(java.lang.Object, java.lang.Object, java.lang.Object, java.lang.Object, java.lang.Object, java.lang.Object, java.lang.Object, java.lang.Object, java.lang.Object, java.lang.Object, java.lang.Object, java.lang.Object, java.lang.Object, java.lang.Object, java.lang.Object, java.lang.Object, java.lang.Object, java.lang.Object, java.lang.Object, java.lang.Object)'> (0x00000000
Event: 116.253 Thread 0x0000025e587c3fe0 Exception <a 'java/lang/NoSuchMethodError'{0x00000000eace79f0}: 'java.lang.Object java.lang.invoke.DirectMethodHandle$Holder.invokeStatic(java.lang.Object, java.lang.Object, java.lang.Object, java.lang.Object, java.lang.Object, java.lang.Object, java.lang.Object, java.lang.Object, java.lang.Object, java.lang.Object, java.lang.Object, java.lang.Object, java.lang.Object, java.lang.Object, java.lang.Object, java.lang.Object, java.lang.Object, java.lang.Object, java.lang.Object, java.lang.Object, java.lang.Obj
Event: 116.254 Thread 0x0000025e587c3fe0 Exception <a 'java/lang/NoSuchMethodError'{0x00000000ead18818}: 'java.lang.Object java.lang.invoke.DirectMethodHandle$Holder.invokeStatic(java.lang.Object, java.lang.Object, java.lang.Object, java.lang.Object, java.lang.Object, java.lang.Object, java.lang.Object, java.lang.Object, java.lang.Object, java.lang.Object, java.lang.Object, java.lang.Object, java.lang.Object, java.lang.Object, java.lang.Object, java.lang.Object, java.lang.Object, java.lang.Object, java.lang.Object, java.lang.Object, java.lang.Obj
Event: 116.254 Thread 0x0000025e587c3fe0 Exception <a 'java/lang/NoSuchMethodError'{0x00000000ead4a6f0}: 'java.lang.Object java.lang.invoke.DirectMethodHandle$Holder.invokeStatic(java.lang.Object, java.lang.Object, java.lang.Object, java.lang.Object, java.lang.Object, java.lang.Object, java.lang.Object, java.lang.Object, java.lang.Object, java.lang.Object, java.lang.Object, java.lang.Object, java.lang.Object, java.lang.Object, java.lang.Object, java.lang.Object, java.lang.Object, java.lang.Object, java.lang.Object, java.lang.Object, java.lang.Obj
Event: 116.255 Thread 0x0000025e587c3fe0 Exception <a 'java/lang/NoSuchMethodError'{0x00000000ead7cc38}: 'java.lang.Object java.lang.invoke.DirectMethodHandle$Holder.invokeStatic(java.lang.Object, java.lang.Object, java.lang.Object, java.lang.Object, java.lang.Object, java.lang.Object, java.lang.Object, java.lang.Object, java.lang.Object, java.lang.Object, java.lang.Object, java.lang.Object, java.lang.Object, java.lang.Object, java.lang.Object, java.lang.Object, java.lang.Object, java.lang.Object, java.lang.Object, java.lang.Object, java.lang.Obj
Event: 116.257 Thread 0x0000025e587c3fe0 Exception <a 'java/lang/NoSuchMethodError'{0x00000000eadb12a0}: 'java.lang.Object java.lang.invoke.DirectMethodHandle$Holder.invokeStatic(java.lang.Object, java.lang.Object, java.lang.Object, java.lang.Object, java.lang.Object, java.lang.Object, java.lang.Object, java.lang.Object, java.lang.Object, java.lang.Object, java.lang.Object, java.lang.Object, java.lang.Object, java.lang.Object, java.lang.Object, java.lang.Object, java.lang.Object, java.lang.Object, java.lang.Object, java.lang.Object, java.lang.Obj
Event: 116.258 Thread 0x0000025e587c3fe0 Exception <a 'java/lang/NoSuchMethodError'{0x00000000eadd6e40}: 'java.lang.Object java.lang.invoke.DirectMethodHandle$Holder.invokeSpecial(java.lang.Object, java.lang.Object, java.lang.Object, java.lang.Object, java.lang.Object, java.lang.Object, java.lang.Object, java.lang.Object, java.lang.Object, java.lang.Object, java.lang.Object, java.lang.Object, java.lang.Object, java.lang.Object, java.lang.Object, java.lang.Object, java.lang.Object, java.lang.Object, java.lang.Object, java.lang.Object, java.lang.Ob
Event: 116.259 Thread 0x0000025e587c3fe0 Exception <a 'java/lang/NoSuchMethodError'{0x00000000eadeca90}: 'java.lang.Object java.lang.invoke.DirectMethodHandle$Holder.newInvokeSpecial(java.lang.Object, java.lang.Object, java.lang.Object, java.lang.Object, java.lang.Object, java.lang.Object, java.lang.Object, java.lang.Object, java.lang.Object, java.lang.Object, java.lang.Object, java.lang.Object, java.lang.Object, java.lang.Object, java.lang.Object, java.lang.Object, java.lang.Object, java.lang.Object, java.lang.Object, java.lang.Object, java.lang
Event: 116.259 Thread 0x0000025e587c3fe0 Exception <a 'java/lang/NoSuchMethodError'{0x00000000eadf2c88}: 'java.lang.Object java.lang.invoke.Invokers$Holder.linkToTargetMethod(java.lang.Object, java.lang.Object, java.lang.Object, java.lang.Object, java.lang.Object, java.lang.Object, java.lang.Object, java.lang.Object, java.lang.Object, java.lang.Object, java.lang.Object, java.lang.Object, java.lang.Object, java.lang.Object, java.lang.Object, java.lang.Object, java.lang.Object, java.lang.Object, java.lang.Object, java.lang.Object, java.lang.Object,
Event: 116.259 Thread 0x0000025e587c3fe0 Exception <a 'java/lang/NoSuchMethodError'{0x00000000eadf7e50}: 'java.lang.Object java.lang.invoke.DirectMethodHandle$Holder.invokeVirtual(java.lang.Object, java.lang.Object, java.lang.Object, java.lang.Object, java.lang.Object, java.lang.Object, java.lang.Object, java.lang.Object, java.lang.Object, java.lang.Object)'> (0x00000000eadf7e50) 
thrown [s\src\hotspot\share\interpreter\linkResolver.cpp, line 773]
Event: 116.287 Thread 0x0000025e587c3fe0 Exception <a 'java/lang/NoSuchMethodError'{0x00000000eaf93418}: 'java.lang.Object java.lang.invoke.DirectMethodHandle$Holder.invokeVirtual(java.lang.Object, java.lang.Object, java.lang.Object, java.lang.Object, java.lang.Object, java.lang.Object, java.lang.Object, java.lang.Object, java.lang.Object)'> (0x00000000eaf93418) 
thrown [s\src\hotspot\share\interpreter\linkResolver.cpp, line 773]
Event: 116.301 Thread 0x0000025e587c3fe0 Exception <a 'java/lang/NoSuchMethodError'{0x00000000eb1d0880}: 'java.lang.Object java.lang.invoke.DirectMethodHandle$Holder.invokeVirtual(java.lang.Object, java.lang.Object, java.lang.Object, java.lang.Object, java.lang.Object, java.lang.Object, java.lang.Object, java.lang.Object)'> (0x00000000eb1d0880) 
thrown [s\src\hotspot\share\interpreter\linkResolver.cpp, line 773]
Event: 116.305 Thread 0x0000025e587c3fe0 Exception <a 'java/lang/NoSuchMethodError'{0x00000000eb247728}: 'long java.lang.invoke.DirectMethodHandle$Holder.invokeVirtual(java.lang.Object, java.lang.Object)'> (0x00000000eb247728) 
thrown [s\src\hotspot\share\interpreter\linkResolver.cpp, line 773]
Event: 116.305 Thread 0x0000025e587c3fe0 Exception <a 'java/lang/NoSuchMethodError'{0x00000000eb24ab28}: 'long java.lang.invoke.DelegatingMethodHandle$Holder.reinvoke_L(java.lang.Object, java.lang.Object)'> (0x00000000eb24ab28) 
thrown [s\src\hotspot\share\interpreter\linkResolver.cpp, line 773]
Event: 117.495 Thread 0x0000025e587c5390 Exception <a 'java/lang/NoSuchMethodError'{0x00000000eb90eca0}: 'void java.lang.invoke.DirectMethodHandle$Holder.invokeStatic(java.lang.Object, long)'> (0x00000000eb90eca0) 
thrown [s\src\hotspot\share\interpreter\linkResolver.cpp, line 773]
Event: 118.391 Thread 0x0000025e587c5390 Exception <a 'java/lang/NoSuchMethodError'{0x00000000eb93fb58}: 'void java.lang.invoke.DirectMethodHandle$Holder.invokeSpecial(java.lang.Object, java.lang.Object, int)'> (0x00000000eb93fb58) 
thrown [s\src\hotspot\share\interpreter\linkResolver.cpp, line 773]
Event: 118.391 Thread 0x0000025e587c5390 Exception <a 'java/lang/NoSuchMethodError'{0x00000000eb944f80}: 'java.lang.Object java.lang.invoke.DirectMethodHandle$Holder.newInvokeSpecial(java.lang.Object, java.lang.Object, int)'> (0x00000000eb944f80) 
thrown [s\src\hotspot\share\interpreter\linkResolver.cpp, line 773]

ZGC Phase Switch (0 events):
No events

VM Operations (20 events):
Event: 118.534 Executing VM operation: ParallelGCFailedAllocation (Allocation Failure)
Event: 118.535 Executing VM operation: ParallelGCFailedAllocation (Allocation Failure) done
Event: 119.535 Executing VM operation: Cleanup
Event: 119.535 Executing VM operation: Cleanup done
Event: 120.406 Executing VM operation: HandshakeAllThreads (HandshakeForDeflation)
Event: 120.407 Executing VM operation: HandshakeAllThreads (HandshakeForDeflation) done
Event: 120.407 Executing VM operation: RendezvousGCThreads
Event: 120.407 Executing VM operation: RendezvousGCThreads done
Event: 123.408 Executing VM operation: Cleanup
Event: 123.408 Executing VM operation: Cleanup done
Event: 133.412 Executing VM operation: Cleanup
Event: 133.412 Executing VM operation: Cleanup done
Event: 139.415 Executing VM operation: Cleanup
Event: 139.415 Executing VM operation: Cleanup done
Event: 140.416 Executing VM operation: Cleanup
Event: 140.416 Executing VM operation: Cleanup done
Event: 152.283 Executing VM operation: HandshakeAllThreads (Deoptimize)
Event: 152.283 Executing VM operation: HandshakeAllThreads (Deoptimize) done
Event: 152.283 Executing VM operation: Cleanup
Event: 152.283 Executing VM operation: Cleanup done

Memory protections (0 events):
No events

Nmethod flushes (20 events):
Event: 114.604 Thread 0x0000025e52084ba0 flushing  nmethod 0x0000025e00a96210
Event: 114.604 Thread 0x0000025e52084ba0 flushing  nmethod 0x0000025e00a96c10
Event: 114.604 Thread 0x0000025e52084ba0 flushing  nmethod 0x0000025e00a9c510
Event: 114.604 Thread 0x0000025e52084ba0 flushing  nmethod 0x0000025e00aa3790
Event: 114.604 Thread 0x0000025e52084ba0 flushing  nmethod 0x0000025e00aacb90
Event: 114.604 Thread 0x0000025e52084ba0 flushing  nmethod 0x0000025e00ab0810
Event: 114.604 Thread 0x0000025e52084ba0 flushing  nmethod 0x0000025e00ab1110
Event: 114.604 Thread 0x0000025e52084ba0 flushing  nmethod 0x0000025e00aed290
Event: 114.604 Thread 0x0000025e52084ba0 flushing  nmethod 0x0000025e00b04810
Event: 114.604 Thread 0x0000025e52084ba0 flushing  nmethod 0x0000025e00b05d90
Event: 114.604 Thread 0x0000025e52084ba0 flushing  nmethod 0x0000025e00b0c890
Event: 114.604 Thread 0x0000025e52084ba0 flushing  nmethod 0x0000025e00b0ea10
Event: 114.604 Thread 0x0000025e52084ba0 flushing  nmethod 0x0000025e00b11510
Event: 114.604 Thread 0x0000025e52084ba0 flushing  nmethod 0x0000025e00b15590
Event: 114.604 Thread 0x0000025e52084ba0 flushing  nmethod 0x0000025e00b1a510
Event: 114.604 Thread 0x0000025e52084ba0 flushing  nmethod 0x0000025e00b37690
Event: 114.604 Thread 0x0000025e52084ba0 flushing  nmethod 0x0000025e00b37a90
Event: 114.604 Thread 0x0000025e52084ba0 flushing  nmethod 0x0000025e00b37f10
Event: 114.604 Thread 0x0000025e52084ba0 flushing  nmethod 0x0000025e00b38910
Event: 114.604 Thread 0x0000025e52084ba0 flushing  nmethod 0x0000025e00b3f090

Events (20 events):
Event: 111.978 Thread 0x0000025e5a12f2a0 Thread added: 0x0000025e587c3fe0
Event: 113.541 Thread 0x0000025e5a996280 Thread exited: 0x0000025e5a996280
Event: 114.688 Thread 0x0000025e7b85e750 Thread added: 0x0000025e5a995bb0
Event: 114.818 Thread 0x0000025e7b85ddb0 Thread added: 0x0000025e5a9954e0
Event: 115.079 Thread 0x0000025e5a9954e0 Thread added: 0x0000025e5a9976f0
Event: 115.080 Thread 0x0000025e5a9954e0 Thread added: 0x0000025e5a996950
Event: 115.583 Thread 0x0000025e5a996950 Thread exited: 0x0000025e5a996950
Event: 115.912 Thread 0x0000025e5a9976f0 Thread exited: 0x0000025e5a9976f0
Event: 116.223 Thread 0x0000025e5a9954e0 Thread exited: 0x0000025e5a9954e0
Event: 116.310 Thread 0x0000025e587c3fe0 Thread added: 0x0000025e587c1880
Event: 116.703 Thread 0x0000025e5a995bb0 Thread exited: 0x0000025e5a995bb0
Event: 117.050 Thread 0x0000025e587c3fe0 Thread added: 0x0000025e587c5390
Event: 117.498 Thread 0x0000025e587c5390 Thread added: 0x0000025e587c1f10
Event: 117.498 Thread 0x0000025e587c5390 Thread added: 0x0000025e587c5a20
Event: 118.803 Thread 0x0000025e587c3fe0 Thread added: 0x0000025e587c25a0
Event: 118.811 Thread 0x0000025e587c25a0 Thread added: 0x0000025e587c32c0
Event: 118.811 Thread 0x0000025e587c25a0 Thread added: 0x0000025e587c60b0
Event: 118.811 Thread 0x0000025e587c32c0 Thread exited: 0x0000025e587c32c0
Event: 152.168 Thread 0x0000025e587c60b0 Thread exited: 0x0000025e587c60b0
Event: 152.168 Thread 0x0000025e587c25a0 Thread exited: 0x0000025e587c25a0


Dynamic libraries:
0x00007ff60a760000 - 0x00007ff60a76e000 	c:\Users\admin\.cursor\extensions\redhat.java-1.42.0-win32-x64\jre\21.0.7-win32-x86_64\bin\java.exe
0x00007ff8f0da0000 - 0x00007ff8f1006000 	C:\WINDOWS\SYSTEM32\ntdll.dll
0x00007ff8eeec0000 - 0x00007ff8eef89000 	C:\WINDOWS\System32\KERNEL32.DLL
0x00007ff8ee410000 - 0x00007ff8ee7dc000 	C:\WINDOWS\System32\KERNELBASE.dll
0x00007ff8edfd0000 - 0x00007ff8ee11b000 	C:\WINDOWS\System32\ucrtbase.dll
0x00007ff8cdc00000 - 0x00007ff8cdc1e000 	c:\Users\admin\.cursor\extensions\redhat.java-1.42.0-win32-x64\jre\21.0.7-win32-x86_64\bin\VCRUNTIME140.dll
0x00007ff8cdbe0000 - 0x00007ff8cdbf8000 	c:\Users\admin\.cursor\extensions\redhat.java-1.42.0-win32-x64\jre\21.0.7-win32-x86_64\bin\jli.dll
0x00007ff8f0aa0000 - 0x00007ff8f0c6a000 	C:\WINDOWS\System32\USER32.dll
0x00007ff8ee120000 - 0x00007ff8ee147000 	C:\WINDOWS\System32\win32u.dll
0x00007ff8db710000 - 0x00007ff8db9aa000 	C:\WINDOWS\WinSxS\amd64_microsoft.windows.common-controls_6595b64144ccf1df_6.0.26100.3912_none_3e07963ce335137e\COMCTL32.dll
0x00007ff8f0440000 - 0x00007ff8f046b000 	C:\WINDOWS\System32\GDI32.dll
0x00007ff8eeb60000 - 0x00007ff8eec09000 	C:\WINDOWS\System32\msvcrt.dll
0x00007ff8ee2d0000 - 0x00007ff8ee402000 	C:\WINDOWS\System32\gdi32full.dll
0x00007ff8eea20000 - 0x00007ff8eeac3000 	C:\WINDOWS\System32\msvcp_win.dll
0x00007ff8f0c70000 - 0x00007ff8f0ca0000 	C:\WINDOWS\System32\IMM32.DLL
0x00007ff8e09f0000 - 0x00007ff8e09fc000 	c:\Users\admin\.cursor\extensions\redhat.java-1.42.0-win32-x64\jre\21.0.7-win32-x86_64\bin\vcruntime140_1.dll
0x00007ff8cd9a0000 - 0x00007ff8cda2d000 	c:\Users\admin\.cursor\extensions\redhat.java-1.42.0-win32-x64\jre\21.0.7-win32-x86_64\bin\msvcp140.dll
0x00007ff86fba0000 - 0x00007ff870930000 	c:\Users\admin\.cursor\extensions\redhat.java-1.42.0-win32-x64\jre\21.0.7-win32-x86_64\bin\server\jvm.dll
0x00007ff8f0140000 - 0x00007ff8f01f2000 	C:\WINDOWS\System32\ADVAPI32.dll
0x00007ff8f0cb0000 - 0x00007ff8f0d56000 	C:\WINDOWS\System32\sechost.dll
0x00007ff8efb60000 - 0x00007ff8efc76000 	C:\WINDOWS\System32\RPCRT4.dll
0x00007ff8ef340000 - 0x00007ff8ef3b4000 	C:\WINDOWS\System32\WS2_32.dll
0x00007ff8edda0000 - 0x00007ff8eddfe000 	C:\WINDOWS\SYSTEM32\POWRPROF.dll
0x00007ff8e4950000 - 0x00007ff8e4986000 	C:\WINDOWS\SYSTEM32\WINMM.dll
0x00007ff8ea6e0000 - 0x00007ff8ea6eb000 	C:\WINDOWS\SYSTEM32\VERSION.dll
0x00007ff8edd80000 - 0x00007ff8edd94000 	C:\WINDOWS\SYSTEM32\UMPDC.dll
0x00007ff8eccf0000 - 0x00007ff8ecd0a000 	C:\WINDOWS\SYSTEM32\kernel.appcore.dll
0x00007ff8e0490000 - 0x00007ff8e049a000 	c:\Users\admin\.cursor\extensions\redhat.java-1.42.0-win32-x64\jre\21.0.7-win32-x86_64\bin\jimage.dll
0x00007ff89bae0000 - 0x00007ff89bd21000 	C:\WINDOWS\SYSTEM32\DBGHELP.DLL
0x00007ff8eef90000 - 0x00007ff8ef314000 	C:\WINDOWS\System32\combase.dll
0x00007ff8f0050000 - 0x00007ff8f0130000 	C:\WINDOWS\System32\OLEAUT32.dll
0x00007ff8d7240000 - 0x00007ff8d7279000 	C:\WINDOWS\SYSTEM32\dbgcore.DLL
0x00007ff8edf30000 - 0x00007ff8edfc9000 	C:\WINDOWS\System32\bcryptPrimitives.dll
0x00007ff8e0420000 - 0x00007ff8e042f000 	c:\Users\admin\.cursor\extensions\redhat.java-1.42.0-win32-x64\jre\21.0.7-win32-x86_64\bin\instrument.dll
0x00007ff8cdbc0000 - 0x00007ff8cdbdf000 	c:\Users\admin\.cursor\extensions\redhat.java-1.42.0-win32-x64\jre\21.0.7-win32-x86_64\bin\java.dll
0x00007ff8ef430000 - 0x00007ff8efb5d000 	C:\WINDOWS\System32\SHELL32.dll
0x00007ff8ee150000 - 0x00007ff8ee2c4000 	C:\WINDOWS\System32\wintypes.dll
0x00007ff8ebbe0000 - 0x00007ff8ec436000 	C:\WINDOWS\SYSTEM32\windows.storage.dll
0x00007ff8eedc0000 - 0x00007ff8eeeaf000 	C:\WINDOWS\System32\SHCORE.dll
0x00007ff8ef3c0000 - 0x00007ff8ef429000 	C:\WINDOWS\System32\shlwapi.dll
0x00007ff8ede10000 - 0x00007ff8ede3f000 	C:\WINDOWS\SYSTEM32\profapi.dll
0x00007ff8cdba0000 - 0x00007ff8cdbb8000 	c:\Users\admin\.cursor\extensions\redhat.java-1.42.0-win32-x64\jre\21.0.7-win32-x86_64\bin\zip.dll
0x00007ff8e03d0000 - 0x00007ff8e03e0000 	C:\Users\admin\.cursor\extensions\redhat.java-1.42.0-win32-x64\jre\21.0.7-win32-x86_64\bin\net.dll
0x00007ff8e8a60000 - 0x00007ff8e8b7e000 	C:\WINDOWS\SYSTEM32\WINHTTP.dll
0x0000000180000000 - 0x000000018008c000 	C:\WINDOWS\system32\ASProxy64.dll
0x00007ff8efc80000 - 0x00007ff8efe1f000 	C:\WINDOWS\System32\ole32.dll
0x00007ff8ec730000 - 0x00007ff8ec763000 	C:\WINDOWS\SYSTEM32\IPHLPAPI.DLL
0x00007ff8ed260000 - 0x00007ff8ed2ca000 	C:\WINDOWS\SYSTEM32\MSWSOCK.dll
0x00007ff8ecf90000 - 0x00007ff8ecfd8000 	C:\WINDOWS\SYSTEM32\SspiCli.dll
0x00007ff8cd980000 - 0x00007ff8cd996000 	C:\Users\admin\.cursor\extensions\redhat.java-1.42.0-win32-x64\jre\21.0.7-win32-x86_64\bin\nio.dll
0x00007ff8eb200000 - 0x00007ff8eb2af000 	C:\WINDOWS\system32\uxtheme.dll
0x00007ff8ddf20000 - 0x00007ff8ddf30000 	c:\Users\admin\.cursor\extensions\redhat.java-1.42.0-win32-x64\jre\21.0.7-win32-x86_64\bin\verify.dll
0x00007ff8cd8e0000 - 0x00007ff8cd925000 	C:\Users\admin\AppData\Roaming\Cursor\User\globalStorage\redhat.java\1.42.0\config_win\org.eclipse.equinox.launcher\org.eclipse.equinox.launcher.win32.win32.x86_64_1.2.1300.v20250331-1702\eclipse_11911.dll
0x00007ff8ed510000 - 0x00007ff8ed52c000 	C:\WINDOWS\SYSTEM32\CRYPTSP.dll
0x00007ff8ecc50000 - 0x00007ff8ecc8a000 	C:\WINDOWS\system32\rsaenh.dll
0x00007ff8ed300000 - 0x00007ff8ed32b000 	C:\WINDOWS\SYSTEM32\USERENV.dll
0x00007ff8ede50000 - 0x00007ff8ede76000 	C:\WINDOWS\SYSTEM32\bcrypt.dll
0x00007ff8ed500000 - 0x00007ff8ed50c000 	C:\WINDOWS\SYSTEM32\CRYPTBASE.dll
0x00007ff8eedb0000 - 0x00007ff8eedba000 	C:\WINDOWS\System32\NSI.dll
0x00007ff8d9400000 - 0x00007ff8d940a000 	C:\Users\admin\.cursor\extensions\redhat.java-1.42.0-win32-x64\jre\21.0.7-win32-x86_64\bin\management.dll
0x00007ff8d9100000 - 0x00007ff8d910b000 	C:\Users\admin\.cursor\extensions\redhat.java-1.42.0-win32-x64\jre\21.0.7-win32-x86_64\bin\management_ext.dll
0x00007ff8f0040000 - 0x00007ff8f0048000 	C:\WINDOWS\System32\PSAPI.DLL
0x00007ff8cd780000 - 0x00007ff8cd7c9000 	C:\Users\admin\AppData\Local\Temp\jna-92668751\jna7710447066556099446.dll
0x00007ff8e86b0000 - 0x00007ff8e86cf000 	C:\WINDOWS\SYSTEM32\dhcpcsvc6.DLL
0x00007ff8e7810000 - 0x00007ff8e7835000 	C:\WINDOWS\SYSTEM32\dhcpcsvc.DLL
0x00007ff8cd8b0000 - 0x00007ff8cd8d7000 	C:\Users\admin\.gradle\native\1def1411415f61bf3af743bc5b6707747c0891f09f0c88961ee8f79bc544acac\windows-amd64\native-platform.dll
0x00007ff8d37b0000 - 0x00007ff8d37b9000 	C:\Users\admin\.cursor\extensions\redhat.java-1.42.0-win32-x64\jre\21.0.7-win32-x86_64\bin\extnet.dll
0x00007ff8cdb90000 - 0x00007ff8cdb9e000 	C:\Users\admin\.cursor\extensions\redhat.java-1.42.0-win32-x64\jre\21.0.7-win32-x86_64\bin\sunmscapi.dll
0x00007ff8ee7e0000 - 0x00007ff8ee957000 	C:\WINDOWS\System32\CRYPT32.dll
0x00007ff8ed710000 - 0x00007ff8ed740000 	C:\WINDOWS\SYSTEM32\ncrypt.dll
0x00007ff8ed6c0000 - 0x00007ff8ed6ff000 	C:\WINDOWS\SYSTEM32\NTASN1.dll
0x00007ff8c6ff0000 - 0x00007ff8c6ff8000 	C:\WINDOWS\system32\wshunix.dll

dbghelp: loaded successfully - version: 4.0.5 - missing functions: none
symbol engine: initialized successfully - sym options: 0x614 - pdb path: .;c:\Users\admin\.cursor\extensions\redhat.java-1.42.0-win32-x64\jre\21.0.7-win32-x86_64\bin;C:\WINDOWS\SYSTEM32;C:\WINDOWS\WinSxS\amd64_microsoft.windows.common-controls_6595b64144ccf1df_6.0.26100.3912_none_3e07963ce335137e;c:\Users\admin\.cursor\extensions\redhat.java-1.42.0-win32-x64\jre\21.0.7-win32-x86_64\bin\server;C:\Users\admin\AppData\Roaming\Cursor\User\globalStorage\redhat.java\1.42.0\config_win\org.eclipse.equinox.launcher\org.eclipse.equinox.launcher.win32.win32.x86_64_1.2.1300.v20250331-1702;C:\Users\admin\AppData\Local\Temp\jna-92668751;C:\Users\admin\.gradle\native\1def1411415f61bf3af743bc5b6707747c0891f09f0c88961ee8f79bc544acac\windows-amd64

VM Arguments:
jvm_args: --add-modules=ALL-SYSTEM --add-opens=java.base/java.util=ALL-UNNAMED --add-opens=java.base/java.lang=ALL-UNNAMED --add-opens=java.base/sun.nio.fs=ALL-UNNAMED -Declipse.application=org.eclipse.jdt.ls.core.id1 -Dosgi.bundles.defaultStartLevel=4 -Declipse.product=org.eclipse.jdt.ls.core.product -Djava.import.generatesMetadataFilesAtProjectRoot=false -DDetectVMInstallationsJob.disabled=true -Dfile.encoding=utf8 -XX:+UseParallelGC -XX:GCTimeRatio=4 -XX:AdaptiveSizePolicyWeight=90 -Dsun.zip.disableMemoryMapping=true -Xmx1G -Xms100m -Xlog:disable -javaagent:c:\Users\admin\.cursor\extensions\redhat.java-1.42.0-win32-x64\lombok\lombok-1.18.36.jar -XX:+HeapDumpOnOutOfMemoryError -XX:HeapDumpPath=c:\Users\admin\AppData\Roaming\Cursor\User\workspaceStorage\0426a641ec518546e312a5bf184515bb\redhat.java -Daether.dependencyCollector.impl=bf 
java_command: c:\Users\admin\.cursor\extensions\redhat.java-1.42.0-win32-x64\server\plugins\org.eclipse.equinox.launcher_1.7.0.v20250424-1814.jar -configuration c:\Users\admin\AppData\Roaming\Cursor\User\globalStorage\redhat.java\1.42.0\config_win -data c:\Users\admin\AppData\Roaming\Cursor\User\workspaceStorage\0426a641ec518546e312a5bf184515bb\redhat.java\jdt_ws --pipe=\\.\pipe\lsp-75f018b3f0f49252d4978d8a34d102b1-sock
java_class_path (initial): c:\Users\admin\.cursor\extensions\redhat.java-1.42.0-win32-x64\server\plugins\org.eclipse.equinox.launcher_1.7.0.v20250424-1814.jar
Launcher Type: SUN_STANDARD

[Global flags]
    uintx AdaptiveSizePolicyWeight                 = 90                                        {product} {command line}
     intx CICompilerCount                          = 12                                        {product} {ergonomic}
    uintx GCTimeRatio                              = 4                                         {product} {command line}
     bool HeapDumpOnOutOfMemoryError               = true                                   {manageable} {command line}
    ccstr HeapDumpPath                             = c:\Users\admin\AppData\Roaming\Cursor\User\workspaceStorage\0426a641ec518546e312a5bf184515bb\redhat.java         {manageable} {command line}
   size_t InitialHeapSize                          = 104857600                                 {product} {command line}
   size_t MaxHeapSize                              = 1073741824                                {product} {command line}
   size_t MaxNewSize                               = 357564416                                 {product} {ergonomic}
   size_t MinHeapDeltaBytes                        = 524288                                    {product} {ergonomic}
   size_t MinHeapSize                              = 104857600                                 {product} {command line}
   size_t NewSize                                  = 34603008                                  {product} {ergonomic}
    uintx NonNMethodCodeHeapSize                   = 7602480                                {pd product} {ergonomic}
    uintx NonProfiledCodeHeapSize                  = 122027880                              {pd product} {ergonomic}
   size_t OldSize                                  = 70254592                                  {product} {ergonomic}
    uintx ProfiledCodeHeapSize                     = 122027880                              {pd product} {ergonomic}
    uintx ReservedCodeCacheSize                    = 251658240                              {pd product} {ergonomic}
     bool SegmentedCodeCache                       = true                                      {product} {ergonomic}
   size_t SoftMaxHeapSize                          = 1073741824                             {manageable} {ergonomic}
     bool UseCompressedOops                        = true                           {product lp64_product} {ergonomic}
     bool UseLargePagesIndividualAllocation        = false                                  {pd product} {ergonomic}
     bool UseParallelGC                            = true                                      {product} {command line}

Logging:
Log output configuration:
 #0: stdout all=off uptime,level,tags foldmultilines=false
 #1: stderr all=off uptime,level,tags foldmultilines=false

Environment Variables:
JAVA_HOME=C:\Program Files\OpenLogic\jdk-17.0.15.6-hotspot
PATH=C:\Program Files\Common Files\Oracle\Java\javapath;C:\Program Files\OpenLogic\jdk-17.0.15.6-hotspot\bin;C:\WINDOWS\system32;C:\WINDOWS;C:\WINDOWS\System32\Wbem;C:\WINDOWS\System32\WindowsPowerShell\v1.0\;C:\WINDOWS\System32\OpenSSH\;C:\Program Files\dotnet\;C:\Program Files\Microsoft SQL Server\130\Tools\Binn\;C:\Program Files\Git\cmd;C:\Users\admin\AppData\Roaming\nvm;C:\Program Files\nodejs;C:\Program Files\Microsoft SQL Server\150\Tools\Binn\;C:\Users\admin\AppData\Local\Microsoft\WindowsApps;C:\Users\admin\AppData\Roaming\npm;C:\Users\admin\AppData\Local\Programs\Microsoft VS Code\bin;C:\Users\admin\AppData\Roaming\nvm;C:\Program Files\nodejs;C:\Users\admin\AppData\Local\Android\Sdk\platform-tools;C:\Users\admin\AppData\Local\Programs\cursor\resources\app\bin;C:\;C:\Users\admin\.dotnet\tools
USERNAME=admin
OS=Windows_NT
PROCESSOR_IDENTIFIER=Intel64 Family 6 Model 165 Stepping 5, GenuineIntel
TMP=C:\Users\admin\AppData\Local\Temp
TEMP=C:\Users\admin\AppData\Local\Temp




Periodic native trim disabled

---------------  S Y S T E M  ---------------

OS:
 Windows 11 , 64 bit Build 26100 (10.0.26100.3912)
OS uptime: 2 days 18:59 hours

CPU: total 16 (initial active 16) (8 cores per cpu, 2 threads per core) family 6 model 165 stepping 5 microcode 0xec, cx8, cmov, fxsr, ht, mmx, 3dnowpref, sse, sse2, sse3, ssse3, sse4.1, sse4.2, popcnt, lzcnt, tsc, tscinvbit, avx, avx2, aes, erms, clmul, bmi1, bmi2, adx, fma, vzeroupper, clflush, clflushopt, rdtscp, f16c, pku
Processor Information for processor 0
  Max Mhz: 2901, Current Mhz: 900, Mhz Limit: 2901
Processor Information for processor 1
  Max Mhz: 2901, Current Mhz: 900, Mhz Limit: 2901
Processor Information for processor 2
  Max Mhz: 2901, Current Mhz: 2901, Mhz Limit: 2901
Processor Information for processor 3
  Max Mhz: 2901, Current Mhz: 900, Mhz Limit: 2901
Processor Information for processor 4
  Max Mhz: 2901, Current Mhz: 900, Mhz Limit: 2901
Processor Information for processor 5
  Max Mhz: 2901, Current Mhz: 900, Mhz Limit: 2901
Processor Information for processor 6
  Max Mhz: 2901, Current Mhz: 900, Mhz Limit: 2901
Processor Information for processor 7
  Max Mhz: 2901, Current Mhz: 900, Mhz Limit: 2901
Processor Information for processor 8
  Max Mhz: 2901, Current Mhz: 900, Mhz Limit: 2901
Processor Information for processor 9
  Max Mhz: 2901, Current Mhz: 900, Mhz Limit: 2901
Processor Information for processor 10
  Max Mhz: 2901, Current Mhz: 900, Mhz Limit: 2901
Processor Information for processor 11
  Max Mhz: 2901, Current Mhz: 900, Mhz Limit: 2901
Processor Information for processor 12
  Max Mhz: 2901, Current Mhz: 2901, Mhz Limit: 2901
Processor Information for processor 13
  Max Mhz: 2901, Current Mhz: 900, Mhz Limit: 2901
Processor Information for processor 14
  Max Mhz: 2901, Current Mhz: 900, Mhz Limit: 2901
Processor Information for processor 15
  Max Mhz: 2901, Current Mhz: 900, Mhz Limit: 2901

Memory: 4k page, system-wide physical 16096M (2884M free)
TotalPageFile size 34528M (AvailPageFile size 4909M)
current process WorkingSet (physical memory assigned to process): 193M, peak: 238M
current process commit charge ("private bytes"): 327M, peak: 376M

vm_info: OpenJDK 64-Bit Server VM (21.0.7+6-LTS) for windows-amd64 JRE (21.0.7+6-LTS), built on 2025-04-15T00:00:00Z by "admin" with MS VC++ 17.7 (VS2022)

END.
