#
# A fatal error has been detected by the Java Runtime Environment:
#
#  EXCEPTION_ACCESS_VIOLATION (0xc0000005) at pc=0x000000018000c274, pid=34784, tid=19544
#
# JRE version: OpenJDK Runtime Environment Temurin-21.0.7+6 (21.0.7+6) (build 21.0.7+6-LTS)
# Java VM: OpenJDK 64-Bit Server VM Temurin-21.0.7+6 (21.0.7+6-LTS, mixed mode, sharing, tiered, compressed oops, compressed class ptrs, parallel gc, windows-amd64)
# Problematic frame:
# C  [ASProxy64.dll+0xc274]
#
# No core dump will be written. Minidumps are not enabled by default on client versions of Windows
#
# If you would like to submit a bug report, please visit:
#   https://github.com/adoptium/adoptium-support/issues
# The crash happened outside the Java Virtual Machine in native code.
# See problematic frame for where to report the bug.
#

---------------  S U M M A R Y ------------

Command Line: --add-modules=ALL-SYSTEM --add-opens=java.base/java.util=ALL-UNNAMED --add-opens=java.base/java.lang=ALL-UNNAMED --add-opens=java.base/sun.nio.fs=ALL-UNNAMED -Declipse.application=org.eclipse.jdt.ls.core.id1 -Dosgi.bundles.defaultStartLevel=4 -Declipse.product=org.eclipse.jdt.ls.core.product -Djava.import.generatesMetadataFilesAtProjectRoot=false -DDetectVMInstallationsJob.disabled=true -Dfile.encoding=utf8 -XX:+UseParallelGC -XX:GCTimeRatio=4 -XX:AdaptiveSizePolicyWeight=90 -Dsun.zip.disableMemoryMapping=true -Xmx1G -Xms100m -Xlog:disable -javaagent:c:\Users\admin\.cursor\extensions\redhat.java-1.42.0-win32-x64\lombok\lombok-1.18.36.jar -XX:+HeapDumpOnOutOfMemoryError -XX:HeapDumpPath=c:\Users\admin\AppData\Roaming\Cursor\User\workspaceStorage\0426a641ec518546e312a5bf184515bb\redhat.java -Daether.dependencyCollector.impl=bf c:\Users\admin\.cursor\extensions\redhat.java-1.42.0-win32-x64\server\plugins\org.eclipse.equinox.launcher_1.7.0.v20250424-1814.jar -configuration c:\Users\admin\AppData\Roaming\Cursor\User\globalStorage\redhat.java\1.42.0\config_win -data c:\Users\admin\AppData\Roaming\Cursor\User\workspaceStorage\0426a641ec518546e312a5bf184515bb\redhat.java\jdt_ws --pipe=\\.\pipe\lsp-dca50e1909cbe5422638d278322459e5-sock

Host: Intel(R) Core(TM) i7-10700 CPU @ 2.90GHz, 16 cores, 15G,  Windows 11 , 64 bit Build 26100 (10.0.26100.3912)
Time: Sun May 18 14:29:55 2025 Eastern Daylight Time elapsed time: 100.843286 seconds (0d 0h 1m 40s)

---------------  T H R E A D  ---------------

Current thread (0x000001b94abadeb0):  JavaThread "Connection worker"        [_thread_in_native, id=19544, stack(0x0000009e01700000,0x0000009e01800000) (1024K)]

Stack: [0x0000009e01700000,0x0000009e01800000],  sp=0x0000009e017fdf40,  free space=1015k
Native frames: (J=compiled Java code, j=interpreted, Vv=VM code, C=native code)
C  [ASProxy64.dll+0xc274]

Java frames: (J=compiled Java code, j=interpreted, Vv=VM code)
j  sun.nio.ch.WEPoll.ctl(JIJI)I+0 java.base@21.0.7
j  sun.nio.ch.WEPollSelectorImpl.<init>(Ljava/nio/channels/spi/SelectorProvider;)V+139 java.base@21.0.7
j  sun.nio.ch.WEPollSelectorProvider.openSelector()Ljava/nio/channels/spi/AbstractSelector;+5 java.base@21.0.7
j  java.nio.channels.Selector.open()Ljava/nio/channels/Selector;+3 java.base@21.0.7
j  org.gradle.internal.remote.internal.inet.SocketConnection$SocketInputStream.<init>(Ljava/nio/channels/SocketChannel;)V+17
j  org.gradle.internal.remote.internal.inet.SocketConnection.<init>(Ljava/nio/channels/SocketChannel;Lorg/gradle/internal/remote/internal/MessageSerializer;Lorg/gradle/internal/serialize/StatefulSerializer;)V+27
j  org.gradle.internal.remote.internal.inet.SocketConnectCompletion.create(Lorg/gradle/internal/serialize/StatefulSerializer;)Lorg/gradle/internal/remote/internal/RemoteConnection;+16
j  org.gradle.launcher.daemon.client.DefaultDaemonConnector.connectToDaemon(Lorg/gradle/launcher/daemon/context/DaemonConnectDetails;Lorg/gradle/launcher/daemon/client/DaemonClientConnection$StaleAddressDetector;)Lorg/gradle/launcher/daemon/client/DaemonClientConnection;+45
j  org.gradle.launcher.daemon.client.DefaultDaemonConnector.connectToDaemonWithId(Lorg/gradle/launcher/daemon/diagnostics/DaemonStartupInfo;Lorg/gradle/api/internal/specs/ExplainingSpec;)Lorg/gradle/launcher/daemon/client/DaemonClientConnection;+116
j  org.gradle.launcher.daemon.client.DefaultDaemonConnector.doStartDaemon(Lorg/gradle/api/internal/specs/ExplainingSpec;Z)Lorg/gradle/launcher/daemon/client/DaemonClientConnection;+61
j  org.gradle.launcher.daemon.client.DefaultDaemonConnector.startDaemon(Lorg/gradle/api/internal/specs/ExplainingSpec;)Lorg/gradle/launcher/daemon/client/DaemonClientConnection;+3
j  org.gradle.launcher.daemon.client.DaemonClient.execute(Lorg/gradle/internal/invocation/BuildAction;Lorg/gradle/launcher/exec/BuildActionParameters;Lorg/gradle/internal/daemon/client/execution/ClientBuildRequestContext;)Lorg/gradle/launcher/exec/BuildActionResult;+201
j  org.gradle.launcher.daemon.client.DaemonClient.execute(Lorg/gradle/internal/invocation/BuildAction;Ljava/lang/Object;Ljava/lang/Object;)Lorg/gradle/launcher/exec/BuildActionResult;+10
j  org.gradle.tooling.internal.provider.DaemonBuildActionExecuter.execute(Lorg/gradle/internal/invocation/BuildAction;Lorg/gradle/tooling/internal/provider/ConnectionOperationParameters;Lorg/gradle/internal/daemon/client/execution/ClientBuildRequestContext;)Lorg/gradle/launcher/exec/BuildActionResult;+72
j  org.gradle.tooling.internal.provider.DaemonBuildActionExecuter.execute(Lorg/gradle/internal/invocation/BuildAction;Ljava/lang/Object;Ljava/lang/Object;)Lorg/gradle/launcher/exec/BuildActionResult;+10
j  org.gradle.tooling.internal.provider.LoggingBridgingBuildActionExecuter.execute(Lorg/gradle/internal/invocation/BuildAction;Lorg/gradle/tooling/internal/provider/ConnectionOperationParameters;Lorg/gradle/internal/daemon/client/execution/ClientBuildRequestContext;)Lorg/gradle/launcher/exec/BuildActionResult;+77
j  org.gradle.tooling.internal.provider.LoggingBridgingBuildActionExecuter.execute(Lorg/gradle/internal/invocation/BuildAction;Ljava/lang/Object;Ljava/lang/Object;)Lorg/gradle/launcher/exec/BuildActionResult;+10
j  org.gradle.tooling.internal.provider.ProviderConnection.run(Lorg/gradle/internal/invocation/BuildAction;Lorg/gradle/initialization/BuildCancellationToken;Lorg/gradle/tooling/internal/provider/ProviderConnection$ProgressListenerConfiguration;Lorg/gradle/initialization/BuildEventConsumer;Lorg/gradle/tooling/internal/provider/connection/ProviderOperationParameters;Lorg/gradle/tooling/internal/provider/ProviderConnection$Parameters;)Ljava/lang/Object;+79
j  org.gradle.tooling.internal.provider.ProviderConnection.runPhasedAction(Lorg/gradle/tooling/internal/protocol/InternalPhasedAction;Lorg/gradle/tooling/internal/protocol/PhasedActionResultListener;Lorg/gradle/initialization/BuildCancellationToken;Lorg/gradle/tooling/internal/provider/connection/ProviderOperationParameters;)Ljava/lang/Object;+132
j  org.gradle.tooling.internal.provider.DefaultConnection.run(Lorg/gradle/tooling/internal/protocol/InternalPhasedAction;Lorg/gradle/tooling/internal/protocol/PhasedActionResultListener;Lorg/gradle/tooling/internal/protocol/InternalCancellationToken;Lorg/gradle/tooling/internal/protocol/BuildParameters;)Lorg/gradle/tooling/internal/protocol/BuildResult;+28
j  org.gradle.tooling.internal.consumer.connection.PhasedActionAwareConsumerConnection.run(Lorg/gradle/tooling/internal/consumer/PhasedBuildAction;Lorg/gradle/tooling/internal/consumer/parameters/ConsumerOperationParameters;)V+66
j  org.gradle.tooling.internal.consumer.connection.ParameterValidatingConsumerConnection.run(Lorg/gradle/tooling/internal/consumer/PhasedBuildAction;Lorg/gradle/tooling/internal/consumer/parameters/ConsumerOperationParameters;)V+11
j  org.gradle.tooling.internal.consumer.DefaultPhasedBuildActionExecuter$1.run(Lorg/gradle/tooling/internal/consumer/connection/ConsumerConnection;)Ljava/lang/Void;+12
j  org.gradle.tooling.internal.consumer.DefaultPhasedBuildActionExecuter$1.run(Lorg/gradle/tooling/internal/consumer/connection/ConsumerConnection;)Ljava/lang/Object;+2
j  org.gradle.tooling.internal.consumer.connection.LazyConsumerActionExecutor.run(Lorg/gradle/tooling/internal/consumer/connection/ConsumerAction;)Ljava/lang/Object;+34
j  org.gradle.tooling.internal.consumer.connection.CancellableConsumerActionExecutor.run(Lorg/gradle/tooling/internal/consumer/connection/ConsumerAction;)Ljava/lang/Object;+34
j  org.gradle.tooling.internal.consumer.connection.ProgressLoggingConsumerActionExecutor.run(Lorg/gradle/tooling/internal/consumer/connection/ConsumerAction;)Ljava/lang/Object;+78
j  org.gradle.tooling.internal.consumer.connection.RethrowingErrorsConsumerActionExecutor.run(Lorg/gradle/tooling/internal/consumer/connection/ConsumerAction;)Ljava/lang/Object;+5
j  org.gradle.tooling.internal.consumer.async.DefaultAsyncConsumerActionExecutor$1$1.run()V+17
j  org.gradle.internal.concurrent.ExecutorPolicy$CatchAndRecordFailures.onExecute(Ljava/lang/Runnable;)V+1
j  org.gradle.internal.concurrent.AbstractManagedExecutor$1.run()V+25
j  java.util.concurrent.ThreadPoolExecutor.runWorker(Ljava/util/concurrent/ThreadPoolExecutor$Worker;)V+92 java.base@21.0.7
j  java.util.concurrent.ThreadPoolExecutor$Worker.run()V+5 java.base@21.0.7
j  java.lang.Thread.runWith(Ljava/lang/Object;Ljava/lang/Runnable;)V+5 java.base@21.0.7
j  java.lang.Thread.run()V+19 java.base@21.0.7
v  ~StubRoutines::call_stub 0x000001b97836100d

siginfo: EXCEPTION_ACCESS_VIOLATION (0xc0000005), reading address 0x0000000000001300


Registers:
RAX=0x0000000000000000, RBX=0x000001b94d301a18, RCX=0x0000000000001304, RDX=0x0000000000000002
RSP=0x0000009e017fdf40, RBP=0x0000000000001300, RSI=0x000001b94c8037a0, RDI=0x0000000000001300
R8 =0x7ffffffffffffffc, R9 =0x0000000000000000, R10=0x0000000000001304, R11=0x000001b96dd1c6d8
R12=0x0000009e017fe180, R13=0x0000000000001318, R14=0x000001b94c803770, R15=0x0000000000001318
RIP=0x000000018000c274, EFLAGS=0x0000000000010246

XMM[0]=0x0000000000000000 0x0000000000000000
XMM[1]=0x0000000000000000 0x0000000000000000
XMM[2]=0x0000000000000000 0x0000000000000000
XMM[3]=0x0000000000000000 0x0000000000000000
XMM[4]=0x0000000000000000 0x0000000000000000
XMM[5]=0x0000000000000000 0x0000000000000000
XMM[6]=0x71e5fac2024ee056 0x219f8c7e94acc083
XMM[7]=0xac92dc7c0d75bfda 0xa498e550c9a69d49
XMM[8]=0x0000000000000000 0x42250fb0ac2152d6
XMM[9]=0x7304556ecc6f63d1 0x48e9523b5a659d43
XMM[10]=0xffffffffffffffff 0x0b0a090803020100
XMM[11]=0x6e2b60e69d3fb440 0x0000000000000000
XMM[12]=0x0b0a090803020100 0xffffffffffffffff
XMM[13]=0x0c0d0e0f08090a0b 0x0405060700010203
XMM[14]=0x0000000000000000 0x00000000f035adbc
XMM[15]=0x0000000000000000 0x00000000eac6c3f8
  MXCSR=0x00001fa0


Register to memory mapping:

RAX=0x0 is null
RBX=0x000001b94d301a18 points into unknown readable memory: 0x0000000000000000 | 00 00 00 00 00 00 00 00
RCX=0x0000000000001304 is an unknown value
RDX=0x0000000000000002 is an unknown value
RSP=0x0000009e017fdf40 is pointing into the stack for thread: 0x000001b94abadeb0
RBP=0x0000000000001300 is an unknown value
RSI=0x000001b94c8037a0 points into unknown readable memory: 0x000001b94c8037a0 | a0 37 80 4c b9 01 00 00
RDI=0x0000000000001300 is an unknown value
R8 =0x7ffffffffffffffc is an unknown value
R9 =0x0 is null
R10=0x0000000000001304 is an unknown value
R11=0x000001b96dd1c6d8 points into unknown readable memory: 0x00000000000007d0 | d0 07 00 00 00 00 00 00
R12=0x0000009e017fe180 is pointing into the stack for thread: 0x000001b94abadeb0
R13=0x0000000000001318 is an unknown value
R14=0x000001b94c803770 points into unknown readable memory: 0x0000000000001300 | 00 13 00 00 00 00 00 00
R15=0x0000000000001318 is an unknown value

Top of Stack: (sp=0x0000009e017fdf40)
0x0000009e017fdf40:   0000000000000000 0000000000000000
0x0000009e017fdf50:   0000000000001300 000000018001f4c2
0x0000009e017fdf60:   0000000180065ec8 0000000000002736
0x0000009e017fdf70:   0000000000000001 0000000000001304
0x0000009e017fdf80:   0000000000001300 000000018000c506
0x0000009e017fdf90:   000001b94d301a18 0000000000002736
0x0000009e017fdfa0:   0000000000000000 000001b900000008
0x0000009e017fdfb0:   0000009e0000001e 0000000000000000
0x0000009e017fdfc0:   0000000000001300 0000000000000000
0x0000009e017fdfd0:   0000000000000001 0000000000000000
0x0000009e017fdfe0:   0000000000001300 00007ff8c17f77e6
0x0000009e017fdff0:   0000000000001304 0000000000001302
0x0000009e017fe000:   000001b94c8037a0 0000009e017fe150
0x0000009e017fe010:   0000000000000000 000001b900000000
0x0000009e017fe020:   0000000000000003 000001b900000001
0x0000009e017fe030:   0000000000000000 0000000000000000
0x0000009e017fe040:   00007ff800000000 00007ff8edfe0139
0x0000009e017fe050:   0000000000001304 0000000000000000
0x0000009e017fe060:   0000000000000000 0000fa8e96ca7a9a
0x0000009e017fe070:   000001b94d301a00 00007ff8c17f82af
0x0000009e017fe080:   0000000000000028 00007ff84efc2cac
0x0000009e017fe090:   000001b94d301a08 000001b96dd45040
0x0000009e017fe0a0:   000001b94c803770 00007ff8c17f8359
0x0000009e017fe0b0:   000001b94c8037a0 0000009e017fe180
0x0000009e017fe0c0:   000001b94c8037a0 000001b94c803770
0x0000009e017fe0d0:   000001b94abadeb0 0000009e017fe180
0x0000009e017fe0e0:   000001b9499fef70 0000000000000000
0x0000009e017fe0f0:   000001b94c803770 00007ff8c17f8787
0x0000009e017fe100:   0000000000000000 0000009e017fe180
0x0000009e017fe110:   0000000000001318 000001b94abadeb0
0x0000009e017fe120:   0000000000000001 00007ff8c17f7a75
0x0000009e017fe130:   0000000000001300 0000009e017fe180 

Instructions: (pc=0x000000018000c274)
0x000000018000c174:   70 48 8b 6c 24 78 32 c0 48 83 c4 50 41 5c c3 cc
0x000000018000c184:   cc cc cc cc cc cc cc cc cc cc cc cc 48 85 c9 74
0x000000018000c194:   23 8b 05 ad ff 06 00 89 01 8b 05 a9 ff 06 00 89
0x000000018000c1a4:   41 04 8b 05 a4 ff 06 00 89 41 08 8b 05 9f ff 06
0x000000018000c1b4:   00 89 41 0c f3 c3 cc cc cc cc cc cc c6 01 01 c7
0x000000018000c1c4:   02 01 00 00 00 c3 cc cc cc cc cc cc 48 89 5c 24
0x000000018000c1d4:   08 57 48 83 ec 70 48 8b fa 8b d9 48 8d 15 82 73
0x000000018000c1e4:   05 00 48 8d 4c 24 20 45 33 c0 48 c7 44 24 40 0f
0x000000018000c1f4:   00 00 00 48 c7 44 24 38 00 00 00 00 c6 44 24 28
0x000000018000c204:   00 e8 d6 6b ff ff 4c 8d 4c 24 20 48 8d 4c 24 48
0x000000018000c214:   41 b0 01 8b d3 e8 52 06 02 00 48 83 78 20 10 72
0x000000018000c224:   06 48 8b 48 08 eb 05 48 8d 48 08 90 0f b6 01 48
0x000000018000c234:   ff c7 48 ff c1 88 47 ff 84 c0 75 f0 48 83 7c 24
0x000000018000c244:   68 10 72 0a 48 8b 4c 24 50 e8 52 94 03 00 48 8b
0x000000018000c254:   9c 24 80 00 00 00 48 83 c4 70 5f c3 48 83 ec 48
0x000000018000c264:   0f b6 c2 0f 57 c0 0f 11 44 24 ff 25 00 00 00 00
0x000000018000c274:   ae 7e ef ee f8 7f 00 00 8b 44 24 04 0f af 04 24
0x000000018000c284:   89 04 24 8b 44 24 04 0f af 04 24 83 c0 01 89 04
0x000000018000c294:   24 8b 44 24 04 0f af 04 24 83 c0 02 89 04 24 8b
0x000000018000c2a4:   44 24 04 0f af 04 24 83 c0 03 89 04 24 8b 44 24
0x000000018000c2b4:   04 0f af 04 24 83 c0 04 89 04 24 8b 44 24 04 0f
0x000000018000c2c4:   af 04 24 83 c0 05 89 04 24 8b 44 24 04 0f af 04
0x000000018000c2d4:   24 83 c0 06 89 04 24 8b 44 24 04 0f af 04 24 83
0x000000018000c2e4:   c0 07 89 04 24 8b 44 24 04 0f af 04 24 83 c0 08
0x000000018000c2f4:   89 04 24 8b 44 24 04 0f af 04 24 83 c0 09 89 04
0x000000018000c304:   24 8b 44 24 04 0f af 04 24 83 c0 0a 89 04 24 8b
0x000000018000c314:   44 24 04 0f af 04 24 83 c0 0b 89 04 24 8b 44 24
0x000000018000c324:   04 0f af 04 24 83 c0 0d 89 04 24 8b 44 24 04 0f
0x000000018000c334:   af 04 24 83 c0 0e 89 04 24 8b 44 24 04 0f af 04
0x000000018000c344:   24 83 c0 0f 89 04 24 8b 44 24 04 0f af 04 24 83
0x000000018000c354:   c0 10 89 04 24 8b 44 24 04 0f af 04 24 83 c0 11
0x000000018000c364:   89 04 24 8b 44 24 04 0f af 04 24 83 c0 12 89 04 


Stack slot to memory mapping:

stack at sp + 0 slots: 0x0 is null
stack at sp + 1 slots: 0x0 is null
stack at sp + 2 slots: 0x0000000000001300 is an unknown value
stack at sp + 3 slots: 0x000000018001f4c2 ASProxy64.dll
stack at sp + 4 slots: 0x0000000180065ec8 ASProxy64.dll
stack at sp + 5 slots: 0x0000000000002736 is an unknown value
stack at sp + 6 slots: 0x0000000000000001 is an unknown value
stack at sp + 7 slots: 0x0000000000001304 is an unknown value


---------------  P R O C E S S  ---------------

Threads class SMR info:
_java_thread_list=0x000001b950796300, length=60, elements={
0x000001b96b87a8c0, 0x000001b96ddc7400, 0x000001b9431fe360, 0x000001b96ddca650,
0x000001b96ddcd0b0, 0x000001b96ddcfe20, 0x000001b96ddd3020, 0x000001b96ddd9cb0,
0x000001b9446f7760, 0x000001b9447ee0d0, 0x000001b94a67dcb0, 0x000001b94aa69a00,
0x000001b94af38d70, 0x000001b9449057b0, 0x000001b9449061e0, 0x000001b94b203160,
0x000001b9447d3ad0, 0x000001b94ababde0, 0x000001b94abae540, 0x000001b94abac470,
0x000001b94abab750, 0x000001b94abacb00, 0x000001b94abad190, 0x000001b94abaebd0,
0x000001b94cb16be0, 0x000001b94cb17f90, 0x000001b94cb18cb0, 0x000001b94cb19340,
0x000001b94cb199d0, 0x000001b94cb18620, 0x000001b94cb1a060, 0x000001b94cb17900,
0x000001b94cb1a6f0, 0x000001b94cb17270, 0x000001b94cb1baa0, 0x000001b94cb1db70,
0x000001b94cb1c7c0, 0x000001b94cb1b410, 0x000001b94cb1c130, 0x000001b94cb1ce50,
0x000001b94cb1d4e0, 0x000001b94cb1e200, 0x000001b94cb1ad80, 0x000001b94ca9cbc0,
0x000001b94ca9df70, 0x000001b94ca9d250, 0x000001b94ca9e600, 0x000001b94ca9f9b0,
0x000001b94ca9ec90, 0x000001b94caa2e30, 0x000001b94caa1a80, 0x000001b94caa27a0,
0x000001b94caa2110, 0x000001b94caa0d60, 0x000001b94caa34c0, 0x000001b94abadeb0,
0x000001b94ee7b4f0, 0x000001b94ee7c8a0, 0x000001b94ee79ab0, 0x000001b94ee7a140
}

Java Threads: ( => current thread )
  0x000001b96b87a8c0 JavaThread "main"                              [_thread_blocked, id=27936, stack(0x0000009e7b400000,0x0000009e7b500000) (1024K)]
  0x000001b96ddc7400 JavaThread "Reference Handler"          daemon [_thread_blocked, id=24752, stack(0x0000009e7b800000,0x0000009e7b900000) (1024K)]
  0x000001b9431fe360 JavaThread "Finalizer"                  daemon [_thread_blocked, id=25160, stack(0x0000009e7b900000,0x0000009e7ba00000) (1024K)]
  0x000001b96ddca650 JavaThread "Signal Dispatcher"          daemon [_thread_blocked, id=27676, stack(0x0000009e7ba00000,0x0000009e7bb00000) (1024K)]
  0x000001b96ddcd0b0 JavaThread "Attach Listener"            daemon [_thread_blocked, id=8772, stack(0x0000009e7bb00000,0x0000009e7bc00000) (1024K)]
  0x000001b96ddcfe20 JavaThread "Service Thread"             daemon [_thread_blocked, id=18688, stack(0x0000009e7bc00000,0x0000009e7bd00000) (1024K)]
  0x000001b96ddd3020 JavaThread "Monitor Deflation Thread"   daemon [_thread_blocked, id=3816, stack(0x0000009e7bd00000,0x0000009e7be00000) (1024K)]
  0x000001b96ddd9cb0 JavaThread "C2 CompilerThread0"         daemon [_thread_blocked, id=30040, stack(0x0000009e7be00000,0x0000009e7bf00000) (1024K)]
  0x000001b9446f7760 JavaThread "C1 CompilerThread0"         daemon [_thread_blocked, id=26312, stack(0x0000009e7bf00000,0x0000009e7c000000) (1024K)]
  0x000001b9447ee0d0 JavaThread "Common-Cleaner"             daemon [_thread_blocked, id=24380, stack(0x0000009e7c000000,0x0000009e7c100000) (1024K)]
  0x000001b94a67dcb0 JavaThread "Notification Thread"        daemon [_thread_blocked, id=29680, stack(0x0000009e7d400000,0x0000009e7d500000) (1024K)]
  0x000001b94aa69a00 JavaThread "Active Thread: Equinox Container: d837e65d-ffc5-401f-80af-422f1a351586"        [_thread_blocked, id=30192, stack(0x0000009e7c200000,0x0000009e7c300000) (1024K)]
  0x000001b94af38d70 JavaThread "Refresh Thread: Equinox Container: d837e65d-ffc5-401f-80af-422f1a351586" daemon [_thread_blocked, id=29148, stack(0x0000009e7db80000,0x0000009e7dc80000) (1024K)]
  0x000001b9449057b0 JavaThread "Framework Event Dispatcher: Equinox Container: d837e65d-ffc5-401f-80af-422f1a351586" daemon [_thread_blocked, id=30012, stack(0x0000009e7c100000,0x0000009e7c200000) (1024K)]
  0x000001b9449061e0 JavaThread "Start Level: Equinox Container: d837e65d-ffc5-401f-80af-422f1a351586" daemon [_thread_blocked, id=30568, stack(0x0000009e7dd80000,0x0000009e7de80000) (1024K)]
  0x000001b94b203160 JavaThread "Bundle File Closer"         daemon [_thread_blocked, id=35140, stack(0x0000009e7e180000,0x0000009e7e280000) (1024K)]
  0x000001b9447d3ad0 JavaThread "SCR Component Actor"        daemon [_thread_blocked, id=3492, stack(0x0000009e7e580000,0x0000009e7e680000) (1024K)]
  0x000001b94ababde0 JavaThread "Worker-JM"                         [_thread_blocked, id=18848, stack(0x0000009e7ea80000,0x0000009e7eb80000) (1024K)]
  0x000001b94abae540 JavaThread "Worker-0"                          [_thread_blocked, id=29240, stack(0x0000009e7ec80000,0x0000009e7ed80000) (1024K)]
  0x000001b94abac470 JavaThread "Worker-1"                          [_thread_blocked, id=28800, stack(0x0000009e7e980000,0x0000009e7ea80000) (1024K)]
  0x000001b94abab750 JavaThread "Java indexing"              daemon [_thread_blocked, id=8092, stack(0x0000009e7ee80000,0x0000009e7ef80000) (1024K)]
  0x000001b94abacb00 JavaThread "JNA Cleaner"                daemon [_thread_blocked, id=32224, stack(0x0000009e7ef80000,0x0000009e7f080000) (1024K)]
  0x000001b94abad190 JavaThread "Thread-2"                   daemon [_thread_in_native, id=24052, stack(0x0000009e7f380000,0x0000009e7f480000) (1024K)]
  0x000001b94abaebd0 JavaThread "Thread-3"                   daemon [_thread_in_native, id=20952, stack(0x0000009e7f480000,0x0000009e7f580000) (1024K)]
  0x000001b94cb16be0 JavaThread "Thread-4"                   daemon [_thread_in_native, id=13368, stack(0x0000009e7f580000,0x0000009e7f680000) (1024K)]
  0x000001b94cb17f90 JavaThread "Thread-5"                   daemon [_thread_in_native, id=30744, stack(0x0000009e7f680000,0x0000009e7f780000) (1024K)]
  0x000001b94cb18cb0 JavaThread "Thread-6"                   daemon [_thread_in_native, id=8116, stack(0x0000009e7f780000,0x0000009e7f880000) (1024K)]
  0x000001b94cb19340 JavaThread "Thread-7"                   daemon [_thread_in_native, id=14660, stack(0x0000009e7f880000,0x0000009e7f980000) (1024K)]
  0x000001b94cb199d0 JavaThread "Thread-8"                   daemon [_thread_in_native, id=4200, stack(0x0000009e7f980000,0x0000009e7fa80000) (1024K)]
  0x000001b94cb18620 JavaThread "Thread-9"                   daemon [_thread_in_native, id=32632, stack(0x0000009e7fa80000,0x0000009e7fb80000) (1024K)]
  0x000001b94cb1a060 JavaThread "Thread-10"                  daemon [_thread_in_native, id=34476, stack(0x0000009e7fb80000,0x0000009e7fc80000) (1024K)]
  0x000001b94cb17900 JavaThread "Thread-11"                  daemon [_thread_in_native, id=21724, stack(0x0000009e7fc80000,0x0000009e7fd80000) (1024K)]
  0x000001b94cb1a6f0 JavaThread "Thread-12"                  daemon [_thread_in_native, id=27396, stack(0x0000009e7fd80000,0x0000009e7fe80000) (1024K)]
  0x000001b94cb17270 JavaThread "Thread-13"                  daemon [_thread_in_native, id=35816, stack(0x0000009e7fe80000,0x0000009e7ff80000) (1024K)]
  0x000001b94cb1baa0 JavaThread "Thread-14"                  daemon [_thread_in_native, id=32120, stack(0x0000009e00000000,0x0000009e00100000) (1024K)]
  0x000001b94cb1db70 JavaThread "Thread-15"                  daemon [_thread_in_native, id=21816, stack(0x0000009e00100000,0x0000009e00200000) (1024K)]
  0x000001b94cb1c7c0 JavaThread "Thread-16"                  daemon [_thread_in_native, id=31992, stack(0x0000009e00200000,0x0000009e00300000) (1024K)]
  0x000001b94cb1b410 JavaThread "Thread-17"                  daemon [_thread_in_native, id=34564, stack(0x0000009e00300000,0x0000009e00400000) (1024K)]
  0x000001b94cb1c130 JavaThread "Thread-18"                  daemon [_thread_in_native, id=1488, stack(0x0000009e00400000,0x0000009e00500000) (1024K)]
  0x000001b94cb1ce50 JavaThread "pool-2-thread-1"                   [_thread_blocked, id=18924, stack(0x0000009e00500000,0x0000009e00600000) (1024K)]
  0x000001b94cb1d4e0 JavaThread "WorkspaceEventsHandler"            [_thread_blocked, id=2232, stack(0x0000009e00600000,0x0000009e00700000) (1024K)]
  0x000001b94cb1e200 JavaThread "pool-1-thread-1"                   [_thread_blocked, id=25392, stack(0x0000009e00700000,0x0000009e00800000) (1024K)]
  0x000001b94cb1ad80 JavaThread "Worker-2"                          [_thread_blocked, id=32712, stack(0x0000009e00800000,0x0000009e00900000) (1024K)]
  0x000001b94ca9cbc0 JavaThread "Worker-3: Initialize Workspace"        [_thread_blocked, id=29624, stack(0x0000009e00b00000,0x0000009e00c00000) (1024K)]
  0x000001b94ca9df70 JavaThread "Worker-4"                          [_thread_blocked, id=33796, stack(0x0000009e00c00000,0x0000009e00d00000) (1024K)]
  0x000001b94ca9d250 JavaThread "Worker-5"                          [_thread_blocked, id=21472, stack(0x0000009e00d00000,0x0000009e00e00000) (1024K)]
  0x000001b94ca9e600 JavaThread "Worker-6"                          [_thread_blocked, id=30156, stack(0x0000009e00900000,0x0000009e00a00000) (1024K)]
  0x000001b94ca9f9b0 JavaThread "Timer-0"                           [_thread_blocked, id=17616, stack(0x0000009e00a00000,0x0000009e00b00000) (1024K)]
  0x000001b94ca9ec90 JavaThread "Timer-1"                           [_thread_blocked, id=8948, stack(0x0000009e00e00000,0x0000009e00f00000) (1024K)]
  0x000001b94caa2e30 JavaThread "Timer-2"                           [_thread_blocked, id=7248, stack(0x0000009e01000000,0x0000009e01100000) (1024K)]
  0x000001b94caa1a80 JavaThread "LocalFile Deleter"          daemon [_thread_blocked, id=33508, stack(0x0000009e01100000,0x0000009e01200000) (1024K)]
  0x000001b94caa27a0 JavaThread "LocalFile Deleter"          daemon [_thread_blocked, id=7468, stack(0x0000009e01300000,0x0000009e01400000) (1024K)]
  0x000001b94caa2110 JavaThread "LocalFile Deleter"          daemon [_thread_blocked, id=9780, stack(0x0000009e01400000,0x0000009e01500000) (1024K)]
  0x000001b94caa0d60 JavaThread "Timer-3"                           [_thread_blocked, id=17940, stack(0x0000009e01500000,0x0000009e01600000) (1024K)]
  0x000001b94caa34c0 JavaThread "Timer-4"                           [_thread_blocked, id=29860, stack(0x0000009e01600000,0x0000009e01700000) (1024K)]
=>0x000001b94abadeb0 JavaThread "Connection worker"                 [_thread_in_native, id=19544, stack(0x0000009e01700000,0x0000009e01800000) (1024K)]
  0x000001b94ee7b4f0 JavaThread "pool-3-thread-1"                   [_thread_blocked, id=20496, stack(0x0000009e01a00000,0x0000009e01b00000) (1024K)]
  0x000001b94ee7c8a0 JavaThread "Exec process"                      [_thread_blocked, id=30268, stack(0x0000009e00f00000,0x0000009e01000000) (1024K)]
  0x000001b94ee79ab0 JavaThread "Exec process Thread 2"             [_thread_blocked, id=14168, stack(0x0000009e01800000,0x0000009e01900000) (1024K)]
  0x000001b94ee7a140 JavaThread "Exec process Thread 3"             [_thread_blocked, id=10040, stack(0x0000009e01900000,0x0000009e01a00000) (1024K)]
Total: 60

Other Threads:
  0x000001b9431e41b0 VMThread "VM Thread"                           [id=34084, stack(0x0000009e7b700000,0x0000009e7b800000) (1024K)]
  0x000001b9430dba00 WatcherThread "VM Periodic Task Thread"        [id=15332, stack(0x0000009e7b600000,0x0000009e7b700000) (1024K)]
  0x000001b96dd40f40 WorkerThread "GC Thread#0"                     [id=20104, stack(0x0000009e7b500000,0x0000009e7b600000) (1024K)]
  0x000001b94aa2f740 WorkerThread "GC Thread#1"                     [id=13596, stack(0x0000009e7c300000,0x0000009e7c400000) (1024K)]
  0x000001b94a8c60b0 WorkerThread "GC Thread#2"                     [id=27548, stack(0x0000009e7d640000,0x0000009e7d740000) (1024K)]
  0x000001b94a8c6450 WorkerThread "GC Thread#3"                     [id=31036, stack(0x0000009e7d780000,0x0000009e7d880000) (1024K)]
  0x000001b94a8c67f0 WorkerThread "GC Thread#4"                     [id=27620, stack(0x0000009e7d880000,0x0000009e7d980000) (1024K)]
  0x000001b94a8c6f90 WorkerThread "GC Thread#5"                     [id=15204, stack(0x0000009e7d980000,0x0000009e7da80000) (1024K)]
  0x000001b94a8c7b40 WorkerThread "GC Thread#6"                     [id=2372, stack(0x0000009e7da80000,0x0000009e7db80000) (1024K)]
  0x000001b9449b3c60 WorkerThread "GC Thread#7"                     [id=32876, stack(0x0000009e7dc80000,0x0000009e7dd80000) (1024K)]
  0x000001b94b5efce0 WorkerThread "GC Thread#8"                     [id=33260, stack(0x0000009e7de80000,0x0000009e7df80000) (1024K)]
  0x000001b94a88ce10 WorkerThread "GC Thread#9"                     [id=34388, stack(0x0000009e7df80000,0x0000009e7e080000) (1024K)]
  0x000001b94a88c6d0 WorkerThread "GC Thread#10"                    [id=27812, stack(0x0000009e7e080000,0x0000009e7e180000) (1024K)]
  0x000001b94a88bbf0 WorkerThread "GC Thread#11"                    [id=33812, stack(0x0000009e7e780000,0x0000009e7e880000) (1024K)]
  0x000001b94a88d1b0 WorkerThread "GC Thread#12"                    [id=33540, stack(0x0000009e7eb80000,0x0000009e7ec80000) (1024K)]
Total: 15

Threads with active compile tasks:
Total: 0

VM state: not at safepoint (normal execution)

VM Mutex/Monitor currently owned by a thread: None

Heap address: 0x00000000c0000000, size: 1024 MB, Compressed Oops mode: 32-bit

CDS archive(s) mapped at: [0x000001b902000000-0x000001b902ba0000-0x000001b902ba0000), size 12189696, SharedBaseAddress: 0x000001b902000000, ArchiveRelocationMode: 1.
Compressed class space mapped at: 0x000001b903000000-0x000001b943000000, reserved size: 1073741824
Narrow klass base: 0x000001b902000000, Narrow klass shift: 0, Narrow klass range: 0x100000000

GC Precious Log:
 CardTable entry size: 512
 CPUs: 16 total, 16 available
 Memory: 16096M
 Large Page Support: Disabled
 NUMA Support: Disabled
 Compressed Oops: Enabled (32-bit)
 Alignments: Space 512K, Generation 512K, Heap 2M
 Heap Min Capacity: 100M
 Heap Initial Capacity: 100M
 Heap Max Capacity: 1G
 Pre-touch: Disabled
 Parallel Workers: 13

Heap:
 PSYoungGen      total 17408K, used 5263K [0x00000000eab00000, 0x00000000ebd00000, 0x0000000100000000)
  eden space 16384K, 28% used [0x00000000eab00000,0x00000000eaf7bc08,0x00000000ebb00000)
  from space 1024K, 65% used [0x00000000ebb00000,0x00000000ebba8010,0x00000000ebc00000)
  to   space 1024K, 0% used [0x00000000ebc00000,0x00000000ebc00000,0x00000000ebd00000)
 ParOldGen       total 68608K, used 45145K [0x00000000c0000000, 0x00000000c4300000, 0x00000000eab00000)
  object space 68608K, 65% used [0x00000000c0000000,0x00000000c2c16410,0x00000000c4300000)
 Metaspace       used 66960K, committed 68352K, reserved 1114112K
  class space    used 8234K, committed 8832K, reserved 1048576K

Card table byte_map: [0x000001b96d6c0000,0x000001b96d8d0000] _byte_map_base: 0x000001b96d0c0000

Marking Bits: (ParMarkBitMap*) 0x00007ff84f6031f0
 Begin Bits: [0x000001b900000000, 0x000001b901000000)
 End Bits:   [0x000001b901000000, 0x000001b902000000)

Polling page: 0x000001b96d2e0000

Metaspace:

Usage:
  Non-class:     57.35 MB used.
      Class:      8.04 MB used.
       Both:     65.39 MB used.

Virtual space:
  Non-class space:       64.00 MB reserved,      58.12 MB ( 91%) committed,  1 nodes.
      Class space:        1.00 GB reserved,       8.62 MB ( <1%) committed,  1 nodes.
             Both:        1.06 GB reserved,      66.75 MB (  6%) committed. 

Chunk freelists:
   Non-Class:  5.00 MB
       Class:  7.38 MB
        Both:  12.38 MB

MaxMetaspaceSize: unlimited
CompressedClassSpaceSize: 1.00 GB
Initial GC threshold: 21.00 MB
Current GC threshold: 97.31 MB
CDS: on
 - commit_granule_bytes: 65536.
 - commit_granule_words: 8192.
 - virtual_space_node_default_size: 8388608.
 - enlarge_chunks_in_place: 1.
 - use_allocation_guard: 0.


Internal statistics:

num_allocs_failed_limit: 9.
num_arena_births: 1186.
num_arena_deaths: 44.
num_vsnodes_births: 2.
num_vsnodes_deaths: 0.
num_space_committed: 1068.
num_space_uncommitted: 0.
num_chunks_returned_to_freelist: 65.
num_chunks_taken_from_freelist: 3874.
num_chunk_merges: 19.
num_chunk_splits: 2538.
num_chunks_enlarged: 1661.
num_inconsistent_stats: 0.

CodeHeap 'non-profiled nmethods': size=119168Kb used=5378Kb max_used=5378Kb free=113789Kb
 bounds [0x000001b978ab0000, 0x000001b979000000, 0x000001b97ff10000]
CodeHeap 'profiled nmethods': size=119104Kb used=15820Kb max_used=16280Kb free=103283Kb
 bounds [0x000001b970f10000, 0x000001b971f00000, 0x000001b978360000]
CodeHeap 'non-nmethods': size=7488Kb used=1428Kb max_used=3168Kb free=6059Kb
 bounds [0x000001b978360000, 0x000001b978690000, 0x000001b978ab0000]
 total_blobs=8424 nmethods=7694 adapters=636
 compilation: enabled
              stopped_count=0, restarted_count=0
 full_count=0

Compilation events (20 events):
Event: 100.798 Thread 0x000001b96ddd9cb0 8558       4       jdk.internal.util.Preconditions::checkIndex (18 bytes)
Event: 100.799 Thread 0x000001b9446f7760 nmethod 8553 0x000001b9718da510 code [0x000001b9718da760, 0x000001b9718db0e0]
Event: 100.799 Thread 0x000001b96ddd9cb0 nmethod 8558 0x000001b978fee210 code [0x000001b978fee3a0, 0x000001b978fee458]
Event: 100.799 Thread 0x000001b9446f7760 8554       3       java.lang.Character::codePointAt (51 bytes)
Event: 100.800 Thread 0x000001b9446f7760 nmethod 8554 0x000001b971182a90 code [0x000001b971182ca0, 0x000001b9711832e0]
Event: 100.800 Thread 0x000001b9446f7760 8555       3       java.nio.Buffer::checkIndex (16 bytes)
Event: 100.800 Thread 0x000001b9446f7760 nmethod 8555 0x000001b9718da090 code [0x000001b9718da240, 0x000001b9718da3a0]
Event: 100.800 Thread 0x000001b9446f7760 8556       3       java.nio.CharBuffer::charAt (16 bytes)
Event: 100.800 Thread 0x000001b9446f7760 nmethod 8556 0x000001b971182510 code [0x000001b9711826c0, 0x000001b971182960]
Event: 100.800 Thread 0x000001b9446f7760 8557       3       java.nio.HeapCharBuffer::get (15 bytes)
Event: 100.800 Thread 0x000001b9446f7760 nmethod 8557 0x000001b971181f90 code [0x000001b971182140, 0x000001b9711823a0]
Event: 100.817 Thread 0x000001b9446f7760 8559       3       org.gradle.internal.stream.EncodedStream$EncodedInput::hexToByte (61 bytes)
Event: 100.817 Thread 0x000001b9446f7760 nmethod 8559 0x000001b971746e90 code [0x000001b971747140, 0x000001b971747ed0]
Event: 100.818 Thread 0x000001b96ddd9cb0 8560       4       java.io.DataInputStream::readFully (59 bytes)
Event: 100.819 Thread 0x000001b9446f7760 8561       3       org.gradle.internal.serialize.InputStreamBackedDecoder::readLong (8 bytes)
Event: 100.819 Thread 0x000001b9446f7760 nmethod 8561 0x000001b971573c10 code [0x000001b971573e20, 0x000001b9715744a0]
Event: 100.819 Thread 0x000001b9446f7760 8563       3       java.lang.String::codePointAt (50 bytes)
Event: 100.819 Thread 0x000001b9446f7760 nmethod 8563 0x000001b971573390 code [0x000001b971573580, 0x000001b9715739d8]
Event: 100.820 Thread 0x000001b96ddd9cb0 nmethod 8560 0x000001b978fee510 code [0x000001b978fee6a0, 0x000001b978fee850]
Event: 100.820 Thread 0x000001b96ddd9cb0 8562       4       java.io.DataInputStream::readUTF (501 bytes)

GC Heap History (20 events):
Event: 84.515 GC heap before
{Heap before GC invocations=41 (full 3):
 PSYoungGen      total 18432K, used 16842K [0x00000000eab00000, 0x00000000ebe00000, 0x0000000100000000)
  eden space 16384K, 100% used [0x00000000eab00000,0x00000000ebb00000,0x00000000ebb00000)
  from space 2048K, 22% used [0x00000000ebb00000,0x00000000ebb729a0,0x00000000ebd00000)
  to   space 1024K, 0% used [0x00000000ebd00000,0x00000000ebd00000,0x00000000ebe00000)
 ParOldGen       total 68608K, used 42870K [0x00000000c0000000, 0x00000000c4300000, 0x00000000eab00000)
  object space 68608K, 62% used [0x00000000c0000000,0x00000000c29dd898,0x00000000c4300000)
 Metaspace       used 63792K, committed 65088K, reserved 1114112K
  class space    used 7773K, committed 8320K, reserved 1048576K
}
Event: 84.516 GC heap after
{Heap after GC invocations=41 (full 3):
 PSYoungGen      total 17408K, used 694K [0x00000000eab00000, 0x00000000ebe00000, 0x0000000100000000)
  eden space 16384K, 0% used [0x00000000eab00000,0x00000000eab00000,0x00000000ebb00000)
  from space 1024K, 67% used [0x00000000ebd00000,0x00000000ebdada58,0x00000000ebe00000)
  to   space 1024K, 0% used [0x00000000ebc00000,0x00000000ebc00000,0x00000000ebd00000)
 ParOldGen       total 68608K, used 43002K [0x00000000c0000000, 0x00000000c4300000, 0x00000000eab00000)
  object space 68608K, 62% used [0x00000000c0000000,0x00000000c29fe968,0x00000000c4300000)
 Metaspace       used 63792K, committed 65088K, reserved 1114112K
  class space    used 7773K, committed 8320K, reserved 1048576K
}
Event: 84.575 GC heap before
{Heap before GC invocations=42 (full 3):
 PSYoungGen      total 17408K, used 17078K [0x00000000eab00000, 0x00000000ebe00000, 0x0000000100000000)
  eden space 16384K, 100% used [0x00000000eab00000,0x00000000ebb00000,0x00000000ebb00000)
  from space 1024K, 67% used [0x00000000ebd00000,0x00000000ebdada58,0x00000000ebe00000)
  to   space 1024K, 0% used [0x00000000ebc00000,0x00000000ebc00000,0x00000000ebd00000)
 ParOldGen       total 68608K, used 43002K [0x00000000c0000000, 0x00000000c4300000, 0x00000000eab00000)
  object space 68608K, 62% used [0x00000000c0000000,0x00000000c29fe968,0x00000000c4300000)
 Metaspace       used 63792K, committed 65088K, reserved 1114112K
  class space    used 7773K, committed 8320K, reserved 1048576K
}
Event: 84.575 GC heap after
{Heap after GC invocations=42 (full 3):
 PSYoungGen      total 17408K, used 1019K [0x00000000eab00000, 0x00000000ebe00000, 0x0000000100000000)
  eden space 16384K, 0% used [0x00000000eab00000,0x00000000eab00000,0x00000000ebb00000)
  from space 1024K, 99% used [0x00000000ebc00000,0x00000000ebcfefe0,0x00000000ebd00000)
  to   space 1024K, 0% used [0x00000000ebd00000,0x00000000ebd00000,0x00000000ebe00000)
 ParOldGen       total 68608K, used 43150K [0x00000000c0000000, 0x00000000c4300000, 0x00000000eab00000)
  object space 68608K, 62% used [0x00000000c0000000,0x00000000c2a23ba8,0x00000000c4300000)
 Metaspace       used 63792K, committed 65088K, reserved 1114112K
  class space    used 7773K, committed 8320K, reserved 1048576K
}
Event: 84.633 GC heap before
{Heap before GC invocations=43 (full 3):
 PSYoungGen      total 17408K, used 17403K [0x00000000eab00000, 0x00000000ebe00000, 0x0000000100000000)
  eden space 16384K, 100% used [0x00000000eab00000,0x00000000ebb00000,0x00000000ebb00000)
  from space 1024K, 99% used [0x00000000ebc00000,0x00000000ebcfefe0,0x00000000ebd00000)
  to   space 1024K, 0% used [0x00000000ebd00000,0x00000000ebd00000,0x00000000ebe00000)
 ParOldGen       total 68608K, used 43150K [0x00000000c0000000, 0x00000000c4300000, 0x00000000eab00000)
  object space 68608K, 62% used [0x00000000c0000000,0x00000000c2a23ba8,0x00000000c4300000)
 Metaspace       used 63792K, committed 65088K, reserved 1114112K
  class space    used 7773K, committed 8320K, reserved 1048576K
}
Event: 84.634 GC heap after
{Heap after GC invocations=43 (full 3):
 PSYoungGen      total 16896K, used 491K [0x00000000eab00000, 0x00000000ebd80000, 0x0000000100000000)
  eden space 16384K, 0% used [0x00000000eab00000,0x00000000eab00000,0x00000000ebb00000)
  from space 512K, 95% used [0x00000000ebd00000,0x00000000ebd7add8,0x00000000ebd80000)
  to   space 1024K, 0% used [0x00000000ebb80000,0x00000000ebb80000,0x00000000ebc80000)
 ParOldGen       total 68608K, used 43206K [0x00000000c0000000, 0x00000000c4300000, 0x00000000eab00000)
  object space 68608K, 62% used [0x00000000c0000000,0x00000000c2a31ba8,0x00000000c4300000)
 Metaspace       used 63792K, committed 65088K, reserved 1114112K
  class space    used 7773K, committed 8320K, reserved 1048576K
}
Event: 84.686 GC heap before
{Heap before GC invocations=44 (full 3):
 PSYoungGen      total 16896K, used 16875K [0x00000000eab00000, 0x00000000ebd80000, 0x0000000100000000)
  eden space 16384K, 100% used [0x00000000eab00000,0x00000000ebb00000,0x00000000ebb00000)
  from space 512K, 95% used [0x00000000ebd00000,0x00000000ebd7add8,0x00000000ebd80000)
  to   space 1024K, 0% used [0x00000000ebb80000,0x00000000ebb80000,0x00000000ebc80000)
 ParOldGen       total 68608K, used 43206K [0x00000000c0000000, 0x00000000c4300000, 0x00000000eab00000)
  object space 68608K, 62% used [0x00000000c0000000,0x00000000c2a31ba8,0x00000000c4300000)
 Metaspace       used 63792K, committed 65088K, reserved 1114112K
  class space    used 7773K, committed 8320K, reserved 1048576K
}
Event: 84.687 GC heap after
{Heap after GC invocations=44 (full 3):
 PSYoungGen      total 17408K, used 416K [0x00000000eab00000, 0x00000000ebd80000, 0x0000000100000000)
  eden space 16384K, 0% used [0x00000000eab00000,0x00000000eab00000,0x00000000ebb00000)
  from space 1024K, 40% used [0x00000000ebb80000,0x00000000ebbe8000,0x00000000ebc80000)
  to   space 512K, 0% used [0x00000000ebd00000,0x00000000ebd00000,0x00000000ebd80000)
 ParOldGen       total 68608K, used 43389K [0x00000000c0000000, 0x00000000c4300000, 0x00000000eab00000)
  object space 68608K, 63% used [0x00000000c0000000,0x00000000c2a5f5c8,0x00000000c4300000)
 Metaspace       used 63792K, committed 65088K, reserved 1114112K
  class space    used 7773K, committed 8320K, reserved 1048576K
}
Event: 84.744 GC heap before
{Heap before GC invocations=45 (full 3):
 PSYoungGen      total 17408K, used 16800K [0x00000000eab00000, 0x00000000ebd80000, 0x0000000100000000)
  eden space 16384K, 100% used [0x00000000eab00000,0x00000000ebb00000,0x00000000ebb00000)
  from space 1024K, 40% used [0x00000000ebb80000,0x00000000ebbe8000,0x00000000ebc80000)
  to   space 512K, 0% used [0x00000000ebd00000,0x00000000ebd00000,0x00000000ebd80000)
 ParOldGen       total 68608K, used 43389K [0x00000000c0000000, 0x00000000c4300000, 0x00000000eab00000)
  object space 68608K, 63% used [0x00000000c0000000,0x00000000c2a5f5c8,0x00000000c4300000)
 Metaspace       used 63792K, committed 65088K, reserved 1114112K
  class space    used 7773K, committed 8320K, reserved 1048576K
}
Event: 84.745 GC heap after
{Heap after GC invocations=45 (full 3):
 PSYoungGen      total 16896K, used 507K [0x00000000eab00000, 0x00000000ebf00000, 0x0000000100000000)
  eden space 16384K, 0% used [0x00000000eab00000,0x00000000eab00000,0x00000000ebb00000)
  from space 512K, 99% used [0x00000000ebd00000,0x00000000ebd7edd8,0x00000000ebd80000)
  to   space 2048K, 0% used [0x00000000ebb00000,0x00000000ebb00000,0x00000000ebd00000)
 ParOldGen       total 68608K, used 44324K [0x00000000c0000000, 0x00000000c4300000, 0x00000000eab00000)
  object space 68608K, 64% used [0x00000000c0000000,0x00000000c2b49178,0x00000000c4300000)
 Metaspace       used 63792K, committed 65088K, reserved 1114112K
  class space    used 7773K, committed 8320K, reserved 1048576K
}
Event: 84.802 GC heap before
{Heap before GC invocations=46 (full 3):
 PSYoungGen      total 16896K, used 16891K [0x00000000eab00000, 0x00000000ebf00000, 0x0000000100000000)
  eden space 16384K, 100% used [0x00000000eab00000,0x00000000ebb00000,0x00000000ebb00000)
  from space 512K, 99% used [0x00000000ebd00000,0x00000000ebd7edd8,0x00000000ebd80000)
  to   space 2048K, 0% used [0x00000000ebb00000,0x00000000ebb00000,0x00000000ebd00000)
 ParOldGen       total 68608K, used 44324K [0x00000000c0000000, 0x00000000c4300000, 0x00000000eab00000)
  object space 68608K, 64% used [0x00000000c0000000,0x00000000c2b49178,0x00000000c4300000)
 Metaspace       used 63792K, committed 65088K, reserved 1114112K
  class space    used 7773K, committed 8320K, reserved 1048576K
}
Event: 84.803 GC heap after
{Heap after GC invocations=46 (full 3):
 PSYoungGen      total 17408K, used 890K [0x00000000eab00000, 0x00000000ebe00000, 0x0000000100000000)
  eden space 16384K, 0% used [0x00000000eab00000,0x00000000eab00000,0x00000000ebb00000)
  from space 1024K, 87% used [0x00000000ebb00000,0x00000000ebbdebf8,0x00000000ebc00000)
  to   space 1536K, 0% used [0x00000000ebc80000,0x00000000ebc80000,0x00000000ebe00000)
 ParOldGen       total 68608K, used 44388K [0x00000000c0000000, 0x00000000c4300000, 0x00000000eab00000)
  object space 68608K, 64% used [0x00000000c0000000,0x00000000c2b59178,0x00000000c4300000)
 Metaspace       used 63792K, committed 65088K, reserved 1114112K
  class space    used 7773K, committed 8320K, reserved 1048576K
}
Event: 84.869 GC heap before
{Heap before GC invocations=47 (full 3):
 PSYoungGen      total 17408K, used 17274K [0x00000000eab00000, 0x00000000ebe00000, 0x0000000100000000)
  eden space 16384K, 100% used [0x00000000eab00000,0x00000000ebb00000,0x00000000ebb00000)
  from space 1024K, 87% used [0x00000000ebb00000,0x00000000ebbdebf8,0x00000000ebc00000)
  to   space 1536K, 0% used [0x00000000ebc80000,0x00000000ebc80000,0x00000000ebe00000)
 ParOldGen       total 68608K, used 44388K [0x00000000c0000000, 0x00000000c4300000, 0x00000000eab00000)
  object space 68608K, 64% used [0x00000000c0000000,0x00000000c2b59178,0x00000000c4300000)
 Metaspace       used 63792K, committed 65088K, reserved 1114112K
  class space    used 7773K, committed 8320K, reserved 1048576K
}
Event: 84.870 GC heap after
{Heap after GC invocations=47 (full 3):
 PSYoungGen      total 16896K, used 373K [0x00000000eab00000, 0x00000000ebd00000, 0x0000000100000000)
  eden space 16384K, 0% used [0x00000000eab00000,0x00000000eab00000,0x00000000ebb00000)
  from space 512K, 72% used [0x00000000ebc80000,0x00000000ebcdd4b8,0x00000000ebd00000)
  to   space 1024K, 0% used [0x00000000ebb00000,0x00000000ebb00000,0x00000000ebc00000)
 ParOldGen       total 68608K, used 44460K [0x00000000c0000000, 0x00000000c4300000, 0x00000000eab00000)
  object space 68608K, 64% used [0x00000000c0000000,0x00000000c2b6b178,0x00000000c4300000)
 Metaspace       used 63792K, committed 65088K, reserved 1114112K
  class space    used 7773K, committed 8320K, reserved 1048576K
}
Event: 84.926 GC heap before
{Heap before GC invocations=48 (full 3):
 PSYoungGen      total 16896K, used 16757K [0x00000000eab00000, 0x00000000ebd00000, 0x0000000100000000)
  eden space 16384K, 100% used [0x00000000eab00000,0x00000000ebb00000,0x00000000ebb00000)
  from space 512K, 72% used [0x00000000ebc80000,0x00000000ebcdd4b8,0x00000000ebd00000)
  to   space 1024K, 0% used [0x00000000ebb00000,0x00000000ebb00000,0x00000000ebc00000)
 ParOldGen       total 68608K, used 44460K [0x00000000c0000000, 0x00000000c4300000, 0x00000000eab00000)
  object space 68608K, 64% used [0x00000000c0000000,0x00000000c2b6b178,0x00000000c4300000)
 Metaspace       used 63792K, committed 65088K, reserved 1114112K
  class space    used 7773K, committed 8320K, reserved 1048576K
}
Event: 84.927 GC heap after
{Heap after GC invocations=48 (full 3):
 PSYoungGen      total 17408K, used 1018K [0x00000000eab00000, 0x00000000ebe00000, 0x0000000100000000)
  eden space 16384K, 0% used [0x00000000eab00000,0x00000000eab00000,0x00000000ebb00000)
  from space 1024K, 99% used [0x00000000ebb00000,0x00000000ebbfe908,0x00000000ebc00000)
  to   space 1536K, 0% used [0x00000000ebc80000,0x00000000ebc80000,0x00000000ebe00000)
 ParOldGen       total 68608K, used 44609K [0x00000000c0000000, 0x00000000c4300000, 0x00000000eab00000)
  object space 68608K, 65% used [0x00000000c0000000,0x00000000c2b906f0,0x00000000c4300000)
 Metaspace       used 63792K, committed 65088K, reserved 1114112K
  class space    used 7773K, committed 8320K, reserved 1048576K
}
Event: 85.640 GC heap before
{Heap before GC invocations=49 (full 3):
 PSYoungGen      total 17408K, used 17402K [0x00000000eab00000, 0x00000000ebe00000, 0x0000000100000000)
  eden space 16384K, 100% used [0x00000000eab00000,0x00000000ebb00000,0x00000000ebb00000)
  from space 1024K, 99% used [0x00000000ebb00000,0x00000000ebbfe908,0x00000000ebc00000)
  to   space 1536K, 0% used [0x00000000ebc80000,0x00000000ebc80000,0x00000000ebe00000)
 ParOldGen       total 68608K, used 44609K [0x00000000c0000000, 0x00000000c4300000, 0x00000000eab00000)
  object space 68608K, 65% used [0x00000000c0000000,0x00000000c2b906f0,0x00000000c4300000)
 Metaspace       used 64975K, committed 66304K, reserved 1114112K
  class space    used 7950K, committed 8512K, reserved 1048576K
}
Event: 85.641 GC heap after
{Heap after GC invocations=49 (full 3):
 PSYoungGen      total 17408K, used 576K [0x00000000eab00000, 0x00000000ebd80000, 0x0000000100000000)
  eden space 16384K, 0% used [0x00000000eab00000,0x00000000eab00000,0x00000000ebb00000)
  from space 1024K, 56% used [0x00000000ebc80000,0x00000000ebd10000,0x00000000ebd80000)
  to   space 1024K, 0% used [0x00000000ebb00000,0x00000000ebb00000,0x00000000ebc00000)
 ParOldGen       total 68608K, used 44705K [0x00000000c0000000, 0x00000000c4300000, 0x00000000eab00000)
  object space 68608K, 65% used [0x00000000c0000000,0x00000000c2ba86f0,0x00000000c4300000)
 Metaspace       used 64975K, committed 66304K, reserved 1114112K
  class space    used 7950K, committed 8512K, reserved 1048576K
}
Event: 87.226 GC heap before
{Heap before GC invocations=50 (full 3):
 PSYoungGen      total 17408K, used 16960K [0x00000000eab00000, 0x00000000ebd80000, 0x0000000100000000)
  eden space 16384K, 100% used [0x00000000eab00000,0x00000000ebb00000,0x00000000ebb00000)
  from space 1024K, 56% used [0x00000000ebc80000,0x00000000ebd10000,0x00000000ebd80000)
  to   space 1024K, 0% used [0x00000000ebb00000,0x00000000ebb00000,0x00000000ebc00000)
 ParOldGen       total 68608K, used 44705K [0x00000000c0000000, 0x00000000c4300000, 0x00000000eab00000)
  object space 68608K, 65% used [0x00000000c0000000,0x00000000c2ba86f0,0x00000000c4300000)
 Metaspace       used 66573K, committed 68032K, reserved 1114112K
  class space    used 8189K, committed 8832K, reserved 1048576K
}
Event: 87.228 GC heap after
{Heap after GC invocations=50 (full 3):
 PSYoungGen      total 17408K, used 672K [0x00000000eab00000, 0x00000000ebd00000, 0x0000000100000000)
  eden space 16384K, 0% used [0x00000000eab00000,0x00000000eab00000,0x00000000ebb00000)
  from space 1024K, 65% used [0x00000000ebb00000,0x00000000ebba8010,0x00000000ebc00000)
  to   space 1024K, 0% used [0x00000000ebc00000,0x00000000ebc00000,0x00000000ebd00000)
 ParOldGen       total 68608K, used 45145K [0x00000000c0000000, 0x00000000c4300000, 0x00000000eab00000)
  object space 68608K, 65% used [0x00000000c0000000,0x00000000c2c16410,0x00000000c4300000)
 Metaspace       used 66573K, committed 68032K, reserved 1114112K
  class space    used 8189K, committed 8832K, reserved 1048576K
}

Dll operation events (15 events):
Event: 0.087 Loaded shared library c:\Users\admin\.cursor\extensions\redhat.java-1.42.0-win32-x64\jre\21.0.7-win32-x86_64\bin\java.dll
Event: 0.258 Loaded shared library c:\Users\admin\.cursor\extensions\redhat.java-1.42.0-win32-x64\jre\21.0.7-win32-x86_64\bin\zip.dll
Event: 0.269 Loaded shared library C:\Users\admin\.cursor\extensions\redhat.java-1.42.0-win32-x64\jre\21.0.7-win32-x86_64\bin\instrument.dll
Event: 0.272 Loaded shared library C:\Users\admin\.cursor\extensions\redhat.java-1.42.0-win32-x64\jre\21.0.7-win32-x86_64\bin\net.dll
Event: 0.278 Loaded shared library C:\Users\admin\.cursor\extensions\redhat.java-1.42.0-win32-x64\jre\21.0.7-win32-x86_64\bin\nio.dll
Event: 0.280 Loaded shared library C:\Users\admin\.cursor\extensions\redhat.java-1.42.0-win32-x64\jre\21.0.7-win32-x86_64\bin\zip.dll
Event: 0.290 Loaded shared library C:\Users\admin\.cursor\extensions\redhat.java-1.42.0-win32-x64\jre\21.0.7-win32-x86_64\bin\jimage.dll
Event: 0.342 Loaded shared library c:\Users\admin\.cursor\extensions\redhat.java-1.42.0-win32-x64\jre\21.0.7-win32-x86_64\bin\verify.dll
Event: 19.310 Loaded shared library C:\Users\admin\AppData\Roaming\Cursor\User\globalStorage\redhat.java\1.42.0\config_win\org.eclipse.equinox.launcher\org.eclipse.equinox.launcher.win32.win32.x86_64_1.2.1300.v20250331-1702\eclipse_11911.dll
Event: 39.047 Loaded shared library C:\Users\admin\.cursor\extensions\redhat.java-1.42.0-win32-x64\jre\21.0.7-win32-x86_64\bin\management.dll
Event: 39.050 Loaded shared library C:\Users\admin\.cursor\extensions\redhat.java-1.42.0-win32-x64\jre\21.0.7-win32-x86_64\bin\management_ext.dll
Event: 39.204 Loaded shared library C:\Users\admin\AppData\Local\Temp\jna-92668751\jna1879209313461744284.dll
Event: 40.694 Loaded shared library C:\Users\admin\.cursor\extensions\redhat.java-1.42.0-win32-x64\jre\21.0.7-win32-x86_64\bin\sunmscapi.dll
Event: 40.836 Loaded shared library C:\Users\admin\.cursor\extensions\redhat.java-1.42.0-win32-x64\jre\21.0.7-win32-x86_64\bin\extnet.dll
Event: 63.108 Loaded shared library C:\Users\admin\.gradle\native\1def1411415f61bf3af743bc5b6707747c0891f09f0c88961ee8f79bc544acac\windows-amd64\native-platform.dll

Deoptimization events (20 events):
Event: 100.816 Thread 0x000001b94abadeb0 Uncommon trap: trap_request=0xffffffc6 fr.pc=0x000001b978b3a21c relative=0x000000000000139c
Event: 100.816 Thread 0x000001b94abadeb0 Uncommon trap: reason=bimorphic_or_optimized_type_check action=maybe_recompile pc=0x000001b978b3a21c method=java.io.DataInputStream.readFully([BII)V @ 30 c2
Event: 100.816 Thread 0x000001b94abadeb0 DEOPT PACKING pc=0x000001b978b3a21c sp=0x0000009e017fe0e0
Event: 100.816 Thread 0x000001b94abadeb0 DEOPT UNPACKING pc=0x000001b9783b3aa2 sp=0x0000009e017fe0c8 mode 2
Event: 100.816 Thread 0x000001b94abadeb0 Uncommon trap: trap_request=0xffffffc6 fr.pc=0x000001b978b3a21c relative=0x000000000000139c
Event: 100.816 Thread 0x000001b94abadeb0 Uncommon trap: reason=bimorphic_or_optimized_type_check action=maybe_recompile pc=0x000001b978b3a21c method=java.io.DataInputStream.readFully([BII)V @ 30 c2
Event: 100.816 Thread 0x000001b94abadeb0 DEOPT PACKING pc=0x000001b978b3a21c sp=0x0000009e017fe1b0
Event: 100.816 Thread 0x000001b94abadeb0 DEOPT UNPACKING pc=0x000001b9783b3aa2 sp=0x0000009e017fe1b8 mode 2
Event: 100.828 Thread 0x000001b94abadeb0 Uncommon trap: trap_request=0xffffff45 fr.pc=0x000001b978e38434 relative=0x0000000000000af4
Event: 100.828 Thread 0x000001b94abadeb0 Uncommon trap: reason=unstable_if action=reinterpret pc=0x000001b978e38434 method=sun.nio.fs.WindowsPath.openForReadAttributeAccess(Z)J @ 5 c2
Event: 100.828 Thread 0x000001b94abadeb0 DEOPT PACKING pc=0x000001b978e38434 sp=0x0000009e017fdce0
Event: 100.828 Thread 0x000001b94abadeb0 DEOPT UNPACKING pc=0x000001b9783b3aa2 sp=0x0000009e017fdcb8 mode 2
Event: 100.828 Thread 0x000001b94abadeb0 Uncommon trap: trap_request=0xffffff45 fr.pc=0x000001b978e35db0 relative=0x0000000000000650
Event: 100.828 Thread 0x000001b94abadeb0 Uncommon trap: reason=unstable_if action=reinterpret pc=0x000001b978e35db0 method=sun.nio.fs.WindowsFileAttributes.isReparsePoint(I)Z @ 5 c2
Event: 100.828 Thread 0x000001b94abadeb0 DEOPT PACKING pc=0x000001b978e35db0 sp=0x0000009e017fdd00
Event: 100.828 Thread 0x000001b94abadeb0 DEOPT UNPACKING pc=0x000001b9783b3aa2 sp=0x0000009e017fdc28 mode 2
Event: 100.828 Thread 0x000001b94abadeb0 Uncommon trap: trap_request=0xffffff45 fr.pc=0x000001b978e25694 relative=0x00000000000001d4
Event: 100.828 Thread 0x000001b94abadeb0 Uncommon trap: reason=unstable_if action=reinterpret pc=0x000001b978e25694 method=sun.nio.fs.NativeBuffers.getNativeBufferFromCache(I)Lsun/nio/fs/NativeBuffer; @ 34 c2
Event: 100.828 Thread 0x000001b94abadeb0 DEOPT PACKING pc=0x000001b978e25694 sp=0x0000009e017fdc10
Event: 100.828 Thread 0x000001b94abadeb0 DEOPT UNPACKING pc=0x000001b9783b3aa2 sp=0x0000009e017fdb98 mode 2

Classes loaded (20 events):
Event: 100.825 Loading class sun/nio/ch/PipeImpl$Initializer
Event: 100.825 Loading class sun/nio/ch/PipeImpl$Initializer done
Event: 100.825 Loading class sun/nio/ch/PipeImpl$Initializer$LoopbackConnector
Event: 100.825 Loading class sun/nio/ch/PipeImpl$Initializer$LoopbackConnector done
Event: 100.825 Loading class sun/nio/ch/UnixDomainSockets
Event: 100.825 Loading class sun/nio/ch/UnixDomainSockets done
Event: 100.825 Loading class sun/nio/ch/UnixDomainSocketsUtil
Event: 100.825 Loading class sun/nio/ch/UnixDomainSocketsUtil done
Event: 100.826 Loading class sun/nio/ch/ServerSocketChannelImpl
Event: 100.826 Loading class sun/nio/ch/ServerSocketChannelImpl done
Event: 100.827 Loading class java/nio/BufferMismatch
Event: 100.827 Loading class java/nio/BufferMismatch done
Event: 100.827 Loading class sun/nio/ch/SourceChannelImpl
Event: 100.827 Loading class java/nio/channels/Pipe$SourceChannel
Event: 100.827 Loading class java/nio/channels/Pipe$SourceChannel done
Event: 100.827 Loading class sun/nio/ch/SourceChannelImpl done
Event: 100.828 Loading class sun/nio/ch/SinkChannelImpl
Event: 100.828 Loading class java/nio/channels/Pipe$SinkChannel
Event: 100.828 Loading class java/nio/channels/Pipe$SinkChannel done
Event: 100.828 Loading class sun/nio/ch/SinkChannelImpl done

Classes unloaded (20 events):
Event: 38.716 Thread 0x000001b9431e41b0 Unloading class 0x000001b9031a3400 'java/lang/invoke/LambdaForm$MH+0x000001b9031a3400'
Event: 38.716 Thread 0x000001b9431e41b0 Unloading class 0x000001b9031a3000 'java/lang/invoke/LambdaForm$MH+0x000001b9031a3000'
Event: 38.716 Thread 0x000001b9431e41b0 Unloading class 0x000001b9031a2c00 'java/lang/invoke/LambdaForm$BMH+0x000001b9031a2c00'
Event: 38.716 Thread 0x000001b9431e41b0 Unloading class 0x000001b9031a2800 'java/lang/invoke/LambdaForm$DMH+0x000001b9031a2800'
Event: 38.716 Thread 0x000001b9431e41b0 Unloading class 0x000001b9031a1400 'java/lang/invoke/LambdaForm$DMH+0x000001b9031a1400'
Event: 40.164 Thread 0x000001b9431e41b0 Unloading class 0x000001b9033a2000 'java/lang/invoke/LambdaForm$MH+0x000001b9033a2000'
Event: 40.164 Thread 0x000001b9431e41b0 Unloading class 0x000001b9033a1400 'java/lang/invoke/LambdaForm$MH+0x000001b9033a1400'
Event: 40.164 Thread 0x000001b9431e41b0 Unloading class 0x000001b9033a0c00 'java/lang/invoke/LambdaForm$MH+0x000001b9033a0c00'
Event: 40.164 Thread 0x000001b9431e41b0 Unloading class 0x000001b9033a0800 'java/lang/invoke/LambdaForm$MH+0x000001b9033a0800'
Event: 40.164 Thread 0x000001b9431e41b0 Unloading class 0x000001b90339fc00 'java/lang/invoke/LambdaForm$DMH+0x000001b90339fc00'
Event: 40.164 Thread 0x000001b9431e41b0 Unloading class 0x000001b90339f400 'java/lang/invoke/LambdaForm$MH+0x000001b90339f400'
Event: 40.164 Thread 0x000001b9431e41b0 Unloading class 0x000001b90339bc00 'java/lang/invoke/LambdaForm$MH+0x000001b90339bc00'
Event: 40.164 Thread 0x000001b9431e41b0 Unloading class 0x000001b90339b400 'java/lang/invoke/LambdaForm$MH+0x000001b90339b400'
Event: 40.164 Thread 0x000001b9431e41b0 Unloading class 0x000001b90339ac00 'java/lang/invoke/LambdaForm$MH+0x000001b90339ac00'
Event: 40.164 Thread 0x000001b9431e41b0 Unloading class 0x000001b90339a400 'java/lang/invoke/LambdaForm$MH+0x000001b90339a400'
Event: 40.164 Thread 0x000001b9431e41b0 Unloading class 0x000001b903399c00 'java/lang/invoke/LambdaForm$MH+0x000001b903399c00'
Event: 40.164 Thread 0x000001b9431e41b0 Unloading class 0x000001b903399400 'java/lang/invoke/LambdaForm$MH+0x000001b903399400'
Event: 40.164 Thread 0x000001b9431e41b0 Unloading class 0x000001b903398c00 'java/lang/invoke/LambdaForm$MH+0x000001b903398c00'
Event: 40.164 Thread 0x000001b9431e41b0 Unloading class 0x000001b903398800 'java/lang/invoke/LambdaForm$MH+0x000001b903398800'
Event: 40.164 Thread 0x000001b9431e41b0 Unloading class 0x000001b90338c400 'java/lang/invoke/LambdaForm$DMH+0x000001b90338c400'

Classes redefined (0 events):
No events

Internal exceptions (20 events):
Event: 85.638 Thread 0x000001b94abadeb0 Exception <a 'java/lang/NoSuchMethodError'{0x00000000eba8e1e8}: 'java.lang.Object java.lang.invoke.DirectMethodHandle$Holder.invokeStatic(java.lang.Object, java.lang.Object, java.lang.Object, java.lang.Object, java.lang.Object, java.lang.Object, java.lang.Object, java.lang.Object, java.lang.Object, java.lang.Object, java.lang.Object, java.lang.Object, java.lang.Object, java.lang.Object, java.lang.Object, java.lang.Object, java.lang.Object)'> (0x00000000eba8e1e8) 
thrown [s\src\hotspot\share\interpreter\lin
Event: 85.638 Thread 0x000001b94abadeb0 Exception <a 'java/lang/NoSuchMethodError'{0x00000000ebaba9f0}: 'java.lang.Object java.lang.invoke.DirectMethodHandle$Holder.invokeStatic(java.lang.Object, java.lang.Object, java.lang.Object, java.lang.Object, java.lang.Object, java.lang.Object, java.lang.Object, java.lang.Object, java.lang.Object, java.lang.Object, java.lang.Object, java.lang.Object, java.lang.Object, java.lang.Object, java.lang.Object, java.lang.Object, java.lang.Object, java.lang.Object)'> (0x00000000ebaba9f0) 
thrown [s\src\hotspot\sha
Event: 85.639 Thread 0x000001b94abadeb0 Exception <a 'java/lang/NoSuchMethodError'{0x00000000ebae8760}: 'java.lang.Object java.lang.invoke.DirectMethodHandle$Holder.invokeStatic(java.lang.Object, java.lang.Object, java.lang.Object, java.lang.Object, java.lang.Object, java.lang.Object, java.lang.Object, java.lang.Object, java.lang.Object, java.lang.Object, java.lang.Object, java.lang.Object, java.lang.Object, java.lang.Object, java.lang.Object, java.lang.Object, java.lang.Object, java.lang.Object, java.lang.Object)'> (0x00000000ebae8760) 
thrown 
Event: 85.642 Thread 0x000001b94abadeb0 Exception <a 'java/lang/NoSuchMethodError'{0x00000000eab17ec8}: 'java.lang.Object java.lang.invoke.DirectMethodHandle$Holder.invokeStatic(java.lang.Object, java.lang.Object, java.lang.Object, java.lang.Object, java.lang.Object, java.lang.Object, java.lang.Object, java.lang.Object, java.lang.Object, java.lang.Object, java.lang.Object, java.lang.Object, java.lang.Object, java.lang.Object, java.lang.Object, java.lang.Object, java.lang.Object, java.lang.Object, java.lang.Object, java.lang.Object)'> (0x00000000
Event: 85.643 Thread 0x000001b94abadeb0 Exception <a 'java/lang/NoSuchMethodError'{0x00000000eab48108}: 'java.lang.Object java.lang.invoke.DirectMethodHandle$Holder.invokeStatic(java.lang.Object, java.lang.Object, java.lang.Object, java.lang.Object, java.lang.Object, java.lang.Object, java.lang.Object, java.lang.Object, java.lang.Object, java.lang.Object, java.lang.Object, java.lang.Object, java.lang.Object, java.lang.Object, java.lang.Object, java.lang.Object, java.lang.Object, java.lang.Object, java.lang.Object, java.lang.Object, java.lang.Obj
Event: 85.643 Thread 0x000001b94abadeb0 Exception <a 'java/lang/NoSuchMethodError'{0x00000000eab799c8}: 'java.lang.Object java.lang.invoke.DirectMethodHandle$Holder.invokeStatic(java.lang.Object, java.lang.Object, java.lang.Object, java.lang.Object, java.lang.Object, java.lang.Object, java.lang.Object, java.lang.Object, java.lang.Object, java.lang.Object, java.lang.Object, java.lang.Object, java.lang.Object, java.lang.Object, java.lang.Object, java.lang.Object, java.lang.Object, java.lang.Object, java.lang.Object, java.lang.Object, java.lang.Obj
Event: 85.644 Thread 0x000001b94abadeb0 Exception <a 'java/lang/NoSuchMethodError'{0x00000000eabab6b8}: 'java.lang.Object java.lang.invoke.DirectMethodHandle$Holder.invokeStatic(java.lang.Object, java.lang.Object, java.lang.Object, java.lang.Object, java.lang.Object, java.lang.Object, java.lang.Object, java.lang.Object, java.lang.Object, java.lang.Object, java.lang.Object, java.lang.Object, java.lang.Object, java.lang.Object, java.lang.Object, java.lang.Object, java.lang.Object, java.lang.Object, java.lang.Object, java.lang.Object, java.lang.Obj
Event: 85.645 Thread 0x000001b94abadeb0 Exception <a 'java/lang/NoSuchMethodError'{0x00000000eabddd40}: 'java.lang.Object java.lang.invoke.DirectMethodHandle$Holder.invokeStatic(java.lang.Object, java.lang.Object, java.lang.Object, java.lang.Object, java.lang.Object, java.lang.Object, java.lang.Object, java.lang.Object, java.lang.Object, java.lang.Object, java.lang.Object, java.lang.Object, java.lang.Object, java.lang.Object, java.lang.Object, java.lang.Object, java.lang.Object, java.lang.Object, java.lang.Object, java.lang.Object, java.lang.Obj
Event: 85.646 Thread 0x000001b94abadeb0 Exception <a 'java/lang/NoSuchMethodError'{0x00000000eac123a0}: 'java.lang.Object java.lang.invoke.DirectMethodHandle$Holder.invokeStatic(java.lang.Object, java.lang.Object, java.lang.Object, java.lang.Object, java.lang.Object, java.lang.Object, java.lang.Object, java.lang.Object, java.lang.Object, java.lang.Object, java.lang.Object, java.lang.Object, java.lang.Object, java.lang.Object, java.lang.Object, java.lang.Object, java.lang.Object, java.lang.Object, java.lang.Object, java.lang.Object, java.lang.Obj
Event: 85.648 Thread 0x000001b94abadeb0 Exception <a 'java/lang/NoSuchMethodError'{0x00000000eac37f40}: 'java.lang.Object java.lang.invoke.DirectMethodHandle$Holder.invokeSpecial(java.lang.Object, java.lang.Object, java.lang.Object, java.lang.Object, java.lang.Object, java.lang.Object, java.lang.Object, java.lang.Object, java.lang.Object, java.lang.Object, java.lang.Object, java.lang.Object, java.lang.Object, java.lang.Object, java.lang.Object, java.lang.Object, java.lang.Object, java.lang.Object, java.lang.Object, java.lang.Object, java.lang.Ob
Event: 85.648 Thread 0x000001b94abadeb0 Exception <a 'java/lang/NoSuchMethodError'{0x00000000eac4d968}: 'java.lang.Object java.lang.invoke.DirectMethodHandle$Holder.newInvokeSpecial(java.lang.Object, java.lang.Object, java.lang.Object, java.lang.Object, java.lang.Object, java.lang.Object, java.lang.Object, java.lang.Object, java.lang.Object, java.lang.Object, java.lang.Object, java.lang.Object, java.lang.Object, java.lang.Object, java.lang.Object, java.lang.Object, java.lang.Object, java.lang.Object, java.lang.Object, java.lang.Object, java.lang
Event: 85.648 Thread 0x000001b94abadeb0 Exception <a 'java/lang/NoSuchMethodError'{0x00000000eac53b60}: 'java.lang.Object java.lang.invoke.Invokers$Holder.linkToTargetMethod(java.lang.Object, java.lang.Object, java.lang.Object, java.lang.Object, java.lang.Object, java.lang.Object, java.lang.Object, java.lang.Object, java.lang.Object, java.lang.Object, java.lang.Object, java.lang.Object, java.lang.Object, java.lang.Object, java.lang.Object, java.lang.Object, java.lang.Object, java.lang.Object, java.lang.Object, java.lang.Object, java.lang.Object,
Event: 85.649 Thread 0x000001b94abadeb0 Exception <a 'java/lang/NoSuchMethodError'{0x00000000eac58d28}: 'java.lang.Object java.lang.invoke.DirectMethodHandle$Holder.invokeVirtual(java.lang.Object, java.lang.Object, java.lang.Object, java.lang.Object, java.lang.Object, java.lang.Object, java.lang.Object, java.lang.Object, java.lang.Object, java.lang.Object)'> (0x00000000eac58d28) 
thrown [s\src\hotspot\share\interpreter\linkResolver.cpp, line 773]
Event: 85.658 Thread 0x000001b94abadeb0 Exception <a 'java/lang/NoSuchMethodError'{0x00000000eadf17f8}: 'java.lang.Object java.lang.invoke.DirectMethodHandle$Holder.invokeVirtual(java.lang.Object, java.lang.Object, java.lang.Object, java.lang.Object, java.lang.Object, java.lang.Object, java.lang.Object, java.lang.Object, java.lang.Object)'> (0x00000000eadf17f8) 
thrown [s\src\hotspot\share\interpreter\linkResolver.cpp, line 773]
Event: 85.675 Thread 0x000001b94abadeb0 Exception <a 'java/lang/NoSuchMethodError'{0x00000000eb02eaa0}: 'java.lang.Object java.lang.invoke.DirectMethodHandle$Holder.invokeVirtual(java.lang.Object, java.lang.Object, java.lang.Object, java.lang.Object, java.lang.Object, java.lang.Object, java.lang.Object, java.lang.Object)'> (0x00000000eb02eaa0) 
thrown [s\src\hotspot\share\interpreter\linkResolver.cpp, line 773]
Event: 85.677 Thread 0x000001b94abadeb0 Exception <a 'java/lang/NoSuchMethodError'{0x00000000eb0a5918}: 'long java.lang.invoke.DirectMethodHandle$Holder.invokeVirtual(java.lang.Object, java.lang.Object)'> (0x00000000eb0a5918) 
thrown [s\src\hotspot\share\interpreter\linkResolver.cpp, line 773]
Event: 85.677 Thread 0x000001b94abadeb0 Exception <a 'java/lang/NoSuchMethodError'{0x00000000eb0a8d18}: 'long java.lang.invoke.DelegatingMethodHandle$Holder.reinvoke_L(java.lang.Object, java.lang.Object)'> (0x00000000eb0a8d18) 
thrown [s\src\hotspot\share\interpreter\linkResolver.cpp, line 773]
Event: 86.479 Thread 0x000001b94ee7c8a0 Exception <a 'java/lang/NoSuchMethodError'{0x00000000eb72d478}: 'void java.lang.invoke.DirectMethodHandle$Holder.invokeStatic(java.lang.Object, long)'> (0x00000000eb72d478) 
thrown [s\src\hotspot\share\interpreter\linkResolver.cpp, line 773]
Event: 87.130 Thread 0x000001b94ee7c8a0 Exception <a 'java/lang/NoSuchMethodError'{0x00000000eb75f730}: 'void java.lang.invoke.DirectMethodHandle$Holder.invokeSpecial(java.lang.Object, java.lang.Object, int)'> (0x00000000eb75f730) 
thrown [s\src\hotspot\share\interpreter\linkResolver.cpp, line 773]
Event: 87.131 Thread 0x000001b94ee7c8a0 Exception <a 'java/lang/NoSuchMethodError'{0x00000000eb764b58}: 'java.lang.Object java.lang.invoke.DirectMethodHandle$Holder.newInvokeSpecial(java.lang.Object, java.lang.Object, int)'> (0x00000000eb764b58) 
thrown [s\src\hotspot\share\interpreter\linkResolver.cpp, line 773]

ZGC Phase Switch (0 events):
No events

VM Operations (20 events):
Event: 84.926 Executing VM operation: ParallelGCFailedAllocation (Allocation Failure)
Event: 84.927 Executing VM operation: ParallelGCFailedAllocation (Allocation Failure) done
Event: 85.640 Executing VM operation: ParallelGCFailedAllocation (Allocation Failure)
Event: 85.641 Executing VM operation: ParallelGCFailedAllocation (Allocation Failure) done
Event: 85.662 Executing VM operation: HandshakeAllThreads (Deoptimize)
Event: 85.662 Executing VM operation: HandshakeAllThreads (Deoptimize) done
Event: 86.481 Executing VM operation: HandshakeAllThreads (Deoptimize)
Event: 86.481 Executing VM operation: HandshakeAllThreads (Deoptimize) done
Event: 87.226 Executing VM operation: ParallelGCFailedAllocation (Allocation Failure)
Event: 87.228 Executing VM operation: ParallelGCFailedAllocation (Allocation Failure) done
Event: 89.228 Executing VM operation: Cleanup
Event: 89.228 Executing VM operation: Cleanup done
Event: 93.229 Executing VM operation: Cleanup
Event: 93.229 Executing VM operation: Cleanup done
Event: 95.231 Executing VM operation: Cleanup
Event: 95.231 Executing VM operation: Cleanup done
Event: 98.233 Executing VM operation: Cleanup
Event: 98.233 Executing VM operation: Cleanup done
Event: 100.234 Executing VM operation: Cleanup
Event: 100.234 Executing VM operation: Cleanup done

Memory protections (0 events):
No events

Nmethod flushes (20 events):
Event: 82.799 Thread 0x000001b9431e41b0 flushing  nmethod 0x000001b971959c10
Event: 82.799 Thread 0x000001b9431e41b0 flushing  nmethod 0x000001b97195a290
Event: 82.799 Thread 0x000001b9431e41b0 flushing  nmethod 0x000001b97195ef10
Event: 82.799 Thread 0x000001b9431e41b0 flushing  nmethod 0x000001b971962590
Event: 82.799 Thread 0x000001b9431e41b0 flushing  nmethod 0x000001b971965b10
Event: 82.799 Thread 0x000001b9431e41b0 flushing  nmethod 0x000001b97196c910
Event: 82.799 Thread 0x000001b9431e41b0 flushing  nmethod 0x000001b971978d10
Event: 82.799 Thread 0x000001b9431e41b0 flushing  nmethod 0x000001b971984290
Event: 82.799 Thread 0x000001b9431e41b0 flushing  nmethod 0x000001b971984a90
Event: 82.799 Thread 0x000001b9431e41b0 flushing  nmethod 0x000001b971985010
Event: 82.799 Thread 0x000001b9431e41b0 flushing  nmethod 0x000001b971988b90
Event: 82.799 Thread 0x000001b9431e41b0 flushing  nmethod 0x000001b97198b310
Event: 82.799 Thread 0x000001b9431e41b0 flushing  nmethod 0x000001b971998a90
Event: 82.799 Thread 0x000001b9431e41b0 flushing  nmethod 0x000001b9719a4a90
Event: 82.799 Thread 0x000001b9431e41b0 flushing  nmethod 0x000001b9719a6a90
Event: 82.799 Thread 0x000001b9431e41b0 flushing  nmethod 0x000001b9719aa810
Event: 82.799 Thread 0x000001b9431e41b0 flushing  nmethod 0x000001b9719c9990
Event: 82.799 Thread 0x000001b9431e41b0 flushing  nmethod 0x000001b971a0b110
Event: 82.799 Thread 0x000001b9431e41b0 flushing  nmethod 0x000001b971a2d310
Event: 82.799 Thread 0x000001b9431e41b0 flushing  nmethod 0x000001b971a44a90

Events (20 events):
Event: 84.932 Thread 0x000001b96ddd9cb0 Thread added: 0x000001b94dfd81d0
Event: 84.932 Thread 0x000001b96ddd9cb0 Thread added: 0x000001b94dfd7b00
Event: 84.932 Thread 0x000001b96ddd9cb0 Thread added: 0x000001b94dfd4b50
Event: 85.280 Thread 0x000001b94dfd4b50 Thread exited: 0x000001b94dfd4b50
Event: 85.280 Thread 0x000001b94dfd7b00 Thread exited: 0x000001b94dfd7b00
Event: 85.280 Thread 0x000001b94dfd81d0 Thread exited: 0x000001b94dfd81d0
Event: 85.288 Thread 0x000001b94dfd7430 Thread exited: 0x000001b94dfd7430
Event: 85.684 Thread 0x000001b94abadeb0 Thread added: 0x000001b94ee7b4f0
Event: 85.801 Thread 0x000001b94dfd6d60 Thread exited: 0x000001b94dfd6d60
Event: 85.801 Thread 0x000001b94c8f2410 Thread exited: 0x000001b94c8f2410
Event: 85.801 Thread 0x000001b94c8f3880 Thread exited: 0x000001b94c8f3880
Event: 86.359 Thread 0x000001b94abadeb0 Thread added: 0x000001b94ee7c8a0
Event: 86.484 Thread 0x000001b94ee7c8a0 Thread added: 0x000001b94ee79ab0
Event: 86.484 Thread 0x000001b94ee7c8a0 Thread added: 0x000001b94ee7a140
Event: 87.804 Thread 0x000001b94abadeb0 Thread added: 0x000001b94ee79420
Event: 87.809 Thread 0x000001b94ee79420 Thread added: 0x000001b94ee7dc50
Event: 87.809 Thread 0x000001b94ee79420 Thread added: 0x000001b94ee7cf30
Event: 87.809 Thread 0x000001b94ee7dc50 Thread exited: 0x000001b94ee7dc50
Event: 100.816 Thread 0x000001b94ee7cf30 Thread exited: 0x000001b94ee7cf30
Event: 100.816 Thread 0x000001b94ee79420 Thread exited: 0x000001b94ee79420


Dynamic libraries:
0x00007ff7af130000 - 0x00007ff7af13e000 	c:\Users\admin\.cursor\extensions\redhat.java-1.42.0-win32-x64\jre\21.0.7-win32-x86_64\bin\java.exe
0x00007ff8f0da0000 - 0x00007ff8f1006000 	C:\WINDOWS\SYSTEM32\ntdll.dll
0x00007ff8eeec0000 - 0x00007ff8eef89000 	C:\WINDOWS\System32\KERNEL32.DLL
0x00007ff8ee410000 - 0x00007ff8ee7dc000 	C:\WINDOWS\System32\KERNELBASE.dll
0x00007ff8edfd0000 - 0x00007ff8ee11b000 	C:\WINDOWS\System32\ucrtbase.dll
0x00007ff8c5f20000 - 0x00007ff8c5f38000 	c:\Users\admin\.cursor\extensions\redhat.java-1.42.0-win32-x64\jre\21.0.7-win32-x86_64\bin\jli.dll
0x00007ff8c73b0000 - 0x00007ff8c73ce000 	c:\Users\admin\.cursor\extensions\redhat.java-1.42.0-win32-x64\jre\21.0.7-win32-x86_64\bin\VCRUNTIME140.dll
0x00007ff8f0aa0000 - 0x00007ff8f0c6a000 	C:\WINDOWS\System32\USER32.dll
0x00007ff8ee120000 - 0x00007ff8ee147000 	C:\WINDOWS\System32\win32u.dll
0x00007ff8f0440000 - 0x00007ff8f046b000 	C:\WINDOWS\System32\GDI32.dll
0x00007ff8db710000 - 0x00007ff8db9aa000 	C:\WINDOWS\WinSxS\amd64_microsoft.windows.common-controls_6595b64144ccf1df_6.0.26100.3912_none_3e07963ce335137e\COMCTL32.dll
0x00007ff8ee2d0000 - 0x00007ff8ee402000 	C:\WINDOWS\System32\gdi32full.dll
0x00007ff8eeb60000 - 0x00007ff8eec09000 	C:\WINDOWS\System32\msvcrt.dll
0x00007ff8eea20000 - 0x00007ff8eeac3000 	C:\WINDOWS\System32\msvcp_win.dll
0x00007ff8f0c70000 - 0x00007ff8f0ca0000 	C:\WINDOWS\System32\IMM32.DLL
0x00007ff8e09f0000 - 0x00007ff8e09fc000 	c:\Users\admin\.cursor\extensions\redhat.java-1.42.0-win32-x64\jre\21.0.7-win32-x86_64\bin\vcruntime140_1.dll
0x00007ff8ab790000 - 0x00007ff8ab81d000 	c:\Users\admin\.cursor\extensions\redhat.java-1.42.0-win32-x64\jre\21.0.7-win32-x86_64\bin\msvcp140.dll
0x00007ff84e950000 - 0x00007ff84f6e0000 	c:\Users\admin\.cursor\extensions\redhat.java-1.42.0-win32-x64\jre\21.0.7-win32-x86_64\bin\server\jvm.dll
0x00007ff8f0140000 - 0x00007ff8f01f2000 	C:\WINDOWS\System32\ADVAPI32.dll
0x00007ff8f0cb0000 - 0x00007ff8f0d56000 	C:\WINDOWS\System32\sechost.dll
0x00007ff8efb60000 - 0x00007ff8efc76000 	C:\WINDOWS\System32\RPCRT4.dll
0x00007ff8ef340000 - 0x00007ff8ef3b4000 	C:\WINDOWS\System32\WS2_32.dll
0x00007ff8edda0000 - 0x00007ff8eddfe000 	C:\WINDOWS\SYSTEM32\POWRPROF.dll
0x00007ff8ea6e0000 - 0x00007ff8ea6eb000 	C:\WINDOWS\SYSTEM32\VERSION.dll
0x00007ff8e4950000 - 0x00007ff8e4986000 	C:\WINDOWS\SYSTEM32\WINMM.dll
0x00007ff8edd80000 - 0x00007ff8edd94000 	C:\WINDOWS\SYSTEM32\UMPDC.dll
0x00007ff8eccf0000 - 0x00007ff8ecd0a000 	C:\WINDOWS\SYSTEM32\kernel.appcore.dll
0x00007ff8e04c0000 - 0x00007ff8e04ca000 	c:\Users\admin\.cursor\extensions\redhat.java-1.42.0-win32-x64\jre\21.0.7-win32-x86_64\bin\jimage.dll
0x00007ff89bae0000 - 0x00007ff89bd21000 	C:\WINDOWS\SYSTEM32\DBGHELP.DLL
0x00007ff8eef90000 - 0x00007ff8ef314000 	C:\WINDOWS\System32\combase.dll
0x00007ff8f0050000 - 0x00007ff8f0130000 	C:\WINDOWS\System32\OLEAUT32.dll
0x00007ff8d7240000 - 0x00007ff8d7279000 	C:\WINDOWS\SYSTEM32\dbgcore.DLL
0x00007ff8edf30000 - 0x00007ff8edfc9000 	C:\WINDOWS\System32\bcryptPrimitives.dll
0x00007ff8cded0000 - 0x00007ff8cdedf000 	c:\Users\admin\.cursor\extensions\redhat.java-1.42.0-win32-x64\jre\21.0.7-win32-x86_64\bin\instrument.dll
0x00007ff8c2d80000 - 0x00007ff8c2d9f000 	c:\Users\admin\.cursor\extensions\redhat.java-1.42.0-win32-x64\jre\21.0.7-win32-x86_64\bin\java.dll
0x00007ff8ef430000 - 0x00007ff8efb5d000 	C:\WINDOWS\System32\SHELL32.dll
0x00007ff8ee150000 - 0x00007ff8ee2c4000 	C:\WINDOWS\System32\wintypes.dll
0x00007ff8ebbe0000 - 0x00007ff8ec436000 	C:\WINDOWS\SYSTEM32\windows.storage.dll
0x00007ff8eedc0000 - 0x00007ff8eeeaf000 	C:\WINDOWS\System32\SHCORE.dll
0x00007ff8ef3c0000 - 0x00007ff8ef429000 	C:\WINDOWS\System32\shlwapi.dll
0x00007ff8ede10000 - 0x00007ff8ede3f000 	C:\WINDOWS\SYSTEM32\profapi.dll
0x00007ff8c2d60000 - 0x00007ff8c2d78000 	c:\Users\admin\.cursor\extensions\redhat.java-1.42.0-win32-x64\jre\21.0.7-win32-x86_64\bin\zip.dll
0x00007ff8d2020000 - 0x00007ff8d2030000 	C:\Users\admin\.cursor\extensions\redhat.java-1.42.0-win32-x64\jre\21.0.7-win32-x86_64\bin\net.dll
0x00007ff8e8a60000 - 0x00007ff8e8b7e000 	C:\WINDOWS\SYSTEM32\WINHTTP.dll
0x0000000180000000 - 0x000000018008c000 	C:\WINDOWS\system32\ASProxy64.dll
0x00007ff8efc80000 - 0x00007ff8efe1f000 	C:\WINDOWS\System32\ole32.dll
0x00007ff8ec730000 - 0x00007ff8ec763000 	C:\WINDOWS\SYSTEM32\IPHLPAPI.DLL
0x00007ff8ed260000 - 0x00007ff8ed2ca000 	C:\WINDOWS\SYSTEM32\MSWSOCK.dll
0x00007ff8ecf90000 - 0x00007ff8ecfd8000 	C:\WINDOWS\SYSTEM32\SspiCli.dll
0x00007ff8c17f0000 - 0x00007ff8c1806000 	C:\Users\admin\.cursor\extensions\redhat.java-1.42.0-win32-x64\jre\21.0.7-win32-x86_64\bin\nio.dll
0x00007ff8cd970000 - 0x00007ff8cd980000 	c:\Users\admin\.cursor\extensions\redhat.java-1.42.0-win32-x64\jre\21.0.7-win32-x86_64\bin\verify.dll
0x00007ff8eb200000 - 0x00007ff8eb2af000 	C:\WINDOWS\system32\uxtheme.dll
0x00007ff8c7400000 - 0x00007ff8c7445000 	C:\Users\admin\AppData\Roaming\Cursor\User\globalStorage\redhat.java\1.42.0\config_win\org.eclipse.equinox.launcher\org.eclipse.equinox.launcher.win32.win32.x86_64_1.2.1300.v20250331-1702\eclipse_11911.dll
0x00007ff8ed510000 - 0x00007ff8ed52c000 	C:\WINDOWS\SYSTEM32\CRYPTSP.dll
0x00007ff8ecc50000 - 0x00007ff8ecc8a000 	C:\WINDOWS\system32\rsaenh.dll
0x00007ff8ed300000 - 0x00007ff8ed32b000 	C:\WINDOWS\SYSTEM32\USERENV.dll
0x00007ff8ede50000 - 0x00007ff8ede76000 	C:\WINDOWS\SYSTEM32\bcrypt.dll
0x00007ff8ed500000 - 0x00007ff8ed50c000 	C:\WINDOWS\SYSTEM32\CRYPTBASE.dll
0x00007ff8eedb0000 - 0x00007ff8eedba000 	C:\WINDOWS\System32\NSI.dll
0x00007ff8e03d0000 - 0x00007ff8e03da000 	C:\Users\admin\.cursor\extensions\redhat.java-1.42.0-win32-x64\jre\21.0.7-win32-x86_64\bin\management.dll
0x00007ff8d9400000 - 0x00007ff8d940b000 	C:\Users\admin\.cursor\extensions\redhat.java-1.42.0-win32-x64\jre\21.0.7-win32-x86_64\bin\management_ext.dll
0x00007ff8f0040000 - 0x00007ff8f0048000 	C:\WINDOWS\System32\PSAPI.DLL
0x00007ff8b9ff0000 - 0x00007ff8ba039000 	C:\Users\admin\AppData\Local\Temp\jna-92668751\jna1879209313461744284.dll
0x00007ff8e86b0000 - 0x00007ff8e86cf000 	C:\WINDOWS\SYSTEM32\dhcpcsvc6.DLL
0x00007ff8e7810000 - 0x00007ff8e7835000 	C:\WINDOWS\SYSTEM32\dhcpcsvc.DLL
0x00007ff8d6d30000 - 0x00007ff8d6d3e000 	C:\Users\admin\.cursor\extensions\redhat.java-1.42.0-win32-x64\jre\21.0.7-win32-x86_64\bin\sunmscapi.dll
0x00007ff8ee7e0000 - 0x00007ff8ee957000 	C:\WINDOWS\System32\CRYPT32.dll
0x00007ff8ed710000 - 0x00007ff8ed740000 	C:\WINDOWS\SYSTEM32\ncrypt.dll
0x00007ff8ed6c0000 - 0x00007ff8ed6ff000 	C:\WINDOWS\SYSTEM32\NTASN1.dll
0x00007ff8ec770000 - 0x00007ff8ec897000 	C:\WINDOWS\SYSTEM32\DNSAPI.dll
0x00007ff8e7840000 - 0x00007ff8e784b000 	C:\Windows\System32\rasadhlp.dll
0x00007ff8e6760000 - 0x00007ff8e67e6000 	C:\WINDOWS\System32\fwpuclnt.dll
0x00007ff8d6ca0000 - 0x00007ff8d6ca9000 	C:\Users\admin\.cursor\extensions\redhat.java-1.42.0-win32-x64\jre\21.0.7-win32-x86_64\bin\extnet.dll
0x00007ff8c7070000 - 0x00007ff8c7097000 	C:\Users\admin\.gradle\native\1def1411415f61bf3af743bc5b6707747c0891f09f0c88961ee8f79bc544acac\windows-amd64\native-platform.dll
0x00007ff8d37b0000 - 0x00007ff8d37b8000 	C:\WINDOWS\system32\wshunix.dll

dbghelp: loaded successfully - version: 4.0.5 - missing functions: none
symbol engine: initialized successfully - sym options: 0x614 - pdb path: .;c:\Users\admin\.cursor\extensions\redhat.java-1.42.0-win32-x64\jre\21.0.7-win32-x86_64\bin;C:\WINDOWS\SYSTEM32;C:\WINDOWS\WinSxS\amd64_microsoft.windows.common-controls_6595b64144ccf1df_6.0.26100.3912_none_3e07963ce335137e;c:\Users\admin\.cursor\extensions\redhat.java-1.42.0-win32-x64\jre\21.0.7-win32-x86_64\bin\server;C:\Users\admin\AppData\Roaming\Cursor\User\globalStorage\redhat.java\1.42.0\config_win\org.eclipse.equinox.launcher\org.eclipse.equinox.launcher.win32.win32.x86_64_1.2.1300.v20250331-1702;C:\Users\admin\AppData\Local\Temp\jna-92668751;C:\Users\admin\.gradle\native\1def1411415f61bf3af743bc5b6707747c0891f09f0c88961ee8f79bc544acac\windows-amd64

VM Arguments:
jvm_args: --add-modules=ALL-SYSTEM --add-opens=java.base/java.util=ALL-UNNAMED --add-opens=java.base/java.lang=ALL-UNNAMED --add-opens=java.base/sun.nio.fs=ALL-UNNAMED -Declipse.application=org.eclipse.jdt.ls.core.id1 -Dosgi.bundles.defaultStartLevel=4 -Declipse.product=org.eclipse.jdt.ls.core.product -Djava.import.generatesMetadataFilesAtProjectRoot=false -DDetectVMInstallationsJob.disabled=true -Dfile.encoding=utf8 -XX:+UseParallelGC -XX:GCTimeRatio=4 -XX:AdaptiveSizePolicyWeight=90 -Dsun.zip.disableMemoryMapping=true -Xmx1G -Xms100m -Xlog:disable -javaagent:c:\Users\admin\.cursor\extensions\redhat.java-1.42.0-win32-x64\lombok\lombok-1.18.36.jar -XX:+HeapDumpOnOutOfMemoryError -XX:HeapDumpPath=c:\Users\admin\AppData\Roaming\Cursor\User\workspaceStorage\0426a641ec518546e312a5bf184515bb\redhat.java -Daether.dependencyCollector.impl=bf 
java_command: c:\Users\admin\.cursor\extensions\redhat.java-1.42.0-win32-x64\server\plugins\org.eclipse.equinox.launcher_1.7.0.v20250424-1814.jar -configuration c:\Users\admin\AppData\Roaming\Cursor\User\globalStorage\redhat.java\1.42.0\config_win -data c:\Users\admin\AppData\Roaming\Cursor\User\workspaceStorage\0426a641ec518546e312a5bf184515bb\redhat.java\jdt_ws --pipe=\\.\pipe\lsp-dca50e1909cbe5422638d278322459e5-sock
java_class_path (initial): c:\Users\admin\.cursor\extensions\redhat.java-1.42.0-win32-x64\server\plugins\org.eclipse.equinox.launcher_1.7.0.v20250424-1814.jar
Launcher Type: SUN_STANDARD

[Global flags]
    uintx AdaptiveSizePolicyWeight                 = 90                                        {product} {command line}
     intx CICompilerCount                          = 12                                        {product} {ergonomic}
    uintx GCTimeRatio                              = 4                                         {product} {command line}
     bool HeapDumpOnOutOfMemoryError               = true                                   {manageable} {command line}
    ccstr HeapDumpPath                             = c:\Users\admin\AppData\Roaming\Cursor\User\workspaceStorage\0426a641ec518546e312a5bf184515bb\redhat.java         {manageable} {command line}
   size_t InitialHeapSize                          = 104857600                                 {product} {command line}
   size_t MaxHeapSize                              = 1073741824                                {product} {command line}
   size_t MaxNewSize                               = 357564416                                 {product} {ergonomic}
   size_t MinHeapDeltaBytes                        = 524288                                    {product} {ergonomic}
   size_t MinHeapSize                              = 104857600                                 {product} {command line}
   size_t NewSize                                  = 34603008                                  {product} {ergonomic}
    uintx NonNMethodCodeHeapSize                   = 7602480                                {pd product} {ergonomic}
    uintx NonProfiledCodeHeapSize                  = 122027880                              {pd product} {ergonomic}
   size_t OldSize                                  = 70254592                                  {product} {ergonomic}
    uintx ProfiledCodeHeapSize                     = 122027880                              {pd product} {ergonomic}
    uintx ReservedCodeCacheSize                    = 251658240                              {pd product} {ergonomic}
     bool SegmentedCodeCache                       = true                                      {product} {ergonomic}
   size_t SoftMaxHeapSize                          = 1073741824                             {manageable} {ergonomic}
     bool UseCompressedOops                        = true                           {product lp64_product} {ergonomic}
     bool UseLargePagesIndividualAllocation        = false                                  {pd product} {ergonomic}
     bool UseParallelGC                            = true                                      {product} {command line}

Logging:
Log output configuration:
 #0: stdout all=off uptime,level,tags foldmultilines=false
 #1: stderr all=off uptime,level,tags foldmultilines=false

Environment Variables:
JAVA_HOME=C:\Program Files\OpenLogic\jdk-17.0.15.6-hotspot
PATH=C:\Program Files\Common Files\Oracle\Java\javapath;C:\Program Files\OpenLogic\jdk-17.0.15.6-hotspot\bin;C:\WINDOWS\system32;C:\WINDOWS;C:\WINDOWS\System32\Wbem;C:\WINDOWS\System32\WindowsPowerShell\v1.0\;C:\WINDOWS\System32\OpenSSH\;C:\Program Files\dotnet\;C:\Program Files\Microsoft SQL Server\130\Tools\Binn\;C:\Program Files\Git\cmd;C:\Users\admin\AppData\Roaming\nvm;C:\Program Files\nodejs;C:\Program Files\Microsoft SQL Server\150\Tools\Binn\;C:\Users\admin\AppData\Local\Microsoft\WindowsApps;C:\Users\admin\AppData\Roaming\npm;C:\Users\admin\AppData\Local\Programs\Microsoft VS Code\bin;C:\Users\admin\AppData\Roaming\nvm;C:\Program Files\nodejs;C:\Users\admin\AppData\Local\Android\Sdk\platform-tools;C:\Users\admin\AppData\Local\Programs\cursor\resources\app\bin;C:\;C:\Users\admin\.dotnet\tools
USERNAME=admin
OS=Windows_NT
PROCESSOR_IDENTIFIER=Intel64 Family 6 Model 165 Stepping 5, GenuineIntel
TMP=C:\Users\admin\AppData\Local\Temp
TEMP=C:\Users\admin\AppData\Local\Temp




Periodic native trim disabled

---------------  S Y S T E M  ---------------

OS:
 Windows 11 , 64 bit Build 26100 (10.0.26100.3912)
OS uptime: 2 days 9:24 hours

CPU: total 16 (initial active 16) (8 cores per cpu, 2 threads per core) family 6 model 165 stepping 5 microcode 0xec, cx8, cmov, fxsr, ht, mmx, 3dnowpref, sse, sse2, sse3, ssse3, sse4.1, sse4.2, popcnt, lzcnt, tsc, tscinvbit, avx, avx2, aes, erms, clmul, bmi1, bmi2, adx, fma, vzeroupper, clflush, clflushopt, rdtscp, f16c, pku
Processor Information for processor 0
  Max Mhz: 2901, Current Mhz: 2901, Mhz Limit: 2901
Processor Information for processor 1
  Max Mhz: 2901, Current Mhz: 1200, Mhz Limit: 2901
Processor Information for processor 2
  Max Mhz: 2901, Current Mhz: 2901, Mhz Limit: 2901
Processor Information for processor 3
  Max Mhz: 2901, Current Mhz: 1200, Mhz Limit: 2901
Processor Information for processor 4
  Max Mhz: 2901, Current Mhz: 2901, Mhz Limit: 2901
Processor Information for processor 5
  Max Mhz: 2901, Current Mhz: 1200, Mhz Limit: 2901
Processor Information for processor 6
  Max Mhz: 2901, Current Mhz: 1200, Mhz Limit: 2901
Processor Information for processor 7
  Max Mhz: 2901, Current Mhz: 1200, Mhz Limit: 2901
Processor Information for processor 8
  Max Mhz: 2901, Current Mhz: 1200, Mhz Limit: 2901
Processor Information for processor 9
  Max Mhz: 2901, Current Mhz: 1200, Mhz Limit: 2901
Processor Information for processor 10
  Max Mhz: 2901, Current Mhz: 2901, Mhz Limit: 2901
Processor Information for processor 11
  Max Mhz: 2901, Current Mhz: 1200, Mhz Limit: 2901
Processor Information for processor 12
  Max Mhz: 2901, Current Mhz: 1200, Mhz Limit: 2901
Processor Information for processor 13
  Max Mhz: 2901, Current Mhz: 1200, Mhz Limit: 2901
Processor Information for processor 14
  Max Mhz: 2901, Current Mhz: 1200, Mhz Limit: 2901
Processor Information for processor 15
  Max Mhz: 2901, Current Mhz: 2901, Mhz Limit: 2901

Memory: 4k page, system-wide physical 16096M (3399M free)
TotalPageFile size 34528M (AvailPageFile size 7089M)
current process WorkingSet (physical memory assigned to process): 255M, peak: 323M
current process commit charge ("private bytes"): 344M, peak: 416M

vm_info: OpenJDK 64-Bit Server VM (21.0.7+6-LTS) for windows-amd64 JRE (21.0.7+6-LTS), built on 2025-04-15T00:00:00Z by "admin" with MS VC++ 17.7 (VS2022)

END.
