#
# A fatal error has been detected by the Java Runtime Environment:
#
#  EXCEPTION_ACCESS_VIOLATION (0xc0000005) at pc=0x000000018000c274, pid=32872, tid=23372
#
# JRE version: OpenJDK Runtime Environment Temurin-21.0.7+6 (21.0.7+6) (build 21.0.7+6-LTS)
# Java VM: OpenJDK 64-Bit Server VM Temurin-21.0.7+6 (21.0.7+6-LTS, mixed mode, sharing, tiered, compressed oops, compressed class ptrs, parallel gc, windows-amd64)
# Problematic frame:
# C  [ASProxy64.dll+0xc274]
#
# No core dump will be written. Minidumps are not enabled by default on client versions of Windows
#
# If you would like to submit a bug report, please visit:
#   https://github.com/adoptium/adoptium-support/issues
# The crash happened outside the Java Virtual Machine in native code.
# See problematic frame for where to report the bug.
#

---------------  S U M M A R Y ------------

Command Line: --add-modules=ALL-SYSTEM --add-opens=java.base/java.util=ALL-UNNAMED --add-opens=java.base/java.lang=ALL-UNNAMED --add-opens=java.base/sun.nio.fs=ALL-UNNAMED -Declipse.application=org.eclipse.jdt.ls.core.id1 -Dosgi.bundles.defaultStartLevel=4 -Declipse.product=org.eclipse.jdt.ls.core.product -Djava.import.generatesMetadataFilesAtProjectRoot=false -DDetectVMInstallationsJob.disabled=true -Dfile.encoding=utf8 -XX:+UseParallelGC -XX:GCTimeRatio=4 -XX:AdaptiveSizePolicyWeight=90 -Dsun.zip.disableMemoryMapping=true -Xmx1G -Xms100m -Xlog:disable -javaagent:c:\Users\admin\.cursor\extensions\redhat.java-1.42.0-win32-x64\lombok\lombok-1.18.36.jar -XX:+HeapDumpOnOutOfMemoryError -XX:HeapDumpPath=c:\Users\admin\AppData\Roaming\Cursor\User\workspaceStorage\0426a641ec518546e312a5bf184515bb\redhat.java -Daether.dependencyCollector.impl=bf c:\Users\admin\.cursor\extensions\redhat.java-1.42.0-win32-x64\server\plugins\org.eclipse.equinox.launcher_1.7.0.v20250424-1814.jar -configuration c:\Users\admin\AppData\Roaming\Cursor\User\globalStorage\redhat.java\1.42.0\config_win -data c:\Users\admin\AppData\Roaming\Cursor\User\workspaceStorage\0426a641ec518546e312a5bf184515bb\redhat.java\jdt_ws --pipe=\\.\pipe\lsp-6fbb0f7b625bdff664277520b8eb4e66-sock

Host: Intel(R) Core(TM) i7-10700 CPU @ 2.90GHz, 16 cores, 15G,  Windows 11 , 64 bit Build 26100 (10.0.26100.3912)
Time: Sat May 17 12:27:22 2025 Eastern Daylight Time elapsed time: 140.672892 seconds (0d 0h 2m 20s)

---------------  T H R E A D  ---------------

Current thread (0x000001de637bb570):  JavaThread "Connection worker"        [_thread_in_native, id=23372, stack(0x0000009e6dd80000,0x0000009e6de80000) (1024K)]

Stack: [0x0000009e6dd80000,0x0000009e6de80000],  sp=0x0000009e6de7df30,  free space=1015k
Native frames: (J=compiled Java code, j=interpreted, Vv=VM code, C=native code)
C  [ASProxy64.dll+0xc274]

Java frames: (J=compiled Java code, j=interpreted, Vv=VM code)
j  sun.nio.ch.WEPoll.ctl(JIJI)I+0 java.base@21.0.7
j  sun.nio.ch.WEPollSelectorImpl.<init>(Ljava/nio/channels/spi/SelectorProvider;)V+139 java.base@21.0.7
j  sun.nio.ch.WEPollSelectorProvider.openSelector()Ljava/nio/channels/spi/AbstractSelector;+5 java.base@21.0.7
j  java.nio.channels.Selector.open()Ljava/nio/channels/Selector;+3 java.base@21.0.7
j  org.gradle.internal.remote.internal.inet.SocketConnection$SocketInputStream.<init>(Ljava/nio/channels/SocketChannel;)V+17
j  org.gradle.internal.remote.internal.inet.SocketConnection.<init>(Ljava/nio/channels/SocketChannel;Lorg/gradle/internal/remote/internal/MessageSerializer;Lorg/gradle/internal/serialize/StatefulSerializer;)V+27
j  org.gradle.internal.remote.internal.inet.SocketConnectCompletion.create(Lorg/gradle/internal/serialize/StatefulSerializer;)Lorg/gradle/internal/remote/internal/RemoteConnection;+16
j  org.gradle.launcher.daemon.client.DefaultDaemonConnector.connectToDaemon(Lorg/gradle/launcher/daemon/context/DaemonConnectDetails;Lorg/gradle/launcher/daemon/client/DaemonClientConnection$StaleAddressDetector;)Lorg/gradle/launcher/daemon/client/DaemonClientConnection;+45
j  org.gradle.launcher.daemon.client.DefaultDaemonConnector.connectToDaemonWithId(Lorg/gradle/launcher/daemon/diagnostics/DaemonStartupInfo;Lorg/gradle/api/internal/specs/ExplainingSpec;)Lorg/gradle/launcher/daemon/client/DaemonClientConnection;+116
j  org.gradle.launcher.daemon.client.DefaultDaemonConnector.doStartDaemon(Lorg/gradle/api/internal/specs/ExplainingSpec;Z)Lorg/gradle/launcher/daemon/client/DaemonClientConnection;+61
j  org.gradle.launcher.daemon.client.DefaultDaemonConnector.startDaemon(Lorg/gradle/api/internal/specs/ExplainingSpec;)Lorg/gradle/launcher/daemon/client/DaemonClientConnection;+3
j  org.gradle.launcher.daemon.client.DaemonClient.execute(Lorg/gradle/internal/invocation/BuildAction;Lorg/gradle/launcher/exec/BuildActionParameters;Lorg/gradle/internal/daemon/client/execution/ClientBuildRequestContext;)Lorg/gradle/launcher/exec/BuildActionResult;+201
j  org.gradle.launcher.daemon.client.DaemonClient.execute(Lorg/gradle/internal/invocation/BuildAction;Ljava/lang/Object;Ljava/lang/Object;)Lorg/gradle/launcher/exec/BuildActionResult;+10
j  org.gradle.tooling.internal.provider.DaemonBuildActionExecuter.execute(Lorg/gradle/internal/invocation/BuildAction;Lorg/gradle/tooling/internal/provider/ConnectionOperationParameters;Lorg/gradle/internal/daemon/client/execution/ClientBuildRequestContext;)Lorg/gradle/launcher/exec/BuildActionResult;+72
j  org.gradle.tooling.internal.provider.DaemonBuildActionExecuter.execute(Lorg/gradle/internal/invocation/BuildAction;Ljava/lang/Object;Ljava/lang/Object;)Lorg/gradle/launcher/exec/BuildActionResult;+10
j  org.gradle.tooling.internal.provider.LoggingBridgingBuildActionExecuter.execute(Lorg/gradle/internal/invocation/BuildAction;Lorg/gradle/tooling/internal/provider/ConnectionOperationParameters;Lorg/gradle/internal/daemon/client/execution/ClientBuildRequestContext;)Lorg/gradle/launcher/exec/BuildActionResult;+77
j  org.gradle.tooling.internal.provider.LoggingBridgingBuildActionExecuter.execute(Lorg/gradle/internal/invocation/BuildAction;Ljava/lang/Object;Ljava/lang/Object;)Lorg/gradle/launcher/exec/BuildActionResult;+10
j  org.gradle.tooling.internal.provider.ProviderConnection.run(Lorg/gradle/internal/invocation/BuildAction;Lorg/gradle/initialization/BuildCancellationToken;Lorg/gradle/tooling/internal/provider/ProviderConnection$ProgressListenerConfiguration;Lorg/gradle/initialization/BuildEventConsumer;Lorg/gradle/tooling/internal/provider/connection/ProviderOperationParameters;Lorg/gradle/tooling/internal/provider/ProviderConnection$Parameters;)Ljava/lang/Object;+79
j  org.gradle.tooling.internal.provider.ProviderConnection.runPhasedAction(Lorg/gradle/tooling/internal/protocol/InternalPhasedAction;Lorg/gradle/tooling/internal/protocol/PhasedActionResultListener;Lorg/gradle/initialization/BuildCancellationToken;Lorg/gradle/tooling/internal/provider/connection/ProviderOperationParameters;)Ljava/lang/Object;+132
j  org.gradle.tooling.internal.provider.DefaultConnection.run(Lorg/gradle/tooling/internal/protocol/InternalPhasedAction;Lorg/gradle/tooling/internal/protocol/PhasedActionResultListener;Lorg/gradle/tooling/internal/protocol/InternalCancellationToken;Lorg/gradle/tooling/internal/protocol/BuildParameters;)Lorg/gradle/tooling/internal/protocol/BuildResult;+28
j  org.gradle.tooling.internal.consumer.connection.PhasedActionAwareConsumerConnection.run(Lorg/gradle/tooling/internal/consumer/PhasedBuildAction;Lorg/gradle/tooling/internal/consumer/parameters/ConsumerOperationParameters;)V+66
j  org.gradle.tooling.internal.consumer.connection.ParameterValidatingConsumerConnection.run(Lorg/gradle/tooling/internal/consumer/PhasedBuildAction;Lorg/gradle/tooling/internal/consumer/parameters/ConsumerOperationParameters;)V+11
j  org.gradle.tooling.internal.consumer.DefaultPhasedBuildActionExecuter$1.run(Lorg/gradle/tooling/internal/consumer/connection/ConsumerConnection;)Ljava/lang/Void;+12
j  org.gradle.tooling.internal.consumer.DefaultPhasedBuildActionExecuter$1.run(Lorg/gradle/tooling/internal/consumer/connection/ConsumerConnection;)Ljava/lang/Object;+2
j  org.gradle.tooling.internal.consumer.connection.LazyConsumerActionExecutor.run(Lorg/gradle/tooling/internal/consumer/connection/ConsumerAction;)Ljava/lang/Object;+34
j  org.gradle.tooling.internal.consumer.connection.CancellableConsumerActionExecutor.run(Lorg/gradle/tooling/internal/consumer/connection/ConsumerAction;)Ljava/lang/Object;+34
j  org.gradle.tooling.internal.consumer.connection.ProgressLoggingConsumerActionExecutor.run(Lorg/gradle/tooling/internal/consumer/connection/ConsumerAction;)Ljava/lang/Object;+78
j  org.gradle.tooling.internal.consumer.connection.RethrowingErrorsConsumerActionExecutor.run(Lorg/gradle/tooling/internal/consumer/connection/ConsumerAction;)Ljava/lang/Object;+5
j  org.gradle.tooling.internal.consumer.async.DefaultAsyncConsumerActionExecutor$1$1.run()V+17
j  org.gradle.internal.concurrent.ExecutorPolicy$CatchAndRecordFailures.onExecute(Ljava/lang/Runnable;)V+1
j  org.gradle.internal.concurrent.AbstractManagedExecutor$1.run()V+25
j  java.util.concurrent.ThreadPoolExecutor.runWorker(Ljava/util/concurrent/ThreadPoolExecutor$Worker;)V+92 java.base@21.0.7
j  java.util.concurrent.ThreadPoolExecutor$Worker.run()V+5 java.base@21.0.7
j  java.lang.Thread.runWith(Ljava/lang/Object;Ljava/lang/Runnable;)V+5 java.base@21.0.7
j  java.lang.Thread.run()V+19 java.base@21.0.7
v  ~StubRoutines::call_stub 0x000001de4fdd100d

siginfo: EXCEPTION_ACCESS_VIOLATION (0xc0000005), reading address 0x0000000000001204


Registers:
RAX=0x0000000000000000, RBX=0x000001de61765a08, RCX=0x000000000000123c, RDX=0x0000000000000002
RSP=0x0000009e6de7df30, RBP=0x0000000000001204, RSI=0x000001de64da0440, RDI=0x0000000000001204
R8 =0x7ffffffffffffffc, R9 =0x0000000000000001, R10=0x000000000000123c, R11=0x000001de4578cac8
R12=0x0000009e6de7e170, R13=0x0000000000001250, R14=0x000001de64da0410, R15=0x0000000000001250
RIP=0x000000018000c274, EFLAGS=0x0000000000010246

XMM[0]=0x0000000000000000 0x0000000000000000
XMM[1]=0x0000000000000000 0x0000000000000000
XMM[2]=0x0000000000000000 0x0000000000000000
XMM[3]=0x0000000000000000 0x0000000000000000
XMM[4]=0x0000000000000000 0x0000000000000000
XMM[5]=0x0000000000000000 0x0000000000000000
XMM[6]=0xf1419cb1cd647055 0x8800daebb854de45
XMM[7]=0x2894e7608c8ef463 0xb70dfa77fe5e49d6
XMM[8]=0x0000000000000000 0xfdf296efb6130602
XMM[9]=0xef0660524b88985a 0x5b5e67628f1d49d0
XMM[10]=0xffffffffffffffff 0x0b0a090803020100
XMM[11]=0x4258ee19edee3776 0x0000000000000000
XMM[12]=0x0b0a090803020100 0xffffffffffffffff
XMM[13]=0x0c0d0e0f08090a0b 0x0405060700010203
XMM[14]=0x0000000000000000 0x00000000f035adbc
XMM[15]=0x0000000000000000 0x00000000eb5cb650
  MXCSR=0x00001fa0


Register to memory mapping:

RAX=0x0 is null
RBX=0x000001de61765a08 points into unknown readable memory: 0x0000000000000000 | 00 00 00 00 00 00 00 00
RCX=0x000000000000123c is an unknown value
RDX=0x0000000000000002 is an unknown value
RSP=0x0000009e6de7df30 is pointing into the stack for thread: 0x000001de637bb570
RBP=0x0000000000001204 is an unknown value
RSI=0x000001de64da0440 points into unknown readable memory: 0x000001de64da0440 | 40 04 da 64 de 01 00 00
RDI=0x0000000000001204 is an unknown value
R8 =0x7ffffffffffffffc is an unknown value
R9 =0x0000000000000001 is an unknown value
R10=0x000000000000123c is an unknown value
R11=0x000001de4578cac8 points into unknown readable memory: 0x00000000000007d0 | d0 07 00 00 00 00 00 00
R12=0x0000009e6de7e170 is pointing into the stack for thread: 0x000001de637bb570
R13=0x0000000000001250 is an unknown value
R14=0x000001de64da0410 points into unknown readable memory: 0x0000000000001204 | 04 12 00 00 00 00 00 00
R15=0x0000000000001250 is an unknown value

Top of Stack: (sp=0x0000009e6de7df30)
0x0000009e6de7df30:   0000000000000000 0000000000000000
0x0000009e6de7df40:   0000000000001204 000000018001f4c2
0x0000009e6de7df50:   0000000180065ec8 0000000000002736
0x0000009e6de7df60:   0000000000000000 000000000000123c
0x0000009e6de7df70:   0000000000001204 000000018000c506
0x0000009e6de7df80:   000001de61765a08 0000000000002736
0x0000009e6de7df90:   0000000000000000 000001de00000008
0x0000009e6de7dfa0:   0000009e0000001e 0000000000000000
0x0000009e6de7dfb0:   0000000000001204 0000000000000000
0x0000009e6de7dfc0:   0000000000000001 0000000000000000
0x0000009e6de7dfd0:   0000000000001204 00007ff8c74777e6
0x0000009e6de7dfe0:   000000000000123c 0000000000001202
0x0000009e6de7dff0:   000001de64da0440 0000009e6de7e140
0x0000009e6de7e000:   0000000000000000 000001de00000000
0x0000009e6de7e010:   0000000000000003 000001de00000001
0x0000009e6de7e020:   0000000000000000 0000000000000000
0x0000009e6de7e030:   00007ff800000000 00007ff8edfe0139
0x0000009e6de7e040:   000000000000123c 0000000000000000
0x0000009e6de7e050:   0000000000000000 0000330e0d1a4184
0x0000009e6de7e060:   000001de617659f0 00007ff8c74782af
0x0000009e6de7e070:   0000000000000028 00007ff870212cac
0x0000009e6de7e080:   000001de617659f8 000001de457b4600
0x0000009e6de7e090:   000001de64da0410 00007ff8c7478359
0x0000009e6de7e0a0:   000001de64da0440 0000009e6de7e170
0x0000009e6de7e0b0:   000001de64da0440 000001de64da0410
0x0000009e6de7e0c0:   000001de637bb570 0000009e6de7e170
0x0000009e6de7e0d0:   000001de605b3840 0000000000000000
0x0000009e6de7e0e0:   000001de64da0410 00007ff8c7478787
0x0000009e6de7e0f0:   0000000000000000 0000009e6de7e170
0x0000009e6de7e100:   0000000000001250 000001de637bb570
0x0000009e6de7e110:   0000000000000001 00007ff8c7477a75
0x0000009e6de7e120:   0000000000001204 0000009e6de7e170 

Instructions: (pc=0x000000018000c274)
0x000000018000c174:   70 48 8b 6c 24 78 32 c0 48 83 c4 50 41 5c c3 cc
0x000000018000c184:   cc cc cc cc cc cc cc cc cc cc cc cc 48 85 c9 74
0x000000018000c194:   23 8b 05 ad ff 06 00 89 01 8b 05 a9 ff 06 00 89
0x000000018000c1a4:   41 04 8b 05 a4 ff 06 00 89 41 08 8b 05 9f ff 06
0x000000018000c1b4:   00 89 41 0c f3 c3 cc cc cc cc cc cc c6 01 01 c7
0x000000018000c1c4:   02 01 00 00 00 c3 cc cc cc cc cc cc 48 89 5c 24
0x000000018000c1d4:   08 57 48 83 ec 70 48 8b fa 8b d9 48 8d 15 82 73
0x000000018000c1e4:   05 00 48 8d 4c 24 20 45 33 c0 48 c7 44 24 40 0f
0x000000018000c1f4:   00 00 00 48 c7 44 24 38 00 00 00 00 c6 44 24 28
0x000000018000c204:   00 e8 d6 6b ff ff 4c 8d 4c 24 20 48 8d 4c 24 48
0x000000018000c214:   41 b0 01 8b d3 e8 52 06 02 00 48 83 78 20 10 72
0x000000018000c224:   06 48 8b 48 08 eb 05 48 8d 48 08 90 0f b6 01 48
0x000000018000c234:   ff c7 48 ff c1 88 47 ff 84 c0 75 f0 48 83 7c 24
0x000000018000c244:   68 10 72 0a 48 8b 4c 24 50 e8 52 94 03 00 48 8b
0x000000018000c254:   9c 24 80 00 00 00 48 83 c4 70 5f c3 48 83 ec 48
0x000000018000c264:   0f b6 c2 0f 57 c0 0f 11 44 24 ff 25 00 00 00 00
0x000000018000c274:   ae 7e ef ee f8 7f 00 00 8b 44 24 04 0f af 04 24
0x000000018000c284:   89 04 24 8b 44 24 04 0f af 04 24 83 c0 01 89 04
0x000000018000c294:   24 8b 44 24 04 0f af 04 24 83 c0 02 89 04 24 8b
0x000000018000c2a4:   44 24 04 0f af 04 24 83 c0 03 89 04 24 8b 44 24
0x000000018000c2b4:   04 0f af 04 24 83 c0 04 89 04 24 8b 44 24 04 0f
0x000000018000c2c4:   af 04 24 83 c0 05 89 04 24 8b 44 24 04 0f af 04
0x000000018000c2d4:   24 83 c0 06 89 04 24 8b 44 24 04 0f af 04 24 83
0x000000018000c2e4:   c0 07 89 04 24 8b 44 24 04 0f af 04 24 83 c0 08
0x000000018000c2f4:   89 04 24 8b 44 24 04 0f af 04 24 83 c0 09 89 04
0x000000018000c304:   24 8b 44 24 04 0f af 04 24 83 c0 0a 89 04 24 8b
0x000000018000c314:   44 24 04 0f af 04 24 83 c0 0b 89 04 24 8b 44 24
0x000000018000c324:   04 0f af 04 24 83 c0 0d 89 04 24 8b 44 24 04 0f
0x000000018000c334:   af 04 24 83 c0 0e 89 04 24 8b 44 24 04 0f af 04
0x000000018000c344:   24 83 c0 0f 89 04 24 8b 44 24 04 0f af 04 24 83
0x000000018000c354:   c0 10 89 04 24 8b 44 24 04 0f af 04 24 83 c0 11
0x000000018000c364:   89 04 24 8b 44 24 04 0f af 04 24 83 c0 12 89 04 


Stack slot to memory mapping:

stack at sp + 0 slots: 0x0 is null
stack at sp + 1 slots: 0x0 is null
stack at sp + 2 slots: 0x0000000000001204 is an unknown value
stack at sp + 3 slots: 0x000000018001f4c2 ASProxy64.dll
stack at sp + 4 slots: 0x0000000180065ec8 ASProxy64.dll
stack at sp + 5 slots: 0x0000000000002736 is an unknown value
stack at sp + 6 slots: 0x0 is null
stack at sp + 7 slots: 0x000000000000123c is an unknown value


---------------  P R O C E S S  ---------------

Threads class SMR info:
_java_thread_list=0x000001de613ed250, length=61, elements={
0x000001de4343aff0, 0x000001de45838400, 0x000001de59b7d160, 0x000001de4583a460,
0x000001de4583b0b0, 0x000001de4584a370, 0x000001de5b0463a0, 0x000001de5b055660,
0x000001de5b05a300, 0x000001de5b045d10, 0x000001de5b044ff0, 0x000001de5b046a30,
0x000001de5b0470c0, 0x000001de5b047750, 0x000001de5b048470, 0x000001de5b045680,
0x000001de6100c0f0, 0x000001de6100e1c0, 0x000001de6100c780, 0x000001de6100e850,
0x000001de6100fc00, 0x000001de61010290, 0x000001de6100ce10, 0x000001de6100f570,
0x000001de61010920, 0x000001de6100d4a0, 0x000001de61011cd0, 0x000001de61013080,
0x000001de61010fb0, 0x000001de61011640, 0x000001de61013710, 0x000001de61012360,
0x000001de610129f0, 0x000001de622d0b80, 0x000001de622d18a0, 0x000001de622cf140,
0x000001de622d04f0, 0x000001de622cfe60, 0x000001de622d1210, 0x000001de622d1f30,
0x000001de622ceab0, 0x000001de622d25c0, 0x000001de622cf7d0, 0x000001de622d53b0,
0x000001de622d4690, 0x000001de622d2c50, 0x000001de622d32e0, 0x000001de637bbc00,
0x000001de637bdcd0, 0x000001de637bc290, 0x000001de637bc920, 0x000001de637bcfb0,
0x000001de637ba850, 0x000001de637be360, 0x000001de637baee0, 0x000001de637be9f0,
0x000001de637bb570, 0x000001de637bf080, 0x000001de637c1e70, 0x000001de637bf710,
0x000001de637c0ac0
}

Java Threads: ( => current thread )
  0x000001de4343aff0 JavaThread "main"                              [_thread_blocked, id=23668, stack(0x0000009e68300000,0x0000009e68400000) (1024K)]
  0x000001de45838400 JavaThread "Reference Handler"          daemon [_thread_blocked, id=7264, stack(0x0000009e68700000,0x0000009e68800000) (1024K)]
  0x000001de59b7d160 JavaThread "Finalizer"                  daemon [_thread_blocked, id=5352, stack(0x0000009e68800000,0x0000009e68900000) (1024K)]
  0x000001de4583a460 JavaThread "Signal Dispatcher"          daemon [_thread_blocked, id=27856, stack(0x0000009e68900000,0x0000009e68a00000) (1024K)]
  0x000001de4583b0b0 JavaThread "Attach Listener"            daemon [_thread_blocked, id=6684, stack(0x0000009e68a00000,0x0000009e68b00000) (1024K)]
  0x000001de4584a370 JavaThread "Service Thread"             daemon [_thread_blocked, id=23268, stack(0x0000009e68b00000,0x0000009e68c00000) (1024K)]
  0x000001de5b0463a0 JavaThread "Monitor Deflation Thread"   daemon [_thread_blocked, id=15568, stack(0x0000009e68c00000,0x0000009e68d00000) (1024K)]
  0x000001de5b055660 JavaThread "C2 CompilerThread0"         daemon [_thread_blocked, id=20024, stack(0x0000009e68d00000,0x0000009e68e00000) (1024K)]
  0x000001de5b05a300 JavaThread "C1 CompilerThread0"         daemon [_thread_blocked, id=23108, stack(0x0000009e68e00000,0x0000009e68f00000) (1024K)]
  0x000001de5b045d10 JavaThread "Common-Cleaner"             daemon [_thread_blocked, id=24644, stack(0x0000009e68f00000,0x0000009e69000000) (1024K)]
  0x000001de5b044ff0 JavaThread "Notification Thread"        daemon [_thread_blocked, id=7036, stack(0x0000009e6a640000,0x0000009e6a740000) (1024K)]
  0x000001de5b046a30 JavaThread "Active Thread: Equinox Container: d0ddab80-b632-4207-b72b-d21385d55838"        [_thread_blocked, id=35816, stack(0x0000009e6ad80000,0x0000009e6ae80000) (1024K)]
  0x000001de5b0470c0 JavaThread "Refresh Thread: Equinox Container: d0ddab80-b632-4207-b72b-d21385d55838" daemon [_thread_blocked, id=32696, stack(0x0000009e69000000,0x0000009e69100000) (1024K)]
  0x000001de5b047750 JavaThread "Framework Event Dispatcher: Equinox Container: d0ddab80-b632-4207-b72b-d21385d55838" daemon [_thread_blocked, id=19684, stack(0x0000009e69100000,0x0000009e69200000) (1024K)]
  0x000001de5b048470 JavaThread "Start Level: Equinox Container: d0ddab80-b632-4207-b72b-d21385d55838" daemon [_thread_blocked, id=25820, stack(0x0000009e6a200000,0x0000009e6a300000) (1024K)]
  0x000001de5b045680 JavaThread "Bundle File Closer"         daemon [_thread_blocked, id=25848, stack(0x0000009e6b180000,0x0000009e6b280000) (1024K)]
  0x000001de6100c0f0 JavaThread "SCR Component Actor"        daemon [_thread_blocked, id=24640, stack(0x0000009e68000000,0x0000009e68100000) (1024K)]
  0x000001de6100e1c0 JavaThread "Worker-JM"                         [_thread_blocked, id=5932, stack(0x0000009e6b480000,0x0000009e6b580000) (1024K)]
  0x000001de6100c780 JavaThread "Worker-0"                          [_thread_blocked, id=25972, stack(0x0000009e6b680000,0x0000009e6b780000) (1024K)]
  0x000001de6100e850 JavaThread "Worker-1"                          [_thread_blocked, id=26080, stack(0x0000009e6b780000,0x0000009e6b880000) (1024K)]
  0x000001de6100fc00 JavaThread "Java indexing"              daemon [_thread_blocked, id=24648, stack(0x0000009e6ba80000,0x0000009e6bb80000) (1024K)]
  0x000001de61010290 JavaThread "JNA Cleaner"                daemon [_thread_blocked, id=16220, stack(0x0000009e6bc80000,0x0000009e6bd80000) (1024K)]
  0x000001de6100ce10 JavaThread "Worker-2"                          [_thread_blocked, id=32992, stack(0x0000009e6b980000,0x0000009e6ba80000) (1024K)]
  0x000001de6100f570 JavaThread "Worker-3"                          [_thread_blocked, id=3608, stack(0x0000009e6c080000,0x0000009e6c180000) (1024K)]
  0x000001de61010920 JavaThread "Thread-2"                   daemon [_thread_in_native, id=12604, stack(0x0000009e6b880000,0x0000009e6b980000) (1024K)]
  0x000001de6100d4a0 JavaThread "Thread-3"                   daemon [_thread_in_native, id=28480, stack(0x0000009e6c180000,0x0000009e6c280000) (1024K)]
  0x000001de61011cd0 JavaThread "Thread-4"                   daemon [_thread_in_native, id=8472, stack(0x0000009e6c280000,0x0000009e6c380000) (1024K)]
  0x000001de61013080 JavaThread "Thread-5"                   daemon [_thread_in_native, id=25764, stack(0x0000009e6c380000,0x0000009e6c480000) (1024K)]
  0x000001de61010fb0 JavaThread "Thread-6"                   daemon [_thread_in_native, id=28716, stack(0x0000009e6c480000,0x0000009e6c580000) (1024K)]
  0x000001de61011640 JavaThread "Thread-7"                   daemon [_thread_in_native, id=20172, stack(0x0000009e6c580000,0x0000009e6c680000) (1024K)]
  0x000001de61013710 JavaThread "Thread-8"                   daemon [_thread_in_native, id=10276, stack(0x0000009e6c680000,0x0000009e6c780000) (1024K)]
  0x000001de61012360 JavaThread "Thread-9"                   daemon [_thread_in_native, id=12280, stack(0x0000009e6c780000,0x0000009e6c880000) (1024K)]
  0x000001de610129f0 JavaThread "Thread-10"                  daemon [_thread_in_native, id=9928, stack(0x0000009e6c880000,0x0000009e6c980000) (1024K)]
  0x000001de622d0b80 JavaThread "Thread-11"                  daemon [_thread_in_native, id=8396, stack(0x0000009e6c980000,0x0000009e6ca80000) (1024K)]
  0x000001de622d18a0 JavaThread "Thread-12"                  daemon [_thread_in_native, id=8776, stack(0x0000009e6ca80000,0x0000009e6cb80000) (1024K)]
  0x000001de622cf140 JavaThread "Thread-13"                  daemon [_thread_in_native, id=2868, stack(0x0000009e6cb80000,0x0000009e6cc80000) (1024K)]
  0x000001de622d04f0 JavaThread "Thread-14"                  daemon [_thread_in_native, id=6436, stack(0x0000009e6cc80000,0x0000009e6cd80000) (1024K)]
  0x000001de622cfe60 JavaThread "Thread-15"                  daemon [_thread_in_native, id=23356, stack(0x0000009e6cd80000,0x0000009e6ce80000) (1024K)]
  0x000001de622d1210 JavaThread "Thread-16"                  daemon [_thread_in_native, id=32544, stack(0x0000009e6ce80000,0x0000009e6cf80000) (1024K)]
  0x000001de622d1f30 JavaThread "Thread-17"                  daemon [_thread_in_native, id=21480, stack(0x0000009e6cf80000,0x0000009e6d080000) (1024K)]
  0x000001de622ceab0 JavaThread "Thread-18"                  daemon [_thread_in_native, id=15192, stack(0x0000009e6d080000,0x0000009e6d180000) (1024K)]
  0x000001de622d25c0 JavaThread "pool-2-thread-1"                   [_thread_blocked, id=11724, stack(0x0000009e6d180000,0x0000009e6d280000) (1024K)]
  0x000001de622cf7d0 JavaThread "Worker-4"                          [_thread_blocked, id=24656, stack(0x0000009e6d380000,0x0000009e6d480000) (1024K)]
  0x000001de622d53b0 JavaThread "Worker-5: Initialize Workspace"        [_thread_blocked, id=15576, stack(0x0000009e6d480000,0x0000009e6d580000) (1024K)]
  0x000001de622d4690 JavaThread "WorkspaceEventsHandler"            [_thread_blocked, id=12664, stack(0x0000009e6d580000,0x0000009e6d680000) (1024K)]
  0x000001de622d2c50 JavaThread "pool-1-thread-1"                   [_thread_blocked, id=35756, stack(0x0000009e6d680000,0x0000009e6d780000) (1024K)]
  0x000001de622d32e0 JavaThread "Timer-0"                           [_thread_blocked, id=28148, stack(0x0000009e68100000,0x0000009e68200000) (1024K)]
  0x000001de637bbc00 JavaThread "Timer-1"                           [_thread_blocked, id=27736, stack(0x0000009e68200000,0x0000009e68300000) (1024K)]
  0x000001de637bdcd0 JavaThread "Timer-2"                           [_thread_blocked, id=19656, stack(0x0000009e6b380000,0x0000009e6b480000) (1024K)]
  0x000001de637bc290 JavaThread "LocalFile Deleter"          daemon [_thread_blocked, id=10756, stack(0x0000009e6d280000,0x0000009e6d380000) (1024K)]
  0x000001de637bc920 JavaThread "LocalFile Deleter"          daemon [_thread_blocked, id=21548, stack(0x0000009e6d780000,0x0000009e6d880000) (1024K)]
  0x000001de637bcfb0 JavaThread "LocalFile Deleter"          daemon [_thread_blocked, id=24164, stack(0x0000009e6d880000,0x0000009e6d980000) (1024K)]
  0x000001de637ba850 JavaThread "LocalFile Deleter"          daemon [_thread_blocked, id=27164, stack(0x0000009e6d980000,0x0000009e6da80000) (1024K)]
  0x000001de637be360 JavaThread "LocalFile Deleter"          daemon [_thread_blocked, id=32040, stack(0x0000009e6da80000,0x0000009e6db80000) (1024K)]
  0x000001de637baee0 JavaThread "Timer-3"                           [_thread_blocked, id=17968, stack(0x0000009e6db80000,0x0000009e6dc80000) (1024K)]
  0x000001de637be9f0 JavaThread "Timer-4"                           [_thread_blocked, id=15368, stack(0x0000009e6dc80000,0x0000009e6dd80000) (1024K)]
=>0x000001de637bb570 JavaThread "Connection worker"                 [_thread_in_native, id=23372, stack(0x0000009e6dd80000,0x0000009e6de80000) (1024K)]
  0x000001de637bf080 JavaThread "pool-3-thread-1"                   [_thread_blocked, id=8284, stack(0x0000009e6b280000,0x0000009e6b380000) (1024K)]
  0x000001de637c1e70 JavaThread "Exec process"                      [_thread_blocked, id=28456, stack(0x0000009e6bb80000,0x0000009e6bc80000) (1024K)]
  0x000001de637bf710 JavaThread "Exec process Thread 2"             [_thread_blocked, id=23436, stack(0x0000009e6de80000,0x0000009e6df80000) (1024K)]
  0x000001de637c0ac0 JavaThread "Exec process Thread 3"             [_thread_blocked, id=1848, stack(0x0000009e6df80000,0x0000009e6e080000) (1024K)]
Total: 61

Other Threads:
  0x000001de45833b20 VMThread "VM Thread"                           [id=12924, stack(0x0000009e68600000,0x0000009e68700000) (1024K)]
  0x000001de59a5ba00 WatcherThread "VM Periodic Task Thread"        [id=2060, stack(0x0000009e68500000,0x0000009e68600000) (1024K)]
  0x000001de457b01e0 WorkerThread "GC Thread#0"                     [id=19388, stack(0x0000009e68400000,0x0000009e68500000) (1024K)]
  0x000001de618fe890 WorkerThread "GC Thread#1"                     [id=24848, stack(0x0000009e6a780000,0x0000009e6a880000) (1024K)]
  0x000001de615faa20 WorkerThread "GC Thread#2"                     [id=33980, stack(0x0000009e6a880000,0x0000009e6a980000) (1024K)]
  0x000001de61175c80 WorkerThread "GC Thread#3"                     [id=20692, stack(0x0000009e6a980000,0x0000009e6aa80000) (1024K)]
  0x000001de61176020 WorkerThread "GC Thread#4"                     [id=31272, stack(0x0000009e6aa80000,0x0000009e6ab80000) (1024K)]
  0x000001de618f5e10 WorkerThread "GC Thread#5"                     [id=19384, stack(0x0000009e6ab80000,0x0000009e6ac80000) (1024K)]
  0x000001de618f61b0 WorkerThread "GC Thread#6"                     [id=17548, stack(0x0000009e6ac80000,0x0000009e6ad80000) (1024K)]
  0x000001de617da870 WorkerThread "GC Thread#7"                     [id=12780, stack(0x0000009e6ae80000,0x0000009e6af80000) (1024K)]
  0x000001de612bb700 WorkerThread "GC Thread#8"                     [id=7680, stack(0x0000009e6a440000,0x0000009e6a540000) (1024K)]
  0x000001de6139a160 WorkerThread "GC Thread#9"                     [id=19556, stack(0x0000009e6a540000,0x0000009e6a640000) (1024K)]
  0x000001de61855cb0 WorkerThread "GC Thread#10"                    [id=24740, stack(0x0000009e6af80000,0x0000009e6b080000) (1024K)]
  0x000001de61854a90 WorkerThread "GC Thread#11"                    [id=12036, stack(0x0000009e6b080000,0x0000009e6b180000) (1024K)]
  0x000001de61855910 WorkerThread "GC Thread#12"                    [id=35088, stack(0x0000009e6b580000,0x0000009e6b680000) (1024K)]
Total: 15

Threads with active compile tasks:
Total: 0

VM state: not at safepoint (normal execution)

VM Mutex/Monitor currently owned by a thread: None

Heap address: 0x00000000c0000000, size: 1024 MB, Compressed Oops mode: 32-bit

CDS archive(s) mapped at: [0x000001de00000000-0x000001de00ba0000-0x000001de00ba0000), size 12189696, SharedBaseAddress: 0x000001de00000000, ArchiveRelocationMode: 1.
Compressed class space mapped at: 0x000001de01000000-0x000001de41000000, reserved size: 1073741824
Narrow klass base: 0x000001de00000000, Narrow klass shift: 0, Narrow klass range: 0x100000000

GC Precious Log:
 CardTable entry size: 512
 CPUs: 16 total, 16 available
 Memory: 16096M
 Large Page Support: Disabled
 NUMA Support: Disabled
 Compressed Oops: Enabled (32-bit)
 Alignments: Space 512K, Generation 512K, Heap 2M
 Heap Min Capacity: 100M
 Heap Initial Capacity: 100M
 Heap Max Capacity: 1G
 Pre-touch: Disabled
 Parallel Workers: 13

Heap:
 PSYoungGen      total 16896K, used 1102K [0x00000000eab00000, 0x00000000ebe00000, 0x0000000100000000)
  eden space 15872K, 2% used [0x00000000eab00000,0x00000000eab5b860,0x00000000eba80000)
  from space 1024K, 71% used [0x00000000ebc80000,0x00000000ebd38000,0x00000000ebd80000)
  to   space 512K, 0% used [0x00000000ebd80000,0x00000000ebd80000,0x00000000ebe00000)
 ParOldGen       total 68608K, used 40634K [0x00000000c0000000, 0x00000000c4300000, 0x00000000eab00000)
  object space 68608K, 59% used [0x00000000c0000000,0x00000000c27ae9e0,0x00000000c4300000)
 Metaspace       used 62489K, committed 63872K, reserved 1114112K
  class space    used 7715K, committed 8320K, reserved 1048576K

Card table byte_map: [0x000001de45130000,0x000001de45340000] _byte_map_base: 0x000001de44b30000

Marking Bits: (ParMarkBitMap*) 0x00007ff8708531f0
 Begin Bits: [0x000001de57980000, 0x000001de58980000)
 End Bits:   [0x000001de58980000, 0x000001de59980000)

Polling page: 0x000001de433e0000

Metaspace:

Usage:
  Non-class:     53.49 MB used.
      Class:      7.53 MB used.
       Both:     61.03 MB used.

Virtual space:
  Non-class space:       64.00 MB reserved,      54.25 MB ( 85%) committed,  1 nodes.
      Class space:        1.00 GB reserved,       8.12 MB ( <1%) committed,  1 nodes.
             Both:        1.06 GB reserved,      62.38 MB (  6%) committed. 

Chunk freelists:
   Non-Class:  9.64 MB
       Class:  7.91 MB
        Both:  17.55 MB

MaxMetaspaceSize: unlimited
CompressedClassSpaceSize: 1.00 GB
Initial GC threshold: 21.00 MB
Current GC threshold: 97.31 MB
CDS: on
 - commit_granule_bytes: 65536.
 - commit_granule_words: 8192.
 - virtual_space_node_default_size: 8388608.
 - enlarge_chunks_in_place: 1.
 - use_allocation_guard: 0.


Internal statistics:

num_allocs_failed_limit: 9.
num_arena_births: 1122.
num_arena_deaths: 14.
num_vsnodes_births: 2.
num_vsnodes_deaths: 0.
num_space_committed: 998.
num_space_uncommitted: 0.
num_chunks_returned_to_freelist: 23.
num_chunks_taken_from_freelist: 3670.
num_chunk_merges: 15.
num_chunk_splits: 2495.
num_chunks_enlarged: 1693.
num_inconsistent_stats: 0.

CodeHeap 'non-profiled nmethods': size=119168Kb used=5153Kb max_used=5153Kb free=114014Kb
 bounds [0x000001de50520000, 0x000001de50a30000, 0x000001de57980000]
CodeHeap 'profiled nmethods': size=119104Kb used=14573Kb max_used=15211Kb free=104530Kb
 bounds [0x000001de48980000, 0x000001de49860000, 0x000001de4fdd0000]
CodeHeap 'non-nmethods': size=7488Kb used=1384Kb max_used=3124Kb free=6103Kb
 bounds [0x000001de4fdd0000, 0x000001de500f0000, 0x000001de50520000]
 total_blobs=7844 nmethods=7157 adapters=593
 compilation: enabled
              stopped_count=0, restarted_count=0
 full_count=0

Compilation events (20 events):
Event: 140.522 Thread 0x000001de5b05a300 8056       3       java.security.Provider::check (18 bytes)
Event: 140.523 Thread 0x000001de5b05a300 nmethod 8056 0x000001de48bf3490 code [0x000001de48bf3660, 0x000001de48bf39c0]
Event: 140.523 Thread 0x000001de5b05a300 8057       3       java.security.Provider::implRemoveService (149 bytes)
Event: 140.523 Thread 0x000001de5b05a300 nmethod 8057 0x000001de491a5690 code [0x000001de491a5940, 0x000001de491a65c0]
Event: 140.523 Thread 0x000001de5b05a300 8051       3       java.security.Provider$UString::hashCode (8 bytes)
Event: 140.523 Thread 0x000001de5b05a300 nmethod 8051 0x000001de491a5290 code [0x000001de491a5440, 0x000001de491a5580]
Event: 140.523 Thread 0x000001de5b05a300 8052       1       sun.security.util.KnownOIDs::aliases (5 bytes)
Event: 140.523 Thread 0x000001de5b05a300 nmethod 8052 0x000001de50a28110 code [0x000001de50a282a0, 0x000001de50a28368]
Event: 140.528 Thread 0x000001de5b05a300 8058       3       java.util.HashMap::computeIfAbsent (330 bytes)
Event: 140.529 Thread 0x000001de5b05a300 nmethod 8058 0x000001de49429710 code [0x000001de49429a40, 0x000001de4942afb8]
Event: 140.529 Thread 0x000001de5b05a300 8059       3       sun.security.util.SecurityProviderConstants::getAliases (63 bytes)
Event: 140.529 Thread 0x000001de5b05a300 nmethod 8059 0x000001de494b8910 code [0x000001de494b8b80, 0x000001de494b9420]
Event: 140.529 Thread 0x000001de5b05a300 8060       1       java.nio.DirectByteBuffer::attachment (5 bytes)
Event: 140.530 Thread 0x000001de5b05a300 nmethod 8060 0x000001de50a28410 code [0x000001de50a285a0, 0x000001de50a28668]
Event: 140.533 Thread 0x000001de5b05a300 8061       3       java.security.MessageDigest::update (11 bytes)
Event: 140.533 Thread 0x000001de5b05a300 nmethod 8061 0x000001de491a4c90 code [0x000001de491a4e40, 0x000001de491a5100]
Event: 140.533 Thread 0x000001de5b05a300 8062       3       java.security.MessageDigest$Delegate::engineUpdate (9 bytes)
Event: 140.533 Thread 0x000001de5b05a300 nmethod 8062 0x000001de494b8490 code [0x000001de494b8640, 0x000001de494b8818]
Event: 140.533 Thread 0x000001de5b05a300 8063       3       sun.security.provider.DigestBase::engineUpdate (32 bytes)
Event: 140.533 Thread 0x000001de5b05a300 nmethod 8063 0x000001de494b7f90 code [0x000001de494b8140, 0x000001de494b83a8]

GC Heap History (20 events):
Event: 120.828 GC heap before
{Heap before GC invocations=41 (full 3):
 PSYoungGen      total 16896K, used 16882K [0x00000000eab00000, 0x00000000ec080000, 0x0000000100000000)
  eden space 15872K, 100% used [0x00000000eab00000,0x00000000eba80000,0x00000000eba80000)
  from space 1024K, 98% used [0x00000000ebe80000,0x00000000ebf7cb80,0x00000000ebf80000)
  to   space 1024K, 0% used [0x00000000ebf80000,0x00000000ebf80000,0x00000000ec080000)
 ParOldGen       total 68608K, used 38841K [0x00000000c0000000, 0x00000000c4300000, 0x00000000eab00000)
  object space 68608K, 56% used [0x00000000c0000000,0x00000000c25ee6f0,0x00000000c4300000)
 Metaspace       used 58971K, committed 60288K, reserved 1114112K
  class space    used 7208K, committed 7744K, reserved 1048576K
}
Event: 120.829 GC heap after
{Heap after GC invocations=41 (full 3):
 PSYoungGen      total 16896K, used 877K [0x00000000eab00000, 0x00000000ec080000, 0x0000000100000000)
  eden space 15872K, 0% used [0x00000000eab00000,0x00000000eab00000,0x00000000eba80000)
  from space 1024K, 85% used [0x00000000ebf80000,0x00000000ec05b798,0x00000000ec080000)
  to   space 1024K, 0% used [0x00000000ebe80000,0x00000000ebe80000,0x00000000ebf80000)
 ParOldGen       total 68608K, used 38913K [0x00000000c0000000, 0x00000000c4300000, 0x00000000eab00000)
  object space 68608K, 56% used [0x00000000c0000000,0x00000000c26006f0,0x00000000c4300000)
 Metaspace       used 58971K, committed 60288K, reserved 1114112K
  class space    used 7208K, committed 7744K, reserved 1048576K
}
Event: 120.881 GC heap before
{Heap before GC invocations=42 (full 3):
 PSYoungGen      total 16896K, used 16749K [0x00000000eab00000, 0x00000000ec080000, 0x0000000100000000)
  eden space 15872K, 100% used [0x00000000eab00000,0x00000000eba80000,0x00000000eba80000)
  from space 1024K, 85% used [0x00000000ebf80000,0x00000000ec05b798,0x00000000ec080000)
  to   space 1024K, 0% used [0x00000000ebe80000,0x00000000ebe80000,0x00000000ebf80000)
 ParOldGen       total 68608K, used 38913K [0x00000000c0000000, 0x00000000c4300000, 0x00000000eab00000)
  object space 68608K, 56% used [0x00000000c0000000,0x00000000c26006f0,0x00000000c4300000)
 Metaspace       used 58971K, committed 60288K, reserved 1114112K
  class space    used 7208K, committed 7744K, reserved 1048576K
}
Event: 120.882 GC heap after
{Heap after GC invocations=42 (full 3):
 PSYoungGen      total 16384K, used 384K [0x00000000eab00000, 0x00000000ec000000, 0x0000000100000000)
  eden space 15872K, 0% used [0x00000000eab00000,0x00000000eab00000,0x00000000eba80000)
  from space 512K, 75% used [0x00000000ebe80000,0x00000000ebee0000,0x00000000ebf00000)
  to   space 1024K, 0% used [0x00000000ebf00000,0x00000000ebf00000,0x00000000ec000000)
 ParOldGen       total 68608K, used 39104K [0x00000000c0000000, 0x00000000c4300000, 0x00000000eab00000)
  object space 68608K, 56% used [0x00000000c0000000,0x00000000c2630110,0x00000000c4300000)
 Metaspace       used 58971K, committed 60288K, reserved 1114112K
  class space    used 7208K, committed 7744K, reserved 1048576K
}
Event: 120.934 GC heap before
{Heap before GC invocations=43 (full 3):
 PSYoungGen      total 16384K, used 16256K [0x00000000eab00000, 0x00000000ec000000, 0x0000000100000000)
  eden space 15872K, 100% used [0x00000000eab00000,0x00000000eba80000,0x00000000eba80000)
  from space 512K, 75% used [0x00000000ebe80000,0x00000000ebee0000,0x00000000ebf00000)
  to   space 1024K, 0% used [0x00000000ebf00000,0x00000000ebf00000,0x00000000ec000000)
 ParOldGen       total 68608K, used 39104K [0x00000000c0000000, 0x00000000c4300000, 0x00000000eab00000)
  object space 68608K, 56% used [0x00000000c0000000,0x00000000c2630110,0x00000000c4300000)
 Metaspace       used 58971K, committed 60288K, reserved 1114112K
  class space    used 7208K, committed 7744K, reserved 1048576K
}
Event: 120.934 GC heap after
{Heap after GC invocations=43 (full 3):
 PSYoungGen      total 16896K, used 1021K [0x00000000eab00000, 0x00000000ec000000, 0x0000000100000000)
  eden space 15872K, 0% used [0x00000000eab00000,0x00000000eab00000,0x00000000eba80000)
  from space 1024K, 99% used [0x00000000ebf00000,0x00000000ebfff6f0,0x00000000ec000000)
  to   space 1536K, 0% used [0x00000000ebd00000,0x00000000ebd00000,0x00000000ebe80000)
 ParOldGen       total 68608K, used 39374K [0x00000000c0000000, 0x00000000c4300000, 0x00000000eab00000)
  object space 68608K, 57% used [0x00000000c0000000,0x00000000c2673b38,0x00000000c4300000)
 Metaspace       used 58971K, committed 60288K, reserved 1114112K
  class space    used 7208K, committed 7744K, reserved 1048576K
}
Event: 120.988 GC heap before
{Heap before GC invocations=44 (full 3):
 PSYoungGen      total 16896K, used 16893K [0x00000000eab00000, 0x00000000ec000000, 0x0000000100000000)
  eden space 15872K, 100% used [0x00000000eab00000,0x00000000eba80000,0x00000000eba80000)
  from space 1024K, 99% used [0x00000000ebf00000,0x00000000ebfff6f0,0x00000000ec000000)
  to   space 1536K, 0% used [0x00000000ebd00000,0x00000000ebd00000,0x00000000ebe80000)
 ParOldGen       total 68608K, used 39374K [0x00000000c0000000, 0x00000000c4300000, 0x00000000eab00000)
  object space 68608K, 57% used [0x00000000c0000000,0x00000000c2673b38,0x00000000c4300000)
 Metaspace       used 58971K, committed 60288K, reserved 1114112K
  class space    used 7208K, committed 7744K, reserved 1048576K
}
Event: 120.989 GC heap after
{Heap after GC invocations=44 (full 3):
 PSYoungGen      total 17408K, used 868K [0x00000000eab00000, 0x00000000ebf80000, 0x0000000100000000)
  eden space 15872K, 0% used [0x00000000eab00000,0x00000000eab00000,0x00000000eba80000)
  from space 1536K, 56% used [0x00000000ebd00000,0x00000000ebdd9218,0x00000000ebe80000)
  to   space 1024K, 0% used [0x00000000ebe80000,0x00000000ebe80000,0x00000000ebf80000)
 ParOldGen       total 68608K, used 39446K [0x00000000c0000000, 0x00000000c4300000, 0x00000000eab00000)
  object space 68608K, 57% used [0x00000000c0000000,0x00000000c2685b38,0x00000000c4300000)
 Metaspace       used 58971K, committed 60288K, reserved 1114112K
  class space    used 7208K, committed 7744K, reserved 1048576K
}
Event: 121.043 GC heap before
{Heap before GC invocations=45 (full 3):
 PSYoungGen      total 17408K, used 16740K [0x00000000eab00000, 0x00000000ebf80000, 0x0000000100000000)
  eden space 15872K, 100% used [0x00000000eab00000,0x00000000eba80000,0x00000000eba80000)
  from space 1536K, 56% used [0x00000000ebd00000,0x00000000ebdd9218,0x00000000ebe80000)
  to   space 1024K, 0% used [0x00000000ebe80000,0x00000000ebe80000,0x00000000ebf80000)
 ParOldGen       total 68608K, used 39446K [0x00000000c0000000, 0x00000000c4300000, 0x00000000eab00000)
  object space 68608K, 57% used [0x00000000c0000000,0x00000000c2685b38,0x00000000c4300000)
 Metaspace       used 58971K, committed 60288K, reserved 1114112K
  class space    used 7208K, committed 7744K, reserved 1048576K
}
Event: 121.043 GC heap after
{Heap after GC invocations=45 (full 3):
 PSYoungGen      total 16384K, used 384K [0x00000000eab00000, 0x00000000ebf00000, 0x0000000100000000)
  eden space 15872K, 0% used [0x00000000eab00000,0x00000000eab00000,0x00000000eba80000)
  from space 512K, 75% used [0x00000000ebe80000,0x00000000ebee0000,0x00000000ebf00000)
  to   space 1024K, 0% used [0x00000000ebd00000,0x00000000ebd00000,0x00000000ebe00000)
 ParOldGen       total 68608K, used 39518K [0x00000000c0000000, 0x00000000c4300000, 0x00000000eab00000)
  object space 68608K, 57% used [0x00000000c0000000,0x00000000c2697b38,0x00000000c4300000)
 Metaspace       used 58971K, committed 60288K, reserved 1114112K
  class space    used 7208K, committed 7744K, reserved 1048576K
}
Event: 121.096 GC heap before
{Heap before GC invocations=46 (full 3):
 PSYoungGen      total 16384K, used 16256K [0x00000000eab00000, 0x00000000ebf00000, 0x0000000100000000)
  eden space 15872K, 100% used [0x00000000eab00000,0x00000000eba80000,0x00000000eba80000)
  from space 512K, 75% used [0x00000000ebe80000,0x00000000ebee0000,0x00000000ebf00000)
  to   space 1024K, 0% used [0x00000000ebd00000,0x00000000ebd00000,0x00000000ebe00000)
 ParOldGen       total 68608K, used 39518K [0x00000000c0000000, 0x00000000c4300000, 0x00000000eab00000)
  object space 68608K, 57% used [0x00000000c0000000,0x00000000c2697b38,0x00000000c4300000)
 Metaspace       used 58971K, committed 60288K, reserved 1114112K
  class space    used 7208K, committed 7744K, reserved 1048576K
}
Event: 121.096 GC heap after
{Heap after GC invocations=46 (full 3):
 PSYoungGen      total 16896K, used 1006K [0x00000000eab00000, 0x00000000ebf00000, 0x0000000100000000)
  eden space 15872K, 0% used [0x00000000eab00000,0x00000000eab00000,0x00000000eba80000)
  from space 1024K, 98% used [0x00000000ebd00000,0x00000000ebdfb928,0x00000000ebe00000)
  to   space 1024K, 0% used [0x00000000ebe00000,0x00000000ebe00000,0x00000000ebf00000)
 ParOldGen       total 68608K, used 39731K [0x00000000c0000000, 0x00000000c4300000, 0x00000000eab00000)
  object space 68608K, 57% used [0x00000000c0000000,0x00000000c26cccb0,0x00000000c4300000)
 Metaspace       used 58971K, committed 60288K, reserved 1114112K
  class space    used 7208K, committed 7744K, reserved 1048576K
}
Event: 121.163 GC heap before
{Heap before GC invocations=47 (full 3):
 PSYoungGen      total 16896K, used 16878K [0x00000000eab00000, 0x00000000ebf00000, 0x0000000100000000)
  eden space 15872K, 100% used [0x00000000eab00000,0x00000000eba80000,0x00000000eba80000)
  from space 1024K, 98% used [0x00000000ebd00000,0x00000000ebdfb928,0x00000000ebe00000)
  to   space 1024K, 0% used [0x00000000ebe00000,0x00000000ebe00000,0x00000000ebf00000)
 ParOldGen       total 68608K, used 39731K [0x00000000c0000000, 0x00000000c4300000, 0x00000000eab00000)
  object space 68608K, 57% used [0x00000000c0000000,0x00000000c26cccb0,0x00000000c4300000)
 Metaspace       used 58971K, committed 60288K, reserved 1114112K
  class space    used 7208K, committed 7744K, reserved 1048576K
}
Event: 121.164 GC heap after
{Heap after GC invocations=47 (full 3):
 PSYoungGen      total 16896K, used 1013K [0x00000000eab00000, 0x00000000ebf00000, 0x0000000100000000)
  eden space 15872K, 0% used [0x00000000eab00000,0x00000000eab00000,0x00000000eba80000)
  from space 1024K, 98% used [0x00000000ebe00000,0x00000000ebefd408,0x00000000ebf00000)
  to   space 1536K, 0% used [0x00000000ebc00000,0x00000000ebc00000,0x00000000ebd80000)
 ParOldGen       total 68608K, used 39811K [0x00000000c0000000, 0x00000000c4300000, 0x00000000eab00000)
  object space 68608K, 58% used [0x00000000c0000000,0x00000000c26e0cb0,0x00000000c4300000)
 Metaspace       used 58971K, committed 60288K, reserved 1114112K
  class space    used 7208K, committed 7744K, reserved 1048576K
}
Event: 121.471 GC heap before
{Heap before GC invocations=48 (full 3):
 PSYoungGen      total 16896K, used 16885K [0x00000000eab00000, 0x00000000ebf00000, 0x0000000100000000)
  eden space 15872K, 100% used [0x00000000eab00000,0x00000000eba80000,0x00000000eba80000)
  from space 1024K, 98% used [0x00000000ebe00000,0x00000000ebefd408,0x00000000ebf00000)
  to   space 1536K, 0% used [0x00000000ebc00000,0x00000000ebc00000,0x00000000ebd80000)
 ParOldGen       total 68608K, used 39811K [0x00000000c0000000, 0x00000000c4300000, 0x00000000eab00000)
  object space 68608K, 58% used [0x00000000c0000000,0x00000000c26e0cb0,0x00000000c4300000)
 Metaspace       used 59127K, committed 60416K, reserved 1114112K
  class space    used 7235K, committed 7744K, reserved 1048576K
}
Event: 121.471 GC heap after
{Heap after GC invocations=48 (full 3):
 PSYoungGen      total 17408K, used 416K [0x00000000eab00000, 0x00000000ebe80000, 0x0000000100000000)
  eden space 15872K, 0% used [0x00000000eab00000,0x00000000eab00000,0x00000000eba80000)
  from space 1536K, 27% used [0x00000000ebc00000,0x00000000ebc68000,0x00000000ebd80000)
  to   space 1024K, 0% used [0x00000000ebd80000,0x00000000ebd80000,0x00000000ebe80000)
 ParOldGen       total 68608K, used 39891K [0x00000000c0000000, 0x00000000c4300000, 0x00000000eab00000)
  object space 68608K, 58% used [0x00000000c0000000,0x00000000c26f4cc0,0x00000000c4300000)
 Metaspace       used 59127K, committed 60416K, reserved 1114112K
  class space    used 7235K, committed 7744K, reserved 1048576K
}
Event: 122.671 GC heap before
{Heap before GC invocations=49 (full 3):
 PSYoungGen      total 17408K, used 16288K [0x00000000eab00000, 0x00000000ebe80000, 0x0000000100000000)
  eden space 15872K, 100% used [0x00000000eab00000,0x00000000eba80000,0x00000000eba80000)
  from space 1536K, 27% used [0x00000000ebc00000,0x00000000ebc68000,0x00000000ebd80000)
  to   space 1024K, 0% used [0x00000000ebd80000,0x00000000ebd80000,0x00000000ebe80000)
 ParOldGen       total 68608K, used 39891K [0x00000000c0000000, 0x00000000c4300000, 0x00000000eab00000)
  object space 68608K, 58% used [0x00000000c0000000,0x00000000c26f4cc0,0x00000000c4300000)
 Metaspace       used 60882K, committed 62208K, reserved 1114112K
  class space    used 7512K, committed 8064K, reserved 1048576K
}
Event: 122.672 GC heap after
{Heap after GC invocations=49 (full 3):
 PSYoungGen      total 16896K, used 816K [0x00000000eab00000, 0x00000000ebe80000, 0x0000000100000000)
  eden space 15872K, 0% used [0x00000000eab00000,0x00000000eab00000,0x00000000eba80000)
  from space 1024K, 79% used [0x00000000ebd80000,0x00000000ebe4c020,0x00000000ebe80000)
  to   space 1024K, 0% used [0x00000000ebc80000,0x00000000ebc80000,0x00000000ebd80000)
 ParOldGen       total 68608K, used 40003K [0x00000000c0000000, 0x00000000c4300000, 0x00000000eab00000)
  object space 68608K, 58% used [0x00000000c0000000,0x00000000c2710cc0,0x00000000c4300000)
 Metaspace       used 60882K, committed 62208K, reserved 1114112K
  class space    used 7512K, committed 8064K, reserved 1048576K
}
Event: 140.534 GC heap before
{Heap before GC invocations=50 (full 3):
 PSYoungGen      total 16896K, used 16688K [0x00000000eab00000, 0x00000000ebe80000, 0x0000000100000000)
  eden space 15872K, 100% used [0x00000000eab00000,0x00000000eba80000,0x00000000eba80000)
  from space 1024K, 79% used [0x00000000ebd80000,0x00000000ebe4c020,0x00000000ebe80000)
  to   space 1024K, 0% used [0x00000000ebc80000,0x00000000ebc80000,0x00000000ebd80000)
 ParOldGen       total 68608K, used 40003K [0x00000000c0000000, 0x00000000c4300000, 0x00000000eab00000)
  object space 68608K, 58% used [0x00000000c0000000,0x00000000c2710cc0,0x00000000c4300000)
 Metaspace       used 62484K, committed 63872K, reserved 1114112K
  class space    used 7713K, committed 8320K, reserved 1048576K
}
Event: 140.535 GC heap after
{Heap after GC invocations=50 (full 3):
 PSYoungGen      total 16896K, used 736K [0x00000000eab00000, 0x00000000ebe00000, 0x0000000100000000)
  eden space 15872K, 0% used [0x00000000eab00000,0x00000000eab00000,0x00000000eba80000)
  from space 1024K, 71% used [0x00000000ebc80000,0x00000000ebd38000,0x00000000ebd80000)
  to   space 512K, 0% used [0x00000000ebd80000,0x00000000ebd80000,0x00000000ebe00000)
 ParOldGen       total 68608K, used 40634K [0x00000000c0000000, 0x00000000c4300000, 0x00000000eab00000)
  object space 68608K, 59% used [0x00000000c0000000,0x00000000c27ae9e0,0x00000000c4300000)
 Metaspace       used 62484K, committed 63872K, reserved 1114112K
  class space    used 7713K, committed 8320K, reserved 1048576K
}

Dll operation events (15 events):
Event: 0.122 Loaded shared library c:\Users\admin\.cursor\extensions\redhat.java-1.42.0-win32-x64\jre\21.0.7-win32-x86_64\bin\java.dll
Event: 0.188 Loaded shared library c:\Users\admin\.cursor\extensions\redhat.java-1.42.0-win32-x64\jre\21.0.7-win32-x86_64\bin\zip.dll
Event: 0.201 Loaded shared library C:\Users\admin\.cursor\extensions\redhat.java-1.42.0-win32-x64\jre\21.0.7-win32-x86_64\bin\instrument.dll
Event: 0.204 Loaded shared library C:\Users\admin\.cursor\extensions\redhat.java-1.42.0-win32-x64\jre\21.0.7-win32-x86_64\bin\net.dll
Event: 0.211 Loaded shared library C:\Users\admin\.cursor\extensions\redhat.java-1.42.0-win32-x64\jre\21.0.7-win32-x86_64\bin\nio.dll
Event: 0.213 Loaded shared library C:\Users\admin\.cursor\extensions\redhat.java-1.42.0-win32-x64\jre\21.0.7-win32-x86_64\bin\zip.dll
Event: 0.226 Loaded shared library C:\Users\admin\.cursor\extensions\redhat.java-1.42.0-win32-x64\jre\21.0.7-win32-x86_64\bin\jimage.dll
Event: 0.271 Loaded shared library c:\Users\admin\.cursor\extensions\redhat.java-1.42.0-win32-x64\jre\21.0.7-win32-x86_64\bin\verify.dll
Event: 18.165 Loaded shared library C:\Users\admin\AppData\Roaming\Cursor\User\globalStorage\redhat.java\1.42.0\config_win\org.eclipse.equinox.launcher\org.eclipse.equinox.launcher.win32.win32.x86_64_1.2.1300.v20250331-1702\eclipse_11911.dll
Event: 71.587 Loaded shared library C:\Users\admin\.cursor\extensions\redhat.java-1.42.0-win32-x64\jre\21.0.7-win32-x86_64\bin\management.dll
Event: 71.589 Loaded shared library C:\Users\admin\.cursor\extensions\redhat.java-1.42.0-win32-x64\jre\21.0.7-win32-x86_64\bin\management_ext.dll
Event: 71.727 Loaded shared library C:\Users\admin\AppData\Local\Temp\jna-92668751\jna324959103175231932.dll
Event: 97.751 Loaded shared library C:\Users\admin\.gradle\native\1def1411415f61bf3af743bc5b6707747c0891f09f0c88961ee8f79bc544acac\windows-amd64\native-platform.dll
Event: 121.764 Loaded shared library C:\Users\admin\.cursor\extensions\redhat.java-1.42.0-win32-x64\jre\21.0.7-win32-x86_64\bin\extnet.dll
Event: 140.525 Loaded shared library C:\Users\admin\.cursor\extensions\redhat.java-1.42.0-win32-x64\jre\21.0.7-win32-x86_64\bin\sunmscapi.dll

Deoptimization events (20 events):
Event: 140.528 Thread 0x000001de637bb570 Uncommon trap: trap_request=0xffffff45 fr.pc=0x000001de505d40fc relative=0x00000000000008bc
Event: 140.528 Thread 0x000001de637bb570 Uncommon trap: reason=unstable_if action=reinterpret pc=0x000001de505d40fc method=java.util.HashMap.computeIfAbsent(Ljava/lang/Object;Ljava/util/function/Function;)Ljava/lang/Object; @ 294 c2
Event: 140.528 Thread 0x000001de637bb570 DEOPT PACKING pc=0x000001de505d40fc sp=0x0000009e6de7c110
Event: 140.528 Thread 0x000001de637bb570 DEOPT UNPACKING pc=0x000001de4fe23aa2 sp=0x0000009e6de7c0b8 mode 2
Event: 140.536 Thread 0x000001de637bb570 Uncommon trap: trap_request=0xffffff45 fr.pc=0x000001de5086ba60 relative=0x0000000000000ba0
Event: 140.536 Thread 0x000001de637bb570 Uncommon trap: reason=unstable_if action=reinterpret pc=0x000001de5086ba60 method=sun.nio.fs.WindowsPath.openForReadAttributeAccess(Z)J @ 5 c2
Event: 140.536 Thread 0x000001de637bb570 DEOPT PACKING pc=0x000001de5086ba60 sp=0x0000009e6de7dcd0
Event: 140.536 Thread 0x000001de637bb570 DEOPT UNPACKING pc=0x000001de4fe23aa2 sp=0x0000009e6de7dca8 mode 2
Event: 140.536 Thread 0x000001de637bb570 Uncommon trap: trap_request=0xffffff45 fr.pc=0x000001de50870784 relative=0x0000000000000a64
Event: 140.536 Thread 0x000001de637bb570 Uncommon trap: reason=unstable_if action=reinterpret pc=0x000001de50870784 method=sun.nio.fs.WindowsNativeDispatcher.asNativeBuffer(Ljava/lang/String;)Lsun/nio/fs/NativeBuffer; @ 52 c2
Event: 140.536 Thread 0x000001de637bb570 DEOPT PACKING pc=0x000001de50870784 sp=0x0000009e6de7dc50
Event: 140.536 Thread 0x000001de637bb570 DEOPT UNPACKING pc=0x000001de4fe23aa2 sp=0x0000009e6de7daf8 mode 2
Event: 140.536 Thread 0x000001de637bb570 Uncommon trap: trap_request=0xffffff45 fr.pc=0x000001de50869a30 relative=0x0000000000000650
Event: 140.536 Thread 0x000001de637bb570 Uncommon trap: reason=unstable_if action=reinterpret pc=0x000001de50869a30 method=sun.nio.fs.WindowsFileAttributes.isReparsePoint(I)Z @ 5 c2
Event: 140.536 Thread 0x000001de637bb570 DEOPT PACKING pc=0x000001de50869a30 sp=0x0000009e6de7dcf0
Event: 140.536 Thread 0x000001de637bb570 DEOPT UNPACKING pc=0x000001de4fe23aa2 sp=0x0000009e6de7dc18 mode 2
Event: 140.536 Thread 0x000001de637bb570 Uncommon trap: trap_request=0xffffff45 fr.pc=0x000001de50852694 relative=0x00000000000001d4
Event: 140.536 Thread 0x000001de637bb570 Uncommon trap: reason=unstable_if action=reinterpret pc=0x000001de50852694 method=sun.nio.fs.NativeBuffers.getNativeBufferFromCache(I)Lsun/nio/fs/NativeBuffer; @ 34 c2
Event: 140.536 Thread 0x000001de637bb570 DEOPT PACKING pc=0x000001de50852694 sp=0x0000009e6de7dc00
Event: 140.536 Thread 0x000001de637bb570 DEOPT UNPACKING pc=0x000001de4fe23aa2 sp=0x0000009e6de7db88 mode 2

Classes loaded (20 events):
Event: 140.530 Loading class sun/security/provider/certpath/ldap/JdkLDAP$ProviderService
Event: 140.530 Loading class sun/security/provider/certpath/ldap/JdkLDAP$ProviderService done
Event: 140.530 Loading class com/sun/security/sasl/Provider
Event: 140.530 Loading class com/sun/security/sasl/Provider done
Event: 140.530 Loading class com/sun/security/sasl/Provider$1
Event: 140.530 Loading class com/sun/security/sasl/Provider$1 done
Event: 140.530 Loading class com/sun/security/sasl/Provider$ProviderService
Event: 140.530 Loading class com/sun/security/sasl/Provider$ProviderService done
Event: 140.531 Loading class sun/nio/ch/ServerSocketChannelImpl
Event: 140.532 Loading class sun/nio/ch/ServerSocketChannelImpl done
Event: 140.533 Loading class java/nio/BufferMismatch
Event: 140.533 Loading class java/nio/BufferMismatch done
Event: 140.533 Loading class sun/nio/ch/SourceChannelImpl
Event: 140.533 Loading class java/nio/channels/Pipe$SourceChannel
Event: 140.533 Loading class java/nio/channels/Pipe$SourceChannel done
Event: 140.533 Loading class sun/nio/ch/SourceChannelImpl done
Event: 140.534 Loading class sun/nio/ch/SinkChannelImpl
Event: 140.534 Loading class java/nio/channels/Pipe$SinkChannel
Event: 140.535 Loading class java/nio/channels/Pipe$SinkChannel done
Event: 140.535 Loading class sun/nio/ch/SinkChannelImpl done

Classes unloaded (7 events):
Event: 71.221 Thread 0x000001de45833b20 Unloading class 0x000001de011a3c00 'java/lang/invoke/LambdaForm$MH+0x000001de011a3c00'
Event: 71.221 Thread 0x000001de45833b20 Unloading class 0x000001de011a3800 'java/lang/invoke/LambdaForm$MH+0x000001de011a3800'
Event: 71.221 Thread 0x000001de45833b20 Unloading class 0x000001de011a3400 'java/lang/invoke/LambdaForm$MH+0x000001de011a3400'
Event: 71.221 Thread 0x000001de45833b20 Unloading class 0x000001de011a3000 'java/lang/invoke/LambdaForm$MH+0x000001de011a3000'
Event: 71.221 Thread 0x000001de45833b20 Unloading class 0x000001de011a2c00 'java/lang/invoke/LambdaForm$BMH+0x000001de011a2c00'
Event: 71.221 Thread 0x000001de45833b20 Unloading class 0x000001de011a2800 'java/lang/invoke/LambdaForm$DMH+0x000001de011a2800'
Event: 71.221 Thread 0x000001de45833b20 Unloading class 0x000001de011a1400 'java/lang/invoke/LambdaForm$DMH+0x000001de011a1400'

Classes redefined (0 events):
No events

Internal exceptions (20 events):
Event: 122.412 Thread 0x000001de637bb570 Exception <a 'java/lang/NoSuchMethodError'{0x00000000eb336c20}: 'java.lang.Object java.lang.invoke.DirectMethodHandle$Holder.invokeStatic(java.lang.Object, java.lang.Object, java.lang.Object, java.lang.Object, java.lang.Object, java.lang.Object, java.lang.Object, java.lang.Object, java.lang.Object, java.lang.Object, java.lang.Object, java.lang.Object, java.lang.Object, java.lang.Object, java.lang.Object, java.lang.Object, java.lang.Object)'> (0x00000000eb336c20) 
thrown [s\src\hotspot\share\interpreter\lin
Event: 122.413 Thread 0x000001de637bb570 Exception <a 'java/lang/NoSuchMethodError'{0x00000000eb363460}: 'java.lang.Object java.lang.invoke.DirectMethodHandle$Holder.invokeStatic(java.lang.Object, java.lang.Object, java.lang.Object, java.lang.Object, java.lang.Object, java.lang.Object, java.lang.Object, java.lang.Object, java.lang.Object, java.lang.Object, java.lang.Object, java.lang.Object, java.lang.Object, java.lang.Object, java.lang.Object, java.lang.Object, java.lang.Object, java.lang.Object)'> (0x00000000eb363460) 
thrown [s\src\hotspot\sha
Event: 122.413 Thread 0x000001de637bb570 Exception <a 'java/lang/NoSuchMethodError'{0x00000000eb3911b8}: 'java.lang.Object java.lang.invoke.DirectMethodHandle$Holder.invokeStatic(java.lang.Object, java.lang.Object, java.lang.Object, java.lang.Object, java.lang.Object, java.lang.Object, java.lang.Object, java.lang.Object, java.lang.Object, java.lang.Object, java.lang.Object, java.lang.Object, java.lang.Object, java.lang.Object, java.lang.Object, java.lang.Object, java.lang.Object, java.lang.Object, java.lang.Object)'> (0x00000000eb3911b8) 
thrown 
Event: 122.414 Thread 0x000001de637bb570 Exception <a 'java/lang/NoSuchMethodError'{0x00000000eb3c0110}: 'java.lang.Object java.lang.invoke.DirectMethodHandle$Holder.invokeStatic(java.lang.Object, java.lang.Object, java.lang.Object, java.lang.Object, java.lang.Object, java.lang.Object, java.lang.Object, java.lang.Object, java.lang.Object, java.lang.Object, java.lang.Object, java.lang.Object, java.lang.Object, java.lang.Object, java.lang.Object, java.lang.Object, java.lang.Object, java.lang.Object, java.lang.Object, java.lang.Object)'> (0x00000000
Event: 122.415 Thread 0x000001de637bb570 Exception <a 'java/lang/NoSuchMethodError'{0x00000000eb3f0590}: 'java.lang.Object java.lang.invoke.DirectMethodHandle$Holder.invokeStatic(java.lang.Object, java.lang.Object, java.lang.Object, java.lang.Object, java.lang.Object, java.lang.Object, java.lang.Object, java.lang.Object, java.lang.Object, java.lang.Object, java.lang.Object, java.lang.Object, java.lang.Object, java.lang.Object, java.lang.Object, java.lang.Object, java.lang.Object, java.lang.Object, java.lang.Object, java.lang.Object, java.lang.Obj
Event: 122.416 Thread 0x000001de637bb570 Exception <a 'java/lang/NoSuchMethodError'{0x00000000eb4214a8}: 'java.lang.Object java.lang.invoke.DirectMethodHandle$Holder.invokeStatic(java.lang.Object, java.lang.Object, java.lang.Object, java.lang.Object, java.lang.Object, java.lang.Object, java.lang.Object, java.lang.Object, java.lang.Object, java.lang.Object, java.lang.Object, java.lang.Object, java.lang.Object, java.lang.Object, java.lang.Object, java.lang.Object, java.lang.Object, java.lang.Object, java.lang.Object, java.lang.Object, java.lang.Obj
Event: 122.417 Thread 0x000001de637bb570 Exception <a 'java/lang/NoSuchMethodError'{0x00000000eb452f10}: 'java.lang.Object java.lang.invoke.DirectMethodHandle$Holder.invokeStatic(java.lang.Object, java.lang.Object, java.lang.Object, java.lang.Object, java.lang.Object, java.lang.Object, java.lang.Object, java.lang.Object, java.lang.Object, java.lang.Object, java.lang.Object, java.lang.Object, java.lang.Object, java.lang.Object, java.lang.Object, java.lang.Object, java.lang.Object, java.lang.Object, java.lang.Object, java.lang.Object, java.lang.Obj
Event: 122.418 Thread 0x000001de637bb570 Exception <a 'java/lang/NoSuchMethodError'{0x00000000eb485680}: 'java.lang.Object java.lang.invoke.DirectMethodHandle$Holder.invokeStatic(java.lang.Object, java.lang.Object, java.lang.Object, java.lang.Object, java.lang.Object, java.lang.Object, java.lang.Object, java.lang.Object, java.lang.Object, java.lang.Object, java.lang.Object, java.lang.Object, java.lang.Object, java.lang.Object, java.lang.Object, java.lang.Object, java.lang.Object, java.lang.Object, java.lang.Object, java.lang.Object, java.lang.Obj
Event: 122.419 Thread 0x000001de637bb570 Exception <a 'java/lang/NoSuchMethodError'{0x00000000eb4b9ad8}: 'java.lang.Object java.lang.invoke.DirectMethodHandle$Holder.invokeStatic(java.lang.Object, java.lang.Object, java.lang.Object, java.lang.Object, java.lang.Object, java.lang.Object, java.lang.Object, java.lang.Object, java.lang.Object, java.lang.Object, java.lang.Object, java.lang.Object, java.lang.Object, java.lang.Object, java.lang.Object, java.lang.Object, java.lang.Object, java.lang.Object, java.lang.Object, java.lang.Object, java.lang.Obj
Event: 122.420 Thread 0x000001de637bb570 Exception <a 'java/lang/NoSuchMethodError'{0x00000000eb4df8b8}: 'java.lang.Object java.lang.invoke.DirectMethodHandle$Holder.invokeSpecial(java.lang.Object, java.lang.Object, java.lang.Object, java.lang.Object, java.lang.Object, java.lang.Object, java.lang.Object, java.lang.Object, java.lang.Object, java.lang.Object, java.lang.Object, java.lang.Object, java.lang.Object, java.lang.Object, java.lang.Object, java.lang.Object, java.lang.Object, java.lang.Object, java.lang.Object, java.lang.Object, java.lang.Ob
Event: 122.421 Thread 0x000001de637bb570 Exception <a 'java/lang/NoSuchMethodError'{0x00000000eb4f50a0}: 'java.lang.Object java.lang.invoke.DirectMethodHandle$Holder.newInvokeSpecial(java.lang.Object, java.lang.Object, java.lang.Object, java.lang.Object, java.lang.Object, java.lang.Object, java.lang.Object, java.lang.Object, java.lang.Object, java.lang.Object, java.lang.Object, java.lang.Object, java.lang.Object, java.lang.Object, java.lang.Object, java.lang.Object, java.lang.Object, java.lang.Object, java.lang.Object, java.lang.Object, java.lang
Event: 122.421 Thread 0x000001de637bb570 Exception <a 'java/lang/NoSuchMethodError'{0x00000000eb4fb298}: 'java.lang.Object java.lang.invoke.Invokers$Holder.linkToTargetMethod(java.lang.Object, java.lang.Object, java.lang.Object, java.lang.Object, java.lang.Object, java.lang.Object, java.lang.Object, java.lang.Object, java.lang.Object, java.lang.Object, java.lang.Object, java.lang.Object, java.lang.Object, java.lang.Object, java.lang.Object, java.lang.Object, java.lang.Object, java.lang.Object, java.lang.Object, java.lang.Object, java.lang.Object,
Event: 122.421 Thread 0x000001de637bb570 Exception <a 'java/lang/NoSuchMethodError'{0x00000000eb500460}: 'java.lang.Object java.lang.invoke.DirectMethodHandle$Holder.invokeVirtual(java.lang.Object, java.lang.Object, java.lang.Object, java.lang.Object, java.lang.Object, java.lang.Object, java.lang.Object, java.lang.Object, java.lang.Object, java.lang.Object)'> (0x00000000eb500460) 
thrown [s\src\hotspot\share\interpreter\linkResolver.cpp, line 773]
Event: 122.604 Thread 0x000001de637bb570 Exception <a 'java/lang/NoSuchMethodError'{0x00000000eb69cb70}: 'java.lang.Object java.lang.invoke.DirectMethodHandle$Holder.invokeVirtual(java.lang.Object, java.lang.Object, java.lang.Object, java.lang.Object, java.lang.Object, java.lang.Object, java.lang.Object, java.lang.Object, java.lang.Object)'> (0x00000000eb69cb70) 
thrown [s\src\hotspot\share\interpreter\linkResolver.cpp, line 773]
Event: 122.647 Thread 0x000001de637bb570 Exception <a 'java/lang/NoSuchMethodError'{0x00000000eb8dd0f0}: 'java.lang.Object java.lang.invoke.DirectMethodHandle$Holder.invokeVirtual(java.lang.Object, java.lang.Object, java.lang.Object, java.lang.Object, java.lang.Object, java.lang.Object, java.lang.Object, java.lang.Object)'> (0x00000000eb8dd0f0) 
thrown [s\src\hotspot\share\interpreter\linkResolver.cpp, line 773]
Event: 122.653 Thread 0x000001de637bb570 Exception <a 'java/lang/NoSuchMethodError'{0x00000000eb954220}: 'long java.lang.invoke.DirectMethodHandle$Holder.invokeVirtual(java.lang.Object, java.lang.Object)'> (0x00000000eb954220) 
thrown [s\src\hotspot\share\interpreter\linkResolver.cpp, line 773]
Event: 122.654 Thread 0x000001de637bb570 Exception <a 'java/lang/NoSuchMethodError'{0x00000000eb957620}: 'long java.lang.invoke.DelegatingMethodHandle$Holder.reinvoke_L(java.lang.Object, java.lang.Object)'> (0x00000000eb957620) 
thrown [s\src\hotspot\share\interpreter\linkResolver.cpp, line 773]
Event: 123.928 Thread 0x000001de637c1e70 Exception <a 'java/lang/NoSuchMethodError'{0x00000000eb09b8b0}: 'void java.lang.invoke.DirectMethodHandle$Holder.invokeStatic(java.lang.Object, long)'> (0x00000000eb09b8b0) 
thrown [s\src\hotspot\share\interpreter\linkResolver.cpp, line 773]
Event: 125.610 Thread 0x000001de637c1e70 Exception <a 'java/lang/NoSuchMethodError'{0x00000000eb0cdbd0}: 'void java.lang.invoke.DirectMethodHandle$Holder.invokeSpecial(java.lang.Object, java.lang.Object, int)'> (0x00000000eb0cdbd0) 
thrown [s\src\hotspot\share\interpreter\linkResolver.cpp, line 773]
Event: 125.610 Thread 0x000001de637c1e70 Exception <a 'java/lang/NoSuchMethodError'{0x00000000eb0d2ff8}: 'java.lang.Object java.lang.invoke.DirectMethodHandle$Holder.newInvokeSpecial(java.lang.Object, java.lang.Object, int)'> (0x00000000eb0d2ff8) 
thrown [s\src\hotspot\share\interpreter\linkResolver.cpp, line 773]

ZGC Phase Switch (0 events):
No events

VM Operations (20 events):
Event: 127.854 Executing VM operation: Cleanup
Event: 127.854 Executing VM operation: Cleanup done
Event: 129.855 Executing VM operation: Cleanup
Event: 129.855 Executing VM operation: Cleanup done
Event: 130.856 Executing VM operation: Cleanup
Event: 130.856 Executing VM operation: Cleanup done
Event: 132.857 Executing VM operation: Cleanup
Event: 132.857 Executing VM operation: Cleanup done
Event: 133.858 Executing VM operation: Cleanup
Event: 133.858 Executing VM operation: Cleanup done
Event: 134.859 Executing VM operation: Cleanup
Event: 134.859 Executing VM operation: Cleanup done
Event: 138.860 Executing VM operation: Cleanup
Event: 138.860 Executing VM operation: Cleanup done
Event: 140.514 Executing VM operation: HandshakeAllThreads (Deoptimize)
Event: 140.514 Executing VM operation: HandshakeAllThreads (Deoptimize) done
Event: 140.514 Executing VM operation: Cleanup
Event: 140.514 Executing VM operation: Cleanup done
Event: 140.534 Executing VM operation: ParallelGCFailedAllocation (Allocation Failure)
Event: 140.535 Executing VM operation: ParallelGCFailedAllocation (Allocation Failure) done

Memory protections (0 events):
No events

Nmethod flushes (20 events):
Event: 120.521 Thread 0x000001de45833b20 flushing  nmethod 0x000001de49429710
Event: 120.521 Thread 0x000001de45833b20 flushing  nmethod 0x000001de4942a110
Event: 120.521 Thread 0x000001de45833b20 flushing  nmethod 0x000001de4942f690
Event: 120.521 Thread 0x000001de45833b20 flushing  nmethod 0x000001de49439210
Event: 120.521 Thread 0x000001de45833b20 flushing  nmethod 0x000001de49440190
Event: 120.521 Thread 0x000001de45833b20 flushing  nmethod 0x000001de49444790
Event: 120.521 Thread 0x000001de45833b20 flushing  nmethod 0x000001de49448d90
Event: 120.521 Thread 0x000001de45833b20 flushing  nmethod 0x000001de49475390
Event: 120.521 Thread 0x000001de45833b20 flushing  nmethod 0x000001de49476c90
Event: 120.521 Thread 0x000001de45833b20 flushing  nmethod 0x000001de49478790
Event: 120.521 Thread 0x000001de45833b20 flushing  nmethod 0x000001de49479190
Event: 120.521 Thread 0x000001de45833b20 flushing  nmethod 0x000001de49483e90
Event: 120.521 Thread 0x000001de45833b20 flushing  nmethod 0x000001de49486610
Event: 120.521 Thread 0x000001de45833b20 flushing  nmethod 0x000001de49486990
Event: 120.521 Thread 0x000001de45833b20 flushing  nmethod 0x000001de49487390
Event: 120.521 Thread 0x000001de45833b20 flushing  nmethod 0x000001de49487890
Event: 120.521 Thread 0x000001de45833b20 flushing  nmethod 0x000001de49494a10
Event: 120.521 Thread 0x000001de45833b20 flushing  nmethod 0x000001de494b2910
Event: 120.521 Thread 0x000001de45833b20 flushing  nmethod 0x000001de494b7990
Event: 120.521 Thread 0x000001de45833b20 flushing  nmethod 0x000001de494c6f10

Events (20 events):
Event: 120.602 Thread 0x000001de5b05a300 Thread added: 0x000001de62b95470
Event: 120.608 Thread 0x000001de5b05a300 Thread added: 0x000001de62555200
Event: 121.014 Thread 0x000001de62555200 Thread added: 0x000001de661f0e70
Event: 121.485 Thread 0x000001de661f0e70 Thread exited: 0x000001de661f0e70
Event: 121.485 Thread 0x000001de62555200 Thread exited: 0x000001de62555200
Event: 121.485 Thread 0x000001de62b95470 Thread exited: 0x000001de62b95470
Event: 122.419 Thread 0x000001de5b05a300 Thread added: 0x000001de62b95470
Event: 122.616 Thread 0x000001de62b95470 Thread exited: 0x000001de62b95470
Event: 122.669 Thread 0x000001de637bb570 Thread added: 0x000001de637bf080
Event: 122.805 Thread 0x000001de5b055660 Thread added: 0x000001de62b95470
Event: 123.543 Thread 0x000001de62b95470 Thread exited: 0x000001de62b95470
Event: 123.545 Thread 0x000001de637bb570 Thread added: 0x000001de637c1e70
Event: 123.930 Thread 0x000001de637c1e70 Thread added: 0x000001de637bf710
Event: 123.930 Thread 0x000001de637c1e70 Thread added: 0x000001de637c0ac0
Event: 126.561 Thread 0x000001de637bb570 Thread added: 0x000001de637bfda0
Event: 126.567 Thread 0x000001de637bfda0 Thread added: 0x000001de637c1150
Event: 126.568 Thread 0x000001de637bfda0 Thread added: 0x000001de637c0430
Event: 126.568 Thread 0x000001de637c1150 Thread exited: 0x000001de637c1150
Event: 140.386 Thread 0x000001de637c0430 Thread exited: 0x000001de637c0430
Event: 140.386 Thread 0x000001de637bfda0 Thread exited: 0x000001de637bfda0


Dynamic libraries:
0x00007ff7af130000 - 0x00007ff7af13e000 	c:\Users\admin\.cursor\extensions\redhat.java-1.42.0-win32-x64\jre\21.0.7-win32-x86_64\bin\java.exe
0x00007ff8f0da0000 - 0x00007ff8f1006000 	C:\WINDOWS\SYSTEM32\ntdll.dll
0x00007ff8eeec0000 - 0x00007ff8eef89000 	C:\WINDOWS\System32\KERNEL32.DLL
0x00007ff8ee410000 - 0x00007ff8ee7dc000 	C:\WINDOWS\System32\KERNELBASE.dll
0x00007ff8edfd0000 - 0x00007ff8ee11b000 	C:\WINDOWS\System32\ucrtbase.dll
0x00007ff8cd780000 - 0x00007ff8cd798000 	c:\Users\admin\.cursor\extensions\redhat.java-1.42.0-win32-x64\jre\21.0.7-win32-x86_64\bin\jli.dll
0x00007ff8cd7a0000 - 0x00007ff8cd7be000 	c:\Users\admin\.cursor\extensions\redhat.java-1.42.0-win32-x64\jre\21.0.7-win32-x86_64\bin\VCRUNTIME140.dll
0x00007ff8f0aa0000 - 0x00007ff8f0c6a000 	C:\WINDOWS\System32\USER32.dll
0x00007ff8ee120000 - 0x00007ff8ee147000 	C:\WINDOWS\System32\win32u.dll
0x00007ff8f0440000 - 0x00007ff8f046b000 	C:\WINDOWS\System32\GDI32.dll
0x00007ff8db710000 - 0x00007ff8db9aa000 	C:\WINDOWS\WinSxS\amd64_microsoft.windows.common-controls_6595b64144ccf1df_6.0.26100.3912_none_3e07963ce335137e\COMCTL32.dll
0x00007ff8ee2d0000 - 0x00007ff8ee402000 	C:\WINDOWS\System32\gdi32full.dll
0x00007ff8eeb60000 - 0x00007ff8eec09000 	C:\WINDOWS\System32\msvcrt.dll
0x00007ff8eea20000 - 0x00007ff8eeac3000 	C:\WINDOWS\System32\msvcp_win.dll
0x00007ff8f0c70000 - 0x00007ff8f0ca0000 	C:\WINDOWS\System32\IMM32.DLL
0x00007ff8ea4a0000 - 0x00007ff8ea4ac000 	c:\Users\admin\.cursor\extensions\redhat.java-1.42.0-win32-x64\jre\21.0.7-win32-x86_64\bin\vcruntime140_1.dll
0x00007ff8c7240000 - 0x00007ff8c72cd000 	c:\Users\admin\.cursor\extensions\redhat.java-1.42.0-win32-x64\jre\21.0.7-win32-x86_64\bin\msvcp140.dll
0x00007ff86fba0000 - 0x00007ff870930000 	c:\Users\admin\.cursor\extensions\redhat.java-1.42.0-win32-x64\jre\21.0.7-win32-x86_64\bin\server\jvm.dll
0x00007ff8f0140000 - 0x00007ff8f01f2000 	C:\WINDOWS\System32\ADVAPI32.dll
0x00007ff8f0cb0000 - 0x00007ff8f0d56000 	C:\WINDOWS\System32\sechost.dll
0x00007ff8efb60000 - 0x00007ff8efc76000 	C:\WINDOWS\System32\RPCRT4.dll
0x00007ff8ef340000 - 0x00007ff8ef3b4000 	C:\WINDOWS\System32\WS2_32.dll
0x00007ff8edda0000 - 0x00007ff8eddfe000 	C:\WINDOWS\SYSTEM32\POWRPROF.dll
0x00007ff8e4950000 - 0x00007ff8e4986000 	C:\WINDOWS\SYSTEM32\WINMM.dll
0x00007ff8ea6e0000 - 0x00007ff8ea6eb000 	C:\WINDOWS\SYSTEM32\VERSION.dll
0x00007ff8edd80000 - 0x00007ff8edd94000 	C:\WINDOWS\SYSTEM32\UMPDC.dll
0x00007ff8eccf0000 - 0x00007ff8ecd0a000 	C:\WINDOWS\SYSTEM32\kernel.appcore.dll
0x00007ff8e04c0000 - 0x00007ff8e04ca000 	c:\Users\admin\.cursor\extensions\redhat.java-1.42.0-win32-x64\jre\21.0.7-win32-x86_64\bin\jimage.dll
0x00007ff89bae0000 - 0x00007ff89bd21000 	C:\WINDOWS\SYSTEM32\DBGHELP.DLL
0x00007ff8eef90000 - 0x00007ff8ef314000 	C:\WINDOWS\System32\combase.dll
0x00007ff8f0050000 - 0x00007ff8f0130000 	C:\WINDOWS\System32\OLEAUT32.dll
0x00007ff8d7240000 - 0x00007ff8d7279000 	C:\WINDOWS\SYSTEM32\dbgcore.DLL
0x00007ff8edf30000 - 0x00007ff8edfc9000 	C:\WINDOWS\System32\bcryptPrimitives.dll
0x00007ff8e0420000 - 0x00007ff8e042f000 	c:\Users\admin\.cursor\extensions\redhat.java-1.42.0-win32-x64\jre\21.0.7-win32-x86_64\bin\instrument.dll
0x00007ff8c9e90000 - 0x00007ff8c9eaf000 	c:\Users\admin\.cursor\extensions\redhat.java-1.42.0-win32-x64\jre\21.0.7-win32-x86_64\bin\java.dll
0x00007ff8ef430000 - 0x00007ff8efb5d000 	C:\WINDOWS\System32\SHELL32.dll
0x00007ff8ee150000 - 0x00007ff8ee2c4000 	C:\WINDOWS\System32\wintypes.dll
0x00007ff8ebbe0000 - 0x00007ff8ec436000 	C:\WINDOWS\SYSTEM32\windows.storage.dll
0x00007ff8eedc0000 - 0x00007ff8eeeaf000 	C:\WINDOWS\System32\SHCORE.dll
0x00007ff8ef3c0000 - 0x00007ff8ef429000 	C:\WINDOWS\System32\shlwapi.dll
0x00007ff8ede10000 - 0x00007ff8ede3f000 	C:\WINDOWS\SYSTEM32\profapi.dll
0x00007ff8c9100000 - 0x00007ff8c9118000 	c:\Users\admin\.cursor\extensions\redhat.java-1.42.0-win32-x64\jre\21.0.7-win32-x86_64\bin\zip.dll
0x00007ff8e0490000 - 0x00007ff8e04a0000 	C:\Users\admin\.cursor\extensions\redhat.java-1.42.0-win32-x64\jre\21.0.7-win32-x86_64\bin\net.dll
0x00007ff8e8a60000 - 0x00007ff8e8b7e000 	C:\WINDOWS\SYSTEM32\WINHTTP.dll
0x0000000180000000 - 0x000000018008c000 	C:\WINDOWS\system32\ASProxy64.dll
0x00007ff8efc80000 - 0x00007ff8efe1f000 	C:\WINDOWS\System32\ole32.dll
0x00007ff8ed260000 - 0x00007ff8ed2ca000 	C:\WINDOWS\SYSTEM32\MSWSOCK.dll
0x00007ff8ec730000 - 0x00007ff8ec763000 	C:\WINDOWS\SYSTEM32\IPHLPAPI.DLL
0x00007ff8ecf90000 - 0x00007ff8ecfd8000 	C:\WINDOWS\SYSTEM32\SspiCli.dll
0x00007ff8c7470000 - 0x00007ff8c7486000 	C:\Users\admin\.cursor\extensions\redhat.java-1.42.0-win32-x64\jre\21.0.7-win32-x86_64\bin\nio.dll
0x00007ff8d9400000 - 0x00007ff8d9410000 	c:\Users\admin\.cursor\extensions\redhat.java-1.42.0-win32-x64\jre\21.0.7-win32-x86_64\bin\verify.dll
0x00007ff8eb200000 - 0x00007ff8eb2af000 	C:\WINDOWS\system32\uxtheme.dll
0x00007ff8be6a0000 - 0x00007ff8be6e5000 	C:\Users\admin\AppData\Roaming\Cursor\User\globalStorage\redhat.java\1.42.0\config_win\org.eclipse.equinox.launcher\org.eclipse.equinox.launcher.win32.win32.x86_64_1.2.1300.v20250331-1702\eclipse_11911.dll
0x00007ff8ed510000 - 0x00007ff8ed52c000 	C:\WINDOWS\SYSTEM32\CRYPTSP.dll
0x00007ff8ecc50000 - 0x00007ff8ecc8a000 	C:\WINDOWS\system32\rsaenh.dll
0x00007ff8ed300000 - 0x00007ff8ed32b000 	C:\WINDOWS\SYSTEM32\USERENV.dll
0x00007ff8ede50000 - 0x00007ff8ede76000 	C:\WINDOWS\SYSTEM32\bcrypt.dll
0x00007ff8ed500000 - 0x00007ff8ed50c000 	C:\WINDOWS\SYSTEM32\CRYPTBASE.dll
0x00007ff8eedb0000 - 0x00007ff8eedba000 	C:\WINDOWS\System32\NSI.dll
0x00007ff8ddf50000 - 0x00007ff8ddf5a000 	C:\Users\admin\.cursor\extensions\redhat.java-1.42.0-win32-x64\jre\21.0.7-win32-x86_64\bin\management.dll
0x00007ff8ddf40000 - 0x00007ff8ddf4b000 	C:\Users\admin\.cursor\extensions\redhat.java-1.42.0-win32-x64\jre\21.0.7-win32-x86_64\bin\management_ext.dll
0x00007ff8f0040000 - 0x00007ff8f0048000 	C:\WINDOWS\System32\PSAPI.DLL
0x00007ff8d68c0000 - 0x00007ff8d6909000 	C:\Users\admin\AppData\Local\Temp\jna-92668751\jna324959103175231932.dll
0x00007ff8e86b0000 - 0x00007ff8e86cf000 	C:\WINDOWS\SYSTEM32\dhcpcsvc6.DLL
0x00007ff8e7810000 - 0x00007ff8e7835000 	C:\WINDOWS\SYSTEM32\dhcpcsvc.DLL
0x00007ff8ceae0000 - 0x00007ff8ceb07000 	C:\Users\admin\.gradle\native\1def1411415f61bf3af743bc5b6707747c0891f09f0c88961ee8f79bc544acac\windows-amd64\native-platform.dll
0x00007ff8ddf30000 - 0x00007ff8ddf39000 	C:\Users\admin\.cursor\extensions\redhat.java-1.42.0-win32-x64\jre\21.0.7-win32-x86_64\bin\extnet.dll
0x00007ff8d24f0000 - 0x00007ff8d24fe000 	C:\Users\admin\.cursor\extensions\redhat.java-1.42.0-win32-x64\jre\21.0.7-win32-x86_64\bin\sunmscapi.dll
0x00007ff8ee7e0000 - 0x00007ff8ee957000 	C:\WINDOWS\System32\CRYPT32.dll
0x00007ff8ed710000 - 0x00007ff8ed740000 	C:\WINDOWS\SYSTEM32\ncrypt.dll
0x00007ff8ed6c0000 - 0x00007ff8ed6ff000 	C:\WINDOWS\SYSTEM32\NTASN1.dll
0x00007ff8d2020000 - 0x00007ff8d2028000 	C:\WINDOWS\system32\wshunix.dll

dbghelp: loaded successfully - version: 4.0.5 - missing functions: none
symbol engine: initialized successfully - sym options: 0x614 - pdb path: .;c:\Users\admin\.cursor\extensions\redhat.java-1.42.0-win32-x64\jre\21.0.7-win32-x86_64\bin;C:\WINDOWS\SYSTEM32;C:\WINDOWS\WinSxS\amd64_microsoft.windows.common-controls_6595b64144ccf1df_6.0.26100.3912_none_3e07963ce335137e;c:\Users\admin\.cursor\extensions\redhat.java-1.42.0-win32-x64\jre\21.0.7-win32-x86_64\bin\server;C:\Users\admin\AppData\Roaming\Cursor\User\globalStorage\redhat.java\1.42.0\config_win\org.eclipse.equinox.launcher\org.eclipse.equinox.launcher.win32.win32.x86_64_1.2.1300.v20250331-1702;C:\Users\admin\AppData\Local\Temp\jna-92668751;C:\Users\admin\.gradle\native\1def1411415f61bf3af743bc5b6707747c0891f09f0c88961ee8f79bc544acac\windows-amd64

VM Arguments:
jvm_args: --add-modules=ALL-SYSTEM --add-opens=java.base/java.util=ALL-UNNAMED --add-opens=java.base/java.lang=ALL-UNNAMED --add-opens=java.base/sun.nio.fs=ALL-UNNAMED -Declipse.application=org.eclipse.jdt.ls.core.id1 -Dosgi.bundles.defaultStartLevel=4 -Declipse.product=org.eclipse.jdt.ls.core.product -Djava.import.generatesMetadataFilesAtProjectRoot=false -DDetectVMInstallationsJob.disabled=true -Dfile.encoding=utf8 -XX:+UseParallelGC -XX:GCTimeRatio=4 -XX:AdaptiveSizePolicyWeight=90 -Dsun.zip.disableMemoryMapping=true -Xmx1G -Xms100m -Xlog:disable -javaagent:c:\Users\admin\.cursor\extensions\redhat.java-1.42.0-win32-x64\lombok\lombok-1.18.36.jar -XX:+HeapDumpOnOutOfMemoryError -XX:HeapDumpPath=c:\Users\admin\AppData\Roaming\Cursor\User\workspaceStorage\0426a641ec518546e312a5bf184515bb\redhat.java -Daether.dependencyCollector.impl=bf 
java_command: c:\Users\admin\.cursor\extensions\redhat.java-1.42.0-win32-x64\server\plugins\org.eclipse.equinox.launcher_1.7.0.v20250424-1814.jar -configuration c:\Users\admin\AppData\Roaming\Cursor\User\globalStorage\redhat.java\1.42.0\config_win -data c:\Users\admin\AppData\Roaming\Cursor\User\workspaceStorage\0426a641ec518546e312a5bf184515bb\redhat.java\jdt_ws --pipe=\\.\pipe\lsp-6fbb0f7b625bdff664277520b8eb4e66-sock
java_class_path (initial): c:\Users\admin\.cursor\extensions\redhat.java-1.42.0-win32-x64\server\plugins\org.eclipse.equinox.launcher_1.7.0.v20250424-1814.jar
Launcher Type: SUN_STANDARD

[Global flags]
    uintx AdaptiveSizePolicyWeight                 = 90                                        {product} {command line}
     intx CICompilerCount                          = 12                                        {product} {ergonomic}
    uintx GCTimeRatio                              = 4                                         {product} {command line}
     bool HeapDumpOnOutOfMemoryError               = true                                   {manageable} {command line}
    ccstr HeapDumpPath                             = c:\Users\admin\AppData\Roaming\Cursor\User\workspaceStorage\0426a641ec518546e312a5bf184515bb\redhat.java         {manageable} {command line}
   size_t InitialHeapSize                          = 104857600                                 {product} {command line}
   size_t MaxHeapSize                              = 1073741824                                {product} {command line}
   size_t MaxNewSize                               = 357564416                                 {product} {ergonomic}
   size_t MinHeapDeltaBytes                        = 524288                                    {product} {ergonomic}
   size_t MinHeapSize                              = 104857600                                 {product} {command line}
   size_t NewSize                                  = 34603008                                  {product} {ergonomic}
    uintx NonNMethodCodeHeapSize                   = 7602480                                {pd product} {ergonomic}
    uintx NonProfiledCodeHeapSize                  = 122027880                              {pd product} {ergonomic}
   size_t OldSize                                  = 70254592                                  {product} {ergonomic}
    uintx ProfiledCodeHeapSize                     = 122027880                              {pd product} {ergonomic}
    uintx ReservedCodeCacheSize                    = 251658240                              {pd product} {ergonomic}
     bool SegmentedCodeCache                       = true                                      {product} {ergonomic}
   size_t SoftMaxHeapSize                          = 1073741824                             {manageable} {ergonomic}
     bool UseCompressedOops                        = true                           {product lp64_product} {ergonomic}
     bool UseLargePagesIndividualAllocation        = false                                  {pd product} {ergonomic}
     bool UseParallelGC                            = true                                      {product} {command line}

Logging:
Log output configuration:
 #0: stdout all=off uptime,level,tags foldmultilines=false
 #1: stderr all=off uptime,level,tags foldmultilines=false

Environment Variables:
JAVA_HOME=C:\Program Files\OpenLogic\jdk-17.0.15.6-hotspot
PATH=C:\Program Files\Common Files\Oracle\Java\javapath;C:\Program Files\OpenLogic\jdk-17.0.15.6-hotspot\bin;C:\WINDOWS\system32;C:\WINDOWS;C:\WINDOWS\System32\Wbem;C:\WINDOWS\System32\WindowsPowerShell\v1.0\;C:\WINDOWS\System32\OpenSSH\;C:\Program Files\dotnet\;C:\Program Files\Microsoft SQL Server\130\Tools\Binn\;C:\Program Files\Git\cmd;C:\Users\admin\AppData\Roaming\nvm;C:\Program Files\nodejs;C:\Program Files\Microsoft SQL Server\150\Tools\Binn\;C:\Users\admin\AppData\Local\Microsoft\WindowsApps;C:\Users\admin\AppData\Roaming\npm;C:\Users\admin\AppData\Local\Programs\Microsoft VS Code\bin;C:\Users\admin\AppData\Roaming\nvm;C:\Program Files\nodejs;C:\Users\admin\AppData\Local\Android\Sdk\platform-tools;C:\Users\admin\AppData\Local\Programs\cursor\resources\app\bin;C:\;C:\Users\admin\.dotnet\tools
USERNAME=admin
OS=Windows_NT
PROCESSOR_IDENTIFIER=Intel64 Family 6 Model 165 Stepping 5, GenuineIntel
TMP=C:\Users\admin\AppData\Local\Temp
TEMP=C:\Users\admin\AppData\Local\Temp




Periodic native trim disabled

---------------  S Y S T E M  ---------------

OS:
 Windows 11 , 64 bit Build 26100 (10.0.26100.3912)
OS uptime: 1 days 7:21 hours

CPU: total 16 (initial active 16) (8 cores per cpu, 2 threads per core) family 6 model 165 stepping 5 microcode 0xec, cx8, cmov, fxsr, ht, mmx, 3dnowpref, sse, sse2, sse3, ssse3, sse4.1, sse4.2, popcnt, lzcnt, tsc, tscinvbit, avx, avx2, aes, erms, clmul, bmi1, bmi2, adx, fma, vzeroupper, clflush, clflushopt, rdtscp, f16c, pku
Processor Information for processor 0
  Max Mhz: 2901, Current Mhz: 2901, Mhz Limit: 2901
Processor Information for processor 1
  Max Mhz: 2901, Current Mhz: 2901, Mhz Limit: 2901
Processor Information for processor 2
  Max Mhz: 2901, Current Mhz: 2901, Mhz Limit: 2901
Processor Information for processor 3
  Max Mhz: 2901, Current Mhz: 2901, Mhz Limit: 2901
Processor Information for processor 4
  Max Mhz: 2901, Current Mhz: 2901, Mhz Limit: 2901
Processor Information for processor 5
  Max Mhz: 2901, Current Mhz: 2901, Mhz Limit: 2901
Processor Information for processor 6
  Max Mhz: 2901, Current Mhz: 2901, Mhz Limit: 2901
Processor Information for processor 7
  Max Mhz: 2901, Current Mhz: 2901, Mhz Limit: 2901
Processor Information for processor 8
  Max Mhz: 2901, Current Mhz: 2901, Mhz Limit: 2901
Processor Information for processor 9
  Max Mhz: 2901, Current Mhz: 900, Mhz Limit: 2901
Processor Information for processor 10
  Max Mhz: 2901, Current Mhz: 2901, Mhz Limit: 2901
Processor Information for processor 11
  Max Mhz: 2901, Current Mhz: 2901, Mhz Limit: 2901
Processor Information for processor 12
  Max Mhz: 2901, Current Mhz: 2901, Mhz Limit: 2901
Processor Information for processor 13
  Max Mhz: 2901, Current Mhz: 2901, Mhz Limit: 2901
Processor Information for processor 14
  Max Mhz: 2901, Current Mhz: 2901, Mhz Limit: 2901
Processor Information for processor 15
  Max Mhz: 2901, Current Mhz: 2901, Mhz Limit: 2901

Memory: 4k page, system-wide physical 16096M (3800M free)
TotalPageFile size 34528M (AvailPageFile size 5275M)
current process WorkingSet (physical memory assigned to process): 4M, peak: 290M
current process commit charge ("private bytes"): 339M, peak: 387M

vm_info: OpenJDK 64-Bit Server VM (21.0.7+6-LTS) for windows-amd64 JRE (21.0.7+6-LTS), built on 2025-04-15T00:00:00Z by "admin" with MS VC++ 17.7 (VS2022)

END.
