#
# A fatal error has been detected by the Java Runtime Environment:
#
#  EXCEPTION_ACCESS_VIOLATION (0xc0000005) at pc=0x000000018000c274, pid=10660, tid=18628
#
# JRE version: OpenJDK Runtime Environment Temurin-21.0.7+6 (21.0.7+6) (build 21.0.7+6-LTS)
# Java VM: OpenJDK 64-Bit Server VM Temurin-21.0.7+6 (21.0.7+6-LTS, mixed mode, sharing, tiered, compressed oops, compressed class ptrs, parallel gc, windows-amd64)
# Problematic frame:
# C  [ASProxy64.dll+0xc274]
#
# No core dump will be written. Minidumps are not enabled by default on client versions of Windows
#
# If you would like to submit a bug report, please visit:
#   https://github.com/adoptium/adoptium-support/issues
# The crash happened outside the Java Virtual Machine in native code.
# See problematic frame for where to report the bug.
#

---------------  S U M M A R Y ------------

Command Line: --add-modules=ALL-SYSTEM --add-opens=java.base/java.util=ALL-UNNAMED --add-opens=java.base/java.lang=ALL-UNNAMED --add-opens=java.base/sun.nio.fs=ALL-UNNAMED -Declipse.application=org.eclipse.jdt.ls.core.id1 -Dosgi.bundles.defaultStartLevel=4 -Declipse.product=org.eclipse.jdt.ls.core.product -Djava.import.generatesMetadataFilesAtProjectRoot=false -DDetectVMInstallationsJob.disabled=true -Dfile.encoding=utf8 -XX:+UseParallelGC -XX:GCTimeRatio=4 -XX:AdaptiveSizePolicyWeight=90 -Dsun.zip.disableMemoryMapping=true -Xmx1G -Xms100m -Xlog:disable -javaagent:c:\Users\admin\.cursor\extensions\redhat.java-1.42.0-win32-x64\lombok\lombok-1.18.36.jar -XX:+HeapDumpOnOutOfMemoryError -XX:HeapDumpPath=c:\Users\admin\AppData\Roaming\Cursor\User\workspaceStorage\0426a641ec518546e312a5bf184515bb\redhat.java -Daether.dependencyCollector.impl=bf c:\Users\admin\.cursor\extensions\redhat.java-1.42.0-win32-x64\server\plugins\org.eclipse.equinox.launcher_1.7.0.v20250424-1814.jar -configuration c:\Users\admin\AppData\Roaming\Cursor\User\globalStorage\redhat.java\1.42.0\config_win -data c:\Users\admin\AppData\Roaming\Cursor\User\workspaceStorage\0426a641ec518546e312a5bf184515bb\redhat.java\jdt_ws --pipe=\\.\pipe\lsp-083a5ff1f05ffb00eb13ce6b0c6ca17e-sock

Host: Intel(R) Core(TM) i7-10700 CPU @ 2.90GHz, 16 cores, 15G,  Windows 11 , 64 bit Build 26100 (10.0.26100.3912)
Time: Fri May 16 21:37:11 2025 Eastern Daylight Time elapsed time: 9.977857 seconds (0d 0h 0m 9s)

---------------  T H R E A D  ---------------

Current thread (0x000001d2ee63f320):  JavaThread "Connection worker"        [_thread_in_native, id=18628, stack(0x0000004268600000,0x0000004268700000) (1024K)]

Stack: [0x0000004268600000,0x0000004268700000],  sp=0x00000042686fe260,  free space=1016k
Native frames: (J=compiled Java code, j=interpreted, Vv=VM code, C=native code)
C  [ASProxy64.dll+0xc274]

Java frames: (J=compiled Java code, j=interpreted, Vv=VM code)
j  sun.nio.ch.WEPoll.ctl(JIJI)I+0 java.base@21.0.7
j  sun.nio.ch.WEPollSelectorImpl.<init>(Ljava/nio/channels/spi/SelectorProvider;)V+139 java.base@21.0.7
j  sun.nio.ch.WEPollSelectorProvider.openSelector()Ljava/nio/channels/spi/AbstractSelector;+5 java.base@21.0.7
j  java.nio.channels.Selector.open()Ljava/nio/channels/Selector;+3 java.base@21.0.7
j  org.gradle.internal.remote.internal.inet.SocketConnection$SocketInputStream.<init>(Ljava/nio/channels/SocketChannel;)V+17
j  org.gradle.internal.remote.internal.inet.SocketConnection.<init>(Ljava/nio/channels/SocketChannel;Lorg/gradle/internal/remote/internal/MessageSerializer;Lorg/gradle/internal/serialize/StatefulSerializer;)V+27
j  org.gradle.internal.remote.internal.inet.SocketConnectCompletion.create(Lorg/gradle/internal/serialize/StatefulSerializer;)Lorg/gradle/internal/remote/internal/RemoteConnection;+16
j  org.gradle.launcher.daemon.client.DefaultDaemonConnector.connectToDaemon(Lorg/gradle/launcher/daemon/context/DaemonConnectDetails;Lorg/gradle/launcher/daemon/client/DaemonClientConnection$StaleAddressDetector;)Lorg/gradle/launcher/daemon/client/DaemonClientConnection;+45
j  org.gradle.launcher.daemon.client.DefaultDaemonConnector.connectToDaemonWithId(Lorg/gradle/launcher/daemon/diagnostics/DaemonStartupInfo;Lorg/gradle/api/internal/specs/ExplainingSpec;)Lorg/gradle/launcher/daemon/client/DaemonClientConnection;+116
j  org.gradle.launcher.daemon.client.DefaultDaemonConnector.doStartDaemon(Lorg/gradle/api/internal/specs/ExplainingSpec;Z)Lorg/gradle/launcher/daemon/client/DaemonClientConnection;+61
j  org.gradle.launcher.daemon.client.DefaultDaemonConnector.startDaemon(Lorg/gradle/api/internal/specs/ExplainingSpec;)Lorg/gradle/launcher/daemon/client/DaemonClientConnection;+3
j  org.gradle.launcher.daemon.client.DaemonClient.execute(Lorg/gradle/internal/invocation/BuildAction;Lorg/gradle/launcher/exec/BuildActionParameters;Lorg/gradle/internal/daemon/client/execution/ClientBuildRequestContext;)Lorg/gradle/launcher/exec/BuildActionResult;+201
j  org.gradle.launcher.daemon.client.DaemonClient.execute(Lorg/gradle/internal/invocation/BuildAction;Ljava/lang/Object;Ljava/lang/Object;)Lorg/gradle/launcher/exec/BuildActionResult;+10
j  org.gradle.tooling.internal.provider.DaemonBuildActionExecuter.execute(Lorg/gradle/internal/invocation/BuildAction;Lorg/gradle/tooling/internal/provider/ConnectionOperationParameters;Lorg/gradle/internal/daemon/client/execution/ClientBuildRequestContext;)Lorg/gradle/launcher/exec/BuildActionResult;+72
j  org.gradle.tooling.internal.provider.DaemonBuildActionExecuter.execute(Lorg/gradle/internal/invocation/BuildAction;Ljava/lang/Object;Ljava/lang/Object;)Lorg/gradle/launcher/exec/BuildActionResult;+10
j  org.gradle.tooling.internal.provider.LoggingBridgingBuildActionExecuter.execute(Lorg/gradle/internal/invocation/BuildAction;Lorg/gradle/tooling/internal/provider/ConnectionOperationParameters;Lorg/gradle/internal/daemon/client/execution/ClientBuildRequestContext;)Lorg/gradle/launcher/exec/BuildActionResult;+77
j  org.gradle.tooling.internal.provider.LoggingBridgingBuildActionExecuter.execute(Lorg/gradle/internal/invocation/BuildAction;Ljava/lang/Object;Ljava/lang/Object;)Lorg/gradle/launcher/exec/BuildActionResult;+10
j  org.gradle.tooling.internal.provider.ProviderConnection.run(Lorg/gradle/internal/invocation/BuildAction;Lorg/gradle/initialization/BuildCancellationToken;Lorg/gradle/tooling/internal/provider/ProviderConnection$ProgressListenerConfiguration;Lorg/gradle/initialization/BuildEventConsumer;Lorg/gradle/tooling/internal/provider/connection/ProviderOperationParameters;Lorg/gradle/tooling/internal/provider/ProviderConnection$Parameters;)Ljava/lang/Object;+79
j  org.gradle.tooling.internal.provider.ProviderConnection.runPhasedAction(Lorg/gradle/tooling/internal/protocol/InternalPhasedAction;Lorg/gradle/tooling/internal/protocol/PhasedActionResultListener;Lorg/gradle/initialization/BuildCancellationToken;Lorg/gradle/tooling/internal/provider/connection/ProviderOperationParameters;)Ljava/lang/Object;+132
j  org.gradle.tooling.internal.provider.DefaultConnection.run(Lorg/gradle/tooling/internal/protocol/InternalPhasedAction;Lorg/gradle/tooling/internal/protocol/PhasedActionResultListener;Lorg/gradle/tooling/internal/protocol/InternalCancellationToken;Lorg/gradle/tooling/internal/protocol/BuildParameters;)Lorg/gradle/tooling/internal/protocol/BuildResult;+28
j  org.gradle.tooling.internal.consumer.connection.PhasedActionAwareConsumerConnection.run(Lorg/gradle/tooling/internal/consumer/PhasedBuildAction;Lorg/gradle/tooling/internal/consumer/parameters/ConsumerOperationParameters;)V+66
j  org.gradle.tooling.internal.consumer.connection.ParameterValidatingConsumerConnection.run(Lorg/gradle/tooling/internal/consumer/PhasedBuildAction;Lorg/gradle/tooling/internal/consumer/parameters/ConsumerOperationParameters;)V+11
j  org.gradle.tooling.internal.consumer.DefaultPhasedBuildActionExecuter$1.run(Lorg/gradle/tooling/internal/consumer/connection/ConsumerConnection;)Ljava/lang/Void;+12
j  org.gradle.tooling.internal.consumer.DefaultPhasedBuildActionExecuter$1.run(Lorg/gradle/tooling/internal/consumer/connection/ConsumerConnection;)Ljava/lang/Object;+2
j  org.gradle.tooling.internal.consumer.connection.LazyConsumerActionExecutor.run(Lorg/gradle/tooling/internal/consumer/connection/ConsumerAction;)Ljava/lang/Object;+34
j  org.gradle.tooling.internal.consumer.connection.CancellableConsumerActionExecutor.run(Lorg/gradle/tooling/internal/consumer/connection/ConsumerAction;)Ljava/lang/Object;+34
j  org.gradle.tooling.internal.consumer.connection.ProgressLoggingConsumerActionExecutor.run(Lorg/gradle/tooling/internal/consumer/connection/ConsumerAction;)Ljava/lang/Object;+78
j  org.gradle.tooling.internal.consumer.connection.RethrowingErrorsConsumerActionExecutor.run(Lorg/gradle/tooling/internal/consumer/connection/ConsumerAction;)Ljava/lang/Object;+5
j  org.gradle.tooling.internal.consumer.async.DefaultAsyncConsumerActionExecutor$1$1.run()V+17
j  org.gradle.internal.concurrent.ExecutorPolicy$CatchAndRecordFailures.onExecute(Ljava/lang/Runnable;)V+1
j  org.gradle.internal.concurrent.AbstractManagedExecutor$1.run()V+25
j  java.util.concurrent.ThreadPoolExecutor.runWorker(Ljava/util/concurrent/ThreadPoolExecutor$Worker;)V+92 java.base@21.0.7
j  java.util.concurrent.ThreadPoolExecutor$Worker.run()V+5 java.base@21.0.7
j  java.lang.Thread.runWith(Ljava/lang/Object;Ljava/lang/Runnable;)V+5 java.base@21.0.7
j  java.lang.Thread.run()V+19 java.base@21.0.7
v  ~StubRoutines::call_stub 0x000001d29953100d

siginfo: EXCEPTION_ACCESS_VIOLATION (0xc0000005), reading address 0x0000000000001300


Registers:
RAX=0x0000000000000000, RBX=0x000001d2f25c7658, RCX=0x00000000000012c8, RDX=0x0000000000000002
RSP=0x00000042686fe260, RBP=0x0000000000001300, RSI=0x000001d2f04d6e80, RDI=0x0000000000001300
R8 =0x7ffffffffffffffc, R9 =0x0000000000000001, R10=0x00000000000012c8, R11=0x000001d28ee2ee20
R12=0x00000042686fe4a0, R13=0x0000000000001314, R14=0x000001d2f04d6e50, R15=0x0000000000001314
RIP=0x000000018000c274, EFLAGS=0x0000000000010246

XMM[0]=0x0000000000000000 0x0000000000000000
XMM[1]=0x0000000000000000 0x0000000000000000
XMM[2]=0x0000000000000000 0x0000000000000000
XMM[3]=0x0000000000000000 0x0000000000000000
XMM[4]=0x0000000000000000 0x0000000000000000
XMM[5]=0x0000000000000000 0x0000000000000000
XMM[6]=0xb63a3870a8a7295b 0x77a4b739427b8aaa
XMM[7]=0xf7478d0aaa3dd047 0xbe4ca2a64c4fc2d6
XMM[8]=0x0000000000000000 0x5b1bc35471ac888d
XMM[9]=0xbdb905fc6937743e 0x629d0f91dd0ec2d0
XMM[10]=0xffffffffffffffff 0x0b0a090803020100
XMM[11]=0xc5281bc71922fc5e 0x0000000000000000
XMM[12]=0x0b0a090803020100 0xffffffffffffffff
XMM[13]=0x0c0d0e0f08090a0b 0x0405060700010203
XMM[14]=0x6c9c4e786c9c4e78 0x6c9c4e785cd1fc34
XMM[15]=0x0000000000000000 0x00000000f035adbc
  MXCSR=0x00001fa0


Register to memory mapping:

RAX=0x0 is null
RBX=0x000001d2f25c7658 points into unknown readable memory: 0x0000000000000000 | 00 00 00 00 00 00 00 00
RCX=0x00000000000012c8 is an unknown value
RDX=0x0000000000000002 is an unknown value
RSP=0x00000042686fe260 is pointing into the stack for thread: 0x000001d2ee63f320
RBP=0x0000000000001300 is an unknown value
RSI=0x000001d2f04d6e80 points into unknown readable memory: 0x000001d2f04d6e80 | 80 6e 4d f0 d2 01 00 00
RDI=0x0000000000001300 is an unknown value
R8 =0x7ffffffffffffffc is an unknown value
R9 =0x0000000000000001 is an unknown value
R10=0x00000000000012c8 is an unknown value
R11=0x000001d28ee2ee20 points into unknown readable memory: 0x00000000000007d0 | d0 07 00 00 00 00 00 00
R12=0x00000042686fe4a0 is pointing into the stack for thread: 0x000001d2ee63f320
R13=0x0000000000001314 is an unknown value
R14=0x000001d2f04d6e50 points into unknown readable memory: 0x0000000000001300 | 00 13 00 00 00 00 00 00
R15=0x0000000000001314 is an unknown value

Top of Stack: (sp=0x00000042686fe260)
0x00000042686fe260:   0000000000000000 0000000000000000
0x00000042686fe270:   0000000000001300 000000018001f4c2
0x00000042686fe280:   0000000180065ec8 0000000000002736
0x00000042686fe290:   0000000000000000 00000000000012c8
0x00000042686fe2a0:   0000000000001300 000000018000c506
0x00000042686fe2b0:   000001d2f25c7658 0000000000002736
0x00000042686fe2c0:   0000000000000000 000001d200000008
0x00000042686fe2d0:   000000420000001e 0000000000000000
0x00000042686fe2e0:   0000000000001300 0000000000000000
0x00000042686fe2f0:   0000000000000001 0000000000000000
0x00000042686fe300:   0000000000001300 00007ff8ddf277e6
0x00000042686fe310:   00000000000012c8 0000000000001302
0x00000042686fe320:   000001d2f04d6e80 00000042686fe470
0x00000042686fe330:   0000000000000000 000001d200000000
0x00000042686fe340:   0000000000000003 000001d200000001
0x00000042686fe350:   0000000000000000 0000000000000000
0x00000042686fe360:   00007ff800000000 00007ff8edfe0139
0x00000042686fe370:   00000000000012c8 0000000000000000
0x00000042686fe380:   0000000000000000 00000093afcf144d
0x00000042686fe390:   000001d2f25c7640 00007ff8ddf282af
0x00000042686fe3a0:   0000000000000028 00007ff81ff52cac
0x00000042686fe3b0:   000001d2f25c7648 000001d28ee54640
0x00000042686fe3c0:   000001d2f04d6e50 00007ff8ddf28359
0x00000042686fe3d0:   000001d2f04d6e80 00000042686fe4a0
0x00000042686fe3e0:   000001d2f04d6e80 000001d2f04d6e50
0x00000042686fe3f0:   000001d2ee63f320 00000042686fe4a0
0x00000042686fe400:   000001d2eaff8e88 0000000000000000
0x00000042686fe410:   000001d2f04d6e50 00007ff8ddf28787
0x00000042686fe420:   0000000000000000 00000042686fe4a0
0x00000042686fe430:   0000000000001314 000001d2ee63f320
0x00000042686fe440:   0000000000000001 00007ff8ddf27a75
0x00000042686fe450:   0000000000001300 00000042686fe4a0 

Instructions: (pc=0x000000018000c274)
0x000000018000c174:   70 48 8b 6c 24 78 32 c0 48 83 c4 50 41 5c c3 cc
0x000000018000c184:   cc cc cc cc cc cc cc cc cc cc cc cc 48 85 c9 74
0x000000018000c194:   23 8b 05 ad ff 06 00 89 01 8b 05 a9 ff 06 00 89
0x000000018000c1a4:   41 04 8b 05 a4 ff 06 00 89 41 08 8b 05 9f ff 06
0x000000018000c1b4:   00 89 41 0c f3 c3 cc cc cc cc cc cc c6 01 01 c7
0x000000018000c1c4:   02 01 00 00 00 c3 cc cc cc cc cc cc 48 89 5c 24
0x000000018000c1d4:   08 57 48 83 ec 70 48 8b fa 8b d9 48 8d 15 82 73
0x000000018000c1e4:   05 00 48 8d 4c 24 20 45 33 c0 48 c7 44 24 40 0f
0x000000018000c1f4:   00 00 00 48 c7 44 24 38 00 00 00 00 c6 44 24 28
0x000000018000c204:   00 e8 d6 6b ff ff 4c 8d 4c 24 20 48 8d 4c 24 48
0x000000018000c214:   41 b0 01 8b d3 e8 52 06 02 00 48 83 78 20 10 72
0x000000018000c224:   06 48 8b 48 08 eb 05 48 8d 48 08 90 0f b6 01 48
0x000000018000c234:   ff c7 48 ff c1 88 47 ff 84 c0 75 f0 48 83 7c 24
0x000000018000c244:   68 10 72 0a 48 8b 4c 24 50 e8 52 94 03 00 48 8b
0x000000018000c254:   9c 24 80 00 00 00 48 83 c4 70 5f c3 48 83 ec 48
0x000000018000c264:   0f b6 c2 0f 57 c0 0f 11 44 24 ff 25 00 00 00 00
0x000000018000c274:   ae 7e ef ee f8 7f 00 00 8b 44 24 04 0f af 04 24
0x000000018000c284:   89 04 24 8b 44 24 04 0f af 04 24 83 c0 01 89 04
0x000000018000c294:   24 8b 44 24 04 0f af 04 24 83 c0 02 89 04 24 8b
0x000000018000c2a4:   44 24 04 0f af 04 24 83 c0 03 89 04 24 8b 44 24
0x000000018000c2b4:   04 0f af 04 24 83 c0 04 89 04 24 8b 44 24 04 0f
0x000000018000c2c4:   af 04 24 83 c0 05 89 04 24 8b 44 24 04 0f af 04
0x000000018000c2d4:   24 83 c0 06 89 04 24 8b 44 24 04 0f af 04 24 83
0x000000018000c2e4:   c0 07 89 04 24 8b 44 24 04 0f af 04 24 83 c0 08
0x000000018000c2f4:   89 04 24 8b 44 24 04 0f af 04 24 83 c0 09 89 04
0x000000018000c304:   24 8b 44 24 04 0f af 04 24 83 c0 0a 89 04 24 8b
0x000000018000c314:   44 24 04 0f af 04 24 83 c0 0b 89 04 24 8b 44 24
0x000000018000c324:   04 0f af 04 24 83 c0 0d 89 04 24 8b 44 24 04 0f
0x000000018000c334:   af 04 24 83 c0 0e 89 04 24 8b 44 24 04 0f af 04
0x000000018000c344:   24 83 c0 0f 89 04 24 8b 44 24 04 0f af 04 24 83
0x000000018000c354:   c0 10 89 04 24 8b 44 24 04 0f af 04 24 83 c0 11
0x000000018000c364:   89 04 24 8b 44 24 04 0f af 04 24 83 c0 12 89 04 


Stack slot to memory mapping:

stack at sp + 0 slots: 0x0 is null
stack at sp + 1 slots: 0x0 is null
stack at sp + 2 slots: 0x0000000000001300 is an unknown value
stack at sp + 3 slots: 0x000000018001f4c2 ASProxy64.dll
stack at sp + 4 slots: 0x0000000180065ec8 ASProxy64.dll
stack at sp + 5 slots: 0x0000000000002736 is an unknown value
stack at sp + 6 slots: 0x0 is null
stack at sp + 7 slots: 0x00000000000012c8 is an unknown value


---------------  P R O C E S S  ---------------

Threads class SMR info:
_java_thread_list=0x000001d2f31a91c0, length=60, elements={
0x000001d28ee30ec0, 0x000001d28eed8400, 0x000001d2a3a2df70, 0x000001d28eede890,
0x000001d28eee3680, 0x000001d28eee6ab0, 0x000001d28eeea010, 0x000001d2e5f8ff20,
0x000001d2e5fb40c0, 0x000001d2e5fb17e0, 0x000001d2e6090fb0, 0x000001d2e5fb2c50,
0x000001d2ec04fa00, 0x000001d2eca65890, 0x000001d2ec8946f0, 0x000001d2ece2cf20,
0x000001d2ec6d0060, 0x000001d2ed0a5590, 0x000001d2ed0a4f00, 0x000001d2ed0a62b0,
0x000001d2ed0a3b50, 0x000001d2ed0a6fd0, 0x000001d2ed0a6940, 0x000001d2ed0a4870,
0x000001d2ed06e1f0, 0x000001d2ed06c120, 0x000001d2ed06d4d0, 0x000001d2ed06ba90,
0x000001d2ed06ce40, 0x000001d2ed06e880, 0x000001d2ed06db60, 0x000001d2ed06f5a0,
0x000001d2ed06ef10, 0x000001d2ed06fc30, 0x000001d2ed06c7b0, 0x000001d2ed070950,
0x000001d2ed072a20, 0x000001d2ed071670, 0x000001d2ed0702c0, 0x000001d2ed070fe0,
0x000001d2ed071d00, 0x000001d2ed0730b0, 0x000001d2ed072390, 0x000001d2ee63c530,
0x000001d2ee63cbc0, 0x000001d2ee63df70, 0x000001d2ee63e600, 0x000001d2ee63bea0,
0x000001d2ee6406d0, 0x000001d2ee63d250, 0x000001d2ee640d60, 0x000001d2ee6427a0,
0x000001d2ee642110, 0x000001d2ee6413f0, 0x000001d2ee641a80, 0x000001d2ee63f320,
0x000001d2ee642e30, 0x000001d2ee6434c0, 0x000001d2ed0a5c20, 0x000001d2ef2f20f0
}

Java Threads: ( => current thread )
  0x000001d28ee30ec0 JavaThread "main"                              [_thread_blocked, id=10496, stack(0x0000004262800000,0x0000004262900000) (1024K)]
  0x000001d28eed8400 JavaThread "Reference Handler"          daemon [_thread_blocked, id=29732, stack(0x0000004262c00000,0x0000004262d00000) (1024K)]
  0x000001d2a3a2df70 JavaThread "Finalizer"                  daemon [_thread_blocked, id=24484, stack(0x0000004262d00000,0x0000004262e00000) (1024K)]
  0x000001d28eede890 JavaThread "Signal Dispatcher"          daemon [_thread_blocked, id=24460, stack(0x0000004262e00000,0x0000004262f00000) (1024K)]
  0x000001d28eee3680 JavaThread "Attach Listener"            daemon [_thread_blocked, id=14704, stack(0x0000004262f00000,0x0000004263000000) (1024K)]
  0x000001d28eee6ab0 JavaThread "Service Thread"             daemon [_thread_blocked, id=1084, stack(0x0000004263000000,0x0000004263100000) (1024K)]
  0x000001d28eeea010 JavaThread "Monitor Deflation Thread"   daemon [_thread_blocked, id=17616, stack(0x0000004263100000,0x0000004263200000) (1024K)]
  0x000001d2e5f8ff20 JavaThread "C2 CompilerThread0"         daemon [_thread_in_native, id=7940, stack(0x0000004263200000,0x0000004263300000) (1024K)]
  0x000001d2e5fb40c0 JavaThread "C1 CompilerThread0"         daemon [_thread_blocked, id=34876, stack(0x0000004263300000,0x0000004263400000) (1024K)]
  0x000001d2e5fb17e0 JavaThread "C1 CompilerThread1"         daemon [_thread_blocked, id=17864, stack(0x0000004263400000,0x0000004263500000) (1024K)]
  0x000001d2e6090fb0 JavaThread "Common-Cleaner"             daemon [_thread_blocked, id=26996, stack(0x0000004263500000,0x0000004263600000) (1024K)]
  0x000001d2e5fb2c50 JavaThread "C1 CompilerThread2"         daemon [_thread_blocked, id=28644, stack(0x0000004264900000,0x0000004264a00000) (1024K)]
  0x000001d2ec04fa00 JavaThread "Notification Thread"        daemon [_thread_blocked, id=16628, stack(0x0000004264b00000,0x0000004264c00000) (1024K)]
  0x000001d2eca65890 JavaThread "Active Thread: Equinox Container: 72f1fb42-7841-4ec4-82ca-55d8023bcea0"        [_thread_blocked, id=25148, stack(0x0000004265400000,0x0000004265500000) (1024K)]
  0x000001d2ec8946f0 JavaThread "Refresh Thread: Equinox Container: 72f1fb42-7841-4ec4-82ca-55d8023bcea0" daemon [_thread_blocked, id=33612, stack(0x0000004265600000,0x0000004265700000) (1024K)]
  0x000001d2ece2cf20 JavaThread "Framework Event Dispatcher: Equinox Container: 72f1fb42-7841-4ec4-82ca-55d8023bcea0" daemon [_thread_blocked, id=13972, stack(0x0000004265700000,0x0000004265800000) (1024K)]
  0x000001d2ec6d0060 JavaThread "Start Level: Equinox Container: 72f1fb42-7841-4ec4-82ca-55d8023bcea0" daemon [_thread_blocked, id=15812, stack(0x0000004265800000,0x0000004265900000) (1024K)]
  0x000001d2ed0a5590 JavaThread "Bundle File Closer"         daemon [_thread_blocked, id=35580, stack(0x0000004265c00000,0x0000004265d00000) (1024K)]
  0x000001d2ed0a4f00 JavaThread "SCR Component Actor"        daemon [_thread_blocked, id=19904, stack(0x0000004265d00000,0x0000004265e00000) (1024K)]
  0x000001d2ed0a62b0 JavaThread "Worker-JM"                         [_thread_blocked, id=11496, stack(0x0000004266000000,0x0000004266100000) (1024K)]
  0x000001d2ed0a3b50 JavaThread "Worker-0"                          [_thread_blocked, id=33372, stack(0x0000004266100000,0x0000004266200000) (1024K)]
  0x000001d2ed0a6fd0 JavaThread "Worker-1: Initialize Workspace"        [_thread_blocked, id=30692, stack(0x0000004266200000,0x0000004266300000) (1024K)]
  0x000001d2ed0a6940 JavaThread "Java indexing"              daemon [_thread_blocked, id=15916, stack(0x0000004265200000,0x0000004265300000) (1024K)]
  0x000001d2ed0a4870 JavaThread "JNA Cleaner"                daemon [_thread_blocked, id=14216, stack(0x0000004266300000,0x0000004266400000) (1024K)]
  0x000001d2ed06e1f0 JavaThread "Worker-2"                          [_thread_blocked, id=21080, stack(0x0000004266700000,0x0000004266800000) (1024K)]
  0x000001d2ed06c120 JavaThread "Worker-3"                          [_thread_blocked, id=28076, stack(0x0000004266800000,0x0000004266900000) (1024K)]
  0x000001d2ed06d4d0 JavaThread "Thread-2"                   daemon [_thread_in_native, id=35036, stack(0x0000004266900000,0x0000004266a00000) (1024K)]
  0x000001d2ed06ba90 JavaThread "Thread-3"                   daemon [_thread_in_native, id=11376, stack(0x0000004266a00000,0x0000004266b00000) (1024K)]
  0x000001d2ed06ce40 JavaThread "Thread-4"                   daemon [_thread_in_native, id=18720, stack(0x0000004266b00000,0x0000004266c00000) (1024K)]
  0x000001d2ed06e880 JavaThread "Thread-5"                   daemon [_thread_in_native, id=28308, stack(0x0000004266c00000,0x0000004266d00000) (1024K)]
  0x000001d2ed06db60 JavaThread "Thread-6"                   daemon [_thread_in_native, id=25644, stack(0x0000004266d00000,0x0000004266e00000) (1024K)]
  0x000001d2ed06f5a0 JavaThread "Thread-7"                   daemon [_thread_in_native, id=24560, stack(0x0000004266e00000,0x0000004266f00000) (1024K)]
  0x000001d2ed06ef10 JavaThread "Thread-8"                   daemon [_thread_in_native, id=11072, stack(0x0000004266f00000,0x0000004267000000) (1024K)]
  0x000001d2ed06fc30 JavaThread "Thread-9"                   daemon [_thread_in_native, id=33888, stack(0x0000004267000000,0x0000004267100000) (1024K)]
  0x000001d2ed06c7b0 JavaThread "Thread-10"                  daemon [_thread_in_native, id=18152, stack(0x0000004267100000,0x0000004267200000) (1024K)]
  0x000001d2ed070950 JavaThread "Thread-11"                  daemon [_thread_in_native, id=29496, stack(0x0000004267200000,0x0000004267300000) (1024K)]
  0x000001d2ed072a20 JavaThread "Thread-12"                  daemon [_thread_in_native, id=14120, stack(0x0000004267300000,0x0000004267400000) (1024K)]
  0x000001d2ed071670 JavaThread "Thread-13"                  daemon [_thread_in_native, id=29836, stack(0x0000004267400000,0x0000004267500000) (1024K)]
  0x000001d2ed0702c0 JavaThread "Thread-14"                  daemon [_thread_in_native, id=33564, stack(0x0000004267500000,0x0000004267600000) (1024K)]
  0x000001d2ed070fe0 JavaThread "Thread-15"                  daemon [_thread_in_native, id=27456, stack(0x0000004267600000,0x0000004267700000) (1024K)]
  0x000001d2ed071d00 JavaThread "Thread-16"                  daemon [_thread_in_native, id=19880, stack(0x0000004267700000,0x0000004267800000) (1024K)]
  0x000001d2ed0730b0 JavaThread "Thread-17"                  daemon [_thread_in_native, id=24204, stack(0x0000004267800000,0x0000004267900000) (1024K)]
  0x000001d2ed072390 JavaThread "Thread-18"                  daemon [_thread_in_native, id=28932, stack(0x0000004267900000,0x0000004267a00000) (1024K)]
  0x000001d2ee63c530 JavaThread "pool-2-thread-1"                   [_thread_blocked, id=12940, stack(0x0000004267d00000,0x0000004267e00000) (1024K)]
  0x000001d2ee63cbc0 JavaThread "WorkspaceEventsHandler"            [_thread_blocked, id=28944, stack(0x0000004267e00000,0x0000004267f00000) (1024K)]
  0x000001d2ee63df70 JavaThread "pool-1-thread-1"                   [_thread_blocked, id=20548, stack(0x0000004267f00000,0x0000004268000000) (1024K)]
  0x000001d2ee63e600 JavaThread "Worker-4"                          [_thread_blocked, id=35240, stack(0x0000004268200000,0x0000004268300000) (1024K)]
  0x000001d2ee63bea0 JavaThread "Timer-0"                           [_thread_blocked, id=31988, stack(0x0000004267a00000,0x0000004267b00000) (1024K)]
  0x000001d2ee6406d0 JavaThread "Timer-1"                           [_thread_blocked, id=30900, stack(0x0000004267b00000,0x0000004267c00000) (1024K)]
  0x000001d2ee63d250 JavaThread "Timer-2"                           [_thread_blocked, id=24736, stack(0x0000004267c00000,0x0000004267d00000) (1024K)]
  0x000001d2ee640d60 JavaThread "LocalFile Deleter"          daemon [_thread_blocked, id=30588, stack(0x0000004268000000,0x0000004268100000) (1024K)]
  0x000001d2ee6427a0 JavaThread "LocalFile Deleter"          daemon [_thread_blocked, id=28500, stack(0x0000004268100000,0x0000004268200000) (1024K)]
  0x000001d2ee642110 JavaThread "LocalFile Deleter"          daemon [_thread_blocked, id=34380, stack(0x0000004268300000,0x0000004268400000) (1024K)]
  0x000001d2ee6413f0 JavaThread "Timer-3"                           [_thread_blocked, id=25156, stack(0x0000004268400000,0x0000004268500000) (1024K)]
  0x000001d2ee641a80 JavaThread "Timer-4"                           [_thread_blocked, id=31136, stack(0x0000004268500000,0x0000004268600000) (1024K)]
=>0x000001d2ee63f320 JavaThread "Connection worker"                 [_thread_in_native, id=18628, stack(0x0000004268600000,0x0000004268700000) (1024K)]
  0x000001d2ee642e30 JavaThread "pool-3-thread-1"                   [_thread_blocked, id=17592, stack(0x0000004265e00000,0x0000004265f00000) (1024K)]
  0x000001d2ee6434c0 JavaThread "Exec process"                      [_thread_blocked, id=17744, stack(0x0000004268800000,0x0000004268900000) (1024K)]
  0x000001d2ed0a5c20 JavaThread "Exec process Thread 2"             [_thread_blocked, id=33608, stack(0x0000004268900000,0x0000004268a00000) (1024K)]
  0x000001d2ef2f20f0 JavaThread "Exec process Thread 3"             [_thread_blocked, id=35532, stack(0x0000004268a00000,0x0000004268b00000) (1024K)]
Total: 60

Other Threads:
  0x000001d28eed3b20 VMThread "VM Thread"                           [id=22672, stack(0x0000004262b00000,0x0000004262c00000) (1024K)]
  0x000001d2a390ba00 WatcherThread "VM Periodic Task Thread"        [id=20512, stack(0x0000004262a00000,0x0000004262b00000) (1024K)]
  0x000001d28ee4f820 WorkerThread "GC Thread#0"                     [id=35692, stack(0x0000004262900000,0x0000004262a00000) (1024K)]
  0x000001d2ec8d37b0 WorkerThread "GC Thread#1"                     [id=29056, stack(0x0000004264c00000,0x0000004264d00000) (1024K)]
  0x000001d2ec8d2070 WorkerThread "GC Thread#2"                     [id=24444, stack(0x0000004264d00000,0x0000004264e00000) (1024K)]
  0x000001d2ec8d2410 WorkerThread "GC Thread#3"                     [id=19264, stack(0x0000004264e00000,0x0000004264f00000) (1024K)]
  0x000001d2ec4fee50 WorkerThread "GC Thread#4"                     [id=26740, stack(0x0000004264f00000,0x0000004265000000) (1024K)]
  0x000001d2ec4ff1f0 WorkerThread "GC Thread#5"                     [id=29468, stack(0x0000004265000000,0x0000004265100000) (1024K)]
  0x000001d2ec4ff590 WorkerThread "GC Thread#6"                     [id=29132, stack(0x0000004265100000,0x0000004265200000) (1024K)]
  0x000001d2ec946860 WorkerThread "GC Thread#7"                     [id=33428, stack(0x0000004265500000,0x0000004265600000) (1024K)]
  0x000001d2eca09fe0 WorkerThread "GC Thread#8"                     [id=17176, stack(0x0000004265900000,0x0000004265a00000) (1024K)]
  0x000001d2ecf6fdf0 WorkerThread "GC Thread#9"                     [id=14984, stack(0x0000004265a00000,0x0000004265b00000) (1024K)]
  0x000001d2ecf6fa50 WorkerThread "GC Thread#10"                    [id=25360, stack(0x0000004265b00000,0x0000004265c00000) (1024K)]
  0x000001d2ecf6ebd0 WorkerThread "GC Thread#11"                    [id=26092, stack(0x0000004265f00000,0x0000004266000000) (1024K)]
  0x000001d2ecf6f6b0 WorkerThread "GC Thread#12"                    [id=35752, stack(0x0000004265300000,0x0000004265400000) (1024K)]
Total: 15

Threads with active compile tasks:
C2 CompilerThread0  10021 7768   !   4       jdk.internal.loader.BuiltinClassLoader::loadClassOrNull (143 bytes)
Total: 1

VM state: not at safepoint (normal execution)

VM Mutex/Monitor currently owned by a thread: None

Heap address: 0x00000000c0000000, size: 1024 MB, Compressed Oops mode: 32-bit

CDS archive(s) mapped at: [0x000001d2a4000000-0x000001d2a4ba0000-0x000001d2a4ba0000), size 12189696, SharedBaseAddress: 0x000001d2a4000000, ArchiveRelocationMode: 1.
Compressed class space mapped at: 0x000001d2a5000000-0x000001d2e5000000, reserved size: 1073741824
Narrow klass base: 0x000001d2a4000000, Narrow klass shift: 0, Narrow klass range: 0x100000000

GC Precious Log:
 CardTable entry size: 512
 CPUs: 16 total, 16 available
 Memory: 16096M
 Large Page Support: Disabled
 NUMA Support: Disabled
 Compressed Oops: Enabled (32-bit)
 Alignments: Space 512K, Generation 512K, Heap 2M
 Heap Min Capacity: 100M
 Heap Initial Capacity: 100M
 Heap Max Capacity: 1G
 Pre-touch: Disabled
 Parallel Workers: 13

Heap:
 PSYoungGen      total 15872K, used 8812K [0x00000000eab00000, 0x00000000ebd80000, 0x0000000100000000)
  eden space 14848K, 55% used [0x00000000eab00000,0x00000000eb301648,0x00000000eb980000)
  from space 1024K, 60% used [0x00000000ebc00000,0x00000000ebc99a48,0x00000000ebd00000)
  to   space 512K, 0% used [0x00000000ebd00000,0x00000000ebd00000,0x00000000ebd80000)
 ParOldGen       total 68608K, used 42140K [0x00000000c0000000, 0x00000000c4300000, 0x00000000eab00000)
  object space 68608K, 61% used [0x00000000c0000000,0x00000000c29273f8,0x00000000c4300000)
 Metaspace       used 62372K, committed 63680K, reserved 1114112K
  class space    used 7717K, committed 8320K, reserved 1048576K

Card table byte_map: [0x000001d2a12c0000,0x000001d2a14d0000] _byte_map_base: 0x000001d2a0cc0000

Marking Bits: (ParMarkBitMap*) 0x00007ff8205931f0
 Begin Bits: [0x000001d2a1630000, 0x000001d2a2630000)
 End Bits:   [0x000001d2a2630000, 0x000001d2a3630000)

Polling page: 0x000001d28d610000

Metaspace:

Usage:
  Non-class:     53.37 MB used.
      Class:      7.54 MB used.
       Both:     60.91 MB used.

Virtual space:
  Non-class space:       64.00 MB reserved,      54.06 MB ( 84%) committed,  1 nodes.
      Class space:        1.00 GB reserved,       8.12 MB ( <1%) committed,  1 nodes.
             Both:        1.06 GB reserved,      62.19 MB (  6%) committed. 

Chunk freelists:
   Non-Class:  9.95 MB
       Class:  7.88 MB
        Both:  17.83 MB

MaxMetaspaceSize: unlimited
CompressedClassSpaceSize: 1.00 GB
Initial GC threshold: 21.00 MB
Current GC threshold: 97.31 MB
CDS: on
 - commit_granule_bytes: 65536.
 - commit_granule_words: 8192.
 - virtual_space_node_default_size: 8388608.
 - enlarge_chunks_in_place: 1.
 - use_allocation_guard: 0.


Internal statistics:

num_allocs_failed_limit: 9.
num_arena_births: 1134.
num_arena_deaths: 14.
num_vsnodes_births: 2.
num_vsnodes_deaths: 0.
num_space_committed: 995.
num_space_uncommitted: 0.
num_chunks_returned_to_freelist: 23.
num_chunks_taken_from_freelist: 3762.
num_chunk_merges: 15.
num_chunk_splits: 2501.
num_chunks_enlarged: 1623.
num_inconsistent_stats: 0.

CodeHeap 'non-profiled nmethods': size=119168Kb used=4798Kb max_used=4798Kb free=114369Kb
 bounds [0x000001d299c80000, 0x000001d29a130000, 0x000001d2a10e0000]
CodeHeap 'profiled nmethods': size=119104Kb used=14108Kb max_used=14429Kb free=104995Kb
 bounds [0x000001d2920e0000, 0x000001d292f00000, 0x000001d299530000]
CodeHeap 'non-nmethods': size=7488Kb used=2514Kb max_used=3167Kb free=4974Kb
 bounds [0x000001d299530000, 0x000001d299860000, 0x000001d299c80000]
 total_blobs=7664 nmethods=6975 adapters=593
 compilation: enabled
              stopped_count=0, restarted_count=0
 full_count=0

Compilation events (20 events):
Event: 9.951 Thread 0x000001d2e5fb2c50 7784       3       java.security.Provider::implRemoveService (149 bytes)
Event: 9.951 Thread 0x000001d2e5fb17e0 nmethod 7783 0x000001d292969410 code [0x000001d2929695e0, 0x000001d292969940]
Event: 9.951 Thread 0x000001d2e5fb17e0 7786       3       java.security.Provider::checkAndUpdateSecureRandom (88 bytes)
Event: 9.951 Thread 0x000001d2e5fb17e0 nmethod 7786 0x000001d292a71510 code [0x000001d292a716e0, 0x000001d292a71a80]
Event: 9.951 Thread 0x000001d2e5fb2c50 nmethod 7784 0x000001d29272c810 code [0x000001d29272cac0, 0x000001d29272d740]
Event: 9.951 Thread 0x000001d2e5fb40c0 nmethod 7785 0x000001d2929e5090 code [0x000001d2929e5580, 0x000001d2929e78b0]
Event: 9.957 Thread 0x000001d2e5fb40c0 7787       3       java.util.HashMap::computeIfAbsent (330 bytes)
Event: 9.958 Thread 0x000001d2e5fb17e0 7788       3       sun.security.util.SecurityProviderConstants::getAliases (63 bytes)
Event: 9.958 Thread 0x000001d2e5fb2c50 7789       3       java.util.HashMap::afterNodeAccess (1 bytes)
Event: 9.958 Thread 0x000001d2e5fb2c50 nmethod 7789 0x000001d292aca790 code [0x000001d292aca920, 0x000001d292acaa28]
Event: 9.958 Thread 0x000001d2e5fb17e0 nmethod 7788 0x000001d29294e210 code [0x000001d29294e480, 0x000001d29294ed20]
Event: 9.958 Thread 0x000001d2e5fb40c0 nmethod 7787 0x000001d292643710 code [0x000001d292643a40, 0x000001d292644fb8]
Event: 9.962 Thread 0x000001d2e5fb40c0 7790       1       java.nio.DirectByteBuffer::attachment (5 bytes)
Event: 9.962 Thread 0x000001d2e5fb40c0 nmethod 7790 0x000001d29a12f790 code [0x000001d29a12f920, 0x000001d29a12f9e8]
Event: 9.965 Thread 0x000001d2e5fb40c0 7791       3       java.security.MessageDigest::update (11 bytes)
Event: 9.965 Thread 0x000001d2e5fb17e0 7792       3       java.security.MessageDigest$Delegate::engineUpdate (9 bytes)
Event: 9.965 Thread 0x000001d2e5fb2c50 7793       3       sun.security.provider.DigestBase::engineUpdate (32 bytes)
Event: 9.965 Thread 0x000001d2e5fb17e0 nmethod 7792 0x000001d2929e4b90 code [0x000001d2929e4d40, 0x000001d2929e4f18]
Event: 9.965 Thread 0x000001d2e5fb40c0 nmethod 7791 0x000001d292a70e10 code [0x000001d292a70fc0, 0x000001d292a71280]
Event: 9.965 Thread 0x000001d2e5fb2c50 nmethod 7793 0x000001d29272c310 code [0x000001d29272c4c0, 0x000001d29272c728]

GC Heap History (20 events):
Event: 6.133 GC heap before
{Heap before GC invocations=41 (full 3):
 PSYoungGen      total 15872K, used 15869K [0x00000000eab00000, 0x00000000ebf80000, 0x0000000100000000)
  eden space 14848K, 100% used [0x00000000eab00000,0x00000000eb980000,0x00000000eb980000)
  from space 1024K, 99% used [0x00000000ebd80000,0x00000000ebe7f4c8,0x00000000ebe80000)
  to   space 1024K, 0% used [0x00000000ebe80000,0x00000000ebe80000,0x00000000ebf80000)
 ParOldGen       total 68608K, used 39055K [0x00000000c0000000, 0x00000000c4300000, 0x00000000eab00000)
  object space 68608K, 56% used [0x00000000c0000000,0x00000000c2623ea8,0x00000000c4300000)
 Metaspace       used 58774K, committed 59968K, reserved 1114112K
  class space    used 7200K, committed 7744K, reserved 1048576K
}
Event: 6.134 GC heap after
{Heap after GC invocations=41 (full 3):
 PSYoungGen      total 15872K, used 1000K [0x00000000eab00000, 0x00000000ebf80000, 0x0000000100000000)
  eden space 14848K, 0% used [0x00000000eab00000,0x00000000eab00000,0x00000000eb980000)
  from space 1024K, 97% used [0x00000000ebe80000,0x00000000ebf7a340,0x00000000ebf80000)
  to   space 1536K, 0% used [0x00000000ebc80000,0x00000000ebc80000,0x00000000ebe00000)
 ParOldGen       total 68608K, used 39144K [0x00000000c0000000, 0x00000000c4300000, 0x00000000eab00000)
  object space 68608K, 57% used [0x00000000c0000000,0x00000000c263a138,0x00000000c4300000)
 Metaspace       used 58774K, committed 59968K, reserved 1114112K
  class space    used 7200K, committed 7744K, reserved 1048576K
}
Event: 6.185 GC heap before
{Heap before GC invocations=42 (full 3):
 PSYoungGen      total 15872K, used 15848K [0x00000000eab00000, 0x00000000ebf80000, 0x0000000100000000)
  eden space 14848K, 100% used [0x00000000eab00000,0x00000000eb980000,0x00000000eb980000)
  from space 1024K, 97% used [0x00000000ebe80000,0x00000000ebf7a340,0x00000000ebf80000)
  to   space 1536K, 0% used [0x00000000ebc80000,0x00000000ebc80000,0x00000000ebe00000)
 ParOldGen       total 68608K, used 39144K [0x00000000c0000000, 0x00000000c4300000, 0x00000000eab00000)
  object space 68608K, 57% used [0x00000000c0000000,0x00000000c263a138,0x00000000c4300000)
 Metaspace       used 58774K, committed 59968K, reserved 1114112K
  class space    used 7200K, committed 7744K, reserved 1048576K
}
Event: 6.186 GC heap after
{Heap after GC invocations=42 (full 3):
 PSYoungGen      total 16384K, used 384K [0x00000000eab00000, 0x00000000ebf00000, 0x0000000100000000)
  eden space 14848K, 0% used [0x00000000eab00000,0x00000000eab00000,0x00000000eb980000)
  from space 1536K, 25% used [0x00000000ebc80000,0x00000000ebce0000,0x00000000ebe00000)
  to   space 1024K, 0% used [0x00000000ebe00000,0x00000000ebe00000,0x00000000ebf00000)
 ParOldGen       total 68608K, used 39334K [0x00000000c0000000, 0x00000000c4300000, 0x00000000eab00000)
  object space 68608K, 57% used [0x00000000c0000000,0x00000000c2669b68,0x00000000c4300000)
 Metaspace       used 58774K, committed 59968K, reserved 1114112K
  class space    used 7200K, committed 7744K, reserved 1048576K
}
Event: 6.251 GC heap before
{Heap before GC invocations=43 (full 3):
 PSYoungGen      total 16384K, used 15232K [0x00000000eab00000, 0x00000000ebf00000, 0x0000000100000000)
  eden space 14848K, 100% used [0x00000000eab00000,0x00000000eb980000,0x00000000eb980000)
  from space 1536K, 25% used [0x00000000ebc80000,0x00000000ebce0000,0x00000000ebe00000)
  to   space 1024K, 0% used [0x00000000ebe00000,0x00000000ebe00000,0x00000000ebf00000)
 ParOldGen       total 68608K, used 39334K [0x00000000c0000000, 0x00000000c4300000, 0x00000000eab00000)
  object space 68608K, 57% used [0x00000000c0000000,0x00000000c2669b68,0x00000000c4300000)
 Metaspace       used 58774K, committed 59968K, reserved 1114112K
  class space    used 7200K, committed 7744K, reserved 1048576K
}
Event: 6.253 GC heap after
{Heap after GC invocations=43 (full 3):
 PSYoungGen      total 15872K, used 1012K [0x00000000eab00000, 0x00000000ebf00000, 0x0000000100000000)
  eden space 14848K, 0% used [0x00000000eab00000,0x00000000eab00000,0x00000000eb980000)
  from space 1024K, 98% used [0x00000000ebe00000,0x00000000ebefd000,0x00000000ebf00000)
  to   space 1536K, 0% used [0x00000000ebc00000,0x00000000ebc00000,0x00000000ebd80000)
 ParOldGen       total 68608K, used 39580K [0x00000000c0000000, 0x00000000c4300000, 0x00000000eab00000)
  object space 68608K, 57% used [0x00000000c0000000,0x00000000c26a72a0,0x00000000c4300000)
 Metaspace       used 58774K, committed 59968K, reserved 1114112K
  class space    used 7200K, committed 7744K, reserved 1048576K
}
Event: 6.327 GC heap before
{Heap before GC invocations=44 (full 3):
 PSYoungGen      total 15872K, used 15860K [0x00000000eab00000, 0x00000000ebf00000, 0x0000000100000000)
  eden space 14848K, 100% used [0x00000000eab00000,0x00000000eb980000,0x00000000eb980000)
  from space 1024K, 98% used [0x00000000ebe00000,0x00000000ebefd000,0x00000000ebf00000)
  to   space 1536K, 0% used [0x00000000ebc00000,0x00000000ebc00000,0x00000000ebd80000)
 ParOldGen       total 68608K, used 39580K [0x00000000c0000000, 0x00000000c4300000, 0x00000000eab00000)
  object space 68608K, 57% used [0x00000000c0000000,0x00000000c26a72a0,0x00000000c4300000)
 Metaspace       used 58774K, committed 59968K, reserved 1114112K
  class space    used 7200K, committed 7744K, reserved 1048576K
}
Event: 6.327 GC heap after
{Heap after GC invocations=44 (full 3):
 PSYoungGen      total 16384K, used 603K [0x00000000eab00000, 0x00000000ebe80000, 0x0000000100000000)
  eden space 14848K, 0% used [0x00000000eab00000,0x00000000eab00000,0x00000000eb980000)
  from space 1536K, 39% used [0x00000000ebc00000,0x00000000ebc96e30,0x00000000ebd80000)
  to   space 1024K, 0% used [0x00000000ebd80000,0x00000000ebd80000,0x00000000ebe80000)
 ParOldGen       total 68608K, used 39644K [0x00000000c0000000, 0x00000000c4300000, 0x00000000eab00000)
  object space 68608K, 57% used [0x00000000c0000000,0x00000000c26b72a0,0x00000000c4300000)
 Metaspace       used 58774K, committed 59968K, reserved 1114112K
  class space    used 7200K, committed 7744K, reserved 1048576K
}
Event: 6.377 GC heap before
{Heap before GC invocations=45 (full 3):
 PSYoungGen      total 16384K, used 15450K [0x00000000eab00000, 0x00000000ebe80000, 0x0000000100000000)
  eden space 14848K, 99% used [0x00000000eab00000,0x00000000eb97fd30,0x00000000eb980000)
  from space 1536K, 39% used [0x00000000ebc00000,0x00000000ebc96e30,0x00000000ebd80000)
  to   space 1024K, 0% used [0x00000000ebd80000,0x00000000ebd80000,0x00000000ebe80000)
 ParOldGen       total 68608K, used 39644K [0x00000000c0000000, 0x00000000c4300000, 0x00000000eab00000)
  object space 68608K, 57% used [0x00000000c0000000,0x00000000c26b72a0,0x00000000c4300000)
 Metaspace       used 58774K, committed 59968K, reserved 1114112K
  class space    used 7200K, committed 7744K, reserved 1048576K
}
Event: 6.377 GC heap after
{Heap after GC invocations=45 (full 3):
 PSYoungGen      total 15872K, used 532K [0x00000000eab00000, 0x00000000ebe80000, 0x0000000100000000)
  eden space 14848K, 0% used [0x00000000eab00000,0x00000000eab00000,0x00000000eb980000)
  from space 1024K, 52% used [0x00000000ebd80000,0x00000000ebe052a0,0x00000000ebe80000)
  to   space 1024K, 0% used [0x00000000ebc80000,0x00000000ebc80000,0x00000000ebd80000)
 ParOldGen       total 68608K, used 40148K [0x00000000c0000000, 0x00000000c4300000, 0x00000000eab00000)
  object space 68608K, 58% used [0x00000000c0000000,0x00000000c2735148,0x00000000c4300000)
 Metaspace       used 58774K, committed 59968K, reserved 1114112K
  class space    used 7200K, committed 7744K, reserved 1048576K
}
Event: 6.432 GC heap before
{Heap before GC invocations=46 (full 3):
 PSYoungGen      total 15872K, used 15380K [0x00000000eab00000, 0x00000000ebe80000, 0x0000000100000000)
  eden space 14848K, 100% used [0x00000000eab00000,0x00000000eb980000,0x00000000eb980000)
  from space 1024K, 52% used [0x00000000ebd80000,0x00000000ebe052a0,0x00000000ebe80000)
  to   space 1024K, 0% used [0x00000000ebc80000,0x00000000ebc80000,0x00000000ebd80000)
 ParOldGen       total 68608K, used 40148K [0x00000000c0000000, 0x00000000c4300000, 0x00000000eab00000)
  object space 68608K, 58% used [0x00000000c0000000,0x00000000c2735148,0x00000000c4300000)
 Metaspace       used 58774K, committed 59968K, reserved 1114112K
  class space    used 7200K, committed 7744K, reserved 1048576K
}
Event: 6.432 GC heap after
{Heap after GC invocations=46 (full 3):
 PSYoungGen      total 15872K, used 1015K [0x00000000eab00000, 0x00000000ebe00000, 0x0000000100000000)
  eden space 14848K, 0% used [0x00000000eab00000,0x00000000eab00000,0x00000000eb980000)
  from space 1024K, 99% used [0x00000000ebc80000,0x00000000ebd7dd40,0x00000000ebd80000)
  to   space 512K, 0% used [0x00000000ebd80000,0x00000000ebd80000,0x00000000ebe00000)
 ParOldGen       total 68608K, used 40518K [0x00000000c0000000, 0x00000000c4300000, 0x00000000eab00000)
  object space 68608K, 59% used [0x00000000c0000000,0x00000000c2791a28,0x00000000c4300000)
 Metaspace       used 58774K, committed 59968K, reserved 1114112K
  class space    used 7200K, committed 7744K, reserved 1048576K
}
Event: 6.495 GC heap before
{Heap before GC invocations=47 (full 3):
 PSYoungGen      total 15872K, used 15863K [0x00000000eab00000, 0x00000000ebe00000, 0x0000000100000000)
  eden space 14848K, 100% used [0x00000000eab00000,0x00000000eb980000,0x00000000eb980000)
  from space 1024K, 99% used [0x00000000ebc80000,0x00000000ebd7dd40,0x00000000ebd80000)
  to   space 512K, 0% used [0x00000000ebd80000,0x00000000ebd80000,0x00000000ebe00000)
 ParOldGen       total 68608K, used 40518K [0x00000000c0000000, 0x00000000c4300000, 0x00000000eab00000)
  object space 68608K, 59% used [0x00000000c0000000,0x00000000c2791a28,0x00000000c4300000)
 Metaspace       used 58775K, committed 59968K, reserved 1114112K
  class space    used 7200K, committed 7744K, reserved 1048576K
}
Event: 6.495 GC heap after
{Heap after GC invocations=47 (full 3):
 PSYoungGen      total 15360K, used 320K [0x00000000eab00000, 0x00000000ebe00000, 0x0000000100000000)
  eden space 14848K, 0% used [0x00000000eab00000,0x00000000eab00000,0x00000000eb980000)
  from space 512K, 62% used [0x00000000ebd80000,0x00000000ebdd0000,0x00000000ebe00000)
  to   space 1024K, 0% used [0x00000000ebc00000,0x00000000ebc00000,0x00000000ebd00000)
 ParOldGen       total 68608K, used 40598K [0x00000000c0000000, 0x00000000c4300000, 0x00000000eab00000)
  object space 68608K, 59% used [0x00000000c0000000,0x00000000c27a5a28,0x00000000c4300000)
 Metaspace       used 58775K, committed 59968K, reserved 1114112K
  class space    used 7200K, committed 7744K, reserved 1048576K
}
Event: 6.550 GC heap before
{Heap before GC invocations=48 (full 3):
 PSYoungGen      total 15360K, used 15168K [0x00000000eab00000, 0x00000000ebe00000, 0x0000000100000000)
  eden space 14848K, 100% used [0x00000000eab00000,0x00000000eb980000,0x00000000eb980000)
  from space 512K, 62% used [0x00000000ebd80000,0x00000000ebdd0000,0x00000000ebe00000)
  to   space 1024K, 0% used [0x00000000ebc00000,0x00000000ebc00000,0x00000000ebd00000)
 ParOldGen       total 68608K, used 40598K [0x00000000c0000000, 0x00000000c4300000, 0x00000000eab00000)
  object space 68608K, 59% used [0x00000000c0000000,0x00000000c27a5a28,0x00000000c4300000)
 Metaspace       used 58776K, committed 59968K, reserved 1114112K
  class space    used 7200K, committed 7744K, reserved 1048576K
}
Event: 6.550 GC heap after
{Heap after GC invocations=48 (full 3):
 PSYoungGen      total 15872K, used 1010K [0x00000000eab00000, 0x00000000ebe00000, 0x0000000100000000)
  eden space 14848K, 0% used [0x00000000eab00000,0x00000000eab00000,0x00000000eb980000)
  from space 1024K, 98% used [0x00000000ebc00000,0x00000000ebcfcb78,0x00000000ebd00000)
  to   space 1024K, 0% used [0x00000000ebd00000,0x00000000ebd00000,0x00000000ebe00000)
 ParOldGen       total 68608K, used 40816K [0x00000000c0000000, 0x00000000c4300000, 0x00000000eab00000)
  object space 68608K, 59% used [0x00000000c0000000,0x00000000c27dc1b8,0x00000000c4300000)
 Metaspace       used 58776K, committed 59968K, reserved 1114112K
  class space    used 7200K, committed 7744K, reserved 1048576K
}
Event: 6.656 GC heap before
{Heap before GC invocations=49 (full 3):
 PSYoungGen      total 15872K, used 15858K [0x00000000eab00000, 0x00000000ebe00000, 0x0000000100000000)
  eden space 14848K, 100% used [0x00000000eab00000,0x00000000eb980000,0x00000000eb980000)
  from space 1024K, 98% used [0x00000000ebc00000,0x00000000ebcfcb78,0x00000000ebd00000)
  to   space 1024K, 0% used [0x00000000ebd00000,0x00000000ebd00000,0x00000000ebe00000)
 ParOldGen       total 68608K, used 40816K [0x00000000c0000000, 0x00000000c4300000, 0x00000000eab00000)
  object space 68608K, 59% used [0x00000000c0000000,0x00000000c27dc1b8,0x00000000c4300000)
 Metaspace       used 60062K, committed 61376K, reserved 1114112K
  class space    used 7389K, committed 8000K, reserved 1048576K
}
Event: 6.657 GC heap after
{Heap after GC invocations=49 (full 3):
 PSYoungGen      total 15872K, used 640K [0x00000000eab00000, 0x00000000ebe00000, 0x0000000100000000)
  eden space 14848K, 0% used [0x00000000eab00000,0x00000000eab00000,0x00000000eb980000)
  from space 1024K, 62% used [0x00000000ebd00000,0x00000000ebda0010,0x00000000ebe00000)
  to   space 1024K, 0% used [0x00000000ebc00000,0x00000000ebc00000,0x00000000ebd00000)
 ParOldGen       total 68608K, used 40872K [0x00000000c0000000, 0x00000000c4300000, 0x00000000eab00000)
  object space 68608K, 59% used [0x00000000c0000000,0x00000000c27ea1c8,0x00000000c4300000)
 Metaspace       used 60062K, committed 61376K, reserved 1114112K
  class space    used 7389K, committed 8000K, reserved 1048576K
}
Event: 8.199 GC heap before
{Heap before GC invocations=50 (full 3):
 PSYoungGen      total 15872K, used 15474K [0x00000000eab00000, 0x00000000ebe00000, 0x0000000100000000)
  eden space 14848K, 99% used [0x00000000eab00000,0x00000000eb97cb40,0x00000000eb980000)
  from space 1024K, 62% used [0x00000000ebd00000,0x00000000ebda0010,0x00000000ebe00000)
  to   space 1024K, 0% used [0x00000000ebc00000,0x00000000ebc00000,0x00000000ebd00000)
 ParOldGen       total 68608K, used 40872K [0x00000000c0000000, 0x00000000c4300000, 0x00000000eab00000)
  object space 68608K, 59% used [0x00000000c0000000,0x00000000c27ea1c8,0x00000000c4300000)
 Metaspace       used 61654K, committed 62912K, reserved 1114112K
  class space    used 7629K, committed 8192K, reserved 1048576K
}
Event: 8.200 GC heap after
{Heap after GC invocations=50 (full 3):
 PSYoungGen      total 15872K, used 614K [0x00000000eab00000, 0x00000000ebd80000, 0x0000000100000000)
  eden space 14848K, 0% used [0x00000000eab00000,0x00000000eab00000,0x00000000eb980000)
  from space 1024K, 60% used [0x00000000ebc00000,0x00000000ebc99a48,0x00000000ebd00000)
  to   space 512K, 0% used [0x00000000ebd00000,0x00000000ebd00000,0x00000000ebd80000)
 ParOldGen       total 68608K, used 42140K [0x00000000c0000000, 0x00000000c4300000, 0x00000000eab00000)
  object space 68608K, 61% used [0x00000000c0000000,0x00000000c29273f8,0x00000000c4300000)
 Metaspace       used 61654K, committed 62912K, reserved 1114112K
  class space    used 7629K, committed 8192K, reserved 1048576K
}

Dll operation events (15 events):
Event: 0.007 Loaded shared library c:\Users\admin\.cursor\extensions\redhat.java-1.42.0-win32-x64\jre\21.0.7-win32-x86_64\bin\java.dll
Event: 0.051 Loaded shared library c:\Users\admin\.cursor\extensions\redhat.java-1.42.0-win32-x64\jre\21.0.7-win32-x86_64\bin\zip.dll
Event: 0.062 Loaded shared library C:\Users\admin\.cursor\extensions\redhat.java-1.42.0-win32-x64\jre\21.0.7-win32-x86_64\bin\instrument.dll
Event: 0.066 Loaded shared library C:\Users\admin\.cursor\extensions\redhat.java-1.42.0-win32-x64\jre\21.0.7-win32-x86_64\bin\net.dll
Event: 0.072 Loaded shared library C:\Users\admin\.cursor\extensions\redhat.java-1.42.0-win32-x64\jre\21.0.7-win32-x86_64\bin\nio.dll
Event: 0.075 Loaded shared library C:\Users\admin\.cursor\extensions\redhat.java-1.42.0-win32-x64\jre\21.0.7-win32-x86_64\bin\zip.dll
Event: 0.084 Loaded shared library C:\Users\admin\.cursor\extensions\redhat.java-1.42.0-win32-x64\jre\21.0.7-win32-x86_64\bin\jimage.dll
Event: 0.122 Loaded shared library c:\Users\admin\.cursor\extensions\redhat.java-1.42.0-win32-x64\jre\21.0.7-win32-x86_64\bin\verify.dll
Event: 0.727 Loaded shared library C:\Users\admin\AppData\Roaming\Cursor\User\globalStorage\redhat.java\1.42.0\config_win\org.eclipse.equinox.launcher\org.eclipse.equinox.launcher.win32.win32.x86_64_1.2.1300.v20250331-1702\eclipse_11911.dll
Event: 2.156 Loaded shared library C:\Users\admin\.cursor\extensions\redhat.java-1.42.0-win32-x64\jre\21.0.7-win32-x86_64\bin\management.dll
Event: 2.158 Loaded shared library C:\Users\admin\.cursor\extensions\redhat.java-1.42.0-win32-x64\jre\21.0.7-win32-x86_64\bin\management_ext.dll
Event: 2.355 Loaded shared library C:\Users\admin\AppData\Local\Temp\jna-92668751\jna10239388809449033593.dll
Event: 4.672 Loaded shared library C:\Users\admin\.gradle\native\1def1411415f61bf3af743bc5b6707747c0891f09f0c88961ee8f79bc544acac\windows-amd64\native-platform.dll
Event: 6.609 Loaded shared library C:\Users\admin\.cursor\extensions\redhat.java-1.42.0-win32-x64\jre\21.0.7-win32-x86_64\bin\extnet.dll
Event: 9.961 Loaded shared library C:\Users\admin\.cursor\extensions\redhat.java-1.42.0-win32-x64\jre\21.0.7-win32-x86_64\bin\sunmscapi.dll

Deoptimization events (20 events):
Event: 9.957 Thread 0x000001d2ee63f320 Uncommon trap: trap_request=0xffffff45 fr.pc=0x000001d299d33cf8 relative=0x00000000000008b8
Event: 9.957 Thread 0x000001d2ee63f320 Uncommon trap: reason=unstable_if action=reinterpret pc=0x000001d299d33cf8 method=java.util.HashMap.computeIfAbsent(Ljava/lang/Object;Ljava/util/function/Function;)Ljava/lang/Object; @ 294 c2
Event: 9.957 Thread 0x000001d2ee63f320 DEOPT PACKING pc=0x000001d299d33cf8 sp=0x00000042686fc440
Event: 9.957 Thread 0x000001d2ee63f320 DEOPT UNPACKING pc=0x000001d299583aa2 sp=0x00000042686fc3e8 mode 2
Event: 9.966 Thread 0x000001d2ee63f320 Uncommon trap: trap_request=0xffffff45 fr.pc=0x000001d299ff1644 relative=0x0000000000000b84
Event: 9.966 Thread 0x000001d2ee63f320 Uncommon trap: reason=unstable_if action=reinterpret pc=0x000001d299ff1644 method=sun.nio.fs.WindowsPath.openForReadAttributeAccess(Z)J @ 5 c2
Event: 9.966 Thread 0x000001d2ee63f320 DEOPT PACKING pc=0x000001d299ff1644 sp=0x00000042686fe000
Event: 9.966 Thread 0x000001d2ee63f320 DEOPT UNPACKING pc=0x000001d299583aa2 sp=0x00000042686fdfd8 mode 2
Event: 9.966 Thread 0x000001d2ee63f320 Uncommon trap: trap_request=0xffffff45 fr.pc=0x000001d299ff6488 relative=0x0000000000000a68
Event: 9.966 Thread 0x000001d2ee63f320 Uncommon trap: reason=unstable_if action=reinterpret pc=0x000001d299ff6488 method=sun.nio.fs.WindowsNativeDispatcher.asNativeBuffer(Ljava/lang/String;)Lsun/nio/fs/NativeBuffer; @ 52 c2
Event: 9.966 Thread 0x000001d2ee63f320 DEOPT PACKING pc=0x000001d299ff6488 sp=0x00000042686fdf80
Event: 9.966 Thread 0x000001d2ee63f320 DEOPT UNPACKING pc=0x000001d299583aa2 sp=0x00000042686fde28 mode 2
Event: 9.966 Thread 0x000001d2ee63f320 Uncommon trap: trap_request=0xffffff45 fr.pc=0x000001d299ff8b30 relative=0x0000000000000650
Event: 9.966 Thread 0x000001d2ee63f320 Uncommon trap: reason=unstable_if action=reinterpret pc=0x000001d299ff8b30 method=sun.nio.fs.WindowsFileAttributes.isReparsePoint(I)Z @ 5 c2
Event: 9.966 Thread 0x000001d2ee63f320 DEOPT PACKING pc=0x000001d299ff8b30 sp=0x00000042686fe020
Event: 9.966 Thread 0x000001d2ee63f320 DEOPT UNPACKING pc=0x000001d299583aa2 sp=0x00000042686fdf48 mode 2
Event: 9.966 Thread 0x000001d2ee63f320 Uncommon trap: trap_request=0xffffff45 fr.pc=0x000001d299fc4104 relative=0x00000000000001c4
Event: 9.966 Thread 0x000001d2ee63f320 Uncommon trap: reason=unstable_if action=reinterpret pc=0x000001d299fc4104 method=sun.nio.fs.NativeBuffers.getNativeBufferFromCache(I)Lsun/nio/fs/NativeBuffer; @ 34 c2
Event: 9.966 Thread 0x000001d2ee63f320 DEOPT PACKING pc=0x000001d299fc4104 sp=0x00000042686fdf30
Event: 9.966 Thread 0x000001d2ee63f320 DEOPT UNPACKING pc=0x000001d299583aa2 sp=0x00000042686fdeb8 mode 2

Classes loaded (20 events):
Event: 9.963 Loading class com/sun/security/sasl/Provider$1
Event: 9.963 Loading class com/sun/security/sasl/Provider$1 done
Event: 9.963 Loading class com/sun/security/sasl/Provider$ProviderService
Event: 9.963 Loading class com/sun/security/sasl/Provider$ProviderService done
Event: 9.963 Loading class sun/security/provider/certpath/ldap/JdkLDAP
Event: 9.963 Loading class sun/security/provider/certpath/ldap/JdkLDAP done
Event: 9.963 Loading class sun/security/provider/certpath/ldap/JdkLDAP$ProviderService
Event: 9.963 Loading class sun/security/provider/certpath/ldap/JdkLDAP$ProviderService done
Event: 9.964 Loading class sun/nio/ch/ServerSocketChannelImpl
Event: 9.964 Loading class sun/nio/ch/ServerSocketChannelImpl done
Event: 9.965 Loading class java/nio/BufferMismatch
Event: 9.966 Loading class java/nio/BufferMismatch done
Event: 9.966 Loading class sun/nio/ch/SourceChannelImpl
Event: 9.966 Loading class java/nio/channels/Pipe$SourceChannel
Event: 9.966 Loading class java/nio/channels/Pipe$SourceChannel done
Event: 9.966 Loading class sun/nio/ch/SourceChannelImpl done
Event: 9.966 Loading class sun/nio/ch/SinkChannelImpl
Event: 9.966 Loading class java/nio/channels/Pipe$SinkChannel
Event: 9.966 Loading class java/nio/channels/Pipe$SinkChannel done
Event: 9.966 Loading class sun/nio/ch/SinkChannelImpl done

Classes unloaded (7 events):
Event: 1.819 Thread 0x000001d28eed3b20 Unloading class 0x000001d2a51a3c00 'java/lang/invoke/LambdaForm$MH+0x000001d2a51a3c00'
Event: 1.819 Thread 0x000001d28eed3b20 Unloading class 0x000001d2a51a3800 'java/lang/invoke/LambdaForm$MH+0x000001d2a51a3800'
Event: 1.819 Thread 0x000001d28eed3b20 Unloading class 0x000001d2a51a3400 'java/lang/invoke/LambdaForm$MH+0x000001d2a51a3400'
Event: 1.819 Thread 0x000001d28eed3b20 Unloading class 0x000001d2a51a3000 'java/lang/invoke/LambdaForm$MH+0x000001d2a51a3000'
Event: 1.819 Thread 0x000001d28eed3b20 Unloading class 0x000001d2a51a2c00 'java/lang/invoke/LambdaForm$BMH+0x000001d2a51a2c00'
Event: 1.819 Thread 0x000001d28eed3b20 Unloading class 0x000001d2a51a2800 'java/lang/invoke/LambdaForm$DMH+0x000001d2a51a2800'
Event: 1.819 Thread 0x000001d28eed3b20 Unloading class 0x000001d2a51a1400 'java/lang/invoke/LambdaForm$DMH+0x000001d2a51a1400'

Classes redefined (0 events):
No events

Internal exceptions (20 events):
Event: 6.653 Thread 0x000001d2ee63f320 Exception <a 'java/lang/NoSuchMethodError'{0x00000000eb8f96a8}: 'java.lang.Object java.lang.invoke.DirectMethodHandle$Holder.invokeStatic(java.lang.Object, java.lang.Object, java.lang.Object, java.lang.Object, java.lang.Object, java.lang.Object, java.lang.Object, java.lang.Object, java.lang.Object, java.lang.Object, java.lang.Object, java.lang.Object, java.lang.Object, java.lang.Object, java.lang.Object, java.lang.Object, java.lang.Object)'> (0x00000000eb8f96a8) 
thrown [s\src\hotspot\share\interpreter\lin
Event: 6.654 Thread 0x000001d2ee63f320 Exception <a 'java/lang/NoSuchMethodError'{0x00000000eb927608}: 'java.lang.Object java.lang.invoke.DirectMethodHandle$Holder.invokeStatic(java.lang.Object, java.lang.Object, java.lang.Object, java.lang.Object, java.lang.Object, java.lang.Object, java.lang.Object, java.lang.Object, java.lang.Object, java.lang.Object, java.lang.Object, java.lang.Object, java.lang.Object, java.lang.Object, java.lang.Object, java.lang.Object, java.lang.Object, java.lang.Object)'> (0x00000000eb927608) 
thrown [s\src\hotspot\sha
Event: 6.655 Thread 0x000001d2ee63f320 Exception <a 'java/lang/NoSuchMethodError'{0x00000000eb955110}: 'java.lang.Object java.lang.invoke.DirectMethodHandle$Holder.invokeStatic(java.lang.Object, java.lang.Object, java.lang.Object, java.lang.Object, java.lang.Object, java.lang.Object, java.lang.Object, java.lang.Object, java.lang.Object, java.lang.Object, java.lang.Object, java.lang.Object, java.lang.Object, java.lang.Object, java.lang.Object, java.lang.Object, java.lang.Object, java.lang.Object, java.lang.Object)'> (0x00000000eb955110) 
thrown 
Event: 6.657 Thread 0x000001d2ee63f320 Exception <a 'java/lang/NoSuchMethodError'{0x00000000eab04788}: 'java.lang.Object java.lang.invoke.DirectMethodHandle$Holder.invokeStatic(java.lang.Object, java.lang.Object, java.lang.Object, java.lang.Object, java.lang.Object, java.lang.Object, java.lang.Object, java.lang.Object, java.lang.Object, java.lang.Object, java.lang.Object, java.lang.Object, java.lang.Object, java.lang.Object, java.lang.Object, java.lang.Object, java.lang.Object, java.lang.Object, java.lang.Object, java.lang.Object)'> (0x00000000
Event: 6.658 Thread 0x000001d2ee63f320 Exception <a 'java/lang/NoSuchMethodError'{0x00000000eab35358}: 'java.lang.Object java.lang.invoke.DirectMethodHandle$Holder.invokeStatic(java.lang.Object, java.lang.Object, java.lang.Object, java.lang.Object, java.lang.Object, java.lang.Object, java.lang.Object, java.lang.Object, java.lang.Object, java.lang.Object, java.lang.Object, java.lang.Object, java.lang.Object, java.lang.Object, java.lang.Object, java.lang.Object, java.lang.Object, java.lang.Object, java.lang.Object, java.lang.Object, java.lang.Obj
Event: 6.659 Thread 0x000001d2ee63f320 Exception <a 'java/lang/NoSuchMethodError'{0x00000000eab66be0}: 'java.lang.Object java.lang.invoke.DirectMethodHandle$Holder.invokeStatic(java.lang.Object, java.lang.Object, java.lang.Object, java.lang.Object, java.lang.Object, java.lang.Object, java.lang.Object, java.lang.Object, java.lang.Object, java.lang.Object, java.lang.Object, java.lang.Object, java.lang.Object, java.lang.Object, java.lang.Object, java.lang.Object, java.lang.Object, java.lang.Object, java.lang.Object, java.lang.Object, java.lang.Obj
Event: 6.660 Thread 0x000001d2ee63f320 Exception <a 'java/lang/NoSuchMethodError'{0x00000000eab98b90}: 'java.lang.Object java.lang.invoke.DirectMethodHandle$Holder.invokeStatic(java.lang.Object, java.lang.Object, java.lang.Object, java.lang.Object, java.lang.Object, java.lang.Object, java.lang.Object, java.lang.Object, java.lang.Object, java.lang.Object, java.lang.Object, java.lang.Object, java.lang.Object, java.lang.Object, java.lang.Object, java.lang.Object, java.lang.Object, java.lang.Object, java.lang.Object, java.lang.Object, java.lang.Obj
Event: 6.661 Thread 0x000001d2ee63f320 Exception <a 'java/lang/NoSuchMethodError'{0x00000000eabcb218}: 'java.lang.Object java.lang.invoke.DirectMethodHandle$Holder.invokeStatic(java.lang.Object, java.lang.Object, java.lang.Object, java.lang.Object, java.lang.Object, java.lang.Object, java.lang.Object, java.lang.Object, java.lang.Object, java.lang.Object, java.lang.Object, java.lang.Object, java.lang.Object, java.lang.Object, java.lang.Object, java.lang.Object, java.lang.Object, java.lang.Object, java.lang.Object, java.lang.Object, java.lang.Obj
Event: 6.662 Thread 0x000001d2ee63f320 Exception <a 'java/lang/NoSuchMethodError'{0x00000000eabff880}: 'java.lang.Object java.lang.invoke.DirectMethodHandle$Holder.invokeStatic(java.lang.Object, java.lang.Object, java.lang.Object, java.lang.Object, java.lang.Object, java.lang.Object, java.lang.Object, java.lang.Object, java.lang.Object, java.lang.Object, java.lang.Object, java.lang.Object, java.lang.Object, java.lang.Object, java.lang.Object, java.lang.Object, java.lang.Object, java.lang.Object, java.lang.Object, java.lang.Object, java.lang.Obj
Event: 6.663 Thread 0x000001d2ee63f320 Exception <a 'java/lang/NoSuchMethodError'{0x00000000eac25420}: 'java.lang.Object java.lang.invoke.DirectMethodHandle$Holder.invokeSpecial(java.lang.Object, java.lang.Object, java.lang.Object, java.lang.Object, java.lang.Object, java.lang.Object, java.lang.Object, java.lang.Object, java.lang.Object, java.lang.Object, java.lang.Object, java.lang.Object, java.lang.Object, java.lang.Object, java.lang.Object, java.lang.Object, java.lang.Object, java.lang.Object, java.lang.Object, java.lang.Object, java.lang.Ob
Event: 6.664 Thread 0x000001d2ee63f320 Exception <a 'java/lang/NoSuchMethodError'{0x00000000eac3ae50}: 'java.lang.Object java.lang.invoke.DirectMethodHandle$Holder.newInvokeSpecial(java.lang.Object, java.lang.Object, java.lang.Object, java.lang.Object, java.lang.Object, java.lang.Object, java.lang.Object, java.lang.Object, java.lang.Object, java.lang.Object, java.lang.Object, java.lang.Object, java.lang.Object, java.lang.Object, java.lang.Object, java.lang.Object, java.lang.Object, java.lang.Object, java.lang.Object, java.lang.Object, java.lang
Event: 6.664 Thread 0x000001d2ee63f320 Exception <a 'java/lang/NoSuchMethodError'{0x00000000eac41048}: 'java.lang.Object java.lang.invoke.Invokers$Holder.linkToTargetMethod(java.lang.Object, java.lang.Object, java.lang.Object, java.lang.Object, java.lang.Object, java.lang.Object, java.lang.Object, java.lang.Object, java.lang.Object, java.lang.Object, java.lang.Object, java.lang.Object, java.lang.Object, java.lang.Object, java.lang.Object, java.lang.Object, java.lang.Object, java.lang.Object, java.lang.Object, java.lang.Object, java.lang.Object,
Event: 6.664 Thread 0x000001d2ee63f320 Exception <a 'java/lang/NoSuchMethodError'{0x00000000eac46210}: 'java.lang.Object java.lang.invoke.DirectMethodHandle$Holder.invokeVirtual(java.lang.Object, java.lang.Object, java.lang.Object, java.lang.Object, java.lang.Object, java.lang.Object, java.lang.Object, java.lang.Object, java.lang.Object, java.lang.Object)'> (0x00000000eac46210) 
thrown [s\src\hotspot\share\interpreter\linkResolver.cpp, line 773]
Event: 6.677 Thread 0x000001d2ee63f320 Exception <a 'java/lang/NoSuchMethodError'{0x00000000eade0c70}: 'java.lang.Object java.lang.invoke.DirectMethodHandle$Holder.invokeVirtual(java.lang.Object, java.lang.Object, java.lang.Object, java.lang.Object, java.lang.Object, java.lang.Object, java.lang.Object, java.lang.Object, java.lang.Object)'> (0x00000000eade0c70) 
thrown [s\src\hotspot\share\interpreter\linkResolver.cpp, line 773]
Event: 6.706 Thread 0x000001d2ee63f320 Exception <a 'java/lang/NoSuchMethodError'{0x00000000eb01f280}: 'java.lang.Object java.lang.invoke.DirectMethodHandle$Holder.invokeVirtual(java.lang.Object, java.lang.Object, java.lang.Object, java.lang.Object, java.lang.Object, java.lang.Object, java.lang.Object, java.lang.Object)'> (0x00000000eb01f280) 
thrown [s\src\hotspot\share\interpreter\linkResolver.cpp, line 773]
Event: 6.711 Thread 0x000001d2ee63f320 Exception <a 'java/lang/NoSuchMethodError'{0x00000000eb0972c0}: 'long java.lang.invoke.DirectMethodHandle$Holder.invokeVirtual(java.lang.Object, java.lang.Object)'> (0x00000000eb0972c0) 
thrown [s\src\hotspot\share\interpreter\linkResolver.cpp, line 773]
Event: 6.712 Thread 0x000001d2ee63f320 Exception <a 'java/lang/NoSuchMethodError'{0x00000000eb09a6c0}: 'long java.lang.invoke.DelegatingMethodHandle$Holder.reinvoke_L(java.lang.Object, java.lang.Object)'> (0x00000000eb09a6c0) 
thrown [s\src\hotspot\share\interpreter\linkResolver.cpp, line 773]
Event: 6.898 Thread 0x000001d2ee6434c0 Exception <a 'java/lang/NoSuchMethodError'{0x00000000eb8736c8}: 'void java.lang.invoke.DirectMethodHandle$Holder.invokeStatic(java.lang.Object, long)'> (0x00000000eb8736c8) 
thrown [s\src\hotspot\share\interpreter\linkResolver.cpp, line 773]
Event: 8.192 Thread 0x000001d2ee6434c0 Exception <a 'java/lang/NoSuchMethodError'{0x00000000eb897518}: 'void java.lang.invoke.DirectMethodHandle$Holder.invokeSpecial(java.lang.Object, java.lang.Object, int)'> (0x00000000eb897518) 
thrown [s\src\hotspot\share\interpreter\linkResolver.cpp, line 773]
Event: 8.192 Thread 0x000001d2ee6434c0 Exception <a 'java/lang/NoSuchMethodError'{0x00000000eb89c940}: 'java.lang.Object java.lang.invoke.DirectMethodHandle$Holder.newInvokeSpecial(java.lang.Object, java.lang.Object, int)'> (0x00000000eb89c940) 
thrown [s\src\hotspot\share\interpreter\linkResolver.cpp, line 773]

ZGC Phase Switch (0 events):
No events

VM Operations (20 events):
Event: 6.432 Executing VM operation: ParallelGCFailedAllocation (Allocation Failure)
Event: 6.432 Executing VM operation: ParallelGCFailedAllocation (Allocation Failure) done
Event: 6.495 Executing VM operation: ParallelGCFailedAllocation (Allocation Failure)
Event: 6.495 Executing VM operation: ParallelGCFailedAllocation (Allocation Failure) done
Event: 6.550 Executing VM operation: ParallelGCFailedAllocation (Allocation Failure)
Event: 6.550 Executing VM operation: ParallelGCFailedAllocation (Allocation Failure) done
Event: 6.656 Executing VM operation: ParallelGCFailedAllocation (Allocation Failure)
Event: 6.657 Executing VM operation: ParallelGCFailedAllocation (Allocation Failure) done
Event: 6.684 Executing VM operation: HandshakeAllThreads (Deoptimize)
Event: 6.684 Executing VM operation: HandshakeAllThreads (Deoptimize) done
Event: 6.750 Executing VM operation: HandshakeAllThreads (Deoptimize)
Event: 6.750 Executing VM operation: HandshakeAllThreads (Deoptimize) done
Event: 7.750 Executing VM operation: Cleanup
Event: 7.750 Executing VM operation: Cleanup done
Event: 8.199 Executing VM operation: ParallelGCFailedAllocation (Allocation Failure)
Event: 8.200 Executing VM operation: ParallelGCFailedAllocation (Allocation Failure) done
Event: 9.200 Executing VM operation: Cleanup
Event: 9.200 Executing VM operation: Cleanup done
Event: 9.947 Executing VM operation: HandshakeAllThreads (Deoptimize)
Event: 9.947 Executing VM operation: HandshakeAllThreads (Deoptimize) done

Memory protections (0 events):
No events

Nmethod flushes (20 events):
Event: 5.876 Thread 0x000001d28eed3b20 flushing  nmethod 0x000001d292a65290
Event: 5.876 Thread 0x000001d28eed3b20 flushing  nmethod 0x000001d292a66b90
Event: 5.876 Thread 0x000001d28eed3b20 flushing  nmethod 0x000001d292a70e10
Event: 5.876 Thread 0x000001d28eed3b20 flushing  nmethod 0x000001d292a86310
Event: 5.876 Thread 0x000001d28eed3b20 flushing  nmethod 0x000001d292a9a690
Event: 5.876 Thread 0x000001d28eed3b20 flushing  nmethod 0x000001d292a9b290
Event: 5.876 Thread 0x000001d28eed3b20 flushing  nmethod 0x000001d292ab8f10
Event: 5.876 Thread 0x000001d28eed3b20 flushing  nmethod 0x000001d292ab9910
Event: 5.876 Thread 0x000001d28eed3b20 flushing  nmethod 0x000001d292abb410
Event: 5.876 Thread 0x000001d28eed3b20 flushing  nmethod 0x000001d292abcd10
Event: 5.876 Thread 0x000001d28eed3b20 flushing  nmethod 0x000001d292abd190
Event: 5.876 Thread 0x000001d28eed3b20 flushing  nmethod 0x000001d292abda90
Event: 5.876 Thread 0x000001d28eed3b20 flushing  nmethod 0x000001d292abe490
Event: 5.876 Thread 0x000001d28eed3b20 flushing  nmethod 0x000001d292ac0510
Event: 5.876 Thread 0x000001d28eed3b20 flushing  nmethod 0x000001d292aca790
Event: 5.876 Thread 0x000001d28eed3b20 flushing  nmethod 0x000001d292adc390
Event: 5.876 Thread 0x000001d28eed3b20 flushing  nmethod 0x000001d292ae9590
Event: 5.876 Thread 0x000001d28eed3b20 flushing  nmethod 0x000001d292b2c090
Event: 5.876 Thread 0x000001d28eed3b20 flushing  nmethod 0x000001d292b2c710
Event: 5.876 Thread 0x000001d28eed3b20 flushing  nmethod 0x000001d292b2d710

Events (20 events):
Event: 5.406 Thread 0x000001d2ed0a6fd0 Thread added: 0x000001d2ee641a80
Event: 5.414 Thread 0x000001d2ee641a80 Thread exited: 0x000001d2ee641a80
Event: 5.415 Thread 0x000001d2ed0a6fd0 Thread added: 0x000001d2ee641a80
Event: 5.416 Thread 0x000001d2ed0a6fd0 Thread added: 0x000001d2ee63f320
Event: 6.364 Thread 0x000001d2e5f8ff20 Thread added: 0x000001d2e5fb4790
Event: 6.716 Thread 0x000001d2ed0a5c20 Thread exited: 0x000001d2ed0a5c20
Event: 6.720 Thread 0x000001d2ee63f320 Thread added: 0x000001d2ee642e30
Event: 6.890 Thread 0x000001d2ee63f320 Thread added: 0x000001d2ee6434c0
Event: 6.899 Thread 0x000001d2ee6434c0 Thread added: 0x000001d2ed0a5c20
Event: 6.900 Thread 0x000001d2ee6434c0 Thread added: 0x000001d2ef2f20f0
Event: 8.192 Thread 0x000001d2e5fb2580 Thread exited: 0x000001d2e5fb2580
Event: 8.192 Thread 0x000001d2e5fb4790 Thread exited: 0x000001d2e5fb4790
Event: 8.192 Thread 0x000001d2e5fb39f0 Thread exited: 0x000001d2e5fb39f0
Event: 8.235 Thread 0x000001d2ee63f320 Thread added: 0x000001d2ef2f1a60
Event: 8.240 Thread 0x000001d2ef2f1a60 Thread added: 0x000001d2ef2f0020
Event: 8.240 Thread 0x000001d2ef2f1a60 Thread added: 0x000001d2ef2f13d0
Event: 8.240 Thread 0x000001d2ef2f0020 Thread exited: 0x000001d2ef2f0020
Event: 9.720 Thread 0x000001d2e5fb1eb0 Thread exited: 0x000001d2e5fb1eb0
Event: 9.846 Thread 0x000001d2ef2f1a60 Thread exited: 0x000001d2ef2f1a60
Event: 9.846 Thread 0x000001d2ef2f13d0 Thread exited: 0x000001d2ef2f13d0


Dynamic libraries:
0x00007ff776830000 - 0x00007ff77683e000 	c:\Users\admin\.cursor\extensions\redhat.java-1.42.0-win32-x64\jre\21.0.7-win32-x86_64\bin\java.exe
0x00007ff8f0da0000 - 0x00007ff8f1006000 	C:\WINDOWS\SYSTEM32\ntdll.dll
0x00007ff8eeec0000 - 0x00007ff8eef89000 	C:\WINDOWS\System32\KERNEL32.DLL
0x00007ff8ee410000 - 0x00007ff8ee7dc000 	C:\WINDOWS\System32\KERNELBASE.dll
0x00007ff8edfd0000 - 0x00007ff8ee11b000 	C:\WINDOWS\System32\ucrtbase.dll
0x00007ff8c56e0000 - 0x00007ff8c56f8000 	c:\Users\admin\.cursor\extensions\redhat.java-1.42.0-win32-x64\jre\21.0.7-win32-x86_64\bin\jli.dll
0x00007ff8c56c0000 - 0x00007ff8c56de000 	c:\Users\admin\.cursor\extensions\redhat.java-1.42.0-win32-x64\jre\21.0.7-win32-x86_64\bin\VCRUNTIME140.dll
0x00007ff8f0aa0000 - 0x00007ff8f0c6a000 	C:\WINDOWS\System32\USER32.dll
0x00007ff8ee120000 - 0x00007ff8ee147000 	C:\WINDOWS\System32\win32u.dll
0x00007ff8f0440000 - 0x00007ff8f046b000 	C:\WINDOWS\System32\GDI32.dll
0x00007ff8db710000 - 0x00007ff8db9aa000 	C:\WINDOWS\WinSxS\amd64_microsoft.windows.common-controls_6595b64144ccf1df_6.0.26100.3912_none_3e07963ce335137e\COMCTL32.dll
0x00007ff8ee2d0000 - 0x00007ff8ee402000 	C:\WINDOWS\System32\gdi32full.dll
0x00007ff8eeb60000 - 0x00007ff8eec09000 	C:\WINDOWS\System32\msvcrt.dll
0x00007ff8eea20000 - 0x00007ff8eeac3000 	C:\WINDOWS\System32\msvcp_win.dll
0x00007ff8f0c70000 - 0x00007ff8f0ca0000 	C:\WINDOWS\System32\IMM32.DLL
0x00007ff8ea3c0000 - 0x00007ff8ea3cc000 	c:\Users\admin\.cursor\extensions\redhat.java-1.42.0-win32-x64\jre\21.0.7-win32-x86_64\bin\vcruntime140_1.dll
0x00007ff8b8060000 - 0x00007ff8b80ed000 	c:\Users\admin\.cursor\extensions\redhat.java-1.42.0-win32-x64\jre\21.0.7-win32-x86_64\bin\msvcp140.dll
0x00007ff81f8e0000 - 0x00007ff820670000 	c:\Users\admin\.cursor\extensions\redhat.java-1.42.0-win32-x64\jre\21.0.7-win32-x86_64\bin\server\jvm.dll
0x00007ff8f0140000 - 0x00007ff8f01f2000 	C:\WINDOWS\System32\ADVAPI32.dll
0x00007ff8f0cb0000 - 0x00007ff8f0d56000 	C:\WINDOWS\System32\sechost.dll
0x00007ff8efb60000 - 0x00007ff8efc76000 	C:\WINDOWS\System32\RPCRT4.dll
0x00007ff8ef340000 - 0x00007ff8ef3b4000 	C:\WINDOWS\System32\WS2_32.dll
0x00007ff8edda0000 - 0x00007ff8eddfe000 	C:\WINDOWS\SYSTEM32\POWRPROF.dll
0x00007ff8ea6e0000 - 0x00007ff8ea6eb000 	C:\WINDOWS\SYSTEM32\VERSION.dll
0x00007ff8e4950000 - 0x00007ff8e4986000 	C:\WINDOWS\SYSTEM32\WINMM.dll
0x00007ff8edd80000 - 0x00007ff8edd94000 	C:\WINDOWS\SYSTEM32\UMPDC.dll
0x00007ff8eccf0000 - 0x00007ff8ecd0a000 	C:\WINDOWS\SYSTEM32\kernel.appcore.dll
0x00007ff8e5730000 - 0x00007ff8e573a000 	c:\Users\admin\.cursor\extensions\redhat.java-1.42.0-win32-x64\jre\21.0.7-win32-x86_64\bin\jimage.dll
0x00007ff89bae0000 - 0x00007ff89bd21000 	C:\WINDOWS\SYSTEM32\DBGHELP.DLL
0x00007ff8eef90000 - 0x00007ff8ef314000 	C:\WINDOWS\System32\combase.dll
0x00007ff8f0050000 - 0x00007ff8f0130000 	C:\WINDOWS\System32\OLEAUT32.dll
0x00007ff8d7240000 - 0x00007ff8d7279000 	C:\WINDOWS\SYSTEM32\dbgcore.DLL
0x00007ff8edf30000 - 0x00007ff8edfc9000 	C:\WINDOWS\System32\bcryptPrimitives.dll
0x00007ff8e0490000 - 0x00007ff8e049f000 	c:\Users\admin\.cursor\extensions\redhat.java-1.42.0-win32-x64\jre\21.0.7-win32-x86_64\bin\instrument.dll
0x00007ff8d91d0000 - 0x00007ff8d91ef000 	c:\Users\admin\.cursor\extensions\redhat.java-1.42.0-win32-x64\jre\21.0.7-win32-x86_64\bin\java.dll
0x00007ff8ef430000 - 0x00007ff8efb5d000 	C:\WINDOWS\System32\SHELL32.dll
0x00007ff8ee150000 - 0x00007ff8ee2c4000 	C:\WINDOWS\System32\wintypes.dll
0x00007ff8ebbe0000 - 0x00007ff8ec436000 	C:\WINDOWS\SYSTEM32\windows.storage.dll
0x00007ff8eedc0000 - 0x00007ff8eeeaf000 	C:\WINDOWS\System32\SHCORE.dll
0x00007ff8ef3c0000 - 0x00007ff8ef429000 	C:\WINDOWS\System32\shlwapi.dll
0x00007ff8ede10000 - 0x00007ff8ede3f000 	C:\WINDOWS\SYSTEM32\profapi.dll
0x00007ff8ddf40000 - 0x00007ff8ddf58000 	c:\Users\admin\.cursor\extensions\redhat.java-1.42.0-win32-x64\jre\21.0.7-win32-x86_64\bin\zip.dll
0x00007ff8e05b0000 - 0x00007ff8e05c0000 	C:\Users\admin\.cursor\extensions\redhat.java-1.42.0-win32-x64\jre\21.0.7-win32-x86_64\bin\net.dll
0x00007ff8e8a60000 - 0x00007ff8e8b7e000 	C:\WINDOWS\SYSTEM32\WINHTTP.dll
0x0000000180000000 - 0x000000018008c000 	C:\WINDOWS\system32\ASProxy64.dll
0x00007ff8efc80000 - 0x00007ff8efe1f000 	C:\WINDOWS\System32\ole32.dll
0x00007ff8ed260000 - 0x00007ff8ed2ca000 	C:\WINDOWS\SYSTEM32\MSWSOCK.dll
0x00007ff8ec730000 - 0x00007ff8ec763000 	C:\WINDOWS\SYSTEM32\IPHLPAPI.DLL
0x00007ff8ecf90000 - 0x00007ff8ecfd8000 	C:\WINDOWS\SYSTEM32\SspiCli.dll
0x00007ff8ddf20000 - 0x00007ff8ddf36000 	C:\Users\admin\.cursor\extensions\redhat.java-1.42.0-win32-x64\jre\21.0.7-win32-x86_64\bin\nio.dll
0x00007ff8e0420000 - 0x00007ff8e0430000 	c:\Users\admin\.cursor\extensions\redhat.java-1.42.0-win32-x64\jre\21.0.7-win32-x86_64\bin\verify.dll
0x00007ff8eb200000 - 0x00007ff8eb2af000 	C:\WINDOWS\system32\uxtheme.dll
0x00007ff8d9180000 - 0x00007ff8d91c5000 	C:\Users\admin\AppData\Roaming\Cursor\User\globalStorage\redhat.java\1.42.0\config_win\org.eclipse.equinox.launcher\org.eclipse.equinox.launcher.win32.win32.x86_64_1.2.1300.v20250331-1702\eclipse_11911.dll
0x00007ff8ed510000 - 0x00007ff8ed52c000 	C:\WINDOWS\SYSTEM32\CRYPTSP.dll
0x00007ff8ecc50000 - 0x00007ff8ecc8a000 	C:\WINDOWS\system32\rsaenh.dll
0x00007ff8ed300000 - 0x00007ff8ed32b000 	C:\WINDOWS\SYSTEM32\USERENV.dll
0x00007ff8ede50000 - 0x00007ff8ede76000 	C:\WINDOWS\SYSTEM32\bcrypt.dll
0x00007ff8ed500000 - 0x00007ff8ed50c000 	C:\WINDOWS\SYSTEM32\CRYPTBASE.dll
0x00007ff8eedb0000 - 0x00007ff8eedba000 	C:\WINDOWS\System32\NSI.dll
0x00007ff8e5720000 - 0x00007ff8e572a000 	C:\Users\admin\.cursor\extensions\redhat.java-1.42.0-win32-x64\jre\21.0.7-win32-x86_64\bin\management.dll
0x00007ff8d68d0000 - 0x00007ff8d68db000 	C:\Users\admin\.cursor\extensions\redhat.java-1.42.0-win32-x64\jre\21.0.7-win32-x86_64\bin\management_ext.dll
0x00007ff8f0040000 - 0x00007ff8f0048000 	C:\WINDOWS\System32\PSAPI.DLL
0x00007ff8c6bb0000 - 0x00007ff8c6bf9000 	C:\Users\admin\AppData\Local\Temp\jna-92668751\jna10239388809449033593.dll
0x00007ff8e86b0000 - 0x00007ff8e86cf000 	C:\WINDOWS\SYSTEM32\dhcpcsvc6.DLL
0x00007ff8e7810000 - 0x00007ff8e7835000 	C:\WINDOWS\SYSTEM32\dhcpcsvc.DLL
0x00007ff8c90f0000 - 0x00007ff8c9117000 	C:\Users\admin\.gradle\native\1def1411415f61bf3af743bc5b6707747c0891f09f0c88961ee8f79bc544acac\windows-amd64\native-platform.dll
0x00007ff8d68c0000 - 0x00007ff8d68c9000 	C:\Users\admin\.cursor\extensions\redhat.java-1.42.0-win32-x64\jre\21.0.7-win32-x86_64\bin\extnet.dll
0x00007ff8c6cf0000 - 0x00007ff8c6cfe000 	C:\Users\admin\.cursor\extensions\redhat.java-1.42.0-win32-x64\jre\21.0.7-win32-x86_64\bin\sunmscapi.dll
0x00007ff8ee7e0000 - 0x00007ff8ee957000 	C:\WINDOWS\System32\CRYPT32.dll
0x00007ff8ed710000 - 0x00007ff8ed740000 	C:\WINDOWS\SYSTEM32\ncrypt.dll
0x00007ff8ed6c0000 - 0x00007ff8ed6ff000 	C:\WINDOWS\SYSTEM32\NTASN1.dll
0x00007ff8c73a0000 - 0x00007ff8c73a8000 	C:\WINDOWS\system32\wshunix.dll

dbghelp: loaded successfully - version: 4.0.5 - missing functions: none
symbol engine: initialized successfully - sym options: 0x614 - pdb path: .;c:\Users\admin\.cursor\extensions\redhat.java-1.42.0-win32-x64\jre\21.0.7-win32-x86_64\bin;C:\WINDOWS\SYSTEM32;C:\WINDOWS\WinSxS\amd64_microsoft.windows.common-controls_6595b64144ccf1df_6.0.26100.3912_none_3e07963ce335137e;c:\Users\admin\.cursor\extensions\redhat.java-1.42.0-win32-x64\jre\21.0.7-win32-x86_64\bin\server;C:\Users\admin\AppData\Roaming\Cursor\User\globalStorage\redhat.java\1.42.0\config_win\org.eclipse.equinox.launcher\org.eclipse.equinox.launcher.win32.win32.x86_64_1.2.1300.v20250331-1702;C:\Users\admin\AppData\Local\Temp\jna-92668751;C:\Users\admin\.gradle\native\1def1411415f61bf3af743bc5b6707747c0891f09f0c88961ee8f79bc544acac\windows-amd64

VM Arguments:
jvm_args: --add-modules=ALL-SYSTEM --add-opens=java.base/java.util=ALL-UNNAMED --add-opens=java.base/java.lang=ALL-UNNAMED --add-opens=java.base/sun.nio.fs=ALL-UNNAMED -Declipse.application=org.eclipse.jdt.ls.core.id1 -Dosgi.bundles.defaultStartLevel=4 -Declipse.product=org.eclipse.jdt.ls.core.product -Djava.import.generatesMetadataFilesAtProjectRoot=false -DDetectVMInstallationsJob.disabled=true -Dfile.encoding=utf8 -XX:+UseParallelGC -XX:GCTimeRatio=4 -XX:AdaptiveSizePolicyWeight=90 -Dsun.zip.disableMemoryMapping=true -Xmx1G -Xms100m -Xlog:disable -javaagent:c:\Users\admin\.cursor\extensions\redhat.java-1.42.0-win32-x64\lombok\lombok-1.18.36.jar -XX:+HeapDumpOnOutOfMemoryError -XX:HeapDumpPath=c:\Users\admin\AppData\Roaming\Cursor\User\workspaceStorage\0426a641ec518546e312a5bf184515bb\redhat.java -Daether.dependencyCollector.impl=bf 
java_command: c:\Users\admin\.cursor\extensions\redhat.java-1.42.0-win32-x64\server\plugins\org.eclipse.equinox.launcher_1.7.0.v20250424-1814.jar -configuration c:\Users\admin\AppData\Roaming\Cursor\User\globalStorage\redhat.java\1.42.0\config_win -data c:\Users\admin\AppData\Roaming\Cursor\User\workspaceStorage\0426a641ec518546e312a5bf184515bb\redhat.java\jdt_ws --pipe=\\.\pipe\lsp-083a5ff1f05ffb00eb13ce6b0c6ca17e-sock
java_class_path (initial): c:\Users\admin\.cursor\extensions\redhat.java-1.42.0-win32-x64\server\plugins\org.eclipse.equinox.launcher_1.7.0.v20250424-1814.jar
Launcher Type: SUN_STANDARD

[Global flags]
    uintx AdaptiveSizePolicyWeight                 = 90                                        {product} {command line}
     intx CICompilerCount                          = 12                                        {product} {ergonomic}
    uintx GCTimeRatio                              = 4                                         {product} {command line}
     bool HeapDumpOnOutOfMemoryError               = true                                   {manageable} {command line}
    ccstr HeapDumpPath                             = c:\Users\admin\AppData\Roaming\Cursor\User\workspaceStorage\0426a641ec518546e312a5bf184515bb\redhat.java         {manageable} {command line}
   size_t InitialHeapSize                          = 104857600                                 {product} {command line}
   size_t MaxHeapSize                              = 1073741824                                {product} {command line}
   size_t MaxNewSize                               = 357564416                                 {product} {ergonomic}
   size_t MinHeapDeltaBytes                        = 524288                                    {product} {ergonomic}
   size_t MinHeapSize                              = 104857600                                 {product} {command line}
   size_t NewSize                                  = 34603008                                  {product} {ergonomic}
    uintx NonNMethodCodeHeapSize                   = 7602480                                {pd product} {ergonomic}
    uintx NonProfiledCodeHeapSize                  = 122027880                              {pd product} {ergonomic}
   size_t OldSize                                  = 70254592                                  {product} {ergonomic}
    uintx ProfiledCodeHeapSize                     = 122027880                              {pd product} {ergonomic}
    uintx ReservedCodeCacheSize                    = 251658240                              {pd product} {ergonomic}
     bool SegmentedCodeCache                       = true                                      {product} {ergonomic}
   size_t SoftMaxHeapSize                          = 1073741824                             {manageable} {ergonomic}
     bool UseCompressedOops                        = true                           {product lp64_product} {ergonomic}
     bool UseLargePagesIndividualAllocation        = false                                  {pd product} {ergonomic}
     bool UseParallelGC                            = true                                      {product} {command line}

Logging:
Log output configuration:
 #0: stdout all=off uptime,level,tags foldmultilines=false
 #1: stderr all=off uptime,level,tags foldmultilines=false

Environment Variables:
JAVA_HOME=C:\Program Files\OpenLogic\jdk-17.0.15.6-hotspot
PATH=C:\Program Files\Common Files\Oracle\Java\javapath;C:\Program Files\OpenLogic\jdk-17.0.15.6-hotspot\bin;C:\WINDOWS\system32;C:\WINDOWS;C:\WINDOWS\System32\Wbem;C:\WINDOWS\System32\WindowsPowerShell\v1.0\;C:\WINDOWS\System32\OpenSSH\;C:\Program Files\dotnet\;C:\Program Files\Microsoft SQL Server\130\Tools\Binn\;C:\Program Files\Git\cmd;C:\Users\admin\AppData\Roaming\nvm;C:\Program Files\nodejs;C:\Program Files\Microsoft SQL Server\150\Tools\Binn\;C:\Users\admin\AppData\Local\Microsoft\WindowsApps;C:\Users\admin\AppData\Roaming\npm;C:\Users\admin\AppData\Local\Programs\Microsoft VS Code\bin;C:\Users\admin\AppData\Roaming\nvm;C:\Program Files\nodejs;C:\Users\admin\AppData\Local\Android\Sdk\platform-tools;C:\Users\admin\AppData\Local\Programs\cursor\resources\app\bin;C:\;C:\Users\admin\.dotnet\tools
USERNAME=admin
OS=Windows_NT
PROCESSOR_IDENTIFIER=Intel64 Family 6 Model 165 Stepping 5, GenuineIntel
TMP=C:\Users\admin\AppData\Local\Temp
TEMP=C:\Users\admin\AppData\Local\Temp




Periodic native trim disabled

---------------  S Y S T E M  ---------------

OS:
 Windows 11 , 64 bit Build 26100 (10.0.26100.3912)
OS uptime: 0 days 16:31 hours

CPU: total 16 (initial active 16) (8 cores per cpu, 2 threads per core) family 6 model 165 stepping 5 microcode 0xec, cx8, cmov, fxsr, ht, mmx, 3dnowpref, sse, sse2, sse3, ssse3, sse4.1, sse4.2, popcnt, lzcnt, tsc, tscinvbit, avx, avx2, aes, erms, clmul, bmi1, bmi2, adx, fma, vzeroupper, clflush, clflushopt, rdtscp, f16c, pku
Processor Information for processor 0
  Max Mhz: 2901, Current Mhz: 2901, Mhz Limit: 2901
Processor Information for processor 1
  Max Mhz: 2901, Current Mhz: 1100, Mhz Limit: 2901
Processor Information for processor 2
  Max Mhz: 2901, Current Mhz: 2901, Mhz Limit: 2901
Processor Information for processor 3
  Max Mhz: 2901, Current Mhz: 2901, Mhz Limit: 2901
Processor Information for processor 4
  Max Mhz: 2901, Current Mhz: 2901, Mhz Limit: 2901
Processor Information for processor 5
  Max Mhz: 2901, Current Mhz: 1200, Mhz Limit: 2901
Processor Information for processor 6
  Max Mhz: 2901, Current Mhz: 2901, Mhz Limit: 2901
Processor Information for processor 7
  Max Mhz: 2901, Current Mhz: 1100, Mhz Limit: 2901
Processor Information for processor 8
  Max Mhz: 2901, Current Mhz: 2901, Mhz Limit: 2901
Processor Information for processor 9
  Max Mhz: 2901, Current Mhz: 1100, Mhz Limit: 2901
Processor Information for processor 10
  Max Mhz: 2901, Current Mhz: 2901, Mhz Limit: 2901
Processor Information for processor 11
  Max Mhz: 2901, Current Mhz: 2901, Mhz Limit: 2901
Processor Information for processor 12
  Max Mhz: 2901, Current Mhz: 2901, Mhz Limit: 2901
Processor Information for processor 13
  Max Mhz: 2901, Current Mhz: 1100, Mhz Limit: 2901
Processor Information for processor 14
  Max Mhz: 2901, Current Mhz: 2901, Mhz Limit: 2901
Processor Information for processor 15
  Max Mhz: 2901, Current Mhz: 2901, Mhz Limit: 2901

Memory: 4k page, system-wide physical 16096M (2496M free)
TotalPageFile size 34528M (AvailPageFile size 5019M)
current process WorkingSet (physical memory assigned to process): 290M, peak: 295M
current process commit charge ("private bytes"): 370M, peak: 388M

vm_info: OpenJDK 64-Bit Server VM (21.0.7+6-LTS) for windows-amd64 JRE (21.0.7+6-LTS), built on 2025-04-15T00:00:00Z by "admin" with MS VC++ 17.7 (VS2022)

END.
