#
# A fatal error has been detected by the Java Runtime Environment:
#
#  EXCEPTION_ACCESS_VIOLATION (0xc0000005) at pc=0x000000018000c274, pid=14092, tid=11544
#
# JRE version: OpenJDK Runtime Environment Temurin-21.0.7+6 (21.0.7+6) (build 21.0.7+6-LTS)
# Java VM: OpenJDK 64-Bit Server VM Temurin-21.0.7+6 (21.0.7+6-LTS, mixed mode, sharing, tiered, compressed oops, compressed class ptrs, parallel gc, windows-amd64)
# Problematic frame:
# C  [ASProxy64.dll+0xc274]
#
# No core dump will be written. Minidumps are not enabled by default on client versions of Windows
#
# If you would like to submit a bug report, please visit:
#   https://github.com/adoptium/adoptium-support/issues
# The crash happened outside the Java Virtual Machine in native code.
# See problematic frame for where to report the bug.
#

---------------  S U M M A R Y ------------

Command Line: --add-modules=ALL-SYSTEM --add-opens=java.base/java.util=ALL-UNNAMED --add-opens=java.base/java.lang=ALL-UNNAMED --add-opens=java.base/sun.nio.fs=ALL-UNNAMED -Declipse.application=org.eclipse.jdt.ls.core.id1 -Dosgi.bundles.defaultStartLevel=4 -Declipse.product=org.eclipse.jdt.ls.core.product -Djava.import.generatesMetadataFilesAtProjectRoot=false -DDetectVMInstallationsJob.disabled=true -Dfile.encoding=utf8 -XX:+UseParallelGC -XX:GCTimeRatio=4 -XX:AdaptiveSizePolicyWeight=90 -Dsun.zip.disableMemoryMapping=true -Xmx1G -Xms100m -Xlog:disable -javaagent:c:\Users\admin\.cursor\extensions\redhat.java-1.42.0-win32-x64\lombok\lombok-1.18.36.jar -XX:+HeapDumpOnOutOfMemoryError -XX:HeapDumpPath=c:\Users\admin\AppData\Roaming\Cursor\User\workspaceStorage\0426a641ec518546e312a5bf184515bb\redhat.java -Daether.dependencyCollector.impl=bf c:\Users\admin\.cursor\extensions\redhat.java-1.42.0-win32-x64\server\plugins\org.eclipse.equinox.launcher_1.7.0.v20250424-1814.jar -configuration c:\Users\admin\AppData\Roaming\Cursor\User\globalStorage\redhat.java\1.42.0\config_win -data c:\Users\admin\AppData\Roaming\Cursor\User\workspaceStorage\0426a641ec518546e312a5bf184515bb\redhat.java\jdt_ws --pipe=\\.\pipe\lsp-65c7da0165c586918a0589591bbf64ce-sock

Host: Intel(R) Core(TM) i7-10700 CPU @ 2.90GHz, 16 cores, 15G,  Windows 11 , 64 bit Build 26100 (10.0.26100.3912)
Time: Fri May 16 05:32:04 2025 Eastern Daylight Time elapsed time: 7.152267 seconds (0d 0h 0m 7s)

---------------  T H R E A D  ---------------

Current thread (0x0000013359515410):  JavaThread "Connection worker"        [_thread_in_native, id=11544, stack(0x0000001198a80000,0x0000001198b80000) (1024K)]

Stack: [0x0000001198a80000,0x0000001198b80000],  sp=0x0000001198b7e1f0,  free space=1016k
Native frames: (J=compiled Java code, j=interpreted, Vv=VM code, C=native code)
C  [ASProxy64.dll+0xc274]

Java frames: (J=compiled Java code, j=interpreted, Vv=VM code)
j  sun.nio.ch.WEPoll.ctl(JIJI)I+0 java.base@21.0.7
j  sun.nio.ch.WEPollSelectorImpl.<init>(Ljava/nio/channels/spi/SelectorProvider;)V+139 java.base@21.0.7
j  sun.nio.ch.WEPollSelectorProvider.openSelector()Ljava/nio/channels/spi/AbstractSelector;+5 java.base@21.0.7
j  java.nio.channels.Selector.open()Ljava/nio/channels/Selector;+3 java.base@21.0.7
j  org.gradle.internal.remote.internal.inet.SocketConnection$SocketInputStream.<init>(Ljava/nio/channels/SocketChannel;)V+17
j  org.gradle.internal.remote.internal.inet.SocketConnection.<init>(Ljava/nio/channels/SocketChannel;Lorg/gradle/internal/remote/internal/MessageSerializer;Lorg/gradle/internal/serialize/StatefulSerializer;)V+27
j  org.gradle.internal.remote.internal.inet.SocketConnectCompletion.create(Lorg/gradle/internal/serialize/StatefulSerializer;)Lorg/gradle/internal/remote/internal/RemoteConnection;+16
j  org.gradle.launcher.daemon.client.DefaultDaemonConnector.connectToDaemon(Lorg/gradle/launcher/daemon/context/DaemonConnectDetails;Lorg/gradle/launcher/daemon/client/DaemonClientConnection$StaleAddressDetector;)Lorg/gradle/launcher/daemon/client/DaemonClientConnection;+45
j  org.gradle.launcher.daemon.client.DefaultDaemonConnector.connectToDaemonWithId(Lorg/gradle/launcher/daemon/diagnostics/DaemonStartupInfo;Lorg/gradle/api/internal/specs/ExplainingSpec;)Lorg/gradle/launcher/daemon/client/DaemonClientConnection;+116
j  org.gradle.launcher.daemon.client.DefaultDaemonConnector.doStartDaemon(Lorg/gradle/api/internal/specs/ExplainingSpec;Z)Lorg/gradle/launcher/daemon/client/DaemonClientConnection;+61
j  org.gradle.launcher.daemon.client.DefaultDaemonConnector.startDaemon(Lorg/gradle/api/internal/specs/ExplainingSpec;)Lorg/gradle/launcher/daemon/client/DaemonClientConnection;+3
j  org.gradle.launcher.daemon.client.DaemonClient.execute(Lorg/gradle/internal/invocation/BuildAction;Lorg/gradle/launcher/exec/BuildActionParameters;Lorg/gradle/internal/daemon/client/execution/ClientBuildRequestContext;)Lorg/gradle/launcher/exec/BuildActionResult;+201
j  org.gradle.launcher.daemon.client.DaemonClient.execute(Lorg/gradle/internal/invocation/BuildAction;Ljava/lang/Object;Ljava/lang/Object;)Lorg/gradle/launcher/exec/BuildActionResult;+10
j  org.gradle.tooling.internal.provider.DaemonBuildActionExecuter.execute(Lorg/gradle/internal/invocation/BuildAction;Lorg/gradle/tooling/internal/provider/ConnectionOperationParameters;Lorg/gradle/internal/daemon/client/execution/ClientBuildRequestContext;)Lorg/gradle/launcher/exec/BuildActionResult;+72
j  org.gradle.tooling.internal.provider.DaemonBuildActionExecuter.execute(Lorg/gradle/internal/invocation/BuildAction;Ljava/lang/Object;Ljava/lang/Object;)Lorg/gradle/launcher/exec/BuildActionResult;+10
j  org.gradle.tooling.internal.provider.LoggingBridgingBuildActionExecuter.execute(Lorg/gradle/internal/invocation/BuildAction;Lorg/gradle/tooling/internal/provider/ConnectionOperationParameters;Lorg/gradle/internal/daemon/client/execution/ClientBuildRequestContext;)Lorg/gradle/launcher/exec/BuildActionResult;+77
j  org.gradle.tooling.internal.provider.LoggingBridgingBuildActionExecuter.execute(Lorg/gradle/internal/invocation/BuildAction;Ljava/lang/Object;Ljava/lang/Object;)Lorg/gradle/launcher/exec/BuildActionResult;+10
j  org.gradle.tooling.internal.provider.ProviderConnection.run(Lorg/gradle/internal/invocation/BuildAction;Lorg/gradle/initialization/BuildCancellationToken;Lorg/gradle/tooling/internal/provider/ProviderConnection$ProgressListenerConfiguration;Lorg/gradle/initialization/BuildEventConsumer;Lorg/gradle/tooling/internal/provider/connection/ProviderOperationParameters;Lorg/gradle/tooling/internal/provider/ProviderConnection$Parameters;)Ljava/lang/Object;+79
j  org.gradle.tooling.internal.provider.ProviderConnection.runPhasedAction(Lorg/gradle/tooling/internal/protocol/InternalPhasedAction;Lorg/gradle/tooling/internal/protocol/PhasedActionResultListener;Lorg/gradle/initialization/BuildCancellationToken;Lorg/gradle/tooling/internal/provider/connection/ProviderOperationParameters;)Ljava/lang/Object;+132
j  org.gradle.tooling.internal.provider.DefaultConnection.run(Lorg/gradle/tooling/internal/protocol/InternalPhasedAction;Lorg/gradle/tooling/internal/protocol/PhasedActionResultListener;Lorg/gradle/tooling/internal/protocol/InternalCancellationToken;Lorg/gradle/tooling/internal/protocol/BuildParameters;)Lorg/gradle/tooling/internal/protocol/BuildResult;+28
j  org.gradle.tooling.internal.consumer.connection.PhasedActionAwareConsumerConnection.run(Lorg/gradle/tooling/internal/consumer/PhasedBuildAction;Lorg/gradle/tooling/internal/consumer/parameters/ConsumerOperationParameters;)V+66
j  org.gradle.tooling.internal.consumer.connection.ParameterValidatingConsumerConnection.run(Lorg/gradle/tooling/internal/consumer/PhasedBuildAction;Lorg/gradle/tooling/internal/consumer/parameters/ConsumerOperationParameters;)V+11
j  org.gradle.tooling.internal.consumer.DefaultPhasedBuildActionExecuter$1.run(Lorg/gradle/tooling/internal/consumer/connection/ConsumerConnection;)Ljava/lang/Void;+12
j  org.gradle.tooling.internal.consumer.DefaultPhasedBuildActionExecuter$1.run(Lorg/gradle/tooling/internal/consumer/connection/ConsumerConnection;)Ljava/lang/Object;+2
j  org.gradle.tooling.internal.consumer.connection.LazyConsumerActionExecutor.run(Lorg/gradle/tooling/internal/consumer/connection/ConsumerAction;)Ljava/lang/Object;+34
j  org.gradle.tooling.internal.consumer.connection.CancellableConsumerActionExecutor.run(Lorg/gradle/tooling/internal/consumer/connection/ConsumerAction;)Ljava/lang/Object;+34
j  org.gradle.tooling.internal.consumer.connection.ProgressLoggingConsumerActionExecutor.run(Lorg/gradle/tooling/internal/consumer/connection/ConsumerAction;)Ljava/lang/Object;+78
j  org.gradle.tooling.internal.consumer.connection.RethrowingErrorsConsumerActionExecutor.run(Lorg/gradle/tooling/internal/consumer/connection/ConsumerAction;)Ljava/lang/Object;+5
j  org.gradle.tooling.internal.consumer.async.DefaultAsyncConsumerActionExecutor$1$1.run()V+17
j  org.gradle.internal.concurrent.ExecutorPolicy$CatchAndRecordFailures.onExecute(Ljava/lang/Runnable;)V+1
j  org.gradle.internal.concurrent.AbstractManagedExecutor$1.run()V+25
j  java.util.concurrent.ThreadPoolExecutor.runWorker(Ljava/util/concurrent/ThreadPoolExecutor$Worker;)V+92 java.base@21.0.7
j  java.util.concurrent.ThreadPoolExecutor$Worker.run()V+5 java.base@21.0.7
j  java.lang.Thread.runWith(Ljava/lang/Object;Ljava/lang/Runnable;)V+5 java.base@21.0.7
j  java.lang.Thread.run()V+19 java.base@21.0.7
v  ~StubRoutines::call_stub 0x000001330745100d

siginfo: EXCEPTION_ACCESS_VIOLATION (0xc0000005), reading address 0x0000000000000508


Registers:
RAX=0x0000000000000000, RBX=0x0000013356b61098, RCX=0x0000000000000658, RDX=0x0000000000000002
RSP=0x0000001198b7e1f0, RBP=0x0000000000000508, RSI=0x000001335aea33f0, RDI=0x0000000000000508
R8 =0x7ffffffffffffffc, R9 =0x0000000000000001, R10=0x0000000000000658, R11=0x0000013377b0b7f0
R12=0x0000001198b7e430, R13=0x0000000000000500, R14=0x000001335aea33c0, R15=0x0000000000000500
RIP=0x000000018000c274, EFLAGS=0x0000000000010246

XMM[0]=0x0000000000000000 0x0000000000000000
XMM[1]=0x0000000000000000 0x0000000000000000
XMM[2]=0x0000000000000000 0x0000000000000000
XMM[3]=0x0000000000000000 0x0000000000000000
XMM[4]=0x0000000000000000 0x0000000000000000
XMM[5]=0x0000000000000000 0x0000000000000000
XMM[6]=0xcb101f61e0184fdb 0xe424d6ad0037568b
XMM[7]=0x966171a66ac55fd2 0xe38f1cc2b6ecbcff
XMM[8]=0x0000000000000000 0x0c6e18ed2e2e8a1c
XMM[9]=0x5cd2ea9829bf03c9 0x87df89ad47abbcf9
XMM[10]=0xffffffffffffffff 0x0b0a090803020100
XMM[11]=0x6dc1ce71c9cd9684 0x0000000000000000
XMM[12]=0x0b0a090803020100 0xffffffffffffffff
XMM[13]=0x0c0d0e0f08090a0b 0x0405060700010203
XMM[14]=0x6c9c4e786c9c4e78 0x6c9c4e785cd1fc34
XMM[15]=0x0000000000000000 0x00000000f035adbc
  MXCSR=0x00001fa0


Register to memory mapping:

RAX=0x0 is null
RBX=0x0000013356b61098 points into unknown readable memory: 0x0000000000000000 | 00 00 00 00 00 00 00 00
RCX=0x0000000000000658 is an unknown value
RDX=0x0000000000000002 is an unknown value
RSP=0x0000001198b7e1f0 is pointing into the stack for thread: 0x0000013359515410
RBP=0x0000000000000508 is an unknown value
RSI=0x000001335aea33f0 points into unknown readable memory: 0x000001335aea33f0 | f0 33 ea 5a 33 01 00 00
RDI=0x0000000000000508 is an unknown value
R8 =0x7ffffffffffffffc is an unknown value
R9 =0x0000000000000001 is an unknown value
R10=0x0000000000000658 is an unknown value
R11=0x0000013377b0b7f0 points into unknown readable memory: 0x00000000000007d0 | d0 07 00 00 00 00 00 00
R12=0x0000001198b7e430 is pointing into the stack for thread: 0x0000013359515410
R13=0x0000000000000500 is an unknown value
R14=0x000001335aea33c0 points into unknown readable memory: 0x0000000000000508 | 08 05 00 00 00 00 00 00
R15=0x0000000000000500 is an unknown value

Top of Stack: (sp=0x0000001198b7e1f0)
0x0000001198b7e1f0:   0000000000000000 0000000000000000
0x0000001198b7e200:   0000000000000508 000000018001f4c2
0x0000001198b7e210:   0000000180065ec8 0000000000002736
0x0000001198b7e220:   0000000000000000 0000000000000658
0x0000001198b7e230:   0000000000000508 000000018000c506
0x0000001198b7e240:   0000013356b61098 0000000000002736
0x0000001198b7e250:   0000000000000000 0000013300000008
0x0000001198b7e260:   000000110000001e 0000000000000000
0x0000001198b7e270:   0000000000000508 0000000000000000
0x0000001198b7e280:   0000000000000001 0000000000000000
0x0000001198b7e290:   0000000000000508 00007ff8abcb77e6
0x0000001198b7e2a0:   0000000000000658 0000000000000502
0x0000001198b7e2b0:   000001335aea33f0 0000001198b7e400
0x0000001198b7e2c0:   0000000000000000 0000013300000000
0x0000001198b7e2d0:   0000000000000003 0000013300000001
0x0000001198b7e2e0:   0000000000000000 0000000000000000
0x0000001198b7e2f0:   00007ff800000000 00007ff8edfe0139
0x0000001198b7e300:   0000000000000658 0000000000000000
0x0000001198b7e310:   0000000000000000 0000d1e49a2e4b0a
0x0000001198b7e320:   0000013356b61080 00007ff8abcb82af
0x0000001198b7e330:   0000000000000028 00007ff86c6b2cac
0x0000001198b7e340:   0000013356b61088 0000013377b32d50
0x0000001198b7e350:   000001335aea33c0 00007ff8abcb8359
0x0000001198b7e360:   000001335aea33f0 0000001198b7e430
0x0000001198b7e370:   000001335aea33f0 000001335aea33c0
0x0000001198b7e380:   0000013359515410 0000001198b7e430
0x0000001198b7e390:   0000013352fbe708 0000000000000000
0x0000001198b7e3a0:   000001335aea33c0 00007ff8abcb8787
0x0000001198b7e3b0:   0000000000000000 0000001198b7e430
0x0000001198b7e3c0:   0000000000000500 0000013359515410
0x0000001198b7e3d0:   0000000000000001 00007ff8abcb7a75
0x0000001198b7e3e0:   0000000000000508 0000001198b7e430 

Instructions: (pc=0x000000018000c274)
0x000000018000c174:   70 48 8b 6c 24 78 32 c0 48 83 c4 50 41 5c c3 cc
0x000000018000c184:   cc cc cc cc cc cc cc cc cc cc cc cc 48 85 c9 74
0x000000018000c194:   23 8b 05 ad ff 06 00 89 01 8b 05 a9 ff 06 00 89
0x000000018000c1a4:   41 04 8b 05 a4 ff 06 00 89 41 08 8b 05 9f ff 06
0x000000018000c1b4:   00 89 41 0c f3 c3 cc cc cc cc cc cc c6 01 01 c7
0x000000018000c1c4:   02 01 00 00 00 c3 cc cc cc cc cc cc 48 89 5c 24
0x000000018000c1d4:   08 57 48 83 ec 70 48 8b fa 8b d9 48 8d 15 82 73
0x000000018000c1e4:   05 00 48 8d 4c 24 20 45 33 c0 48 c7 44 24 40 0f
0x000000018000c1f4:   00 00 00 48 c7 44 24 38 00 00 00 00 c6 44 24 28
0x000000018000c204:   00 e8 d6 6b ff ff 4c 8d 4c 24 20 48 8d 4c 24 48
0x000000018000c214:   41 b0 01 8b d3 e8 52 06 02 00 48 83 78 20 10 72
0x000000018000c224:   06 48 8b 48 08 eb 05 48 8d 48 08 90 0f b6 01 48
0x000000018000c234:   ff c7 48 ff c1 88 47 ff 84 c0 75 f0 48 83 7c 24
0x000000018000c244:   68 10 72 0a 48 8b 4c 24 50 e8 52 94 03 00 48 8b
0x000000018000c254:   9c 24 80 00 00 00 48 83 c4 70 5f c3 48 83 ec 48
0x000000018000c264:   0f b6 c2 0f 57 c0 0f 11 44 24 ff 25 00 00 00 00
0x000000018000c274:   ae 7e ef ee f8 7f 00 00 8b 44 24 04 0f af 04 24
0x000000018000c284:   89 04 24 8b 44 24 04 0f af 04 24 83 c0 01 89 04
0x000000018000c294:   24 8b 44 24 04 0f af 04 24 83 c0 02 89 04 24 8b
0x000000018000c2a4:   44 24 04 0f af 04 24 83 c0 03 89 04 24 8b 44 24
0x000000018000c2b4:   04 0f af 04 24 83 c0 04 89 04 24 8b 44 24 04 0f
0x000000018000c2c4:   af 04 24 83 c0 05 89 04 24 8b 44 24 04 0f af 04
0x000000018000c2d4:   24 83 c0 06 89 04 24 8b 44 24 04 0f af 04 24 83
0x000000018000c2e4:   c0 07 89 04 24 8b 44 24 04 0f af 04 24 83 c0 08
0x000000018000c2f4:   89 04 24 8b 44 24 04 0f af 04 24 83 c0 09 89 04
0x000000018000c304:   24 8b 44 24 04 0f af 04 24 83 c0 0a 89 04 24 8b
0x000000018000c314:   44 24 04 0f af 04 24 83 c0 0b 89 04 24 8b 44 24
0x000000018000c324:   04 0f af 04 24 83 c0 0d 89 04 24 8b 44 24 04 0f
0x000000018000c334:   af 04 24 83 c0 0e 89 04 24 8b 44 24 04 0f af 04
0x000000018000c344:   24 83 c0 0f 89 04 24 8b 44 24 04 0f af 04 24 83
0x000000018000c354:   c0 10 89 04 24 8b 44 24 04 0f af 04 24 83 c0 11
0x000000018000c364:   89 04 24 8b 44 24 04 0f af 04 24 83 c0 12 89 04 


Stack slot to memory mapping:

stack at sp + 0 slots: 0x0 is null
stack at sp + 1 slots: 0x0 is null
stack at sp + 2 slots: 0x0000000000000508 is an unknown value
stack at sp + 3 slots: 0x000000018001f4c2 ASProxy64.dll
stack at sp + 4 slots: 0x0000000180065ec8 ASProxy64.dll
stack at sp + 5 slots: 0x0000000000002736 is an unknown value
stack at sp + 6 slots: 0x0 is null
stack at sp + 7 slots: 0x0000000000000658 is an unknown value


---------------  P R O C E S S  ---------------

Threads class SMR info:
_java_thread_list=0x000001335b1a2ea0, length=60, elements={
0x00000133756aa730, 0x0000013377bb7400, 0x000001337cefe6f0, 0x0000013377bba9e0,
0x0000013377bbb630, 0x0000013377bbf6f0, 0x0000013377bc17d0, 0x000001337e3ccfb0,
0x0000013377bcd470, 0x000001337e491ca0, 0x000001337e597bf0, 0x000001337e6cb130,
0x000001337e599630, 0x000001337e598910, 0x000001337e598280, 0x000001337e5961b0,
0x000001337e596840, 0x000001337e596ed0, 0x000001337e597560, 0x0000013354fd31f0,
0x0000013354fd3880, 0x0000013354fd17b0, 0x0000013354fd24d0, 0x0000013354fd0a90,
0x0000013354fd2b60, 0x0000013354fd3f10, 0x0000013354fd45a0, 0x0000013354fd1120,
0x0000013354fd52c0, 0x0000013354fd6670, 0x0000013354fd5950, 0x0000013354fd6d00,
0x0000013354fd5fe0, 0x0000013354fd7390, 0x0000013354fd7a20, 0x0000013354fd4c30,
0x00000133568cc2c0, 0x00000133568caf10, 0x00000133568cb5a0, 0x00000133568cc950,
0x00000133568cbc30, 0x00000133568ca880, 0x00000133568cea20, 0x00000133568cf740,
0x00000133568ccfe0, 0x00000133568cf0b0, 0x00000133568d0460, 0x00000133568cd670,
0x00000133568cdd00, 0x0000013359515aa0, 0x0000013359514060, 0x0000013359516130,
0x0000013359516e50, 0x00000133595167c0, 0x00000133595146f0, 0x0000013359515410,
0x0000013359514d80, 0x000001337e6fab30, 0x000001337e6fb1c0, 0x000001337e6fa4a0
}

Java Threads: ( => current thread )
  0x00000133756aa730 JavaThread "main"                              [_thread_blocked, id=9808, stack(0x0000001192800000,0x0000001192900000) (1024K)]
  0x0000013377bb7400 JavaThread "Reference Handler"          daemon [_thread_blocked, id=13272, stack(0x0000001192c00000,0x0000001192d00000) (1024K)]
  0x000001337cefe6f0 JavaThread "Finalizer"                  daemon [_thread_blocked, id=18728, stack(0x0000001192d00000,0x0000001192e00000) (1024K)]
  0x0000013377bba9e0 JavaThread "Signal Dispatcher"          daemon [_thread_blocked, id=18188, stack(0x0000001192e00000,0x0000001192f00000) (1024K)]
  0x0000013377bbb630 JavaThread "Attach Listener"            daemon [_thread_blocked, id=9456, stack(0x0000001192f00000,0x0000001193000000) (1024K)]
  0x0000013377bbf6f0 JavaThread "Service Thread"             daemon [_thread_blocked, id=9912, stack(0x0000001193000000,0x0000001193100000) (1024K)]
  0x0000013377bc17d0 JavaThread "Monitor Deflation Thread"   daemon [_thread_blocked, id=12280, stack(0x0000001193100000,0x0000001193200000) (1024K)]
  0x000001337e3ccfb0 JavaThread "C2 CompilerThread0"         daemon [_thread_in_native, id=11656, stack(0x0000001193200000,0x0000001193300000) (1024K)]
  0x0000013377bcd470 JavaThread "C1 CompilerThread0"         daemon [_thread_blocked, id=15832, stack(0x0000001193300000,0x0000001193400000) (1024K)]
  0x000001337e491ca0 JavaThread "C1 CompilerThread1"         daemon [_thread_blocked, id=16052, stack(0x0000001193400000,0x0000001193500000) (1024K)]
  0x000001337e597bf0 JavaThread "Common-Cleaner"             daemon [_thread_blocked, id=11376, stack(0x0000001193500000,0x0000001193600000) (1024K)]
  0x000001337e6cb130 JavaThread "C1 CompilerThread2"         daemon [_thread_blocked, id=16072, stack(0x0000001194940000,0x0000001194a40000) (1024K)]
  0x000001337e599630 JavaThread "Notification Thread"        daemon [_thread_blocked, id=9916, stack(0x0000001194b40000,0x0000001194c40000) (1024K)]
  0x000001337e598910 JavaThread "Active Thread: Equinox Container: 32b080ce-d0a9-48f3-a6b6-4a41e97d6a8b"        [_thread_blocked, id=8892, stack(0x0000001195480000,0x0000001195580000) (1024K)]
  0x000001337e598280 JavaThread "Refresh Thread: Equinox Container: 32b080ce-d0a9-48f3-a6b6-4a41e97d6a8b" daemon [_thread_blocked, id=14216, stack(0x0000001195680000,0x0000001195780000) (1024K)]
  0x000001337e5961b0 JavaThread "Framework Event Dispatcher: Equinox Container: 32b080ce-d0a9-48f3-a6b6-4a41e97d6a8b" daemon [_thread_blocked, id=15640, stack(0x0000001195780000,0x0000001195880000) (1024K)]
  0x000001337e596840 JavaThread "Start Level: Equinox Container: 32b080ce-d0a9-48f3-a6b6-4a41e97d6a8b" daemon [_thread_blocked, id=11140, stack(0x0000001195880000,0x0000001195980000) (1024K)]
  0x000001337e596ed0 JavaThread "Bundle File Closer"         daemon [_thread_blocked, id=2964, stack(0x0000001195c80000,0x0000001195d80000) (1024K)]
  0x000001337e597560 JavaThread "SCR Component Actor"        daemon [_thread_blocked, id=13048, stack(0x0000001195d80000,0x0000001195e80000) (1024K)]
  0x0000013354fd31f0 JavaThread "Worker-JM"                         [_thread_blocked, id=4280, stack(0x0000001195380000,0x0000001195480000) (1024K)]
  0x0000013354fd3880 JavaThread "Worker-0"                          [_thread_blocked, id=18504, stack(0x0000001196180000,0x0000001196280000) (1024K)]
  0x0000013354fd17b0 JavaThread "Worker-1"                          [_thread_blocked, id=15252, stack(0x0000001196280000,0x0000001196380000) (1024K)]
  0x0000013354fd24d0 JavaThread "Java indexing"              daemon [_thread_blocked, id=12728, stack(0x0000001196380000,0x0000001196480000) (1024K)]
  0x0000013354fd0a90 JavaThread "JNA Cleaner"                daemon [_thread_blocked, id=17684, stack(0x0000001196480000,0x0000001196580000) (1024K)]
  0x0000013354fd2b60 JavaThread "Worker-2"                          [_thread_blocked, id=15916, stack(0x0000001195280000,0x0000001195380000) (1024K)]
  0x0000013354fd3f10 JavaThread "Worker-3"                          [_thread_blocked, id=16544, stack(0x0000001196880000,0x0000001196980000) (1024K)]
  0x0000013354fd45a0 JavaThread "Thread-2"                   daemon [_thread_in_native, id=18484, stack(0x0000001196980000,0x0000001196a80000) (1024K)]
  0x0000013354fd1120 JavaThread "Thread-3"                   daemon [_thread_in_native, id=13652, stack(0x0000001196a80000,0x0000001196b80000) (1024K)]
  0x0000013354fd52c0 JavaThread "Thread-4"                   daemon [_thread_in_native, id=16164, stack(0x0000001196b80000,0x0000001196c80000) (1024K)]
  0x0000013354fd6670 JavaThread "Thread-5"                   daemon [_thread_in_native, id=18176, stack(0x0000001196c80000,0x0000001196d80000) (1024K)]
  0x0000013354fd5950 JavaThread "Thread-6"                   daemon [_thread_in_native, id=5752, stack(0x0000001196d80000,0x0000001196e80000) (1024K)]
  0x0000013354fd6d00 JavaThread "Thread-7"                   daemon [_thread_in_native, id=11872, stack(0x0000001196e80000,0x0000001196f80000) (1024K)]
  0x0000013354fd5fe0 JavaThread "Thread-8"                   daemon [_thread_in_native, id=3048, stack(0x0000001196f80000,0x0000001197080000) (1024K)]
  0x0000013354fd7390 JavaThread "Thread-9"                   daemon [_thread_in_native, id=7972, stack(0x0000001197080000,0x0000001197180000) (1024K)]
  0x0000013354fd7a20 JavaThread "Thread-10"                  daemon [_thread_in_native, id=8284, stack(0x0000001197180000,0x0000001197280000) (1024K)]
  0x0000013354fd4c30 JavaThread "Thread-11"                  daemon [_thread_in_native, id=18888, stack(0x0000001197280000,0x0000001197380000) (1024K)]
  0x00000133568cc2c0 JavaThread "Thread-12"                  daemon [_thread_in_native, id=10324, stack(0x0000001197380000,0x0000001197480000) (1024K)]
  0x00000133568caf10 JavaThread "Thread-13"                  daemon [_thread_in_native, id=17172, stack(0x0000001197480000,0x0000001197580000) (1024K)]
  0x00000133568cb5a0 JavaThread "Thread-14"                  daemon [_thread_in_native, id=6092, stack(0x0000001197580000,0x0000001197680000) (1024K)]
  0x00000133568cc950 JavaThread "Thread-15"                  daemon [_thread_in_native, id=17772, stack(0x0000001197680000,0x0000001197780000) (1024K)]
  0x00000133568cbc30 JavaThread "Thread-16"                  daemon [_thread_in_native, id=19440, stack(0x0000001197780000,0x0000001197880000) (1024K)]
  0x00000133568ca880 JavaThread "Thread-17"                  daemon [_thread_in_native, id=11632, stack(0x0000001197880000,0x0000001197980000) (1024K)]
  0x00000133568cea20 JavaThread "Thread-18"                  daemon [_thread_in_native, id=12824, stack(0x0000001197980000,0x0000001197a80000) (1024K)]
  0x00000133568cf740 JavaThread "pool-2-thread-1"                   [_thread_blocked, id=9152, stack(0x0000001197a80000,0x0000001197b80000) (1024K)]
  0x00000133568ccfe0 JavaThread "WorkspaceEventsHandler"            [_thread_blocked, id=10844, stack(0x0000001197f80000,0x0000001198080000) (1024K)]
  0x00000133568cf0b0 JavaThread "pool-1-thread-1"                   [_thread_blocked, id=16352, stack(0x0000001198080000,0x0000001198180000) (1024K)]
  0x00000133568d0460 JavaThread "Worker-4: Initialize Workspace"        [_thread_blocked, id=17956, stack(0x0000001198280000,0x0000001198380000) (1024K)]
  0x00000133568cd670 JavaThread "Timer-0"                           [_thread_blocked, id=13440, stack(0x0000001198380000,0x0000001198480000) (1024K)]
  0x00000133568cdd00 JavaThread "Timer-1"                           [_thread_blocked, id=18824, stack(0x0000001198180000,0x0000001198280000) (1024K)]
  0x0000013359515aa0 JavaThread "Timer-2"                           [_thread_blocked, id=10340, stack(0x0000001198480000,0x0000001198580000) (1024K)]
  0x0000013359514060 JavaThread "LocalFile Deleter"          daemon [_thread_blocked, id=8888, stack(0x0000001198580000,0x0000001198680000) (1024K)]
  0x0000013359516130 JavaThread "LocalFile Deleter"          daemon [_thread_blocked, id=8052, stack(0x0000001198680000,0x0000001198780000) (1024K)]
  0x0000013359516e50 JavaThread "LocalFile Deleter"          daemon [_thread_blocked, id=18612, stack(0x0000001198780000,0x0000001198880000) (1024K)]
  0x00000133595167c0 JavaThread "Timer-3"                           [_thread_blocked, id=9512, stack(0x0000001198880000,0x0000001198980000) (1024K)]
  0x00000133595146f0 JavaThread "Timer-4"                           [_thread_blocked, id=18732, stack(0x0000001198980000,0x0000001198a80000) (1024K)]
=>0x0000013359515410 JavaThread "Connection worker"                 [_thread_in_native, id=11544, stack(0x0000001198a80000,0x0000001198b80000) (1024K)]
  0x0000013359514d80 JavaThread "pool-3-thread-1"                   [_thread_blocked, id=18740, stack(0x0000001197b80000,0x0000001197c80000) (1024K)]
  0x000001337e6fab30 JavaThread "Exec process"                      [_thread_blocked, id=17664, stack(0x0000001197c80000,0x0000001197d80000) (1024K)]
  0x000001337e6fb1c0 JavaThread "Exec process Thread 2"             [_thread_blocked, id=18792, stack(0x0000001197d80000,0x0000001197e80000) (1024K)]
  0x000001337e6fa4a0 JavaThread "Exec process Thread 3"             [_thread_blocked, id=11016, stack(0x0000001197e80000,0x0000001197f80000) (1024K)]
Total: 60

Other Threads:
  0x000001337cee49b0 VMThread "VM Thread"                           [id=6364, stack(0x0000001192b00000,0x0000001192c00000) (1024K)]
  0x000001337cddca00 WatcherThread "VM Periodic Task Thread"        [id=15388, stack(0x0000001192a00000,0x0000001192b00000) (1024K)]
  0x0000013377b2eac0 WorkerThread "GC Thread#0"                     [id=7324, stack(0x0000001192900000,0x0000001192a00000) (1024K)]
  0x0000013354b311a0 WorkerThread "GC Thread#1"                     [id=18104, stack(0x0000001194700000,0x0000001194800000) (1024K)]
  0x00000133548a6570 WorkerThread "GC Thread#2"                     [id=18956, stack(0x0000001194d80000,0x0000001194e80000) (1024K)]
  0x00000133548a6910 WorkerThread "GC Thread#3"                     [id=18632, stack(0x0000001194e80000,0x0000001194f80000) (1024K)]
  0x00000133548a6cb0 WorkerThread "GC Thread#4"                     [id=17276, stack(0x0000001194f80000,0x0000001195080000) (1024K)]
  0x0000013354c654a0 WorkerThread "GC Thread#5"                     [id=8752, stack(0x0000001195080000,0x0000001195180000) (1024K)]
  0x0000013354c65840 WorkerThread "GC Thread#6"                     [id=12084, stack(0x0000001195180000,0x0000001195280000) (1024K)]
  0x0000013354c7c750 WorkerThread "GC Thread#7"                     [id=7528, stack(0x0000001195580000,0x0000001195680000) (1024K)]
  0x0000013354ed1960 WorkerThread "GC Thread#8"                     [id=15596, stack(0x0000001195980000,0x0000001195a80000) (1024K)]
  0x00000133554989c0 WorkerThread "GC Thread#9"                     [id=18720, stack(0x0000001195a80000,0x0000001195b80000) (1024K)]
  0x0000013355497060 WorkerThread "GC Thread#10"                    [id=18796, stack(0x0000001195b80000,0x0000001195c80000) (1024K)]
  0x0000013355497400 WorkerThread "GC Thread#11"                    [id=11360, stack(0x0000001195f80000,0x0000001196080000) (1024K)]
  0x0000013355498620 WorkerThread "GC Thread#12"                    [id=16712, stack(0x0000001196080000,0x0000001196180000) (1024K)]
Total: 15

Threads with active compile tasks:
C2 CompilerThread0  7191 7750   !   4       jdk.internal.loader.BuiltinClassLoader::loadClassOrNull (143 bytes)
Total: 1

VM state: not at safepoint (normal execution)

VM Mutex/Monitor currently owned by a thread: None

Heap address: 0x00000000c0000000, size: 1024 MB, Compressed Oops mode: 32-bit

CDS archive(s) mapped at: [0x000001330f000000-0x000001330fba0000-0x000001330fba0000), size 12189696, SharedBaseAddress: 0x000001330f000000, ArchiveRelocationMode: 1.
Compressed class space mapped at: 0x0000013310000000-0x0000013350000000, reserved size: 1073741824
Narrow klass base: 0x000001330f000000, Narrow klass shift: 0, Narrow klass range: 0x100000000

GC Precious Log:
 CardTable entry size: 512
 CPUs: 16 total, 16 available
 Memory: 16096M
 Large Page Support: Disabled
 NUMA Support: Disabled
 Compressed Oops: Enabled (32-bit)
 Alignments: Space 512K, Generation 512K, Heap 2M
 Heap Min Capacity: 100M
 Heap Initial Capacity: 100M
 Heap Max Capacity: 1G
 Pre-touch: Disabled
 Parallel Workers: 13

Heap:
 PSYoungGen      total 16384K, used 14190K [0x00000000eab00000, 0x00000000ebc00000, 0x0000000100000000)
  eden space 15360K, 87% used [0x00000000eab00000,0x00000000eb8238d8,0x00000000eba00000)
  from space 1024K, 71% used [0x00000000eba00000,0x00000000ebab8010,0x00000000ebb00000)
  to   space 1024K, 0% used [0x00000000ebb00000,0x00000000ebb00000,0x00000000ebc00000)
 ParOldGen       total 68608K, used 40701K [0x00000000c0000000, 0x00000000c4300000, 0x00000000eab00000)
  object space 68608K, 59% used [0x00000000c0000000,0x00000000c27bf620,0x00000000c4300000)
 Metaspace       used 62341K, committed 63808K, reserved 1114112K
  class space    used 7722K, committed 8384K, reserved 1048576K

Card table byte_map: [0x00000133774b0000,0x00000133776c0000] _byte_map_base: 0x0000013376eb0000

Marking Bits: (ParMarkBitMap*) 0x00007ff86ccf31f0
 Begin Bits: [0x000001337ad00000, 0x000001337bd00000)
 End Bits:   [0x000001337bd00000, 0x000001337cd00000)

Polling page: 0x0000013375910000

Metaspace:

Usage:
  Non-class:     53.34 MB used.
      Class:      7.54 MB used.
       Both:     60.88 MB used.

Virtual space:
  Non-class space:       64.00 MB reserved,      54.12 MB ( 85%) committed,  1 nodes.
      Class space:        1.00 GB reserved,       8.19 MB ( <1%) committed,  1 nodes.
             Both:        1.06 GB reserved,      62.31 MB (  6%) committed. 

Chunk freelists:
   Non-Class:  9.86 MB
       Class:  7.86 MB
        Both:  17.72 MB

MaxMetaspaceSize: unlimited
CompressedClassSpaceSize: 1.00 GB
Initial GC threshold: 21.00 MB
Current GC threshold: 97.31 MB
CDS: on
 - commit_granule_bytes: 65536.
 - commit_granule_words: 8192.
 - virtual_space_node_default_size: 8388608.
 - enlarge_chunks_in_place: 1.
 - use_allocation_guard: 0.


Internal statistics:

num_allocs_failed_limit: 9.
num_arena_births: 1132.
num_arena_deaths: 14.
num_vsnodes_births: 2.
num_vsnodes_deaths: 0.
num_space_committed: 997.
num_space_uncommitted: 0.
num_chunks_returned_to_freelist: 23.
num_chunks_taken_from_freelist: 3741.
num_chunk_merges: 15.
num_chunk_splits: 2489.
num_chunks_enlarged: 1636.
num_inconsistent_stats: 0.

CodeHeap 'non-profiled nmethods': size=119168Kb used=4921Kb max_used=4921Kb free=114246Kb
 bounds [0x0000013307ba0000, 0x0000013308070000, 0x000001330f000000]
CodeHeap 'profiled nmethods': size=119104Kb used=13934Kb max_used=14283Kb free=105170Kb
 bounds [0x0000013300000000, 0x0000013300e00000, 0x0000013307450000]
CodeHeap 'non-nmethods': size=7488Kb used=2514Kb max_used=3171Kb free=4973Kb
 bounds [0x0000013307450000, 0x0000013307780000, 0x0000013307ba0000]
 total_blobs=7639 nmethods=6950 adapters=593
 compilation: enabled
              stopped_count=0, restarted_count=0
 full_count=0

Compilation events (20 events):
Event: 7.128 Thread 0x000001337e491ca0 nmethod 7758 0x000001330098a390 code [0x000001330098a720, 0x000001330098bc58]
Event: 7.128 Thread 0x0000013377bcd470 7760       3       java.security.Provider::implRemoveService (149 bytes)
Event: 7.128 Thread 0x000001337e491ca0 7762       3       java.security.Provider::checkAndUpdateSecureRandom (88 bytes)
Event: 7.128 Thread 0x000001337e491ca0 nmethod 7762 0x00000133009e2210 code [0x00000133009e23e0, 0x00000133009e2780]
Event: 7.128 Thread 0x0000013377bcd470 nmethod 7760 0x000001330086d590 code [0x000001330086d840, 0x000001330086e4c0]
Event: 7.129 Thread 0x000001337e6cb130 nmethod 7761 0x0000013300912790 code [0x0000013300912c80, 0x0000013300914fb0]
Event: 7.136 Thread 0x000001337e491ca0 7764       3       java.util.HashMap::computeIfAbsent (330 bytes)
Event: 7.136 Thread 0x000001337e6cb130 7765       3       sun.security.util.SecurityProviderConstants::getAliases (63 bytes)
Event: 7.137 Thread 0x0000013377bcd470 7766       3       java.util.HashMap::afterNodeAccess (1 bytes)
Event: 7.137 Thread 0x0000013377bcd470 nmethod 7766 0x000001330058a390 code [0x000001330058a520, 0x000001330058a628]
Event: 7.137 Thread 0x000001337e6cb130 nmethod 7765 0x0000013300989490 code [0x0000013300989700, 0x0000013300989fa0]
Event: 7.137 Thread 0x000001337e6cb130 7767       1       java.nio.DirectByteBuffer::attachment (5 bytes)
Event: 7.137 Thread 0x000001337e6cb130 nmethod 7767 0x0000013308068310 code [0x00000133080684a0, 0x0000013308068568]
Event: 7.137 Thread 0x000001337e491ca0 nmethod 7764 0x000001330086b710 code [0x000001330086ba40, 0x000001330086cfb8]
Event: 7.141 Thread 0x000001337e491ca0 7768       3       java.security.MessageDigest::update (11 bytes)
Event: 7.141 Thread 0x000001337e6cb130 7769       3       java.security.MessageDigest$Delegate::engineUpdate (9 bytes)
Event: 7.141 Thread 0x0000013377bcd470 7770       3       sun.security.provider.DigestBase::engineUpdate (32 bytes)
Event: 7.141 Thread 0x000001337e491ca0 nmethod 7768 0x0000013300978090 code [0x0000013300978240, 0x0000013300978500]
Event: 7.141 Thread 0x0000013377bcd470 nmethod 7770 0x00000133009e1b90 code [0x00000133009e1d40, 0x00000133009e1fa8]
Event: 7.141 Thread 0x000001337e6cb130 nmethod 7769 0x00000133009d8310 code [0x00000133009d84c0, 0x00000133009d8698]

GC Heap History (20 events):
Event: 5.166 GC heap before
{Heap before GC invocations=39 (full 3):
 PSYoungGen      total 17408K, used 16330K [0x00000000eab00000, 0x00000000ebd00000, 0x0000000100000000)
  eden space 15872K, 100% used [0x00000000eab00000,0x00000000eba80000,0x00000000eba80000)
  from space 1536K, 29% used [0x00000000eba80000,0x00000000ebaf29a0,0x00000000ebc00000)
  to   space 1024K, 0% used [0x00000000ebc00000,0x00000000ebc00000,0x00000000ebd00000)
 ParOldGen       total 68608K, used 38863K [0x00000000c0000000, 0x00000000c4300000, 0x00000000eab00000)
  object space 68608K, 56% used [0x00000000c0000000,0x00000000c25f3fd0,0x00000000c4300000)
 Metaspace       used 58749K, committed 59968K, reserved 1114112K
  class space    used 7203K, committed 7744K, reserved 1048576K
}
Event: 5.167 GC heap after
{Heap after GC invocations=39 (full 3):
 PSYoungGen      total 16896K, used 1016K [0x00000000eab00000, 0x00000000ebd80000, 0x0000000100000000)
  eden space 15872K, 0% used [0x00000000eab00000,0x00000000eab00000,0x00000000eba80000)
  from space 1024K, 99% used [0x00000000ebc00000,0x00000000ebcfe070,0x00000000ebd00000)
  to   space 1536K, 0% used [0x00000000eba80000,0x00000000eba80000,0x00000000ebc00000)
 ParOldGen       total 68608K, used 39050K [0x00000000c0000000, 0x00000000c4300000, 0x00000000eab00000)
  object space 68608K, 56% used [0x00000000c0000000,0x00000000c2622a40,0x00000000c4300000)
 Metaspace       used 58749K, committed 59968K, reserved 1114112K
  class space    used 7203K, committed 7744K, reserved 1048576K
}
Event: 5.224 GC heap before
{Heap before GC invocations=40 (full 3):
 PSYoungGen      total 16896K, used 16888K [0x00000000eab00000, 0x00000000ebd80000, 0x0000000100000000)
  eden space 15872K, 100% used [0x00000000eab00000,0x00000000eba80000,0x00000000eba80000)
  from space 1024K, 99% used [0x00000000ebc00000,0x00000000ebcfe070,0x00000000ebd00000)
  to   space 1536K, 0% used [0x00000000eba80000,0x00000000eba80000,0x00000000ebc00000)
 ParOldGen       total 68608K, used 39050K [0x00000000c0000000, 0x00000000c4300000, 0x00000000eab00000)
  object space 68608K, 56% used [0x00000000c0000000,0x00000000c2622a40,0x00000000c4300000)
 Metaspace       used 58749K, committed 59968K, reserved 1114112K
  class space    used 7203K, committed 7744K, reserved 1048576K
}
Event: 5.225 GC heap after
{Heap after GC invocations=40 (full 3):
 PSYoungGen      total 17408K, used 1308K [0x00000000eab00000, 0x00000000ebd80000, 0x0000000100000000)
  eden space 15872K, 0% used [0x00000000eab00000,0x00000000eab00000,0x00000000eba80000)
  from space 1536K, 85% used [0x00000000eba80000,0x00000000ebbc70b0,0x00000000ebc00000)
  to   space 1536K, 0% used [0x00000000ebc00000,0x00000000ebc00000,0x00000000ebd80000)
 ParOldGen       total 68608K, used 39146K [0x00000000c0000000, 0x00000000c4300000, 0x00000000eab00000)
  object space 68608K, 57% used [0x00000000c0000000,0x00000000c263aa50,0x00000000c4300000)
 Metaspace       used 58749K, committed 59968K, reserved 1114112K
  class space    used 7203K, committed 7744K, reserved 1048576K
}
Event: 5.284 GC heap before
{Heap before GC invocations=41 (full 3):
 PSYoungGen      total 17408K, used 17180K [0x00000000eab00000, 0x00000000ebd80000, 0x0000000100000000)
  eden space 15872K, 100% used [0x00000000eab00000,0x00000000eba80000,0x00000000eba80000)
  from space 1536K, 85% used [0x00000000eba80000,0x00000000ebbc70b0,0x00000000ebc00000)
  to   space 1536K, 0% used [0x00000000ebc00000,0x00000000ebc00000,0x00000000ebd80000)
 ParOldGen       total 68608K, used 39146K [0x00000000c0000000, 0x00000000c4300000, 0x00000000eab00000)
  object space 68608K, 57% used [0x00000000c0000000,0x00000000c263aa50,0x00000000c4300000)
 Metaspace       used 58750K, committed 59968K, reserved 1114112K
  class space    used 7203K, committed 7744K, reserved 1048576K
}
Event: 5.285 GC heap after
{Heap after GC invocations=41 (full 3):
 PSYoungGen      total 16384K, used 288K [0x00000000eab00000, 0x00000000ebc80000, 0x0000000100000000)
  eden space 15872K, 0% used [0x00000000eab00000,0x00000000eab00000,0x00000000eba80000)
  from space 512K, 56% used [0x00000000ebc00000,0x00000000ebc48000,0x00000000ebc80000)
  to   space 1024K, 0% used [0x00000000eba80000,0x00000000eba80000,0x00000000ebb80000)
 ParOldGen       total 68608K, used 39210K [0x00000000c0000000, 0x00000000c4300000, 0x00000000eab00000)
  object space 68608K, 57% used [0x00000000c0000000,0x00000000c264aa50,0x00000000c4300000)
 Metaspace       used 58750K, committed 59968K, reserved 1114112K
  class space    used 7203K, committed 7744K, reserved 1048576K
}
Event: 5.341 GC heap before
{Heap before GC invocations=42 (full 3):
 PSYoungGen      total 16384K, used 16160K [0x00000000eab00000, 0x00000000ebc80000, 0x0000000100000000)
  eden space 15872K, 100% used [0x00000000eab00000,0x00000000eba80000,0x00000000eba80000)
  from space 512K, 56% used [0x00000000ebc00000,0x00000000ebc48000,0x00000000ebc80000)
  to   space 1024K, 0% used [0x00000000eba80000,0x00000000eba80000,0x00000000ebb80000)
 ParOldGen       total 68608K, used 39210K [0x00000000c0000000, 0x00000000c4300000, 0x00000000eab00000)
  object space 68608K, 57% used [0x00000000c0000000,0x00000000c264aa50,0x00000000c4300000)
 Metaspace       used 58752K, committed 59968K, reserved 1114112K
  class space    used 7203K, committed 7744K, reserved 1048576K
}
Event: 5.342 GC heap after
{Heap after GC invocations=42 (full 3):
 PSYoungGen      total 16896K, used 673K [0x00000000eab00000, 0x00000000ebc80000, 0x0000000100000000)
  eden space 15872K, 0% used [0x00000000eab00000,0x00000000eab00000,0x00000000eba80000)
  from space 1024K, 65% used [0x00000000eba80000,0x00000000ebb28700,0x00000000ebb80000)
  to   space 1024K, 0% used [0x00000000ebb80000,0x00000000ebb80000,0x00000000ebc80000)
 ParOldGen       total 68608K, used 39385K [0x00000000c0000000, 0x00000000c4300000, 0x00000000eab00000)
  object space 68608K, 57% used [0x00000000c0000000,0x00000000c2676470,0x00000000c4300000)
 Metaspace       used 58752K, committed 59968K, reserved 1114112K
  class space    used 7203K, committed 7744K, reserved 1048576K
}
Event: 5.398 GC heap before
{Heap before GC invocations=43 (full 3):
 PSYoungGen      total 16896K, used 16545K [0x00000000eab00000, 0x00000000ebc80000, 0x0000000100000000)
  eden space 15872K, 100% used [0x00000000eab00000,0x00000000eba80000,0x00000000eba80000)
  from space 1024K, 65% used [0x00000000eba80000,0x00000000ebb28700,0x00000000ebb80000)
  to   space 1024K, 0% used [0x00000000ebb80000,0x00000000ebb80000,0x00000000ebc80000)
 ParOldGen       total 68608K, used 39385K [0x00000000c0000000, 0x00000000c4300000, 0x00000000eab00000)
  object space 68608K, 57% used [0x00000000c0000000,0x00000000c2676470,0x00000000c4300000)
 Metaspace       used 58752K, committed 59968K, reserved 1114112K
  class space    used 7203K, committed 7744K, reserved 1048576K
}
Event: 5.399 GC heap after
{Heap after GC invocations=43 (full 3):
 PSYoungGen      total 16384K, used 1009K [0x00000000eab00000, 0x00000000ebd80000, 0x0000000100000000)
  eden space 15360K, 0% used [0x00000000eab00000,0x00000000eab00000,0x00000000eba00000)
  from space 1024K, 98% used [0x00000000ebb80000,0x00000000ebc7c510,0x00000000ebc80000)
  to   space 1536K, 0% used [0x00000000eba00000,0x00000000eba00000,0x00000000ebb80000)
 ParOldGen       total 68608K, used 39661K [0x00000000c0000000, 0x00000000c4300000, 0x00000000eab00000)
  object space 68608K, 57% used [0x00000000c0000000,0x00000000c26bb5f0,0x00000000c4300000)
 Metaspace       used 58752K, committed 59968K, reserved 1114112K
  class space    used 7203K, committed 7744K, reserved 1048576K
}
Event: 5.454 GC heap before
{Heap before GC invocations=44 (full 3):
 PSYoungGen      total 16384K, used 16369K [0x00000000eab00000, 0x00000000ebd80000, 0x0000000100000000)
  eden space 15360K, 100% used [0x00000000eab00000,0x00000000eba00000,0x00000000eba00000)
  from space 1024K, 98% used [0x00000000ebb80000,0x00000000ebc7c510,0x00000000ebc80000)
  to   space 1536K, 0% used [0x00000000eba00000,0x00000000eba00000,0x00000000ebb80000)
 ParOldGen       total 68608K, used 39661K [0x00000000c0000000, 0x00000000c4300000, 0x00000000eab00000)
  object space 68608K, 57% used [0x00000000c0000000,0x00000000c26bb5f0,0x00000000c4300000)
 Metaspace       used 58761K, committed 59968K, reserved 1114112K
  class space    used 7203K, committed 7744K, reserved 1048576K
}
Event: 5.455 GC heap after
{Heap after GC invocations=44 (full 3):
 PSYoungGen      total 15872K, used 352K [0x00000000eab00000, 0x00000000ebc00000, 0x0000000100000000)
  eden space 15360K, 0% used [0x00000000eab00000,0x00000000eab00000,0x00000000eba00000)
  from space 512K, 68% used [0x00000000eba00000,0x00000000eba58000,0x00000000eba80000)
  to   space 1024K, 0% used [0x00000000ebb00000,0x00000000ebb00000,0x00000000ebc00000)
 ParOldGen       total 68608K, used 39733K [0x00000000c0000000, 0x00000000c4300000, 0x00000000eab00000)
  object space 68608K, 57% used [0x00000000c0000000,0x00000000c26cd5f0,0x00000000c4300000)
 Metaspace       used 58761K, committed 59968K, reserved 1114112K
  class space    used 7203K, committed 7744K, reserved 1048576K
}
Event: 5.498 GC heap before
{Heap before GC invocations=45 (full 3):
 PSYoungGen      total 15872K, used 15712K [0x00000000eab00000, 0x00000000ebc00000, 0x0000000100000000)
  eden space 15360K, 100% used [0x00000000eab00000,0x00000000eba00000,0x00000000eba00000)
  from space 512K, 68% used [0x00000000eba00000,0x00000000eba58000,0x00000000eba80000)
  to   space 1024K, 0% used [0x00000000ebb00000,0x00000000ebb00000,0x00000000ebc00000)
 ParOldGen       total 68608K, used 39733K [0x00000000c0000000, 0x00000000c4300000, 0x00000000eab00000)
  object space 68608K, 57% used [0x00000000c0000000,0x00000000c26cd5f0,0x00000000c4300000)
 Metaspace       used 58762K, committed 59968K, reserved 1114112K
  class space    used 7203K, committed 7744K, reserved 1048576K
}
Event: 5.499 GC heap after
{Heap after GC invocations=45 (full 3):
 PSYoungGen      total 16384K, used 518K [0x00000000eab00000, 0x00000000ebc00000, 0x0000000100000000)
  eden space 15360K, 0% used [0x00000000eab00000,0x00000000eab00000,0x00000000eba00000)
  from space 1024K, 50% used [0x00000000ebb00000,0x00000000ebb818d0,0x00000000ebc00000)
  to   space 1024K, 0% used [0x00000000eba00000,0x00000000eba00000,0x00000000ebb00000)
 ParOldGen       total 68608K, used 40037K [0x00000000c0000000, 0x00000000c4300000, 0x00000000eab00000)
  object space 68608K, 58% used [0x00000000c0000000,0x00000000c2719678,0x00000000c4300000)
 Metaspace       used 58762K, committed 59968K, reserved 1114112K
  class space    used 7203K, committed 7744K, reserved 1048576K
}
Event: 5.547 GC heap before
{Heap before GC invocations=46 (full 3):
 PSYoungGen      total 16384K, used 15878K [0x00000000eab00000, 0x00000000ebc00000, 0x0000000100000000)
  eden space 15360K, 100% used [0x00000000eab00000,0x00000000eba00000,0x00000000eba00000)
  from space 1024K, 50% used [0x00000000ebb00000,0x00000000ebb818d0,0x00000000ebc00000)
  to   space 1024K, 0% used [0x00000000eba00000,0x00000000eba00000,0x00000000ebb00000)
 ParOldGen       total 68608K, used 40037K [0x00000000c0000000, 0x00000000c4300000, 0x00000000eab00000)
  object space 68608K, 58% used [0x00000000c0000000,0x00000000c2719678,0x00000000c4300000)
 Metaspace       used 58763K, committed 59968K, reserved 1114112K
  class space    used 7203K, committed 7744K, reserved 1048576K
}
Event: 5.548 GC heap after
{Heap after GC invocations=46 (full 3):
 PSYoungGen      total 16384K, used 1011K [0x00000000eab00000, 0x00000000ebd00000, 0x0000000100000000)
  eden space 15360K, 0% used [0x00000000eab00000,0x00000000eab00000,0x00000000eba00000)
  from space 1024K, 98% used [0x00000000eba00000,0x00000000ebafcf40,0x00000000ebb00000)
  to   space 1536K, 0% used [0x00000000ebb80000,0x00000000ebb80000,0x00000000ebd00000)
 ParOldGen       total 68608K, used 40382K [0x00000000c0000000, 0x00000000c4300000, 0x00000000eab00000)
  object space 68608K, 58% used [0x00000000c0000000,0x00000000c276f910,0x00000000c4300000)
 Metaspace       used 58763K, committed 59968K, reserved 1114112K
  class space    used 7203K, committed 7744K, reserved 1048576K
}
Event: 5.619 GC heap before
{Heap before GC invocations=47 (full 3):
 PSYoungGen      total 16384K, used 16371K [0x00000000eab00000, 0x00000000ebd00000, 0x0000000100000000)
  eden space 15360K, 100% used [0x00000000eab00000,0x00000000eba00000,0x00000000eba00000)
  from space 1024K, 98% used [0x00000000eba00000,0x00000000ebafcf40,0x00000000ebb00000)
  to   space 1536K, 0% used [0x00000000ebb80000,0x00000000ebb80000,0x00000000ebd00000)
 ParOldGen       total 68608K, used 40382K [0x00000000c0000000, 0x00000000c4300000, 0x00000000eab00000)
  object space 68608K, 58% used [0x00000000c0000000,0x00000000c276f910,0x00000000c4300000)
 Metaspace       used 59395K, committed 60672K, reserved 1114112K
  class space    used 7288K, committed 7872K, reserved 1048576K
}
Event: 5.619 GC heap after
{Heap after GC invocations=47 (full 3):
 PSYoungGen      total 15872K, used 448K [0x00000000eab00000, 0x00000000ebc00000, 0x0000000100000000)
  eden space 15360K, 0% used [0x00000000eab00000,0x00000000eab00000,0x00000000eba00000)
  from space 512K, 87% used [0x00000000ebb80000,0x00000000ebbf0000,0x00000000ebc00000)
  to   space 1024K, 0% used [0x00000000eba00000,0x00000000eba00000,0x00000000ebb00000)
 ParOldGen       total 68608K, used 40438K [0x00000000c0000000, 0x00000000c4300000, 0x00000000eab00000)
  object space 68608K, 58% used [0x00000000c0000000,0x00000000c277d910,0x00000000c4300000)
 Metaspace       used 59395K, committed 60672K, reserved 1114112K
  class space    used 7288K, committed 7872K, reserved 1048576K
}
Event: 5.726 GC heap before
{Heap before GC invocations=48 (full 3):
 PSYoungGen      total 15872K, used 15808K [0x00000000eab00000, 0x00000000ebc00000, 0x0000000100000000)
  eden space 15360K, 100% used [0x00000000eab00000,0x00000000eba00000,0x00000000eba00000)
  from space 512K, 87% used [0x00000000ebb80000,0x00000000ebbf0000,0x00000000ebc00000)
  to   space 1024K, 0% used [0x00000000eba00000,0x00000000eba00000,0x00000000ebb00000)
 ParOldGen       total 68608K, used 40438K [0x00000000c0000000, 0x00000000c4300000, 0x00000000eab00000)
  object space 68608K, 58% used [0x00000000c0000000,0x00000000c277d910,0x00000000c4300000)
 Metaspace       used 60973K, committed 62400K, reserved 1114112K
  class space    used 7557K, committed 8192K, reserved 1048576K
}
Event: 5.727 GC heap after
{Heap after GC invocations=48 (full 3):
 PSYoungGen      total 16384K, used 736K [0x00000000eab00000, 0x00000000ebc00000, 0x0000000100000000)
  eden space 15360K, 0% used [0x00000000eab00000,0x00000000eab00000,0x00000000eba00000)
  from space 1024K, 71% used [0x00000000eba00000,0x00000000ebab8010,0x00000000ebb00000)
  to   space 1024K, 0% used [0x00000000ebb00000,0x00000000ebb00000,0x00000000ebc00000)
 ParOldGen       total 68608K, used 40701K [0x00000000c0000000, 0x00000000c4300000, 0x00000000eab00000)
  object space 68608K, 59% used [0x00000000c0000000,0x00000000c27bf620,0x00000000c4300000)
 Metaspace       used 60973K, committed 62400K, reserved 1114112K
  class space    used 7557K, committed 8192K, reserved 1048576K
}

Dll operation events (15 events):
Event: 0.006 Loaded shared library c:\Users\admin\.cursor\extensions\redhat.java-1.42.0-win32-x64\jre\21.0.7-win32-x86_64\bin\java.dll
Event: 0.065 Loaded shared library c:\Users\admin\.cursor\extensions\redhat.java-1.42.0-win32-x64\jre\21.0.7-win32-x86_64\bin\zip.dll
Event: 0.078 Loaded shared library C:\Users\admin\.cursor\extensions\redhat.java-1.42.0-win32-x64\jre\21.0.7-win32-x86_64\bin\instrument.dll
Event: 0.081 Loaded shared library C:\Users\admin\.cursor\extensions\redhat.java-1.42.0-win32-x64\jre\21.0.7-win32-x86_64\bin\net.dll
Event: 0.087 Loaded shared library C:\Users\admin\.cursor\extensions\redhat.java-1.42.0-win32-x64\jre\21.0.7-win32-x86_64\bin\nio.dll
Event: 0.089 Loaded shared library C:\Users\admin\.cursor\extensions\redhat.java-1.42.0-win32-x64\jre\21.0.7-win32-x86_64\bin\zip.dll
Event: 0.100 Loaded shared library C:\Users\admin\.cursor\extensions\redhat.java-1.42.0-win32-x64\jre\21.0.7-win32-x86_64\bin\jimage.dll
Event: 0.138 Loaded shared library c:\Users\admin\.cursor\extensions\redhat.java-1.42.0-win32-x64\jre\21.0.7-win32-x86_64\bin\verify.dll
Event: 0.740 Loaded shared library C:\Users\admin\AppData\Roaming\Cursor\User\globalStorage\redhat.java\1.42.0\config_win\org.eclipse.equinox.launcher\org.eclipse.equinox.launcher.win32.win32.x86_64_1.2.1300.v20250331-1702\eclipse_11911.dll
Event: 2.037 Loaded shared library C:\Users\admin\.cursor\extensions\redhat.java-1.42.0-win32-x64\jre\21.0.7-win32-x86_64\bin\management.dll
Event: 2.039 Loaded shared library C:\Users\admin\.cursor\extensions\redhat.java-1.42.0-win32-x64\jre\21.0.7-win32-x86_64\bin\management_ext.dll
Event: 2.191 Loaded shared library C:\Users\admin\AppData\Local\Temp\jna-92668751\jna18360631553991859493.dll
Event: 3.877 Loaded shared library C:\Users\admin\.gradle\native\1def1411415f61bf3af743bc5b6707747c0891f09f0c88961ee8f79bc544acac\windows-amd64\native-platform.dll
Event: 5.615 Loaded shared library C:\Users\admin\.cursor\extensions\redhat.java-1.42.0-win32-x64\jre\21.0.7-win32-x86_64\bin\extnet.dll
Event: 7.132 Loaded shared library C:\Users\admin\.cursor\extensions\redhat.java-1.42.0-win32-x64\jre\21.0.7-win32-x86_64\bin\sunmscapi.dll

Deoptimization events (20 events):
Event: 7.136 Thread 0x0000013359515410 Uncommon trap: trap_request=0xffffff45 fr.pc=0x0000013307c547f8 relative=0x00000000000008b8
Event: 7.136 Thread 0x0000013359515410 Uncommon trap: reason=unstable_if action=reinterpret pc=0x0000013307c547f8 method=java.util.HashMap.computeIfAbsent(Ljava/lang/Object;Ljava/util/function/Function;)Ljava/lang/Object; @ 294 c2
Event: 7.136 Thread 0x0000013359515410 DEOPT PACKING pc=0x0000013307c547f8 sp=0x0000001198b7c410
Event: 7.136 Thread 0x0000013359515410 DEOPT UNPACKING pc=0x00000133074a3aa2 sp=0x0000001198b7c3b8 mode 2
Event: 7.142 Thread 0x0000013359515410 Uncommon trap: trap_request=0xffffff45 fr.pc=0x0000013307f0dc44 relative=0x0000000000000b84
Event: 7.142 Thread 0x0000013359515410 Uncommon trap: reason=unstable_if action=reinterpret pc=0x0000013307f0dc44 method=sun.nio.fs.WindowsPath.openForReadAttributeAccess(Z)J @ 5 c2
Event: 7.142 Thread 0x0000013359515410 DEOPT PACKING pc=0x0000013307f0dc44 sp=0x0000001198b7df90
Event: 7.142 Thread 0x0000013359515410 DEOPT UNPACKING pc=0x00000133074a3aa2 sp=0x0000001198b7df68 mode 2
Event: 7.142 Thread 0x0000013359515410 Uncommon trap: trap_request=0xffffff45 fr.pc=0x0000013307f12988 relative=0x0000000000000a68
Event: 7.142 Thread 0x0000013359515410 Uncommon trap: reason=unstable_if action=reinterpret pc=0x0000013307f12988 method=sun.nio.fs.WindowsNativeDispatcher.asNativeBuffer(Ljava/lang/String;)Lsun/nio/fs/NativeBuffer; @ 52 c2
Event: 7.142 Thread 0x0000013359515410 DEOPT PACKING pc=0x0000013307f12988 sp=0x0000001198b7df10
Event: 7.142 Thread 0x0000013359515410 DEOPT UNPACKING pc=0x00000133074a3aa2 sp=0x0000001198b7ddb8 mode 2
Event: 7.142 Thread 0x0000013359515410 Uncommon trap: trap_request=0xffffff45 fr.pc=0x0000013307f0bc30 relative=0x0000000000000650
Event: 7.142 Thread 0x0000013359515410 Uncommon trap: reason=unstable_if action=reinterpret pc=0x0000013307f0bc30 method=sun.nio.fs.WindowsFileAttributes.isReparsePoint(I)Z @ 5 c2
Event: 7.142 Thread 0x0000013359515410 DEOPT PACKING pc=0x0000013307f0bc30 sp=0x0000001198b7dfb0
Event: 7.142 Thread 0x0000013359515410 DEOPT UNPACKING pc=0x00000133074a3aa2 sp=0x0000001198b7ded8 mode 2
Event: 7.142 Thread 0x0000013359515410 Uncommon trap: trap_request=0xffffff45 fr.pc=0x0000013307ef6704 relative=0x00000000000001c4
Event: 7.142 Thread 0x0000013359515410 Uncommon trap: reason=unstable_if action=reinterpret pc=0x0000013307ef6704 method=sun.nio.fs.NativeBuffers.getNativeBufferFromCache(I)Lsun/nio/fs/NativeBuffer; @ 34 c2
Event: 7.142 Thread 0x0000013359515410 DEOPT PACKING pc=0x0000013307ef6704 sp=0x0000001198b7dec0
Event: 7.142 Thread 0x0000013359515410 DEOPT UNPACKING pc=0x00000133074a3aa2 sp=0x0000001198b7de48 mode 2

Classes loaded (20 events):
Event: 7.138 Loading class sun/security/provider/certpath/ldap/JdkLDAP$ProviderService
Event: 7.138 Loading class sun/security/provider/certpath/ldap/JdkLDAP$ProviderService done
Event: 7.138 Loading class com/sun/security/sasl/Provider
Event: 7.138 Loading class com/sun/security/sasl/Provider done
Event: 7.139 Loading class com/sun/security/sasl/Provider$1
Event: 7.139 Loading class com/sun/security/sasl/Provider$1 done
Event: 7.139 Loading class com/sun/security/sasl/Provider$ProviderService
Event: 7.139 Loading class com/sun/security/sasl/Provider$ProviderService done
Event: 7.140 Loading class sun/nio/ch/ServerSocketChannelImpl
Event: 7.140 Loading class sun/nio/ch/ServerSocketChannelImpl done
Event: 7.141 Loading class java/nio/BufferMismatch
Event: 7.141 Loading class java/nio/BufferMismatch done
Event: 7.141 Loading class sun/nio/ch/SourceChannelImpl
Event: 7.142 Loading class java/nio/channels/Pipe$SourceChannel
Event: 7.142 Loading class java/nio/channels/Pipe$SourceChannel done
Event: 7.142 Loading class sun/nio/ch/SourceChannelImpl done
Event: 7.142 Loading class sun/nio/ch/SinkChannelImpl
Event: 7.142 Loading class java/nio/channels/Pipe$SinkChannel
Event: 7.142 Loading class java/nio/channels/Pipe$SinkChannel done
Event: 7.142 Loading class sun/nio/ch/SinkChannelImpl done

Classes unloaded (7 events):
Event: 1.768 Thread 0x000001337cee49b0 Unloading class 0x00000133101a3c00 'java/lang/invoke/LambdaForm$MH+0x00000133101a3c00'
Event: 1.768 Thread 0x000001337cee49b0 Unloading class 0x00000133101a3800 'java/lang/invoke/LambdaForm$MH+0x00000133101a3800'
Event: 1.768 Thread 0x000001337cee49b0 Unloading class 0x00000133101a3400 'java/lang/invoke/LambdaForm$MH+0x00000133101a3400'
Event: 1.768 Thread 0x000001337cee49b0 Unloading class 0x00000133101a3000 'java/lang/invoke/LambdaForm$MH+0x00000133101a3000'
Event: 1.768 Thread 0x000001337cee49b0 Unloading class 0x00000133101a2c00 'java/lang/invoke/LambdaForm$BMH+0x00000133101a2c00'
Event: 1.768 Thread 0x000001337cee49b0 Unloading class 0x00000133101a2800 'java/lang/invoke/LambdaForm$DMH+0x00000133101a2800'
Event: 1.768 Thread 0x000001337cee49b0 Unloading class 0x00000133101a1400 'java/lang/invoke/LambdaForm$DMH+0x00000133101a1400'

Classes redefined (0 events):
No events

Internal exceptions (20 events):
Event: 5.658 Thread 0x0000013359515410 Exception <a 'java/lang/NoSuchMethodError'{0x00000000eb06bd08}: 'java.lang.Object java.lang.invoke.DirectMethodHandle$Holder.invokeStatic(java.lang.Object, java.lang.Object, java.lang.Object, java.lang.Object, java.lang.Object, java.lang.Object, java.lang.Object, java.lang.Object, java.lang.Object, java.lang.Object, java.lang.Object, java.lang.Object, java.lang.Object, java.lang.Object, java.lang.Object, java.lang.Object, java.lang.Object)'> (0x00000000eb06bd08) 
thrown [s\src\hotspot\share\interpreter\lin
Event: 5.659 Thread 0x0000013359515410 Exception <a 'java/lang/NoSuchMethodError'{0x00000000eb098510}: 'java.lang.Object java.lang.invoke.DirectMethodHandle$Holder.invokeStatic(java.lang.Object, java.lang.Object, java.lang.Object, java.lang.Object, java.lang.Object, java.lang.Object, java.lang.Object, java.lang.Object, java.lang.Object, java.lang.Object, java.lang.Object, java.lang.Object, java.lang.Object, java.lang.Object, java.lang.Object, java.lang.Object, java.lang.Object, java.lang.Object)'> (0x00000000eb098510) 
thrown [s\src\hotspot\sha
Event: 5.660 Thread 0x0000013359515410 Exception <a 'java/lang/NoSuchMethodError'{0x00000000eb0c7708}: 'java.lang.Object java.lang.invoke.DirectMethodHandle$Holder.invokeStatic(java.lang.Object, java.lang.Object, java.lang.Object, java.lang.Object, java.lang.Object, java.lang.Object, java.lang.Object, java.lang.Object, java.lang.Object, java.lang.Object, java.lang.Object, java.lang.Object, java.lang.Object, java.lang.Object, java.lang.Object, java.lang.Object, java.lang.Object, java.lang.Object, java.lang.Object)'> (0x00000000eb0c7708) 
thrown 
Event: 5.660 Thread 0x0000013359515410 Exception <a 'java/lang/NoSuchMethodError'{0x00000000eb0f6660}: 'java.lang.Object java.lang.invoke.DirectMethodHandle$Holder.invokeStatic(java.lang.Object, java.lang.Object, java.lang.Object, java.lang.Object, java.lang.Object, java.lang.Object, java.lang.Object, java.lang.Object, java.lang.Object, java.lang.Object, java.lang.Object, java.lang.Object, java.lang.Object, java.lang.Object, java.lang.Object, java.lang.Object, java.lang.Object, java.lang.Object, java.lang.Object, java.lang.Object)'> (0x00000000
Event: 5.661 Thread 0x0000013359515410 Exception <a 'java/lang/NoSuchMethodError'{0x00000000eb126af8}: 'java.lang.Object java.lang.invoke.DirectMethodHandle$Holder.invokeStatic(java.lang.Object, java.lang.Object, java.lang.Object, java.lang.Object, java.lang.Object, java.lang.Object, java.lang.Object, java.lang.Object, java.lang.Object, java.lang.Object, java.lang.Object, java.lang.Object, java.lang.Object, java.lang.Object, java.lang.Object, java.lang.Object, java.lang.Object, java.lang.Object, java.lang.Object, java.lang.Object, java.lang.Obj
Event: 5.662 Thread 0x0000013359515410 Exception <a 'java/lang/NoSuchMethodError'{0x00000000eb158980}: 'java.lang.Object java.lang.invoke.DirectMethodHandle$Holder.invokeStatic(java.lang.Object, java.lang.Object, java.lang.Object, java.lang.Object, java.lang.Object, java.lang.Object, java.lang.Object, java.lang.Object, java.lang.Object, java.lang.Object, java.lang.Object, java.lang.Object, java.lang.Object, java.lang.Object, java.lang.Object, java.lang.Object, java.lang.Object, java.lang.Object, java.lang.Object, java.lang.Object, java.lang.Obj
Event: 5.663 Thread 0x0000013359515410 Exception <a 'java/lang/NoSuchMethodError'{0x00000000eb18a420}: 'java.lang.Object java.lang.invoke.DirectMethodHandle$Holder.invokeStatic(java.lang.Object, java.lang.Object, java.lang.Object, java.lang.Object, java.lang.Object, java.lang.Object, java.lang.Object, java.lang.Object, java.lang.Object, java.lang.Object, java.lang.Object, java.lang.Object, java.lang.Object, java.lang.Object, java.lang.Object, java.lang.Object, java.lang.Object, java.lang.Object, java.lang.Object, java.lang.Object, java.lang.Obj
Event: 5.664 Thread 0x0000013359515410 Exception <a 'java/lang/NoSuchMethodError'{0x00000000eb1bcc20}: 'java.lang.Object java.lang.invoke.DirectMethodHandle$Holder.invokeStatic(java.lang.Object, java.lang.Object, java.lang.Object, java.lang.Object, java.lang.Object, java.lang.Object, java.lang.Object, java.lang.Object, java.lang.Object, java.lang.Object, java.lang.Object, java.lang.Object, java.lang.Object, java.lang.Object, java.lang.Object, java.lang.Object, java.lang.Object, java.lang.Object, java.lang.Object, java.lang.Object, java.lang.Obj
Event: 5.665 Thread 0x0000013359515410 Exception <a 'java/lang/NoSuchMethodError'{0x00000000eb1f1298}: 'java.lang.Object java.lang.invoke.DirectMethodHandle$Holder.invokeStatic(java.lang.Object, java.lang.Object, java.lang.Object, java.lang.Object, java.lang.Object, java.lang.Object, java.lang.Object, java.lang.Object, java.lang.Object, java.lang.Object, java.lang.Object, java.lang.Object, java.lang.Object, java.lang.Object, java.lang.Object, java.lang.Object, java.lang.Object, java.lang.Object, java.lang.Object, java.lang.Object, java.lang.Obj
Event: 5.666 Thread 0x0000013359515410 Exception <a 'java/lang/NoSuchMethodError'{0x00000000eb216e38}: 'java.lang.Object java.lang.invoke.DirectMethodHandle$Holder.invokeSpecial(java.lang.Object, java.lang.Object, java.lang.Object, java.lang.Object, java.lang.Object, java.lang.Object, java.lang.Object, java.lang.Object, java.lang.Object, java.lang.Object, java.lang.Object, java.lang.Object, java.lang.Object, java.lang.Object, java.lang.Object, java.lang.Object, java.lang.Object, java.lang.Object, java.lang.Object, java.lang.Object, java.lang.Ob
Event: 5.667 Thread 0x0000013359515410 Exception <a 'java/lang/NoSuchMethodError'{0x00000000eb22c620}: 'java.lang.Object java.lang.invoke.DirectMethodHandle$Holder.newInvokeSpecial(java.lang.Object, java.lang.Object, java.lang.Object, java.lang.Object, java.lang.Object, java.lang.Object, java.lang.Object, java.lang.Object, java.lang.Object, java.lang.Object, java.lang.Object, java.lang.Object, java.lang.Object, java.lang.Object, java.lang.Object, java.lang.Object, java.lang.Object, java.lang.Object, java.lang.Object, java.lang.Object, java.lang
Event: 5.667 Thread 0x0000013359515410 Exception <a 'java/lang/NoSuchMethodError'{0x00000000eb232818}: 'java.lang.Object java.lang.invoke.Invokers$Holder.linkToTargetMethod(java.lang.Object, java.lang.Object, java.lang.Object, java.lang.Object, java.lang.Object, java.lang.Object, java.lang.Object, java.lang.Object, java.lang.Object, java.lang.Object, java.lang.Object, java.lang.Object, java.lang.Object, java.lang.Object, java.lang.Object, java.lang.Object, java.lang.Object, java.lang.Object, java.lang.Object, java.lang.Object, java.lang.Object,
Event: 5.667 Thread 0x0000013359515410 Exception <a 'java/lang/NoSuchMethodError'{0x00000000eb237c90}: 'java.lang.Object java.lang.invoke.DirectMethodHandle$Holder.invokeVirtual(java.lang.Object, java.lang.Object, java.lang.Object, java.lang.Object, java.lang.Object, java.lang.Object, java.lang.Object, java.lang.Object, java.lang.Object, java.lang.Object)'> (0x00000000eb237c90) 
thrown [s\src\hotspot\share\interpreter\linkResolver.cpp, line 773]
Event: 5.676 Thread 0x0000013359515410 Exception <a 'java/lang/NoSuchMethodError'{0x00000000eb3d2078}: 'java.lang.Object java.lang.invoke.DirectMethodHandle$Holder.invokeVirtual(java.lang.Object, java.lang.Object, java.lang.Object, java.lang.Object, java.lang.Object, java.lang.Object, java.lang.Object, java.lang.Object, java.lang.Object)'> (0x00000000eb3d2078) 
thrown [s\src\hotspot\share\interpreter\linkResolver.cpp, line 773]
Event: 5.692 Thread 0x0000013359515410 Exception <a 'java/lang/NoSuchMethodError'{0x00000000eb60f838}: 'java.lang.Object java.lang.invoke.DirectMethodHandle$Holder.invokeVirtual(java.lang.Object, java.lang.Object, java.lang.Object, java.lang.Object, java.lang.Object, java.lang.Object, java.lang.Object, java.lang.Object)'> (0x00000000eb60f838) 
thrown [s\src\hotspot\share\interpreter\linkResolver.cpp, line 773]
Event: 5.698 Thread 0x0000013359515410 Exception <a 'java/lang/NoSuchMethodError'{0x00000000eb686b50}: 'long java.lang.invoke.DirectMethodHandle$Holder.invokeVirtual(java.lang.Object, java.lang.Object)'> (0x00000000eb686b50) 
thrown [s\src\hotspot\share\interpreter\linkResolver.cpp, line 773]
Event: 5.698 Thread 0x0000013359515410 Exception <a 'java/lang/NoSuchMethodError'{0x00000000eb689f50}: 'long java.lang.invoke.DelegatingMethodHandle$Holder.reinvoke_L(java.lang.Object, java.lang.Object)'> (0x00000000eb689f50) 
thrown [s\src\hotspot\share\interpreter\linkResolver.cpp, line 773]
Event: 5.752 Thread 0x000001337e6fab30 Exception <a 'java/lang/NoSuchMethodError'{0x00000000eae02d48}: 'void java.lang.invoke.DirectMethodHandle$Holder.invokeStatic(java.lang.Object, long)'> (0x00000000eae02d48) 
thrown [s\src\hotspot\share\interpreter\linkResolver.cpp, line 773]
Event: 5.827 Thread 0x000001337e6fab30 Exception <a 'java/lang/NoSuchMethodError'{0x00000000eae26d80}: 'void java.lang.invoke.DirectMethodHandle$Holder.invokeSpecial(java.lang.Object, java.lang.Object, int)'> (0x00000000eae26d80) 
thrown [s\src\hotspot\share\interpreter\linkResolver.cpp, line 773]
Event: 5.827 Thread 0x000001337e6fab30 Exception <a 'java/lang/NoSuchMethodError'{0x00000000eae55e08}: 'java.lang.Object java.lang.invoke.DirectMethodHandle$Holder.newInvokeSpecial(java.lang.Object, java.lang.Object, int)'> (0x00000000eae55e08) 
thrown [s\src\hotspot\share\interpreter\linkResolver.cpp, line 773]

ZGC Phase Switch (0 events):
No events

VM Operations (20 events):
Event: 5.398 Executing VM operation: ParallelGCFailedAllocation (Allocation Failure)
Event: 5.399 Executing VM operation: ParallelGCFailedAllocation (Allocation Failure) done
Event: 5.454 Executing VM operation: ParallelGCFailedAllocation (Allocation Failure)
Event: 5.455 Executing VM operation: ParallelGCFailedAllocation (Allocation Failure) done
Event: 5.498 Executing VM operation: ParallelGCFailedAllocation (Allocation Failure)
Event: 5.499 Executing VM operation: ParallelGCFailedAllocation (Allocation Failure) done
Event: 5.547 Executing VM operation: ParallelGCFailedAllocation (Allocation Failure)
Event: 5.548 Executing VM operation: ParallelGCFailedAllocation (Allocation Failure) done
Event: 5.618 Executing VM operation: ParallelGCFailedAllocation (Allocation Failure)
Event: 5.619 Executing VM operation: ParallelGCFailedAllocation (Allocation Failure) done
Event: 5.679 Executing VM operation: HandshakeAllThreads (Deoptimize)
Event: 5.679 Executing VM operation: HandshakeAllThreads (Deoptimize) done
Event: 5.726 Executing VM operation: ParallelGCFailedAllocation (Allocation Failure)
Event: 5.727 Executing VM operation: ParallelGCFailedAllocation (Allocation Failure) done
Event: 5.982 Executing VM operation: HandshakeAllThreads (Deoptimize)
Event: 5.983 Executing VM operation: HandshakeAllThreads (Deoptimize) done
Event: 6.982 Executing VM operation: Cleanup
Event: 6.982 Executing VM operation: Cleanup done
Event: 7.123 Executing VM operation: HandshakeAllThreads (Deoptimize)
Event: 7.123 Executing VM operation: HandshakeAllThreads (Deoptimize) done

Memory protections (0 events):
No events

Nmethod flushes (20 events):
Event: 4.978 Thread 0x000001337cee49b0 flushing  nmethod 0x00000133009b6f90
Event: 4.978 Thread 0x000001337cee49b0 flushing  nmethod 0x00000133009d0090
Event: 4.978 Thread 0x000001337cee49b0 flushing  nmethod 0x00000133009d0a90
Event: 4.978 Thread 0x000001337cee49b0 flushing  nmethod 0x00000133009d0f10
Event: 4.978 Thread 0x000001337cee49b0 flushing  nmethod 0x00000133009d1310
Event: 4.978 Thread 0x000001337cee49b0 flushing  nmethod 0x00000133009d2c10
Event: 4.978 Thread 0x000001337cee49b0 flushing  nmethod 0x00000133009d4710
Event: 4.978 Thread 0x000001337cee49b0 flushing  nmethod 0x00000133009d5610
Event: 4.978 Thread 0x000001337cee49b0 flushing  nmethod 0x00000133009d6010
Event: 4.978 Thread 0x000001337cee49b0 flushing  nmethod 0x00000133009e1b90
Event: 4.978 Thread 0x000001337cee49b0 flushing  nmethod 0x00000133009f1310
Event: 4.978 Thread 0x000001337cee49b0 flushing  nmethod 0x00000133009f2890
Event: 4.978 Thread 0x000001337cee49b0 flushing  nmethod 0x0000013300a3dc90
Event: 4.978 Thread 0x000001337cee49b0 flushing  nmethod 0x0000013300a3e310
Event: 4.978 Thread 0x000001337cee49b0 flushing  nmethod 0x0000013300a3f610
Event: 4.978 Thread 0x000001337cee49b0 flushing  nmethod 0x0000013300a4c710
Event: 4.978 Thread 0x000001337cee49b0 flushing  nmethod 0x0000013300a4f910
Event: 4.978 Thread 0x000001337cee49b0 flushing  nmethod 0x0000013300a53890
Event: 4.978 Thread 0x000001337cee49b0 flushing  nmethod 0x0000013300a63b90
Event: 4.978 Thread 0x000001337cee49b0 flushing  nmethod 0x0000013300a71790

Events (20 events):
Event: 4.591 Thread 0x00000133568d0460 Thread added: 0x00000133595146f0
Event: 4.592 Thread 0x00000133568d0460 Thread added: 0x0000013359515410
Event: 5.000 Thread 0x0000013355bc5b80 Thread exited: 0x0000013355bc5b80
Event: 5.596 Thread 0x0000013356310710 Thread exited: 0x0000013356310710
Event: 5.596 Thread 0x0000013355bc37c0 Thread exited: 0x0000013355bc37c0
Event: 5.602 Thread 0x0000013355bc40c0 Thread exited: 0x0000013355bc40c0
Event: 5.704 Thread 0x0000013359515410 Thread added: 0x0000013359514d80
Event: 5.747 Thread 0x0000013359515410 Thread added: 0x000001337e6fab30
Event: 5.754 Thread 0x000001337e6fab30 Thread added: 0x000001337e6fb1c0
Event: 5.754 Thread 0x000001337e6fab30 Thread added: 0x000001337e6fa4a0
Event: 5.873 Thread 0x0000013359515410 Thread added: 0x000001337e6fcc00
Event: 5.876 Thread 0x000001337e6fcc00 Thread added: 0x000001337e6fb850
Event: 5.876 Thread 0x000001337e6fcc00 Thread added: 0x000001337e6fbee0
Event: 5.876 Thread 0x000001337e6fb850 Thread exited: 0x000001337e6fb850
Event: 5.981 Thread 0x000001335436b5e0 Thread exited: 0x000001335436b5e0
Event: 5.981 Thread 0x000001337e5a21c0 Thread exited: 0x000001337e5a21c0
Event: 6.685 Thread 0x0000013354fd0400 Thread exited: 0x0000013354fd0400
Event: 7.109 Thread 0x000001337e6cb7d0 Thread exited: 0x000001337e6cb7d0
Event: 7.109 Thread 0x000001337e6fcc00 Thread exited: 0x000001337e6fcc00
Event: 7.109 Thread 0x000001337e6fbee0 Thread exited: 0x000001337e6fbee0


Dynamic libraries:
0x00007ff6b00e0000 - 0x00007ff6b00ee000 	c:\Users\admin\.cursor\extensions\redhat.java-1.42.0-win32-x64\jre\21.0.7-win32-x86_64\bin\java.exe
0x00007ff8f0da0000 - 0x00007ff8f1006000 	C:\WINDOWS\SYSTEM32\ntdll.dll
0x00007ff8eeec0000 - 0x00007ff8eef89000 	C:\WINDOWS\System32\KERNEL32.DLL
0x00007ff8ee410000 - 0x00007ff8ee7dc000 	C:\WINDOWS\System32\KERNELBASE.dll
0x00007ff8edfd0000 - 0x00007ff8ee11b000 	C:\WINDOWS\System32\ucrtbase.dll
0x00007ff8abe30000 - 0x00007ff8abe48000 	c:\Users\admin\.cursor\extensions\redhat.java-1.42.0-win32-x64\jre\21.0.7-win32-x86_64\bin\jli.dll
0x00007ff8abe50000 - 0x00007ff8abe6e000 	c:\Users\admin\.cursor\extensions\redhat.java-1.42.0-win32-x64\jre\21.0.7-win32-x86_64\bin\VCRUNTIME140.dll
0x00007ff8f0aa0000 - 0x00007ff8f0c6a000 	C:\WINDOWS\System32\USER32.dll
0x00007ff8ee120000 - 0x00007ff8ee147000 	C:\WINDOWS\System32\win32u.dll
0x00007ff8f0440000 - 0x00007ff8f046b000 	C:\WINDOWS\System32\GDI32.dll
0x00007ff8db710000 - 0x00007ff8db9aa000 	C:\WINDOWS\WinSxS\amd64_microsoft.windows.common-controls_6595b64144ccf1df_6.0.26100.3912_none_3e07963ce335137e\COMCTL32.dll
0x00007ff8ee2d0000 - 0x00007ff8ee402000 	C:\WINDOWS\System32\gdi32full.dll
0x00007ff8eea20000 - 0x00007ff8eeac3000 	C:\WINDOWS\System32\msvcp_win.dll
0x00007ff8eeb60000 - 0x00007ff8eec09000 	C:\WINDOWS\System32\msvcrt.dll
0x00007ff8f0c70000 - 0x00007ff8f0ca0000 	C:\WINDOWS\System32\IMM32.DLL
0x00007ff8ea3c0000 - 0x00007ff8ea3cc000 	c:\Users\admin\.cursor\extensions\redhat.java-1.42.0-win32-x64\jre\21.0.7-win32-x86_64\bin\vcruntime140_1.dll
0x00007ff86cdd0000 - 0x00007ff86ce5d000 	c:\Users\admin\.cursor\extensions\redhat.java-1.42.0-win32-x64\jre\21.0.7-win32-x86_64\bin\msvcp140.dll
0x00007ff86c040000 - 0x00007ff86cdd0000 	c:\Users\admin\.cursor\extensions\redhat.java-1.42.0-win32-x64\jre\21.0.7-win32-x86_64\bin\server\jvm.dll
0x00007ff8f0140000 - 0x00007ff8f01f2000 	C:\WINDOWS\System32\ADVAPI32.dll
0x00007ff8f0cb0000 - 0x00007ff8f0d56000 	C:\WINDOWS\System32\sechost.dll
0x00007ff8efb60000 - 0x00007ff8efc76000 	C:\WINDOWS\System32\RPCRT4.dll
0x00007ff8ef340000 - 0x00007ff8ef3b4000 	C:\WINDOWS\System32\WS2_32.dll
0x00007ff8edda0000 - 0x00007ff8eddfe000 	C:\WINDOWS\SYSTEM32\POWRPROF.dll
0x00007ff8e4950000 - 0x00007ff8e4986000 	C:\WINDOWS\SYSTEM32\WINMM.dll
0x00007ff8ea6e0000 - 0x00007ff8ea6eb000 	C:\WINDOWS\SYSTEM32\VERSION.dll
0x00007ff8edd80000 - 0x00007ff8edd94000 	C:\WINDOWS\SYSTEM32\UMPDC.dll
0x00007ff8eccf0000 - 0x00007ff8ecd0a000 	C:\WINDOWS\SYSTEM32\kernel.appcore.dll
0x00007ff8c3750000 - 0x00007ff8c375a000 	c:\Users\admin\.cursor\extensions\redhat.java-1.42.0-win32-x64\jre\21.0.7-win32-x86_64\bin\jimage.dll
0x00007ff89bae0000 - 0x00007ff89bd21000 	C:\WINDOWS\SYSTEM32\DBGHELP.DLL
0x00007ff8eef90000 - 0x00007ff8ef314000 	C:\WINDOWS\System32\combase.dll
0x00007ff8f0050000 - 0x00007ff8f0130000 	C:\WINDOWS\System32\OLEAUT32.dll
0x00007ff8d7240000 - 0x00007ff8d7279000 	C:\WINDOWS\SYSTEM32\dbgcore.DLL
0x00007ff8edf30000 - 0x00007ff8edfc9000 	C:\WINDOWS\System32\bcryptPrimitives.dll
0x00007ff8c24d0000 - 0x00007ff8c24df000 	c:\Users\admin\.cursor\extensions\redhat.java-1.42.0-win32-x64\jre\21.0.7-win32-x86_64\bin\instrument.dll
0x00007ff8abd80000 - 0x00007ff8abd9f000 	c:\Users\admin\.cursor\extensions\redhat.java-1.42.0-win32-x64\jre\21.0.7-win32-x86_64\bin\java.dll
0x00007ff8ef430000 - 0x00007ff8efb5d000 	C:\WINDOWS\System32\SHELL32.dll
0x00007ff8ee150000 - 0x00007ff8ee2c4000 	C:\WINDOWS\System32\wintypes.dll
0x00007ff8ebbe0000 - 0x00007ff8ec436000 	C:\WINDOWS\SYSTEM32\windows.storage.dll
0x00007ff8eedc0000 - 0x00007ff8eeeaf000 	C:\WINDOWS\System32\SHCORE.dll
0x00007ff8ef3c0000 - 0x00007ff8ef429000 	C:\WINDOWS\System32\shlwapi.dll
0x00007ff8ede10000 - 0x00007ff8ede3f000 	C:\WINDOWS\SYSTEM32\profapi.dll
0x00007ff8abcd0000 - 0x00007ff8abce8000 	c:\Users\admin\.cursor\extensions\redhat.java-1.42.0-win32-x64\jre\21.0.7-win32-x86_64\bin\zip.dll
0x00007ff8c08e0000 - 0x00007ff8c08f0000 	C:\Users\admin\.cursor\extensions\redhat.java-1.42.0-win32-x64\jre\21.0.7-win32-x86_64\bin\net.dll
0x00007ff8e8a60000 - 0x00007ff8e8b7e000 	C:\WINDOWS\SYSTEM32\WINHTTP.dll
0x0000000180000000 - 0x000000018008c000 	C:\WINDOWS\system32\ASProxy64.dll
0x00007ff8efc80000 - 0x00007ff8efe1f000 	C:\WINDOWS\System32\ole32.dll
0x00007ff8ed260000 - 0x00007ff8ed2ca000 	C:\WINDOWS\SYSTEM32\MSWSOCK.dll
0x00007ff8ec730000 - 0x00007ff8ec763000 	C:\WINDOWS\SYSTEM32\IPHLPAPI.DLL
0x00007ff8ecf90000 - 0x00007ff8ecfd8000 	C:\WINDOWS\SYSTEM32\SspiCli.dll
0x00007ff8abcb0000 - 0x00007ff8abcc6000 	C:\Users\admin\.cursor\extensions\redhat.java-1.42.0-win32-x64\jre\21.0.7-win32-x86_64\bin\nio.dll
0x00007ff8be1c0000 - 0x00007ff8be1d0000 	c:\Users\admin\.cursor\extensions\redhat.java-1.42.0-win32-x64\jre\21.0.7-win32-x86_64\bin\verify.dll
0x00007ff8eb200000 - 0x00007ff8eb2af000 	C:\WINDOWS\system32\uxtheme.dll
0x00007ff8c6160000 - 0x00007ff8c61a5000 	C:\Users\admin\AppData\Roaming\Cursor\User\globalStorage\redhat.java\1.42.0\config_win\org.eclipse.equinox.launcher\org.eclipse.equinox.launcher.win32.win32.x86_64_1.2.1300.v20250331-1702\eclipse_11911.dll
0x00007ff8ed510000 - 0x00007ff8ed52c000 	C:\WINDOWS\SYSTEM32\CRYPTSP.dll
0x00007ff8ecc50000 - 0x00007ff8ecc8a000 	C:\WINDOWS\system32\rsaenh.dll
0x00007ff8ed300000 - 0x00007ff8ed32b000 	C:\WINDOWS\SYSTEM32\USERENV.dll
0x00007ff8ede50000 - 0x00007ff8ede76000 	C:\WINDOWS\SYSTEM32\bcrypt.dll
0x00007ff8ed500000 - 0x00007ff8ed50c000 	C:\WINDOWS\SYSTEM32\CRYPTBASE.dll
0x00007ff8eedb0000 - 0x00007ff8eedba000 	C:\WINDOWS\System32\NSI.dll
0x00007ff8e09f0000 - 0x00007ff8e09fa000 	C:\Users\admin\.cursor\extensions\redhat.java-1.42.0-win32-x64\jre\21.0.7-win32-x86_64\bin\management.dll
0x00007ff8d6d30000 - 0x00007ff8d6d3b000 	C:\Users\admin\.cursor\extensions\redhat.java-1.42.0-win32-x64\jre\21.0.7-win32-x86_64\bin\management_ext.dll
0x00007ff8f0040000 - 0x00007ff8f0048000 	C:\WINDOWS\System32\PSAPI.DLL
0x00007ff8b6940000 - 0x00007ff8b6989000 	C:\Users\admin\AppData\Local\Temp\jna-92668751\jna18360631553991859493.dll
0x00007ff8e86b0000 - 0x00007ff8e86cf000 	C:\WINDOWS\SYSTEM32\dhcpcsvc6.DLL
0x00007ff8e7810000 - 0x00007ff8e7835000 	C:\WINDOWS\SYSTEM32\dhcpcsvc.DLL
0x00007ff8b6910000 - 0x00007ff8b6937000 	C:\Users\admin\.gradle\native\1def1411415f61bf3af743bc5b6707747c0891f09f0c88961ee8f79bc544acac\windows-amd64\native-platform.dll
0x00007ff8c5880000 - 0x00007ff8c5889000 	C:\Users\admin\.cursor\extensions\redhat.java-1.42.0-win32-x64\jre\21.0.7-win32-x86_64\bin\extnet.dll
0x00007ff8abb90000 - 0x00007ff8abb9e000 	C:\Users\admin\.cursor\extensions\redhat.java-1.42.0-win32-x64\jre\21.0.7-win32-x86_64\bin\sunmscapi.dll
0x00007ff8ee7e0000 - 0x00007ff8ee957000 	C:\WINDOWS\System32\CRYPT32.dll
0x00007ff8ed710000 - 0x00007ff8ed740000 	C:\WINDOWS\SYSTEM32\ncrypt.dll
0x00007ff8ed6c0000 - 0x00007ff8ed6ff000 	C:\WINDOWS\SYSTEM32\NTASN1.dll
0x00007ff8abb80000 - 0x00007ff8abb88000 	C:\WINDOWS\system32\wshunix.dll

dbghelp: loaded successfully - version: 4.0.5 - missing functions: none
symbol engine: initialized successfully - sym options: 0x614 - pdb path: .;c:\Users\admin\.cursor\extensions\redhat.java-1.42.0-win32-x64\jre\21.0.7-win32-x86_64\bin;C:\WINDOWS\SYSTEM32;C:\WINDOWS\WinSxS\amd64_microsoft.windows.common-controls_6595b64144ccf1df_6.0.26100.3912_none_3e07963ce335137e;c:\Users\admin\.cursor\extensions\redhat.java-1.42.0-win32-x64\jre\21.0.7-win32-x86_64\bin\server;C:\Users\admin\AppData\Roaming\Cursor\User\globalStorage\redhat.java\1.42.0\config_win\org.eclipse.equinox.launcher\org.eclipse.equinox.launcher.win32.win32.x86_64_1.2.1300.v20250331-1702;C:\Users\admin\AppData\Local\Temp\jna-92668751;C:\Users\admin\.gradle\native\1def1411415f61bf3af743bc5b6707747c0891f09f0c88961ee8f79bc544acac\windows-amd64

VM Arguments:
jvm_args: --add-modules=ALL-SYSTEM --add-opens=java.base/java.util=ALL-UNNAMED --add-opens=java.base/java.lang=ALL-UNNAMED --add-opens=java.base/sun.nio.fs=ALL-UNNAMED -Declipse.application=org.eclipse.jdt.ls.core.id1 -Dosgi.bundles.defaultStartLevel=4 -Declipse.product=org.eclipse.jdt.ls.core.product -Djava.import.generatesMetadataFilesAtProjectRoot=false -DDetectVMInstallationsJob.disabled=true -Dfile.encoding=utf8 -XX:+UseParallelGC -XX:GCTimeRatio=4 -XX:AdaptiveSizePolicyWeight=90 -Dsun.zip.disableMemoryMapping=true -Xmx1G -Xms100m -Xlog:disable -javaagent:c:\Users\admin\.cursor\extensions\redhat.java-1.42.0-win32-x64\lombok\lombok-1.18.36.jar -XX:+HeapDumpOnOutOfMemoryError -XX:HeapDumpPath=c:\Users\admin\AppData\Roaming\Cursor\User\workspaceStorage\0426a641ec518546e312a5bf184515bb\redhat.java -Daether.dependencyCollector.impl=bf 
java_command: c:\Users\admin\.cursor\extensions\redhat.java-1.42.0-win32-x64\server\plugins\org.eclipse.equinox.launcher_1.7.0.v20250424-1814.jar -configuration c:\Users\admin\AppData\Roaming\Cursor\User\globalStorage\redhat.java\1.42.0\config_win -data c:\Users\admin\AppData\Roaming\Cursor\User\workspaceStorage\0426a641ec518546e312a5bf184515bb\redhat.java\jdt_ws --pipe=\\.\pipe\lsp-65c7da0165c586918a0589591bbf64ce-sock
java_class_path (initial): c:\Users\admin\.cursor\extensions\redhat.java-1.42.0-win32-x64\server\plugins\org.eclipse.equinox.launcher_1.7.0.v20250424-1814.jar
Launcher Type: SUN_STANDARD

[Global flags]
    uintx AdaptiveSizePolicyWeight                 = 90                                        {product} {command line}
     intx CICompilerCount                          = 12                                        {product} {ergonomic}
    uintx GCTimeRatio                              = 4                                         {product} {command line}
     bool HeapDumpOnOutOfMemoryError               = true                                   {manageable} {command line}
    ccstr HeapDumpPath                             = c:\Users\admin\AppData\Roaming\Cursor\User\workspaceStorage\0426a641ec518546e312a5bf184515bb\redhat.java         {manageable} {command line}
   size_t InitialHeapSize                          = 104857600                                 {product} {command line}
   size_t MaxHeapSize                              = 1073741824                                {product} {command line}
   size_t MaxNewSize                               = 357564416                                 {product} {ergonomic}
   size_t MinHeapDeltaBytes                        = 524288                                    {product} {ergonomic}
   size_t MinHeapSize                              = 104857600                                 {product} {command line}
   size_t NewSize                                  = 34603008                                  {product} {ergonomic}
    uintx NonNMethodCodeHeapSize                   = 7602480                                {pd product} {ergonomic}
    uintx NonProfiledCodeHeapSize                  = 122027880                              {pd product} {ergonomic}
   size_t OldSize                                  = 70254592                                  {product} {ergonomic}
    uintx ProfiledCodeHeapSize                     = 122027880                              {pd product} {ergonomic}
    uintx ReservedCodeCacheSize                    = 251658240                              {pd product} {ergonomic}
     bool SegmentedCodeCache                       = true                                      {product} {ergonomic}
   size_t SoftMaxHeapSize                          = 1073741824                             {manageable} {ergonomic}
     bool UseCompressedOops                        = true                           {product lp64_product} {ergonomic}
     bool UseLargePagesIndividualAllocation        = false                                  {pd product} {ergonomic}
     bool UseParallelGC                            = true                                      {product} {command line}

Logging:
Log output configuration:
 #0: stdout all=off uptime,level,tags foldmultilines=false
 #1: stderr all=off uptime,level,tags foldmultilines=false

Environment Variables:
JAVA_HOME=C:\Program Files\OpenLogic\jdk-17.0.15.6-hotspot
PATH=C:\Program Files\Common Files\Oracle\Java\javapath;C:\Program Files\OpenLogic\jdk-17.0.15.6-hotspot\bin;C:\WINDOWS\system32;C:\WINDOWS;C:\WINDOWS\System32\Wbem;C:\WINDOWS\System32\WindowsPowerShell\v1.0\;C:\WINDOWS\System32\OpenSSH\;C:\Program Files\dotnet\;C:\Program Files\Microsoft SQL Server\130\Tools\Binn\;C:\Program Files\Git\cmd;C:\Users\admin\AppData\Roaming\nvm;C:\Program Files\nodejs;C:\Program Files\Microsoft SQL Server\150\Tools\Binn\;C:\Users\admin\AppData\Local\Microsoft\WindowsApps;C:\Users\admin\AppData\Roaming\npm;C:\Users\admin\AppData\Local\Programs\Microsoft VS Code\bin;C:\Users\admin\AppData\Roaming\nvm;C:\Program Files\nodejs;C:\Users\admin\AppData\Local\Android\Sdk\platform-tools;C:\Users\admin\AppData\Local\Programs\cursor\resources\app\bin;C:\;C:\Users\admin\.dotnet\tools
USERNAME=admin
OS=Windows_NT
PROCESSOR_IDENTIFIER=Intel64 Family 6 Model 165 Stepping 5, GenuineIntel
TMP=C:\Users\admin\AppData\Local\Temp
TEMP=C:\Users\admin\AppData\Local\Temp




Periodic native trim disabled

---------------  S Y S T E M  ---------------

OS:
 Windows 11 , 64 bit Build 26100 (10.0.26100.3912)
OS uptime: 0 days 0:26 hours

CPU: total 16 (initial active 16) (8 cores per cpu, 2 threads per core) family 6 model 165 stepping 5 microcode 0xec, cx8, cmov, fxsr, ht, mmx, 3dnowpref, sse, sse2, sse3, ssse3, sse4.1, sse4.2, popcnt, lzcnt, tsc, tscinvbit, avx, avx2, aes, erms, clmul, bmi1, bmi2, adx, fma, vzeroupper, clflush, clflushopt, rdtscp, f16c, pku
Processor Information for processor 0
  Max Mhz: 2901, Current Mhz: 2901, Mhz Limit: 2901
Processor Information for processor 1
  Max Mhz: 2901, Current Mhz: 2000, Mhz Limit: 2901
Processor Information for processor 2
  Max Mhz: 2901, Current Mhz: 2901, Mhz Limit: 2901
Processor Information for processor 3
  Max Mhz: 2901, Current Mhz: 2901, Mhz Limit: 2901
Processor Information for processor 4
  Max Mhz: 2901, Current Mhz: 2901, Mhz Limit: 2901
Processor Information for processor 5
  Max Mhz: 2901, Current Mhz: 2901, Mhz Limit: 2901
Processor Information for processor 6
  Max Mhz: 2901, Current Mhz: 2901, Mhz Limit: 2901
Processor Information for processor 7
  Max Mhz: 2901, Current Mhz: 2000, Mhz Limit: 2901
Processor Information for processor 8
  Max Mhz: 2901, Current Mhz: 2901, Mhz Limit: 2901
Processor Information for processor 9
  Max Mhz: 2901, Current Mhz: 2000, Mhz Limit: 2901
Processor Information for processor 10
  Max Mhz: 2901, Current Mhz: 2000, Mhz Limit: 2901
Processor Information for processor 11
  Max Mhz: 2901, Current Mhz: 2901, Mhz Limit: 2901
Processor Information for processor 12
  Max Mhz: 2901, Current Mhz: 2901, Mhz Limit: 2901
Processor Information for processor 13
  Max Mhz: 2901, Current Mhz: 2000, Mhz Limit: 2901
Processor Information for processor 14
  Max Mhz: 2901, Current Mhz: 2901, Mhz Limit: 2901
Processor Information for processor 15
  Max Mhz: 2901, Current Mhz: 2000, Mhz Limit: 2901

Memory: 4k page, system-wide physical 16096M (7739M free)
TotalPageFile size 34528M (AvailPageFile size 25235M)
current process WorkingSet (physical memory assigned to process): 284M, peak: 302M
current process commit charge ("private bytes"): 365M, peak: 384M

vm_info: OpenJDK 64-Bit Server VM (21.0.7+6-LTS) for windows-amd64 JRE (21.0.7+6-LTS), built on 2025-04-15T00:00:00Z by "admin" with MS VC++ 17.7 (VS2022)

END.
