#
# A fatal error has been detected by the Java Runtime Environment:
#
#  EXCEPTION_ACCESS_VIOLATION (0xc0000005) at pc=0x000000018000c274, pid=25500, tid=16964
#
# JRE version: OpenJDK Runtime Environment Temurin-21.0.7+6 (21.0.7+6) (build 21.0.7+6-LTS)
# Java VM: OpenJDK 64-Bit Server VM Temurin-21.0.7+6 (21.0.7+6-LTS, mixed mode, sharing, tiered, compressed oops, compressed class ptrs, parallel gc, windows-amd64)
# Problematic frame:
# C  [ASProxy64.dll+0xc274]
#
# No core dump will be written. Minidumps are not enabled by default on client versions of Windows
#
# If you would like to submit a bug report, please visit:
#   https://github.com/adoptium/adoptium-support/issues
# The crash happened outside the Java Virtual Machine in native code.
# See problematic frame for where to report the bug.
#

---------------  S U M M A R Y ------------

Command Line: --add-modules=ALL-SYSTEM --add-opens=java.base/java.util=ALL-UNNAMED --add-opens=java.base/java.lang=ALL-UNNAMED --add-opens=java.base/sun.nio.fs=ALL-UNNAMED -Declipse.application=org.eclipse.jdt.ls.core.id1 -Dosgi.bundles.defaultStartLevel=4 -Declipse.product=org.eclipse.jdt.ls.core.product -Djava.import.generatesMetadataFilesAtProjectRoot=false -DDetectVMInstallationsJob.disabled=true -Dfile.encoding=utf8 -XX:+UseParallelGC -XX:GCTimeRatio=4 -XX:AdaptiveSizePolicyWeight=90 -Dsun.zip.disableMemoryMapping=true -Xmx1G -Xms100m -Xlog:disable -javaagent:c:\Users\admin\.cursor\extensions\redhat.java-1.42.0-win32-x64\lombok\lombok-1.18.36.jar -XX:+HeapDumpOnOutOfMemoryError -XX:HeapDumpPath=c:\Users\admin\AppData\Roaming\Cursor\User\workspaceStorage\0426a641ec518546e312a5bf184515bb\redhat.java -Daether.dependencyCollector.impl=bf c:\Users\admin\.cursor\extensions\redhat.java-1.42.0-win32-x64\server\plugins\org.eclipse.equinox.launcher_1.7.0.v20250424-1814.jar -configuration c:\Users\admin\AppData\Roaming\Cursor\User\globalStorage\redhat.java\1.42.0\config_win -data c:\Users\admin\AppData\Roaming\Cursor\User\workspaceStorage\0426a641ec518546e312a5bf184515bb\redhat.java\jdt_ws --pipe=\\.\pipe\lsp-05c26e77c7cd3e7cf1950c7e589e5b73-sock

Host: Intel(R) Core(TM) i7-10700 CPU @ 2.90GHz, 16 cores, 15G,  Windows 11 , 64 bit Build 26100 (10.0.26100.3912)
Time: Sat May 17 05:59:25 2025 Eastern Daylight Time elapsed time: 7.383401 seconds (0d 0h 0m 7s)

---------------  T H R E A D  ---------------

Current thread (0x00000291c25851e0):  JavaThread "Connection worker"        [_thread_in_native, id=16964, stack(0x000000b006280000,0x000000b006380000) (1024K)]

Stack: [0x000000b006280000,0x000000b006380000],  sp=0x000000b00637ddf0,  free space=1015k
Native frames: (J=compiled Java code, j=interpreted, Vv=VM code, C=native code)
C  [ASProxy64.dll+0xc274]

Java frames: (J=compiled Java code, j=interpreted, Vv=VM code)
j  sun.nio.ch.WEPoll.ctl(JIJI)I+0 java.base@21.0.7
j  sun.nio.ch.WEPollSelectorImpl.<init>(Ljava/nio/channels/spi/SelectorProvider;)V+139 java.base@21.0.7
j  sun.nio.ch.WEPollSelectorProvider.openSelector()Ljava/nio/channels/spi/AbstractSelector;+5 java.base@21.0.7
j  java.nio.channels.Selector.open()Ljava/nio/channels/Selector;+3 java.base@21.0.7
j  org.gradle.internal.remote.internal.inet.SocketConnection$SocketInputStream.<init>(Ljava/nio/channels/SocketChannel;)V+17
j  org.gradle.internal.remote.internal.inet.SocketConnection.<init>(Ljava/nio/channels/SocketChannel;Lorg/gradle/internal/remote/internal/MessageSerializer;Lorg/gradle/internal/serialize/StatefulSerializer;)V+27
j  org.gradle.internal.remote.internal.inet.SocketConnectCompletion.create(Lorg/gradle/internal/serialize/StatefulSerializer;)Lorg/gradle/internal/remote/internal/RemoteConnection;+16
j  org.gradle.launcher.daemon.client.DefaultDaemonConnector.connectToDaemon(Lorg/gradle/launcher/daemon/context/DaemonConnectDetails;Lorg/gradle/launcher/daemon/client/DaemonClientConnection$StaleAddressDetector;)Lorg/gradle/launcher/daemon/client/DaemonClientConnection;+45
j  org.gradle.launcher.daemon.client.DefaultDaemonConnector.connectToDaemonWithId(Lorg/gradle/launcher/daemon/diagnostics/DaemonStartupInfo;Lorg/gradle/api/internal/specs/ExplainingSpec;)Lorg/gradle/launcher/daemon/client/DaemonClientConnection;+116
j  org.gradle.launcher.daemon.client.DefaultDaemonConnector.doStartDaemon(Lorg/gradle/api/internal/specs/ExplainingSpec;Z)Lorg/gradle/launcher/daemon/client/DaemonClientConnection;+61
j  org.gradle.launcher.daemon.client.DefaultDaemonConnector.startDaemon(Lorg/gradle/api/internal/specs/ExplainingSpec;)Lorg/gradle/launcher/daemon/client/DaemonClientConnection;+3
j  org.gradle.launcher.daemon.client.DaemonClient.execute(Lorg/gradle/internal/invocation/BuildAction;Lorg/gradle/launcher/exec/BuildActionParameters;Lorg/gradle/internal/daemon/client/execution/ClientBuildRequestContext;)Lorg/gradle/launcher/exec/BuildActionResult;+201
j  org.gradle.launcher.daemon.client.DaemonClient.execute(Lorg/gradle/internal/invocation/BuildAction;Ljava/lang/Object;Ljava/lang/Object;)Lorg/gradle/launcher/exec/BuildActionResult;+10
j  org.gradle.tooling.internal.provider.DaemonBuildActionExecuter.execute(Lorg/gradle/internal/invocation/BuildAction;Lorg/gradle/tooling/internal/provider/ConnectionOperationParameters;Lorg/gradle/internal/daemon/client/execution/ClientBuildRequestContext;)Lorg/gradle/launcher/exec/BuildActionResult;+72
j  org.gradle.tooling.internal.provider.DaemonBuildActionExecuter.execute(Lorg/gradle/internal/invocation/BuildAction;Ljava/lang/Object;Ljava/lang/Object;)Lorg/gradle/launcher/exec/BuildActionResult;+10
j  org.gradle.tooling.internal.provider.LoggingBridgingBuildActionExecuter.execute(Lorg/gradle/internal/invocation/BuildAction;Lorg/gradle/tooling/internal/provider/ConnectionOperationParameters;Lorg/gradle/internal/daemon/client/execution/ClientBuildRequestContext;)Lorg/gradle/launcher/exec/BuildActionResult;+77
j  org.gradle.tooling.internal.provider.LoggingBridgingBuildActionExecuter.execute(Lorg/gradle/internal/invocation/BuildAction;Ljava/lang/Object;Ljava/lang/Object;)Lorg/gradle/launcher/exec/BuildActionResult;+10
j  org.gradle.tooling.internal.provider.ProviderConnection.run(Lorg/gradle/internal/invocation/BuildAction;Lorg/gradle/initialization/BuildCancellationToken;Lorg/gradle/tooling/internal/provider/ProviderConnection$ProgressListenerConfiguration;Lorg/gradle/initialization/BuildEventConsumer;Lorg/gradle/tooling/internal/provider/connection/ProviderOperationParameters;Lorg/gradle/tooling/internal/provider/ProviderConnection$Parameters;)Ljava/lang/Object;+79
j  org.gradle.tooling.internal.provider.ProviderConnection.runPhasedAction(Lorg/gradle/tooling/internal/protocol/InternalPhasedAction;Lorg/gradle/tooling/internal/protocol/PhasedActionResultListener;Lorg/gradle/initialization/BuildCancellationToken;Lorg/gradle/tooling/internal/provider/connection/ProviderOperationParameters;)Ljava/lang/Object;+132
j  org.gradle.tooling.internal.provider.DefaultConnection.run(Lorg/gradle/tooling/internal/protocol/InternalPhasedAction;Lorg/gradle/tooling/internal/protocol/PhasedActionResultListener;Lorg/gradle/tooling/internal/protocol/InternalCancellationToken;Lorg/gradle/tooling/internal/protocol/BuildParameters;)Lorg/gradle/tooling/internal/protocol/BuildResult;+28
j  org.gradle.tooling.internal.consumer.connection.PhasedActionAwareConsumerConnection.run(Lorg/gradle/tooling/internal/consumer/PhasedBuildAction;Lorg/gradle/tooling/internal/consumer/parameters/ConsumerOperationParameters;)V+66
j  org.gradle.tooling.internal.consumer.connection.ParameterValidatingConsumerConnection.run(Lorg/gradle/tooling/internal/consumer/PhasedBuildAction;Lorg/gradle/tooling/internal/consumer/parameters/ConsumerOperationParameters;)V+11
j  org.gradle.tooling.internal.consumer.DefaultPhasedBuildActionExecuter$1.run(Lorg/gradle/tooling/internal/consumer/connection/ConsumerConnection;)Ljava/lang/Void;+12
j  org.gradle.tooling.internal.consumer.DefaultPhasedBuildActionExecuter$1.run(Lorg/gradle/tooling/internal/consumer/connection/ConsumerConnection;)Ljava/lang/Object;+2
j  org.gradle.tooling.internal.consumer.connection.LazyConsumerActionExecutor.run(Lorg/gradle/tooling/internal/consumer/connection/ConsumerAction;)Ljava/lang/Object;+34
j  org.gradle.tooling.internal.consumer.connection.CancellableConsumerActionExecutor.run(Lorg/gradle/tooling/internal/consumer/connection/ConsumerAction;)Ljava/lang/Object;+34
j  org.gradle.tooling.internal.consumer.connection.ProgressLoggingConsumerActionExecutor.run(Lorg/gradle/tooling/internal/consumer/connection/ConsumerAction;)Ljava/lang/Object;+78
j  org.gradle.tooling.internal.consumer.connection.RethrowingErrorsConsumerActionExecutor.run(Lorg/gradle/tooling/internal/consumer/connection/ConsumerAction;)Ljava/lang/Object;+5
j  org.gradle.tooling.internal.consumer.async.DefaultAsyncConsumerActionExecutor$1$1.run()V+17
j  org.gradle.internal.concurrent.ExecutorPolicy$CatchAndRecordFailures.onExecute(Ljava/lang/Runnable;)V+1
j  org.gradle.internal.concurrent.AbstractManagedExecutor$1.run()V+25
j  java.util.concurrent.ThreadPoolExecutor.runWorker(Ljava/util/concurrent/ThreadPoolExecutor$Worker;)V+92 java.base@21.0.7
j  java.util.concurrent.ThreadPoolExecutor$Worker.run()V+5 java.base@21.0.7
j  java.lang.Thread.runWith(Ljava/lang/Object;Ljava/lang/Runnable;)V+5 java.base@21.0.7
j  java.lang.Thread.run()V+19 java.base@21.0.7
v  ~StubRoutines::call_stub 0x00000291ec94100d

siginfo: EXCEPTION_ACCESS_VIOLATION (0xc0000005), reading address 0x0000000000001364


Registers:
RAX=0x0000000000000000, RBX=0x00000291fe555e68, RCX=0x000000000000136c, RDX=0x0000000000000002
RSP=0x000000b00637ddf0, RBP=0x0000000000001364, RSI=0x00000291c53610c0, RDI=0x0000000000001364
R8 =0x7ffffffffffffffc, R9 =0x0000000000000000, R10=0x000000000000136c, R11=0x00000291e22fea38
R12=0x000000b00637e030, R13=0x00000000000013ac, R14=0x00000291c5361090, R15=0x00000000000013ac
RIP=0x000000018000c274, EFLAGS=0x0000000000010246

XMM[0]=0x0000000000000000 0x0000000000000000
XMM[1]=0x0000000000000000 0x0000000000000000
XMM[2]=0x0000000000000000 0x0000000000000000
XMM[3]=0x0000000000000000 0x0000000000000000
XMM[4]=0x0000000000000000 0x0000000000000000
XMM[5]=0x0000000000000000 0x0000000000000000
XMM[6]=0x0bf654b87436a45e 0xf7fd7d197303a1e6
XMM[7]=0x5a56dadb120e0bc2 0x9c86a7fe2c5bafef
XMM[8]=0x0000000000000000 0xe0c9f91086b9f934
XMM[9]=0x20c853cdd107afb9 0x40d714e9bd1aafe9
XMM[10]=0xffffffffffffffff 0x0b0a090803020100
XMM[11]=0x8727bc7aa201654d 0x0000000000000000
XMM[12]=0x0b0a090803020100 0xffffffffffffffff
XMM[13]=0x0c0d0e0f08090a0b 0x0405060700010203
XMM[14]=0x0000000000000000 0x6c9c4e785cd1fc34
XMM[15]=0x0000000000000000 0x00000000f035adbc
  MXCSR=0x00001fa0


Register to memory mapping:

RAX=0x0 is null
RBX=0x00000291fe555e68 points into unknown readable memory: 0x0000000000000000 | 00 00 00 00 00 00 00 00
RCX=0x000000000000136c is an unknown value
RDX=0x0000000000000002 is an unknown value
RSP=0x000000b00637ddf0 is pointing into the stack for thread: 0x00000291c25851e0
RBP=0x0000000000001364 is an unknown value
RSI=0x00000291c53610c0 points into unknown readable memory: 0x00000291c53610c0 | c0 10 36 c5 91 02 00 00
RDI=0x0000000000001364 is an unknown value
R8 =0x7ffffffffffffffc is an unknown value
R9 =0x0 is null
R10=0x000000000000136c is an unknown value
R11=0x00000291e22fea38 points into unknown readable memory: 0x00000000000007d0 | d0 07 00 00 00 00 00 00
R12=0x000000b00637e030 is pointing into the stack for thread: 0x00000291c25851e0
R13=0x00000000000013ac is an unknown value
R14=0x00000291c5361090 points into unknown readable memory: 0x0000000000001364 | 64 13 00 00 00 00 00 00
R15=0x00000000000013ac is an unknown value

Top of Stack: (sp=0x000000b00637ddf0)
0x000000b00637ddf0:   0000000000000000 0000000000000000
0x000000b00637de00:   0000000000001364 000000018001f4c2
0x000000b00637de10:   0000000180065ec8 0000000000002736
0x000000b00637de20:   000000000000000d 000000000000136c
0x000000b00637de30:   0000000000001364 000000018000c506
0x000000b00637de40:   00000291fe555e68 0000000000002736
0x000000b00637de50:   0000000000000000 0000029100000008
0x000000b00637de60:   000000b00000001e 0000000000000000
0x000000b00637de70:   0000000000001364 0000000000000000
0x000000b00637de80:   0000000000000001 0000000000000000
0x000000b00637de90:   0000000000001364 00007ff8c70077e6
0x000000b00637dea0:   000000000000136c 0000000000001302
0x000000b00637deb0:   00000291c53610c0 000000b00637e000
0x000000b00637dec0:   0000000000000000 0000029100000000
0x000000b00637ded0:   0000000000000003 0000029100000001
0x000000b00637dee0:   0000000000000000 0000000000000000
0x000000b00637def0:   00007ff800000000 00007ff8edfe0139
0x000000b00637df00:   000000000000136c 0000000000000000
0x000000b00637df10:   0000000000000000 000060e439faf81d
0x000000b00637df20:   00000291fe555e50 00007ff8c70082af
0x000000b00637df30:   0000000000000028 00007ff846ab2cac
0x000000b00637df40:   00000291fe555e58 00000291e2325150
0x000000b00637df50:   00000291c5361090 00007ff8c7008359
0x000000b00637df60:   00000291c53610c0 000000b00637e030
0x000000b00637df70:   00000291c53610c0 00000291c5361090
0x000000b00637df80:   00000291c25851e0 000000b00637e030
0x000000b00637df90:   00000291fd5eae80 0000000000000000
0x000000b00637dfa0:   00000291c5361090 00007ff8c7008787
0x000000b00637dfb0:   0000000000000000 000000b00637e030
0x000000b00637dfc0:   00000000000013ac 00000291c25851e0
0x000000b00637dfd0:   0000000000000001 00007ff8c7007a75
0x000000b00637dfe0:   0000000000001364 000000b00637e030 

Instructions: (pc=0x000000018000c274)
0x000000018000c174:   70 48 8b 6c 24 78 32 c0 48 83 c4 50 41 5c c3 cc
0x000000018000c184:   cc cc cc cc cc cc cc cc cc cc cc cc 48 85 c9 74
0x000000018000c194:   23 8b 05 ad ff 06 00 89 01 8b 05 a9 ff 06 00 89
0x000000018000c1a4:   41 04 8b 05 a4 ff 06 00 89 41 08 8b 05 9f ff 06
0x000000018000c1b4:   00 89 41 0c f3 c3 cc cc cc cc cc cc c6 01 01 c7
0x000000018000c1c4:   02 01 00 00 00 c3 cc cc cc cc cc cc 48 89 5c 24
0x000000018000c1d4:   08 57 48 83 ec 70 48 8b fa 8b d9 48 8d 15 82 73
0x000000018000c1e4:   05 00 48 8d 4c 24 20 45 33 c0 48 c7 44 24 40 0f
0x000000018000c1f4:   00 00 00 48 c7 44 24 38 00 00 00 00 c6 44 24 28
0x000000018000c204:   00 e8 d6 6b ff ff 4c 8d 4c 24 20 48 8d 4c 24 48
0x000000018000c214:   41 b0 01 8b d3 e8 52 06 02 00 48 83 78 20 10 72
0x000000018000c224:   06 48 8b 48 08 eb 05 48 8d 48 08 90 0f b6 01 48
0x000000018000c234:   ff c7 48 ff c1 88 47 ff 84 c0 75 f0 48 83 7c 24
0x000000018000c244:   68 10 72 0a 48 8b 4c 24 50 e8 52 94 03 00 48 8b
0x000000018000c254:   9c 24 80 00 00 00 48 83 c4 70 5f c3 48 83 ec 48
0x000000018000c264:   0f b6 c2 0f 57 c0 0f 11 44 24 ff 25 00 00 00 00
0x000000018000c274:   ae 7e ef ee f8 7f 00 00 8b 44 24 04 0f af 04 24
0x000000018000c284:   89 04 24 8b 44 24 04 0f af 04 24 83 c0 01 89 04
0x000000018000c294:   24 8b 44 24 04 0f af 04 24 83 c0 02 89 04 24 8b
0x000000018000c2a4:   44 24 04 0f af 04 24 83 c0 03 89 04 24 8b 44 24
0x000000018000c2b4:   04 0f af 04 24 83 c0 04 89 04 24 8b 44 24 04 0f
0x000000018000c2c4:   af 04 24 83 c0 05 89 04 24 8b 44 24 04 0f af 04
0x000000018000c2d4:   24 83 c0 06 89 04 24 8b 44 24 04 0f af 04 24 83
0x000000018000c2e4:   c0 07 89 04 24 8b 44 24 04 0f af 04 24 83 c0 08
0x000000018000c2f4:   89 04 24 8b 44 24 04 0f af 04 24 83 c0 09 89 04
0x000000018000c304:   24 8b 44 24 04 0f af 04 24 83 c0 0a 89 04 24 8b
0x000000018000c314:   44 24 04 0f af 04 24 83 c0 0b 89 04 24 8b 44 24
0x000000018000c324:   04 0f af 04 24 83 c0 0d 89 04 24 8b 44 24 04 0f
0x000000018000c334:   af 04 24 83 c0 0e 89 04 24 8b 44 24 04 0f af 04
0x000000018000c344:   24 83 c0 0f 89 04 24 8b 44 24 04 0f af 04 24 83
0x000000018000c354:   c0 10 89 04 24 8b 44 24 04 0f af 04 24 83 c0 11
0x000000018000c364:   89 04 24 8b 44 24 04 0f af 04 24 83 c0 12 89 04 


Stack slot to memory mapping:

stack at sp + 0 slots: 0x0 is null
stack at sp + 1 slots: 0x0 is null
stack at sp + 2 slots: 0x0000000000001364 is an unknown value
stack at sp + 3 slots: 0x000000018001f4c2 ASProxy64.dll
stack at sp + 4 slots: 0x0000000180065ec8 ASProxy64.dll
stack at sp + 5 slots: 0x0000000000002736 is an unknown value
stack at sp + 6 slots: 0x000000000000000d is an unknown value
stack at sp + 7 slots: 0x000000000000136c is an unknown value


---------------  P R O C E S S  ---------------

Threads class SMR info:
_java_thread_list=0x00000291c4b6f3e0, length=60, elements={
0x00000291dfe59f60, 0x00000291e23a63e0, 0x00000291f66eda10, 0x00000291e23aa820,
0x00000291e23af880, 0x00000291e23b1ef0, 0x00000291e23b3270, 0x00000291e23b8c20,
0x00000291f7aa15b0, 0x00000291f7a9df30, 0x00000291f7c31e60, 0x00000291fe02bec0,
0x00000291fe7d2aa0, 0x00000291fe06e440, 0x00000291fe81daf0, 0x00000291fe9d0520,
0x00000291ff2bec00, 0x00000291ff2bf920, 0x00000291ff2bc4a0, 0x00000291ff2bd850,
0x00000291ff2bcb30, 0x00000291ff2bd1c0, 0x00000291ff2bdee0, 0x00000291c10618a0,
0x00000291c105f7d0, 0x00000291c1061210, 0x00000291c105fe60, 0x00000291c105eab0,
0x00000291c1060b80, 0x00000291c105e420, 0x00000291c1061f30, 0x00000291c10604f0,
0x00000291c10625c0, 0x00000291c105f140, 0x00000291c10653b0, 0x00000291c1064690,
0x00000291c10632e0, 0x00000291c1062c50, 0x00000291c1063970, 0x00000291c1064d20,
0x00000291c1065a40, 0x00000291c1064000, 0x00000291c2581040, 0x00000291c257dbc0,
0x00000291c2580320, 0x00000291c257f600, 0x00000291c25816d0, 0x00000291c257e250,
0x00000291c257ef70, 0x00000291c25823f0, 0x00000291c25844c0, 0x00000291c2583110,
0x00000291c25837a0, 0x00000291c2582a80, 0x00000291c25851e0, 0x00000291c2583e30,
0x00000291c2584b50, 0x00000291c1d9c830, 0x00000291c1d9cec0, 0x00000291c1032c90
}

Java Threads: ( => current thread )
  0x00000291dfe59f60 JavaThread "main"                              [_thread_blocked, id=4040, stack(0x000000b000300000,0x000000b000400000) (1024K)]
  0x00000291e23a63e0 JavaThread "Reference Handler"          daemon [_thread_blocked, id=13752, stack(0x000000b000700000,0x000000b000800000) (1024K)]
  0x00000291f66eda10 JavaThread "Finalizer"                  daemon [_thread_blocked, id=24144, stack(0x000000b000800000,0x000000b000900000) (1024K)]
  0x00000291e23aa820 JavaThread "Signal Dispatcher"          daemon [_thread_blocked, id=15736, stack(0x000000b000900000,0x000000b000a00000) (1024K)]
  0x00000291e23af880 JavaThread "Attach Listener"            daemon [_thread_blocked, id=33084, stack(0x000000b000a00000,0x000000b000b00000) (1024K)]
  0x00000291e23b1ef0 JavaThread "Service Thread"             daemon [_thread_blocked, id=29680, stack(0x000000b000b00000,0x000000b000c00000) (1024K)]
  0x00000291e23b3270 JavaThread "Monitor Deflation Thread"   daemon [_thread_blocked, id=25156, stack(0x000000b000c00000,0x000000b000d00000) (1024K)]
  0x00000291e23b8c20 JavaThread "C2 CompilerThread0"         daemon [_thread_in_native, id=30236, stack(0x000000b000d00000,0x000000b000e00000) (1024K)]
  0x00000291f7aa15b0 JavaThread "C1 CompilerThread0"         daemon [_thread_blocked, id=11584, stack(0x000000b000e00000,0x000000b000f00000) (1024K)]
  0x00000291f7a9df30 JavaThread "C1 CompilerThread1"         daemon [_thread_blocked, id=16620, stack(0x000000b000f00000,0x000000b001000000) (1024K)]
  0x00000291f7c31e60 JavaThread "Common-Cleaner"             daemon [_thread_blocked, id=22632, stack(0x000000b001100000,0x000000b001200000) (1024K)]
  0x00000291fe02bec0 JavaThread "Notification Thread"        daemon [_thread_blocked, id=33244, stack(0x000000b002640000,0x000000b002740000) (1024K)]
  0x00000291fe7d2aa0 JavaThread "Active Thread: Equinox Container: d90e4f63-d37c-450a-bcce-5e2c7eae02ba"        [_thread_blocked, id=19616, stack(0x000000b002f80000,0x000000b003080000) (1024K)]
  0x00000291fe06e440 JavaThread "Refresh Thread: Equinox Container: d90e4f63-d37c-450a-bcce-5e2c7eae02ba" daemon [_thread_blocked, id=5492, stack(0x000000b003180000,0x000000b003280000) (1024K)]
  0x00000291fe81daf0 JavaThread "Framework Event Dispatcher: Equinox Container: d90e4f63-d37c-450a-bcce-5e2c7eae02ba" daemon [_thread_blocked, id=23184, stack(0x000000b003280000,0x000000b003380000) (1024K)]
  0x00000291fe9d0520 JavaThread "Start Level: Equinox Container: d90e4f63-d37c-450a-bcce-5e2c7eae02ba" daemon [_thread_blocked, id=20440, stack(0x000000b003380000,0x000000b003480000) (1024K)]
  0x00000291ff2bec00 JavaThread "Bundle File Closer"         daemon [_thread_blocked, id=29300, stack(0x000000b003780000,0x000000b003880000) (1024K)]
  0x00000291ff2bf920 JavaThread "SCR Component Actor"        daemon [_thread_blocked, id=18172, stack(0x000000b003880000,0x000000b003980000) (1024K)]
  0x00000291ff2bc4a0 JavaThread "Worker-JM"                         [_thread_blocked, id=22720, stack(0x000000b003b80000,0x000000b003c80000) (1024K)]
  0x00000291ff2bd850 JavaThread "Worker-0: Initialize Workspace"        [_thread_blocked, id=23020, stack(0x000000b003d80000,0x000000b003e80000) (1024K)]
  0x00000291ff2bcb30 JavaThread "Worker-1"                          [_thread_blocked, id=29012, stack(0x000000b003e80000,0x000000b003f80000) (1024K)]
  0x00000291ff2bd1c0 JavaThread "Java indexing"              daemon [_thread_blocked, id=33916, stack(0x000000b003f80000,0x000000b004080000) (1024K)]
  0x00000291ff2bdee0 JavaThread "JNA Cleaner"                daemon [_thread_blocked, id=16628, stack(0x000000b002e80000,0x000000b002f80000) (1024K)]
  0x00000291c10618a0 JavaThread "Worker-2"                          [_thread_blocked, id=18776, stack(0x000000b004380000,0x000000b004480000) (1024K)]
  0x00000291c105f7d0 JavaThread "Worker-3"                          [_thread_blocked, id=2828, stack(0x000000b004480000,0x000000b004580000) (1024K)]
  0x00000291c1061210 JavaThread "Thread-2"                   daemon [_thread_in_native, id=22472, stack(0x000000b004580000,0x000000b004680000) (1024K)]
  0x00000291c105fe60 JavaThread "Thread-3"                   daemon [_thread_in_native, id=23516, stack(0x000000b004680000,0x000000b004780000) (1024K)]
  0x00000291c105eab0 JavaThread "Thread-4"                   daemon [_thread_in_native, id=8120, stack(0x000000b004780000,0x000000b004880000) (1024K)]
  0x00000291c1060b80 JavaThread "Thread-5"                   daemon [_thread_in_native, id=30432, stack(0x000000b004880000,0x000000b004980000) (1024K)]
  0x00000291c105e420 JavaThread "Thread-6"                   daemon [_thread_in_native, id=31284, stack(0x000000b004980000,0x000000b004a80000) (1024K)]
  0x00000291c1061f30 JavaThread "Thread-7"                   daemon [_thread_in_native, id=16736, stack(0x000000b004a80000,0x000000b004b80000) (1024K)]
  0x00000291c10604f0 JavaThread "Thread-8"                   daemon [_thread_in_native, id=34620, stack(0x000000b004b80000,0x000000b004c80000) (1024K)]
  0x00000291c10625c0 JavaThread "Thread-9"                   daemon [_thread_in_native, id=26424, stack(0x000000b004c80000,0x000000b004d80000) (1024K)]
  0x00000291c105f140 JavaThread "Thread-10"                  daemon [_thread_in_native, id=8548, stack(0x000000b004d80000,0x000000b004e80000) (1024K)]
  0x00000291c10653b0 JavaThread "Thread-11"                  daemon [_thread_in_native, id=21176, stack(0x000000b004e80000,0x000000b004f80000) (1024K)]
  0x00000291c1064690 JavaThread "Thread-12"                  daemon [_thread_in_native, id=35484, stack(0x000000b004f80000,0x000000b005080000) (1024K)]
  0x00000291c10632e0 JavaThread "Thread-13"                  daemon [_thread_in_native, id=31932, stack(0x000000b005080000,0x000000b005180000) (1024K)]
  0x00000291c1062c50 JavaThread "Thread-14"                  daemon [_thread_in_native, id=27256, stack(0x000000b005180000,0x000000b005280000) (1024K)]
  0x00000291c1063970 JavaThread "Thread-15"                  daemon [_thread_in_native, id=25924, stack(0x000000b005280000,0x000000b005380000) (1024K)]
  0x00000291c1064d20 JavaThread "Thread-16"                  daemon [_thread_in_native, id=24628, stack(0x000000b005380000,0x000000b005480000) (1024K)]
  0x00000291c1065a40 JavaThread "Thread-17"                  daemon [_thread_in_native, id=34144, stack(0x000000b005480000,0x000000b005580000) (1024K)]
  0x00000291c1064000 JavaThread "Thread-18"                  daemon [_thread_in_native, id=456, stack(0x000000b005580000,0x000000b005680000) (1024K)]
  0x00000291c2581040 JavaThread "pool-2-thread-1"                   [_thread_blocked, id=20400, stack(0x000000b005880000,0x000000b005980000) (1024K)]
  0x00000291c257dbc0 JavaThread "WorkspaceEventsHandler"            [_thread_blocked, id=16924, stack(0x000000b005980000,0x000000b005a80000) (1024K)]
  0x00000291c2580320 JavaThread "pool-1-thread-1"                   [_thread_blocked, id=29872, stack(0x000000b005a80000,0x000000b005b80000) (1024K)]
  0x00000291c257f600 JavaThread "Worker-4"                          [_thread_blocked, id=34452, stack(0x000000b005d80000,0x000000b005e80000) (1024K)]
  0x00000291c25816d0 JavaThread "Timer-0"                           [_thread_blocked, id=32648, stack(0x000000b005780000,0x000000b005880000) (1024K)]
  0x00000291c257e250 JavaThread "Timer-1"                           [_thread_blocked, id=3440, stack(0x000000b005680000,0x000000b005780000) (1024K)]
  0x00000291c257ef70 JavaThread "Timer-2"                           [_thread_blocked, id=27052, stack(0x000000b005b80000,0x000000b005c80000) (1024K)]
  0x00000291c25823f0 JavaThread "LocalFile Deleter"          daemon [_thread_blocked, id=3580, stack(0x000000b005c80000,0x000000b005d80000) (1024K)]
  0x00000291c25844c0 JavaThread "LocalFile Deleter"          daemon [_thread_blocked, id=16908, stack(0x000000b005e80000,0x000000b005f80000) (1024K)]
  0x00000291c2583110 JavaThread "LocalFile Deleter"          daemon [_thread_blocked, id=16404, stack(0x000000b005f80000,0x000000b006080000) (1024K)]
  0x00000291c25837a0 JavaThread "Timer-3"                           [_thread_blocked, id=23628, stack(0x000000b006080000,0x000000b006180000) (1024K)]
  0x00000291c2582a80 JavaThread "Timer-4"                           [_thread_blocked, id=20120, stack(0x000000b006180000,0x000000b006280000) (1024K)]
=>0x00000291c25851e0 JavaThread "Connection worker"                 [_thread_in_native, id=16964, stack(0x000000b006280000,0x000000b006380000) (1024K)]
  0x00000291c2583e30 JavaThread "pool-3-thread-1"                   [_thread_blocked, id=31816, stack(0x000000b006380000,0x000000b006480000) (1024K)]
  0x00000291c2584b50 JavaThread "Exec process"                      [_thread_blocked, id=28852, stack(0x000000b006480000,0x000000b006580000) (1024K)]
  0x00000291c1d9c830 JavaThread "Exec process Thread 2"             [_thread_blocked, id=24568, stack(0x000000b006580000,0x000000b006680000) (1024K)]
  0x00000291c1d9cec0 JavaThread "Exec process Thread 3"             [_thread_blocked, id=28840, stack(0x000000b006680000,0x000000b006780000) (1024K)]
  0x00000291c1032c90 JavaThread "C2 CompilerThread1"         daemon [_thread_blocked, id=28464, stack(0x000000b001200000,0x000000b001300000) (1024K)]
Total: 60

Other Threads:
  0x00000291f66d4860 VMThread "VM Thread"                           [id=13336, stack(0x000000b000600000,0x000000b000700000) (1024K)]
  0x00000291f65cca00 WatcherThread "VM Periodic Task Thread"        [id=27656, stack(0x000000b000500000,0x000000b000600000) (1024K)]
  0x00000291e23202e0 WorkerThread "GC Thread#0"                     [id=13192, stack(0x000000b000400000,0x000000b000500000) (1024K)]
  0x00000291fe613e90 WorkerThread "GC Thread#1"                     [id=15508, stack(0x000000b002880000,0x000000b002980000) (1024K)]
  0x00000291fe45c880 WorkerThread "GC Thread#2"                     [id=26732, stack(0x000000b002980000,0x000000b002a80000) (1024K)]
  0x00000291fe8c62f0 WorkerThread "GC Thread#3"                     [id=7428, stack(0x000000b002a80000,0x000000b002b80000) (1024K)]
  0x00000291fe8c6690 WorkerThread "GC Thread#4"                     [id=34004, stack(0x000000b002b80000,0x000000b002c80000) (1024K)]
  0x00000291fe8b9a60 WorkerThread "GC Thread#5"                     [id=34392, stack(0x000000b002c80000,0x000000b002d80000) (1024K)]
  0x00000291fe8b9e00 WorkerThread "GC Thread#6"                     [id=13728, stack(0x000000b002d80000,0x000000b002e80000) (1024K)]
  0x00000291fe9cd840 WorkerThread "GC Thread#7"                     [id=28792, stack(0x000000b003080000,0x000000b003180000) (1024K)]
  0x00000291fe9cdf80 WorkerThread "GC Thread#8"                     [id=30488, stack(0x000000b003480000,0x000000b003580000) (1024K)]
  0x00000291fe9ce320 WorkerThread "GC Thread#9"                     [id=32980, stack(0x000000b003580000,0x000000b003680000) (1024K)]
  0x00000291fe9ce6c0 WorkerThread "GC Thread#10"                    [id=20884, stack(0x000000b003680000,0x000000b003780000) (1024K)]
  0x00000291fe9cea60 WorkerThread "GC Thread#11"                    [id=8580, stack(0x000000b003a80000,0x000000b003b80000) (1024K)]
  0x00000291ff0c9d10 WorkerThread "GC Thread#12"                    [id=276, stack(0x000000b003c80000,0x000000b003d80000) (1024K)]
Total: 15

Threads with active compile tasks:
C2 CompilerThread0  7427 7811   !   4       jdk.internal.loader.BuiltinClassLoader::loadClassOrNull (143 bytes)
Total: 1

VM state: not at safepoint (normal execution)

VM Mutex/Monitor currently owned by a thread: None

Heap address: 0x00000000c0000000, size: 1024 MB, Compressed Oops mode: 32-bit

CDS archive(s) mapped at: [0x0000029180000000-0x0000029180ba0000-0x0000029180ba0000), size 12189696, SharedBaseAddress: 0x0000029180000000, ArchiveRelocationMode: 1.
Compressed class space mapped at: 0x0000029181000000-0x00000291c1000000, reserved size: 1073741824
Narrow klass base: 0x0000029180000000, Narrow klass shift: 0, Narrow klass range: 0x100000000

GC Precious Log:
 CardTable entry size: 512
 CPUs: 16 total, 16 available
 Memory: 16096M
 Large Page Support: Disabled
 NUMA Support: Disabled
 Compressed Oops: Enabled (32-bit)
 Alignments: Space 512K, Generation 512K, Heap 2M
 Heap Min Capacity: 100M
 Heap Initial Capacity: 100M
 Heap Max Capacity: 1G
 Pre-touch: Disabled
 Parallel Workers: 13

Heap:
 PSYoungGen      total 16896K, used 13255K [0x00000000eab00000, 0x00000000ebd00000, 0x0000000100000000)
  eden space 15872K, 79% used [0x00000000eab00000,0x00000000eb749c00,0x00000000eba80000)
  from space 1024K, 65% used [0x00000000ebb00000,0x00000000ebba8010,0x00000000ebc00000)
  to   space 1024K, 0% used [0x00000000ebc00000,0x00000000ebc00000,0x00000000ebd00000)
 ParOldGen       total 68608K, used 40357K [0x00000000c0000000, 0x00000000c4300000, 0x00000000eab00000)
  object space 68608K, 58% used [0x00000000c0000000,0x00000000c27695a0,0x00000000c4300000)
 Metaspace       used 62449K, committed 63808K, reserved 1114112K
  class space    used 7723K, committed 8384K, reserved 1048576K

Card table byte_map: [0x00000291e1bb0000,0x00000291e1dc0000] _byte_map_base: 0x00000291e15b0000

Marking Bits: (ParMarkBitMap*) 0x00007ff8470f31f0
 Begin Bits: [0x00000291f44f0000, 0x00000291f54f0000)
 End Bits:   [0x00000291f54f0000, 0x00000291f64f0000)

Polling page: 0x00000291e00d0000

Metaspace:

Usage:
  Non-class:     53.44 MB used.
      Class:      7.54 MB used.
       Both:     60.99 MB used.

Virtual space:
  Non-class space:       64.00 MB reserved,      54.12 MB ( 85%) committed,  1 nodes.
      Class space:        1.00 GB reserved,       8.19 MB ( <1%) committed,  1 nodes.
             Both:        1.06 GB reserved,      62.31 MB (  6%) committed. 

Chunk freelists:
   Non-Class:  8.97 MB
       Class:  7.86 MB
        Both:  16.83 MB

MaxMetaspaceSize: unlimited
CompressedClassSpaceSize: 1.00 GB
Initial GC threshold: 21.00 MB
Current GC threshold: 97.31 MB
CDS: on
 - commit_granule_bytes: 65536.
 - commit_granule_words: 8192.
 - virtual_space_node_default_size: 8388608.
 - enlarge_chunks_in_place: 1.
 - use_allocation_guard: 0.


Internal statistics:

num_allocs_failed_limit: 9.
num_arena_births: 1136.
num_arena_deaths: 14.
num_vsnodes_births: 2.
num_vsnodes_deaths: 0.
num_space_committed: 997.
num_space_uncommitted: 0.
num_chunks_returned_to_freelist: 23.
num_chunks_taken_from_freelist: 3754.
num_chunk_merges: 15.
num_chunk_splits: 2489.
num_chunks_enlarged: 1628.
num_inconsistent_stats: 0.

CodeHeap 'non-profiled nmethods': size=119168Kb used=4842Kb max_used=4842Kb free=114326Kb
 bounds [0x00000291ed090000, 0x00000291ed550000, 0x00000291f44f0000]
CodeHeap 'profiled nmethods': size=119104Kb used=14260Kb max_used=14592Kb free=104843Kb
 bounds [0x00000291e54f0000, 0x00000291e6340000, 0x00000291ec940000]
CodeHeap 'non-nmethods': size=7488Kb used=1953Kb max_used=3175Kb free=5534Kb
 bounds [0x00000291ec940000, 0x00000291ecc60000, 0x00000291ed090000]
 total_blobs=7702 nmethods=7014 adapters=593
 compilation: enabled
              stopped_count=0, restarted_count=0
 full_count=0

Compilation events (20 events):
Event: 7.367 Thread 0x00000291f7a9df30 7825       3       java.security.Provider::getEngineName (49 bytes)
Event: 7.367 Thread 0x00000291c1032c90 7813       4       java.io.DataInputStream::readFully (59 bytes)
Event: 7.367 Thread 0x00000291f7a9df30 nmethod 7825 0x00000291e5d5dc90 code [0x00000291e5d5dec0, 0x00000291e5d5e700]
Event: 7.367 Thread 0x00000291f7a9df30 7827       3       java.security.Provider::check (18 bytes)
Event: 7.368 Thread 0x00000291f7a9df30 nmethod 7827 0x00000291e5e03110 code [0x00000291e5e032e0, 0x00000291e5e03640]
Event: 7.368 Thread 0x00000291f7a9df30 7828       3       java.security.Provider::implRemoveService (149 bytes)
Event: 7.368 Thread 0x00000291f7aa15b0 nmethod 7826 0x00000291e5d5b790 code [0x00000291e5d5bb20, 0x00000291e5d5d058]
Event: 7.368 Thread 0x00000291f7aa15b0 7830       3       java.security.Provider::checkAndUpdateSecureRandom (88 bytes)
Event: 7.368 Thread 0x00000291f7aa15b0 nmethod 7830 0x00000291e5d5b090 code [0x00000291e5d5b260, 0x00000291e5d5b600]
Event: 7.368 Thread 0x00000291f7aa15b0 7832       3       sun.security.util.SecurityProviderConstants::getAliases (63 bytes)
Event: 7.368 Thread 0x00000291f7a9df30 nmethod 7828 0x00000291e5a56c10 code [0x00000291e5a56ec0, 0x00000291e5a57b40]
Event: 7.368 Thread 0x00000291f7a9df30 7833       1       java.nio.DirectByteBuffer::attachment (5 bytes)
Event: 7.368 Thread 0x00000291f7a9df30 nmethod 7833 0x00000291ed545a10 code [0x00000291ed545ba0, 0x00000291ed545c68]
Event: 7.368 Thread 0x00000291f7aa15b0 nmethod 7832 0x00000291e5e7a290 code [0x00000291e5e7a500, 0x00000291e5e7ada0]
Event: 7.375 Thread 0x00000291f7aa15b0 7834       3       java.security.MessageDigest::update (11 bytes)
Event: 7.375 Thread 0x00000291f7a9df30 7835       3       java.security.MessageDigest$Delegate::engineUpdate (9 bytes)
Event: 7.375 Thread 0x00000291f7aa15b0 nmethod 7834 0x00000291e5d5ab10 code [0x00000291e5d5acc0, 0x00000291e5d5af80]
Event: 7.375 Thread 0x00000291f7a9df30 nmethod 7835 0x00000291e5d5a690 code [0x00000291e5d5a840, 0x00000291e5d5aa18]
Event: 7.375 Thread 0x00000291f7aa15b0 7836       3       sun.security.provider.DigestBase::engineUpdate (32 bytes)
Event: 7.376 Thread 0x00000291f7aa15b0 nmethod 7836 0x00000291e5a56710 code [0x00000291e5a568c0, 0x00000291e5a56b28]

GC Heap History (20 events):
Event: 5.432 GC heap before
{Heap before GC invocations=39 (full 3):
 PSYoungGen      total 17408K, used 16397K [0x00000000eab00000, 0x00000000ebf00000, 0x0000000100000000)
  eden space 15872K, 100% used [0x00000000eab00000,0x00000000eba80000,0x00000000eba80000)
  from space 1536K, 34% used [0x00000000ebc00000,0x00000000ebc83420,0x00000000ebd80000)
  to   space 1024K, 0% used [0x00000000ebe00000,0x00000000ebe00000,0x00000000ebf00000)
 ParOldGen       total 68608K, used 38597K [0x00000000c0000000, 0x00000000c4300000, 0x00000000eab00000)
  object space 68608K, 56% used [0x00000000c0000000,0x00000000c25b17c0,0x00000000c4300000)
 Metaspace       used 58864K, committed 60096K, reserved 1114112K
  class space    used 7203K, committed 7744K, reserved 1048576K
}
Event: 5.433 GC heap after
{Heap after GC invocations=39 (full 3):
 PSYoungGen      total 16896K, used 1002K [0x00000000eab00000, 0x00000000ebf00000, 0x0000000100000000)
  eden space 15872K, 0% used [0x00000000eab00000,0x00000000eab00000,0x00000000eba80000)
  from space 1024K, 97% used [0x00000000ebe00000,0x00000000ebefab38,0x00000000ebf00000)
  to   space 1536K, 0% used [0x00000000ebc00000,0x00000000ebc00000,0x00000000ebd80000)
 ParOldGen       total 68608K, used 38750K [0x00000000c0000000, 0x00000000c4300000, 0x00000000eab00000)
  object space 68608K, 56% used [0x00000000c0000000,0x00000000c25d7ad0,0x00000000c4300000)
 Metaspace       used 58864K, committed 60096K, reserved 1114112K
  class space    used 7203K, committed 7744K, reserved 1048576K
}
Event: 5.500 GC heap before
{Heap before GC invocations=40 (full 3):
 PSYoungGen      total 16896K, used 16874K [0x00000000eab00000, 0x00000000ebf00000, 0x0000000100000000)
  eden space 15872K, 100% used [0x00000000eab00000,0x00000000eba80000,0x00000000eba80000)
  from space 1024K, 97% used [0x00000000ebe00000,0x00000000ebefab38,0x00000000ebf00000)
  to   space 1536K, 0% used [0x00000000ebc00000,0x00000000ebc00000,0x00000000ebd80000)
 ParOldGen       total 68608K, used 38750K [0x00000000c0000000, 0x00000000c4300000, 0x00000000eab00000)
  object space 68608K, 56% used [0x00000000c0000000,0x00000000c25d7ad0,0x00000000c4300000)
 Metaspace       used 58864K, committed 60096K, reserved 1114112K
  class space    used 7203K, committed 7744K, reserved 1048576K
}
Event: 5.501 GC heap after
{Heap after GC invocations=40 (full 3):
 PSYoungGen      total 17408K, used 1112K [0x00000000eab00000, 0x00000000ebe80000, 0x0000000100000000)
  eden space 15872K, 0% used [0x00000000eab00000,0x00000000eab00000,0x00000000eba80000)
  from space 1536K, 72% used [0x00000000ebc00000,0x00000000ebd162d8,0x00000000ebd80000)
  to   space 1024K, 0% used [0x00000000ebd80000,0x00000000ebd80000,0x00000000ebe80000)
 ParOldGen       total 68608K, used 38854K [0x00000000c0000000, 0x00000000c4300000, 0x00000000eab00000)
  object space 68608K, 56% used [0x00000000c0000000,0x00000000c25f1ae0,0x00000000c4300000)
 Metaspace       used 58864K, committed 60096K, reserved 1114112K
  class space    used 7203K, committed 7744K, reserved 1048576K
}
Event: 5.556 GC heap before
{Heap before GC invocations=41 (full 3):
 PSYoungGen      total 17408K, used 16984K [0x00000000eab00000, 0x00000000ebe80000, 0x0000000100000000)
  eden space 15872K, 100% used [0x00000000eab00000,0x00000000eba80000,0x00000000eba80000)
  from space 1536K, 72% used [0x00000000ebc00000,0x00000000ebd162d8,0x00000000ebd80000)
  to   space 1024K, 0% used [0x00000000ebd80000,0x00000000ebd80000,0x00000000ebe80000)
 ParOldGen       total 68608K, used 38854K [0x00000000c0000000, 0x00000000c4300000, 0x00000000eab00000)
  object space 68608K, 56% used [0x00000000c0000000,0x00000000c25f1ae0,0x00000000c4300000)
 Metaspace       used 58864K, committed 60096K, reserved 1114112K
  class space    used 7203K, committed 7744K, reserved 1048576K
}
Event: 5.557 GC heap after
{Heap after GC invocations=41 (full 3):
 PSYoungGen      total 16384K, used 461K [0x00000000eab00000, 0x00000000ebe00000, 0x0000000100000000)
  eden space 15872K, 0% used [0x00000000eab00000,0x00000000eab00000,0x00000000eba80000)
  from space 512K, 90% used [0x00000000ebd80000,0x00000000ebdf3420,0x00000000ebe00000)
  to   space 1024K, 0% used [0x00000000ebc00000,0x00000000ebc00000,0x00000000ebd00000)
 ParOldGen       total 68608K, used 38926K [0x00000000c0000000, 0x00000000c4300000, 0x00000000eab00000)
  object space 68608K, 56% used [0x00000000c0000000,0x00000000c2603ae0,0x00000000c4300000)
 Metaspace       used 58864K, committed 60096K, reserved 1114112K
  class space    used 7203K, committed 7744K, reserved 1048576K
}
Event: 5.608 GC heap before
{Heap before GC invocations=42 (full 3):
 PSYoungGen      total 16384K, used 16333K [0x00000000eab00000, 0x00000000ebe00000, 0x0000000100000000)
  eden space 15872K, 100% used [0x00000000eab00000,0x00000000eba80000,0x00000000eba80000)
  from space 512K, 90% used [0x00000000ebd80000,0x00000000ebdf3420,0x00000000ebe00000)
  to   space 1024K, 0% used [0x00000000ebc00000,0x00000000ebc00000,0x00000000ebd00000)
 ParOldGen       total 68608K, used 38926K [0x00000000c0000000, 0x00000000c4300000, 0x00000000eab00000)
  object space 68608K, 56% used [0x00000000c0000000,0x00000000c2603ae0,0x00000000c4300000)
 Metaspace       used 58865K, committed 60096K, reserved 1114112K
  class space    used 7203K, committed 7744K, reserved 1048576K
}
Event: 5.608 GC heap after
{Heap after GC invocations=42 (full 3):
 PSYoungGen      total 16896K, used 1008K [0x00000000eab00000, 0x00000000ebe00000, 0x0000000100000000)
  eden space 15872K, 0% used [0x00000000eab00000,0x00000000eab00000,0x00000000eba80000)
  from space 1024K, 98% used [0x00000000ebc00000,0x00000000ebcfc300,0x00000000ebd00000)
  to   space 1024K, 0% used [0x00000000ebd00000,0x00000000ebd00000,0x00000000ebe00000)
 ParOldGen       total 68608K, used 39140K [0x00000000c0000000, 0x00000000c4300000, 0x00000000eab00000)
  object space 68608K, 57% used [0x00000000c0000000,0x00000000c26391a0,0x00000000c4300000)
 Metaspace       used 58865K, committed 60096K, reserved 1114112K
  class space    used 7203K, committed 7744K, reserved 1048576K
}
Event: 5.665 GC heap before
{Heap before GC invocations=43 (full 3):
 PSYoungGen      total 16896K, used 16880K [0x00000000eab00000, 0x00000000ebe00000, 0x0000000100000000)
  eden space 15872K, 100% used [0x00000000eab00000,0x00000000eba80000,0x00000000eba80000)
  from space 1024K, 98% used [0x00000000ebc00000,0x00000000ebcfc300,0x00000000ebd00000)
  to   space 1024K, 0% used [0x00000000ebd00000,0x00000000ebd00000,0x00000000ebe00000)
 ParOldGen       total 68608K, used 39140K [0x00000000c0000000, 0x00000000c4300000, 0x00000000eab00000)
  object space 68608K, 57% used [0x00000000c0000000,0x00000000c26391a0,0x00000000c4300000)
 Metaspace       used 58865K, committed 60096K, reserved 1114112K
  class space    used 7203K, committed 7744K, reserved 1048576K
}
Event: 5.665 GC heap after
{Heap after GC invocations=43 (full 3):
 PSYoungGen      total 16896K, used 1021K [0x00000000eab00000, 0x00000000ebe00000, 0x0000000100000000)
  eden space 15872K, 0% used [0x00000000eab00000,0x00000000eab00000,0x00000000eba80000)
  from space 1024K, 99% used [0x00000000ebd00000,0x00000000ebdff4a0,0x00000000ebe00000)
  to   space 1536K, 0% used [0x00000000ebb00000,0x00000000ebb00000,0x00000000ebc80000)
 ParOldGen       total 68608K, used 39501K [0x00000000c0000000, 0x00000000c4300000, 0x00000000eab00000)
  object space 68608K, 57% used [0x00000000c0000000,0x00000000c2693690,0x00000000c4300000)
 Metaspace       used 58865K, committed 60096K, reserved 1114112K
  class space    used 7203K, committed 7744K, reserved 1048576K
}
Event: 5.724 GC heap before
{Heap before GC invocations=44 (full 3):
 PSYoungGen      total 16896K, used 16893K [0x00000000eab00000, 0x00000000ebe00000, 0x0000000100000000)
  eden space 15872K, 100% used [0x00000000eab00000,0x00000000eba80000,0x00000000eba80000)
  from space 1024K, 99% used [0x00000000ebd00000,0x00000000ebdff4a0,0x00000000ebe00000)
  to   space 1536K, 0% used [0x00000000ebb00000,0x00000000ebb00000,0x00000000ebc80000)
 ParOldGen       total 68608K, used 39501K [0x00000000c0000000, 0x00000000c4300000, 0x00000000eab00000)
  object space 68608K, 57% used [0x00000000c0000000,0x00000000c2693690,0x00000000c4300000)
 Metaspace       used 58865K, committed 60096K, reserved 1114112K
  class space    used 7203K, committed 7744K, reserved 1048576K
}
Event: 5.724 GC heap after
{Heap after GC invocations=44 (full 3):
 PSYoungGen      total 17408K, used 320K [0x00000000eab00000, 0x00000000ebd80000, 0x0000000100000000)
  eden space 15872K, 0% used [0x00000000eab00000,0x00000000eab00000,0x00000000eba80000)
  from space 1536K, 20% used [0x00000000ebb00000,0x00000000ebb50000,0x00000000ebc80000)
  to   space 1024K, 0% used [0x00000000ebc80000,0x00000000ebc80000,0x00000000ebd80000)
 ParOldGen       total 68608K, used 39565K [0x00000000c0000000, 0x00000000c4300000, 0x00000000eab00000)
  object space 68608K, 57% used [0x00000000c0000000,0x00000000c26a3690,0x00000000c4300000)
 Metaspace       used 58865K, committed 60096K, reserved 1114112K
  class space    used 7203K, committed 7744K, reserved 1048576K
}
Event: 5.775 GC heap before
{Heap before GC invocations=45 (full 3):
 PSYoungGen      total 17408K, used 16192K [0x00000000eab00000, 0x00000000ebd80000, 0x0000000100000000)
  eden space 15872K, 100% used [0x00000000eab00000,0x00000000eba80000,0x00000000eba80000)
  from space 1536K, 20% used [0x00000000ebb00000,0x00000000ebb50000,0x00000000ebc80000)
  to   space 1024K, 0% used [0x00000000ebc80000,0x00000000ebc80000,0x00000000ebd80000)
 ParOldGen       total 68608K, used 39565K [0x00000000c0000000, 0x00000000c4300000, 0x00000000eab00000)
  object space 68608K, 57% used [0x00000000c0000000,0x00000000c26a3690,0x00000000c4300000)
 Metaspace       used 58865K, committed 60096K, reserved 1114112K
  class space    used 7203K, committed 7744K, reserved 1048576K
}
Event: 5.776 GC heap after
{Heap after GC invocations=45 (full 3):
 PSYoungGen      total 16896K, used 773K [0x00000000eab00000, 0x00000000ebd80000, 0x0000000100000000)
  eden space 15872K, 0% used [0x00000000eab00000,0x00000000eab00000,0x00000000eba80000)
  from space 1024K, 75% used [0x00000000ebc80000,0x00000000ebd41788,0x00000000ebd80000)
  to   space 1024K, 0% used [0x00000000ebb80000,0x00000000ebb80000,0x00000000ebc80000)
 ParOldGen       total 68608K, used 39740K [0x00000000c0000000, 0x00000000c4300000, 0x00000000eab00000)
  object space 68608K, 57% used [0x00000000c0000000,0x00000000c26cf0b0,0x00000000c4300000)
 Metaspace       used 58865K, committed 60096K, reserved 1114112K
  class space    used 7203K, committed 7744K, reserved 1048576K
}
Event: 5.831 GC heap before
{Heap before GC invocations=46 (full 3):
 PSYoungGen      total 16896K, used 16645K [0x00000000eab00000, 0x00000000ebd80000, 0x0000000100000000)
  eden space 15872K, 100% used [0x00000000eab00000,0x00000000eba80000,0x00000000eba80000)
  from space 1024K, 75% used [0x00000000ebc80000,0x00000000ebd41788,0x00000000ebd80000)
  to   space 1024K, 0% used [0x00000000ebb80000,0x00000000ebb80000,0x00000000ebc80000)
 ParOldGen       total 68608K, used 39740K [0x00000000c0000000, 0x00000000c4300000, 0x00000000eab00000)
  object space 68608K, 57% used [0x00000000c0000000,0x00000000c26cf0b0,0x00000000c4300000)
 Metaspace       used 58865K, committed 60096K, reserved 1114112K
  class space    used 7203K, committed 7744K, reserved 1048576K
}
Event: 5.831 GC heap after
{Heap after GC invocations=46 (full 3):
 PSYoungGen      total 16896K, used 1022K [0x00000000eab00000, 0x00000000ebd80000, 0x0000000100000000)
  eden space 15872K, 0% used [0x00000000eab00000,0x00000000eab00000,0x00000000eba80000)
  from space 1024K, 99% used [0x00000000ebb80000,0x00000000ebc7fa50,0x00000000ebc80000)
  to   space 1024K, 0% used [0x00000000ebc80000,0x00000000ebc80000,0x00000000ebd80000)
 ParOldGen       total 68608K, used 40014K [0x00000000c0000000, 0x00000000c4300000, 0x00000000eab00000)
  object space 68608K, 58% used [0x00000000c0000000,0x00000000c2713890,0x00000000c4300000)
 Metaspace       used 58865K, committed 60096K, reserved 1114112K
  class space    used 7203K, committed 7744K, reserved 1048576K
}
Event: 5.915 GC heap before
{Heap before GC invocations=47 (full 3):
 PSYoungGen      total 16896K, used 16894K [0x00000000eab00000, 0x00000000ebd80000, 0x0000000100000000)
  eden space 15872K, 100% used [0x00000000eab00000,0x00000000eba80000,0x00000000eba80000)
  from space 1024K, 99% used [0x00000000ebb80000,0x00000000ebc7fa50,0x00000000ebc80000)
  to   space 1024K, 0% used [0x00000000ebc80000,0x00000000ebc80000,0x00000000ebd80000)
 ParOldGen       total 68608K, used 40014K [0x00000000c0000000, 0x00000000c4300000, 0x00000000eab00000)
  object space 68608K, 58% used [0x00000000c0000000,0x00000000c2713890,0x00000000c4300000)
 Metaspace       used 59579K, committed 60800K, reserved 1114112K
  class space    used 7303K, committed 7872K, reserved 1048576K
}
Event: 5.916 GC heap after
{Heap after GC invocations=47 (full 3):
 PSYoungGen      total 16384K, used 448K [0x00000000eab00000, 0x00000000ebd00000, 0x0000000100000000)
  eden space 15872K, 0% used [0x00000000eab00000,0x00000000eab00000,0x00000000eba80000)
  from space 512K, 87% used [0x00000000ebc80000,0x00000000ebcf0000,0x00000000ebd00000)
  to   space 1024K, 0% used [0x00000000ebb00000,0x00000000ebb00000,0x00000000ebc00000)
 ParOldGen       total 68608K, used 40078K [0x00000000c0000000, 0x00000000c4300000, 0x00000000eab00000)
  object space 68608K, 58% used [0x00000000c0000000,0x00000000c2723890,0x00000000c4300000)
 Metaspace       used 59579K, committed 60800K, reserved 1114112K
  class space    used 7303K, committed 7872K, reserved 1048576K
}
Event: 6.033 GC heap before
{Heap before GC invocations=48 (full 3):
 PSYoungGen      total 16384K, used 16320K [0x00000000eab00000, 0x00000000ebd00000, 0x0000000100000000)
  eden space 15872K, 100% used [0x00000000eab00000,0x00000000eba80000,0x00000000eba80000)
  from space 512K, 87% used [0x00000000ebc80000,0x00000000ebcf0000,0x00000000ebd00000)
  to   space 1024K, 0% used [0x00000000ebb00000,0x00000000ebb00000,0x00000000ebc00000)
 ParOldGen       total 68608K, used 40078K [0x00000000c0000000, 0x00000000c4300000, 0x00000000eab00000)
  object space 68608K, 58% used [0x00000000c0000000,0x00000000c2723890,0x00000000c4300000)
 Metaspace       used 61291K, committed 62592K, reserved 1114112K
  class space    used 7575K, committed 8192K, reserved 1048576K
}
Event: 6.034 GC heap after
{Heap after GC invocations=48 (full 3):
 PSYoungGen      total 16896K, used 672K [0x00000000eab00000, 0x00000000ebd00000, 0x0000000100000000)
  eden space 15872K, 0% used [0x00000000eab00000,0x00000000eab00000,0x00000000eba80000)
  from space 1024K, 65% used [0x00000000ebb00000,0x00000000ebba8010,0x00000000ebc00000)
  to   space 1024K, 0% used [0x00000000ebc00000,0x00000000ebc00000,0x00000000ebd00000)
 ParOldGen       total 68608K, used 40357K [0x00000000c0000000, 0x00000000c4300000, 0x00000000eab00000)
  object space 68608K, 58% used [0x00000000c0000000,0x00000000c27695a0,0x00000000c4300000)
 Metaspace       used 61291K, committed 62592K, reserved 1114112K
  class space    used 7575K, committed 8192K, reserved 1048576K
}

Dll operation events (15 events):
Event: 0.008 Loaded shared library c:\Users\admin\.cursor\extensions\redhat.java-1.42.0-win32-x64\jre\21.0.7-win32-x86_64\bin\java.dll
Event: 0.053 Loaded shared library c:\Users\admin\.cursor\extensions\redhat.java-1.42.0-win32-x64\jre\21.0.7-win32-x86_64\bin\zip.dll
Event: 0.065 Loaded shared library C:\Users\admin\.cursor\extensions\redhat.java-1.42.0-win32-x64\jre\21.0.7-win32-x86_64\bin\instrument.dll
Event: 0.072 Loaded shared library C:\Users\admin\.cursor\extensions\redhat.java-1.42.0-win32-x64\jre\21.0.7-win32-x86_64\bin\net.dll
Event: 0.084 Loaded shared library C:\Users\admin\.cursor\extensions\redhat.java-1.42.0-win32-x64\jre\21.0.7-win32-x86_64\bin\nio.dll
Event: 0.087 Loaded shared library C:\Users\admin\.cursor\extensions\redhat.java-1.42.0-win32-x64\jre\21.0.7-win32-x86_64\bin\zip.dll
Event: 0.097 Loaded shared library C:\Users\admin\.cursor\extensions\redhat.java-1.42.0-win32-x64\jre\21.0.7-win32-x86_64\bin\jimage.dll
Event: 0.137 Loaded shared library c:\Users\admin\.cursor\extensions\redhat.java-1.42.0-win32-x64\jre\21.0.7-win32-x86_64\bin\verify.dll
Event: 0.685 Loaded shared library C:\Users\admin\AppData\Roaming\Cursor\User\globalStorage\redhat.java\1.42.0\config_win\org.eclipse.equinox.launcher\org.eclipse.equinox.launcher.win32.win32.x86_64_1.2.1300.v20250331-1702\eclipse_11911.dll
Event: 2.017 Loaded shared library C:\Users\admin\.cursor\extensions\redhat.java-1.42.0-win32-x64\jre\21.0.7-win32-x86_64\bin\management.dll
Event: 2.022 Loaded shared library C:\Users\admin\.cursor\extensions\redhat.java-1.42.0-win32-x64\jre\21.0.7-win32-x86_64\bin\management_ext.dll
Event: 2.223 Loaded shared library C:\Users\admin\AppData\Local\Temp\jna-92668751\jna30764802977071957.dll
Event: 4.045 Loaded shared library C:\Users\admin\.gradle\native\1def1411415f61bf3af743bc5b6707747c0891f09f0c88961ee8f79bc544acac\windows-amd64\native-platform.dll
Event: 5.901 Loaded shared library C:\Users\admin\.cursor\extensions\redhat.java-1.42.0-win32-x64\jre\21.0.7-win32-x86_64\bin\extnet.dll
Event: 7.353 Loaded shared library C:\Users\admin\.cursor\extensions\redhat.java-1.42.0-win32-x64\jre\21.0.7-win32-x86_64\bin\sunmscapi.dll

Deoptimization events (20 events):
Event: 7.360 Thread 0x00000291c25851e0 Uncommon trap: trap_request=0xffffff45 fr.pc=0x00000291ed145078 relative=0x00000000000008b8
Event: 7.360 Thread 0x00000291c25851e0 Uncommon trap: reason=unstable_if action=reinterpret pc=0x00000291ed145078 method=java.util.HashMap.computeIfAbsent(Ljava/lang/Object;Ljava/util/function/Function;)Ljava/lang/Object; @ 294 c2
Event: 7.360 Thread 0x00000291c25851e0 DEOPT PACKING pc=0x00000291ed145078 sp=0x000000b00637c010
Event: 7.360 Thread 0x00000291c25851e0 DEOPT UNPACKING pc=0x00000291ec993aa2 sp=0x000000b00637bfb8 mode 2
Event: 7.377 Thread 0x00000291c25851e0 Uncommon trap: trap_request=0xffffff45 fr.pc=0x00000291ed3f01c4 relative=0x0000000000000b84
Event: 7.377 Thread 0x00000291c25851e0 Uncommon trap: reason=unstable_if action=reinterpret pc=0x00000291ed3f01c4 method=sun.nio.fs.WindowsPath.openForReadAttributeAccess(Z)J @ 5 c2
Event: 7.377 Thread 0x00000291c25851e0 DEOPT PACKING pc=0x00000291ed3f01c4 sp=0x000000b00637db90
Event: 7.377 Thread 0x00000291c25851e0 DEOPT UNPACKING pc=0x00000291ec993aa2 sp=0x000000b00637db68 mode 2
Event: 7.377 Thread 0x00000291c25851e0 Uncommon trap: trap_request=0xffffff45 fr.pc=0x00000291ed3f4c08 relative=0x0000000000000a68
Event: 7.377 Thread 0x00000291c25851e0 Uncommon trap: reason=unstable_if action=reinterpret pc=0x00000291ed3f4c08 method=sun.nio.fs.WindowsNativeDispatcher.asNativeBuffer(Ljava/lang/String;)Lsun/nio/fs/NativeBuffer; @ 52 c2
Event: 7.377 Thread 0x00000291c25851e0 DEOPT PACKING pc=0x00000291ed3f4c08 sp=0x000000b00637db10
Event: 7.377 Thread 0x00000291c25851e0 DEOPT UNPACKING pc=0x00000291ec993aa2 sp=0x000000b00637d9b8 mode 2
Event: 7.377 Thread 0x00000291c25851e0 Uncommon trap: trap_request=0xffffff45 fr.pc=0x00000291ed3ee1b0 relative=0x0000000000000650
Event: 7.377 Thread 0x00000291c25851e0 Uncommon trap: reason=unstable_if action=reinterpret pc=0x00000291ed3ee1b0 method=sun.nio.fs.WindowsFileAttributes.isReparsePoint(I)Z @ 5 c2
Event: 7.377 Thread 0x00000291c25851e0 DEOPT PACKING pc=0x00000291ed3ee1b0 sp=0x000000b00637dbb0
Event: 7.377 Thread 0x00000291c25851e0 DEOPT UNPACKING pc=0x00000291ec993aa2 sp=0x000000b00637dad8 mode 2
Event: 7.377 Thread 0x00000291c25851e0 Uncommon trap: trap_request=0xffffff45 fr.pc=0x00000291ed3d8104 relative=0x00000000000001c4
Event: 7.377 Thread 0x00000291c25851e0 Uncommon trap: reason=unstable_if action=reinterpret pc=0x00000291ed3d8104 method=sun.nio.fs.NativeBuffers.getNativeBufferFromCache(I)Lsun/nio/fs/NativeBuffer; @ 34 c2
Event: 7.378 Thread 0x00000291c25851e0 DEOPT PACKING pc=0x00000291ed3d8104 sp=0x000000b00637dac0
Event: 7.378 Thread 0x00000291c25851e0 DEOPT UNPACKING pc=0x00000291ec993aa2 sp=0x000000b00637da48 mode 2

Classes loaded (20 events):
Event: 7.369 Loading class com/sun/security/sasl/Provider$1
Event: 7.369 Loading class com/sun/security/sasl/Provider$1 done
Event: 7.369 Loading class com/sun/security/sasl/Provider$ProviderService
Event: 7.369 Loading class com/sun/security/sasl/Provider$ProviderService done
Event: 7.369 Loading class sun/security/provider/certpath/ldap/JdkLDAP
Event: 7.370 Loading class sun/security/provider/certpath/ldap/JdkLDAP done
Event: 7.370 Loading class sun/security/provider/certpath/ldap/JdkLDAP$ProviderService
Event: 7.370 Loading class sun/security/provider/certpath/ldap/JdkLDAP$ProviderService done
Event: 7.372 Loading class sun/nio/ch/ServerSocketChannelImpl
Event: 7.373 Loading class sun/nio/ch/ServerSocketChannelImpl done
Event: 7.376 Loading class java/nio/BufferMismatch
Event: 7.376 Loading class java/nio/BufferMismatch done
Event: 7.376 Loading class sun/nio/ch/SourceChannelImpl
Event: 7.376 Loading class java/nio/channels/Pipe$SourceChannel
Event: 7.376 Loading class java/nio/channels/Pipe$SourceChannel done
Event: 7.376 Loading class sun/nio/ch/SourceChannelImpl done
Event: 7.376 Loading class sun/nio/ch/SinkChannelImpl
Event: 7.376 Loading class java/nio/channels/Pipe$SinkChannel
Event: 7.376 Loading class java/nio/channels/Pipe$SinkChannel done
Event: 7.376 Loading class sun/nio/ch/SinkChannelImpl done

Classes unloaded (7 events):
Event: 1.704 Thread 0x00000291f66d4860 Unloading class 0x00000291811a3c00 'java/lang/invoke/LambdaForm$MH+0x00000291811a3c00'
Event: 1.704 Thread 0x00000291f66d4860 Unloading class 0x00000291811a3800 'java/lang/invoke/LambdaForm$MH+0x00000291811a3800'
Event: 1.704 Thread 0x00000291f66d4860 Unloading class 0x00000291811a3400 'java/lang/invoke/LambdaForm$MH+0x00000291811a3400'
Event: 1.704 Thread 0x00000291f66d4860 Unloading class 0x00000291811a3000 'java/lang/invoke/LambdaForm$MH+0x00000291811a3000'
Event: 1.704 Thread 0x00000291f66d4860 Unloading class 0x00000291811a2c00 'java/lang/invoke/LambdaForm$BMH+0x00000291811a2c00'
Event: 1.704 Thread 0x00000291f66d4860 Unloading class 0x00000291811a2800 'java/lang/invoke/LambdaForm$DMH+0x00000291811a2800'
Event: 1.704 Thread 0x00000291f66d4860 Unloading class 0x00000291811a1400 'java/lang/invoke/LambdaForm$DMH+0x00000291811a1400'

Classes redefined (0 events):
No events

Internal exceptions (20 events):
Event: 5.952 Thread 0x00000291c25851e0 Exception <a 'java/lang/NoSuchMethodError'{0x00000000eafb81e0}: 'java.lang.Object java.lang.invoke.DirectMethodHandle$Holder.invokeStatic(java.lang.Object, java.lang.Object, java.lang.Object, java.lang.Object, java.lang.Object, java.lang.Object, java.lang.Object, java.lang.Object, java.lang.Object, java.lang.Object, java.lang.Object, java.lang.Object, java.lang.Object, java.lang.Object, java.lang.Object, java.lang.Object, java.lang.Object)'> (0x00000000eafb81e0) 
thrown [s\src\hotspot\share\interpreter\lin
Event: 5.953 Thread 0x00000291c25851e0 Exception <a 'java/lang/NoSuchMethodError'{0x00000000eafe56a8}: 'java.lang.Object java.lang.invoke.DirectMethodHandle$Holder.invokeStatic(java.lang.Object, java.lang.Object, java.lang.Object, java.lang.Object, java.lang.Object, java.lang.Object, java.lang.Object, java.lang.Object, java.lang.Object, java.lang.Object, java.lang.Object, java.lang.Object, java.lang.Object, java.lang.Object, java.lang.Object, java.lang.Object, java.lang.Object, java.lang.Object)'> (0x00000000eafe56a8) 
thrown [s\src\hotspot\sha
Event: 5.954 Thread 0x00000291c25851e0 Exception <a 'java/lang/NoSuchMethodError'{0x00000000eb0131b0}: 'java.lang.Object java.lang.invoke.DirectMethodHandle$Holder.invokeStatic(java.lang.Object, java.lang.Object, java.lang.Object, java.lang.Object, java.lang.Object, java.lang.Object, java.lang.Object, java.lang.Object, java.lang.Object, java.lang.Object, java.lang.Object, java.lang.Object, java.lang.Object, java.lang.Object, java.lang.Object, java.lang.Object, java.lang.Object, java.lang.Object, java.lang.Object)'> (0x00000000eb0131b0) 
thrown 
Event: 5.955 Thread 0x00000291c25851e0 Exception <a 'java/lang/NoSuchMethodError'{0x00000000eb043938}: 'java.lang.Object java.lang.invoke.DirectMethodHandle$Holder.invokeStatic(java.lang.Object, java.lang.Object, java.lang.Object, java.lang.Object, java.lang.Object, java.lang.Object, java.lang.Object, java.lang.Object, java.lang.Object, java.lang.Object, java.lang.Object, java.lang.Object, java.lang.Object, java.lang.Object, java.lang.Object, java.lang.Object, java.lang.Object, java.lang.Object, java.lang.Object, java.lang.Object)'> (0x00000000
Event: 5.956 Thread 0x00000291c25851e0 Exception <a 'java/lang/NoSuchMethodError'{0x00000000eb073db8}: 'java.lang.Object java.lang.invoke.DirectMethodHandle$Holder.invokeStatic(java.lang.Object, java.lang.Object, java.lang.Object, java.lang.Object, java.lang.Object, java.lang.Object, java.lang.Object, java.lang.Object, java.lang.Object, java.lang.Object, java.lang.Object, java.lang.Object, java.lang.Object, java.lang.Object, java.lang.Object, java.lang.Object, java.lang.Object, java.lang.Object, java.lang.Object, java.lang.Object, java.lang.Obj
Event: 5.957 Thread 0x00000291c25851e0 Exception <a 'java/lang/NoSuchMethodError'{0x00000000eb0a4980}: 'java.lang.Object java.lang.invoke.DirectMethodHandle$Holder.invokeStatic(java.lang.Object, java.lang.Object, java.lang.Object, java.lang.Object, java.lang.Object, java.lang.Object, java.lang.Object, java.lang.Object, java.lang.Object, java.lang.Object, java.lang.Object, java.lang.Object, java.lang.Object, java.lang.Object, java.lang.Object, java.lang.Object, java.lang.Object, java.lang.Object, java.lang.Object, java.lang.Object, java.lang.Obj
Event: 5.958 Thread 0x00000291c25851e0 Exception <a 'java/lang/NoSuchMethodError'{0x00000000eb0d6928}: 'java.lang.Object java.lang.invoke.DirectMethodHandle$Holder.invokeStatic(java.lang.Object, java.lang.Object, java.lang.Object, java.lang.Object, java.lang.Object, java.lang.Object, java.lang.Object, java.lang.Object, java.lang.Object, java.lang.Object, java.lang.Object, java.lang.Object, java.lang.Object, java.lang.Object, java.lang.Object, java.lang.Object, java.lang.Object, java.lang.Object, java.lang.Object, java.lang.Object, java.lang.Obj
Event: 5.959 Thread 0x00000291c25851e0 Exception <a 'java/lang/NoSuchMethodError'{0x00000000eb108e38}: 'java.lang.Object java.lang.invoke.DirectMethodHandle$Holder.invokeStatic(java.lang.Object, java.lang.Object, java.lang.Object, java.lang.Object, java.lang.Object, java.lang.Object, java.lang.Object, java.lang.Object, java.lang.Object, java.lang.Object, java.lang.Object, java.lang.Object, java.lang.Object, java.lang.Object, java.lang.Object, java.lang.Object, java.lang.Object, java.lang.Object, java.lang.Object, java.lang.Object, java.lang.Obj
Event: 5.959 Thread 0x00000291c25851e0 Exception <a 'java/lang/NoSuchMethodError'{0x00000000eb13d4f0}: 'java.lang.Object java.lang.invoke.DirectMethodHandle$Holder.invokeStatic(java.lang.Object, java.lang.Object, java.lang.Object, java.lang.Object, java.lang.Object, java.lang.Object, java.lang.Object, java.lang.Object, java.lang.Object, java.lang.Object, java.lang.Object, java.lang.Object, java.lang.Object, java.lang.Object, java.lang.Object, java.lang.Object, java.lang.Object, java.lang.Object, java.lang.Object, java.lang.Object, java.lang.Obj
Event: 5.961 Thread 0x00000291c25851e0 Exception <a 'java/lang/NoSuchMethodError'{0x00000000eb163378}: 'java.lang.Object java.lang.invoke.DirectMethodHandle$Holder.invokeSpecial(java.lang.Object, java.lang.Object, java.lang.Object, java.lang.Object, java.lang.Object, java.lang.Object, java.lang.Object, java.lang.Object, java.lang.Object, java.lang.Object, java.lang.Object, java.lang.Object, java.lang.Object, java.lang.Object, java.lang.Object, java.lang.Object, java.lang.Object, java.lang.Object, java.lang.Object, java.lang.Object, java.lang.Ob
Event: 5.961 Thread 0x00000291c25851e0 Exception <a 'java/lang/NoSuchMethodError'{0x00000000eb178b60}: 'java.lang.Object java.lang.invoke.DirectMethodHandle$Holder.newInvokeSpecial(java.lang.Object, java.lang.Object, java.lang.Object, java.lang.Object, java.lang.Object, java.lang.Object, java.lang.Object, java.lang.Object, java.lang.Object, java.lang.Object, java.lang.Object, java.lang.Object, java.lang.Object, java.lang.Object, java.lang.Object, java.lang.Object, java.lang.Object, java.lang.Object, java.lang.Object, java.lang.Object, java.lang
Event: 5.962 Thread 0x00000291c25851e0 Exception <a 'java/lang/NoSuchMethodError'{0x00000000eb17ed58}: 'java.lang.Object java.lang.invoke.Invokers$Holder.linkToTargetMethod(java.lang.Object, java.lang.Object, java.lang.Object, java.lang.Object, java.lang.Object, java.lang.Object, java.lang.Object, java.lang.Object, java.lang.Object, java.lang.Object, java.lang.Object, java.lang.Object, java.lang.Object, java.lang.Object, java.lang.Object, java.lang.Object, java.lang.Object, java.lang.Object, java.lang.Object, java.lang.Object, java.lang.Object,
Event: 5.962 Thread 0x00000291c25851e0 Exception <a 'java/lang/NoSuchMethodError'{0x00000000eb183f20}: 'java.lang.Object java.lang.invoke.DirectMethodHandle$Holder.invokeVirtual(java.lang.Object, java.lang.Object, java.lang.Object, java.lang.Object, java.lang.Object, java.lang.Object, java.lang.Object, java.lang.Object, java.lang.Object, java.lang.Object)'> (0x00000000eb183f20) 
thrown [s\src\hotspot\share\interpreter\linkResolver.cpp, line 773]
Event: 5.973 Thread 0x00000291c25851e0 Exception <a 'java/lang/NoSuchMethodError'{0x00000000eb31e0d0}: 'java.lang.Object java.lang.invoke.DirectMethodHandle$Holder.invokeVirtual(java.lang.Object, java.lang.Object, java.lang.Object, java.lang.Object, java.lang.Object, java.lang.Object, java.lang.Object, java.lang.Object, java.lang.Object)'> (0x00000000eb31e0d0) 
thrown [s\src\hotspot\share\interpreter\linkResolver.cpp, line 773]
Event: 5.987 Thread 0x00000291c25851e0 Exception <a 'java/lang/NoSuchMethodError'{0x00000000eb55b648}: 'java.lang.Object java.lang.invoke.DirectMethodHandle$Holder.invokeVirtual(java.lang.Object, java.lang.Object, java.lang.Object, java.lang.Object, java.lang.Object, java.lang.Object, java.lang.Object, java.lang.Object)'> (0x00000000eb55b648) 
thrown [s\src\hotspot\share\interpreter\linkResolver.cpp, line 773]
Event: 5.990 Thread 0x00000291c25851e0 Exception <a 'java/lang/NoSuchMethodError'{0x00000000eb5d2498}: 'long java.lang.invoke.DirectMethodHandle$Holder.invokeVirtual(java.lang.Object, java.lang.Object)'> (0x00000000eb5d2498) 
thrown [s\src\hotspot\share\interpreter\linkResolver.cpp, line 773]
Event: 5.991 Thread 0x00000291c25851e0 Exception <a 'java/lang/NoSuchMethodError'{0x00000000eb5d5898}: 'long java.lang.invoke.DelegatingMethodHandle$Holder.reinvoke_L(java.lang.Object, java.lang.Object)'> (0x00000000eb5d5898) 
thrown [s\src\hotspot\share\interpreter\linkResolver.cpp, line 773]
Event: 6.050 Thread 0x00000291c2584b50 Exception <a 'java/lang/NoSuchMethodError'{0x00000000eaca47d8}: 'void java.lang.invoke.DirectMethodHandle$Holder.invokeStatic(java.lang.Object, long)'> (0x00000000eaca47d8) 
thrown [s\src\hotspot\share\interpreter\linkResolver.cpp, line 773]
Event: 6.122 Thread 0x00000291c2584b50 Exception <a 'java/lang/NoSuchMethodError'{0x00000000eacc8648}: 'void java.lang.invoke.DirectMethodHandle$Holder.invokeSpecial(java.lang.Object, java.lang.Object, int)'> (0x00000000eacc8648) 
thrown [s\src\hotspot\share\interpreter\linkResolver.cpp, line 773]
Event: 6.122 Thread 0x00000291c2584b50 Exception <a 'java/lang/NoSuchMethodError'{0x00000000eaccda70}: 'java.lang.Object java.lang.invoke.DirectMethodHandle$Holder.newInvokeSpecial(java.lang.Object, java.lang.Object, int)'> (0x00000000eaccda70) 
thrown [s\src\hotspot\share\interpreter\linkResolver.cpp, line 773]

ZGC Phase Switch (0 events):
No events

VM Operations (20 events):
Event: 5.665 Executing VM operation: ParallelGCFailedAllocation (Allocation Failure)
Event: 5.665 Executing VM operation: ParallelGCFailedAllocation (Allocation Failure) done
Event: 5.724 Executing VM operation: ParallelGCFailedAllocation (Allocation Failure)
Event: 5.724 Executing VM operation: ParallelGCFailedAllocation (Allocation Failure) done
Event: 5.775 Executing VM operation: ParallelGCFailedAllocation (Allocation Failure)
Event: 5.776 Executing VM operation: ParallelGCFailedAllocation (Allocation Failure) done
Event: 5.831 Executing VM operation: ParallelGCFailedAllocation (Allocation Failure)
Event: 5.831 Executing VM operation: ParallelGCFailedAllocation (Allocation Failure) done
Event: 5.915 Executing VM operation: ParallelGCFailedAllocation (Allocation Failure)
Event: 5.916 Executing VM operation: ParallelGCFailedAllocation (Allocation Failure) done
Event: 5.976 Executing VM operation: HandshakeAllThreads (Deoptimize)
Event: 5.977 Executing VM operation: HandshakeAllThreads (Deoptimize) done
Event: 6.033 Executing VM operation: ParallelGCFailedAllocation (Allocation Failure)
Event: 6.034 Executing VM operation: ParallelGCFailedAllocation (Allocation Failure) done
Event: 6.217 Executing VM operation: HandshakeAllThreads (Deoptimize)
Event: 6.217 Executing VM operation: HandshakeAllThreads (Deoptimize) done
Event: 7.217 Executing VM operation: Cleanup
Event: 7.217 Executing VM operation: Cleanup done
Event: 7.356 Executing VM operation: HandshakeAllThreads (Deoptimize)
Event: 7.356 Executing VM operation: HandshakeAllThreads (Deoptimize) done

Memory protections (0 events):
No events

Nmethod flushes (20 events):
Event: 5.204 Thread 0x00000291f66d4860 flushing  nmethod 0x00000291e5e70490
Event: 5.204 Thread 0x00000291f66d4860 flushing  nmethod 0x00000291e5e79f90
Event: 5.204 Thread 0x00000291f66d4860 flushing  nmethod 0x00000291e5e8fc90
Event: 5.204 Thread 0x00000291f66d4860 flushing  nmethod 0x00000291e5ea0f90
Event: 5.204 Thread 0x00000291f66d4860 flushing  nmethod 0x00000291e5ea7790
Event: 5.204 Thread 0x00000291f66d4860 flushing  nmethod 0x00000291e5ec1690
Event: 5.204 Thread 0x00000291f66d4860 flushing  nmethod 0x00000291e5ec2090
Event: 5.204 Thread 0x00000291f66d4860 flushing  nmethod 0x00000291e5ec2510
Event: 5.204 Thread 0x00000291f66d4860 flushing  nmethod 0x00000291e5ec3e10
Event: 5.204 Thread 0x00000291f66d4860 flushing  nmethod 0x00000291e5ec4210
Event: 5.204 Thread 0x00000291f66d4860 flushing  nmethod 0x00000291e5ec4c10
Event: 5.204 Thread 0x00000291f66d4860 flushing  nmethod 0x00000291e5ec6c10
Event: 5.204 Thread 0x00000291f66d4860 flushing  nmethod 0x00000291e5ec8090
Event: 5.204 Thread 0x00000291f66d4860 flushing  nmethod 0x00000291e5ed2490
Event: 5.204 Thread 0x00000291f66d4860 flushing  nmethod 0x00000291e5ee4090
Event: 5.204 Thread 0x00000291f66d4860 flushing  nmethod 0x00000291e5eea310
Event: 5.204 Thread 0x00000291f66d4860 flushing  nmethod 0x00000291e5f31410
Event: 5.204 Thread 0x00000291f66d4860 flushing  nmethod 0x00000291e5f31a90
Event: 5.204 Thread 0x00000291f66d4860 flushing  nmethod 0x00000291e5f32a90
Event: 5.204 Thread 0x00000291f66d4860 flushing  nmethod 0x00000291e5f63310

Events (20 events):
Event: 4.796 Thread 0x00000291ff2bd850 Thread added: 0x00000291c25851e0
Event: 5.226 Thread 0x00000291f7aa0810 Thread exited: 0x00000291f7aa0810
Event: 5.676 Thread 0x00000291f7aa0140 Thread added: 0x00000291c1032c90
Event: 5.997 Thread 0x00000291c25851e0 Thread added: 0x00000291c2583e30
Event: 6.045 Thread 0x00000291c25851e0 Thread added: 0x00000291c2584b50
Event: 6.052 Thread 0x00000291c2584b50 Thread added: 0x00000291c1d9c830
Event: 6.052 Thread 0x00000291c2584b50 Thread added: 0x00000291c1d9cec0
Event: 6.138 Thread 0x00000291c1032c90 Thread exited: 0x00000291c1032c90
Event: 6.164 Thread 0x00000291c25851e0 Thread added: 0x00000291c1d9dbe0
Event: 6.169 Thread 0x00000291c1d9dbe0 Thread added: 0x00000291c1d9c1a0
Event: 6.169 Thread 0x00000291c1d9dbe0 Thread added: 0x00000291c1d9d550
Event: 6.169 Thread 0x00000291c1d9c1a0 Thread exited: 0x00000291c1d9c1a0
Event: 6.341 Thread 0x00000291f7aa0ee0 Thread exited: 0x00000291f7aa0ee0
Event: 6.576 Thread 0x00000291f7aa0140 Thread exited: 0x00000291f7aa0140
Event: 6.608 Thread 0x00000291ff2be570 Thread exited: 0x00000291ff2be570
Event: 7.336 Thread 0x00000291f7a9e600 Thread exited: 0x00000291f7a9e600
Event: 7.336 Thread 0x00000291f7a9ecd0 Thread exited: 0x00000291f7a9ecd0
Event: 7.338 Thread 0x00000291c1d9d550 Thread exited: 0x00000291c1d9d550
Event: 7.338 Thread 0x00000291c1d9dbe0 Thread exited: 0x00000291c1d9dbe0
Event: 7.367 Thread 0x00000291f7aa15b0 Thread added: 0x00000291c1032c90


Dynamic libraries:
0x00007ff7af130000 - 0x00007ff7af13e000 	c:\Users\admin\.cursor\extensions\redhat.java-1.42.0-win32-x64\jre\21.0.7-win32-x86_64\bin\java.exe
0x00007ff8f0da0000 - 0x00007ff8f1006000 	C:\WINDOWS\SYSTEM32\ntdll.dll
0x00007ff8eeec0000 - 0x00007ff8eef89000 	C:\WINDOWS\System32\KERNEL32.DLL
0x00007ff8ee410000 - 0x00007ff8ee7dc000 	C:\WINDOWS\System32\KERNELBASE.dll
0x00007ff8edfd0000 - 0x00007ff8ee11b000 	C:\WINDOWS\System32\ucrtbase.dll
0x00007ff8c60e0000 - 0x00007ff8c60fe000 	c:\Users\admin\.cursor\extensions\redhat.java-1.42.0-win32-x64\jre\21.0.7-win32-x86_64\bin\VCRUNTIME140.dll
0x00007ff8c6120000 - 0x00007ff8c6138000 	c:\Users\admin\.cursor\extensions\redhat.java-1.42.0-win32-x64\jre\21.0.7-win32-x86_64\bin\jli.dll
0x00007ff8f0aa0000 - 0x00007ff8f0c6a000 	C:\WINDOWS\System32\USER32.dll
0x00007ff8ee120000 - 0x00007ff8ee147000 	C:\WINDOWS\System32\win32u.dll
0x00007ff8f0440000 - 0x00007ff8f046b000 	C:\WINDOWS\System32\GDI32.dll
0x00007ff8ee2d0000 - 0x00007ff8ee402000 	C:\WINDOWS\System32\gdi32full.dll
0x00007ff8db710000 - 0x00007ff8db9aa000 	C:\WINDOWS\WinSxS\amd64_microsoft.windows.common-controls_6595b64144ccf1df_6.0.26100.3912_none_3e07963ce335137e\COMCTL32.dll
0x00007ff8eea20000 - 0x00007ff8eeac3000 	C:\WINDOWS\System32\msvcp_win.dll
0x00007ff8eeb60000 - 0x00007ff8eec09000 	C:\WINDOWS\System32\msvcrt.dll
0x00007ff8f0c70000 - 0x00007ff8f0ca0000 	C:\WINDOWS\System32\IMM32.DLL
0x00007ff8d6650000 - 0x00007ff8d665c000 	c:\Users\admin\.cursor\extensions\redhat.java-1.42.0-win32-x64\jre\21.0.7-win32-x86_64\bin\vcruntime140_1.dll
0x00007ff8b0720000 - 0x00007ff8b07ad000 	c:\Users\admin\.cursor\extensions\redhat.java-1.42.0-win32-x64\jre\21.0.7-win32-x86_64\bin\msvcp140.dll
0x00007ff846440000 - 0x00007ff8471d0000 	c:\Users\admin\.cursor\extensions\redhat.java-1.42.0-win32-x64\jre\21.0.7-win32-x86_64\bin\server\jvm.dll
0x00007ff8f0140000 - 0x00007ff8f01f2000 	C:\WINDOWS\System32\ADVAPI32.dll
0x00007ff8f0cb0000 - 0x00007ff8f0d56000 	C:\WINDOWS\System32\sechost.dll
0x00007ff8efb60000 - 0x00007ff8efc76000 	C:\WINDOWS\System32\RPCRT4.dll
0x00007ff8ef340000 - 0x00007ff8ef3b4000 	C:\WINDOWS\System32\WS2_32.dll
0x00007ff8ea6e0000 - 0x00007ff8ea6eb000 	C:\WINDOWS\SYSTEM32\VERSION.dll
0x00007ff8e4950000 - 0x00007ff8e4986000 	C:\WINDOWS\SYSTEM32\WINMM.dll
0x00007ff8edda0000 - 0x00007ff8eddfe000 	C:\WINDOWS\SYSTEM32\POWRPROF.dll
0x00007ff8edd80000 - 0x00007ff8edd94000 	C:\WINDOWS\SYSTEM32\UMPDC.dll
0x00007ff8eccf0000 - 0x00007ff8ecd0a000 	C:\WINDOWS\SYSTEM32\kernel.appcore.dll
0x00007ff8d5d00000 - 0x00007ff8d5d0a000 	c:\Users\admin\.cursor\extensions\redhat.java-1.42.0-win32-x64\jre\21.0.7-win32-x86_64\bin\jimage.dll
0x00007ff89bae0000 - 0x00007ff89bd21000 	C:\WINDOWS\SYSTEM32\DBGHELP.DLL
0x00007ff8eef90000 - 0x00007ff8ef314000 	C:\WINDOWS\System32\combase.dll
0x00007ff8f0050000 - 0x00007ff8f0130000 	C:\WINDOWS\System32\OLEAUT32.dll
0x00007ff8d7240000 - 0x00007ff8d7279000 	C:\WINDOWS\SYSTEM32\dbgcore.DLL
0x00007ff8edf30000 - 0x00007ff8edfc9000 	C:\WINDOWS\System32\bcryptPrimitives.dll
0x00007ff8d5f80000 - 0x00007ff8d5f8f000 	c:\Users\admin\.cursor\extensions\redhat.java-1.42.0-win32-x64\jre\21.0.7-win32-x86_64\bin\instrument.dll
0x00007ff8c7040000 - 0x00007ff8c705f000 	c:\Users\admin\.cursor\extensions\redhat.java-1.42.0-win32-x64\jre\21.0.7-win32-x86_64\bin\java.dll
0x00007ff8ef430000 - 0x00007ff8efb5d000 	C:\WINDOWS\System32\SHELL32.dll
0x00007ff8ee150000 - 0x00007ff8ee2c4000 	C:\WINDOWS\System32\wintypes.dll
0x00007ff8ebbe0000 - 0x00007ff8ec436000 	C:\WINDOWS\SYSTEM32\windows.storage.dll
0x00007ff8eedc0000 - 0x00007ff8eeeaf000 	C:\WINDOWS\System32\SHCORE.dll
0x00007ff8ef3c0000 - 0x00007ff8ef429000 	C:\WINDOWS\System32\shlwapi.dll
0x00007ff8ede10000 - 0x00007ff8ede3f000 	C:\WINDOWS\SYSTEM32\profapi.dll
0x00007ff8c7020000 - 0x00007ff8c7038000 	c:\Users\admin\.cursor\extensions\redhat.java-1.42.0-win32-x64\jre\21.0.7-win32-x86_64\bin\zip.dll
0x00007ff8d3a60000 - 0x00007ff8d3a70000 	C:\Users\admin\.cursor\extensions\redhat.java-1.42.0-win32-x64\jre\21.0.7-win32-x86_64\bin\net.dll
0x00007ff8e8a60000 - 0x00007ff8e8b7e000 	C:\WINDOWS\SYSTEM32\WINHTTP.dll
0x0000000180000000 - 0x000000018008c000 	C:\WINDOWS\system32\ASProxy64.dll
0x00007ff8efc80000 - 0x00007ff8efe1f000 	C:\WINDOWS\System32\ole32.dll
0x00007ff8ec730000 - 0x00007ff8ec763000 	C:\WINDOWS\SYSTEM32\IPHLPAPI.DLL
0x00007ff8ed260000 - 0x00007ff8ed2ca000 	C:\WINDOWS\SYSTEM32\MSWSOCK.dll
0x00007ff8ecf90000 - 0x00007ff8ecfd8000 	C:\WINDOWS\SYSTEM32\SspiCli.dll
0x00007ff8c7000000 - 0x00007ff8c7016000 	C:\Users\admin\.cursor\extensions\redhat.java-1.42.0-win32-x64\jre\21.0.7-win32-x86_64\bin\nio.dll
0x00007ff8d37b0000 - 0x00007ff8d37c0000 	c:\Users\admin\.cursor\extensions\redhat.java-1.42.0-win32-x64\jre\21.0.7-win32-x86_64\bin\verify.dll
0x00007ff8eb200000 - 0x00007ff8eb2af000 	C:\WINDOWS\system32\uxtheme.dll
0x00007ff8be340000 - 0x00007ff8be385000 	C:\Users\admin\AppData\Roaming\Cursor\User\globalStorage\redhat.java\1.42.0\config_win\org.eclipse.equinox.launcher\org.eclipse.equinox.launcher.win32.win32.x86_64_1.2.1300.v20250331-1702\eclipse_11911.dll
0x00007ff8ed510000 - 0x00007ff8ed52c000 	C:\WINDOWS\SYSTEM32\CRYPTSP.dll
0x00007ff8ecc50000 - 0x00007ff8ecc8a000 	C:\WINDOWS\system32\rsaenh.dll
0x00007ff8ed300000 - 0x00007ff8ed32b000 	C:\WINDOWS\SYSTEM32\USERENV.dll
0x00007ff8ede50000 - 0x00007ff8ede76000 	C:\WINDOWS\SYSTEM32\bcrypt.dll
0x00007ff8ed500000 - 0x00007ff8ed50c000 	C:\WINDOWS\SYSTEM32\CRYPTBASE.dll
0x00007ff8eedb0000 - 0x00007ff8eedba000 	C:\WINDOWS\System32\NSI.dll
0x00007ff8ddf50000 - 0x00007ff8ddf5a000 	C:\Users\admin\.cursor\extensions\redhat.java-1.42.0-win32-x64\jre\21.0.7-win32-x86_64\bin\management.dll
0x00007ff8ddf40000 - 0x00007ff8ddf4b000 	C:\Users\admin\.cursor\extensions\redhat.java-1.42.0-win32-x64\jre\21.0.7-win32-x86_64\bin\management_ext.dll
0x00007ff8f0040000 - 0x00007ff8f0048000 	C:\WINDOWS\System32\PSAPI.DLL
0x00007ff8b7cf0000 - 0x00007ff8b7d39000 	C:\Users\admin\AppData\Local\Temp\jna-92668751\jna30764802977071957.dll
0x00007ff8e86b0000 - 0x00007ff8e86cf000 	C:\WINDOWS\SYSTEM32\dhcpcsvc6.DLL
0x00007ff8e7810000 - 0x00007ff8e7835000 	C:\WINDOWS\SYSTEM32\dhcpcsvc.DLL
0x00007ff8c7080000 - 0x00007ff8c70a7000 	C:\Users\admin\.gradle\native\1def1411415f61bf3af743bc5b6707747c0891f09f0c88961ee8f79bc544acac\windows-amd64\native-platform.dll
0x00007ff8d3250000 - 0x00007ff8d3259000 	C:\Users\admin\.cursor\extensions\redhat.java-1.42.0-win32-x64\jre\21.0.7-win32-x86_64\bin\extnet.dll
0x00007ff8c5cb0000 - 0x00007ff8c5cbe000 	C:\Users\admin\.cursor\extensions\redhat.java-1.42.0-win32-x64\jre\21.0.7-win32-x86_64\bin\sunmscapi.dll
0x00007ff8ee7e0000 - 0x00007ff8ee957000 	C:\WINDOWS\System32\CRYPT32.dll
0x00007ff8ed710000 - 0x00007ff8ed740000 	C:\WINDOWS\SYSTEM32\ncrypt.dll
0x00007ff8ed6c0000 - 0x00007ff8ed6ff000 	C:\WINDOWS\SYSTEM32\NTASN1.dll
0x00007ff8c3dd0000 - 0x00007ff8c3dd8000 	C:\WINDOWS\system32\wshunix.dll

dbghelp: loaded successfully - version: 4.0.5 - missing functions: none
symbol engine: initialized successfully - sym options: 0x614 - pdb path: .;c:\Users\admin\.cursor\extensions\redhat.java-1.42.0-win32-x64\jre\21.0.7-win32-x86_64\bin;C:\WINDOWS\SYSTEM32;C:\WINDOWS\WinSxS\amd64_microsoft.windows.common-controls_6595b64144ccf1df_6.0.26100.3912_none_3e07963ce335137e;c:\Users\admin\.cursor\extensions\redhat.java-1.42.0-win32-x64\jre\21.0.7-win32-x86_64\bin\server;C:\Users\admin\AppData\Roaming\Cursor\User\globalStorage\redhat.java\1.42.0\config_win\org.eclipse.equinox.launcher\org.eclipse.equinox.launcher.win32.win32.x86_64_1.2.1300.v20250331-1702;C:\Users\admin\AppData\Local\Temp\jna-92668751;C:\Users\admin\.gradle\native\1def1411415f61bf3af743bc5b6707747c0891f09f0c88961ee8f79bc544acac\windows-amd64

VM Arguments:
jvm_args: --add-modules=ALL-SYSTEM --add-opens=java.base/java.util=ALL-UNNAMED --add-opens=java.base/java.lang=ALL-UNNAMED --add-opens=java.base/sun.nio.fs=ALL-UNNAMED -Declipse.application=org.eclipse.jdt.ls.core.id1 -Dosgi.bundles.defaultStartLevel=4 -Declipse.product=org.eclipse.jdt.ls.core.product -Djava.import.generatesMetadataFilesAtProjectRoot=false -DDetectVMInstallationsJob.disabled=true -Dfile.encoding=utf8 -XX:+UseParallelGC -XX:GCTimeRatio=4 -XX:AdaptiveSizePolicyWeight=90 -Dsun.zip.disableMemoryMapping=true -Xmx1G -Xms100m -Xlog:disable -javaagent:c:\Users\admin\.cursor\extensions\redhat.java-1.42.0-win32-x64\lombok\lombok-1.18.36.jar -XX:+HeapDumpOnOutOfMemoryError -XX:HeapDumpPath=c:\Users\admin\AppData\Roaming\Cursor\User\workspaceStorage\0426a641ec518546e312a5bf184515bb\redhat.java -Daether.dependencyCollector.impl=bf 
java_command: c:\Users\admin\.cursor\extensions\redhat.java-1.42.0-win32-x64\server\plugins\org.eclipse.equinox.launcher_1.7.0.v20250424-1814.jar -configuration c:\Users\admin\AppData\Roaming\Cursor\User\globalStorage\redhat.java\1.42.0\config_win -data c:\Users\admin\AppData\Roaming\Cursor\User\workspaceStorage\0426a641ec518546e312a5bf184515bb\redhat.java\jdt_ws --pipe=\\.\pipe\lsp-05c26e77c7cd3e7cf1950c7e589e5b73-sock
java_class_path (initial): c:\Users\admin\.cursor\extensions\redhat.java-1.42.0-win32-x64\server\plugins\org.eclipse.equinox.launcher_1.7.0.v20250424-1814.jar
Launcher Type: SUN_STANDARD

[Global flags]
    uintx AdaptiveSizePolicyWeight                 = 90                                        {product} {command line}
     intx CICompilerCount                          = 12                                        {product} {ergonomic}
    uintx GCTimeRatio                              = 4                                         {product} {command line}
     bool HeapDumpOnOutOfMemoryError               = true                                   {manageable} {command line}
    ccstr HeapDumpPath                             = c:\Users\admin\AppData\Roaming\Cursor\User\workspaceStorage\0426a641ec518546e312a5bf184515bb\redhat.java         {manageable} {command line}
   size_t InitialHeapSize                          = 104857600                                 {product} {command line}
   size_t MaxHeapSize                              = 1073741824                                {product} {command line}
   size_t MaxNewSize                               = 357564416                                 {product} {ergonomic}
   size_t MinHeapDeltaBytes                        = 524288                                    {product} {ergonomic}
   size_t MinHeapSize                              = 104857600                                 {product} {command line}
   size_t NewSize                                  = 34603008                                  {product} {ergonomic}
    uintx NonNMethodCodeHeapSize                   = 7602480                                {pd product} {ergonomic}
    uintx NonProfiledCodeHeapSize                  = 122027880                              {pd product} {ergonomic}
   size_t OldSize                                  = 70254592                                  {product} {ergonomic}
    uintx ProfiledCodeHeapSize                     = 122027880                              {pd product} {ergonomic}
    uintx ReservedCodeCacheSize                    = 251658240                              {pd product} {ergonomic}
     bool SegmentedCodeCache                       = true                                      {product} {ergonomic}
   size_t SoftMaxHeapSize                          = 1073741824                             {manageable} {ergonomic}
     bool UseCompressedOops                        = true                           {product lp64_product} {ergonomic}
     bool UseLargePagesIndividualAllocation        = false                                  {pd product} {ergonomic}
     bool UseParallelGC                            = true                                      {product} {command line}

Logging:
Log output configuration:
 #0: stdout all=off uptime,level,tags foldmultilines=false
 #1: stderr all=off uptime,level,tags foldmultilines=false

Environment Variables:
JAVA_HOME=C:\Program Files\OpenLogic\jdk-17.0.15.6-hotspot
PATH=C:\Program Files\Common Files\Oracle\Java\javapath;C:\Program Files\OpenLogic\jdk-17.0.15.6-hotspot\bin;C:\WINDOWS\system32;C:\WINDOWS;C:\WINDOWS\System32\Wbem;C:\WINDOWS\System32\WindowsPowerShell\v1.0\;C:\WINDOWS\System32\OpenSSH\;C:\Program Files\dotnet\;C:\Program Files\Microsoft SQL Server\130\Tools\Binn\;C:\Program Files\Git\cmd;C:\Users\admin\AppData\Roaming\nvm;C:\Program Files\nodejs;C:\Program Files\Microsoft SQL Server\150\Tools\Binn\;C:\Users\admin\AppData\Local\Microsoft\WindowsApps;C:\Users\admin\AppData\Roaming\npm;C:\Users\admin\AppData\Local\Programs\Microsoft VS Code\bin;C:\Users\admin\AppData\Roaming\nvm;C:\Program Files\nodejs;C:\Users\admin\AppData\Local\Android\Sdk\platform-tools;C:\Users\admin\AppData\Local\Programs\cursor\resources\app\bin;C:\;C:\Users\admin\.dotnet\tools
USERNAME=admin
OS=Windows_NT
PROCESSOR_IDENTIFIER=Intel64 Family 6 Model 165 Stepping 5, GenuineIntel
TMP=C:\Users\admin\AppData\Local\Temp
TEMP=C:\Users\admin\AppData\Local\Temp




Periodic native trim disabled

---------------  S Y S T E M  ---------------

OS:
 Windows 11 , 64 bit Build 26100 (10.0.26100.3912)
OS uptime: 1 days 0:53 hours

CPU: total 16 (initial active 16) (8 cores per cpu, 2 threads per core) family 6 model 165 stepping 5 microcode 0xec, cx8, cmov, fxsr, ht, mmx, 3dnowpref, sse, sse2, sse3, ssse3, sse4.1, sse4.2, popcnt, lzcnt, tsc, tscinvbit, avx, avx2, aes, erms, clmul, bmi1, bmi2, adx, fma, vzeroupper, clflush, clflushopt, rdtscp, f16c, pku
Processor Information for processor 0
  Max Mhz: 2901, Current Mhz: 2901, Mhz Limit: 2901
Processor Information for processor 1
  Max Mhz: 2901, Current Mhz: 2901, Mhz Limit: 2901
Processor Information for processor 2
  Max Mhz: 2901, Current Mhz: 2901, Mhz Limit: 2901
Processor Information for processor 3
  Max Mhz: 2901, Current Mhz: 2901, Mhz Limit: 2901
Processor Information for processor 4
  Max Mhz: 2901, Current Mhz: 2901, Mhz Limit: 2901
Processor Information for processor 5
  Max Mhz: 2901, Current Mhz: 2901, Mhz Limit: 2901
Processor Information for processor 6
  Max Mhz: 2901, Current Mhz: 2901, Mhz Limit: 2901
Processor Information for processor 7
  Max Mhz: 2901, Current Mhz: 2901, Mhz Limit: 2901
Processor Information for processor 8
  Max Mhz: 2901, Current Mhz: 2901, Mhz Limit: 2901
Processor Information for processor 9
  Max Mhz: 2901, Current Mhz: 2901, Mhz Limit: 2901
Processor Information for processor 10
  Max Mhz: 2901, Current Mhz: 2901, Mhz Limit: 2901
Processor Information for processor 11
  Max Mhz: 2901, Current Mhz: 1800, Mhz Limit: 2901
Processor Information for processor 12
  Max Mhz: 2901, Current Mhz: 2901, Mhz Limit: 2901
Processor Information for processor 13
  Max Mhz: 2901, Current Mhz: 2901, Mhz Limit: 2901
Processor Information for processor 14
  Max Mhz: 2901, Current Mhz: 2901, Mhz Limit: 2901
Processor Information for processor 15
  Max Mhz: 2901, Current Mhz: 2901, Mhz Limit: 2901

Memory: 4k page, system-wide physical 16096M (3266M free)
TotalPageFile size 34528M (AvailPageFile size 4057M)
current process WorkingSet (physical memory assigned to process): 289M, peak: 293M
current process commit charge ("private bytes"): 370M, peak: 382M

vm_info: OpenJDK 64-Bit Server VM (21.0.7+6-LTS) for windows-amd64 JRE (21.0.7+6-LTS), built on 2025-04-15T00:00:00Z by "admin" with MS VC++ 17.7 (VS2022)

END.
