#
# A fatal error has been detected by the Java Runtime Environment:
#
#  EXCEPTION_ACCESS_VIOLATION (0xc0000005) at pc=0x000000018000c274, pid=23760, tid=16484
#
# JRE version: OpenJDK Runtime Environment Temurin-21.0.7+6 (21.0.7+6) (build 21.0.7+6-LTS)
# Java VM: OpenJDK 64-Bit Server VM Temurin-21.0.7+6 (21.0.7+6-LTS, mixed mode, sharing, tiered, compressed oops, compressed class ptrs, parallel gc, windows-amd64)
# Problematic frame:
# C  [ASProxy64.dll+0xc274]
#
# No core dump will be written. Minidumps are not enabled by default on client versions of Windows
#
# If you would like to submit a bug report, please visit:
#   https://github.com/adoptium/adoptium-support/issues
# The crash happened outside the Java Virtual Machine in native code.
# See problematic frame for where to report the bug.
#

---------------  S U M M A R Y ------------

Command Line: --add-modules=ALL-SYSTEM --add-opens=java.base/java.util=ALL-UNNAMED --add-opens=java.base/java.lang=ALL-UNNAMED --add-opens=java.base/sun.nio.fs=ALL-UNNAMED -Declipse.application=org.eclipse.jdt.ls.core.id1 -Dosgi.bundles.defaultStartLevel=4 -Declipse.product=org.eclipse.jdt.ls.core.product -Djava.import.generatesMetadataFilesAtProjectRoot=false -DDetectVMInstallationsJob.disabled=true -Dfile.encoding=utf8 -XX:+UseParallelGC -XX:GCTimeRatio=4 -XX:AdaptiveSizePolicyWeight=90 -Dsun.zip.disableMemoryMapping=true -Xmx1G -Xms100m -Xlog:disable -javaagent:c:\Users\admin\.cursor\extensions\redhat.java-1.42.0-win32-x64\lombok\lombok-1.18.36.jar -XX:+HeapDumpOnOutOfMemoryError -XX:HeapDumpPath=c:\Users\admin\AppData\Roaming\Cursor\User\workspaceStorage\0426a641ec518546e312a5bf184515bb\redhat.java -Daether.dependencyCollector.impl=bf c:\Users\admin\.cursor\extensions\redhat.java-1.42.0-win32-x64\server\plugins\org.eclipse.equinox.launcher_1.7.0.v20250424-1814.jar -configuration c:\Users\admin\AppData\Roaming\Cursor\User\globalStorage\redhat.java\1.42.0\config_win -data c:\Users\admin\AppData\Roaming\Cursor\User\workspaceStorage\0426a641ec518546e312a5bf184515bb\redhat.java\jdt_ws --pipe=\\.\pipe\lsp-ac3fe74c8f8585e6f2ca921b72170fca-sock

Host: Intel(R) Core(TM) i7-10700 CPU @ 2.90GHz, 16 cores, 15G,  Windows 11 , 64 bit Build 26100 (10.0.26100.3912)
Time: Wed May 21 21:29:21 2025 Eastern Daylight Time elapsed time: 89.653417 seconds (0d 0h 1m 29s)

---------------  T H R E A D  ---------------

Current thread (0x0000024ff52a2470):  JavaThread "Connection worker"        [_thread_in_native, id=16484, stack(0x0000005bda180000,0x0000005bda280000) (1024K)]

Stack: [0x0000005bda180000,0x0000005bda280000],  sp=0x0000005bda27e030,  free space=1016k
Native frames: (J=compiled Java code, j=interpreted, Vv=VM code, C=native code)
C  [ASProxy64.dll+0xc274]

Java frames: (J=compiled Java code, j=interpreted, Vv=VM code)
j  sun.nio.ch.WEPoll.ctl(JIJI)I+0 java.base@21.0.7
j  sun.nio.ch.WEPollSelectorImpl.<init>(Ljava/nio/channels/spi/SelectorProvider;)V+139 java.base@21.0.7
j  sun.nio.ch.WEPollSelectorProvider.openSelector()Ljava/nio/channels/spi/AbstractSelector;+5 java.base@21.0.7
j  java.nio.channels.Selector.open()Ljava/nio/channels/Selector;+3 java.base@21.0.7
j  org.gradle.internal.remote.internal.inet.SocketConnection$SocketInputStream.<init>(Ljava/nio/channels/SocketChannel;)V+17
j  org.gradle.internal.remote.internal.inet.SocketConnection.<init>(Ljava/nio/channels/SocketChannel;Lorg/gradle/internal/remote/internal/MessageSerializer;Lorg/gradle/internal/serialize/StatefulSerializer;)V+27
j  org.gradle.internal.remote.internal.inet.SocketConnectCompletion.create(Lorg/gradle/internal/serialize/StatefulSerializer;)Lorg/gradle/internal/remote/internal/RemoteConnection;+16
j  org.gradle.launcher.daemon.client.DefaultDaemonConnector.connectToDaemon(Lorg/gradle/launcher/daemon/context/DaemonConnectDetails;Lorg/gradle/launcher/daemon/client/DaemonClientConnection$StaleAddressDetector;)Lorg/gradle/launcher/daemon/client/DaemonClientConnection;+45
j  org.gradle.launcher.daemon.client.DefaultDaemonConnector.connectToDaemonWithId(Lorg/gradle/launcher/daemon/diagnostics/DaemonStartupInfo;Lorg/gradle/api/internal/specs/ExplainingSpec;)Lorg/gradle/launcher/daemon/client/DaemonClientConnection;+116
j  org.gradle.launcher.daemon.client.DefaultDaemonConnector.doStartDaemon(Lorg/gradle/api/internal/specs/ExplainingSpec;Z)Lorg/gradle/launcher/daemon/client/DaemonClientConnection;+61
j  org.gradle.launcher.daemon.client.DefaultDaemonConnector.startDaemon(Lorg/gradle/api/internal/specs/ExplainingSpec;)Lorg/gradle/launcher/daemon/client/DaemonClientConnection;+3
j  org.gradle.launcher.daemon.client.DaemonClient.execute(Lorg/gradle/internal/invocation/BuildAction;Lorg/gradle/launcher/exec/BuildActionParameters;Lorg/gradle/internal/daemon/client/execution/ClientBuildRequestContext;)Lorg/gradle/launcher/exec/BuildActionResult;+201
j  org.gradle.launcher.daemon.client.DaemonClient.execute(Lorg/gradle/internal/invocation/BuildAction;Ljava/lang/Object;Ljava/lang/Object;)Lorg/gradle/launcher/exec/BuildActionResult;+10
j  org.gradle.tooling.internal.provider.DaemonBuildActionExecuter.execute(Lorg/gradle/internal/invocation/BuildAction;Lorg/gradle/tooling/internal/provider/ConnectionOperationParameters;Lorg/gradle/internal/daemon/client/execution/ClientBuildRequestContext;)Lorg/gradle/launcher/exec/BuildActionResult;+72
j  org.gradle.tooling.internal.provider.DaemonBuildActionExecuter.execute(Lorg/gradle/internal/invocation/BuildAction;Ljava/lang/Object;Ljava/lang/Object;)Lorg/gradle/launcher/exec/BuildActionResult;+10
j  org.gradle.tooling.internal.provider.LoggingBridgingBuildActionExecuter.execute(Lorg/gradle/internal/invocation/BuildAction;Lorg/gradle/tooling/internal/provider/ConnectionOperationParameters;Lorg/gradle/internal/daemon/client/execution/ClientBuildRequestContext;)Lorg/gradle/launcher/exec/BuildActionResult;+77
j  org.gradle.tooling.internal.provider.LoggingBridgingBuildActionExecuter.execute(Lorg/gradle/internal/invocation/BuildAction;Ljava/lang/Object;Ljava/lang/Object;)Lorg/gradle/launcher/exec/BuildActionResult;+10
j  org.gradle.tooling.internal.provider.ProviderConnection.run(Lorg/gradle/internal/invocation/BuildAction;Lorg/gradle/initialization/BuildCancellationToken;Lorg/gradle/tooling/internal/provider/ProviderConnection$ProgressListenerConfiguration;Lorg/gradle/initialization/BuildEventConsumer;Lorg/gradle/tooling/internal/provider/connection/ProviderOperationParameters;Lorg/gradle/tooling/internal/provider/ProviderConnection$Parameters;)Ljava/lang/Object;+79
j  org.gradle.tooling.internal.provider.ProviderConnection.runPhasedAction(Lorg/gradle/tooling/internal/protocol/InternalPhasedAction;Lorg/gradle/tooling/internal/protocol/PhasedActionResultListener;Lorg/gradle/initialization/BuildCancellationToken;Lorg/gradle/tooling/internal/provider/connection/ProviderOperationParameters;)Ljava/lang/Object;+132
j  org.gradle.tooling.internal.provider.DefaultConnection.run(Lorg/gradle/tooling/internal/protocol/InternalPhasedAction;Lorg/gradle/tooling/internal/protocol/PhasedActionResultListener;Lorg/gradle/tooling/internal/protocol/InternalCancellationToken;Lorg/gradle/tooling/internal/protocol/BuildParameters;)Lorg/gradle/tooling/internal/protocol/BuildResult;+28
j  org.gradle.tooling.internal.consumer.connection.PhasedActionAwareConsumerConnection.run(Lorg/gradle/tooling/internal/consumer/PhasedBuildAction;Lorg/gradle/tooling/internal/consumer/parameters/ConsumerOperationParameters;)V+66
j  org.gradle.tooling.internal.consumer.connection.ParameterValidatingConsumerConnection.run(Lorg/gradle/tooling/internal/consumer/PhasedBuildAction;Lorg/gradle/tooling/internal/consumer/parameters/ConsumerOperationParameters;)V+11
j  org.gradle.tooling.internal.consumer.DefaultPhasedBuildActionExecuter$1.run(Lorg/gradle/tooling/internal/consumer/connection/ConsumerConnection;)Ljava/lang/Void;+12
j  org.gradle.tooling.internal.consumer.DefaultPhasedBuildActionExecuter$1.run(Lorg/gradle/tooling/internal/consumer/connection/ConsumerConnection;)Ljava/lang/Object;+2
j  org.gradle.tooling.internal.consumer.connection.LazyConsumerActionExecutor.run(Lorg/gradle/tooling/internal/consumer/connection/ConsumerAction;)Ljava/lang/Object;+34
j  org.gradle.tooling.internal.consumer.connection.CancellableConsumerActionExecutor.run(Lorg/gradle/tooling/internal/consumer/connection/ConsumerAction;)Ljava/lang/Object;+34
j  org.gradle.tooling.internal.consumer.connection.ProgressLoggingConsumerActionExecutor.run(Lorg/gradle/tooling/internal/consumer/connection/ConsumerAction;)Ljava/lang/Object;+78
j  org.gradle.tooling.internal.consumer.connection.RethrowingErrorsConsumerActionExecutor.run(Lorg/gradle/tooling/internal/consumer/connection/ConsumerAction;)Ljava/lang/Object;+5
j  org.gradle.tooling.internal.consumer.async.DefaultAsyncConsumerActionExecutor$1$1.run()V+17
j  org.gradle.internal.concurrent.ExecutorPolicy$CatchAndRecordFailures.onExecute(Ljava/lang/Runnable;)V+1
j  org.gradle.internal.concurrent.AbstractManagedExecutor$1.run()V+25
j  java.util.concurrent.ThreadPoolExecutor.runWorker(Ljava/util/concurrent/ThreadPoolExecutor$Worker;)V+92 java.base@21.0.7
j  java.util.concurrent.ThreadPoolExecutor$Worker.run()V+5 java.base@21.0.7
j  java.lang.Thread.runWith(Ljava/lang/Object;Ljava/lang/Runnable;)V+5 java.base@21.0.7
j  java.lang.Thread.run()V+19 java.base@21.0.7
v  ~StubRoutines::call_stub 0x0000024fe1b2100d

siginfo: EXCEPTION_ACCESS_VIOLATION (0xc0000005), reading address 0x0000000000000860


Registers:
RAX=0x0000000000000000, RBX=0x0000024ff7fa3718, RCX=0x000000000000137c, RDX=0x0000000000000002
RSP=0x0000005bda27e030, RBP=0x0000000000000860, RSI=0x0000024ff6ce5ac0, RDI=0x0000000000000860
R8 =0x7ffffffffffffffc, R9 =0x0000000000000001, R10=0x000000000000137c, R11=0x0000024fd74dcf78
R12=0x0000005bda27e270, R13=0x00000000000007f4, R14=0x0000024ff6ce5a90, R15=0x00000000000007f4
RIP=0x000000018000c274, EFLAGS=0x0000000000010246

XMM[0]=0x0000000000000000 0x0000000000000000
XMM[1]=0x0000000000000000 0x0000000000000000
XMM[2]=0x0000000000000000 0x0000000000000000
XMM[3]=0x0000000000000000 0x0000000000000000
XMM[4]=0x0000000000000000 0x0000000000000000
XMM[5]=0x0000000000000000 0x0000000000000000
XMM[6]=0x7ab071eb4b959dd2 0xd355ec8de98932fa
XMM[7]=0x2432d13931309301 0x2326791b7fea11cd
XMM[8]=0x0000000000000000 0x36d67e127d4189df
XMM[9]=0xeaa44a2bf02a36f8 0xc776e60610a911c7
XMM[10]=0xffffffffffffffff 0x0b0a090803020100
XMM[11]=0xf3a63c694ac0ea8c 0x0000000000000000
XMM[12]=0x0b0a090803020100 0xffffffffffffffff
XMM[13]=0x0c0d0e0f08090a0b 0x0405060700010203
XMM[14]=0x0000000000000000 0x00000000f035adbc
XMM[15]=0x0000000000000000 0x00000000eb1a1860
  MXCSR=0x00001fa0


Register to memory mapping:

RAX=0x0 is null
RBX=0x0000024ff7fa3718 points into unknown readable memory: 0x0000000000000000 | 00 00 00 00 00 00 00 00
RCX=0x000000000000137c is an unknown value
RDX=0x0000000000000002 is an unknown value
RSP=0x0000005bda27e030 is pointing into the stack for thread: 0x0000024ff52a2470
RBP=0x0000000000000860 is an unknown value
RSI=0x0000024ff6ce5ac0 points into unknown readable memory: 0x0000024ff6ce5ac0 | c0 5a ce f6 4f 02 00 00
RDI=0x0000000000000860 is an unknown value
R8 =0x7ffffffffffffffc is an unknown value
R9 =0x0000000000000001 is an unknown value
R10=0x000000000000137c is an unknown value
R11=0x0000024fd74dcf78 points into unknown readable memory: 0x00000000000007d0 | d0 07 00 00 00 00 00 00
R12=0x0000005bda27e270 is pointing into the stack for thread: 0x0000024ff52a2470
R13=0x00000000000007f4 is an unknown value
R14=0x0000024ff6ce5a90 points into unknown readable memory: 0x0000000000000860 | 60 08 00 00 00 00 00 00
R15=0x00000000000007f4 is an unknown value

Top of Stack: (sp=0x0000005bda27e030)
0x0000005bda27e030:   0000000000000000 0000000000000000
0x0000005bda27e040:   0000000000000860 000000018001f4c2
0x0000005bda27e050:   0000000180065ec8 0000000000002736
0x0000005bda27e060:   0000000000000000 000000000000137c
0x0000005bda27e070:   0000000000000860 000000018000c506
0x0000005bda27e080:   0000024ff7fa3718 0000000000002736
0x0000005bda27e090:   0000000000000000 0000024f00000008
0x0000005bda27e0a0:   0000005b0000001e 0000000000000000
0x0000005bda27e0b0:   0000000000000860 0000000000000000
0x0000005bda27e0c0:   0000000000000001 0000000000000000
0x0000005bda27e0d0:   0000000000000860 00007ffd38e177e6
0x0000005bda27e0e0:   000000000000137c 0000000000000802
0x0000005bda27e0f0:   0000024ff6ce5ac0 0000005bda27e240
0x0000005bda27e100:   0000000000000000 0000024f00000000
0x0000005bda27e110:   0000000000000003 0000024f00000001
0x0000005bda27e120:   0000000000000000 0000000000000000
0x0000005bda27e130:   00007ffd00000000 00007ffd54a40139
0x0000005bda27e140:   000000000000137c 0000000000000000
0x0000005bda27e150:   0000000000000000 0000309d65b211be
0x0000005bda27e160:   0000024ff7fa3700 00007ffd38e182af
0x0000005bda27e170:   0000000000000028 00007ffcbefb2cac
0x0000005bda27e180:   0000024ff7fa3708 0000024fd75046f0
0x0000005bda27e190:   0000024ff6ce5a90 00007ffd38e18359
0x0000005bda27e1a0:   0000024ff6ce5ac0 0000005bda27e270
0x0000005bda27e1b0:   0000024ff6ce5ac0 0000024ff6ce5a90
0x0000005bda27e1c0:   0000024ff52a2470 0000005bda27e270
0x0000005bda27e1d0:   0000024ff23b64e8 0000000000000000
0x0000005bda27e1e0:   0000024ff6ce5a90 00007ffd38e18787
0x0000005bda27e1f0:   0000000000000000 0000005bda27e270
0x0000005bda27e200:   00000000000007f4 0000024ff52a2470
0x0000005bda27e210:   0000000000000001 00007ffd38e17a75
0x0000005bda27e220:   0000000000000860 0000005bda27e270 

Instructions: (pc=0x000000018000c274)
0x000000018000c174:   70 48 8b 6c 24 78 32 c0 48 83 c4 50 41 5c c3 cc
0x000000018000c184:   cc cc cc cc cc cc cc cc cc cc cc cc 48 85 c9 74
0x000000018000c194:   23 8b 05 ad ff 06 00 89 01 8b 05 a9 ff 06 00 89
0x000000018000c1a4:   41 04 8b 05 a4 ff 06 00 89 41 08 8b 05 9f ff 06
0x000000018000c1b4:   00 89 41 0c f3 c3 cc cc cc cc cc cc c6 01 01 c7
0x000000018000c1c4:   02 01 00 00 00 c3 cc cc cc cc cc cc 48 89 5c 24
0x000000018000c1d4:   08 57 48 83 ec 70 48 8b fa 8b d9 48 8d 15 82 73
0x000000018000c1e4:   05 00 48 8d 4c 24 20 45 33 c0 48 c7 44 24 40 0f
0x000000018000c1f4:   00 00 00 48 c7 44 24 38 00 00 00 00 c6 44 24 28
0x000000018000c204:   00 e8 d6 6b ff ff 4c 8d 4c 24 20 48 8d 4c 24 48
0x000000018000c214:   41 b0 01 8b d3 e8 52 06 02 00 48 83 78 20 10 72
0x000000018000c224:   06 48 8b 48 08 eb 05 48 8d 48 08 90 0f b6 01 48
0x000000018000c234:   ff c7 48 ff c1 88 47 ff 84 c0 75 f0 48 83 7c 24
0x000000018000c244:   68 10 72 0a 48 8b 4c 24 50 e8 52 94 03 00 48 8b
0x000000018000c254:   9c 24 80 00 00 00 48 83 c4 70 5f c3 48 83 ec 48
0x000000018000c264:   0f b6 c2 0f 57 c0 0f 11 44 24 ff 25 00 00 00 00
0x000000018000c274:   ae 7e bb 54 fd 7f 00 00 8b 44 24 04 0f af 04 24
0x000000018000c284:   89 04 24 8b 44 24 04 0f af 04 24 83 c0 01 89 04
0x000000018000c294:   24 8b 44 24 04 0f af 04 24 83 c0 02 89 04 24 8b
0x000000018000c2a4:   44 24 04 0f af 04 24 83 c0 03 89 04 24 8b 44 24
0x000000018000c2b4:   04 0f af 04 24 83 c0 04 89 04 24 8b 44 24 04 0f
0x000000018000c2c4:   af 04 24 83 c0 05 89 04 24 8b 44 24 04 0f af 04
0x000000018000c2d4:   24 83 c0 06 89 04 24 8b 44 24 04 0f af 04 24 83
0x000000018000c2e4:   c0 07 89 04 24 8b 44 24 04 0f af 04 24 83 c0 08
0x000000018000c2f4:   89 04 24 8b 44 24 04 0f af 04 24 83 c0 09 89 04
0x000000018000c304:   24 8b 44 24 04 0f af 04 24 83 c0 0a 89 04 24 8b
0x000000018000c314:   44 24 04 0f af 04 24 83 c0 0b 89 04 24 8b 44 24
0x000000018000c324:   04 0f af 04 24 83 c0 0d 89 04 24 8b 44 24 04 0f
0x000000018000c334:   af 04 24 83 c0 0e 89 04 24 8b 44 24 04 0f af 04
0x000000018000c344:   24 83 c0 0f 89 04 24 8b 44 24 04 0f af 04 24 83
0x000000018000c354:   c0 10 89 04 24 8b 44 24 04 0f af 04 24 83 c0 11
0x000000018000c364:   89 04 24 8b 44 24 04 0f af 04 24 83 c0 12 89 04 


Stack slot to memory mapping:

stack at sp + 0 slots: 0x0 is null
stack at sp + 1 slots: 0x0 is null
stack at sp + 2 slots: 0x0000000000000860 is an unknown value
stack at sp + 3 slots: 0x000000018001f4c2 ASProxy64.dll
stack at sp + 4 slots: 0x0000000180065ec8 ASProxy64.dll
stack at sp + 5 slots: 0x0000000000002736 is an unknown value
stack at sp + 6 slots: 0x0 is null
stack at sp + 7 slots: 0x000000000000137c is an unknown value


---------------  P R O C E S S  ---------------

Threads class SMR info:
_java_thread_list=0x0000024ff6d2b6c0, length=59, elements={
0x0000024fd509ac00, 0x0000024fd7584fd0, 0x0000024fd75879b0, 0x0000024fd758e510,
0x0000024fd758f160, 0x0000024fd7590d40, 0x0000024fd7599390, 0x0000024fd759e4c0,
0x0000024fecd9ab40, 0x0000024fece8dae0, 0x0000024fece8fbb0, 0x0000024fece8e170,
0x0000024fece8e800, 0x0000024fece8f520, 0x0000024fece8ee90, 0x0000024fece90240,
0x0000024fece908d0, 0x0000024ff3b941c0, 0x0000024ff3b92e10, 0x0000024ff3b96290,
0x0000024ff3b96920, 0x0000024ff3b93b30, 0x0000024ff3b97640, 0x0000024ff3b95c00,
0x0000024ff3b97cd0, 0x0000024ff3b94850, 0x0000024ff3b98360, 0x0000024ff3b94ee0,
0x0000024ff3b95570, 0x0000024ff3b989f0, 0x0000024ff3b99710, 0x0000024ff3b99080,
0x0000024ff3b99da0, 0x0000024ff3b9a430, 0x0000024ff5218a40, 0x0000024ff5217690,
0x0000024ff52162e0, 0x0000024ff52183b0, 0x0000024ff5216970, 0x0000024ff5217d20,
0x0000024ff52190d0, 0x0000024ff5215c50, 0x0000024ff5219760, 0x0000024ff5217000,
0x0000024ff521bec0, 0x0000024ff521b830, 0x0000024ff521d270, 0x0000024ff521a480,
0x0000024ff529f680, 0x0000024ff529eff0, 0x0000024ff52a1de0, 0x0000024ff529fd10,
0x0000024ff52a3190, 0x0000024ff52a1750, 0x0000024ff52a2470, 0x0000024ff52a2b00,
0x0000024ff52a10c0, 0x0000024ff52a3820, 0x0000024ff52a03a0
}

Java Threads: ( => current thread )
  0x0000024fd509ac00 JavaThread "main"                              [_thread_blocked, id=20940, stack(0x0000005bd4900000,0x0000005bd4a00000) (1024K)]
  0x0000024fd7584fd0 JavaThread "Reference Handler"          daemon [_thread_blocked, id=17948, stack(0x0000005bd4d00000,0x0000005bd4e00000) (1024K)]
  0x0000024fd75879b0 JavaThread "Finalizer"                  daemon [_thread_blocked, id=24052, stack(0x0000005bd4e00000,0x0000005bd4f00000) (1024K)]
  0x0000024fd758e510 JavaThread "Signal Dispatcher"          daemon [_thread_blocked, id=19708, stack(0x0000005bd4f00000,0x0000005bd5000000) (1024K)]
  0x0000024fd758f160 JavaThread "Attach Listener"            daemon [_thread_blocked, id=4880, stack(0x0000005bd5000000,0x0000005bd5100000) (1024K)]
  0x0000024fd7590d40 JavaThread "Service Thread"             daemon [_thread_blocked, id=21548, stack(0x0000005bd5100000,0x0000005bd5200000) (1024K)]
  0x0000024fd7599390 JavaThread "Monitor Deflation Thread"   daemon [_thread_blocked, id=13704, stack(0x0000005bd5200000,0x0000005bd5300000) (1024K)]
  0x0000024fd759e4c0 JavaThread "C2 CompilerThread0"         daemon [_thread_blocked, id=21168, stack(0x0000005bd5300000,0x0000005bd5400000) (1024K)]
  0x0000024fecd9ab40 JavaThread "C1 CompilerThread0"         daemon [_thread_blocked, id=16004, stack(0x0000005bd5400000,0x0000005bd5500000) (1024K)]
  0x0000024fece8dae0 JavaThread "Common-Cleaner"             daemon [_thread_blocked, id=15648, stack(0x0000005bd5500000,0x0000005bd5600000) (1024K)]
  0x0000024fece8fbb0 JavaThread "Notification Thread"        daemon [_thread_blocked, id=20868, stack(0x0000005bd6800000,0x0000005bd6900000) (1024K)]
  0x0000024fece8e170 JavaThread "Active Thread: Equinox Container: d6d32ffb-7025-40f9-8976-acd5f1aef37a"        [_thread_blocked, id=24780, stack(0x0000005bd5700000,0x0000005bd5800000) (1024K)]
  0x0000024fece8e800 JavaThread "Refresh Thread: Equinox Container: d6d32ffb-7025-40f9-8976-acd5f1aef37a" daemon [_thread_blocked, id=25096, stack(0x0000005bd5600000,0x0000005bd5700000) (1024K)]
  0x0000024fece8f520 JavaThread "Framework Event Dispatcher: Equinox Container: d6d32ffb-7025-40f9-8976-acd5f1aef37a" daemon [_thread_blocked, id=25064, stack(0x0000005bd6a40000,0x0000005bd6b40000) (1024K)]
  0x0000024fece8ee90 JavaThread "Start Level: Equinox Container: d6d32ffb-7025-40f9-8976-acd5f1aef37a" daemon [_thread_blocked, id=25056, stack(0x0000005bd6c80000,0x0000005bd6d80000) (1024K)]
  0x0000024fece90240 JavaThread "Bundle File Closer"         daemon [_thread_blocked, id=23500, stack(0x0000005bd7680000,0x0000005bd7780000) (1024K)]
  0x0000024fece908d0 JavaThread "SCR Component Actor"        daemon [_thread_blocked, id=25220, stack(0x0000005bd7780000,0x0000005bd7880000) (1024K)]
  0x0000024ff3b941c0 JavaThread "Worker-JM"                         [_thread_blocked, id=13080, stack(0x0000005bd7e80000,0x0000005bd7f80000) (1024K)]
  0x0000024ff3b92e10 JavaThread "Worker-0"                          [_thread_blocked, id=12964, stack(0x0000005bd8080000,0x0000005bd8180000) (1024K)]
  0x0000024ff3b96290 JavaThread "Worker-1"                          [_thread_blocked, id=20144, stack(0x0000005bd8180000,0x0000005bd8280000) (1024K)]
  0x0000024ff3b96920 JavaThread "Java indexing"              daemon [_thread_blocked, id=17980, stack(0x0000005bd8380000,0x0000005bd8480000) (1024K)]
  0x0000024ff3b93b30 JavaThread "JNA Cleaner"                daemon [_thread_blocked, id=22832, stack(0x0000005bd8480000,0x0000005bd8580000) (1024K)]
  0x0000024ff3b97640 JavaThread "Thread-2"                   daemon [_thread_in_native, id=1844, stack(0x0000005bd8880000,0x0000005bd8980000) (1024K)]
  0x0000024ff3b95c00 JavaThread "Thread-3"                   daemon [_thread_in_native, id=24212, stack(0x0000005bd8980000,0x0000005bd8a80000) (1024K)]
  0x0000024ff3b97cd0 JavaThread "Thread-4"                   daemon [_thread_in_native, id=23208, stack(0x0000005bd8a80000,0x0000005bd8b80000) (1024K)]
  0x0000024ff3b94850 JavaThread "Thread-5"                   daemon [_thread_in_native, id=25208, stack(0x0000005bd8b80000,0x0000005bd8c80000) (1024K)]
  0x0000024ff3b98360 JavaThread "Thread-6"                   daemon [_thread_in_native, id=13824, stack(0x0000005bd8c80000,0x0000005bd8d80000) (1024K)]
  0x0000024ff3b94ee0 JavaThread "Thread-7"                   daemon [_thread_in_native, id=20324, stack(0x0000005bd8d80000,0x0000005bd8e80000) (1024K)]
  0x0000024ff3b95570 JavaThread "Thread-8"                   daemon [_thread_in_native, id=24864, stack(0x0000005bd8e80000,0x0000005bd8f80000) (1024K)]
  0x0000024ff3b989f0 JavaThread "Thread-9"                   daemon [_thread_in_native, id=24900, stack(0x0000005bd8f80000,0x0000005bd9080000) (1024K)]
  0x0000024ff3b99710 JavaThread "Thread-10"                  daemon [_thread_in_native, id=848, stack(0x0000005bd9080000,0x0000005bd9180000) (1024K)]
  0x0000024ff3b99080 JavaThread "Thread-11"                  daemon [_thread_in_native, id=25288, stack(0x0000005bd9180000,0x0000005bd9280000) (1024K)]
  0x0000024ff3b99da0 JavaThread "Thread-12"                  daemon [_thread_in_native, id=9864, stack(0x0000005bd9280000,0x0000005bd9380000) (1024K)]
  0x0000024ff3b9a430 JavaThread "Thread-13"                  daemon [_thread_in_native, id=14184, stack(0x0000005bd9380000,0x0000005bd9480000) (1024K)]
  0x0000024ff5218a40 JavaThread "Thread-14"                  daemon [_thread_in_native, id=2964, stack(0x0000005bd9480000,0x0000005bd9580000) (1024K)]
  0x0000024ff5217690 JavaThread "Thread-15"                  daemon [_thread_in_native, id=17532, stack(0x0000005bd9580000,0x0000005bd9680000) (1024K)]
  0x0000024ff52162e0 JavaThread "Thread-16"                  daemon [_thread_in_native, id=24560, stack(0x0000005bd9680000,0x0000005bd9780000) (1024K)]
  0x0000024ff52183b0 JavaThread "Thread-17"                  daemon [_thread_in_native, id=7728, stack(0x0000005bd9780000,0x0000005bd9880000) (1024K)]
  0x0000024ff5216970 JavaThread "Thread-18"                  daemon [_thread_in_native, id=14156, stack(0x0000005bd9880000,0x0000005bd9980000) (1024K)]
  0x0000024ff5217d20 JavaThread "pool-2-thread-1"                   [_thread_blocked, id=13732, stack(0x0000005bd9980000,0x0000005bd9a80000) (1024K)]
  0x0000024ff52190d0 JavaThread "Worker-2"                          [_thread_blocked, id=13924, stack(0x0000005bd9a80000,0x0000005bd9b80000) (1024K)]
  0x0000024ff5215c50 JavaThread "Worker-3"                          [_thread_blocked, id=16300, stack(0x0000005bd9b80000,0x0000005bd9c80000) (1024K)]
  0x0000024ff5219760 JavaThread "WorkspaceEventsHandler"            [_thread_blocked, id=13416, stack(0x0000005bd9d80000,0x0000005bd9e80000) (1024K)]
  0x0000024ff5217000 JavaThread "pool-1-thread-1"                   [_thread_blocked, id=17740, stack(0x0000005bd9e80000,0x0000005bd9f80000) (1024K)]
  0x0000024ff521bec0 JavaThread "Worker-4"                          [_thread_blocked, id=20784, stack(0x0000005bda080000,0x0000005bda180000) (1024K)]
  0x0000024ff521b830 JavaThread "Worker-5: Initialize Workspace"        [_thread_blocked, id=21416, stack(0x0000005bd9f80000,0x0000005bda080000) (1024K)]
  0x0000024ff521d270 JavaThread "Timer-0"                           [_thread_blocked, id=10360, stack(0x0000005bd7880000,0x0000005bd7980000) (1024K)]
  0x0000024ff521a480 JavaThread "Timer-1"                           [_thread_blocked, id=13452, stack(0x0000005bd4700000,0x0000005bd4800000) (1024K)]
  0x0000024ff529f680 JavaThread "Timer-2"                           [_thread_blocked, id=19764, stack(0x0000005bd4800000,0x0000005bd4900000) (1024K)]
  0x0000024ff529eff0 JavaThread "LocalFile Deleter"          daemon [_thread_blocked, id=20888, stack(0x0000005bd7980000,0x0000005bd7a80000) (1024K)]
  0x0000024ff52a1de0 JavaThread "LocalFile Deleter"          daemon [_thread_blocked, id=24884, stack(0x0000005bd7b80000,0x0000005bd7c80000) (1024K)]
  0x0000024ff529fd10 JavaThread "LocalFile Deleter"          daemon [_thread_blocked, id=24012, stack(0x0000005bd7c80000,0x0000005bd7d80000) (1024K)]
  0x0000024ff52a3190 JavaThread "Timer-3"                           [_thread_blocked, id=1108, stack(0x0000005bd7d80000,0x0000005bd7e80000) (1024K)]
  0x0000024ff52a1750 JavaThread "Timer-4"                           [_thread_blocked, id=21440, stack(0x0000005bd8280000,0x0000005bd8380000) (1024K)]
=>0x0000024ff52a2470 JavaThread "Connection worker"                 [_thread_in_native, id=16484, stack(0x0000005bda180000,0x0000005bda280000) (1024K)]
  0x0000024ff52a2b00 JavaThread "pool-3-thread-1"                   [_thread_blocked, id=13764, stack(0x0000005bda380000,0x0000005bda480000) (1024K)]
  0x0000024ff52a10c0 JavaThread "Exec process"                      [_thread_blocked, id=11772, stack(0x0000005bda480000,0x0000005bda580000) (1024K)]
  0x0000024ff52a3820 JavaThread "Exec process Thread 2"             [_thread_blocked, id=24496, stack(0x0000005bda580000,0x0000005bda680000) (1024K)]
  0x0000024ff52a03a0 JavaThread "Exec process Thread 3"             [_thread_blocked, id=24416, stack(0x0000005bda680000,0x0000005bda780000) (1024K)]
Total: 59

Other Threads:
  0x0000024fd75847d0 VMThread "VM Thread"                           [id=15032, stack(0x0000005bd4c00000,0x0000005bd4d00000) (1024K)]
  0x0000024feb7aca00 WatcherThread "VM Periodic Task Thread"        [id=17464, stack(0x0000005bd4b00000,0x0000005bd4c00000) (1024K)]
  0x0000024fd75005f0 WorkerThread "GC Thread#0"                     [id=17416, stack(0x0000005bd4a00000,0x0000005bd4b00000) (1024K)]
  0x0000024ff375fa40 WorkerThread "GC Thread#1"                     [id=13140, stack(0x0000005bd6d80000,0x0000005bd6e80000) (1024K)]
  0x0000024ff37c22b0 WorkerThread "GC Thread#2"                     [id=24452, stack(0x0000005bd6e80000,0x0000005bd6f80000) (1024K)]
  0x0000024ff305b460 WorkerThread "GC Thread#3"                     [id=18212, stack(0x0000005bd6f80000,0x0000005bd7080000) (1024K)]
  0x0000024ff305b800 WorkerThread "GC Thread#4"                     [id=8772, stack(0x0000005bd7080000,0x0000005bd7180000) (1024K)]
  0x0000024ff36fa7e0 WorkerThread "GC Thread#5"                     [id=23724, stack(0x0000005bd7180000,0x0000005bd7280000) (1024K)]
  0x0000024ff36fb390 WorkerThread "GC Thread#6"                     [id=23656, stack(0x0000005bd7280000,0x0000005bd7380000) (1024K)]
  0x0000024ff3651410 WorkerThread "GC Thread#7"                     [id=24796, stack(0x0000005bd6b40000,0x0000005bd6c40000) (1024K)]
  0x0000024ff383d990 WorkerThread "GC Thread#8"                     [id=25544, stack(0x0000005bd7380000,0x0000005bd7480000) (1024K)]
  0x0000024ff384de40 WorkerThread "GC Thread#9"                     [id=25540, stack(0x0000005bd7480000,0x0000005bd7580000) (1024K)]
  0x0000024ff37aa590 WorkerThread "GC Thread#10"                    [id=500, stack(0x0000005bd7580000,0x0000005bd7680000) (1024K)]
  0x0000024ff37aacd0 WorkerThread "GC Thread#11"                    [id=25008, stack(0x0000005bd7a80000,0x0000005bd7b80000) (1024K)]
  0x0000024ff37ab410 WorkerThread "GC Thread#12"                    [id=23124, stack(0x0000005bd7f80000,0x0000005bd8080000) (1024K)]
Total: 15

Threads with active compile tasks:
Total: 0

VM state: not at safepoint (normal execution)

VM Mutex/Monitor currently owned by a thread: None

Heap address: 0x00000000c0000000, size: 1024 MB, Compressed Oops mode: 32-bit

CDS archive(s) mapped at: [0x0000024f80000000-0x0000024f80ba0000-0x0000024f80ba0000), size 12189696, SharedBaseAddress: 0x0000024f80000000, ArchiveRelocationMode: 1.
Compressed class space mapped at: 0x0000024f81000000-0x0000024fc1000000, reserved size: 1073741824
Narrow klass base: 0x0000024f80000000, Narrow klass shift: 0, Narrow klass range: 0x100000000

GC Precious Log:
 CardTable entry size: 512
 CPUs: 16 total, 16 available
 Memory: 16096M
 Large Page Support: Disabled
 NUMA Support: Disabled
 Compressed Oops: Enabled (32-bit)
 Alignments: Space 512K, Generation 512K, Heap 2M
 Heap Min Capacity: 100M
 Heap Initial Capacity: 100M
 Heap Max Capacity: 1G
 Pre-touch: Disabled
 Parallel Workers: 13

Heap:
 PSYoungGen      total 15360K, used 9604K [0x00000000eab00000, 0x00000000ebc80000, 0x0000000100000000)
  eden space 14336K, 62% used [0x00000000eab00000,0x00000000eb3d11b8,0x00000000eb900000)
  from space 1024K, 56% used [0x00000000ebb80000,0x00000000ebc10000,0x00000000ebc80000)
  to   space 1024K, 0% used [0x00000000eba80000,0x00000000eba80000,0x00000000ebb80000)
 ParOldGen       total 68608K, used 45598K [0x00000000c0000000, 0x00000000c4300000, 0x00000000eab00000)
  object space 68608K, 66% used [0x00000000c0000000,0x00000000c2c87b10,0x00000000c4300000)
 Metaspace       used 66967K, committed 68288K, reserved 1114112K
  class space    used 8222K, committed 8768K, reserved 1048576K

Card table byte_map: [0x0000024fd6e80000,0x0000024fd7090000] _byte_map_base: 0x0000024fd6880000

Marking Bits: (ParMarkBitMap*) 0x00007ffcbf5f31f0
 Begin Bits: [0x0000024fe96d0000, 0x0000024fea6d0000)
 End Bits:   [0x0000024fea6d0000, 0x0000024feb6d0000)

Polling page: 0x0000024fd53a0000

Metaspace:

Usage:
  Non-class:     57.37 MB used.
      Class:      8.03 MB used.
       Both:     65.40 MB used.

Virtual space:
  Non-class space:       64.00 MB reserved,      58.12 MB ( 91%) committed,  1 nodes.
      Class space:        1.00 GB reserved,       8.56 MB ( <1%) committed,  1 nodes.
             Both:        1.06 GB reserved,      66.69 MB (  6%) committed. 

Chunk freelists:
   Non-Class:  5.70 MB
       Class:  7.44 MB
        Both:  13.14 MB

MaxMetaspaceSize: unlimited
CompressedClassSpaceSize: 1.00 GB
Initial GC threshold: 21.00 MB
Current GC threshold: 97.31 MB
CDS: on
 - commit_granule_bytes: 65536.
 - commit_granule_words: 8192.
 - virtual_space_node_default_size: 8388608.
 - enlarge_chunks_in_place: 1.
 - use_allocation_guard: 0.


Internal statistics:

num_allocs_failed_limit: 9.
num_arena_births: 1146.
num_arena_deaths: 14.
num_vsnodes_births: 2.
num_vsnodes_deaths: 0.
num_space_committed: 1067.
num_space_uncommitted: 0.
num_chunks_returned_to_freelist: 23.
num_chunks_taken_from_freelist: 3727.
num_chunk_merges: 12.
num_chunk_splits: 2499.
num_chunks_enlarged: 1694.
num_inconsistent_stats: 0.

CodeHeap 'non-profiled nmethods': size=119168Kb used=5336Kb max_used=5336Kb free=113831Kb
 bounds [0x0000024fe2270000, 0x0000024fe27b0000, 0x0000024fe96d0000]
CodeHeap 'profiled nmethods': size=119104Kb used=15811Kb max_used=16331Kb free=103292Kb
 bounds [0x0000024fda6d0000, 0x0000024fdb6d0000, 0x0000024fe1b20000]
CodeHeap 'non-nmethods': size=7488Kb used=1424Kb max_used=3165Kb free=6063Kb
 bounds [0x0000024fe1b20000, 0x0000024fe1e90000, 0x0000024fe2270000]
 total_blobs=8403 nmethods=7673 adapters=636
 compilation: enabled
              stopped_count=0, restarted_count=0
 full_count=0

Compilation events (20 events):
Event: 89.630 Thread 0x0000024fecd9ab40 nmethod 8529 0x0000024fdaf29390 code [0x0000024fdaf29540, 0x0000024fdaf297a0]
Event: 89.638 Thread 0x0000024fecd9ab40 8530       3       org.gradle.internal.stream.EncodedStream$EncodedInput::hexToByte (61 bytes)
Event: 89.638 Thread 0x0000024fecd9ab40 nmethod 8530 0x0000024fdb112110 code [0x0000024fdb1123c0, 0x0000024fdb113150]
Event: 89.639 Thread 0x0000024fd759e4c0 8531       4       java.io.DataInputStream::readFully (59 bytes)
Event: 89.640 Thread 0x0000024fecd9ab40 8533       3       org.gradle.internal.serialize.AbstractDecoder::readBinary (16 bytes)
Event: 89.640 Thread 0x0000024fecd9ab40 nmethod 8533 0x0000024fdacc2990 code [0x0000024fdacc2be0, 0x0000024fdacc35e8]
Event: 89.640 Thread 0x0000024fecd9ab40 8534       3       org.gradle.internal.serialize.AbstractDecoder::readBytes (9 bytes)
Event: 89.640 Thread 0x0000024fecd9ab40 nmethod 8534 0x0000024fdabac890 code [0x0000024fdabaca40, 0x0000024fdabacbf0]
Event: 89.640 Thread 0x0000024fecd9ab40 8535       3       org.gradle.internal.serialize.InputStreamBackedDecoder::readBytes (11 bytes)
Event: 89.640 Thread 0x0000024fecd9ab40 nmethod 8535 0x0000024fdaf57c90 code [0x0000024fdaf57e40, 0x0000024fdaf57f80]
Event: 89.640 Thread 0x0000024fecd9ab40 8536       3       org.gradle.internal.serialize.InputStreamBackedDecoder::readByte (13 bytes)
Event: 89.640 Thread 0x0000024fecd9ab40 nmethod 8536 0x0000024fdaccfa90 code [0x0000024fdaccfc60, 0x0000024fdacd0008]
Event: 89.641 Thread 0x0000024fd759e4c0 nmethod 8531 0x0000024fe27a4090 code [0x0000024fe27a4220, 0x0000024fe27a43d0]
Event: 89.641 Thread 0x0000024fd759e4c0 8532       4       java.io.DataInputStream::readUTF (501 bytes)
Event: 89.648 Thread 0x0000024fecd9ab40 8537       3       java.security.MessageDigest::update (11 bytes)
Event: 89.648 Thread 0x0000024fecd9ab40 nmethod 8537 0x0000024fda864c10 code [0x0000024fda864dc0, 0x0000024fda865080]
Event: 89.648 Thread 0x0000024fecd9ab40 8538       3       java.security.MessageDigest$Delegate::engineUpdate (9 bytes)
Event: 89.648 Thread 0x0000024fecd9ab40 nmethod 8538 0x0000024fda864710 code [0x0000024fda8648c0, 0x0000024fda864a98]
Event: 89.648 Thread 0x0000024fecd9ab40 8539       3       sun.security.provider.DigestBase::engineUpdate (32 bytes)
Event: 89.648 Thread 0x0000024fecd9ab40 nmethod 8539 0x0000024fdabac390 code [0x0000024fdabac540, 0x0000024fdabac7a8]

GC Heap History (20 events):
Event: 85.227 GC heap before
{Heap before GC invocations=44 (full 3):
 PSYoungGen      total 15360K, used 15347K [0x00000000eab00000, 0x00000000ebf00000, 0x0000000100000000)
  eden space 14336K, 100% used [0x00000000eab00000,0x00000000eb900000,0x00000000eb900000)
  from space 1024K, 98% used [0x00000000ebe00000,0x00000000ebefce88,0x00000000ebf00000)
  to   space 1536K, 0% used [0x00000000ebc00000,0x00000000ebc00000,0x00000000ebd80000)
 ParOldGen       total 68608K, used 43655K [0x00000000c0000000, 0x00000000c4300000, 0x00000000eab00000)
  object space 68608K, 63% used [0x00000000c0000000,0x00000000c2aa1fc8,0x00000000c4300000)
 Metaspace       used 63806K, committed 65024K, reserved 1114112K
  class space    used 7763K, committed 8256K, reserved 1048576K
}
Event: 85.228 GC heap after
{Heap after GC invocations=44 (full 3):
 PSYoungGen      total 15872K, used 898K [0x00000000eab00000, 0x00000000ebe80000, 0x0000000100000000)
  eden space 14336K, 0% used [0x00000000eab00000,0x00000000eab00000,0x00000000eb900000)
  from space 1536K, 58% used [0x00000000ebc00000,0x00000000ebce08e0,0x00000000ebd80000)
  to   space 1024K, 0% used [0x00000000ebd80000,0x00000000ebd80000,0x00000000ebe80000)
 ParOldGen       total 68608K, used 43727K [0x00000000c0000000, 0x00000000c4300000, 0x00000000eab00000)
  object space 68608K, 63% used [0x00000000c0000000,0x00000000c2ab3fd8,0x00000000c4300000)
 Metaspace       used 63806K, committed 65024K, reserved 1114112K
  class space    used 7763K, committed 8256K, reserved 1048576K
}
Event: 85.281 GC heap before
{Heap before GC invocations=45 (full 3):
 PSYoungGen      total 15872K, used 15234K [0x00000000eab00000, 0x00000000ebe80000, 0x0000000100000000)
  eden space 14336K, 100% used [0x00000000eab00000,0x00000000eb900000,0x00000000eb900000)
  from space 1536K, 58% used [0x00000000ebc00000,0x00000000ebce08e0,0x00000000ebd80000)
  to   space 1024K, 0% used [0x00000000ebd80000,0x00000000ebd80000,0x00000000ebe80000)
 ParOldGen       total 68608K, used 43727K [0x00000000c0000000, 0x00000000c4300000, 0x00000000eab00000)
  object space 68608K, 63% used [0x00000000c0000000,0x00000000c2ab3fd8,0x00000000c4300000)
 Metaspace       used 63806K, committed 65024K, reserved 1114112K
  class space    used 7763K, committed 8256K, reserved 1048576K
}
Event: 85.282 GC heap after
{Heap after GC invocations=45 (full 3):
 PSYoungGen      total 14848K, used 416K [0x00000000eab00000, 0x00000000ebe00000, 0x0000000100000000)
  eden space 14336K, 0% used [0x00000000eab00000,0x00000000eab00000,0x00000000eb900000)
  from space 512K, 81% used [0x00000000ebd80000,0x00000000ebde8000,0x00000000ebe00000)
  to   space 1024K, 0% used [0x00000000ebc00000,0x00000000ebc00000,0x00000000ebd00000)
 ParOldGen       total 68608K, used 43918K [0x00000000c0000000, 0x00000000c4300000, 0x00000000eab00000)
  object space 68608K, 64% used [0x00000000c0000000,0x00000000c2ae39f8,0x00000000c4300000)
 Metaspace       used 63806K, committed 65024K, reserved 1114112K
  class space    used 7763K, committed 8256K, reserved 1048576K
}
Event: 85.337 GC heap before
{Heap before GC invocations=46 (full 3):
 PSYoungGen      total 14848K, used 14752K [0x00000000eab00000, 0x00000000ebe00000, 0x0000000100000000)
  eden space 14336K, 100% used [0x00000000eab00000,0x00000000eb900000,0x00000000eb900000)
  from space 512K, 81% used [0x00000000ebd80000,0x00000000ebde8000,0x00000000ebe00000)
  to   space 1024K, 0% used [0x00000000ebc00000,0x00000000ebc00000,0x00000000ebd00000)
 ParOldGen       total 68608K, used 43918K [0x00000000c0000000, 0x00000000c4300000, 0x00000000eab00000)
  object space 68608K, 64% used [0x00000000c0000000,0x00000000c2ae39f8,0x00000000c4300000)
 Metaspace       used 63806K, committed 65024K, reserved 1114112K
  class space    used 7763K, committed 8256K, reserved 1048576K
}
Event: 85.338 GC heap after
{Heap after GC invocations=46 (full 3):
 PSYoungGen      total 15360K, used 1024K [0x00000000eab00000, 0x00000000ebe00000, 0x0000000100000000)
  eden space 14336K, 0% used [0x00000000eab00000,0x00000000eab00000,0x00000000eb900000)
  from space 1024K, 100% used [0x00000000ebc00000,0x00000000ebd00000,0x00000000ebd00000)
  to   space 1024K, 0% used [0x00000000ebd00000,0x00000000ebd00000,0x00000000ebe00000)
 ParOldGen       total 68608K, used 44294K [0x00000000c0000000, 0x00000000c4300000, 0x00000000eab00000)
  object space 68608K, 64% used [0x00000000c0000000,0x00000000c2b419b8,0x00000000c4300000)
 Metaspace       used 63806K, committed 65024K, reserved 1114112K
  class space    used 7763K, committed 8256K, reserved 1048576K
}
Event: 85.395 GC heap before
{Heap before GC invocations=47 (full 3):
 PSYoungGen      total 15360K, used 15360K [0x00000000eab00000, 0x00000000ebe00000, 0x0000000100000000)
  eden space 14336K, 100% used [0x00000000eab00000,0x00000000eb900000,0x00000000eb900000)
  from space 1024K, 100% used [0x00000000ebc00000,0x00000000ebd00000,0x00000000ebd00000)
  to   space 1024K, 0% used [0x00000000ebd00000,0x00000000ebd00000,0x00000000ebe00000)
 ParOldGen       total 68608K, used 44294K [0x00000000c0000000, 0x00000000c4300000, 0x00000000eab00000)
  object space 68608K, 64% used [0x00000000c0000000,0x00000000c2b419b8,0x00000000c4300000)
 Metaspace       used 63806K, committed 65024K, reserved 1114112K
  class space    used 7763K, committed 8256K, reserved 1048576K
}
Event: 85.395 GC heap after
{Heap after GC invocations=47 (full 3):
 PSYoungGen      total 14848K, used 427K [0x00000000eab00000, 0x00000000ebd80000, 0x0000000100000000)
  eden space 14336K, 0% used [0x00000000eab00000,0x00000000eab00000,0x00000000eb900000)
  from space 512K, 83% used [0x00000000ebd00000,0x00000000ebd6ad70,0x00000000ebd80000)
  to   space 1024K, 0% used [0x00000000ebb80000,0x00000000ebb80000,0x00000000ebc80000)
 ParOldGen       total 68608K, used 44350K [0x00000000c0000000, 0x00000000c4300000, 0x00000000eab00000)
  object space 68608K, 64% used [0x00000000c0000000,0x00000000c2b4f9b8,0x00000000c4300000)
 Metaspace       used 63806K, committed 65024K, reserved 1114112K
  class space    used 7763K, committed 8256K, reserved 1048576K
}
Event: 85.449 GC heap before
{Heap before GC invocations=48 (full 3):
 PSYoungGen      total 14848K, used 14763K [0x00000000eab00000, 0x00000000ebd80000, 0x0000000100000000)
  eden space 14336K, 100% used [0x00000000eab00000,0x00000000eb900000,0x00000000eb900000)
  from space 512K, 83% used [0x00000000ebd00000,0x00000000ebd6ad70,0x00000000ebd80000)
  to   space 1024K, 0% used [0x00000000ebb80000,0x00000000ebb80000,0x00000000ebc80000)
 ParOldGen       total 68608K, used 44350K [0x00000000c0000000, 0x00000000c4300000, 0x00000000eab00000)
  object space 68608K, 64% used [0x00000000c0000000,0x00000000c2b4f9b8,0x00000000c4300000)
 Metaspace       used 63806K, committed 65024K, reserved 1114112K
  class space    used 7763K, committed 8256K, reserved 1048576K
}
Event: 85.450 GC heap after
{Heap after GC invocations=48 (full 3):
 PSYoungGen      total 15360K, used 696K [0x00000000eab00000, 0x00000000ebd80000, 0x0000000100000000)
  eden space 14336K, 0% used [0x00000000eab00000,0x00000000eab00000,0x00000000eb900000)
  from space 1024K, 68% used [0x00000000ebb80000,0x00000000ebc2e1a0,0x00000000ebc80000)
  to   space 1024K, 0% used [0x00000000ebc80000,0x00000000ebc80000,0x00000000ebd80000)
 ParOldGen       total 68608K, used 44646K [0x00000000c0000000, 0x00000000c4300000, 0x00000000eab00000)
  object space 68608K, 65% used [0x00000000c0000000,0x00000000c2b99a40,0x00000000c4300000)
 Metaspace       used 63806K, committed 65024K, reserved 1114112K
  class space    used 7763K, committed 8256K, reserved 1048576K
}
Event: 85.514 GC heap before
{Heap before GC invocations=49 (full 3):
 PSYoungGen      total 15360K, used 15032K [0x00000000eab00000, 0x00000000ebd80000, 0x0000000100000000)
  eden space 14336K, 100% used [0x00000000eab00000,0x00000000eb900000,0x00000000eb900000)
  from space 1024K, 68% used [0x00000000ebb80000,0x00000000ebc2e1a0,0x00000000ebc80000)
  to   space 1024K, 0% used [0x00000000ebc80000,0x00000000ebc80000,0x00000000ebd80000)
 ParOldGen       total 68608K, used 44646K [0x00000000c0000000, 0x00000000c4300000, 0x00000000eab00000)
  object space 68608K, 65% used [0x00000000c0000000,0x00000000c2b99a40,0x00000000c4300000)
 Metaspace       used 63806K, committed 65024K, reserved 1114112K
  class space    used 7763K, committed 8256K, reserved 1048576K
}
Event: 85.515 GC heap after
{Heap after GC invocations=49 (full 3):
 PSYoungGen      total 15360K, used 1018K [0x00000000eab00000, 0x00000000ebd80000, 0x0000000100000000)
  eden space 14336K, 0% used [0x00000000eab00000,0x00000000eab00000,0x00000000eb900000)
  from space 1024K, 99% used [0x00000000ebc80000,0x00000000ebd7e848,0x00000000ebd80000)
  to   space 1536K, 0% used [0x00000000eba80000,0x00000000eba80000,0x00000000ebc00000)
 ParOldGen       total 68608K, used 44826K [0x00000000c0000000, 0x00000000c4300000, 0x00000000eab00000)
  object space 68608K, 65% used [0x00000000c0000000,0x00000000c2bc6a78,0x00000000c4300000)
 Metaspace       used 63806K, committed 65024K, reserved 1114112K
  class space    used 7763K, committed 8256K, reserved 1048576K
}
Event: 85.586 GC heap before
{Heap before GC invocations=50 (full 3):
 PSYoungGen      total 15360K, used 15354K [0x00000000eab00000, 0x00000000ebd80000, 0x0000000100000000)
  eden space 14336K, 100% used [0x00000000eab00000,0x00000000eb900000,0x00000000eb900000)
  from space 1024K, 99% used [0x00000000ebc80000,0x00000000ebd7e848,0x00000000ebd80000)
  to   space 1536K, 0% used [0x00000000eba80000,0x00000000eba80000,0x00000000ebc00000)
 ParOldGen       total 68608K, used 44826K [0x00000000c0000000, 0x00000000c4300000, 0x00000000eab00000)
  object space 68608K, 65% used [0x00000000c0000000,0x00000000c2bc6a78,0x00000000c4300000)
 Metaspace       used 63806K, committed 65024K, reserved 1114112K
  class space    used 7763K, committed 8256K, reserved 1048576K
}
Event: 85.587 GC heap after
{Heap after GC invocations=50 (full 3):
 PSYoungGen      total 15872K, used 320K [0x00000000eab00000, 0x00000000ebd00000, 0x0000000100000000)
  eden space 14336K, 0% used [0x00000000eab00000,0x00000000eab00000,0x00000000eb900000)
  from space 1536K, 20% used [0x00000000eba80000,0x00000000ebad0000,0x00000000ebc00000)
  to   space 1024K, 0% used [0x00000000ebc00000,0x00000000ebc00000,0x00000000ebd00000)
 ParOldGen       total 68608K, used 44914K [0x00000000c0000000, 0x00000000c4300000, 0x00000000eab00000)
  object space 68608K, 65% used [0x00000000c0000000,0x00000000c2bdca78,0x00000000c4300000)
 Metaspace       used 63806K, committed 65024K, reserved 1114112K
  class space    used 7763K, committed 8256K, reserved 1048576K
}
Event: 85.639 GC heap before
{Heap before GC invocations=51 (full 3):
 PSYoungGen      total 15872K, used 14656K [0x00000000eab00000, 0x00000000ebd00000, 0x0000000100000000)
  eden space 14336K, 100% used [0x00000000eab00000,0x00000000eb900000,0x00000000eb900000)
  from space 1536K, 20% used [0x00000000eba80000,0x00000000ebad0000,0x00000000ebc00000)
  to   space 1024K, 0% used [0x00000000ebc00000,0x00000000ebc00000,0x00000000ebd00000)
 ParOldGen       total 68608K, used 44914K [0x00000000c0000000, 0x00000000c4300000, 0x00000000eab00000)
  object space 68608K, 65% used [0x00000000c0000000,0x00000000c2bdca78,0x00000000c4300000)
 Metaspace       used 63806K, committed 65024K, reserved 1114112K
  class space    used 7763K, committed 8256K, reserved 1048576K
}
Event: 85.640 GC heap after
{Heap after GC invocations=51 (full 3):
 PSYoungGen      total 15360K, used 1003K [0x00000000eab00000, 0x00000000ebd00000, 0x0000000100000000)
  eden space 14336K, 0% used [0x00000000eab00000,0x00000000eab00000,0x00000000eb900000)
  from space 1024K, 98% used [0x00000000ebc00000,0x00000000ebcfae90,0x00000000ebd00000)
  to   space 1536K, 0% used [0x00000000eba00000,0x00000000eba00000,0x00000000ebb80000)
 ParOldGen       total 68608K, used 45119K [0x00000000c0000000, 0x00000000c4300000, 0x00000000eab00000)
  object space 68608K, 65% used [0x00000000c0000000,0x00000000c2c0fde0,0x00000000c4300000)
 Metaspace       used 63806K, committed 65024K, reserved 1114112K
  class space    used 7763K, committed 8256K, reserved 1048576K
}
Event: 86.355 GC heap before
{Heap before GC invocations=52 (full 3):
 PSYoungGen      total 15360K, used 15339K [0x00000000eab00000, 0x00000000ebd00000, 0x0000000100000000)
  eden space 14336K, 100% used [0x00000000eab00000,0x00000000eb900000,0x00000000eb900000)
  from space 1024K, 98% used [0x00000000ebc00000,0x00000000ebcfae90,0x00000000ebd00000)
  to   space 1536K, 0% used [0x00000000eba00000,0x00000000eba00000,0x00000000ebb80000)
 ParOldGen       total 68608K, used 45119K [0x00000000c0000000, 0x00000000c4300000, 0x00000000eab00000)
  object space 68608K, 65% used [0x00000000c0000000,0x00000000c2c0fde0,0x00000000c4300000)
 Metaspace       used 64691K, committed 65920K, reserved 1114112K
  class space    used 7886K, committed 8384K, reserved 1048576K
}
Event: 86.356 GC heap after
{Heap after GC invocations=52 (full 3):
 PSYoungGen      total 15872K, used 480K [0x00000000eab00000, 0x00000000ebc80000, 0x0000000100000000)
  eden space 14336K, 0% used [0x00000000eab00000,0x00000000eab00000,0x00000000eb900000)
  from space 1536K, 31% used [0x00000000eba00000,0x00000000eba78010,0x00000000ebb80000)
  to   space 1024K, 0% used [0x00000000ebb80000,0x00000000ebb80000,0x00000000ebc80000)
 ParOldGen       total 68608K, used 45223K [0x00000000c0000000, 0x00000000c4300000, 0x00000000eab00000)
  object space 68608K, 65% used [0x00000000c0000000,0x00000000c2c29de0,0x00000000c4300000)
 Metaspace       used 64691K, committed 65920K, reserved 1114112K
  class space    used 7886K, committed 8384K, reserved 1048576K
}
Event: 86.579 GC heap before
{Heap before GC invocations=53 (full 3):
 PSYoungGen      total 15872K, used 14816K [0x00000000eab00000, 0x00000000ebc80000, 0x0000000100000000)
  eden space 14336K, 100% used [0x00000000eab00000,0x00000000eb900000,0x00000000eb900000)
  from space 1536K, 31% used [0x00000000eba00000,0x00000000eba78010,0x00000000ebb80000)
  to   space 1024K, 0% used [0x00000000ebb80000,0x00000000ebb80000,0x00000000ebc80000)
 ParOldGen       total 68608K, used 45223K [0x00000000c0000000, 0x00000000c4300000, 0x00000000eab00000)
  object space 68608K, 65% used [0x00000000c0000000,0x00000000c2c29de0,0x00000000c4300000)
 Metaspace       used 66158K, committed 67520K, reserved 1114112K
  class space    used 8128K, committed 8704K, reserved 1048576K
}
Event: 86.580 GC heap after
{Heap after GC invocations=53 (full 3):
 PSYoungGen      total 15360K, used 576K [0x00000000eab00000, 0x00000000ebc80000, 0x0000000100000000)
  eden space 14336K, 0% used [0x00000000eab00000,0x00000000eab00000,0x00000000eb900000)
  from space 1024K, 56% used [0x00000000ebb80000,0x00000000ebc10000,0x00000000ebc80000)
  to   space 1024K, 0% used [0x00000000eba80000,0x00000000eba80000,0x00000000ebb80000)
 ParOldGen       total 68608K, used 45598K [0x00000000c0000000, 0x00000000c4300000, 0x00000000eab00000)
  object space 68608K, 66% used [0x00000000c0000000,0x00000000c2c87b10,0x00000000c4300000)
 Metaspace       used 66158K, committed 67520K, reserved 1114112K
  class space    used 8128K, committed 8704K, reserved 1048576K
}

Dll operation events (15 events):
Event: 0.063 Loaded shared library c:\Users\admin\.cursor\extensions\redhat.java-1.42.0-win32-x64\jre\21.0.7-win32-x86_64\bin\java.dll
Event: 0.128 Loaded shared library c:\Users\admin\.cursor\extensions\redhat.java-1.42.0-win32-x64\jre\21.0.7-win32-x86_64\bin\zip.dll
Event: 0.161 Loaded shared library C:\Users\admin\.cursor\extensions\redhat.java-1.42.0-win32-x64\jre\21.0.7-win32-x86_64\bin\instrument.dll
Event: 0.166 Loaded shared library C:\Users\admin\.cursor\extensions\redhat.java-1.42.0-win32-x64\jre\21.0.7-win32-x86_64\bin\net.dll
Event: 0.177 Loaded shared library C:\Users\admin\.cursor\extensions\redhat.java-1.42.0-win32-x64\jre\21.0.7-win32-x86_64\bin\nio.dll
Event: 0.181 Loaded shared library C:\Users\admin\.cursor\extensions\redhat.java-1.42.0-win32-x64\jre\21.0.7-win32-x86_64\bin\zip.dll
Event: 0.200 Loaded shared library C:\Users\admin\.cursor\extensions\redhat.java-1.42.0-win32-x64\jre\21.0.7-win32-x86_64\bin\jimage.dll
Event: 0.255 Loaded shared library c:\Users\admin\.cursor\extensions\redhat.java-1.42.0-win32-x64\jre\21.0.7-win32-x86_64\bin\verify.dll
Event: 11.352 Loaded shared library C:\Users\admin\AppData\Roaming\Cursor\User\globalStorage\redhat.java\1.42.0\config_win\org.eclipse.equinox.launcher\org.eclipse.equinox.launcher.win32.win32.x86_64_1.2.1300.v20250331-1702\eclipse_11911.dll
Event: 23.846 Loaded shared library C:\Users\admin\.cursor\extensions\redhat.java-1.42.0-win32-x64\jre\21.0.7-win32-x86_64\bin\management.dll
Event: 23.849 Loaded shared library C:\Users\admin\.cursor\extensions\redhat.java-1.42.0-win32-x64\jre\21.0.7-win32-x86_64\bin\management_ext.dll
Event: 24.045 Loaded shared library C:\Users\admin\AppData\Local\Temp\jna-92668751\jna1123274605315601613.dll
Event: 25.343 Loaded shared library C:\Users\admin\.cursor\extensions\redhat.java-1.42.0-win32-x64\jre\21.0.7-win32-x86_64\bin\sunmscapi.dll
Event: 25.465 Loaded shared library C:\Users\admin\.cursor\extensions\redhat.java-1.42.0-win32-x64\jre\21.0.7-win32-x86_64\bin\extnet.dll
Event: 66.073 Loaded shared library C:\Users\admin\.gradle\native\1def1411415f61bf3af743bc5b6707747c0891f09f0c88961ee8f79bc544acac\windows-amd64\native-platform.dll

Deoptimization events (20 events):
Event: 89.638 Thread 0x0000024ff52a2470 Uncommon trap: trap_request=0xffffffc6 fr.pc=0x0000024fe22dbf58 relative=0x00000000000013d8
Event: 89.638 Thread 0x0000024ff52a2470 Uncommon trap: reason=bimorphic_or_optimized_type_check action=maybe_recompile pc=0x0000024fe22dbf58 method=java.io.DataInputStream.readFully([BII)V @ 30 c2
Event: 89.638 Thread 0x0000024ff52a2470 DEOPT PACKING pc=0x0000024fe22dbf58 sp=0x0000005bda27e1d0
Event: 89.638 Thread 0x0000024ff52a2470 DEOPT UNPACKING pc=0x0000024fe1b73aa2 sp=0x0000005bda27e1b8 mode 2
Event: 89.638 Thread 0x0000024ff52a2470 Uncommon trap: trap_request=0xffffffc6 fr.pc=0x0000024fe22dbf58 relative=0x00000000000013d8
Event: 89.638 Thread 0x0000024ff52a2470 Uncommon trap: reason=bimorphic_or_optimized_type_check action=maybe_recompile pc=0x0000024fe22dbf58 method=java.io.DataInputStream.readFully([BII)V @ 30 c2
Event: 89.638 Thread 0x0000024ff52a2470 DEOPT PACKING pc=0x0000024fe22dbf58 sp=0x0000005bda27e2a0
Event: 89.638 Thread 0x0000024ff52a2470 DEOPT UNPACKING pc=0x0000024fe1b73aa2 sp=0x0000005bda27e2a8 mode 2
Event: 89.649 Thread 0x0000024ff52a2470 Uncommon trap: trap_request=0xffffff45 fr.pc=0x0000024fe263feb4 relative=0x0000000000000af4
Event: 89.649 Thread 0x0000024ff52a2470 Uncommon trap: reason=unstable_if action=reinterpret pc=0x0000024fe263feb4 method=sun.nio.fs.WindowsPath.openForReadAttributeAccess(Z)J @ 5 c2
Event: 89.649 Thread 0x0000024ff52a2470 DEOPT PACKING pc=0x0000024fe263feb4 sp=0x0000005bda27ddd0
Event: 89.649 Thread 0x0000024ff52a2470 DEOPT UNPACKING pc=0x0000024fe1b73aa2 sp=0x0000005bda27dda8 mode 2
Event: 89.649 Thread 0x0000024ff52a2470 Uncommon trap: trap_request=0xffffff45 fr.pc=0x0000024fe263df30 relative=0x0000000000000650
Event: 89.649 Thread 0x0000024ff52a2470 Uncommon trap: reason=unstable_if action=reinterpret pc=0x0000024fe263df30 method=sun.nio.fs.WindowsFileAttributes.isReparsePoint(I)Z @ 5 c2
Event: 89.649 Thread 0x0000024ff52a2470 DEOPT PACKING pc=0x0000024fe263df30 sp=0x0000005bda27ddf0
Event: 89.649 Thread 0x0000024ff52a2470 DEOPT UNPACKING pc=0x0000024fe1b73aa2 sp=0x0000005bda27dd18 mode 2
Event: 89.649 Thread 0x0000024ff52a2470 Uncommon trap: trap_request=0xffffff45 fr.pc=0x0000024fe262c084 relative=0x00000000000001c4
Event: 89.649 Thread 0x0000024ff52a2470 Uncommon trap: reason=unstable_if action=reinterpret pc=0x0000024fe262c084 method=sun.nio.fs.NativeBuffers.getNativeBufferFromCache(I)Lsun/nio/fs/NativeBuffer; @ 34 c2
Event: 89.649 Thread 0x0000024ff52a2470 DEOPT PACKING pc=0x0000024fe262c084 sp=0x0000005bda27dd00
Event: 89.649 Thread 0x0000024ff52a2470 DEOPT UNPACKING pc=0x0000024fe1b73aa2 sp=0x0000005bda27dc88 mode 2

Classes loaded (20 events):
Event: 89.646 Loading class sun/nio/ch/PipeImpl$Initializer
Event: 89.646 Loading class sun/nio/ch/PipeImpl$Initializer done
Event: 89.646 Loading class sun/nio/ch/PipeImpl$Initializer$LoopbackConnector
Event: 89.646 Loading class sun/nio/ch/PipeImpl$Initializer$LoopbackConnector done
Event: 89.646 Loading class sun/nio/ch/UnixDomainSockets
Event: 89.646 Loading class sun/nio/ch/UnixDomainSockets done
Event: 89.646 Loading class sun/nio/ch/UnixDomainSocketsUtil
Event: 89.646 Loading class sun/nio/ch/UnixDomainSocketsUtil done
Event: 89.647 Loading class sun/nio/ch/ServerSocketChannelImpl
Event: 89.647 Loading class sun/nio/ch/ServerSocketChannelImpl done
Event: 89.649 Loading class java/nio/BufferMismatch
Event: 89.649 Loading class java/nio/BufferMismatch done
Event: 89.649 Loading class sun/nio/ch/SourceChannelImpl
Event: 89.649 Loading class java/nio/channels/Pipe$SourceChannel
Event: 89.649 Loading class java/nio/channels/Pipe$SourceChannel done
Event: 89.649 Loading class sun/nio/ch/SourceChannelImpl done
Event: 89.649 Loading class sun/nio/ch/SinkChannelImpl
Event: 89.649 Loading class java/nio/channels/Pipe$SinkChannel
Event: 89.649 Loading class java/nio/channels/Pipe$SinkChannel done
Event: 89.649 Loading class sun/nio/ch/SinkChannelImpl done

Classes unloaded (7 events):
Event: 23.484 Thread 0x0000024fd75847d0 Unloading class 0x0000024f811a5400 'java/lang/invoke/LambdaForm$MH+0x0000024f811a5400'
Event: 23.484 Thread 0x0000024fd75847d0 Unloading class 0x0000024f811a5000 'java/lang/invoke/LambdaForm$MH+0x0000024f811a5000'
Event: 23.484 Thread 0x0000024fd75847d0 Unloading class 0x0000024f811a4c00 'java/lang/invoke/LambdaForm$MH+0x0000024f811a4c00'
Event: 23.484 Thread 0x0000024fd75847d0 Unloading class 0x0000024f811a4800 'java/lang/invoke/LambdaForm$MH+0x0000024f811a4800'
Event: 23.484 Thread 0x0000024fd75847d0 Unloading class 0x0000024f811a4400 'java/lang/invoke/LambdaForm$BMH+0x0000024f811a4400'
Event: 23.484 Thread 0x0000024fd75847d0 Unloading class 0x0000024f811a4000 'java/lang/invoke/LambdaForm$DMH+0x0000024f811a4000'
Event: 23.484 Thread 0x0000024fd75847d0 Unloading class 0x0000024f811a2c00 'java/lang/invoke/LambdaForm$DMH+0x0000024f811a2c00'

Classes redefined (0 events):
No events

Internal exceptions (20 events):
Event: 86.382 Thread 0x0000024ff52a2470 Exception <a 'java/lang/NoSuchMethodError'{0x00000000eada96b0}: 'java.lang.Object java.lang.invoke.DirectMethodHandle$Holder.invokeStatic(java.lang.Object, java.lang.Object, java.lang.Object, java.lang.Object, java.lang.Object, java.lang.Object, java.lang.Object, java.lang.Object, java.lang.Object, java.lang.Object, java.lang.Object, java.lang.Object, java.lang.Object, java.lang.Object, java.lang.Object, java.lang.Object, java.lang.Object)'> (0x00000000eada96b0) 
thrown [s\src\hotspot\share\interpreter\lin
Event: 86.384 Thread 0x0000024ff52a2470 Exception <a 'java/lang/NoSuchMethodError'{0x00000000eadd8da0}: 'java.lang.Object java.lang.invoke.DirectMethodHandle$Holder.invokeStatic(java.lang.Object, java.lang.Object, java.lang.Object, java.lang.Object, java.lang.Object, java.lang.Object, java.lang.Object, java.lang.Object, java.lang.Object, java.lang.Object, java.lang.Object, java.lang.Object, java.lang.Object, java.lang.Object, java.lang.Object, java.lang.Object, java.lang.Object, java.lang.Object)'> (0x00000000eadd8da0) 
thrown [s\src\hotspot\sha
Event: 86.385 Thread 0x0000024ff52a2470 Exception <a 'java/lang/NoSuchMethodError'{0x00000000eae068a8}: 'java.lang.Object java.lang.invoke.DirectMethodHandle$Holder.invokeStatic(java.lang.Object, java.lang.Object, java.lang.Object, java.lang.Object, java.lang.Object, java.lang.Object, java.lang.Object, java.lang.Object, java.lang.Object, java.lang.Object, java.lang.Object, java.lang.Object, java.lang.Object, java.lang.Object, java.lang.Object, java.lang.Object, java.lang.Object, java.lang.Object, java.lang.Object)'> (0x00000000eae068a8) 
thrown 
Event: 86.387 Thread 0x0000024ff52a2470 Exception <a 'java/lang/NoSuchMethodError'{0x00000000eae361f8}: 'java.lang.Object java.lang.invoke.DirectMethodHandle$Holder.invokeStatic(java.lang.Object, java.lang.Object, java.lang.Object, java.lang.Object, java.lang.Object, java.lang.Object, java.lang.Object, java.lang.Object, java.lang.Object, java.lang.Object, java.lang.Object, java.lang.Object, java.lang.Object, java.lang.Object, java.lang.Object, java.lang.Object, java.lang.Object, java.lang.Object, java.lang.Object, java.lang.Object)'> (0x00000000
Event: 86.388 Thread 0x0000024ff52a2470 Exception <a 'java/lang/NoSuchMethodError'{0x00000000eae66688}: 'java.lang.Object java.lang.invoke.DirectMethodHandle$Holder.invokeStatic(java.lang.Object, java.lang.Object, java.lang.Object, java.lang.Object, java.lang.Object, java.lang.Object, java.lang.Object, java.lang.Object, java.lang.Object, java.lang.Object, java.lang.Object, java.lang.Object, java.lang.Object, java.lang.Object, java.lang.Object, java.lang.Object, java.lang.Object, java.lang.Object, java.lang.Object, java.lang.Object, java.lang.Obj
Event: 86.389 Thread 0x0000024ff52a2470 Exception <a 'java/lang/NoSuchMethodError'{0x00000000eae97250}: 'java.lang.Object java.lang.invoke.DirectMethodHandle$Holder.invokeStatic(java.lang.Object, java.lang.Object, java.lang.Object, java.lang.Object, java.lang.Object, java.lang.Object, java.lang.Object, java.lang.Object, java.lang.Object, java.lang.Object, java.lang.Object, java.lang.Object, java.lang.Object, java.lang.Object, java.lang.Object, java.lang.Object, java.lang.Object, java.lang.Object, java.lang.Object, java.lang.Object, java.lang.Obj
Event: 86.390 Thread 0x0000024ff52a2470 Exception <a 'java/lang/NoSuchMethodError'{0x00000000eaec9020}: 'java.lang.Object java.lang.invoke.DirectMethodHandle$Holder.invokeStatic(java.lang.Object, java.lang.Object, java.lang.Object, java.lang.Object, java.lang.Object, java.lang.Object, java.lang.Object, java.lang.Object, java.lang.Object, java.lang.Object, java.lang.Object, java.lang.Object, java.lang.Object, java.lang.Object, java.lang.Object, java.lang.Object, java.lang.Object, java.lang.Object, java.lang.Object, java.lang.Object, java.lang.Obj
Event: 86.392 Thread 0x0000024ff52a2470 Exception <a 'java/lang/NoSuchMethodError'{0x00000000eaefc000}: 'java.lang.Object java.lang.invoke.DirectMethodHandle$Holder.invokeStatic(java.lang.Object, java.lang.Object, java.lang.Object, java.lang.Object, java.lang.Object, java.lang.Object, java.lang.Object, java.lang.Object, java.lang.Object, java.lang.Object, java.lang.Object, java.lang.Object, java.lang.Object, java.lang.Object, java.lang.Object, java.lang.Object, java.lang.Object, java.lang.Object, java.lang.Object, java.lang.Object, java.lang.Obj
Event: 86.394 Thread 0x0000024ff52a2470 Exception <a 'java/lang/NoSuchMethodError'{0x00000000eaf30458}: 'java.lang.Object java.lang.invoke.DirectMethodHandle$Holder.invokeStatic(java.lang.Object, java.lang.Object, java.lang.Object, java.lang.Object, java.lang.Object, java.lang.Object, java.lang.Object, java.lang.Object, java.lang.Object, java.lang.Object, java.lang.Object, java.lang.Object, java.lang.Object, java.lang.Object, java.lang.Object, java.lang.Object, java.lang.Object, java.lang.Object, java.lang.Object, java.lang.Object, java.lang.Obj
Event: 86.397 Thread 0x0000024ff52a2470 Exception <a 'java/lang/NoSuchMethodError'{0x00000000eaf56f90}: 'java.lang.Object java.lang.invoke.DirectMethodHandle$Holder.invokeSpecial(java.lang.Object, java.lang.Object, java.lang.Object, java.lang.Object, java.lang.Object, java.lang.Object, java.lang.Object, java.lang.Object, java.lang.Object, java.lang.Object, java.lang.Object, java.lang.Object, java.lang.Object, java.lang.Object, java.lang.Object, java.lang.Object, java.lang.Object, java.lang.Object, java.lang.Object, java.lang.Object, java.lang.Ob
Event: 86.398 Thread 0x0000024ff52a2470 Exception <a 'java/lang/NoSuchMethodError'{0x00000000eaf6c778}: 'java.lang.Object java.lang.invoke.DirectMethodHandle$Holder.newInvokeSpecial(java.lang.Object, java.lang.Object, java.lang.Object, java.lang.Object, java.lang.Object, java.lang.Object, java.lang.Object, java.lang.Object, java.lang.Object, java.lang.Object, java.lang.Object, java.lang.Object, java.lang.Object, java.lang.Object, java.lang.Object, java.lang.Object, java.lang.Object, java.lang.Object, java.lang.Object, java.lang.Object, java.lang
Event: 86.398 Thread 0x0000024ff52a2470 Exception <a 'java/lang/NoSuchMethodError'{0x00000000eaf72970}: 'java.lang.Object java.lang.invoke.Invokers$Holder.linkToTargetMethod(java.lang.Object, java.lang.Object, java.lang.Object, java.lang.Object, java.lang.Object, java.lang.Object, java.lang.Object, java.lang.Object, java.lang.Object, java.lang.Object, java.lang.Object, java.lang.Object, java.lang.Object, java.lang.Object, java.lang.Object, java.lang.Object, java.lang.Object, java.lang.Object, java.lang.Object, java.lang.Object, java.lang.Object,
Event: 86.398 Thread 0x0000024ff52a2470 Exception <a 'java/lang/NoSuchMethodError'{0x00000000eaf77b38}: 'java.lang.Object java.lang.invoke.DirectMethodHandle$Holder.invokeVirtual(java.lang.Object, java.lang.Object, java.lang.Object, java.lang.Object, java.lang.Object, java.lang.Object, java.lang.Object, java.lang.Object, java.lang.Object, java.lang.Object)'> (0x00000000eaf77b38) 
thrown [s\src\hotspot\share\interpreter\linkResolver.cpp, line 773]
Event: 86.411 Thread 0x0000024ff52a2470 Exception <a 'java/lang/NoSuchMethodError'{0x00000000eb10e4a0}: 'java.lang.Object java.lang.invoke.DirectMethodHandle$Holder.invokeVirtual(java.lang.Object, java.lang.Object, java.lang.Object, java.lang.Object, java.lang.Object, java.lang.Object, java.lang.Object, java.lang.Object, java.lang.Object)'> (0x00000000eb10e4a0) 
thrown [s\src\hotspot\share\interpreter\linkResolver.cpp, line 773]
Event: 86.433 Thread 0x0000024ff52a2470 Exception <a 'java/lang/NoSuchMethodError'{0x00000000eb34d798}: 'java.lang.Object java.lang.invoke.DirectMethodHandle$Holder.invokeVirtual(java.lang.Object, java.lang.Object, java.lang.Object, java.lang.Object, java.lang.Object, java.lang.Object, java.lang.Object, java.lang.Object)'> (0x00000000eb34d798) 
thrown [s\src\hotspot\share\interpreter\linkResolver.cpp, line 773]
Event: 86.439 Thread 0x0000024ff52a2470 Exception <a 'java/lang/NoSuchMethodError'{0x00000000eb3c5fb8}: 'long java.lang.invoke.DirectMethodHandle$Holder.invokeVirtual(java.lang.Object, java.lang.Object)'> (0x00000000eb3c5fb8) 
thrown [s\src\hotspot\share\interpreter\linkResolver.cpp, line 773]
Event: 86.440 Thread 0x0000024ff52a2470 Exception <a 'java/lang/NoSuchMethodError'{0x00000000eb3c93b8}: 'long java.lang.invoke.DelegatingMethodHandle$Holder.reinvoke_L(java.lang.Object, java.lang.Object)'> (0x00000000eb3c93b8) 
thrown [s\src\hotspot\share\interpreter\linkResolver.cpp, line 773]
Event: 86.858 Thread 0x0000024ff52a10c0 Exception <a 'java/lang/NoSuchMethodError'{0x00000000eac80ae0}: 'void java.lang.invoke.DirectMethodHandle$Holder.invokeStatic(java.lang.Object, long)'> (0x00000000eac80ae0) 
thrown [s\src\hotspot\share\interpreter\linkResolver.cpp, line 773]
Event: 87.267 Thread 0x0000024ff52a10c0 Exception <a 'java/lang/NoSuchMethodError'{0x00000000eacc7618}: 'void java.lang.invoke.DirectMethodHandle$Holder.invokeSpecial(java.lang.Object, java.lang.Object, int)'> (0x00000000eacc7618) 
thrown [s\src\hotspot\share\interpreter\linkResolver.cpp, line 773]
Event: 87.267 Thread 0x0000024ff52a10c0 Exception <a 'java/lang/NoSuchMethodError'{0x00000000eaccca40}: 'java.lang.Object java.lang.invoke.DirectMethodHandle$Holder.newInvokeSpecial(java.lang.Object, java.lang.Object, int)'> (0x00000000eaccca40) 
thrown [s\src\hotspot\share\interpreter\linkResolver.cpp, line 773]

ZGC Phase Switch (0 events):
No events

VM Operations (20 events):
Event: 85.395 Executing VM operation: ParallelGCFailedAllocation (Allocation Failure)
Event: 85.395 Executing VM operation: ParallelGCFailedAllocation (Allocation Failure) done
Event: 85.449 Executing VM operation: ParallelGCFailedAllocation (Allocation Failure)
Event: 85.450 Executing VM operation: ParallelGCFailedAllocation (Allocation Failure) done
Event: 85.514 Executing VM operation: ParallelGCFailedAllocation (Allocation Failure)
Event: 85.515 Executing VM operation: ParallelGCFailedAllocation (Allocation Failure) done
Event: 85.586 Executing VM operation: ParallelGCFailedAllocation (Allocation Failure)
Event: 85.587 Executing VM operation: ParallelGCFailedAllocation (Allocation Failure) done
Event: 85.639 Executing VM operation: ParallelGCFailedAllocation (Allocation Failure)
Event: 85.640 Executing VM operation: ParallelGCFailedAllocation (Allocation Failure) done
Event: 86.355 Executing VM operation: ParallelGCFailedAllocation (Allocation Failure)
Event: 86.356 Executing VM operation: ParallelGCFailedAllocation (Allocation Failure) done
Event: 86.416 Executing VM operation: HandshakeAllThreads (Deoptimize)
Event: 86.416 Executing VM operation: HandshakeAllThreads (Deoptimize) done
Event: 86.579 Executing VM operation: ParallelGCFailedAllocation (Allocation Failure)
Event: 86.580 Executing VM operation: ParallelGCFailedAllocation (Allocation Failure) done
Event: 86.862 Executing VM operation: HandshakeAllThreads (Deoptimize)
Event: 86.862 Executing VM operation: HandshakeAllThreads (Deoptimize) done
Event: 87.862 Executing VM operation: Cleanup
Event: 87.862 Executing VM operation: Cleanup done

Memory protections (0 events):
No events

Nmethod flushes (20 events):
Event: 83.760 Thread 0x0000024fd75847d0 flushing  nmethod 0x0000024fdb0d4b90
Event: 83.760 Thread 0x0000024fd75847d0 flushing  nmethod 0x0000024fdb0d5510
Event: 83.760 Thread 0x0000024fd75847d0 flushing  nmethod 0x0000024fdb0ed790
Event: 83.760 Thread 0x0000024fd75847d0 flushing  nmethod 0x0000024fdb0f2190
Event: 83.760 Thread 0x0000024fd75847d0 flushing  nmethod 0x0000024fdb102b90
Event: 83.760 Thread 0x0000024fd75847d0 flushing  nmethod 0x0000024fdb105410
Event: 83.760 Thread 0x0000024fd75847d0 flushing  nmethod 0x0000024fdb110590
Event: 83.760 Thread 0x0000024fd75847d0 flushing  nmethod 0x0000024fdb110b10
Event: 83.760 Thread 0x0000024fd75847d0 flushing  nmethod 0x0000024fdb111610
Event: 83.760 Thread 0x0000024fd75847d0 flushing  nmethod 0x0000024fdb112010
Event: 83.760 Thread 0x0000024fd75847d0 flushing  nmethod 0x0000024fdb117590
Event: 83.760 Thread 0x0000024fd75847d0 flushing  nmethod 0x0000024fdb120490
Event: 83.760 Thread 0x0000024fd75847d0 flushing  nmethod 0x0000024fdb12f890
Event: 83.760 Thread 0x0000024fd75847d0 flushing  nmethod 0x0000024fdb130890
Event: 83.760 Thread 0x0000024fd75847d0 flushing  nmethod 0x0000024fdb131a10
Event: 83.760 Thread 0x0000024fd75847d0 flushing  nmethod 0x0000024fdb162210
Event: 83.760 Thread 0x0000024fd75847d0 flushing  nmethod 0x0000024fdb19eb90
Event: 83.760 Thread 0x0000024fd75847d0 flushing  nmethod 0x0000024fdb1b6b90
Event: 83.760 Thread 0x0000024fd75847d0 flushing  nmethod 0x0000024fdb1cdc90
Event: 83.760 Thread 0x0000024fd75847d0 flushing  nmethod 0x0000024fdb1ee510

Events (20 events):
Event: 85.104 Thread 0x0000024fd759e4c0 Thread added: 0x0000024ff3dede20
Event: 85.434 Thread 0x0000024ff3ded080 Thread added: 0x0000024ff5c91aa0
Event: 85.475 Thread 0x0000024ff5c91aa0 Thread added: 0x0000024ff5c8eaf0
Event: 85.793 Thread 0x0000024ff5c8eaf0 Thread exited: 0x0000024ff5c8eaf0
Event: 86.013 Thread 0x0000024ff5c91aa0 Thread exited: 0x0000024ff5c91aa0
Event: 86.054 Thread 0x0000024ff3dede20 Thread exited: 0x0000024ff3dede20
Event: 86.304 Thread 0x0000024ff3ded080 Thread exited: 0x0000024ff3ded080
Event: 86.389 Thread 0x0000024fd759e4c0 Thread added: 0x0000024ff5c8eaf0
Event: 86.450 Thread 0x0000024ff52a2470 Thread added: 0x0000024ff52a2b00
Event: 86.602 Thread 0x0000024ff52a2470 Thread added: 0x0000024ff52a10c0
Event: 86.865 Thread 0x0000024ff52a10c0 Thread added: 0x0000024ff52a3820
Event: 86.865 Thread 0x0000024ff52a10c0 Thread added: 0x0000024ff52a03a0
Event: 87.134 Thread 0x0000024ff5c8eaf0 Thread exited: 0x0000024ff5c8eaf0
Event: 87.383 Thread 0x0000024ff52a2470 Thread added: 0x0000024ff52a3eb0
Event: 87.388 Thread 0x0000024ff52a3eb0 Thread added: 0x0000024ff52a0a30
Event: 87.388 Thread 0x0000024ff52a3eb0 Thread added: 0x0000024ff52a5260
Event: 87.388 Thread 0x0000024ff52a0a30 Thread exited: 0x0000024ff52a0a30
Event: 88.650 Thread 0x0000024ff3dec9b0 Thread exited: 0x0000024ff3dec9b0
Event: 89.637 Thread 0x0000024ff52a3eb0 Thread exited: 0x0000024ff52a3eb0
Event: 89.637 Thread 0x0000024ff52a5260 Thread exited: 0x0000024ff52a5260


Dynamic libraries:
0x00007ff78b000000 - 0x00007ff78b00e000 	c:\Users\admin\.cursor\extensions\redhat.java-1.42.0-win32-x64\jre\21.0.7-win32-x86_64\bin\java.exe
0x00007ffd56dc0000 - 0x00007ffd57026000 	C:\WINDOWS\SYSTEM32\ntdll.dll
0x00007ffd54b80000 - 0x00007ffd54c49000 	C:\WINDOWS\System32\KERNEL32.DLL
0x00007ffd53f50000 - 0x00007ffd5431c000 	C:\WINDOWS\System32\KERNELBASE.dll
0x00007ffd54a30000 - 0x00007ffd54b7b000 	C:\WINDOWS\System32\ucrtbase.dll
0x00007ffd3a600000 - 0x00007ffd3a618000 	c:\Users\admin\.cursor\extensions\redhat.java-1.42.0-win32-x64\jre\21.0.7-win32-x86_64\bin\jli.dll
0x00007ffd3a300000 - 0x00007ffd3a31e000 	c:\Users\admin\.cursor\extensions\redhat.java-1.42.0-win32-x64\jre\21.0.7-win32-x86_64\bin\VCRUNTIME140.dll
0x00007ffd55e30000 - 0x00007ffd55ffa000 	C:\WINDOWS\System32\USER32.dll
0x00007ffd54960000 - 0x00007ffd54987000 	C:\WINDOWS\System32\win32u.dll
0x00007ffd562a0000 - 0x00007ffd562cb000 	C:\WINDOWS\System32\GDI32.dll
0x00007ffd407f0000 - 0x00007ffd40a8a000 	C:\WINDOWS\WinSxS\amd64_microsoft.windows.common-controls_6595b64144ccf1df_6.0.26100.3912_none_3e07963ce335137e\COMCTL32.dll
0x00007ffd54820000 - 0x00007ffd54952000 	C:\WINDOWS\System32\gdi32full.dll
0x00007ffd56140000 - 0x00007ffd561e9000 	C:\WINDOWS\System32\msvcrt.dll
0x00007ffd54320000 - 0x00007ffd543c3000 	C:\WINDOWS\System32\msvcp_win.dll
0x00007ffd55a20000 - 0x00007ffd55a50000 	C:\WINDOWS\System32\IMM32.DLL
0x00007ffd49db0000 - 0x00007ffd49dbc000 	c:\Users\admin\.cursor\extensions\redhat.java-1.42.0-win32-x64\jre\21.0.7-win32-x86_64\bin\vcruntime140_1.dll
0x00007ffd24360000 - 0x00007ffd243ed000 	c:\Users\admin\.cursor\extensions\redhat.java-1.42.0-win32-x64\jre\21.0.7-win32-x86_64\bin\msvcp140.dll
0x00007ffcbe940000 - 0x00007ffcbf6d0000 	c:\Users\admin\.cursor\extensions\redhat.java-1.42.0-win32-x64\jre\21.0.7-win32-x86_64\bin\server\jvm.dll
0x00007ffd55a70000 - 0x00007ffd55b22000 	C:\WINDOWS\System32\ADVAPI32.dll
0x00007ffd561f0000 - 0x00007ffd56296000 	C:\WINDOWS\System32\sechost.dll
0x00007ffd54de0000 - 0x00007ffd54ef6000 	C:\WINDOWS\System32\RPCRT4.dll
0x00007ffd560b0000 - 0x00007ffd56124000 	C:\WINDOWS\System32\WS2_32.dll
0x00007ffd44840000 - 0x00007ffd44876000 	C:\WINDOWS\SYSTEM32\WINMM.dll
0x00007ffd53dc0000 - 0x00007ffd53e1e000 	C:\WINDOWS\SYSTEM32\POWRPROF.dll
0x00007ffd4d250000 - 0x00007ffd4d25b000 	C:\WINDOWS\SYSTEM32\VERSION.dll
0x00007ffd53da0000 - 0x00007ffd53db4000 	C:\WINDOWS\SYSTEM32\UMPDC.dll
0x00007ffd52d10000 - 0x00007ffd52d2a000 	C:\WINDOWS\SYSTEM32\kernel.appcore.dll
0x00007ffd48f30000 - 0x00007ffd48f3a000 	c:\Users\admin\.cursor\extensions\redhat.java-1.42.0-win32-x64\jre\21.0.7-win32-x86_64\bin\jimage.dll
0x00007ffd087a0000 - 0x00007ffd089e1000 	C:\WINDOWS\SYSTEM32\DBGHELP.DLL
0x00007ffd562d0000 - 0x00007ffd56654000 	C:\WINDOWS\System32\combase.dll
0x00007ffd56c90000 - 0x00007ffd56d70000 	C:\WINDOWS\System32\OLEAUT32.dll
0x00007ffd32580000 - 0x00007ffd325b9000 	C:\WINDOWS\SYSTEM32\dbgcore.DLL
0x00007ffd54990000 - 0x00007ffd54a29000 	C:\WINDOWS\System32\bcryptPrimitives.dll
0x00007ffd44e20000 - 0x00007ffd44e2f000 	c:\Users\admin\.cursor\extensions\redhat.java-1.42.0-win32-x64\jre\21.0.7-win32-x86_64\bin\instrument.dll
0x00007ffd399f0000 - 0x00007ffd39a0f000 	c:\Users\admin\.cursor\extensions\redhat.java-1.42.0-win32-x64\jre\21.0.7-win32-x86_64\bin\java.dll
0x00007ffd54f00000 - 0x00007ffd5562d000 	C:\WINDOWS\System32\SHELL32.dll
0x00007ffd546a0000 - 0x00007ffd54814000 	C:\WINDOWS\System32\wintypes.dll
0x00007ffd51c00000 - 0x00007ffd52456000 	C:\WINDOWS\SYSTEM32\windows.storage.dll
0x00007ffd54c50000 - 0x00007ffd54d3f000 	C:\WINDOWS\System32\SHCORE.dll
0x00007ffd559b0000 - 0x00007ffd55a19000 	C:\WINDOWS\System32\shlwapi.dll
0x00007ffd53e30000 - 0x00007ffd53e5f000 	C:\WINDOWS\SYSTEM32\profapi.dll
0x00007ffd397b0000 - 0x00007ffd397c8000 	c:\Users\admin\.cursor\extensions\redhat.java-1.42.0-win32-x64\jre\21.0.7-win32-x86_64\bin\zip.dll
0x00007ffd3db80000 - 0x00007ffd3db90000 	C:\Users\admin\.cursor\extensions\redhat.java-1.42.0-win32-x64\jre\21.0.7-win32-x86_64\bin\net.dll
0x00007ffd4d260000 - 0x00007ffd4d37e000 	C:\WINDOWS\SYSTEM32\WINHTTP.dll
0x0000000180000000 - 0x000000018008c000 	C:\WINDOWS\system32\ASProxy64.dll
0x00007ffd55b50000 - 0x00007ffd55cef000 	C:\WINDOWS\System32\ole32.dll
0x00007ffd52750000 - 0x00007ffd52783000 	C:\WINDOWS\SYSTEM32\IPHLPAPI.DLL
0x00007ffd53280000 - 0x00007ffd532ea000 	C:\WINDOWS\SYSTEM32\MSWSOCK.dll
0x00007ffd52fb0000 - 0x00007ffd52ff8000 	C:\WINDOWS\SYSTEM32\SspiCli.dll
0x00007ffd38e10000 - 0x00007ffd38e26000 	C:\Users\admin\.cursor\extensions\redhat.java-1.42.0-win32-x64\jre\21.0.7-win32-x86_64\bin\nio.dll
0x00007ffd3d950000 - 0x00007ffd3d960000 	c:\Users\admin\.cursor\extensions\redhat.java-1.42.0-win32-x64\jre\21.0.7-win32-x86_64\bin\verify.dll
0x00007ffd51220000 - 0x00007ffd512cf000 	C:\WINDOWS\system32\uxtheme.dll
0x00007ffd2e2d0000 - 0x00007ffd2e315000 	C:\Users\admin\AppData\Roaming\Cursor\User\globalStorage\redhat.java\1.42.0\config_win\org.eclipse.equinox.launcher\org.eclipse.equinox.launcher.win32.win32.x86_64_1.2.1300.v20250331-1702\eclipse_11911.dll
0x00007ffd53520000 - 0x00007ffd5353c000 	C:\WINDOWS\SYSTEM32\CRYPTSP.dll
0x00007ffd52c70000 - 0x00007ffd52caa000 	C:\WINDOWS\system32\rsaenh.dll
0x00007ffd53320000 - 0x00007ffd5334b000 	C:\WINDOWS\SYSTEM32\USERENV.dll
0x00007ffd53e70000 - 0x00007ffd53e96000 	C:\WINDOWS\SYSTEM32\bcrypt.dll
0x00007ffd53540000 - 0x00007ffd5354c000 	C:\WINDOWS\SYSTEM32\CRYPTBASE.dll
0x00007ffd56130000 - 0x00007ffd5613a000 	C:\WINDOWS\System32\NSI.dll
0x00007ffd50fa0000 - 0x00007ffd50faa000 	C:\Users\admin\.cursor\extensions\redhat.java-1.42.0-win32-x64\jre\21.0.7-win32-x86_64\bin\management.dll
0x00007ffd50f90000 - 0x00007ffd50f9b000 	C:\Users\admin\.cursor\extensions\redhat.java-1.42.0-win32-x64\jre\21.0.7-win32-x86_64\bin\management_ext.dll
0x00007ffd55a60000 - 0x00007ffd55a68000 	C:\WINDOWS\System32\PSAPI.DLL
0x00007ffd2e0f0000 - 0x00007ffd2e139000 	C:\Users\admin\AppData\Local\Temp\jna-92668751\jna1123274605315601613.dll
0x00007ffd4ce10000 - 0x00007ffd4ce2f000 	C:\WINDOWS\SYSTEM32\dhcpcsvc6.DLL
0x00007ffd4cda0000 - 0x00007ffd4cdc5000 	C:\WINDOWS\SYSTEM32\dhcpcsvc.DLL
0x00007ffd50f80000 - 0x00007ffd50f8e000 	C:\Users\admin\.cursor\extensions\redhat.java-1.42.0-win32-x64\jre\21.0.7-win32-x86_64\bin\sunmscapi.dll
0x00007ffd54460000 - 0x00007ffd545d7000 	C:\WINDOWS\System32\CRYPT32.dll
0x00007ffd53730000 - 0x00007ffd53760000 	C:\WINDOWS\SYSTEM32\ncrypt.dll
0x00007ffd536e0000 - 0x00007ffd5371f000 	C:\WINDOWS\SYSTEM32\NTASN1.dll
0x00007ffd52790000 - 0x00007ffd528b7000 	C:\WINDOWS\SYSTEM32\DNSAPI.dll
0x00007ffd4b0b0000 - 0x00007ffd4b0bb000 	C:\Windows\System32\rasadhlp.dll
0x00007ffd4c310000 - 0x00007ffd4c396000 	C:\WINDOWS\System32\fwpuclnt.dll
0x00007ffd50f70000 - 0x00007ffd50f79000 	C:\Users\admin\.cursor\extensions\redhat.java-1.42.0-win32-x64\jre\21.0.7-win32-x86_64\bin\extnet.dll
0x00007ffd395c0000 - 0x00007ffd395e7000 	C:\Users\admin\.gradle\native\1def1411415f61bf3af743bc5b6707747c0891f09f0c88961ee8f79bc544acac\windows-amd64\native-platform.dll
0x00007ffd399e0000 - 0x00007ffd399e8000 	C:\WINDOWS\system32\wshunix.dll

dbghelp: loaded successfully - version: 4.0.5 - missing functions: none
symbol engine: initialized successfully - sym options: 0x614 - pdb path: .;c:\Users\admin\.cursor\extensions\redhat.java-1.42.0-win32-x64\jre\21.0.7-win32-x86_64\bin;C:\WINDOWS\SYSTEM32;C:\WINDOWS\WinSxS\amd64_microsoft.windows.common-controls_6595b64144ccf1df_6.0.26100.3912_none_3e07963ce335137e;c:\Users\admin\.cursor\extensions\redhat.java-1.42.0-win32-x64\jre\21.0.7-win32-x86_64\bin\server;C:\Users\admin\AppData\Roaming\Cursor\User\globalStorage\redhat.java\1.42.0\config_win\org.eclipse.equinox.launcher\org.eclipse.equinox.launcher.win32.win32.x86_64_1.2.1300.v20250331-1702;C:\Users\admin\AppData\Local\Temp\jna-92668751;C:\Users\admin\.gradle\native\1def1411415f61bf3af743bc5b6707747c0891f09f0c88961ee8f79bc544acac\windows-amd64

VM Arguments:
jvm_args: --add-modules=ALL-SYSTEM --add-opens=java.base/java.util=ALL-UNNAMED --add-opens=java.base/java.lang=ALL-UNNAMED --add-opens=java.base/sun.nio.fs=ALL-UNNAMED -Declipse.application=org.eclipse.jdt.ls.core.id1 -Dosgi.bundles.defaultStartLevel=4 -Declipse.product=org.eclipse.jdt.ls.core.product -Djava.import.generatesMetadataFilesAtProjectRoot=false -DDetectVMInstallationsJob.disabled=true -Dfile.encoding=utf8 -XX:+UseParallelGC -XX:GCTimeRatio=4 -XX:AdaptiveSizePolicyWeight=90 -Dsun.zip.disableMemoryMapping=true -Xmx1G -Xms100m -Xlog:disable -javaagent:c:\Users\admin\.cursor\extensions\redhat.java-1.42.0-win32-x64\lombok\lombok-1.18.36.jar -XX:+HeapDumpOnOutOfMemoryError -XX:HeapDumpPath=c:\Users\admin\AppData\Roaming\Cursor\User\workspaceStorage\0426a641ec518546e312a5bf184515bb\redhat.java -Daether.dependencyCollector.impl=bf 
java_command: c:\Users\admin\.cursor\extensions\redhat.java-1.42.0-win32-x64\server\plugins\org.eclipse.equinox.launcher_1.7.0.v20250424-1814.jar -configuration c:\Users\admin\AppData\Roaming\Cursor\User\globalStorage\redhat.java\1.42.0\config_win -data c:\Users\admin\AppData\Roaming\Cursor\User\workspaceStorage\0426a641ec518546e312a5bf184515bb\redhat.java\jdt_ws --pipe=\\.\pipe\lsp-ac3fe74c8f8585e6f2ca921b72170fca-sock
java_class_path (initial): c:\Users\admin\.cursor\extensions\redhat.java-1.42.0-win32-x64\server\plugins\org.eclipse.equinox.launcher_1.7.0.v20250424-1814.jar
Launcher Type: SUN_STANDARD

[Global flags]
    uintx AdaptiveSizePolicyWeight                 = 90                                        {product} {command line}
     intx CICompilerCount                          = 12                                        {product} {ergonomic}
    uintx GCTimeRatio                              = 4                                         {product} {command line}
     bool HeapDumpOnOutOfMemoryError               = true                                   {manageable} {command line}
    ccstr HeapDumpPath                             = c:\Users\admin\AppData\Roaming\Cursor\User\workspaceStorage\0426a641ec518546e312a5bf184515bb\redhat.java         {manageable} {command line}
   size_t InitialHeapSize                          = 104857600                                 {product} {command line}
   size_t MaxHeapSize                              = 1073741824                                {product} {command line}
   size_t MaxNewSize                               = 357564416                                 {product} {ergonomic}
   size_t MinHeapDeltaBytes                        = 524288                                    {product} {ergonomic}
   size_t MinHeapSize                              = 104857600                                 {product} {command line}
   size_t NewSize                                  = 34603008                                  {product} {ergonomic}
    uintx NonNMethodCodeHeapSize                   = 7602480                                {pd product} {ergonomic}
    uintx NonProfiledCodeHeapSize                  = 122027880                              {pd product} {ergonomic}
   size_t OldSize                                  = 70254592                                  {product} {ergonomic}
    uintx ProfiledCodeHeapSize                     = 122027880                              {pd product} {ergonomic}
    uintx ReservedCodeCacheSize                    = 251658240                              {pd product} {ergonomic}
     bool SegmentedCodeCache                       = true                                      {product} {ergonomic}
   size_t SoftMaxHeapSize                          = 1073741824                             {manageable} {ergonomic}
     bool UseCompressedOops                        = true                           {product lp64_product} {ergonomic}
     bool UseLargePagesIndividualAllocation        = false                                  {pd product} {ergonomic}
     bool UseParallelGC                            = true                                      {product} {command line}

Logging:
Log output configuration:
 #0: stdout all=off uptime,level,tags foldmultilines=false
 #1: stderr all=off uptime,level,tags foldmultilines=false

Environment Variables:
JAVA_HOME=C:\Program Files\OpenLogic\jdk-17.0.15.6-hotspot
PATH=C:\Program Files\Common Files\Oracle\Java\javapath;C:\Program Files\OpenLogic\jdk-17.0.15.6-hotspot\bin;C:\WINDOWS\system32;C:\WINDOWS;C:\WINDOWS\System32\Wbem;C:\WINDOWS\System32\WindowsPowerShell\v1.0\;C:\WINDOWS\System32\OpenSSH\;C:\Program Files\dotnet\;C:\Program Files\Microsoft SQL Server\130\Tools\Binn\;C:\Program Files\Git\cmd;C:\Users\admin\AppData\Roaming\nvm;C:\Program Files\nodejs;C:\Program Files\Microsoft SQL Server\150\Tools\Binn\;C:\Users\admin\AppData\Local\Microsoft\WindowsApps;C:\Users\admin\AppData\Roaming\npm;C:\Users\admin\AppData\Local\Programs\Microsoft VS Code\bin;C:\Users\admin\AppData\Roaming\nvm;C:\Program Files\nodejs;C:\Users\admin\AppData\Local\Android\Sdk\platform-tools;C:\Users\admin\AppData\Local\Programs\cursor\resources\app\bin;C:\;C:\Users\admin\.dotnet\tools
USERNAME=admin
OS=Windows_NT
PROCESSOR_IDENTIFIER=Intel64 Family 6 Model 165 Stepping 5, GenuineIntel
TMP=C:\Users\admin\AppData\Local\Temp
TEMP=C:\Users\admin\AppData\Local\Temp




Periodic native trim disabled

---------------  S Y S T E M  ---------------

OS:
 Windows 11 , 64 bit Build 26100 (10.0.26100.3912)
OS uptime: 0 days 3:56 hours

CPU: total 16 (initial active 16) (8 cores per cpu, 2 threads per core) family 6 model 165 stepping 5 microcode 0xec, cx8, cmov, fxsr, ht, mmx, 3dnowpref, sse, sse2, sse3, ssse3, sse4.1, sse4.2, popcnt, lzcnt, tsc, tscinvbit, avx, avx2, aes, erms, clmul, bmi1, bmi2, adx, fma, vzeroupper, clflush, clflushopt, rdtscp, f16c, pku
Processor Information for processor 0
  Max Mhz: 2901, Current Mhz: 2901, Mhz Limit: 2901
Processor Information for processor 1
  Max Mhz: 2901, Current Mhz: 1400, Mhz Limit: 2901
Processor Information for processor 2
  Max Mhz: 2901, Current Mhz: 1400, Mhz Limit: 2901
Processor Information for processor 3
  Max Mhz: 2901, Current Mhz: 1400, Mhz Limit: 2901
Processor Information for processor 4
  Max Mhz: 2901, Current Mhz: 800, Mhz Limit: 2901
Processor Information for processor 5
  Max Mhz: 2901, Current Mhz: 1400, Mhz Limit: 2901
Processor Information for processor 6
  Max Mhz: 2901, Current Mhz: 1400, Mhz Limit: 2901
Processor Information for processor 7
  Max Mhz: 2901, Current Mhz: 1700, Mhz Limit: 2901
Processor Information for processor 8
  Max Mhz: 2901, Current Mhz: 1400, Mhz Limit: 2901
Processor Information for processor 9
  Max Mhz: 2901, Current Mhz: 1400, Mhz Limit: 2901
Processor Information for processor 10
  Max Mhz: 2901, Current Mhz: 1400, Mhz Limit: 2901
Processor Information for processor 11
  Max Mhz: 2901, Current Mhz: 1400, Mhz Limit: 2901
Processor Information for processor 12
  Max Mhz: 2901, Current Mhz: 1400, Mhz Limit: 2901
Processor Information for processor 13
  Max Mhz: 2901, Current Mhz: 1400, Mhz Limit: 2901
Processor Information for processor 14
  Max Mhz: 2901, Current Mhz: 1400, Mhz Limit: 2901
Processor Information for processor 15
  Max Mhz: 2901, Current Mhz: 900, Mhz Limit: 2901

Memory: 4k page, system-wide physical 16096M (8008M free)
TotalPageFile size 41696M (AvailPageFile size 25135M)
current process WorkingSet (physical memory assigned to process): 209M, peak: 240M
current process commit charge ("private bytes"): 350M, peak: 384M

vm_info: OpenJDK 64-Bit Server VM (21.0.7+6-LTS) for windows-amd64 JRE (21.0.7+6-LTS), built on 2025-04-15T00:00:00Z by "admin" with MS VC++ 17.7 (VS2022)

END.
