#
# A fatal error has been detected by the Java Runtime Environment:
#
#  EXCEPTION_ACCESS_VIOLATION (0xc0000005) at pc=0x000000018000c274, pid=31380, tid=35220
#
# JRE version: OpenJDK Runtime Environment Temurin-21.0.7+6 (21.0.7+6) (build 21.0.7+6-LTS)
# Java VM: OpenJDK 64-Bit Server VM Temurin-21.0.7+6 (21.0.7+6-LTS, mixed mode, sharing, tiered, compressed oops, compressed class ptrs, parallel gc, windows-amd64)
# Problematic frame:
# C  [ASProxy64.dll+0xc274]
#
# No core dump will be written. Minidumps are not enabled by default on client versions of Windows
#
# If you would like to submit a bug report, please visit:
#   https://github.com/adoptium/adoptium-support/issues
# The crash happened outside the Java Virtual Machine in native code.
# See problematic frame for where to report the bug.
#

---------------  S U M M A R Y ------------

Command Line: --add-modules=ALL-SYSTEM --add-opens=java.base/java.util=ALL-UNNAMED --add-opens=java.base/java.lang=ALL-UNNAMED --add-opens=java.base/sun.nio.fs=ALL-UNNAMED -Declipse.application=org.eclipse.jdt.ls.core.id1 -Dosgi.bundles.defaultStartLevel=4 -Declipse.product=org.eclipse.jdt.ls.core.product -Djava.import.generatesMetadataFilesAtProjectRoot=false -DDetectVMInstallationsJob.disabled=true -Dfile.encoding=utf8 -XX:+UseParallelGC -XX:GCTimeRatio=4 -XX:AdaptiveSizePolicyWeight=90 -Dsun.zip.disableMemoryMapping=true -Xmx1G -Xms100m -Xlog:disable -javaagent:c:\Users\admin\.cursor\extensions\redhat.java-1.42.0-win32-x64\lombok\lombok-1.18.36.jar -XX:+HeapDumpOnOutOfMemoryError -XX:HeapDumpPath=c:\Users\admin\AppData\Roaming\Cursor\User\workspaceStorage\0426a641ec518546e312a5bf184515bb\redhat.java -Daether.dependencyCollector.impl=bf c:\Users\admin\.cursor\extensions\redhat.java-1.42.0-win32-x64\server\plugins\org.eclipse.equinox.launcher_1.7.0.v20250424-1814.jar -configuration c:\Users\admin\AppData\Roaming\Cursor\User\globalStorage\redhat.java\1.42.0\config_win -data c:\Users\admin\AppData\Roaming\Cursor\User\workspaceStorage\0426a641ec518546e312a5bf184515bb\redhat.java\jdt_ws --pipe=\\.\pipe\lsp-f10feaa06919d417108a01392ad44e25-sock

Host: Intel(R) Core(TM) i7-10700 CPU @ 2.90GHz, 16 cores, 15G,  Windows 11 , 64 bit Build 26100 (10.0.26100.3912)
Time: Fri May 16 21:36:37 2025 Eastern Daylight Time elapsed time: 8.025167 seconds (0d 0h 0m 8s)

---------------  T H R E A D  ---------------

Current thread (0x000001fe6970e160):  JavaThread "Connection worker"        [_thread_in_native, id=35220, stack(0x0000000911a40000,0x0000000911b40000) (1024K)]

Stack: [0x0000000911a40000,0x0000000911b40000],  sp=0x0000000911b3dca0,  free space=1015k
Native frames: (J=compiled Java code, j=interpreted, Vv=VM code, C=native code)
C  [ASProxy64.dll+0xc274]

Java frames: (J=compiled Java code, j=interpreted, Vv=VM code)
j  sun.nio.ch.WEPoll.ctl(JIJI)I+0 java.base@21.0.7
j  sun.nio.ch.WEPollSelectorImpl.<init>(Ljava/nio/channels/spi/SelectorProvider;)V+139 java.base@21.0.7
j  sun.nio.ch.WEPollSelectorProvider.openSelector()Ljava/nio/channels/spi/AbstractSelector;+5 java.base@21.0.7
j  java.nio.channels.Selector.open()Ljava/nio/channels/Selector;+3 java.base@21.0.7
j  org.gradle.internal.remote.internal.inet.SocketConnection$SocketInputStream.<init>(Ljava/nio/channels/SocketChannel;)V+17
j  org.gradle.internal.remote.internal.inet.SocketConnection.<init>(Ljava/nio/channels/SocketChannel;Lorg/gradle/internal/remote/internal/MessageSerializer;Lorg/gradle/internal/serialize/StatefulSerializer;)V+27
j  org.gradle.internal.remote.internal.inet.SocketConnectCompletion.create(Lorg/gradle/internal/serialize/StatefulSerializer;)Lorg/gradle/internal/remote/internal/RemoteConnection;+16
j  org.gradle.launcher.daemon.client.DefaultDaemonConnector.connectToDaemon(Lorg/gradle/launcher/daemon/context/DaemonConnectDetails;Lorg/gradle/launcher/daemon/client/DaemonClientConnection$StaleAddressDetector;)Lorg/gradle/launcher/daemon/client/DaemonClientConnection;+45
j  org.gradle.launcher.daemon.client.DefaultDaemonConnector.connectToDaemonWithId(Lorg/gradle/launcher/daemon/diagnostics/DaemonStartupInfo;Lorg/gradle/api/internal/specs/ExplainingSpec;)Lorg/gradle/launcher/daemon/client/DaemonClientConnection;+116
j  org.gradle.launcher.daemon.client.DefaultDaemonConnector.doStartDaemon(Lorg/gradle/api/internal/specs/ExplainingSpec;Z)Lorg/gradle/launcher/daemon/client/DaemonClientConnection;+61
j  org.gradle.launcher.daemon.client.DefaultDaemonConnector.startDaemon(Lorg/gradle/api/internal/specs/ExplainingSpec;)Lorg/gradle/launcher/daemon/client/DaemonClientConnection;+3
j  org.gradle.launcher.daemon.client.DaemonClient.execute(Lorg/gradle/internal/invocation/BuildAction;Lorg/gradle/launcher/exec/BuildActionParameters;Lorg/gradle/internal/daemon/client/execution/ClientBuildRequestContext;)Lorg/gradle/launcher/exec/BuildActionResult;+201
j  org.gradle.launcher.daemon.client.DaemonClient.execute(Lorg/gradle/internal/invocation/BuildAction;Ljava/lang/Object;Ljava/lang/Object;)Lorg/gradle/launcher/exec/BuildActionResult;+10
j  org.gradle.tooling.internal.provider.DaemonBuildActionExecuter.execute(Lorg/gradle/internal/invocation/BuildAction;Lorg/gradle/tooling/internal/provider/ConnectionOperationParameters;Lorg/gradle/internal/daemon/client/execution/ClientBuildRequestContext;)Lorg/gradle/launcher/exec/BuildActionResult;+72
j  org.gradle.tooling.internal.provider.DaemonBuildActionExecuter.execute(Lorg/gradle/internal/invocation/BuildAction;Ljava/lang/Object;Ljava/lang/Object;)Lorg/gradle/launcher/exec/BuildActionResult;+10
j  org.gradle.tooling.internal.provider.LoggingBridgingBuildActionExecuter.execute(Lorg/gradle/internal/invocation/BuildAction;Lorg/gradle/tooling/internal/provider/ConnectionOperationParameters;Lorg/gradle/internal/daemon/client/execution/ClientBuildRequestContext;)Lorg/gradle/launcher/exec/BuildActionResult;+77
j  org.gradle.tooling.internal.provider.LoggingBridgingBuildActionExecuter.execute(Lorg/gradle/internal/invocation/BuildAction;Ljava/lang/Object;Ljava/lang/Object;)Lorg/gradle/launcher/exec/BuildActionResult;+10
j  org.gradle.tooling.internal.provider.ProviderConnection.run(Lorg/gradle/internal/invocation/BuildAction;Lorg/gradle/initialization/BuildCancellationToken;Lorg/gradle/tooling/internal/provider/ProviderConnection$ProgressListenerConfiguration;Lorg/gradle/initialization/BuildEventConsumer;Lorg/gradle/tooling/internal/provider/connection/ProviderOperationParameters;Lorg/gradle/tooling/internal/provider/ProviderConnection$Parameters;)Ljava/lang/Object;+79
j  org.gradle.tooling.internal.provider.ProviderConnection.runPhasedAction(Lorg/gradle/tooling/internal/protocol/InternalPhasedAction;Lorg/gradle/tooling/internal/protocol/PhasedActionResultListener;Lorg/gradle/initialization/BuildCancellationToken;Lorg/gradle/tooling/internal/provider/connection/ProviderOperationParameters;)Ljava/lang/Object;+132
j  org.gradle.tooling.internal.provider.DefaultConnection.run(Lorg/gradle/tooling/internal/protocol/InternalPhasedAction;Lorg/gradle/tooling/internal/protocol/PhasedActionResultListener;Lorg/gradle/tooling/internal/protocol/InternalCancellationToken;Lorg/gradle/tooling/internal/protocol/BuildParameters;)Lorg/gradle/tooling/internal/protocol/BuildResult;+28
j  org.gradle.tooling.internal.consumer.connection.PhasedActionAwareConsumerConnection.run(Lorg/gradle/tooling/internal/consumer/PhasedBuildAction;Lorg/gradle/tooling/internal/consumer/parameters/ConsumerOperationParameters;)V+66
j  org.gradle.tooling.internal.consumer.connection.ParameterValidatingConsumerConnection.run(Lorg/gradle/tooling/internal/consumer/PhasedBuildAction;Lorg/gradle/tooling/internal/consumer/parameters/ConsumerOperationParameters;)V+11
j  org.gradle.tooling.internal.consumer.DefaultPhasedBuildActionExecuter$1.run(Lorg/gradle/tooling/internal/consumer/connection/ConsumerConnection;)Ljava/lang/Void;+12
j  org.gradle.tooling.internal.consumer.DefaultPhasedBuildActionExecuter$1.run(Lorg/gradle/tooling/internal/consumer/connection/ConsumerConnection;)Ljava/lang/Object;+2
j  org.gradle.tooling.internal.consumer.connection.LazyConsumerActionExecutor.run(Lorg/gradle/tooling/internal/consumer/connection/ConsumerAction;)Ljava/lang/Object;+34
j  org.gradle.tooling.internal.consumer.connection.CancellableConsumerActionExecutor.run(Lorg/gradle/tooling/internal/consumer/connection/ConsumerAction;)Ljava/lang/Object;+34
j  org.gradle.tooling.internal.consumer.connection.ProgressLoggingConsumerActionExecutor.run(Lorg/gradle/tooling/internal/consumer/connection/ConsumerAction;)Ljava/lang/Object;+78
j  org.gradle.tooling.internal.consumer.connection.RethrowingErrorsConsumerActionExecutor.run(Lorg/gradle/tooling/internal/consumer/connection/ConsumerAction;)Ljava/lang/Object;+5
j  org.gradle.tooling.internal.consumer.async.DefaultAsyncConsumerActionExecutor$1$1.run()V+17
j  org.gradle.internal.concurrent.ExecutorPolicy$CatchAndRecordFailures.onExecute(Ljava/lang/Runnable;)V+1
j  org.gradle.internal.concurrent.AbstractManagedExecutor$1.run()V+25
j  java.util.concurrent.ThreadPoolExecutor.runWorker(Ljava/util/concurrent/ThreadPoolExecutor$Worker;)V+92 java.base@21.0.7
j  java.util.concurrent.ThreadPoolExecutor$Worker.run()V+5 java.base@21.0.7
j  java.lang.Thread.runWith(Ljava/lang/Object;Ljava/lang/Runnable;)V+5 java.base@21.0.7
j  java.lang.Thread.run()V+19 java.base@21.0.7
v  ~StubRoutines::call_stub 0x000001fe5665100d

siginfo: EXCEPTION_ACCESS_VIOLATION (0xc0000005), reading address 0x00000000000006c4


Registers:
RAX=0x0000000000000000, RBX=0x000001fe6b019e68, RCX=0x0000000000000ca8, RDX=0x0000000000000002
RSP=0x0000000911b3dca0, RBP=0x00000000000006c4, RSI=0x000001fe6c7eff00, RDI=0x00000000000006c4
R8 =0x7ffffffffffffffc, R9 =0x0000000000000000, R10=0x0000000000000ca8, R11=0x000001fe4c00c720
R12=0x0000000911b3dee0, R13=0x00000000000012dc, R14=0x000001fe6c7efed0, R15=0x00000000000012dc
RIP=0x000000018000c274, EFLAGS=0x0000000000010246

XMM[0]=0x0000000000000000 0x0000000000000000
XMM[1]=0x0000000000000000 0x0000000000000000
XMM[2]=0x0000000000000000 0x0000000000000000
XMM[3]=0x0000000000000000 0x0000000000000000
XMM[4]=0x0000000000000000 0x0000000000000000
XMM[5]=0x0000000000000000 0x0000000000000000
XMM[6]=0x42df3b8bdf9ace67 0x8475c519843f464a
XMM[7]=0x043013df4e8b62e2 0x94ba9ae1b0f9ca01
XMM[8]=0x0000000000000000 0x7aa47efa3ec8f28d
XMM[9]=0xcaa18cd10d8506d9 0x390b07cc41b8c9fb
XMM[10]=0xffffffffffffffff 0x0b0a090803020100
XMM[11]=0x1e09d66cdc6cd011 0x0000000000000000
XMM[12]=0x0b0a090803020100 0xffffffffffffffff
XMM[13]=0x0c0d0e0f08090a0b 0x0405060700010203
XMM[14]=0x0000000000000000 0x6c9c4e785cd1fc34
XMM[15]=0x0000000000000000 0x00000000f035adbc
  MXCSR=0x00001fa0


Register to memory mapping:

RAX=0x0 is null
RBX=0x000001fe6b019e68 points into unknown readable memory: 0x0000000000000000 | 00 00 00 00 00 00 00 00
RCX=0x0000000000000ca8 is an unknown value
RDX=0x0000000000000002 is an unknown value
RSP=0x0000000911b3dca0 is pointing into the stack for thread: 0x000001fe6970e160
RBP=0x00000000000006c4 is an unknown value
RSI=0x000001fe6c7eff00 points into unknown readable memory: 0x000001fe6c7eff00 | 00 ff 7e 6c fe 01 00 00
RDI=0x00000000000006c4 is an unknown value
R8 =0x7ffffffffffffffc is an unknown value
R9 =0x0 is null
R10=0x0000000000000ca8 is an unknown value
R11=0x000001fe4c00c720 points into unknown readable memory: 0x00000000000007d0 | d0 07 00 00 00 00 00 00
R12=0x0000000911b3dee0 is pointing into the stack for thread: 0x000001fe6970e160
R13=0x00000000000012dc is an unknown value
R14=0x000001fe6c7efed0 points into unknown readable memory: 0x00000000000006c4 | c4 06 00 00 00 00 00 00
R15=0x00000000000012dc is an unknown value

Top of Stack: (sp=0x0000000911b3dca0)
0x0000000911b3dca0:   0000000000000000 0000000000000000
0x0000000911b3dcb0:   00000000000006c4 000000018001f4c2
0x0000000911b3dcc0:   0000000180065ec8 0000000000002736
0x0000000911b3dcd0:   0000000000000001 0000000000000ca8
0x0000000911b3dce0:   00000000000006c4 000000018000c506
0x0000000911b3dcf0:   000001fe6b019e68 0000000000002736
0x0000000911b3dd00:   0000000000000000 000001fe00000008
0x0000000911b3dd10:   000000090000001e 0000000000000000
0x0000000911b3dd20:   00000000000006c4 0000000000000000
0x0000000911b3dd30:   0000000000000001 0000000000000000
0x0000000911b3dd40:   00000000000006c4 00007ff8ddf277e6
0x0000000911b3dd50:   0000000000000ca8 0000000000000602
0x0000000911b3dd60:   000001fe6c7eff00 0000000911b3deb0
0x0000000911b3dd70:   0000000000000000 000001fe00000000
0x0000000911b3dd80:   0000000000000003 000001fe00000001
0x0000000911b3dd90:   0000000000000000 0000000000000000
0x0000000911b3dda0:   00007ff800000000 00007ff8edfe0139
0x0000000911b3ddb0:   0000000000000ca8 0000000000000000
0x0000000911b3ddc0:   0000000000000000 0000d55d5fe5cb7e
0x0000000911b3ddd0:   000001fe6b019e50 00007ff8ddf282af
0x0000000911b3dde0:   0000000000000028 00007ff81ff52cac
0x0000000911b3ddf0:   000001fe6b019e58 000001fe4c0355e0
0x0000000911b3de00:   000001fe6c7efed0 00007ff8ddf28359
0x0000000911b3de10:   000001fe6c7eff00 0000000911b3dee0
0x0000000911b3de20:   000001fe6c7eff00 000001fe6c7efed0
0x0000000911b3de30:   000001fe6970e160 0000000911b3dee0
0x0000000911b3de40:   000001fe675ade80 0000000000000000
0x0000000911b3de50:   000001fe6c7efed0 00007ff8ddf28787
0x0000000911b3de60:   0000000000000000 0000000911b3dee0
0x0000000911b3de70:   00000000000012dc 000001fe6970e160
0x0000000911b3de80:   0000000000000001 00007ff8ddf27a75
0x0000000911b3de90:   00000000000006c4 0000000911b3dee0 

Instructions: (pc=0x000000018000c274)
0x000000018000c174:   70 48 8b 6c 24 78 32 c0 48 83 c4 50 41 5c c3 cc
0x000000018000c184:   cc cc cc cc cc cc cc cc cc cc cc cc 48 85 c9 74
0x000000018000c194:   23 8b 05 ad ff 06 00 89 01 8b 05 a9 ff 06 00 89
0x000000018000c1a4:   41 04 8b 05 a4 ff 06 00 89 41 08 8b 05 9f ff 06
0x000000018000c1b4:   00 89 41 0c f3 c3 cc cc cc cc cc cc c6 01 01 c7
0x000000018000c1c4:   02 01 00 00 00 c3 cc cc cc cc cc cc 48 89 5c 24
0x000000018000c1d4:   08 57 48 83 ec 70 48 8b fa 8b d9 48 8d 15 82 73
0x000000018000c1e4:   05 00 48 8d 4c 24 20 45 33 c0 48 c7 44 24 40 0f
0x000000018000c1f4:   00 00 00 48 c7 44 24 38 00 00 00 00 c6 44 24 28
0x000000018000c204:   00 e8 d6 6b ff ff 4c 8d 4c 24 20 48 8d 4c 24 48
0x000000018000c214:   41 b0 01 8b d3 e8 52 06 02 00 48 83 78 20 10 72
0x000000018000c224:   06 48 8b 48 08 eb 05 48 8d 48 08 90 0f b6 01 48
0x000000018000c234:   ff c7 48 ff c1 88 47 ff 84 c0 75 f0 48 83 7c 24
0x000000018000c244:   68 10 72 0a 48 8b 4c 24 50 e8 52 94 03 00 48 8b
0x000000018000c254:   9c 24 80 00 00 00 48 83 c4 70 5f c3 48 83 ec 48
0x000000018000c264:   0f b6 c2 0f 57 c0 0f 11 44 24 ff 25 00 00 00 00
0x000000018000c274:   ae 7e ef ee f8 7f 00 00 8b 44 24 04 0f af 04 24
0x000000018000c284:   89 04 24 8b 44 24 04 0f af 04 24 83 c0 01 89 04
0x000000018000c294:   24 8b 44 24 04 0f af 04 24 83 c0 02 89 04 24 8b
0x000000018000c2a4:   44 24 04 0f af 04 24 83 c0 03 89 04 24 8b 44 24
0x000000018000c2b4:   04 0f af 04 24 83 c0 04 89 04 24 8b 44 24 04 0f
0x000000018000c2c4:   af 04 24 83 c0 05 89 04 24 8b 44 24 04 0f af 04
0x000000018000c2d4:   24 83 c0 06 89 04 24 8b 44 24 04 0f af 04 24 83
0x000000018000c2e4:   c0 07 89 04 24 8b 44 24 04 0f af 04 24 83 c0 08
0x000000018000c2f4:   89 04 24 8b 44 24 04 0f af 04 24 83 c0 09 89 04
0x000000018000c304:   24 8b 44 24 04 0f af 04 24 83 c0 0a 89 04 24 8b
0x000000018000c314:   44 24 04 0f af 04 24 83 c0 0b 89 04 24 8b 44 24
0x000000018000c324:   04 0f af 04 24 83 c0 0d 89 04 24 8b 44 24 04 0f
0x000000018000c334:   af 04 24 83 c0 0e 89 04 24 8b 44 24 04 0f af 04
0x000000018000c344:   24 83 c0 0f 89 04 24 8b 44 24 04 0f af 04 24 83
0x000000018000c354:   c0 10 89 04 24 8b 44 24 04 0f af 04 24 83 c0 11
0x000000018000c364:   89 04 24 8b 44 24 04 0f af 04 24 83 c0 12 89 04 


Stack slot to memory mapping:

stack at sp + 0 slots: 0x0 is null
stack at sp + 1 slots: 0x0 is null
stack at sp + 2 slots: 0x00000000000006c4 is an unknown value
stack at sp + 3 slots: 0x000000018001f4c2 ASProxy64.dll
stack at sp + 4 slots: 0x0000000180065ec8 ASProxy64.dll
stack at sp + 5 slots: 0x0000000000002736 is an unknown value
stack at sp + 6 slots: 0x0000000000000001 is an unknown value
stack at sp + 7 slots: 0x0000000000000ca8 is an unknown value


---------------  P R O C E S S  ---------------

Threads class SMR info:
_java_thread_list=0x000001fe6ebb0ce0, length=61, elements={
0x000001fe49bca920, 0x000001fe4c0b9400, 0x000001fe603fe040, 0x000001fe4c0bc400,
0x000001fe4c0bd050, 0x000001fe4c0c31f0, 0x000001fe4c0cd5b0, 0x000001fe618e9480,
0x000001fe618ef020, 0x000001fe619e7700, 0x000001fe619ea520, 0x000001fe619eabc0,
0x000001fe61becdf0, 0x000001fe61bee4a0, 0x000001fe68897020, 0x000001fe68231d30,
0x000001fe686e5e90, 0x000001fe682b4ba0, 0x000001fe680aecf0, 0x000001fe680ac590,
0x000001fe680af380, 0x000001fe680ad940, 0x000001fe680ae660, 0x000001fe680abf00,
0x000001fe680adfd0, 0x000001fe69323090, 0x000001fe69325160, 0x000001fe69324440,
0x000001fe69323720, 0x000001fe69326ba0, 0x000001fe69323db0, 0x000001fe693257f0,
0x000001fe69327230, 0x000001fe69324ad0, 0x000001fe69328c70, 0x000001fe693278c0,
0x000001fe69327f50, 0x000001fe693285e0, 0x000001fe69329300, 0x000001fe69325e80,
0x000001fe69329990, 0x000001fe69326510, 0x000001fe6932a020, 0x000001fe6932a6b0,
0x000001fe69709fc0, 0x000001fe69707860, 0x000001fe69707ef0, 0x000001fe69708580,
0x000001fe697092a0, 0x000001fe6970ace0, 0x000001fe6970c090, 0x000001fe6970ba00,
0x000001fe6970c720, 0x000001fe6970cdb0, 0x000001fe69709930, 0x000001fe6970d440,
0x000001fe6970e160, 0x000001fe6970dad0, 0x000001fe695e8b20, 0x000001fe695e5d30,
0x000001fe695e63c0
}

Java Threads: ( => current thread )
  0x000001fe49bca920 JavaThread "main"                              [_thread_blocked, id=31572, stack(0x000000090b800000,0x000000090b900000) (1024K)]
  0x000001fe4c0b9400 JavaThread "Reference Handler"          daemon [_thread_blocked, id=32776, stack(0x000000090bc00000,0x000000090bd00000) (1024K)]
  0x000001fe603fe040 JavaThread "Finalizer"                  daemon [_thread_blocked, id=24304, stack(0x000000090bd00000,0x000000090be00000) (1024K)]
  0x000001fe4c0bc400 JavaThread "Signal Dispatcher"          daemon [_thread_blocked, id=23456, stack(0x000000090be00000,0x000000090bf00000) (1024K)]
  0x000001fe4c0bd050 JavaThread "Attach Listener"            daemon [_thread_blocked, id=22880, stack(0x000000090bf00000,0x000000090c000000) (1024K)]
  0x000001fe4c0c31f0 JavaThread "Service Thread"             daemon [_thread_blocked, id=11612, stack(0x000000090c000000,0x000000090c100000) (1024K)]
  0x000001fe4c0cd5b0 JavaThread "Monitor Deflation Thread"   daemon [_thread_blocked, id=34880, stack(0x000000090c100000,0x000000090c200000) (1024K)]
  0x000001fe618e9480 JavaThread "C2 CompilerThread0"         daemon [_thread_in_native, id=23612, stack(0x000000090c200000,0x000000090c300000) (1024K)]
  0x000001fe618ef020 JavaThread "C1 CompilerThread0"         daemon [_thread_blocked, id=26452, stack(0x000000090c300000,0x000000090c400000) (1024K)]
  0x000001fe619e7700 JavaThread "Common-Cleaner"             daemon [_thread_blocked, id=29240, stack(0x000000090c400000,0x000000090c500000) (1024K)]
  0x000001fe619ea520 JavaThread "C1 CompilerThread1"         daemon [_thread_blocked, id=30184, stack(0x000000090c500000,0x000000090c600000) (1024K)]
  0x000001fe619eabc0 JavaThread "C1 CompilerThread2"         daemon [_thread_blocked, id=35472, stack(0x000000090c600000,0x000000090c700000) (1024K)]
  0x000001fe61becdf0 JavaThread "C1 CompilerThread3"         daemon [_thread_blocked, id=30664, stack(0x000000090da00000,0x000000090db00000) (1024K)]
  0x000001fe61bee4a0 JavaThread "Notification Thread"        daemon [_thread_blocked, id=15816, stack(0x000000090d800000,0x000000090d900000) (1024K)]
  0x000001fe68897020 JavaThread "Active Thread: Equinox Container: 28de0011-cb0f-48ba-8c26-c5f7607b4971"        [_thread_blocked, id=8256, stack(0x000000090e440000,0x000000090e540000) (1024K)]
  0x000001fe68231d30 JavaThread "Refresh Thread: Equinox Container: 28de0011-cb0f-48ba-8c26-c5f7607b4971" daemon [_thread_blocked, id=18756, stack(0x000000090e640000,0x000000090e740000) (1024K)]
  0x000001fe686e5e90 JavaThread "Framework Event Dispatcher: Equinox Container: 28de0011-cb0f-48ba-8c26-c5f7607b4971" daemon [_thread_blocked, id=26260, stack(0x000000090e740000,0x000000090e840000) (1024K)]
  0x000001fe682b4ba0 JavaThread "Start Level: Equinox Container: 28de0011-cb0f-48ba-8c26-c5f7607b4971" daemon [_thread_blocked, id=28620, stack(0x000000090e840000,0x000000090e940000) (1024K)]
  0x000001fe680aecf0 JavaThread "Bundle File Closer"         daemon [_thread_blocked, id=23064, stack(0x000000090ec40000,0x000000090ed40000) (1024K)]
  0x000001fe680ac590 JavaThread "SCR Component Actor"        daemon [_thread_blocked, id=26280, stack(0x000000090ed40000,0x000000090ee40000) (1024K)]
  0x000001fe680af380 JavaThread "Worker-JM"                         [_thread_blocked, id=32192, stack(0x000000090f040000,0x000000090f140000) (1024K)]
  0x000001fe680ad940 JavaThread "Worker-0"                          [_thread_blocked, id=7460, stack(0x000000090f240000,0x000000090f340000) (1024K)]
  0x000001fe680ae660 JavaThread "Worker-1"                          [_thread_blocked, id=32220, stack(0x000000090f340000,0x000000090f440000) (1024K)]
  0x000001fe680abf00 JavaThread "Java indexing"              daemon [_thread_blocked, id=30268, stack(0x000000090dc40000,0x000000090dd40000) (1024K)]
  0x000001fe680adfd0 JavaThread "JNA Cleaner"                daemon [_thread_blocked, id=1964, stack(0x000000090db40000,0x000000090dc40000) (1024K)]
  0x000001fe69323090 JavaThread "Worker-2"                          [_thread_blocked, id=29168, stack(0x000000090f640000,0x000000090f740000) (1024K)]
  0x000001fe69325160 JavaThread "Worker-3"                          [_thread_blocked, id=27496, stack(0x000000090f840000,0x000000090f940000) (1024K)]
  0x000001fe69324440 JavaThread "Thread-2"                   daemon [_thread_in_native, id=23328, stack(0x000000090f940000,0x000000090fa40000) (1024K)]
  0x000001fe69323720 JavaThread "Thread-3"                   daemon [_thread_in_native, id=21596, stack(0x000000090fa40000,0x000000090fb40000) (1024K)]
  0x000001fe69326ba0 JavaThread "Thread-4"                   daemon [_thread_in_native, id=33996, stack(0x000000090fb40000,0x000000090fc40000) (1024K)]
  0x000001fe69323db0 JavaThread "Thread-5"                   daemon [_thread_in_native, id=18672, stack(0x000000090fc40000,0x000000090fd40000) (1024K)]
  0x000001fe693257f0 JavaThread "Thread-6"                   daemon [_thread_in_native, id=31564, stack(0x000000090fd40000,0x000000090fe40000) (1024K)]
  0x000001fe69327230 JavaThread "Thread-7"                   daemon [_thread_in_native, id=10632, stack(0x000000090fe40000,0x000000090ff40000) (1024K)]
  0x000001fe69324ad0 JavaThread "Thread-8"                   daemon [_thread_in_native, id=23012, stack(0x000000090ff40000,0x0000000910040000) (1024K)]
  0x000001fe69328c70 JavaThread "Thread-9"                   daemon [_thread_in_native, id=27200, stack(0x0000000910040000,0x0000000910140000) (1024K)]
  0x000001fe693278c0 JavaThread "Thread-10"                  daemon [_thread_in_native, id=18752, stack(0x0000000910140000,0x0000000910240000) (1024K)]
  0x000001fe69327f50 JavaThread "Thread-11"                  daemon [_thread_in_native, id=6212, stack(0x0000000910240000,0x0000000910340000) (1024K)]
  0x000001fe693285e0 JavaThread "Thread-12"                  daemon [_thread_in_native, id=25152, stack(0x0000000910340000,0x0000000910440000) (1024K)]
  0x000001fe69329300 JavaThread "Thread-13"                  daemon [_thread_in_native, id=33400, stack(0x0000000910440000,0x0000000910540000) (1024K)]
  0x000001fe69325e80 JavaThread "Thread-14"                  daemon [_thread_in_native, id=31236, stack(0x0000000910540000,0x0000000910640000) (1024K)]
  0x000001fe69329990 JavaThread "Thread-15"                  daemon [_thread_in_native, id=6784, stack(0x0000000910640000,0x0000000910740000) (1024K)]
  0x000001fe69326510 JavaThread "Thread-16"                  daemon [_thread_in_native, id=19268, stack(0x0000000910740000,0x0000000910840000) (1024K)]
  0x000001fe6932a020 JavaThread "Thread-17"                  daemon [_thread_in_native, id=7744, stack(0x0000000910840000,0x0000000910940000) (1024K)]
  0x000001fe6932a6b0 JavaThread "Thread-18"                  daemon [_thread_in_native, id=30820, stack(0x0000000910940000,0x0000000910a40000) (1024K)]
  0x000001fe69709fc0 JavaThread "pool-2-thread-1"                   [_thread_blocked, id=30468, stack(0x0000000910a40000,0x0000000910b40000) (1024K)]
  0x000001fe69707860 JavaThread "WorkspaceEventsHandler"            [_thread_blocked, id=35360, stack(0x0000000910f40000,0x0000000911040000) (1024K)]
  0x000001fe69707ef0 JavaThread "pool-1-thread-1"                   [_thread_blocked, id=5856, stack(0x0000000911040000,0x0000000911140000) (1024K)]
  0x000001fe69708580 JavaThread "Worker-4: Initialize Workspace"        [_thread_blocked, id=32860, stack(0x0000000911240000,0x0000000911340000) (1024K)]
  0x000001fe697092a0 JavaThread "Timer-0"                           [_thread_blocked, id=10676, stack(0x0000000911340000,0x0000000911440000) (1024K)]
  0x000001fe6970ace0 JavaThread "Timer-1"                           [_thread_blocked, id=10748, stack(0x0000000911140000,0x0000000911240000) (1024K)]
  0x000001fe6970c090 JavaThread "Timer-2"                           [_thread_blocked, id=30936, stack(0x0000000911440000,0x0000000911540000) (1024K)]
  0x000001fe6970ba00 JavaThread "LocalFile Deleter"          daemon [_thread_blocked, id=8356, stack(0x0000000911540000,0x0000000911640000) (1024K)]
  0x000001fe6970c720 JavaThread "LocalFile Deleter"          daemon [_thread_blocked, id=27372, stack(0x0000000911640000,0x0000000911740000) (1024K)]
  0x000001fe6970cdb0 JavaThread "LocalFile Deleter"          daemon [_thread_blocked, id=11968, stack(0x0000000911740000,0x0000000911840000) (1024K)]
  0x000001fe69709930 JavaThread "Timer-3"                           [_thread_blocked, id=10756, stack(0x0000000911840000,0x0000000911940000) (1024K)]
  0x000001fe6970d440 JavaThread "Timer-4"                           [_thread_blocked, id=31232, stack(0x0000000911940000,0x0000000911a40000) (1024K)]
=>0x000001fe6970e160 JavaThread "Connection worker"                 [_thread_in_native, id=35220, stack(0x0000000911a40000,0x0000000911b40000) (1024K)]
  0x000001fe6970dad0 JavaThread "pool-3-thread-1"                   [_thread_blocked, id=33848, stack(0x0000000910d40000,0x0000000910e40000) (1024K)]
  0x000001fe695e8b20 JavaThread "Exec process"                      [_thread_blocked, id=27740, stack(0x0000000910e40000,0x0000000910f40000) (1024K)]
  0x000001fe695e5d30 JavaThread "Exec process Thread 2"             [_thread_blocked, id=25220, stack(0x0000000911b40000,0x0000000911c40000) (1024K)]
  0x000001fe695e63c0 JavaThread "Exec process Thread 3"             [_thread_blocked, id=33148, stack(0x0000000911c40000,0x0000000911d40000) (1024K)]
Total: 61

Other Threads:
  0x000001fe603e41b0 VMThread "VM Thread"                           [id=35832, stack(0x000000090bb00000,0x000000090bc00000) (1024K)]
  0x000001fe602dba00 WatcherThread "VM Periodic Task Thread"        [id=29532, stack(0x000000090ba00000,0x000000090bb00000) (1024K)]
  0x000001fe4c030f40 WorkerThread "GC Thread#0"                     [id=5904, stack(0x000000090b900000,0x000000090ba00000) (1024K)]
  0x000001fe63e64cc0 WorkerThread "GC Thread#1"                     [id=22948, stack(0x000000090dd40000,0x000000090de40000) (1024K)]
  0x000001fe6819eff0 WorkerThread "GC Thread#2"                     [id=35096, stack(0x000000090de40000,0x000000090df40000) (1024K)]
  0x000001fe63e16f80 WorkerThread "GC Thread#3"                     [id=34832, stack(0x000000090df40000,0x000000090e040000) (1024K)]
  0x000001fe63e5fcf0 WorkerThread "GC Thread#4"                     [id=32808, stack(0x000000090e040000,0x000000090e140000) (1024K)]
  0x000001fe63e60090 WorkerThread "GC Thread#5"                     [id=13828, stack(0x000000090e140000,0x000000090e240000) (1024K)]
  0x000001fe63d68b20 WorkerThread "GC Thread#6"                     [id=28492, stack(0x000000090e240000,0x000000090e340000) (1024K)]
  0x000001fe686e6bf0 WorkerThread "GC Thread#7"                     [id=27036, stack(0x000000090e540000,0x000000090e640000) (1024K)]
  0x000001fe689ed490 WorkerThread "GC Thread#8"                     [id=33176, stack(0x000000090e940000,0x000000090ea40000) (1024K)]
  0x000001fe689ed0f0 WorkerThread "GC Thread#9"                     [id=25524, stack(0x000000090ea40000,0x000000090eb40000) (1024K)]
  0x000001fe689ed830 WorkerThread "GC Thread#10"                    [id=29804, stack(0x000000090eb40000,0x000000090ec40000) (1024K)]
  0x000001fe689edf70 WorkerThread "GC Thread#11"                    [id=15592, stack(0x000000090ef40000,0x000000090f040000) (1024K)]
  0x000001fe689eea50 WorkerThread "GC Thread#12"                    [id=13236, stack(0x000000090f140000,0x000000090f240000) (1024K)]
Total: 15

Threads with active compile tasks:
C2 CompilerThread0  8065 7734       4       jdk.internal.loader.BuiltinClassLoader::loadClass (22 bytes)
Total: 1

VM state: not at safepoint (normal execution)

VM Mutex/Monitor currently owned by a thread: None

Heap address: 0x00000000c0000000, size: 1024 MB, Compressed Oops mode: 32-bit

CDS archive(s) mapped at: [0x000001fe00000000-0x000001fe00ba0000-0x000001fe00ba0000), size 12189696, SharedBaseAddress: 0x000001fe00000000, ArchiveRelocationMode: 1.
Compressed class space mapped at: 0x000001fe01000000-0x000001fe41000000, reserved size: 1073741824
Narrow klass base: 0x000001fe00000000, Narrow klass shift: 0, Narrow klass range: 0x100000000

GC Precious Log:
 CardTable entry size: 512
 CPUs: 16 total, 16 available
 Memory: 16096M
 Large Page Support: Disabled
 NUMA Support: Disabled
 Compressed Oops: Enabled (32-bit)
 Alignments: Space 512K, Generation 512K, Heap 2M
 Heap Min Capacity: 100M
 Heap Initial Capacity: 100M
 Heap Max Capacity: 1G
 Pre-touch: Disabled
 Parallel Workers: 13

Heap:
 PSYoungGen      total 15360K, used 14828K [0x00000000eab00000, 0x00000000ebd00000, 0x0000000100000000)
  eden space 14336K, 98% used [0x00000000eab00000,0x00000000eb8db140,0x00000000eb900000)
  from space 1024K, 62% used [0x00000000ebc00000,0x00000000ebca0010,0x00000000ebd00000)
  to   space 1024K, 0% used [0x00000000ebb00000,0x00000000ebb00000,0x00000000ebc00000)
 ParOldGen       total 68608K, used 41448K [0x00000000c0000000, 0x00000000c4300000, 0x00000000eab00000)
  object space 68608K, 60% used [0x00000000c0000000,0x00000000c287a3d0,0x00000000c4300000)
 Metaspace       used 62330K, committed 63744K, reserved 1114112K
  class space    used 7717K, committed 8320K, reserved 1048576K

Card table byte_map: [0x000001fe4b9b0000,0x000001fe4bbc0000] _byte_map_base: 0x000001fe4b3b0000

Marking Bits: (ParMarkBitMap*) 0x00007ff8205931f0
 Begin Bits: [0x000001fe5e200000, 0x000001fe5f200000)
 End Bits:   [0x000001fe5f200000, 0x000001fe60200000)

Polling page: 0x000001fe49d50000

Metaspace:

Usage:
  Non-class:     53.33 MB used.
      Class:      7.54 MB used.
       Both:     60.87 MB used.

Virtual space:
  Non-class space:       64.00 MB reserved,      54.12 MB ( 85%) committed,  1 nodes.
      Class space:        1.00 GB reserved,       8.12 MB ( <1%) committed,  1 nodes.
             Both:        1.06 GB reserved,      62.25 MB (  6%) committed. 

Chunk freelists:
   Non-Class:  9.80 MB
       Class:  7.75 MB
        Both:  17.55 MB

MaxMetaspaceSize: unlimited
CompressedClassSpaceSize: 1.00 GB
Initial GC threshold: 21.00 MB
Current GC threshold: 97.31 MB
CDS: on
 - commit_granule_bytes: 65536.
 - commit_granule_words: 8192.
 - virtual_space_node_default_size: 8388608.
 - enlarge_chunks_in_place: 1.
 - use_allocation_guard: 0.


Internal statistics:

num_allocs_failed_limit: 9.
num_arena_births: 1134.
num_arena_deaths: 14.
num_vsnodes_births: 2.
num_vsnodes_deaths: 0.
num_space_committed: 996.
num_space_uncommitted: 0.
num_chunks_returned_to_freelist: 23.
num_chunks_taken_from_freelist: 3746.
num_chunk_merges: 14.
num_chunk_splits: 2492.
num_chunks_enlarged: 1631.
num_inconsistent_stats: 0.

CodeHeap 'non-profiled nmethods': size=119168Kb used=4893Kb max_used=4893Kb free=114275Kb
 bounds [0x000001fe56da0000, 0x000001fe57270000, 0x000001fe5e200000]
CodeHeap 'profiled nmethods': size=119104Kb used=14030Kb max_used=14358Kb free=105073Kb
 bounds [0x000001fe4f200000, 0x000001fe50010000, 0x000001fe56650000]
CodeHeap 'non-nmethods': size=7488Kb used=3076Kb max_used=3162Kb free=4411Kb
 bounds [0x000001fe56650000, 0x000001fe56970000, 0x000001fe56da0000]
 total_blobs=7621 nmethods=6931 adapters=593
 compilation: enabled
              stopped_count=0, restarted_count=0
 full_count=0

Compilation events (20 events):
Event: 7.907 Thread 0x000001fe619ea520 7744       3       java.security.Provider::getEngineName (49 bytes)
Event: 7.907 Thread 0x000001fe619eabc0 7746       3       java.security.Provider::check (18 bytes)
Event: 7.908 Thread 0x000001fe619eabc0 nmethod 7746 0x000001fe4fa7f210 code [0x000001fe4fa7f3e0, 0x000001fe4fa7f740]
Event: 7.908 Thread 0x000001fe619eabc0 7748       3       java.security.Provider::putPropertyStrings (214 bytes)
Event: 7.908 Thread 0x000001fe619ea520 nmethod 7744 0x000001fe4f9e1110 code [0x000001fe4f9e1340, 0x000001fe4f9e1b80]
Event: 7.909 Thread 0x000001fe619ea520 7747       3       java.security.Provider::implRemoveService (149 bytes)
Event: 7.909 Thread 0x000001fe618ef020 nmethod 7743 0x000001fe4fbfa190 code [0x000001fe4fbfa4e0, 0x000001fe4fbfbbf8]
Event: 7.909 Thread 0x000001fe618ef020 7749       3       java.security.Provider::checkAndUpdateSecureRandom (88 bytes)
Event: 7.909 Thread 0x000001fe61becdf0 nmethod 7745 0x000001fe4fb87510 code [0x000001fe4fb878a0, 0x000001fe4fb88dd8]
Event: 7.909 Thread 0x000001fe61becdf0 7751       3       sun.security.util.SecurityProviderConstants::getAliases (63 bytes)
Event: 7.909 Thread 0x000001fe619ea520 nmethod 7747 0x000001fe4f9dfe10 code [0x000001fe4f9e00c0, 0x000001fe4f9e0d40]
Event: 7.909 Thread 0x000001fe618ef020 nmethod 7749 0x000001fe4f9df710 code [0x000001fe4f9df8e0, 0x000001fe4f9dfc80]
Event: 7.909 Thread 0x000001fe619eabc0 nmethod 7748 0x000001fe4faf7790 code [0x000001fe4faf7c80, 0x000001fe4faf9fb0]
Event: 7.910 Thread 0x000001fe61becdf0 nmethod 7751 0x000001fe4fb86610 code [0x000001fe4fb86880, 0x000001fe4fb87120]
Event: 8.020 Thread 0x000001fe61becdf0 7752       3       java.security.MessageDigest::update (11 bytes)
Event: 8.020 Thread 0x000001fe619ea520 7753       3       java.security.MessageDigest$Delegate::engineUpdate (9 bytes)
Event: 8.020 Thread 0x000001fe619eabc0 7754       3       sun.security.provider.DigestBase::engineUpdate (32 bytes)
Event: 8.020 Thread 0x000001fe61becdf0 nmethod 7752 0x000001fe4fa7ec90 code [0x000001fe4fa7ee40, 0x000001fe4fa7f100]
Event: 8.020 Thread 0x000001fe619ea520 nmethod 7753 0x000001fe4faf7290 code [0x000001fe4faf7440, 0x000001fe4faf7618]
Event: 8.020 Thread 0x000001fe619eabc0 nmethod 7754 0x000001fe4fa7e710 code [0x000001fe4fa7e8c0, 0x000001fe4fa7eb28]

GC Heap History (20 events):
Event: 5.774 GC heap before
{Heap before GC invocations=42 (full 3):
 PSYoungGen      total 15360K, used 15359K [0x00000000eab00000, 0x00000000ebf00000, 0x0000000100000000)
  eden space 14336K, 100% used [0x00000000eab00000,0x00000000eb900000,0x00000000eb900000)
  from space 1024K, 99% used [0x00000000ebe00000,0x00000000ebeffd78,0x00000000ebf00000)
  to   space 1536K, 0% used [0x00000000ebc00000,0x00000000ebc00000,0x00000000ebd80000)
 ParOldGen       total 68608K, used 39039K [0x00000000c0000000, 0x00000000c4300000, 0x00000000eab00000)
  object space 68608K, 56% used [0x00000000c0000000,0x00000000c261ffc8,0x00000000c4300000)
 Metaspace       used 58760K, committed 60032K, reserved 1114112K
  class space    used 7202K, committed 7744K, reserved 1048576K
}
Event: 5.775 GC heap after
{Heap after GC invocations=42 (full 3):
 PSYoungGen      total 15872K, used 758K [0x00000000eab00000, 0x00000000ebe80000, 0x0000000100000000)
  eden space 14336K, 0% used [0x00000000eab00000,0x00000000eab00000,0x00000000eb900000)
  from space 1536K, 49% used [0x00000000ebc00000,0x00000000ebcbd848,0x00000000ebd80000)
  to   space 1024K, 0% used [0x00000000ebd80000,0x00000000ebd80000,0x00000000ebe80000)
 ParOldGen       total 68608K, used 39119K [0x00000000c0000000, 0x00000000c4300000, 0x00000000eab00000)
  object space 68608K, 57% used [0x00000000c0000000,0x00000000c2633fc8,0x00000000c4300000)
 Metaspace       used 58760K, committed 60032K, reserved 1114112K
  class space    used 7202K, committed 7744K, reserved 1048576K
}
Event: 5.825 GC heap before
{Heap before GC invocations=43 (full 3):
 PSYoungGen      total 15872K, used 15094K [0x00000000eab00000, 0x00000000ebe80000, 0x0000000100000000)
  eden space 14336K, 100% used [0x00000000eab00000,0x00000000eb900000,0x00000000eb900000)
  from space 1536K, 49% used [0x00000000ebc00000,0x00000000ebcbd848,0x00000000ebd80000)
  to   space 1024K, 0% used [0x00000000ebd80000,0x00000000ebd80000,0x00000000ebe80000)
 ParOldGen       total 68608K, used 39119K [0x00000000c0000000, 0x00000000c4300000, 0x00000000eab00000)
  object space 68608K, 57% used [0x00000000c0000000,0x00000000c2633fc8,0x00000000c4300000)
 Metaspace       used 58760K, committed 60032K, reserved 1114112K
  class space    used 7202K, committed 7744K, reserved 1048576K
}
Event: 5.826 GC heap after
{Heap after GC invocations=43 (full 3):
 PSYoungGen      total 14848K, used 352K [0x00000000eab00000, 0x00000000ebe00000, 0x0000000100000000)
  eden space 14336K, 0% used [0x00000000eab00000,0x00000000eab00000,0x00000000eb900000)
  from space 512K, 68% used [0x00000000ebd80000,0x00000000ebdd8000,0x00000000ebe00000)
  to   space 1024K, 0% used [0x00000000ebc00000,0x00000000ebc00000,0x00000000ebd00000)
 ParOldGen       total 68608K, used 39758K [0x00000000c0000000, 0x00000000c4300000, 0x00000000eab00000)
  object space 68608K, 57% used [0x00000000c0000000,0x00000000c26d3870,0x00000000c4300000)
 Metaspace       used 58760K, committed 60032K, reserved 1114112K
  class space    used 7202K, committed 7744K, reserved 1048576K
}
Event: 5.884 GC heap before
{Heap before GC invocations=44 (full 3):
 PSYoungGen      total 14848K, used 14688K [0x00000000eab00000, 0x00000000ebe00000, 0x0000000100000000)
  eden space 14336K, 100% used [0x00000000eab00000,0x00000000eb900000,0x00000000eb900000)
  from space 512K, 68% used [0x00000000ebd80000,0x00000000ebdd8000,0x00000000ebe00000)
  to   space 1024K, 0% used [0x00000000ebc00000,0x00000000ebc00000,0x00000000ebd00000)
 ParOldGen       total 68608K, used 39758K [0x00000000c0000000, 0x00000000c4300000, 0x00000000eab00000)
  object space 68608K, 57% used [0x00000000c0000000,0x00000000c26d3870,0x00000000c4300000)
 Metaspace       used 58761K, committed 60032K, reserved 1114112K
  class space    used 7202K, committed 7744K, reserved 1048576K
}
Event: 5.885 GC heap after
{Heap after GC invocations=44 (full 3):
 PSYoungGen      total 15360K, used 1019K [0x00000000eab00000, 0x00000000ebe00000, 0x0000000100000000)
  eden space 14336K, 0% used [0x00000000eab00000,0x00000000eab00000,0x00000000eb900000)
  from space 1024K, 99% used [0x00000000ebc00000,0x00000000ebcfeef0,0x00000000ebd00000)
  to   space 1024K, 0% used [0x00000000ebd00000,0x00000000ebd00000,0x00000000ebe00000)
 ParOldGen       total 68608K, used 40083K [0x00000000c0000000, 0x00000000c4300000, 0x00000000eab00000)
  object space 68608K, 58% used [0x00000000c0000000,0x00000000c2724d60,0x00000000c4300000)
 Metaspace       used 58761K, committed 60032K, reserved 1114112K
  class space    used 7202K, committed 7744K, reserved 1048576K
}
Event: 5.936 GC heap before
{Heap before GC invocations=45 (full 3):
 PSYoungGen      total 15360K, used 15355K [0x00000000eab00000, 0x00000000ebe00000, 0x0000000100000000)
  eden space 14336K, 100% used [0x00000000eab00000,0x00000000eb900000,0x00000000eb900000)
  from space 1024K, 99% used [0x00000000ebc00000,0x00000000ebcfeef0,0x00000000ebd00000)
  to   space 1024K, 0% used [0x00000000ebd00000,0x00000000ebd00000,0x00000000ebe00000)
 ParOldGen       total 68608K, used 40083K [0x00000000c0000000, 0x00000000c4300000, 0x00000000eab00000)
  object space 68608K, 58% used [0x00000000c0000000,0x00000000c2724d60,0x00000000c4300000)
 Metaspace       used 58761K, committed 60032K, reserved 1114112K
  class space    used 7202K, committed 7744K, reserved 1048576K
}
Event: 5.937 GC heap after
{Heap after GC invocations=45 (full 3):
 PSYoungGen      total 15360K, used 615K [0x00000000eab00000, 0x00000000ebe00000, 0x0000000100000000)
  eden space 14336K, 0% used [0x00000000eab00000,0x00000000eab00000,0x00000000eb900000)
  from space 1024K, 60% used [0x00000000ebd00000,0x00000000ebd99db8,0x00000000ebe00000)
  to   space 1024K, 0% used [0x00000000ebc00000,0x00000000ebc00000,0x00000000ebd00000)
 ParOldGen       total 68608K, used 40171K [0x00000000c0000000, 0x00000000c4300000, 0x00000000eab00000)
  object space 68608K, 58% used [0x00000000c0000000,0x00000000c273ad60,0x00000000c4300000)
 Metaspace       used 58761K, committed 60032K, reserved 1114112K
  class space    used 7202K, committed 7744K, reserved 1048576K
}
Event: 5.985 GC heap before
{Heap before GC invocations=46 (full 3):
 PSYoungGen      total 15360K, used 14951K [0x00000000eab00000, 0x00000000ebe00000, 0x0000000100000000)
  eden space 14336K, 100% used [0x00000000eab00000,0x00000000eb900000,0x00000000eb900000)
  from space 1024K, 60% used [0x00000000ebd00000,0x00000000ebd99db8,0x00000000ebe00000)
  to   space 1024K, 0% used [0x00000000ebc00000,0x00000000ebc00000,0x00000000ebd00000)
 ParOldGen       total 68608K, used 40171K [0x00000000c0000000, 0x00000000c4300000, 0x00000000eab00000)
  object space 68608K, 58% used [0x00000000c0000000,0x00000000c273ad60,0x00000000c4300000)
 Metaspace       used 58763K, committed 60032K, reserved 1114112K
  class space    used 7202K, committed 7744K, reserved 1048576K
}
Event: 5.986 GC heap after
{Heap after GC invocations=46 (full 3):
 PSYoungGen      total 15360K, used 1018K [0x00000000eab00000, 0x00000000ebd80000, 0x0000000100000000)
  eden space 14336K, 0% used [0x00000000eab00000,0x00000000eab00000,0x00000000eb900000)
  from space 1024K, 99% used [0x00000000ebc00000,0x00000000ebcfebd0,0x00000000ebd00000)
  to   space 512K, 0% used [0x00000000ebd00000,0x00000000ebd00000,0x00000000ebd80000)
 ParOldGen       total 68608K, used 40314K [0x00000000c0000000, 0x00000000c4300000, 0x00000000eab00000)
  object space 68608K, 58% used [0x00000000c0000000,0x00000000c275e820,0x00000000c4300000)
 Metaspace       used 58763K, committed 60032K, reserved 1114112K
  class space    used 7202K, committed 7744K, reserved 1048576K
}
Event: 6.040 GC heap before
{Heap before GC invocations=47 (full 3):
 PSYoungGen      total 15360K, used 15354K [0x00000000eab00000, 0x00000000ebd80000, 0x0000000100000000)
  eden space 14336K, 100% used [0x00000000eab00000,0x00000000eb900000,0x00000000eb900000)
  from space 1024K, 99% used [0x00000000ebc00000,0x00000000ebcfebd0,0x00000000ebd00000)
  to   space 512K, 0% used [0x00000000ebd00000,0x00000000ebd00000,0x00000000ebd80000)
 ParOldGen       total 68608K, used 40314K [0x00000000c0000000, 0x00000000c4300000, 0x00000000eab00000)
  object space 68608K, 58% used [0x00000000c0000000,0x00000000c275e820,0x00000000c4300000)
 Metaspace       used 58763K, committed 60032K, reserved 1114112K
  class space    used 7202K, committed 7744K, reserved 1048576K
}
Event: 6.041 GC heap after
{Heap after GC invocations=47 (full 3):
 PSYoungGen      total 14848K, used 504K [0x00000000eab00000, 0x00000000ebd80000, 0x0000000100000000)
  eden space 14336K, 0% used [0x00000000eab00000,0x00000000eab00000,0x00000000eb900000)
  from space 512K, 98% used [0x00000000ebd00000,0x00000000ebd7e030,0x00000000ebd80000)
  to   space 1536K, 0% used [0x00000000eba80000,0x00000000eba80000,0x00000000ebc00000)
 ParOldGen       total 68608K, used 40799K [0x00000000c0000000, 0x00000000c4300000, 0x00000000eab00000)
  object space 68608K, 59% used [0x00000000c0000000,0x00000000c27d7e00,0x00000000c4300000)
 Metaspace       used 58763K, committed 60032K, reserved 1114112K
  class space    used 7202K, committed 7744K, reserved 1048576K
}
Event: 6.086 GC heap before
{Heap before GC invocations=48 (full 3):
 PSYoungGen      total 14848K, used 14840K [0x00000000eab00000, 0x00000000ebd80000, 0x0000000100000000)
  eden space 14336K, 100% used [0x00000000eab00000,0x00000000eb900000,0x00000000eb900000)
  from space 512K, 98% used [0x00000000ebd00000,0x00000000ebd7e030,0x00000000ebd80000)
  to   space 1536K, 0% used [0x00000000eba80000,0x00000000eba80000,0x00000000ebc00000)
 ParOldGen       total 68608K, used 40799K [0x00000000c0000000, 0x00000000c4300000, 0x00000000eab00000)
  object space 68608K, 59% used [0x00000000c0000000,0x00000000c27d7e00,0x00000000c4300000)
 Metaspace       used 58763K, committed 60032K, reserved 1114112K
  class space    used 7202K, committed 7744K, reserved 1048576K
}
Event: 6.087 GC heap after
{Heap after GC invocations=48 (full 3):
 PSYoungGen      total 15872K, used 384K [0x00000000eab00000, 0x00000000ebd80000, 0x0000000100000000)
  eden space 14336K, 0% used [0x00000000eab00000,0x00000000eab00000,0x00000000eb900000)
  from space 1536K, 25% used [0x00000000eba80000,0x00000000ebae0000,0x00000000ebc00000)
  to   space 1024K, 0% used [0x00000000ebc80000,0x00000000ebc80000,0x00000000ebd80000)
 ParOldGen       total 68608K, used 40903K [0x00000000c0000000, 0x00000000c4300000, 0x00000000eab00000)
  object space 68608K, 59% used [0x00000000c0000000,0x00000000c27f1e10,0x00000000c4300000)
 Metaspace       used 58763K, committed 60032K, reserved 1114112K
  class space    used 7202K, committed 7744K, reserved 1048576K
}
Event: 6.135 GC heap before
{Heap before GC invocations=49 (full 3):
 PSYoungGen      total 15872K, used 14720K [0x00000000eab00000, 0x00000000ebd80000, 0x0000000100000000)
  eden space 14336K, 100% used [0x00000000eab00000,0x00000000eb900000,0x00000000eb900000)
  from space 1536K, 25% used [0x00000000eba80000,0x00000000ebae0000,0x00000000ebc00000)
  to   space 1024K, 0% used [0x00000000ebc80000,0x00000000ebc80000,0x00000000ebd80000)
 ParOldGen       total 68608K, used 40903K [0x00000000c0000000, 0x00000000c4300000, 0x00000000eab00000)
  object space 68608K, 59% used [0x00000000c0000000,0x00000000c27f1e10,0x00000000c4300000)
 Metaspace       used 58763K, committed 60032K, reserved 1114112K
  class space    used 7202K, committed 7744K, reserved 1048576K
}
Event: 6.135 GC heap after
{Heap after GC invocations=49 (full 3):
 PSYoungGen      total 15360K, used 1021K [0x00000000eab00000, 0x00000000ebd80000, 0x0000000100000000)
  eden space 14336K, 0% used [0x00000000eab00000,0x00000000eab00000,0x00000000eb900000)
  from space 1024K, 99% used [0x00000000ebc80000,0x00000000ebd7f768,0x00000000ebd80000)
  to   space 1536K, 0% used [0x00000000eba80000,0x00000000eba80000,0x00000000ebc00000)
 ParOldGen       total 68608K, used 41121K [0x00000000c0000000, 0x00000000c4300000, 0x00000000eab00000)
  object space 68608K, 59% used [0x00000000c0000000,0x00000000c28286c0,0x00000000c4300000)
 Metaspace       used 58763K, committed 60032K, reserved 1114112K
  class space    used 7202K, committed 7744K, reserved 1048576K
}
Event: 6.214 GC heap before
{Heap before GC invocations=50 (full 3):
 PSYoungGen      total 15360K, used 15357K [0x00000000eab00000, 0x00000000ebd80000, 0x0000000100000000)
  eden space 14336K, 100% used [0x00000000eab00000,0x00000000eb900000,0x00000000eb900000)
  from space 1024K, 99% used [0x00000000ebc80000,0x00000000ebd7f768,0x00000000ebd80000)
  to   space 1536K, 0% used [0x00000000eba80000,0x00000000eba80000,0x00000000ebc00000)
 ParOldGen       total 68608K, used 41121K [0x00000000c0000000, 0x00000000c4300000, 0x00000000eab00000)
  object space 68608K, 59% used [0x00000000c0000000,0x00000000c28286c0,0x00000000c4300000)
 Metaspace       used 59436K, committed 60736K, reserved 1114112K
  class space    used 7295K, committed 7872K, reserved 1048576K
}
Event: 6.215 GC heap after
{Heap after GC invocations=50 (full 3):
 PSYoungGen      total 15872K, used 464K [0x00000000eab00000, 0x00000000ebd00000, 0x0000000100000000)
  eden space 14336K, 0% used [0x00000000eab00000,0x00000000eab00000,0x00000000eb900000)
  from space 1536K, 30% used [0x00000000eba80000,0x00000000ebaf4010,0x00000000ebc00000)
  to   space 1024K, 0% used [0x00000000ebc00000,0x00000000ebc00000,0x00000000ebd00000)
 ParOldGen       total 68608K, used 41177K [0x00000000c0000000, 0x00000000c4300000, 0x00000000eab00000)
  object space 68608K, 60% used [0x00000000c0000000,0x00000000c28366c0,0x00000000c4300000)
 Metaspace       used 59436K, committed 60736K, reserved 1114112K
  class space    used 7295K, committed 7872K, reserved 1048576K
}
Event: 6.328 GC heap before
{Heap before GC invocations=51 (full 3):
 PSYoungGen      total 15872K, used 14800K [0x00000000eab00000, 0x00000000ebd00000, 0x0000000100000000)
  eden space 14336K, 100% used [0x00000000eab00000,0x00000000eb900000,0x00000000eb900000)
  from space 1536K, 30% used [0x00000000eba80000,0x00000000ebaf4010,0x00000000ebc00000)
  to   space 1024K, 0% used [0x00000000ebc00000,0x00000000ebc00000,0x00000000ebd00000)
 ParOldGen       total 68608K, used 41177K [0x00000000c0000000, 0x00000000c4300000, 0x00000000eab00000)
  object space 68608K, 60% used [0x00000000c0000000,0x00000000c28366c0,0x00000000c4300000)
 Metaspace       used 60893K, committed 62272K, reserved 1114112K
  class space    used 7542K, committed 8128K, reserved 1048576K
}
Event: 6.328 GC heap after
{Heap after GC invocations=51 (full 3):
 PSYoungGen      total 15360K, used 640K [0x00000000eab00000, 0x00000000ebd00000, 0x0000000100000000)
  eden space 14336K, 0% used [0x00000000eab00000,0x00000000eab00000,0x00000000eb900000)
  from space 1024K, 62% used [0x00000000ebc00000,0x00000000ebca0010,0x00000000ebd00000)
  to   space 1024K, 0% used [0x00000000ebb00000,0x00000000ebb00000,0x00000000ebc00000)
 ParOldGen       total 68608K, used 41448K [0x00000000c0000000, 0x00000000c4300000, 0x00000000eab00000)
  object space 68608K, 60% used [0x00000000c0000000,0x00000000c287a3d0,0x00000000c4300000)
 Metaspace       used 60893K, committed 62272K, reserved 1114112K
  class space    used 7542K, committed 8128K, reserved 1048576K
}

Dll operation events (15 events):
Event: 0.008 Loaded shared library c:\Users\admin\.cursor\extensions\redhat.java-1.42.0-win32-x64\jre\21.0.7-win32-x86_64\bin\java.dll
Event: 0.065 Loaded shared library c:\Users\admin\.cursor\extensions\redhat.java-1.42.0-win32-x64\jre\21.0.7-win32-x86_64\bin\zip.dll
Event: 0.079 Loaded shared library C:\Users\admin\.cursor\extensions\redhat.java-1.42.0-win32-x64\jre\21.0.7-win32-x86_64\bin\instrument.dll
Event: 0.084 Loaded shared library C:\Users\admin\.cursor\extensions\redhat.java-1.42.0-win32-x64\jre\21.0.7-win32-x86_64\bin\net.dll
Event: 0.092 Loaded shared library C:\Users\admin\.cursor\extensions\redhat.java-1.42.0-win32-x64\jre\21.0.7-win32-x86_64\bin\nio.dll
Event: 0.094 Loaded shared library C:\Users\admin\.cursor\extensions\redhat.java-1.42.0-win32-x64\jre\21.0.7-win32-x86_64\bin\zip.dll
Event: 0.108 Loaded shared library C:\Users\admin\.cursor\extensions\redhat.java-1.42.0-win32-x64\jre\21.0.7-win32-x86_64\bin\jimage.dll
Event: 0.153 Loaded shared library c:\Users\admin\.cursor\extensions\redhat.java-1.42.0-win32-x64\jre\21.0.7-win32-x86_64\bin\verify.dll
Event: 0.776 Loaded shared library C:\Users\admin\AppData\Roaming\Cursor\User\globalStorage\redhat.java\1.42.0\config_win\org.eclipse.equinox.launcher\org.eclipse.equinox.launcher.win32.win32.x86_64_1.2.1300.v20250331-1702\eclipse_11911.dll
Event: 2.240 Loaded shared library C:\Users\admin\.cursor\extensions\redhat.java-1.42.0-win32-x64\jre\21.0.7-win32-x86_64\bin\management.dll
Event: 2.242 Loaded shared library C:\Users\admin\.cursor\extensions\redhat.java-1.42.0-win32-x64\jre\21.0.7-win32-x86_64\bin\management_ext.dll
Event: 2.469 Loaded shared library C:\Users\admin\AppData\Local\Temp\jna-92668751\jna3472854357488561275.dll
Event: 4.302 Loaded shared library C:\Users\admin\.gradle\native\1def1411415f61bf3af743bc5b6707747c0891f09f0c88961ee8f79bc544acac\windows-amd64\native-platform.dll
Event: 6.207 Loaded shared library C:\Users\admin\.cursor\extensions\redhat.java-1.42.0-win32-x64\jre\21.0.7-win32-x86_64\bin\extnet.dll
Event: 7.898 Loaded shared library C:\Users\admin\.cursor\extensions\redhat.java-1.42.0-win32-x64\jre\21.0.7-win32-x86_64\bin\sunmscapi.dll

Deoptimization events (20 events):
Event: 7.902 Thread 0x000001fe6970e160 Uncommon trap: trap_request=0xffffff45 fr.pc=0x000001fe56e51efc relative=0x00000000000008bc
Event: 7.902 Thread 0x000001fe6970e160 Uncommon trap: reason=unstable_if action=reinterpret pc=0x000001fe56e51efc method=java.util.HashMap.computeIfAbsent(Ljava/lang/Object;Ljava/util/function/Function;)Ljava/lang/Object; @ 294 c2
Event: 7.902 Thread 0x000001fe6970e160 DEOPT PACKING pc=0x000001fe56e51efc sp=0x0000000911b3be80
Event: 7.902 Thread 0x000001fe6970e160 DEOPT UNPACKING pc=0x000001fe566a3aa2 sp=0x0000000911b3be28 mode 2
Event: 8.021 Thread 0x000001fe6970e160 Uncommon trap: trap_request=0xffffff45 fr.pc=0x000001fe5710b644 relative=0x0000000000000b84
Event: 8.021 Thread 0x000001fe6970e160 Uncommon trap: reason=unstable_if action=reinterpret pc=0x000001fe5710b644 method=sun.nio.fs.WindowsPath.openForReadAttributeAccess(Z)J @ 5 c2
Event: 8.021 Thread 0x000001fe6970e160 DEOPT PACKING pc=0x000001fe5710b644 sp=0x0000000911b3da40
Event: 8.021 Thread 0x000001fe6970e160 DEOPT UNPACKING pc=0x000001fe566a3aa2 sp=0x0000000911b3da18 mode 2
Event: 8.021 Thread 0x000001fe6970e160 Uncommon trap: trap_request=0xffffff45 fr.pc=0x000001fe57110088 relative=0x0000000000000a68
Event: 8.021 Thread 0x000001fe6970e160 Uncommon trap: reason=unstable_if action=reinterpret pc=0x000001fe57110088 method=sun.nio.fs.WindowsNativeDispatcher.asNativeBuffer(Ljava/lang/String;)Lsun/nio/fs/NativeBuffer; @ 52 c2
Event: 8.021 Thread 0x000001fe6970e160 DEOPT PACKING pc=0x000001fe57110088 sp=0x0000000911b3d9c0
Event: 8.021 Thread 0x000001fe6970e160 DEOPT UNPACKING pc=0x000001fe566a3aa2 sp=0x0000000911b3d868 mode 2
Event: 8.021 Thread 0x000001fe6970e160 Uncommon trap: trap_request=0xffffff45 fr.pc=0x000001fe57109630 relative=0x0000000000000650
Event: 8.021 Thread 0x000001fe6970e160 Uncommon trap: reason=unstable_if action=reinterpret pc=0x000001fe57109630 method=sun.nio.fs.WindowsFileAttributes.isReparsePoint(I)Z @ 5 c2
Event: 8.021 Thread 0x000001fe6970e160 DEOPT PACKING pc=0x000001fe57109630 sp=0x0000000911b3da60
Event: 8.021 Thread 0x000001fe6970e160 DEOPT UNPACKING pc=0x000001fe566a3aa2 sp=0x0000000911b3d988 mode 2
Event: 8.021 Thread 0x000001fe6970e160 Uncommon trap: trap_request=0xffffff45 fr.pc=0x000001fe570e3804 relative=0x00000000000001c4
Event: 8.021 Thread 0x000001fe6970e160 Uncommon trap: reason=unstable_if action=reinterpret pc=0x000001fe570e3804 method=sun.nio.fs.NativeBuffers.getNativeBufferFromCache(I)Lsun/nio/fs/NativeBuffer; @ 34 c2
Event: 8.021 Thread 0x000001fe6970e160 DEOPT PACKING pc=0x000001fe570e3804 sp=0x0000000911b3d970
Event: 8.021 Thread 0x000001fe6970e160 DEOPT UNPACKING pc=0x000001fe566a3aa2 sp=0x0000000911b3d8f8 mode 2

Classes loaded (20 events):
Event: 7.909 Loading class sun/security/provider/certpath/ldap/JdkLDAP$ProviderService
Event: 7.909 Loading class sun/security/provider/certpath/ldap/JdkLDAP$ProviderService done
Event: 7.909 Loading class com/sun/security/sasl/Provider
Event: 7.909 Loading class com/sun/security/sasl/Provider done
Event: 7.909 Loading class com/sun/security/sasl/Provider$1
Event: 7.909 Loading class com/sun/security/sasl/Provider$1 done
Event: 7.910 Loading class com/sun/security/sasl/Provider$ProviderService
Event: 7.910 Loading class com/sun/security/sasl/Provider$ProviderService done
Event: 7.910 Loading class sun/nio/ch/ServerSocketChannelImpl
Event: 7.911 Loading class sun/nio/ch/ServerSocketChannelImpl done
Event: 8.020 Loading class java/nio/BufferMismatch
Event: 8.020 Loading class java/nio/BufferMismatch done
Event: 8.020 Loading class sun/nio/ch/SourceChannelImpl
Event: 8.021 Loading class java/nio/channels/Pipe$SourceChannel
Event: 8.021 Loading class java/nio/channels/Pipe$SourceChannel done
Event: 8.021 Loading class sun/nio/ch/SourceChannelImpl done
Event: 8.021 Loading class sun/nio/ch/SinkChannelImpl
Event: 8.021 Loading class java/nio/channels/Pipe$SinkChannel
Event: 8.021 Loading class java/nio/channels/Pipe$SinkChannel done
Event: 8.021 Loading class sun/nio/ch/SinkChannelImpl done

Classes unloaded (7 events):
Event: 1.905 Thread 0x000001fe603e41b0 Unloading class 0x000001fe011a3c00 'java/lang/invoke/LambdaForm$MH+0x000001fe011a3c00'
Event: 1.905 Thread 0x000001fe603e41b0 Unloading class 0x000001fe011a3800 'java/lang/invoke/LambdaForm$MH+0x000001fe011a3800'
Event: 1.905 Thread 0x000001fe603e41b0 Unloading class 0x000001fe011a3400 'java/lang/invoke/LambdaForm$MH+0x000001fe011a3400'
Event: 1.905 Thread 0x000001fe603e41b0 Unloading class 0x000001fe011a3000 'java/lang/invoke/LambdaForm$MH+0x000001fe011a3000'
Event: 1.905 Thread 0x000001fe603e41b0 Unloading class 0x000001fe011a2c00 'java/lang/invoke/LambdaForm$BMH+0x000001fe011a2c00'
Event: 1.905 Thread 0x000001fe603e41b0 Unloading class 0x000001fe011a2800 'java/lang/invoke/LambdaForm$DMH+0x000001fe011a2800'
Event: 1.905 Thread 0x000001fe603e41b0 Unloading class 0x000001fe011a1400 'java/lang/invoke/LambdaForm$DMH+0x000001fe011a1400'

Classes redefined (0 events):
No events

Internal exceptions (20 events):
Event: 6.252 Thread 0x000001fe6970e160 Exception <a 'java/lang/NoSuchMethodError'{0x00000000eaff4098}: 'java.lang.Object java.lang.invoke.DirectMethodHandle$Holder.invokeStatic(java.lang.Object, java.lang.Object, java.lang.Object, java.lang.Object, java.lang.Object, java.lang.Object, java.lang.Object, java.lang.Object, java.lang.Object, java.lang.Object, java.lang.Object, java.lang.Object, java.lang.Object, java.lang.Object, java.lang.Object, java.lang.Object, java.lang.Object)'> (0x00000000eaff4098) 
thrown [s\src\hotspot\share\interpreter\lin
Event: 6.254 Thread 0x000001fe6970e160 Exception <a 'java/lang/NoSuchMethodError'{0x00000000eb020d00}: 'java.lang.Object java.lang.invoke.DirectMethodHandle$Holder.invokeStatic(java.lang.Object, java.lang.Object, java.lang.Object, java.lang.Object, java.lang.Object, java.lang.Object, java.lang.Object, java.lang.Object, java.lang.Object, java.lang.Object, java.lang.Object, java.lang.Object, java.lang.Object, java.lang.Object, java.lang.Object, java.lang.Object, java.lang.Object, java.lang.Object)'> (0x00000000eb020d00) 
thrown [s\src\hotspot\sha
Event: 6.256 Thread 0x000001fe6970e160 Exception <a 'java/lang/NoSuchMethodError'{0x00000000eb04ff08}: 'java.lang.Object java.lang.invoke.DirectMethodHandle$Holder.invokeStatic(java.lang.Object, java.lang.Object, java.lang.Object, java.lang.Object, java.lang.Object, java.lang.Object, java.lang.Object, java.lang.Object, java.lang.Object, java.lang.Object, java.lang.Object, java.lang.Object, java.lang.Object, java.lang.Object, java.lang.Object, java.lang.Object, java.lang.Object, java.lang.Object, java.lang.Object)'> (0x00000000eb04ff08) 
thrown 
Event: 6.257 Thread 0x000001fe6970e160 Exception <a 'java/lang/NoSuchMethodError'{0x00000000eb07ee60}: 'java.lang.Object java.lang.invoke.DirectMethodHandle$Holder.invokeStatic(java.lang.Object, java.lang.Object, java.lang.Object, java.lang.Object, java.lang.Object, java.lang.Object, java.lang.Object, java.lang.Object, java.lang.Object, java.lang.Object, java.lang.Object, java.lang.Object, java.lang.Object, java.lang.Object, java.lang.Object, java.lang.Object, java.lang.Object, java.lang.Object, java.lang.Object, java.lang.Object)'> (0x00000000
Event: 6.258 Thread 0x000001fe6970e160 Exception <a 'java/lang/NoSuchMethodError'{0x00000000eb0af6e0}: 'java.lang.Object java.lang.invoke.DirectMethodHandle$Holder.invokeStatic(java.lang.Object, java.lang.Object, java.lang.Object, java.lang.Object, java.lang.Object, java.lang.Object, java.lang.Object, java.lang.Object, java.lang.Object, java.lang.Object, java.lang.Object, java.lang.Object, java.lang.Object, java.lang.Object, java.lang.Object, java.lang.Object, java.lang.Object, java.lang.Object, java.lang.Object, java.lang.Object, java.lang.Obj
Event: 6.259 Thread 0x000001fe6970e160 Exception <a 'java/lang/NoSuchMethodError'{0x00000000eb0e0530}: 'java.lang.Object java.lang.invoke.DirectMethodHandle$Holder.invokeStatic(java.lang.Object, java.lang.Object, java.lang.Object, java.lang.Object, java.lang.Object, java.lang.Object, java.lang.Object, java.lang.Object, java.lang.Object, java.lang.Object, java.lang.Object, java.lang.Object, java.lang.Object, java.lang.Object, java.lang.Object, java.lang.Object, java.lang.Object, java.lang.Object, java.lang.Object, java.lang.Object, java.lang.Obj
Event: 6.260 Thread 0x000001fe6970e160 Exception <a 'java/lang/NoSuchMethodError'{0x00000000eb112260}: 'java.lang.Object java.lang.invoke.DirectMethodHandle$Holder.invokeStatic(java.lang.Object, java.lang.Object, java.lang.Object, java.lang.Object, java.lang.Object, java.lang.Object, java.lang.Object, java.lang.Object, java.lang.Object, java.lang.Object, java.lang.Object, java.lang.Object, java.lang.Object, java.lang.Object, java.lang.Object, java.lang.Object, java.lang.Object, java.lang.Object, java.lang.Object, java.lang.Object, java.lang.Obj
Event: 6.261 Thread 0x000001fe6970e160 Exception <a 'java/lang/NoSuchMethodError'{0x00000000eb1449f0}: 'java.lang.Object java.lang.invoke.DirectMethodHandle$Holder.invokeStatic(java.lang.Object, java.lang.Object, java.lang.Object, java.lang.Object, java.lang.Object, java.lang.Object, java.lang.Object, java.lang.Object, java.lang.Object, java.lang.Object, java.lang.Object, java.lang.Object, java.lang.Object, java.lang.Object, java.lang.Object, java.lang.Object, java.lang.Object, java.lang.Object, java.lang.Object, java.lang.Object, java.lang.Obj
Event: 6.262 Thread 0x000001fe6970e160 Exception <a 'java/lang/NoSuchMethodError'{0x00000000eb179850}: 'java.lang.Object java.lang.invoke.DirectMethodHandle$Holder.invokeStatic(java.lang.Object, java.lang.Object, java.lang.Object, java.lang.Object, java.lang.Object, java.lang.Object, java.lang.Object, java.lang.Object, java.lang.Object, java.lang.Object, java.lang.Object, java.lang.Object, java.lang.Object, java.lang.Object, java.lang.Object, java.lang.Object, java.lang.Object, java.lang.Object, java.lang.Object, java.lang.Object, java.lang.Obj
Event: 6.266 Thread 0x000001fe6970e160 Exception <a 'java/lang/NoSuchMethodError'{0x00000000eb19f3f0}: 'java.lang.Object java.lang.invoke.DirectMethodHandle$Holder.invokeSpecial(java.lang.Object, java.lang.Object, java.lang.Object, java.lang.Object, java.lang.Object, java.lang.Object, java.lang.Object, java.lang.Object, java.lang.Object, java.lang.Object, java.lang.Object, java.lang.Object, java.lang.Object, java.lang.Object, java.lang.Object, java.lang.Object, java.lang.Object, java.lang.Object, java.lang.Object, java.lang.Object, java.lang.Ob
Event: 6.266 Thread 0x000001fe6970e160 Exception <a 'java/lang/NoSuchMethodError'{0x00000000eb1b4bd8}: 'java.lang.Object java.lang.invoke.DirectMethodHandle$Holder.newInvokeSpecial(java.lang.Object, java.lang.Object, java.lang.Object, java.lang.Object, java.lang.Object, java.lang.Object, java.lang.Object, java.lang.Object, java.lang.Object, java.lang.Object, java.lang.Object, java.lang.Object, java.lang.Object, java.lang.Object, java.lang.Object, java.lang.Object, java.lang.Object, java.lang.Object, java.lang.Object, java.lang.Object, java.lang
Event: 6.267 Thread 0x000001fe6970e160 Exception <a 'java/lang/NoSuchMethodError'{0x00000000eb1bb030}: 'java.lang.Object java.lang.invoke.Invokers$Holder.linkToTargetMethod(java.lang.Object, java.lang.Object, java.lang.Object, java.lang.Object, java.lang.Object, java.lang.Object, java.lang.Object, java.lang.Object, java.lang.Object, java.lang.Object, java.lang.Object, java.lang.Object, java.lang.Object, java.lang.Object, java.lang.Object, java.lang.Object, java.lang.Object, java.lang.Object, java.lang.Object, java.lang.Object, java.lang.Object,
Event: 6.267 Thread 0x000001fe6970e160 Exception <a 'java/lang/NoSuchMethodError'{0x00000000eb1c01f8}: 'java.lang.Object java.lang.invoke.DirectMethodHandle$Holder.invokeVirtual(java.lang.Object, java.lang.Object, java.lang.Object, java.lang.Object, java.lang.Object, java.lang.Object, java.lang.Object, java.lang.Object, java.lang.Object, java.lang.Object)'> (0x00000000eb1c01f8) 
thrown [s\src\hotspot\share\interpreter\linkResolver.cpp, line 773]
Event: 6.278 Thread 0x000001fe6970e160 Exception <a 'java/lang/NoSuchMethodError'{0x00000000eb35a278}: 'java.lang.Object java.lang.invoke.DirectMethodHandle$Holder.invokeVirtual(java.lang.Object, java.lang.Object, java.lang.Object, java.lang.Object, java.lang.Object, java.lang.Object, java.lang.Object, java.lang.Object, java.lang.Object)'> (0x00000000eb35a278) 
thrown [s\src\hotspot\share\interpreter\linkResolver.cpp, line 773]
Event: 6.298 Thread 0x000001fe6970e160 Exception <a 'java/lang/NoSuchMethodError'{0x00000000eb598280}: 'java.lang.Object java.lang.invoke.DirectMethodHandle$Holder.invokeVirtual(java.lang.Object, java.lang.Object, java.lang.Object, java.lang.Object, java.lang.Object, java.lang.Object, java.lang.Object, java.lang.Object)'> (0x00000000eb598280) 
thrown [s\src\hotspot\share\interpreter\linkResolver.cpp, line 773]
Event: 6.302 Thread 0x000001fe6970e160 Exception <a 'java/lang/NoSuchMethodError'{0x00000000eb60fc78}: 'long java.lang.invoke.DirectMethodHandle$Holder.invokeVirtual(java.lang.Object, java.lang.Object)'> (0x00000000eb60fc78) 
thrown [s\src\hotspot\share\interpreter\linkResolver.cpp, line 773]
Event: 6.302 Thread 0x000001fe6970e160 Exception <a 'java/lang/NoSuchMethodError'{0x00000000eb613078}: 'long java.lang.invoke.DelegatingMethodHandle$Holder.reinvoke_L(java.lang.Object, java.lang.Object)'> (0x00000000eb613078) 
thrown [s\src\hotspot\share\interpreter\linkResolver.cpp, line 773]
Event: 6.368 Thread 0x000001fe695e8b20 Exception <a 'java/lang/NoSuchMethodError'{0x00000000eae78ee0}: 'void java.lang.invoke.DirectMethodHandle$Holder.invokeStatic(java.lang.Object, long)'> (0x00000000eae78ee0) 
thrown [s\src\hotspot\share\interpreter\linkResolver.cpp, line 773]
Event: 6.451 Thread 0x000001fe695e8b20 Exception <a 'java/lang/NoSuchMethodError'{0x00000000eae9d8d0}: 'void java.lang.invoke.DirectMethodHandle$Holder.invokeSpecial(java.lang.Object, java.lang.Object, int)'> (0x00000000eae9d8d0) 
thrown [s\src\hotspot\share\interpreter\linkResolver.cpp, line 773]
Event: 6.451 Thread 0x000001fe695e8b20 Exception <a 'java/lang/NoSuchMethodError'{0x00000000eaea2cf8}: 'java.lang.Object java.lang.invoke.DirectMethodHandle$Holder.newInvokeSpecial(java.lang.Object, java.lang.Object, int)'> (0x00000000eaea2cf8) 
thrown [s\src\hotspot\share\interpreter\linkResolver.cpp, line 773]

ZGC Phase Switch (0 events):
No events

VM Operations (20 events):
Event: 5.985 Executing VM operation: ParallelGCFailedAllocation (Allocation Failure)
Event: 5.986 Executing VM operation: ParallelGCFailedAllocation (Allocation Failure) done
Event: 6.040 Executing VM operation: ParallelGCFailedAllocation (Allocation Failure)
Event: 6.041 Executing VM operation: ParallelGCFailedAllocation (Allocation Failure) done
Event: 6.086 Executing VM operation: ParallelGCFailedAllocation (Allocation Failure)
Event: 6.087 Executing VM operation: ParallelGCFailedAllocation (Allocation Failure) done
Event: 6.135 Executing VM operation: ParallelGCFailedAllocation (Allocation Failure)
Event: 6.135 Executing VM operation: ParallelGCFailedAllocation (Allocation Failure) done
Event: 6.214 Executing VM operation: ParallelGCFailedAllocation (Allocation Failure)
Event: 6.215 Executing VM operation: ParallelGCFailedAllocation (Allocation Failure) done
Event: 6.283 Executing VM operation: HandshakeAllThreads (Deoptimize)
Event: 6.283 Executing VM operation: HandshakeAllThreads (Deoptimize) done
Event: 6.328 Executing VM operation: ParallelGCFailedAllocation (Allocation Failure)
Event: 6.328 Executing VM operation: ParallelGCFailedAllocation (Allocation Failure) done
Event: 6.483 Executing VM operation: HandshakeAllThreads (Deoptimize)
Event: 6.483 Executing VM operation: HandshakeAllThreads (Deoptimize) done
Event: 7.483 Executing VM operation: Cleanup
Event: 7.483 Executing VM operation: Cleanup done
Event: 7.895 Executing VM operation: HandshakeAllThreads (Deoptimize)
Event: 7.895 Executing VM operation: HandshakeAllThreads (Deoptimize) done

Memory protections (0 events):
No events

Nmethod flushes (20 events):
Event: 5.521 Thread 0x000001fe603e41b0 flushing  nmethod 0x000001fe4fb7c390
Event: 5.521 Thread 0x000001fe603e41b0 flushing  nmethod 0x000001fe4fb86610
Event: 5.521 Thread 0x000001fe603e41b0 flushing  nmethod 0x000001fe4fb9bb10
Event: 5.521 Thread 0x000001fe603e41b0 flushing  nmethod 0x000001fe4fbb0810
Event: 5.521 Thread 0x000001fe603e41b0 flushing  nmethod 0x000001fe4fbb3010
Event: 5.521 Thread 0x000001fe603e41b0 flushing  nmethod 0x000001fe4fbd8d90
Event: 5.521 Thread 0x000001fe603e41b0 flushing  nmethod 0x000001fe4fbe4c10
Event: 5.521 Thread 0x000001fe603e41b0 flushing  nmethod 0x000001fe4fbe8410
Event: 5.521 Thread 0x000001fe603e41b0 flushing  nmethod 0x000001fe4fbe8e10
Event: 5.521 Thread 0x000001fe603e41b0 flushing  nmethod 0x000001fe4fbe9290
Event: 5.521 Thread 0x000001fe603e41b0 flushing  nmethod 0x000001fe4fbe9610
Event: 5.521 Thread 0x000001fe603e41b0 flushing  nmethod 0x000001fe4fbeaf10
Event: 5.521 Thread 0x000001fe603e41b0 flushing  nmethod 0x000001fe4fbeca10
Event: 5.521 Thread 0x000001fe603e41b0 flushing  nmethod 0x000001fe4fbed410
Event: 5.521 Thread 0x000001fe603e41b0 flushing  nmethod 0x000001fe4fbf0090
Event: 5.521 Thread 0x000001fe603e41b0 flushing  nmethod 0x000001fe4fbf9510
Event: 5.521 Thread 0x000001fe603e41b0 flushing  nmethod 0x000001fe4fc48790
Event: 5.521 Thread 0x000001fe603e41b0 flushing  nmethod 0x000001fe4fc48e10
Event: 5.521 Thread 0x000001fe603e41b0 flushing  nmethod 0x000001fe4fc4ce90
Event: 5.521 Thread 0x000001fe603e41b0 flushing  nmethod 0x000001fe4fc63f90

Events (20 events):
Event: 5.070 Thread 0x000001fe6970dad0 Thread exited: 0x000001fe6970dad0
Event: 5.071 Thread 0x000001fe69708580 Thread added: 0x000001fe6970d440
Event: 5.073 Thread 0x000001fe69708580 Thread added: 0x000001fe6970e160
Event: 5.257 Thread 0x000001fe6a436fe0 Thread exited: 0x000001fe6a436fe0
Event: 5.544 Thread 0x000001fe6a172320 Thread exited: 0x000001fe6a172320
Event: 6.310 Thread 0x000001fe6970e160 Thread added: 0x000001fe6970dad0
Event: 6.362 Thread 0x000001fe6970e160 Thread added: 0x000001fe695e8b20
Event: 6.370 Thread 0x000001fe695e8b20 Thread added: 0x000001fe695e5d30
Event: 6.370 Thread 0x000001fe695e8b20 Thread added: 0x000001fe695e63c0
Event: 6.465 Thread 0x000001fe6a1a23c0 Thread exited: 0x000001fe6a1a23c0
Event: 6.466 Thread 0x000001fe699da780 Thread exited: 0x000001fe699da780
Event: 6.492 Thread 0x000001fe6970e160 Thread added: 0x000001fe695e7e00
Event: 6.496 Thread 0x000001fe695e7e00 Thread added: 0x000001fe695e6a50
Event: 6.496 Thread 0x000001fe695e7e00 Thread added: 0x000001fe695e8490
Event: 6.496 Thread 0x000001fe695e6a50 Thread exited: 0x000001fe695e6a50
Event: 6.770 Thread 0x000001fe68b2c280 Thread exited: 0x000001fe68b2c280
Event: 6.817 Thread 0x000001fe680ad2b0 Thread exited: 0x000001fe680ad2b0
Event: 6.949 Thread 0x000001fe61a32490 Thread exited: 0x000001fe61a32490
Event: 7.829 Thread 0x000001fe695e7e00 Thread exited: 0x000001fe695e7e00
Event: 7.829 Thread 0x000001fe695e8490 Thread exited: 0x000001fe695e8490


Dynamic libraries:
0x00007ff776830000 - 0x00007ff77683e000 	c:\Users\admin\.cursor\extensions\redhat.java-1.42.0-win32-x64\jre\21.0.7-win32-x86_64\bin\java.exe
0x00007ff8f0da0000 - 0x00007ff8f1006000 	C:\WINDOWS\SYSTEM32\ntdll.dll
0x00007ff8eeec0000 - 0x00007ff8eef89000 	C:\WINDOWS\System32\KERNEL32.DLL
0x00007ff8ee410000 - 0x00007ff8ee7dc000 	C:\WINDOWS\System32\KERNELBASE.dll
0x00007ff8edfd0000 - 0x00007ff8ee11b000 	C:\WINDOWS\System32\ucrtbase.dll
0x00007ff8c56e0000 - 0x00007ff8c56f8000 	c:\Users\admin\.cursor\extensions\redhat.java-1.42.0-win32-x64\jre\21.0.7-win32-x86_64\bin\jli.dll
0x00007ff8c56c0000 - 0x00007ff8c56de000 	c:\Users\admin\.cursor\extensions\redhat.java-1.42.0-win32-x64\jre\21.0.7-win32-x86_64\bin\VCRUNTIME140.dll
0x00007ff8f0aa0000 - 0x00007ff8f0c6a000 	C:\WINDOWS\System32\USER32.dll
0x00007ff8ee120000 - 0x00007ff8ee147000 	C:\WINDOWS\System32\win32u.dll
0x00007ff8f0440000 - 0x00007ff8f046b000 	C:\WINDOWS\System32\GDI32.dll
0x00007ff8db710000 - 0x00007ff8db9aa000 	C:\WINDOWS\WinSxS\amd64_microsoft.windows.common-controls_6595b64144ccf1df_6.0.26100.3912_none_3e07963ce335137e\COMCTL32.dll
0x00007ff8ee2d0000 - 0x00007ff8ee402000 	C:\WINDOWS\System32\gdi32full.dll
0x00007ff8eeb60000 - 0x00007ff8eec09000 	C:\WINDOWS\System32\msvcrt.dll
0x00007ff8eea20000 - 0x00007ff8eeac3000 	C:\WINDOWS\System32\msvcp_win.dll
0x00007ff8f0c70000 - 0x00007ff8f0ca0000 	C:\WINDOWS\System32\IMM32.DLL
0x00007ff8ea3c0000 - 0x00007ff8ea3cc000 	c:\Users\admin\.cursor\extensions\redhat.java-1.42.0-win32-x64\jre\21.0.7-win32-x86_64\bin\vcruntime140_1.dll
0x00007ff8b8060000 - 0x00007ff8b80ed000 	c:\Users\admin\.cursor\extensions\redhat.java-1.42.0-win32-x64\jre\21.0.7-win32-x86_64\bin\msvcp140.dll
0x00007ff81f8e0000 - 0x00007ff820670000 	c:\Users\admin\.cursor\extensions\redhat.java-1.42.0-win32-x64\jre\21.0.7-win32-x86_64\bin\server\jvm.dll
0x00007ff8f0140000 - 0x00007ff8f01f2000 	C:\WINDOWS\System32\ADVAPI32.dll
0x00007ff8f0cb0000 - 0x00007ff8f0d56000 	C:\WINDOWS\System32\sechost.dll
0x00007ff8efb60000 - 0x00007ff8efc76000 	C:\WINDOWS\System32\RPCRT4.dll
0x00007ff8ef340000 - 0x00007ff8ef3b4000 	C:\WINDOWS\System32\WS2_32.dll
0x00007ff8edda0000 - 0x00007ff8eddfe000 	C:\WINDOWS\SYSTEM32\POWRPROF.dll
0x00007ff8e4950000 - 0x00007ff8e4986000 	C:\WINDOWS\SYSTEM32\WINMM.dll
0x00007ff8ea6e0000 - 0x00007ff8ea6eb000 	C:\WINDOWS\SYSTEM32\VERSION.dll
0x00007ff8edd80000 - 0x00007ff8edd94000 	C:\WINDOWS\SYSTEM32\UMPDC.dll
0x00007ff8eccf0000 - 0x00007ff8ecd0a000 	C:\WINDOWS\SYSTEM32\kernel.appcore.dll
0x00007ff8e5730000 - 0x00007ff8e573a000 	c:\Users\admin\.cursor\extensions\redhat.java-1.42.0-win32-x64\jre\21.0.7-win32-x86_64\bin\jimage.dll
0x00007ff89bae0000 - 0x00007ff89bd21000 	C:\WINDOWS\SYSTEM32\DBGHELP.DLL
0x00007ff8eef90000 - 0x00007ff8ef314000 	C:\WINDOWS\System32\combase.dll
0x00007ff8f0050000 - 0x00007ff8f0130000 	C:\WINDOWS\System32\OLEAUT32.dll
0x00007ff8d7240000 - 0x00007ff8d7279000 	C:\WINDOWS\SYSTEM32\dbgcore.DLL
0x00007ff8edf30000 - 0x00007ff8edfc9000 	C:\WINDOWS\System32\bcryptPrimitives.dll
0x00007ff8e0490000 - 0x00007ff8e049f000 	c:\Users\admin\.cursor\extensions\redhat.java-1.42.0-win32-x64\jre\21.0.7-win32-x86_64\bin\instrument.dll
0x00007ff8d91d0000 - 0x00007ff8d91ef000 	c:\Users\admin\.cursor\extensions\redhat.java-1.42.0-win32-x64\jre\21.0.7-win32-x86_64\bin\java.dll
0x00007ff8ef430000 - 0x00007ff8efb5d000 	C:\WINDOWS\System32\SHELL32.dll
0x00007ff8ee150000 - 0x00007ff8ee2c4000 	C:\WINDOWS\System32\wintypes.dll
0x00007ff8ebbe0000 - 0x00007ff8ec436000 	C:\WINDOWS\SYSTEM32\windows.storage.dll
0x00007ff8eedc0000 - 0x00007ff8eeeaf000 	C:\WINDOWS\System32\SHCORE.dll
0x00007ff8ef3c0000 - 0x00007ff8ef429000 	C:\WINDOWS\System32\shlwapi.dll
0x00007ff8ede10000 - 0x00007ff8ede3f000 	C:\WINDOWS\SYSTEM32\profapi.dll
0x00007ff8ddf40000 - 0x00007ff8ddf58000 	c:\Users\admin\.cursor\extensions\redhat.java-1.42.0-win32-x64\jre\21.0.7-win32-x86_64\bin\zip.dll
0x00007ff8e05b0000 - 0x00007ff8e05c0000 	C:\Users\admin\.cursor\extensions\redhat.java-1.42.0-win32-x64\jre\21.0.7-win32-x86_64\bin\net.dll
0x00007ff8e8a60000 - 0x00007ff8e8b7e000 	C:\WINDOWS\SYSTEM32\WINHTTP.dll
0x0000000180000000 - 0x000000018008c000 	C:\WINDOWS\system32\ASProxy64.dll
0x00007ff8efc80000 - 0x00007ff8efe1f000 	C:\WINDOWS\System32\ole32.dll
0x00007ff8ec730000 - 0x00007ff8ec763000 	C:\WINDOWS\SYSTEM32\IPHLPAPI.DLL
0x00007ff8ed260000 - 0x00007ff8ed2ca000 	C:\WINDOWS\SYSTEM32\MSWSOCK.dll
0x00007ff8ecf90000 - 0x00007ff8ecfd8000 	C:\WINDOWS\SYSTEM32\SspiCli.dll
0x00007ff8ddf20000 - 0x00007ff8ddf36000 	C:\Users\admin\.cursor\extensions\redhat.java-1.42.0-win32-x64\jre\21.0.7-win32-x86_64\bin\nio.dll
0x00007ff8e0420000 - 0x00007ff8e0430000 	c:\Users\admin\.cursor\extensions\redhat.java-1.42.0-win32-x64\jre\21.0.7-win32-x86_64\bin\verify.dll
0x00007ff8eb200000 - 0x00007ff8eb2af000 	C:\WINDOWS\system32\uxtheme.dll
0x00007ff8c1600000 - 0x00007ff8c1645000 	C:\Users\admin\AppData\Roaming\Cursor\User\globalStorage\redhat.java\1.42.0\config_win\org.eclipse.equinox.launcher\org.eclipse.equinox.launcher.win32.win32.x86_64_1.2.1300.v20250331-1702\eclipse_11911.dll
0x00007ff8ed510000 - 0x00007ff8ed52c000 	C:\WINDOWS\SYSTEM32\CRYPTSP.dll
0x00007ff8ecc50000 - 0x00007ff8ecc8a000 	C:\WINDOWS\system32\rsaenh.dll
0x00007ff8ed300000 - 0x00007ff8ed32b000 	C:\WINDOWS\SYSTEM32\USERENV.dll
0x00007ff8ede50000 - 0x00007ff8ede76000 	C:\WINDOWS\SYSTEM32\bcrypt.dll
0x00007ff8ed500000 - 0x00007ff8ed50c000 	C:\WINDOWS\SYSTEM32\CRYPTBASE.dll
0x00007ff8eedb0000 - 0x00007ff8eedba000 	C:\WINDOWS\System32\NSI.dll
0x00007ff8e5720000 - 0x00007ff8e572a000 	C:\Users\admin\.cursor\extensions\redhat.java-1.42.0-win32-x64\jre\21.0.7-win32-x86_64\bin\management.dll
0x00007ff8d5d00000 - 0x00007ff8d5d0b000 	C:\Users\admin\.cursor\extensions\redhat.java-1.42.0-win32-x64\jre\21.0.7-win32-x86_64\bin\management_ext.dll
0x00007ff8f0040000 - 0x00007ff8f0048000 	C:\WINDOWS\System32\PSAPI.DLL
0x00007ff8b8010000 - 0x00007ff8b8059000 	C:\Users\admin\AppData\Local\Temp\jna-92668751\jna3472854357488561275.dll
0x00007ff8e86b0000 - 0x00007ff8e86cf000 	C:\WINDOWS\SYSTEM32\dhcpcsvc6.DLL
0x00007ff8e7810000 - 0x00007ff8e7835000 	C:\WINDOWS\SYSTEM32\dhcpcsvc.DLL
0x00007ff8c90f0000 - 0x00007ff8c9117000 	C:\Users\admin\.gradle\native\1def1411415f61bf3af743bc5b6707747c0891f09f0c88961ee8f79bc544acac\windows-amd64\native-platform.dll
0x00007ff8d3a60000 - 0x00007ff8d3a69000 	C:\Users\admin\.cursor\extensions\redhat.java-1.42.0-win32-x64\jre\21.0.7-win32-x86_64\bin\extnet.dll
0x00007ff8c6160000 - 0x00007ff8c616e000 	C:\Users\admin\.cursor\extensions\redhat.java-1.42.0-win32-x64\jre\21.0.7-win32-x86_64\bin\sunmscapi.dll
0x00007ff8ee7e0000 - 0x00007ff8ee957000 	C:\WINDOWS\System32\CRYPT32.dll
0x00007ff8ed710000 - 0x00007ff8ed740000 	C:\WINDOWS\SYSTEM32\ncrypt.dll
0x00007ff8ed6c0000 - 0x00007ff8ed6ff000 	C:\WINDOWS\SYSTEM32\NTASN1.dll
0x00007ff8c6cf0000 - 0x00007ff8c6cf8000 	C:\WINDOWS\system32\wshunix.dll

dbghelp: loaded successfully - version: 4.0.5 - missing functions: none
symbol engine: initialized successfully - sym options: 0x614 - pdb path: .;c:\Users\admin\.cursor\extensions\redhat.java-1.42.0-win32-x64\jre\21.0.7-win32-x86_64\bin;C:\WINDOWS\SYSTEM32;C:\WINDOWS\WinSxS\amd64_microsoft.windows.common-controls_6595b64144ccf1df_6.0.26100.3912_none_3e07963ce335137e;c:\Users\admin\.cursor\extensions\redhat.java-1.42.0-win32-x64\jre\21.0.7-win32-x86_64\bin\server;C:\Users\admin\AppData\Roaming\Cursor\User\globalStorage\redhat.java\1.42.0\config_win\org.eclipse.equinox.launcher\org.eclipse.equinox.launcher.win32.win32.x86_64_1.2.1300.v20250331-1702;C:\Users\admin\AppData\Local\Temp\jna-92668751;C:\Users\admin\.gradle\native\1def1411415f61bf3af743bc5b6707747c0891f09f0c88961ee8f79bc544acac\windows-amd64

VM Arguments:
jvm_args: --add-modules=ALL-SYSTEM --add-opens=java.base/java.util=ALL-UNNAMED --add-opens=java.base/java.lang=ALL-UNNAMED --add-opens=java.base/sun.nio.fs=ALL-UNNAMED -Declipse.application=org.eclipse.jdt.ls.core.id1 -Dosgi.bundles.defaultStartLevel=4 -Declipse.product=org.eclipse.jdt.ls.core.product -Djava.import.generatesMetadataFilesAtProjectRoot=false -DDetectVMInstallationsJob.disabled=true -Dfile.encoding=utf8 -XX:+UseParallelGC -XX:GCTimeRatio=4 -XX:AdaptiveSizePolicyWeight=90 -Dsun.zip.disableMemoryMapping=true -Xmx1G -Xms100m -Xlog:disable -javaagent:c:\Users\admin\.cursor\extensions\redhat.java-1.42.0-win32-x64\lombok\lombok-1.18.36.jar -XX:+HeapDumpOnOutOfMemoryError -XX:HeapDumpPath=c:\Users\admin\AppData\Roaming\Cursor\User\workspaceStorage\0426a641ec518546e312a5bf184515bb\redhat.java -Daether.dependencyCollector.impl=bf 
java_command: c:\Users\admin\.cursor\extensions\redhat.java-1.42.0-win32-x64\server\plugins\org.eclipse.equinox.launcher_1.7.0.v20250424-1814.jar -configuration c:\Users\admin\AppData\Roaming\Cursor\User\globalStorage\redhat.java\1.42.0\config_win -data c:\Users\admin\AppData\Roaming\Cursor\User\workspaceStorage\0426a641ec518546e312a5bf184515bb\redhat.java\jdt_ws --pipe=\\.\pipe\lsp-f10feaa06919d417108a01392ad44e25-sock
java_class_path (initial): c:\Users\admin\.cursor\extensions\redhat.java-1.42.0-win32-x64\server\plugins\org.eclipse.equinox.launcher_1.7.0.v20250424-1814.jar
Launcher Type: SUN_STANDARD

[Global flags]
    uintx AdaptiveSizePolicyWeight                 = 90                                        {product} {command line}
     intx CICompilerCount                          = 12                                        {product} {ergonomic}
    uintx GCTimeRatio                              = 4                                         {product} {command line}
     bool HeapDumpOnOutOfMemoryError               = true                                   {manageable} {command line}
    ccstr HeapDumpPath                             = c:\Users\admin\AppData\Roaming\Cursor\User\workspaceStorage\0426a641ec518546e312a5bf184515bb\redhat.java         {manageable} {command line}
   size_t InitialHeapSize                          = 104857600                                 {product} {command line}
   size_t MaxHeapSize                              = 1073741824                                {product} {command line}
   size_t MaxNewSize                               = 357564416                                 {product} {ergonomic}
   size_t MinHeapDeltaBytes                        = 524288                                    {product} {ergonomic}
   size_t MinHeapSize                              = 104857600                                 {product} {command line}
   size_t NewSize                                  = 34603008                                  {product} {ergonomic}
    uintx NonNMethodCodeHeapSize                   = 7602480                                {pd product} {ergonomic}
    uintx NonProfiledCodeHeapSize                  = 122027880                              {pd product} {ergonomic}
   size_t OldSize                                  = 70254592                                  {product} {ergonomic}
    uintx ProfiledCodeHeapSize                     = 122027880                              {pd product} {ergonomic}
    uintx ReservedCodeCacheSize                    = 251658240                              {pd product} {ergonomic}
     bool SegmentedCodeCache                       = true                                      {product} {ergonomic}
   size_t SoftMaxHeapSize                          = 1073741824                             {manageable} {ergonomic}
     bool UseCompressedOops                        = true                           {product lp64_product} {ergonomic}
     bool UseLargePagesIndividualAllocation        = false                                  {pd product} {ergonomic}
     bool UseParallelGC                            = true                                      {product} {command line}

Logging:
Log output configuration:
 #0: stdout all=off uptime,level,tags foldmultilines=false
 #1: stderr all=off uptime,level,tags foldmultilines=false

Environment Variables:
JAVA_HOME=C:\Program Files\OpenLogic\jdk-17.0.15.6-hotspot
PATH=C:\Program Files\Common Files\Oracle\Java\javapath;C:\Program Files\OpenLogic\jdk-17.0.15.6-hotspot\bin;C:\WINDOWS\system32;C:\WINDOWS;C:\WINDOWS\System32\Wbem;C:\WINDOWS\System32\WindowsPowerShell\v1.0\;C:\WINDOWS\System32\OpenSSH\;C:\Program Files\dotnet\;C:\Program Files\Microsoft SQL Server\130\Tools\Binn\;C:\Program Files\Git\cmd;C:\Users\admin\AppData\Roaming\nvm;C:\Program Files\nodejs;C:\Program Files\Microsoft SQL Server\150\Tools\Binn\;C:\Users\admin\AppData\Local\Microsoft\WindowsApps;C:\Users\admin\AppData\Roaming\npm;C:\Users\admin\AppData\Local\Programs\Microsoft VS Code\bin;C:\Users\admin\AppData\Roaming\nvm;C:\Program Files\nodejs;C:\Users\admin\AppData\Local\Android\Sdk\platform-tools;C:\Users\admin\AppData\Local\Programs\cursor\resources\app\bin;C:\;C:\Users\admin\.dotnet\tools
USERNAME=admin
OS=Windows_NT
PROCESSOR_IDENTIFIER=Intel64 Family 6 Model 165 Stepping 5, GenuineIntel
TMP=C:\Users\admin\AppData\Local\Temp
TEMP=C:\Users\admin\AppData\Local\Temp




Periodic native trim disabled

---------------  S Y S T E M  ---------------

OS:
 Windows 11 , 64 bit Build 26100 (10.0.26100.3912)
OS uptime: 0 days 16:30 hours

CPU: total 16 (initial active 16) (8 cores per cpu, 2 threads per core) family 6 model 165 stepping 5 microcode 0xec, cx8, cmov, fxsr, ht, mmx, 3dnowpref, sse, sse2, sse3, ssse3, sse4.1, sse4.2, popcnt, lzcnt, tsc, tscinvbit, avx, avx2, aes, erms, clmul, bmi1, bmi2, adx, fma, vzeroupper, clflush, clflushopt, rdtscp, f16c, pku
Processor Information for processor 0
  Max Mhz: 2901, Current Mhz: 2901, Mhz Limit: 2901
Processor Information for processor 1
  Max Mhz: 2901, Current Mhz: 2901, Mhz Limit: 2901
Processor Information for processor 2
  Max Mhz: 2901, Current Mhz: 2901, Mhz Limit: 2901
Processor Information for processor 3
  Max Mhz: 2901, Current Mhz: 2901, Mhz Limit: 2901
Processor Information for processor 4
  Max Mhz: 2901, Current Mhz: 2901, Mhz Limit: 2901
Processor Information for processor 5
  Max Mhz: 2901, Current Mhz: 2100, Mhz Limit: 2901
Processor Information for processor 6
  Max Mhz: 2901, Current Mhz: 2100, Mhz Limit: 2901
Processor Information for processor 7
  Max Mhz: 2901, Current Mhz: 1700, Mhz Limit: 2901
Processor Information for processor 8
  Max Mhz: 2901, Current Mhz: 2901, Mhz Limit: 2901
Processor Information for processor 9
  Max Mhz: 2901, Current Mhz: 2901, Mhz Limit: 2901
Processor Information for processor 10
  Max Mhz: 2901, Current Mhz: 2100, Mhz Limit: 2901
Processor Information for processor 11
  Max Mhz: 2901, Current Mhz: 2901, Mhz Limit: 2901
Processor Information for processor 12
  Max Mhz: 2901, Current Mhz: 2901, Mhz Limit: 2901
Processor Information for processor 13
  Max Mhz: 2901, Current Mhz: 2901, Mhz Limit: 2901
Processor Information for processor 14
  Max Mhz: 2901, Current Mhz: 2100, Mhz Limit: 2901
Processor Information for processor 15
  Max Mhz: 2901, Current Mhz: 2901, Mhz Limit: 2901

Memory: 4k page, system-wide physical 16096M (2747M free)
TotalPageFile size 34528M (AvailPageFile size 4955M)
current process WorkingSet (physical memory assigned to process): 288M, peak: 292M
current process commit charge ("private bytes"): 370M, peak: 386M

vm_info: OpenJDK 64-Bit Server VM (21.0.7+6-LTS) for windows-amd64 JRE (21.0.7+6-LTS), built on 2025-04-15T00:00:00Z by "admin" with MS VC++ 17.7 (VS2022)

END.
