#
# A fatal error has been detected by the Java Runtime Environment:
#
#  EXCEPTION_ACCESS_VIOLATION (0xc0000005) at pc=0x000000018000c274, pid=33072, tid=28640
#
# JRE version: OpenJDK Runtime Environment Temurin-21.0.7+6 (21.0.7+6) (build 21.0.7+6-LTS)
# Java VM: OpenJDK 64-Bit Server VM Temurin-21.0.7+6 (21.0.7+6-LTS, mixed mode, sharing, tiered, compressed oops, compressed class ptrs, parallel gc, windows-amd64)
# Problematic frame:
# C  [ASProxy64.dll+0xc274]
#
# No core dump will be written. Minidumps are not enabled by default on client versions of Windows
#
# If you would like to submit a bug report, please visit:
#   https://github.com/adoptium/adoptium-support/issues
# The crash happened outside the Java Virtual Machine in native code.
# See problematic frame for where to report the bug.
#

---------------  S U M M A R Y ------------

Command Line: --add-modules=ALL-SYSTEM --add-opens=java.base/java.util=ALL-UNNAMED --add-opens=java.base/java.lang=ALL-UNNAMED --add-opens=java.base/sun.nio.fs=ALL-UNNAMED -Declipse.application=org.eclipse.jdt.ls.core.id1 -Dosgi.bundles.defaultStartLevel=4 -Declipse.product=org.eclipse.jdt.ls.core.product -Djava.import.generatesMetadataFilesAtProjectRoot=false -DDetectVMInstallationsJob.disabled=true -Dfile.encoding=utf8 -XX:+UseParallelGC -XX:GCTimeRatio=4 -XX:AdaptiveSizePolicyWeight=90 -Dsun.zip.disableMemoryMapping=true -Xmx1G -Xms100m -Xlog:disable -javaagent:c:\Users\admin\.cursor\extensions\redhat.java-1.42.0-win32-x64\lombok\lombok-1.18.36.jar -XX:+HeapDumpOnOutOfMemoryError -XX:HeapDumpPath=c:\Users\admin\AppData\Roaming\Cursor\User\workspaceStorage\0426a641ec518546e312a5bf184515bb\redhat.java -Daether.dependencyCollector.impl=bf c:\Users\admin\.cursor\extensions\redhat.java-1.42.0-win32-x64\server\plugins\org.eclipse.equinox.launcher_1.7.0.v20250424-1814.jar -configuration c:\Users\admin\AppData\Roaming\Cursor\User\globalStorage\redhat.java\1.42.0\config_win -data c:\Users\admin\AppData\Roaming\Cursor\User\workspaceStorage\0426a641ec518546e312a5bf184515bb\redhat.java\jdt_ws --pipe=\\.\pipe\lsp-f3f5bd066199b21f1eb9b709ed5497c6-sock

Host: Intel(R) Core(TM) i7-10700 CPU @ 2.90GHz, 16 cores, 15G,  Windows 11 , 64 bit Build 26100 (10.0.26100.3912)
Time: Sat May 17 05:59:09 2025 Eastern Daylight Time elapsed time: 8.034815 seconds (0d 0h 0m 8s)

---------------  T H R E A D  ---------------

Current thread (0x000001de100ec860):  JavaThread "Connection worker"        [_thread_in_native, id=28640, stack(0x0000006600900000,0x0000006600a00000) (1024K)]

Stack: [0x0000006600900000,0x0000006600a00000],  sp=0x00000066009fddd0,  free space=1015k
Native frames: (J=compiled Java code, j=interpreted, Vv=VM code, C=native code)
C  [ASProxy64.dll+0xc274]

Java frames: (J=compiled Java code, j=interpreted, Vv=VM code)
j  sun.nio.ch.WEPoll.ctl(JIJI)I+0 java.base@21.0.7
j  sun.nio.ch.WEPollSelectorImpl.<init>(Ljava/nio/channels/spi/SelectorProvider;)V+139 java.base@21.0.7
j  sun.nio.ch.WEPollSelectorProvider.openSelector()Ljava/nio/channels/spi/AbstractSelector;+5 java.base@21.0.7
j  java.nio.channels.Selector.open()Ljava/nio/channels/Selector;+3 java.base@21.0.7
j  org.gradle.internal.remote.internal.inet.SocketConnection$SocketInputStream.<init>(Ljava/nio/channels/SocketChannel;)V+17
j  org.gradle.internal.remote.internal.inet.SocketConnection.<init>(Ljava/nio/channels/SocketChannel;Lorg/gradle/internal/remote/internal/MessageSerializer;Lorg/gradle/internal/serialize/StatefulSerializer;)V+27
j  org.gradle.internal.remote.internal.inet.SocketConnectCompletion.create(Lorg/gradle/internal/serialize/StatefulSerializer;)Lorg/gradle/internal/remote/internal/RemoteConnection;+16
j  org.gradle.launcher.daemon.client.DefaultDaemonConnector.connectToDaemon(Lorg/gradle/launcher/daemon/context/DaemonConnectDetails;Lorg/gradle/launcher/daemon/client/DaemonClientConnection$StaleAddressDetector;)Lorg/gradle/launcher/daemon/client/DaemonClientConnection;+45
j  org.gradle.launcher.daemon.client.DefaultDaemonConnector.connectToDaemonWithId(Lorg/gradle/launcher/daemon/diagnostics/DaemonStartupInfo;Lorg/gradle/api/internal/specs/ExplainingSpec;)Lorg/gradle/launcher/daemon/client/DaemonClientConnection;+116
j  org.gradle.launcher.daemon.client.DefaultDaemonConnector.doStartDaemon(Lorg/gradle/api/internal/specs/ExplainingSpec;Z)Lorg/gradle/launcher/daemon/client/DaemonClientConnection;+61
j  org.gradle.launcher.daemon.client.DefaultDaemonConnector.startDaemon(Lorg/gradle/api/internal/specs/ExplainingSpec;)Lorg/gradle/launcher/daemon/client/DaemonClientConnection;+3
j  org.gradle.launcher.daemon.client.DaemonClient.execute(Lorg/gradle/internal/invocation/BuildAction;Lorg/gradle/launcher/exec/BuildActionParameters;Lorg/gradle/internal/daemon/client/execution/ClientBuildRequestContext;)Lorg/gradle/launcher/exec/BuildActionResult;+201
j  org.gradle.launcher.daemon.client.DaemonClient.execute(Lorg/gradle/internal/invocation/BuildAction;Ljava/lang/Object;Ljava/lang/Object;)Lorg/gradle/launcher/exec/BuildActionResult;+10
j  org.gradle.tooling.internal.provider.DaemonBuildActionExecuter.execute(Lorg/gradle/internal/invocation/BuildAction;Lorg/gradle/tooling/internal/provider/ConnectionOperationParameters;Lorg/gradle/internal/daemon/client/execution/ClientBuildRequestContext;)Lorg/gradle/launcher/exec/BuildActionResult;+72
j  org.gradle.tooling.internal.provider.DaemonBuildActionExecuter.execute(Lorg/gradle/internal/invocation/BuildAction;Ljava/lang/Object;Ljava/lang/Object;)Lorg/gradle/launcher/exec/BuildActionResult;+10
j  org.gradle.tooling.internal.provider.LoggingBridgingBuildActionExecuter.execute(Lorg/gradle/internal/invocation/BuildAction;Lorg/gradle/tooling/internal/provider/ConnectionOperationParameters;Lorg/gradle/internal/daemon/client/execution/ClientBuildRequestContext;)Lorg/gradle/launcher/exec/BuildActionResult;+77
j  org.gradle.tooling.internal.provider.LoggingBridgingBuildActionExecuter.execute(Lorg/gradle/internal/invocation/BuildAction;Ljava/lang/Object;Ljava/lang/Object;)Lorg/gradle/launcher/exec/BuildActionResult;+10
j  org.gradle.tooling.internal.provider.ProviderConnection.run(Lorg/gradle/internal/invocation/BuildAction;Lorg/gradle/initialization/BuildCancellationToken;Lorg/gradle/tooling/internal/provider/ProviderConnection$ProgressListenerConfiguration;Lorg/gradle/initialization/BuildEventConsumer;Lorg/gradle/tooling/internal/provider/connection/ProviderOperationParameters;Lorg/gradle/tooling/internal/provider/ProviderConnection$Parameters;)Ljava/lang/Object;+79
j  org.gradle.tooling.internal.provider.ProviderConnection.runPhasedAction(Lorg/gradle/tooling/internal/protocol/InternalPhasedAction;Lorg/gradle/tooling/internal/protocol/PhasedActionResultListener;Lorg/gradle/initialization/BuildCancellationToken;Lorg/gradle/tooling/internal/provider/connection/ProviderOperationParameters;)Ljava/lang/Object;+132
j  org.gradle.tooling.internal.provider.DefaultConnection.run(Lorg/gradle/tooling/internal/protocol/InternalPhasedAction;Lorg/gradle/tooling/internal/protocol/PhasedActionResultListener;Lorg/gradle/tooling/internal/protocol/InternalCancellationToken;Lorg/gradle/tooling/internal/protocol/BuildParameters;)Lorg/gradle/tooling/internal/protocol/BuildResult;+28
j  org.gradle.tooling.internal.consumer.connection.PhasedActionAwareConsumerConnection.run(Lorg/gradle/tooling/internal/consumer/PhasedBuildAction;Lorg/gradle/tooling/internal/consumer/parameters/ConsumerOperationParameters;)V+66
j  org.gradle.tooling.internal.consumer.connection.ParameterValidatingConsumerConnection.run(Lorg/gradle/tooling/internal/consumer/PhasedBuildAction;Lorg/gradle/tooling/internal/consumer/parameters/ConsumerOperationParameters;)V+11
j  org.gradle.tooling.internal.consumer.DefaultPhasedBuildActionExecuter$1.run(Lorg/gradle/tooling/internal/consumer/connection/ConsumerConnection;)Ljava/lang/Void;+12
j  org.gradle.tooling.internal.consumer.DefaultPhasedBuildActionExecuter$1.run(Lorg/gradle/tooling/internal/consumer/connection/ConsumerConnection;)Ljava/lang/Object;+2
j  org.gradle.tooling.internal.consumer.connection.LazyConsumerActionExecutor.run(Lorg/gradle/tooling/internal/consumer/connection/ConsumerAction;)Ljava/lang/Object;+34
j  org.gradle.tooling.internal.consumer.connection.CancellableConsumerActionExecutor.run(Lorg/gradle/tooling/internal/consumer/connection/ConsumerAction;)Ljava/lang/Object;+34
j  org.gradle.tooling.internal.consumer.connection.ProgressLoggingConsumerActionExecutor.run(Lorg/gradle/tooling/internal/consumer/connection/ConsumerAction;)Ljava/lang/Object;+78
j  org.gradle.tooling.internal.consumer.connection.RethrowingErrorsConsumerActionExecutor.run(Lorg/gradle/tooling/internal/consumer/connection/ConsumerAction;)Ljava/lang/Object;+5
j  org.gradle.tooling.internal.consumer.async.DefaultAsyncConsumerActionExecutor$1$1.run()V+17
j  org.gradle.internal.concurrent.ExecutorPolicy$CatchAndRecordFailures.onExecute(Ljava/lang/Runnable;)V+1
j  org.gradle.internal.concurrent.AbstractManagedExecutor$1.run()V+25
j  java.util.concurrent.ThreadPoolExecutor.runWorker(Ljava/util/concurrent/ThreadPoolExecutor$Worker;)V+92 java.base@21.0.7
j  java.util.concurrent.ThreadPoolExecutor$Worker.run()V+5 java.base@21.0.7
j  java.lang.Thread.runWith(Ljava/lang/Object;Ljava/lang/Runnable;)V+5 java.base@21.0.7
j  java.lang.Thread.run()V+19 java.base@21.0.7
v  ~StubRoutines::call_stub 0x000001ddb9c0100d

siginfo: EXCEPTION_ACCESS_VIOLATION (0xc0000005), reading address 0x0000000000000428


Registers:
RAX=0x0000000000000000, RBX=0x000001de0f1c4888, RCX=0x00000000000008ec, RDX=0x0000000000000002
RSP=0x00000066009fddd0, RBP=0x0000000000000428, RSI=0x000001de11439740, RDI=0x0000000000000428
R8 =0x7ffffffffffffffc, R9 =0x0000000000000000, R10=0x00000000000008ec, R11=0x000001ddaf5bd338
R12=0x00000066009fe010, R13=0x0000000000001324, R14=0x000001de11439710, R15=0x0000000000001324
RIP=0x000000018000c274, EFLAGS=0x0000000000010246

XMM[0]=0x0000000000000000 0x0000000000000000
XMM[1]=0x0000000000000000 0x0000000000000000
XMM[2]=0x0000000000000000 0x0000000000000000
XMM[3]=0x0000000000000000 0x0000000000000000
XMM[4]=0x0000000000000000 0x0000000000000000
XMM[5]=0x0000000000000000 0x0000000000000000
XMM[6]=0xecfdd0aeab6ec4a3 0xba43aa632cc8f961
XMM[7]=0x32ba8bb8fd61cae6 0x965b510d9a26c523
XMM[8]=0x0000000000000000 0x52799495baef7b6b
XMM[9]=0xf92c04aabc5b6edd 0x3aabbdf82ae5c51d
XMM[10]=0xffffffffffffffff 0x0b0a090803020100
XMM[11]=0xc282ef32ba1337e6 0x0000000000000000
XMM[12]=0x0b0a090803020100 0xffffffffffffffff
XMM[13]=0x0c0d0e0f08090a0b 0x0405060700010203
XMM[14]=0x0000000000000000 0x6c9c4e785cd1fc34
XMM[15]=0x0000000000000000 0x00000000f035adbc
  MXCSR=0x00001fa0


Register to memory mapping:

RAX=0x0 is null
RBX=0x000001de0f1c4888 points into unknown readable memory: 0x0000000000000000 | 00 00 00 00 00 00 00 00
RCX=0x00000000000008ec is an unknown value
RDX=0x0000000000000002 is an unknown value
RSP=0x00000066009fddd0 is pointing into the stack for thread: 0x000001de100ec860
RBP=0x0000000000000428 is an unknown value
RSI=0x000001de11439740 points into unknown readable memory: 0x000001de11439740 | 40 97 43 11 de 01 00 00
RDI=0x0000000000000428 is an unknown value
R8 =0x7ffffffffffffffc is an unknown value
R9 =0x0 is null
R10=0x00000000000008ec is an unknown value
R11=0x000001ddaf5bd338 points into unknown readable memory: 0x00000000000007d0 | d0 07 00 00 00 00 00 00
R12=0x00000066009fe010 is pointing into the stack for thread: 0x000001de100ec860
R13=0x0000000000001324 is an unknown value
R14=0x000001de11439710 points into unknown readable memory: 0x0000000000000428 | 28 04 00 00 00 00 00 00
R15=0x0000000000001324 is an unknown value

Top of Stack: (sp=0x00000066009fddd0)
0x00000066009fddd0:   0000000000000000 0000000000000000
0x00000066009fdde0:   0000000000000428 000000018001f4c2
0x00000066009fddf0:   0000000180065ec8 0000000000002736
0x00000066009fde00:   0000000000000001 00000000000008ec
0x00000066009fde10:   0000000000000428 000000018000c506
0x00000066009fde20:   000001de0f1c4888 0000000000002736
0x00000066009fde30:   0000000000000000 000001dd00000008
0x00000066009fde40:   000000660000001e 0000000000000000
0x00000066009fde50:   0000000000000428 0000000000000000
0x00000066009fde60:   0000000000000001 0000000000000000
0x00000066009fde70:   0000000000000428 00007ff8c70077e6
0x00000066009fde80:   00000000000008ec 0000000000000402
0x00000066009fde90:   000001de11439740 00000066009fdfe0
0x00000066009fdea0:   0000000000000000 000001de00000000
0x00000066009fdeb0:   0000000000000003 000001de00000001
0x00000066009fdec0:   0000000000000000 0000000000000000
0x00000066009fded0:   00007ff800000000 00007ff8edfe0139
0x00000066009fdee0:   00000000000008ec 0000000000000000
0x00000066009fdef0:   0000000000000000 000057deb2bf711c
0x00000066009fdf00:   000001de0f1c4870 00007ff8c70082af
0x00000066009fdf10:   0000000000000028 00007ff846ab2cac
0x00000066009fdf20:   000001de0f1c4878 000001ddaf5e5380
0x00000066009fdf30:   000001de11439710 00007ff8c7008359
0x00000066009fdf40:   000001de11439740 00000066009fe010
0x00000066009fdf50:   000001de11439740 000001de11439710
0x00000066009fdf60:   000001de100ec860 00000066009fe010
0x00000066009fdf70:   000001de0afd7cf8 0000000000000000
0x00000066009fdf80:   000001de11439710 00007ff8c7008787
0x00000066009fdf90:   0000000000000000 00000066009fe010
0x00000066009fdfa0:   0000000000001324 000001de100ec860
0x00000066009fdfb0:   0000000000000001 00007ff8c7007a75
0x00000066009fdfc0:   0000000000000428 00000066009fe010 

Instructions: (pc=0x000000018000c274)
0x000000018000c174:   70 48 8b 6c 24 78 32 c0 48 83 c4 50 41 5c c3 cc
0x000000018000c184:   cc cc cc cc cc cc cc cc cc cc cc cc 48 85 c9 74
0x000000018000c194:   23 8b 05 ad ff 06 00 89 01 8b 05 a9 ff 06 00 89
0x000000018000c1a4:   41 04 8b 05 a4 ff 06 00 89 41 08 8b 05 9f ff 06
0x000000018000c1b4:   00 89 41 0c f3 c3 cc cc cc cc cc cc c6 01 01 c7
0x000000018000c1c4:   02 01 00 00 00 c3 cc cc cc cc cc cc 48 89 5c 24
0x000000018000c1d4:   08 57 48 83 ec 70 48 8b fa 8b d9 48 8d 15 82 73
0x000000018000c1e4:   05 00 48 8d 4c 24 20 45 33 c0 48 c7 44 24 40 0f
0x000000018000c1f4:   00 00 00 48 c7 44 24 38 00 00 00 00 c6 44 24 28
0x000000018000c204:   00 e8 d6 6b ff ff 4c 8d 4c 24 20 48 8d 4c 24 48
0x000000018000c214:   41 b0 01 8b d3 e8 52 06 02 00 48 83 78 20 10 72
0x000000018000c224:   06 48 8b 48 08 eb 05 48 8d 48 08 90 0f b6 01 48
0x000000018000c234:   ff c7 48 ff c1 88 47 ff 84 c0 75 f0 48 83 7c 24
0x000000018000c244:   68 10 72 0a 48 8b 4c 24 50 e8 52 94 03 00 48 8b
0x000000018000c254:   9c 24 80 00 00 00 48 83 c4 70 5f c3 48 83 ec 48
0x000000018000c264:   0f b6 c2 0f 57 c0 0f 11 44 24 ff 25 00 00 00 00
0x000000018000c274:   ae 7e ef ee f8 7f 00 00 8b 44 24 04 0f af 04 24
0x000000018000c284:   89 04 24 8b 44 24 04 0f af 04 24 83 c0 01 89 04
0x000000018000c294:   24 8b 44 24 04 0f af 04 24 83 c0 02 89 04 24 8b
0x000000018000c2a4:   44 24 04 0f af 04 24 83 c0 03 89 04 24 8b 44 24
0x000000018000c2b4:   04 0f af 04 24 83 c0 04 89 04 24 8b 44 24 04 0f
0x000000018000c2c4:   af 04 24 83 c0 05 89 04 24 8b 44 24 04 0f af 04
0x000000018000c2d4:   24 83 c0 06 89 04 24 8b 44 24 04 0f af 04 24 83
0x000000018000c2e4:   c0 07 89 04 24 8b 44 24 04 0f af 04 24 83 c0 08
0x000000018000c2f4:   89 04 24 8b 44 24 04 0f af 04 24 83 c0 09 89 04
0x000000018000c304:   24 8b 44 24 04 0f af 04 24 83 c0 0a 89 04 24 8b
0x000000018000c314:   44 24 04 0f af 04 24 83 c0 0b 89 04 24 8b 44 24
0x000000018000c324:   04 0f af 04 24 83 c0 0d 89 04 24 8b 44 24 04 0f
0x000000018000c334:   af 04 24 83 c0 0e 89 04 24 8b 44 24 04 0f af 04
0x000000018000c344:   24 83 c0 0f 89 04 24 8b 44 24 04 0f af 04 24 83
0x000000018000c354:   c0 10 89 04 24 8b 44 24 04 0f af 04 24 83 c0 11
0x000000018000c364:   89 04 24 8b 44 24 04 0f af 04 24 83 c0 12 89 04 


Stack slot to memory mapping:

stack at sp + 0 slots: 0x0 is null
stack at sp + 1 slots: 0x0 is null
stack at sp + 2 slots: 0x0000000000000428 is an unknown value
stack at sp + 3 slots: 0x000000018001f4c2 ASProxy64.dll
stack at sp + 4 slots: 0x0000000180065ec8 ASProxy64.dll
stack at sp + 5 slots: 0x0000000000002736 is an unknown value
stack at sp + 6 slots: 0x0000000000000001 is an unknown value
stack at sp + 7 slots: 0x00000000000008ec is an unknown value


---------------  P R O C E S S  ---------------

Threads class SMR info:
_java_thread_list=0x000001de10bc1c30, length=61, elements={
0x000001ddaf5c24c0, 0x000001ddaf667360, 0x000001ddc39ac2c0, 0x000001ddaf669f20,
0x000001ddaf66adf0, 0x000001ddaf66ee10, 0x000001ddaf66f990, 0x000001ddaf67e830,
0x000001de05fa7e50, 0x000001de060c7f00, 0x000001de060cf090, 0x000001de060cf730,
0x000001de0629e6f0, 0x000001de0629deb0, 0x000001de0cf81ec0, 0x000001de0cc8dc20,
0x000001de0cc355c0, 0x000001de0cf7bfd0, 0x000001de0d439950, 0x000001de0d43a670,
0x000001de0d43b390, 0x000001de0d438c30, 0x000001de0d43ba20, 0x000001de0d43c0b0,
0x000001de0d439fe0, 0x000001de0d6ee930, 0x000001de0d6ef650, 0x000001de0d6f0370,
0x000001de0d6eefc0, 0x000001de0d6efce0, 0x000001de0d6f0a00, 0x000001de0d6f1720,
0x000001de0d6f1090, 0x000001de0d6ee2a0, 0x000001de0d6f3160, 0x000001de0d6f4ba0,
0x000001de0d6f37f0, 0x000001de0d6f1db0, 0x000001de0d6f5230, 0x000001de0d6f4510,
0x000001de0d6f2ad0, 0x000001de0d6f3e80, 0x000001de0d6f58c0, 0x000001de0d6f2440,
0x000001de0df4ac00, 0x000001de0df4b290, 0x000001de0df49ee0, 0x000001de0df484a0,
0x000001de0df4c640, 0x000001de0df4d360, 0x000001de0df4d9f0, 0x000001de0df4a570,
0x000001de0df4e710, 0x000001de0df4fac0, 0x000001de0df4f430, 0x000001de100ebb40,
0x000001de100ec860, 0x000001de100ed580, 0x000001de100edc10, 0x000001de100ec1d0,
0x000001de100ee2a0
}

Java Threads: ( => current thread )
  0x000001ddaf5c24c0 JavaThread "main"                              [_thread_blocked, id=27156, stack(0x000000667a900000,0x000000667aa00000) (1024K)]
  0x000001ddaf667360 JavaThread "Reference Handler"          daemon [_thread_blocked, id=11628, stack(0x000000667ad00000,0x000000667ae00000) (1024K)]
  0x000001ddc39ac2c0 JavaThread "Finalizer"                  daemon [_thread_blocked, id=26668, stack(0x000000667ae00000,0x000000667af00000) (1024K)]
  0x000001ddaf669f20 JavaThread "Signal Dispatcher"          daemon [_thread_blocked, id=5544, stack(0x000000667af00000,0x000000667b000000) (1024K)]
  0x000001ddaf66adf0 JavaThread "Attach Listener"            daemon [_thread_blocked, id=436, stack(0x000000667b000000,0x000000667b100000) (1024K)]
  0x000001ddaf66ee10 JavaThread "Service Thread"             daemon [_thread_blocked, id=26856, stack(0x000000667b100000,0x000000667b200000) (1024K)]
  0x000001ddaf66f990 JavaThread "Monitor Deflation Thread"   daemon [_thread_blocked, id=15836, stack(0x000000667b200000,0x000000667b300000) (1024K)]
  0x000001ddaf67e830 JavaThread "C2 CompilerThread0"         daemon [_thread_blocked, id=27976, stack(0x000000667b300000,0x000000667b400000) (1024K)]
  0x000001de05fa7e50 JavaThread "C1 CompilerThread0"         daemon [_thread_blocked, id=26408, stack(0x000000667b400000,0x000000667b500000) (1024K)]
  0x000001de060c7f00 JavaThread "Common-Cleaner"             daemon [_thread_blocked, id=34176, stack(0x000000667b500000,0x000000667b600000) (1024K)]
  0x000001de060cf090 JavaThread "C1 CompilerThread1"         daemon [_thread_blocked, id=13628, stack(0x000000667b600000,0x000000667b700000) (1024K)]
  0x000001de060cf730 JavaThread "C1 CompilerThread2"         daemon [_thread_blocked, id=23480, stack(0x000000667b700000,0x000000667b800000) (1024K)]
  0x000001de0629e6f0 JavaThread "C1 CompilerThread3"         daemon [_thread_blocked, id=22968, stack(0x000000667cb00000,0x000000667cc00000) (1024K)]
  0x000001de0629deb0 JavaThread "Notification Thread"        daemon [_thread_blocked, id=20268, stack(0x000000667c900000,0x000000667ca00000) (1024K)]
  0x000001de0cf81ec0 JavaThread "Active Thread: Equinox Container: 4cf4fe19-7891-4453-9612-c0a34ede3582"        [_thread_blocked, id=32304, stack(0x000000667d500000,0x000000667d600000) (1024K)]
  0x000001de0cc8dc20 JavaThread "Refresh Thread: Equinox Container: 4cf4fe19-7891-4453-9612-c0a34ede3582" daemon [_thread_blocked, id=12244, stack(0x000000667d700000,0x000000667d800000) (1024K)]
  0x000001de0cc355c0 JavaThread "Framework Event Dispatcher: Equinox Container: 4cf4fe19-7891-4453-9612-c0a34ede3582" daemon [_thread_blocked, id=20256, stack(0x000000667d800000,0x000000667d900000) (1024K)]
  0x000001de0cf7bfd0 JavaThread "Start Level: Equinox Container: 4cf4fe19-7891-4453-9612-c0a34ede3582" daemon [_thread_blocked, id=33624, stack(0x000000667d900000,0x000000667da00000) (1024K)]
  0x000001de0d439950 JavaThread "Bundle File Closer"         daemon [_thread_blocked, id=29972, stack(0x000000667dd00000,0x000000667de00000) (1024K)]
  0x000001de0d43a670 JavaThread "SCR Component Actor"        daemon [_thread_blocked, id=26444, stack(0x000000667de00000,0x000000667df00000) (1024K)]
  0x000001de0d43b390 JavaThread "Worker-JM"                         [_thread_blocked, id=26960, stack(0x000000667e100000,0x000000667e200000) (1024K)]
  0x000001de0d438c30 JavaThread "Worker-0"                          [_thread_blocked, id=34568, stack(0x000000667e300000,0x000000667e400000) (1024K)]
  0x000001de0d43ba20 JavaThread "Worker-1"                          [_thread_blocked, id=19588, stack(0x000000667e400000,0x000000667e500000) (1024K)]
  0x000001de0d43c0b0 JavaThread "Java indexing"              daemon [_thread_blocked, id=13012, stack(0x000000667d400000,0x000000667d500000) (1024K)]
  0x000001de0d439fe0 JavaThread "JNA Cleaner"                daemon [_thread_blocked, id=21720, stack(0x000000667b800000,0x000000667b900000) (1024K)]
  0x000001de0d6ee930 JavaThread "Worker-2"                          [_thread_blocked, id=34384, stack(0x000000667e700000,0x000000667e800000) (1024K)]
  0x000001de0d6ef650 JavaThread "Worker-3"                          [_thread_blocked, id=26912, stack(0x000000667e900000,0x000000667ea00000) (1024K)]
  0x000001de0d6f0370 JavaThread "Thread-2"                   daemon [_thread_in_native, id=32460, stack(0x000000667ea00000,0x000000667eb00000) (1024K)]
  0x000001de0d6eefc0 JavaThread "Thread-3"                   daemon [_thread_in_native, id=33224, stack(0x000000667eb00000,0x000000667ec00000) (1024K)]
  0x000001de0d6efce0 JavaThread "Thread-4"                   daemon [_thread_in_native, id=25316, stack(0x000000667ec00000,0x000000667ed00000) (1024K)]
  0x000001de0d6f0a00 JavaThread "Thread-5"                   daemon [_thread_in_native, id=32772, stack(0x000000667ed00000,0x000000667ee00000) (1024K)]
  0x000001de0d6f1720 JavaThread "Thread-6"                   daemon [_thread_in_native, id=7208, stack(0x000000667ee00000,0x000000667ef00000) (1024K)]
  0x000001de0d6f1090 JavaThread "Thread-7"                   daemon [_thread_in_native, id=26184, stack(0x000000667ef00000,0x000000667f000000) (1024K)]
  0x000001de0d6ee2a0 JavaThread "Thread-8"                   daemon [_thread_in_native, id=29516, stack(0x000000667f000000,0x000000667f100000) (1024K)]
  0x000001de0d6f3160 JavaThread "Thread-9"                   daemon [_thread_in_native, id=28276, stack(0x000000667f100000,0x000000667f200000) (1024K)]
  0x000001de0d6f4ba0 JavaThread "Thread-10"                  daemon [_thread_in_native, id=34988, stack(0x000000667f200000,0x000000667f300000) (1024K)]
  0x000001de0d6f37f0 JavaThread "Thread-11"                  daemon [_thread_in_native, id=8804, stack(0x000000667f300000,0x000000667f400000) (1024K)]
  0x000001de0d6f1db0 JavaThread "Thread-12"                  daemon [_thread_in_native, id=15116, stack(0x000000667f400000,0x000000667f500000) (1024K)]
  0x000001de0d6f5230 JavaThread "Thread-13"                  daemon [_thread_in_native, id=22028, stack(0x000000667f500000,0x000000667f600000) (1024K)]
  0x000001de0d6f4510 JavaThread "Thread-14"                  daemon [_thread_in_native, id=22688, stack(0x000000667f600000,0x000000667f700000) (1024K)]
  0x000001de0d6f2ad0 JavaThread "Thread-15"                  daemon [_thread_in_native, id=19160, stack(0x000000667f700000,0x000000667f800000) (1024K)]
  0x000001de0d6f3e80 JavaThread "Thread-16"                  daemon [_thread_in_native, id=18664, stack(0x000000667f800000,0x000000667f900000) (1024K)]
  0x000001de0d6f58c0 JavaThread "Thread-17"                  daemon [_thread_in_native, id=18232, stack(0x000000667f900000,0x000000667fa00000) (1024K)]
  0x000001de0d6f2440 JavaThread "Thread-18"                  daemon [_thread_in_native, id=33892, stack(0x000000667fa00000,0x000000667fb00000) (1024K)]
  0x000001de0df4ac00 JavaThread "pool-2-thread-1"                   [_thread_blocked, id=1696, stack(0x000000667fb00000,0x000000667fc00000) (1024K)]
  0x000001de0df4b290 JavaThread "WorkspaceEventsHandler"            [_thread_blocked, id=10992, stack(0x000000667fd00000,0x000000667fe00000) (1024K)]
  0x000001de0df49ee0 JavaThread "pool-1-thread-1"                   [_thread_blocked, id=13432, stack(0x000000667fe00000,0x000000667ff00000) (1024K)]
  0x000001de0df484a0 JavaThread "Worker-4: Initialize Workspace"        [_thread_blocked, id=35676, stack(0x0000006600300000,0x0000006600400000) (1024K)]
  0x000001de0df4c640 JavaThread "Timer-0"                           [_thread_blocked, id=31712, stack(0x0000006600400000,0x0000006600500000) (1024K)]
  0x000001de0df4d360 JavaThread "Timer-1"                           [_thread_blocked, id=4952, stack(0x0000006600000000,0x0000006600100000) (1024K)]
  0x000001de0df4d9f0 JavaThread "Timer-2"                           [_thread_blocked, id=31044, stack(0x0000006600100000,0x0000006600200000) (1024K)]
  0x000001de0df4a570 JavaThread "LocalFile Deleter"          daemon [_thread_blocked, id=27356, stack(0x0000006600200000,0x0000006600300000) (1024K)]
  0x000001de0df4e710 JavaThread "LocalFile Deleter"          daemon [_thread_blocked, id=31000, stack(0x0000006600500000,0x0000006600600000) (1024K)]
  0x000001de0df4fac0 JavaThread "LocalFile Deleter"          daemon [_thread_blocked, id=21288, stack(0x0000006600600000,0x0000006600700000) (1024K)]
  0x000001de0df4f430 JavaThread "Timer-3"                           [_thread_blocked, id=29752, stack(0x0000006600700000,0x0000006600800000) (1024K)]
  0x000001de100ebb40 JavaThread "Timer-4"                           [_thread_blocked, id=35004, stack(0x0000006600800000,0x0000006600900000) (1024K)]
=>0x000001de100ec860 JavaThread "Connection worker"                 [_thread_in_native, id=28640, stack(0x0000006600900000,0x0000006600a00000) (1024K)]
  0x000001de100ed580 JavaThread "pool-3-thread-1"                   [_thread_blocked, id=27660, stack(0x0000006600a00000,0x0000006600b00000) (1024K)]
  0x000001de100edc10 JavaThread "Exec process"                      [_thread_blocked, id=32688, stack(0x0000006600b00000,0x0000006600c00000) (1024K)]
  0x000001de100ec1d0 JavaThread "Exec process Thread 2"             [_thread_blocked, id=28056, stack(0x0000006600c00000,0x0000006600d00000) (1024K)]
  0x000001de100ee2a0 JavaThread "Exec process Thread 3"             [_thread_blocked, id=17540, stack(0x0000006600d00000,0x0000006600e00000) (1024K)]
Total: 61

Other Threads:
  0x000001ddc3994120 VMThread "VM Thread"                           [id=21412, stack(0x000000667ac00000,0x000000667ad00000) (1024K)]
  0x000001ddc388ca00 WatcherThread "VM Periodic Task Thread"        [id=34432, stack(0x000000667ab00000,0x000000667ac00000) (1024K)]
  0x000001ddaf5e0e50 WorkerThread "GC Thread#0"                     [id=29824, stack(0x000000667aa00000,0x000000667ab00000) (1024K)]
  0x000001de0c2ac280 WorkerThread "GC Thread#1"                     [id=23328, stack(0x000000667cd00000,0x000000667ce00000) (1024K)]
  0x000001de0c7ca490 WorkerThread "GC Thread#2"                     [id=10696, stack(0x000000667ce00000,0x000000667cf00000) (1024K)]
  0x000001de0c5fe120 WorkerThread "GC Thread#3"                     [id=18308, stack(0x000000667cf00000,0x000000667d000000) (1024K)]
  0x000001de0c5f8ac0 WorkerThread "GC Thread#4"                     [id=33228, stack(0x000000667d000000,0x000000667d100000) (1024K)]
  0x000001de0c5f9880 WorkerThread "GC Thread#5"                     [id=29548, stack(0x000000667d100000,0x000000667d200000) (1024K)]
  0x000001de0c5f9c20 WorkerThread "GC Thread#6"                     [id=33164, stack(0x000000667d200000,0x000000667d300000) (1024K)]
  0x000001de0cab0cc0 WorkerThread "GC Thread#7"                     [id=28680, stack(0x000000667d600000,0x000000667d700000) (1024K)]
  0x000001de0d26b630 WorkerThread "GC Thread#8"                     [id=33724, stack(0x000000667da00000,0x000000667db00000) (1024K)]
  0x000001de0c639050 WorkerThread "GC Thread#9"                     [id=34768, stack(0x000000667db00000,0x000000667dc00000) (1024K)]
  0x000001de0c639790 WorkerThread "GC Thread#10"                    [id=26968, stack(0x000000667dc00000,0x000000667dd00000) (1024K)]
  0x000001de0c638cb0 WorkerThread "GC Thread#11"                    [id=26996, stack(0x000000667e000000,0x000000667e100000) (1024K)]
  0x000001de0c639b30 WorkerThread "GC Thread#12"                    [id=30348, stack(0x000000667e200000,0x000000667e300000) (1024K)]
Total: 15

Threads with active compile tasks:
Total: 0

VM state: not at safepoint (normal execution)

VM Mutex/Monitor currently owned by a thread: None

Heap address: 0x00000000c0000000, size: 1024 MB, Compressed Oops mode: 32-bit

CDS archive(s) mapped at: [0x000001ddc4000000-0x000001ddc4ba0000-0x000001ddc4ba0000), size 12189696, SharedBaseAddress: 0x000001ddc4000000, ArchiveRelocationMode: 1.
Compressed class space mapped at: 0x000001ddc5000000-0x000001de05000000, reserved size: 1073741824
Narrow klass base: 0x000001ddc4000000, Narrow klass shift: 0, Narrow klass range: 0x100000000

GC Precious Log:
 CardTable entry size: 512
 CPUs: 16 total, 16 available
 Memory: 16096M
 Large Page Support: Disabled
 NUMA Support: Disabled
 Compressed Oops: Enabled (32-bit)
 Alignments: Space 512K, Generation 512K, Heap 2M
 Heap Min Capacity: 100M
 Heap Initial Capacity: 100M
 Heap Max Capacity: 1G
 Pre-touch: Disabled
 Parallel Workers: 13

Heap:
 PSYoungGen      total 17408K, used 5511K [0x00000000eab00000, 0x00000000ebd00000, 0x0000000100000000)
  eden space 16384K, 30% used [0x00000000eab00000,0x00000000eafd9e50,0x00000000ebb00000)
  from space 1024K, 53% used [0x00000000ebb00000,0x00000000ebb88000,0x00000000ebc00000)
  to   space 1024K, 0% used [0x00000000ebc00000,0x00000000ebc00000,0x00000000ebd00000)
 ParOldGen       total 68608K, used 41039K [0x00000000c0000000, 0x00000000c4300000, 0x00000000eab00000)
  object space 68608K, 59% used [0x00000000c0000000,0x00000000c2813ee8,0x00000000c4300000)
 Metaspace       used 62364K, committed 63680K, reserved 1114112K
  class space    used 7710K, committed 8320K, reserved 1048576K

Card table byte_map: [0x000001ddaef60000,0x000001ddaf170000] _byte_map_base: 0x000001ddae960000

Marking Bits: (ParMarkBitMap*) 0x00007ff8470f31f0
 Begin Bits: [0x000001ddc17b0000, 0x000001ddc27b0000)
 End Bits:   [0x000001ddc27b0000, 0x000001ddc37b0000)

Polling page: 0x000001ddad430000

Metaspace:

Usage:
  Non-class:     53.37 MB used.
      Class:      7.53 MB used.
       Both:     60.90 MB used.

Virtual space:
  Non-class space:       64.00 MB reserved,      54.06 MB ( 84%) committed,  1 nodes.
      Class space:        1.00 GB reserved,       8.12 MB ( <1%) committed,  1 nodes.
             Both:        1.06 GB reserved,      62.19 MB (  6%) committed. 

Chunk freelists:
   Non-Class:  9.95 MB
       Class:  7.88 MB
        Both:  17.83 MB

MaxMetaspaceSize: unlimited
CompressedClassSpaceSize: 1.00 GB
Initial GC threshold: 21.00 MB
Current GC threshold: 97.31 MB
CDS: on
 - commit_granule_bytes: 65536.
 - commit_granule_words: 8192.
 - virtual_space_node_default_size: 8388608.
 - enlarge_chunks_in_place: 1.
 - use_allocation_guard: 0.


Internal statistics:

num_allocs_failed_limit: 9.
num_arena_births: 1118.
num_arena_deaths: 14.
num_vsnodes_births: 2.
num_vsnodes_deaths: 0.
num_space_committed: 995.
num_space_uncommitted: 0.
num_chunks_returned_to_freelist: 23.
num_chunks_taken_from_freelist: 3692.
num_chunk_merges: 15.
num_chunk_splits: 2480.
num_chunks_enlarged: 1650.
num_inconsistent_stats: 0.

CodeHeap 'non-profiled nmethods': size=119168Kb used=4923Kb max_used=4923Kb free=114244Kb
 bounds [0x000001ddba350000, 0x000001ddba820000, 0x000001ddc17b0000]
CodeHeap 'profiled nmethods': size=119104Kb used=14121Kb max_used=14487Kb free=104983Kb
 bounds [0x000001ddb27b0000, 0x000001ddb35e0000, 0x000001ddb9c00000]
CodeHeap 'non-nmethods': size=7488Kb used=3077Kb max_used=3211Kb free=4410Kb
 bounds [0x000001ddb9c00000, 0x000001ddb9f30000, 0x000001ddba350000]
 total_blobs=7664 nmethods=6974 adapters=593
 compilation: enabled
              stopped_count=0, restarted_count=0
 full_count=0

Compilation events (20 events):
Event: 7.672 Thread 0x000001de0629e6f0 nmethod 7817 0x000001ddb2a26b90 code [0x000001ddb2a26d60, 0x000001ddb2a270c0]
Event: 7.672 Thread 0x000001de0629e6f0 7818       3       java.security.Provider::implRemoveService (149 bytes)
Event: 7.672 Thread 0x000001de060cf090 nmethod 7814 0x000001ddb2c7e610 code [0x000001ddb2c7e960, 0x000001ddb2c80078]
Event: 7.673 Thread 0x000001de060cf730 nmethod 7816 0x000001ddb3034a10 code [0x000001ddb3034da0, 0x000001ddb30362d8]
Event: 7.673 Thread 0x000001de060cf090 7820       3       java.security.Provider::checkAndUpdateSecureRandom (88 bytes)
Event: 7.673 Thread 0x000001de0629e6f0 nmethod 7818 0x000001ddb2dbc990 code [0x000001ddb2dbcc40, 0x000001ddb2dbd8c0]
Event: 7.673 Thread 0x000001de060cf090 nmethod 7820 0x000001ddb3021b10 code [0x000001ddb3021ce0, 0x000001ddb3022080]
Event: 7.673 Thread 0x000001de05fa7e50 nmethod 7819 0x000001ddb30c5d10 code [0x000001ddb30c6200, 0x000001ddb30c8530]
Event: 7.678 Thread 0x000001de0629e6f0 7822       1       java.nio.DirectByteBuffer::attachment (5 bytes)
Event: 7.679 Thread 0x000001de0629e6f0 nmethod 7822 0x000001ddba815490 code [0x000001ddba815620, 0x000001ddba8156e8]
Event: 7.681 Thread 0x000001de0629e6f0 7823       3       java.util.HashMap::computeIfAbsent (330 bytes)
Event: 7.681 Thread 0x000001de060cf730 7824       3       sun.security.util.SecurityProviderConstants::getAliases (63 bytes)
Event: 7.682 Thread 0x000001de060cf730 nmethod 7824 0x000001ddb3020d10 code [0x000001ddb3020f80, 0x000001ddb3021820]
Event: 7.682 Thread 0x000001de0629e6f0 nmethod 7823 0x000001ddb30d5b90 code [0x000001ddb30d5ec0, 0x000001ddb30d7438]
Event: 7.685 Thread 0x000001de060cf730 7825       3       java.security.MessageDigest::update (11 bytes)
Event: 7.685 Thread 0x000001de05fa7e50 7826       3       java.security.MessageDigest$Delegate::engineUpdate (9 bytes)
Event: 7.685 Thread 0x000001de060cf090 7827       3       sun.security.provider.DigestBase::engineUpdate (32 bytes)
Event: 7.685 Thread 0x000001de05fa7e50 nmethod 7826 0x000001ddb30d5710 code [0x000001ddb30d58c0, 0x000001ddb30d5a98]
Event: 7.685 Thread 0x000001de060cf090 nmethod 7827 0x000001ddb30c5810 code [0x000001ddb30c59c0, 0x000001ddb30c5c28]
Event: 7.685 Thread 0x000001de060cf730 nmethod 7825 0x000001ddb3020790 code [0x000001ddb3020940, 0x000001ddb3020c00]

GC Heap History (20 events):
Event: 5.757 GC heap before
{Heap before GC invocations=39 (full 3):
 PSYoungGen      total 18432K, used 16736K [0x00000000eab00000, 0x00000000ebe00000, 0x0000000100000000)
  eden space 16384K, 100% used [0x00000000eab00000,0x00000000ebb00000,0x00000000ebb00000)
  from space 2048K, 17% used [0x00000000ebb00000,0x00000000ebb58000,0x00000000ebd00000)
  to   space 1024K, 0% used [0x00000000ebd00000,0x00000000ebd00000,0x00000000ebe00000)
 ParOldGen       total 68608K, used 38327K [0x00000000c0000000, 0x00000000c4300000, 0x00000000eab00000)
  object space 68608K, 55% used [0x00000000c0000000,0x00000000c256dca0,0x00000000c4300000)
 Metaspace       used 58774K, committed 60032K, reserved 1114112K
  class space    used 7194K, committed 7744K, reserved 1048576K
}
Event: 5.758 GC heap after
{Heap after GC invocations=39 (full 3):
 PSYoungGen      total 17408K, used 603K [0x00000000eab00000, 0x00000000ebe00000, 0x0000000100000000)
  eden space 16384K, 0% used [0x00000000eab00000,0x00000000eab00000,0x00000000ebb00000)
  from space 1024K, 58% used [0x00000000ebd00000,0x00000000ebd96cb8,0x00000000ebe00000)
  to   space 1024K, 0% used [0x00000000ebc00000,0x00000000ebc00000,0x00000000ebd00000)
 ParOldGen       total 68608K, used 38514K [0x00000000c0000000, 0x00000000c4300000, 0x00000000eab00000)
  object space 68608K, 56% used [0x00000000c0000000,0x00000000c259c808,0x00000000c4300000)
 Metaspace       used 58774K, committed 60032K, reserved 1114112K
  class space    used 7194K, committed 7744K, reserved 1048576K
}
Event: 5.821 GC heap before
{Heap before GC invocations=40 (full 3):
 PSYoungGen      total 17408K, used 16987K [0x00000000eab00000, 0x00000000ebe00000, 0x0000000100000000)
  eden space 16384K, 100% used [0x00000000eab00000,0x00000000ebb00000,0x00000000ebb00000)
  from space 1024K, 58% used [0x00000000ebd00000,0x00000000ebd96cb8,0x00000000ebe00000)
  to   space 1024K, 0% used [0x00000000ebc00000,0x00000000ebc00000,0x00000000ebd00000)
 ParOldGen       total 68608K, used 38514K [0x00000000c0000000, 0x00000000c4300000, 0x00000000eab00000)
  object space 68608K, 56% used [0x00000000c0000000,0x00000000c259c808,0x00000000c4300000)
 Metaspace       used 58774K, committed 60032K, reserved 1114112K
  class space    used 7194K, committed 7744K, reserved 1048576K
}
Event: 5.822 GC heap after
{Heap after GC invocations=40 (full 3):
 PSYoungGen      total 17408K, used 1019K [0x00000000eab00000, 0x00000000ebe00000, 0x0000000100000000)
  eden space 16384K, 0% used [0x00000000eab00000,0x00000000eab00000,0x00000000ebb00000)
  from space 1024K, 99% used [0x00000000ebc00000,0x00000000ebcfeef0,0x00000000ebd00000)
  to   space 1024K, 0% used [0x00000000ebd00000,0x00000000ebd00000,0x00000000ebe00000)
 ParOldGen       total 68608K, used 38847K [0x00000000c0000000, 0x00000000c4300000, 0x00000000eab00000)
  object space 68608K, 56% used [0x00000000c0000000,0x00000000c25efcf0,0x00000000c4300000)
 Metaspace       used 58774K, committed 60032K, reserved 1114112K
  class space    used 7194K, committed 7744K, reserved 1048576K
}
Event: 5.881 GC heap before
{Heap before GC invocations=41 (full 3):
 PSYoungGen      total 17408K, used 17403K [0x00000000eab00000, 0x00000000ebe00000, 0x0000000100000000)
  eden space 16384K, 100% used [0x00000000eab00000,0x00000000ebb00000,0x00000000ebb00000)
  from space 1024K, 99% used [0x00000000ebc00000,0x00000000ebcfeef0,0x00000000ebd00000)
  to   space 1024K, 0% used [0x00000000ebd00000,0x00000000ebd00000,0x00000000ebe00000)
 ParOldGen       total 68608K, used 38847K [0x00000000c0000000, 0x00000000c4300000, 0x00000000eab00000)
  object space 68608K, 56% used [0x00000000c0000000,0x00000000c25efcf0,0x00000000c4300000)
 Metaspace       used 58774K, committed 60032K, reserved 1114112K
  class space    used 7194K, committed 7744K, reserved 1048576K
}
Event: 5.881 GC heap after
{Heap after GC invocations=41 (full 3):
 PSYoungGen      total 17408K, used 855K [0x00000000eab00000, 0x00000000ebe00000, 0x0000000100000000)
  eden space 16384K, 0% used [0x00000000eab00000,0x00000000eab00000,0x00000000ebb00000)
  from space 1024K, 83% used [0x00000000ebd00000,0x00000000ebdd5cf8,0x00000000ebe00000)
  to   space 1536K, 0% used [0x00000000ebb00000,0x00000000ebb00000,0x00000000ebc80000)
 ParOldGen       total 68608K, used 38911K [0x00000000c0000000, 0x00000000c4300000, 0x00000000eab00000)
  object space 68608K, 56% used [0x00000000c0000000,0x00000000c25ffcf0,0x00000000c4300000)
 Metaspace       used 58774K, committed 60032K, reserved 1114112K
  class space    used 7194K, committed 7744K, reserved 1048576K
}
Event: 5.932 GC heap before
{Heap before GC invocations=42 (full 3):
 PSYoungGen      total 17408K, used 17239K [0x00000000eab00000, 0x00000000ebe00000, 0x0000000100000000)
  eden space 16384K, 100% used [0x00000000eab00000,0x00000000ebb00000,0x00000000ebb00000)
  from space 1024K, 83% used [0x00000000ebd00000,0x00000000ebdd5cf8,0x00000000ebe00000)
  to   space 1536K, 0% used [0x00000000ebb00000,0x00000000ebb00000,0x00000000ebc80000)
 ParOldGen       total 68608K, used 38911K [0x00000000c0000000, 0x00000000c4300000, 0x00000000eab00000)
  object space 68608K, 56% used [0x00000000c0000000,0x00000000c25ffcf0,0x00000000c4300000)
 Metaspace       used 58774K, committed 60032K, reserved 1114112K
  class space    used 7194K, committed 7744K, reserved 1048576K
}
Event: 5.932 GC heap after
{Heap after GC invocations=42 (full 3):
 PSYoungGen      total 17920K, used 384K [0x00000000eab00000, 0x00000000ebd80000, 0x0000000100000000)
  eden space 16384K, 0% used [0x00000000eab00000,0x00000000eab00000,0x00000000ebb00000)
  from space 1536K, 25% used [0x00000000ebb00000,0x00000000ebb60000,0x00000000ebc80000)
  to   space 1024K, 0% used [0x00000000ebc80000,0x00000000ebc80000,0x00000000ebd80000)
 ParOldGen       total 68608K, used 39077K [0x00000000c0000000, 0x00000000c4300000, 0x00000000eab00000)
  object space 68608K, 56% used [0x00000000c0000000,0x00000000c2629710,0x00000000c4300000)
 Metaspace       used 58774K, committed 60032K, reserved 1114112K
  class space    used 7194K, committed 7744K, reserved 1048576K
}
Event: 5.984 GC heap before
{Heap before GC invocations=43 (full 3):
 PSYoungGen      total 17920K, used 16768K [0x00000000eab00000, 0x00000000ebd80000, 0x0000000100000000)
  eden space 16384K, 100% used [0x00000000eab00000,0x00000000ebb00000,0x00000000ebb00000)
  from space 1536K, 25% used [0x00000000ebb00000,0x00000000ebb60000,0x00000000ebc80000)
  to   space 1024K, 0% used [0x00000000ebc80000,0x00000000ebc80000,0x00000000ebd80000)
 ParOldGen       total 68608K, used 39077K [0x00000000c0000000, 0x00000000c4300000, 0x00000000eab00000)
  object space 68608K, 56% used [0x00000000c0000000,0x00000000c2629710,0x00000000c4300000)
 Metaspace       used 58774K, committed 60032K, reserved 1114112K
  class space    used 7194K, committed 7744K, reserved 1048576K
}
Event: 5.985 GC heap after
{Heap after GC invocations=43 (full 3):
 PSYoungGen      total 17408K, used 1003K [0x00000000eab00000, 0x00000000ebe00000, 0x0000000100000000)
  eden space 16384K, 0% used [0x00000000eab00000,0x00000000eab00000,0x00000000ebb00000)
  from space 1024K, 98% used [0x00000000ebc80000,0x00000000ebd7afd0,0x00000000ebd80000)
  to   space 1536K, 0% used [0x00000000ebb00000,0x00000000ebb00000,0x00000000ebc80000)
 ParOldGen       total 68608K, used 39319K [0x00000000c0000000, 0x00000000c4300000, 0x00000000eab00000)
  object space 68608K, 57% used [0x00000000c0000000,0x00000000c2665fa8,0x00000000c4300000)
 Metaspace       used 58774K, committed 60032K, reserved 1114112K
  class space    used 7194K, committed 7744K, reserved 1048576K
}
Event: 6.045 GC heap before
{Heap before GC invocations=44 (full 3):
 PSYoungGen      total 17408K, used 17387K [0x00000000eab00000, 0x00000000ebe00000, 0x0000000100000000)
  eden space 16384K, 100% used [0x00000000eab00000,0x00000000ebb00000,0x00000000ebb00000)
  from space 1024K, 98% used [0x00000000ebc80000,0x00000000ebd7afd0,0x00000000ebd80000)
  to   space 1536K, 0% used [0x00000000ebb00000,0x00000000ebb00000,0x00000000ebc80000)
 ParOldGen       total 68608K, used 39319K [0x00000000c0000000, 0x00000000c4300000, 0x00000000eab00000)
  object space 68608K, 57% used [0x00000000c0000000,0x00000000c2665fa8,0x00000000c4300000)
 Metaspace       used 58774K, committed 60032K, reserved 1114112K
  class space    used 7194K, committed 7744K, reserved 1048576K
}
Event: 6.046 GC heap after
{Heap after GC invocations=44 (full 3):
 PSYoungGen      total 17408K, used 888K [0x00000000eab00000, 0x00000000ebd00000, 0x0000000100000000)
  eden space 16384K, 0% used [0x00000000eab00000,0x00000000eab00000,0x00000000ebb00000)
  from space 1024K, 86% used [0x00000000ebb00000,0x00000000ebbde0e0,0x00000000ebc00000)
  to   space 1024K, 0% used [0x00000000ebc00000,0x00000000ebc00000,0x00000000ebd00000)
 ParOldGen       total 68608K, used 39391K [0x00000000c0000000, 0x00000000c4300000, 0x00000000eab00000)
  object space 68608K, 57% used [0x00000000c0000000,0x00000000c2677fa8,0x00000000c4300000)
 Metaspace       used 58774K, committed 60032K, reserved 1114112K
  class space    used 7194K, committed 7744K, reserved 1048576K
}
Event: 6.096 GC heap before
{Heap before GC invocations=45 (full 3):
 PSYoungGen      total 17408K, used 17272K [0x00000000eab00000, 0x00000000ebd00000, 0x0000000100000000)
  eden space 16384K, 100% used [0x00000000eab00000,0x00000000ebb00000,0x00000000ebb00000)
  from space 1024K, 86% used [0x00000000ebb00000,0x00000000ebbde0e0,0x00000000ebc00000)
  to   space 1024K, 0% used [0x00000000ebc00000,0x00000000ebc00000,0x00000000ebd00000)
 ParOldGen       total 68608K, used 39391K [0x00000000c0000000, 0x00000000c4300000, 0x00000000eab00000)
  object space 68608K, 57% used [0x00000000c0000000,0x00000000c2677fa8,0x00000000c4300000)
 Metaspace       used 58774K, committed 60032K, reserved 1114112K
  class space    used 7194K, committed 7744K, reserved 1048576K
}
Event: 6.096 GC heap after
{Heap after GC invocations=45 (full 3):
 PSYoungGen      total 17408K, used 573K [0x00000000eab00000, 0x00000000ebd00000, 0x0000000100000000)
  eden space 16384K, 0% used [0x00000000eab00000,0x00000000eab00000,0x00000000ebb00000)
  from space 1024K, 55% used [0x00000000ebc00000,0x00000000ebc8f430,0x00000000ebd00000)
  to   space 1024K, 0% used [0x00000000ebb00000,0x00000000ebb00000,0x00000000ebc00000)
 ParOldGen       total 68608K, used 39463K [0x00000000c0000000, 0x00000000c4300000, 0x00000000eab00000)
  object space 68608K, 57% used [0x00000000c0000000,0x00000000c2689fa8,0x00000000c4300000)
 Metaspace       used 58774K, committed 60032K, reserved 1114112K
  class space    used 7194K, committed 7744K, reserved 1048576K
}
Event: 6.141 GC heap before
{Heap before GC invocations=46 (full 3):
 PSYoungGen      total 17408K, used 16954K [0x00000000eab00000, 0x00000000ebd00000, 0x0000000100000000)
  eden space 16384K, 99% used [0x00000000eab00000,0x00000000ebaff640,0x00000000ebb00000)
  from space 1024K, 55% used [0x00000000ebc00000,0x00000000ebc8f430,0x00000000ebd00000)
  to   space 1024K, 0% used [0x00000000ebb00000,0x00000000ebb00000,0x00000000ebc00000)
 ParOldGen       total 68608K, used 39463K [0x00000000c0000000, 0x00000000c4300000, 0x00000000eab00000)
  object space 68608K, 57% used [0x00000000c0000000,0x00000000c2689fa8,0x00000000c4300000)
 Metaspace       used 58774K, committed 60032K, reserved 1114112K
  class space    used 7194K, committed 7744K, reserved 1048576K
}
Event: 6.142 GC heap after
{Heap after GC invocations=46 (full 3):
 PSYoungGen      total 17408K, used 994K [0x00000000eab00000, 0x00000000ebe00000, 0x0000000100000000)
  eden space 16384K, 0% used [0x00000000eab00000,0x00000000eab00000,0x00000000ebb00000)
  from space 1024K, 97% used [0x00000000ebb00000,0x00000000ebbf8808,0x00000000ebc00000)
  to   space 1536K, 0% used [0x00000000ebc80000,0x00000000ebc80000,0x00000000ebe00000)
 ParOldGen       total 68608K, used 39627K [0x00000000c0000000, 0x00000000c4300000, 0x00000000eab00000)
  object space 68608K, 57% used [0x00000000c0000000,0x00000000c26b2ca8,0x00000000c4300000)
 Metaspace       used 58774K, committed 60032K, reserved 1114112K
  class space    used 7194K, committed 7744K, reserved 1048576K
}
Event: 6.247 GC heap before
{Heap before GC invocations=47 (full 3):
 PSYoungGen      total 17408K, used 17378K [0x00000000eab00000, 0x00000000ebe00000, 0x0000000100000000)
  eden space 16384K, 100% used [0x00000000eab00000,0x00000000ebb00000,0x00000000ebb00000)
  from space 1024K, 97% used [0x00000000ebb00000,0x00000000ebbf8808,0x00000000ebc00000)
  to   space 1536K, 0% used [0x00000000ebc80000,0x00000000ebc80000,0x00000000ebe00000)
 ParOldGen       total 68608K, used 39627K [0x00000000c0000000, 0x00000000c4300000, 0x00000000eab00000)
  object space 68608K, 57% used [0x00000000c0000000,0x00000000c26b2ca8,0x00000000c4300000)
 Metaspace       used 60186K, committed 61504K, reserved 1114112K
  class space    used 7403K, committed 8000K, reserved 1048576K
}
Event: 6.248 GC heap after
{Heap after GC invocations=47 (full 3):
 PSYoungGen      total 17408K, used 800K [0x00000000eab00000, 0x00000000ebd80000, 0x0000000100000000)
  eden space 16384K, 0% used [0x00000000eab00000,0x00000000eab00000,0x00000000ebb00000)
  from space 1024K, 78% used [0x00000000ebc80000,0x00000000ebd48010,0x00000000ebd80000)
  to   space 1024K, 0% used [0x00000000ebb00000,0x00000000ebb00000,0x00000000ebc00000)
 ParOldGen       total 68608K, used 39683K [0x00000000c0000000, 0x00000000c4300000, 0x00000000eab00000)
  object space 68608K, 57% used [0x00000000c0000000,0x00000000c26c0cb8,0x00000000c4300000)
 Metaspace       used 60186K, committed 61504K, reserved 1114112K
  class space    used 7403K, committed 8000K, reserved 1048576K
}
Event: 6.427 GC heap before
{Heap before GC invocations=48 (full 3):
 PSYoungGen      total 17408K, used 17184K [0x00000000eab00000, 0x00000000ebd80000, 0x0000000100000000)
  eden space 16384K, 100% used [0x00000000eab00000,0x00000000ebb00000,0x00000000ebb00000)
  from space 1024K, 78% used [0x00000000ebc80000,0x00000000ebd48010,0x00000000ebd80000)
  to   space 1024K, 0% used [0x00000000ebb00000,0x00000000ebb00000,0x00000000ebc00000)
 ParOldGen       total 68608K, used 39683K [0x00000000c0000000, 0x00000000c4300000, 0x00000000eab00000)
  object space 68608K, 57% used [0x00000000c0000000,0x00000000c26c0cb8,0x00000000c4300000)
 Metaspace       used 61720K, committed 63040K, reserved 1114112K
  class space    used 7629K, committed 8256K, reserved 1048576K
}
Event: 6.429 GC heap after
{Heap after GC invocations=48 (full 3):
 PSYoungGen      total 17408K, used 544K [0x00000000eab00000, 0x00000000ebd00000, 0x0000000100000000)
  eden space 16384K, 0% used [0x00000000eab00000,0x00000000eab00000,0x00000000ebb00000)
  from space 1024K, 53% used [0x00000000ebb00000,0x00000000ebb88000,0x00000000ebc00000)
  to   space 1024K, 0% used [0x00000000ebc00000,0x00000000ebc00000,0x00000000ebd00000)
 ParOldGen       total 68608K, used 41039K [0x00000000c0000000, 0x00000000c4300000, 0x00000000eab00000)
  object space 68608K, 59% used [0x00000000c0000000,0x00000000c2813ee8,0x00000000c4300000)
 Metaspace       used 61720K, committed 63040K, reserved 1114112K
  class space    used 7629K, committed 8256K, reserved 1048576K
}

Dll operation events (15 events):
Event: 0.007 Loaded shared library c:\Users\admin\.cursor\extensions\redhat.java-1.42.0-win32-x64\jre\21.0.7-win32-x86_64\bin\java.dll
Event: 0.059 Loaded shared library c:\Users\admin\.cursor\extensions\redhat.java-1.42.0-win32-x64\jre\21.0.7-win32-x86_64\bin\zip.dll
Event: 0.072 Loaded shared library C:\Users\admin\.cursor\extensions\redhat.java-1.42.0-win32-x64\jre\21.0.7-win32-x86_64\bin\instrument.dll
Event: 0.075 Loaded shared library C:\Users\admin\.cursor\extensions\redhat.java-1.42.0-win32-x64\jre\21.0.7-win32-x86_64\bin\net.dll
Event: 0.082 Loaded shared library C:\Users\admin\.cursor\extensions\redhat.java-1.42.0-win32-x64\jre\21.0.7-win32-x86_64\bin\nio.dll
Event: 0.084 Loaded shared library C:\Users\admin\.cursor\extensions\redhat.java-1.42.0-win32-x64\jre\21.0.7-win32-x86_64\bin\zip.dll
Event: 0.095 Loaded shared library C:\Users\admin\.cursor\extensions\redhat.java-1.42.0-win32-x64\jre\21.0.7-win32-x86_64\bin\jimage.dll
Event: 0.136 Loaded shared library c:\Users\admin\.cursor\extensions\redhat.java-1.42.0-win32-x64\jre\21.0.7-win32-x86_64\bin\verify.dll
Event: 0.820 Loaded shared library C:\Users\admin\AppData\Roaming\Cursor\User\globalStorage\redhat.java\1.42.0\config_win\org.eclipse.equinox.launcher\org.eclipse.equinox.launcher.win32.win32.x86_64_1.2.1300.v20250331-1702\eclipse_11911.dll
Event: 2.153 Loaded shared library C:\Users\admin\.cursor\extensions\redhat.java-1.42.0-win32-x64\jre\21.0.7-win32-x86_64\bin\management.dll
Event: 2.155 Loaded shared library C:\Users\admin\.cursor\extensions\redhat.java-1.42.0-win32-x64\jre\21.0.7-win32-x86_64\bin\management_ext.dll
Event: 2.418 Loaded shared library C:\Users\admin\AppData\Local\Temp\jna-92668751\jna17091707946730917982.dll
Event: 4.216 Loaded shared library C:\Users\admin\.gradle\native\1def1411415f61bf3af743bc5b6707747c0891f09f0c88961ee8f79bc544acac\windows-amd64\native-platform.dll
Event: 6.192 Loaded shared library C:\Users\admin\.cursor\extensions\redhat.java-1.42.0-win32-x64\jre\21.0.7-win32-x86_64\bin\extnet.dll
Event: 7.676 Loaded shared library C:\Users\admin\.cursor\extensions\redhat.java-1.42.0-win32-x64\jre\21.0.7-win32-x86_64\bin\sunmscapi.dll

Deoptimization events (20 events):
Event: 7.681 Thread 0x000001de100ec860 Uncommon trap: trap_request=0xffffff45 fr.pc=0x000001ddba406798 relative=0x00000000000008d8
Event: 7.681 Thread 0x000001de100ec860 Uncommon trap: reason=unstable_if action=reinterpret pc=0x000001ddba406798 method=java.util.HashMap.computeIfAbsent(Ljava/lang/Object;Ljava/util/function/Function;)Ljava/lang/Object; @ 294 c2
Event: 7.681 Thread 0x000001de100ec860 DEOPT PACKING pc=0x000001ddba406798 sp=0x00000066009fbff0
Event: 7.681 Thread 0x000001de100ec860 DEOPT UNPACKING pc=0x000001ddb9c53aa2 sp=0x00000066009fbf98 mode 2
Event: 7.686 Thread 0x000001de100ec860 Uncommon trap: trap_request=0xffffff45 fr.pc=0x000001ddba6c8344 relative=0x0000000000000b84
Event: 7.686 Thread 0x000001de100ec860 Uncommon trap: reason=unstable_if action=reinterpret pc=0x000001ddba6c8344 method=sun.nio.fs.WindowsPath.openForReadAttributeAccess(Z)J @ 5 c2
Event: 7.686 Thread 0x000001de100ec860 DEOPT PACKING pc=0x000001ddba6c8344 sp=0x00000066009fdb70
Event: 7.686 Thread 0x000001de100ec860 DEOPT UNPACKING pc=0x000001ddb9c53aa2 sp=0x00000066009fdb48 mode 2
Event: 7.686 Thread 0x000001de100ec860 Uncommon trap: trap_request=0xffffff45 fr.pc=0x000001ddba6ccd88 relative=0x0000000000000a68
Event: 7.686 Thread 0x000001de100ec860 Uncommon trap: reason=unstable_if action=reinterpret pc=0x000001ddba6ccd88 method=sun.nio.fs.WindowsNativeDispatcher.asNativeBuffer(Ljava/lang/String;)Lsun/nio/fs/NativeBuffer; @ 52 c2
Event: 7.686 Thread 0x000001de100ec860 DEOPT PACKING pc=0x000001ddba6ccd88 sp=0x00000066009fdaf0
Event: 7.686 Thread 0x000001de100ec860 DEOPT UNPACKING pc=0x000001ddb9c53aa2 sp=0x00000066009fd998 mode 2
Event: 7.686 Thread 0x000001de100ec860 Uncommon trap: trap_request=0xffffff45 fr.pc=0x000001ddba6c6330 relative=0x0000000000000650
Event: 7.686 Thread 0x000001de100ec860 Uncommon trap: reason=unstable_if action=reinterpret pc=0x000001ddba6c6330 method=sun.nio.fs.WindowsFileAttributes.isReparsePoint(I)Z @ 5 c2
Event: 7.686 Thread 0x000001de100ec860 DEOPT PACKING pc=0x000001ddba6c6330 sp=0x00000066009fdb90
Event: 7.686 Thread 0x000001de100ec860 DEOPT UNPACKING pc=0x000001ddb9c53aa2 sp=0x00000066009fdab8 mode 2
Event: 7.686 Thread 0x000001de100ec860 Uncommon trap: trap_request=0xffffff45 fr.pc=0x000001ddba68fa84 relative=0x00000000000001c4
Event: 7.686 Thread 0x000001de100ec860 Uncommon trap: reason=unstable_if action=reinterpret pc=0x000001ddba68fa84 method=sun.nio.fs.NativeBuffers.getNativeBufferFromCache(I)Lsun/nio/fs/NativeBuffer; @ 34 c2
Event: 7.686 Thread 0x000001de100ec860 DEOPT PACKING pc=0x000001ddba68fa84 sp=0x00000066009fdaa0
Event: 7.686 Thread 0x000001de100ec860 DEOPT UNPACKING pc=0x000001ddb9c53aa2 sp=0x00000066009fda28 mode 2

Classes loaded (20 events):
Event: 7.682 Loading class com/sun/security/sasl/Provider$1
Event: 7.682 Loading class com/sun/security/sasl/Provider$1 done
Event: 7.682 Loading class com/sun/security/sasl/Provider$ProviderService
Event: 7.682 Loading class com/sun/security/sasl/Provider$ProviderService done
Event: 7.682 Loading class sun/security/provider/certpath/ldap/JdkLDAP
Event: 7.682 Loading class sun/security/provider/certpath/ldap/JdkLDAP done
Event: 7.682 Loading class sun/security/provider/certpath/ldap/JdkLDAP$ProviderService
Event: 7.683 Loading class sun/security/provider/certpath/ldap/JdkLDAP$ProviderService done
Event: 7.684 Loading class sun/nio/ch/ServerSocketChannelImpl
Event: 7.684 Loading class sun/nio/ch/ServerSocketChannelImpl done
Event: 7.685 Loading class java/nio/BufferMismatch
Event: 7.685 Loading class java/nio/BufferMismatch done
Event: 7.685 Loading class sun/nio/ch/SourceChannelImpl
Event: 7.685 Loading class java/nio/channels/Pipe$SourceChannel
Event: 7.685 Loading class java/nio/channels/Pipe$SourceChannel done
Event: 7.685 Loading class sun/nio/ch/SourceChannelImpl done
Event: 7.685 Loading class sun/nio/ch/SinkChannelImpl
Event: 7.686 Loading class java/nio/channels/Pipe$SinkChannel
Event: 7.686 Loading class java/nio/channels/Pipe$SinkChannel done
Event: 7.686 Loading class sun/nio/ch/SinkChannelImpl done

Classes unloaded (7 events):
Event: 1.800 Thread 0x000001ddc3994120 Unloading class 0x000001ddc51a3c00 'java/lang/invoke/LambdaForm$MH+0x000001ddc51a3c00'
Event: 1.800 Thread 0x000001ddc3994120 Unloading class 0x000001ddc51a3800 'java/lang/invoke/LambdaForm$MH+0x000001ddc51a3800'
Event: 1.800 Thread 0x000001ddc3994120 Unloading class 0x000001ddc51a3400 'java/lang/invoke/LambdaForm$MH+0x000001ddc51a3400'
Event: 1.800 Thread 0x000001ddc3994120 Unloading class 0x000001ddc51a3000 'java/lang/invoke/LambdaForm$MH+0x000001ddc51a3000'
Event: 1.800 Thread 0x000001ddc3994120 Unloading class 0x000001ddc51a2c00 'java/lang/invoke/LambdaForm$BMH+0x000001ddc51a2c00'
Event: 1.800 Thread 0x000001ddc3994120 Unloading class 0x000001ddc51a2800 'java/lang/invoke/LambdaForm$DMH+0x000001ddc51a2800'
Event: 1.800 Thread 0x000001ddc3994120 Unloading class 0x000001ddc51a1400 'java/lang/invoke/LambdaForm$DMH+0x000001ddc51a1400'

Classes redefined (0 events):
No events

Internal exceptions (20 events):
Event: 6.235 Thread 0x000001de100ec860 Exception <a 'java/lang/NoSuchMethodError'{0x00000000eb8d6130}: 'java.lang.Object java.lang.invoke.DirectMethodHandle$Holder.invokeStatic(java.lang.Object, java.lang.Object, java.lang.Object, java.lang.Object, java.lang.Object, java.lang.Object, java.lang.Object, java.lang.Object, java.lang.Object, java.lang.Object, java.lang.Object, java.lang.Object, java.lang.Object, java.lang.Object, java.lang.Object, java.lang.Object, java.lang.Object)'> (0x00000000eb8d6130) 
thrown [s\src\hotspot\share\interpreter\lin
Event: 6.236 Thread 0x000001de100ec860 Exception <a 'java/lang/NoSuchMethodError'{0x00000000eb902938}: 'java.lang.Object java.lang.invoke.DirectMethodHandle$Holder.invokeStatic(java.lang.Object, java.lang.Object, java.lang.Object, java.lang.Object, java.lang.Object, java.lang.Object, java.lang.Object, java.lang.Object, java.lang.Object, java.lang.Object, java.lang.Object, java.lang.Object, java.lang.Object, java.lang.Object, java.lang.Object, java.lang.Object, java.lang.Object, java.lang.Object)'> (0x00000000eb902938) 
thrown [s\src\hotspot\sha
Event: 6.237 Thread 0x000001de100ec860 Exception <a 'java/lang/NoSuchMethodError'{0x00000000eb931e40}: 'java.lang.Object java.lang.invoke.DirectMethodHandle$Holder.invokeStatic(java.lang.Object, java.lang.Object, java.lang.Object, java.lang.Object, java.lang.Object, java.lang.Object, java.lang.Object, java.lang.Object, java.lang.Object, java.lang.Object, java.lang.Object, java.lang.Object, java.lang.Object, java.lang.Object, java.lang.Object, java.lang.Object, java.lang.Object, java.lang.Object, java.lang.Object)'> (0x00000000eb931e40) 
thrown 
Event: 6.238 Thread 0x000001de100ec860 Exception <a 'java/lang/NoSuchMethodError'{0x00000000eb962248}: 'java.lang.Object java.lang.invoke.DirectMethodHandle$Holder.invokeStatic(java.lang.Object, java.lang.Object, java.lang.Object, java.lang.Object, java.lang.Object, java.lang.Object, java.lang.Object, java.lang.Object, java.lang.Object, java.lang.Object, java.lang.Object, java.lang.Object, java.lang.Object, java.lang.Object, java.lang.Object, java.lang.Object, java.lang.Object, java.lang.Object, java.lang.Object, java.lang.Object)'> (0x00000000
Event: 6.239 Thread 0x000001de100ec860 Exception <a 'java/lang/NoSuchMethodError'{0x00000000eb992450}: 'java.lang.Object java.lang.invoke.DirectMethodHandle$Holder.invokeStatic(java.lang.Object, java.lang.Object, java.lang.Object, java.lang.Object, java.lang.Object, java.lang.Object, java.lang.Object, java.lang.Object, java.lang.Object, java.lang.Object, java.lang.Object, java.lang.Object, java.lang.Object, java.lang.Object, java.lang.Object, java.lang.Object, java.lang.Object, java.lang.Object, java.lang.Object, java.lang.Object, java.lang.Obj
Event: 6.240 Thread 0x000001de100ec860 Exception <a 'java/lang/NoSuchMethodError'{0x00000000eb9c3298}: 'java.lang.Object java.lang.invoke.DirectMethodHandle$Holder.invokeStatic(java.lang.Object, java.lang.Object, java.lang.Object, java.lang.Object, java.lang.Object, java.lang.Object, java.lang.Object, java.lang.Object, java.lang.Object, java.lang.Object, java.lang.Object, java.lang.Object, java.lang.Object, java.lang.Object, java.lang.Object, java.lang.Object, java.lang.Object, java.lang.Object, java.lang.Object, java.lang.Object, java.lang.Obj
Event: 6.240 Thread 0x000001de100ec860 Exception <a 'java/lang/NoSuchMethodError'{0x00000000eb9f4d00}: 'java.lang.Object java.lang.invoke.DirectMethodHandle$Holder.invokeStatic(java.lang.Object, java.lang.Object, java.lang.Object, java.lang.Object, java.lang.Object, java.lang.Object, java.lang.Object, java.lang.Object, java.lang.Object, java.lang.Object, java.lang.Object, java.lang.Object, java.lang.Object, java.lang.Object, java.lang.Object, java.lang.Object, java.lang.Object, java.lang.Object, java.lang.Object, java.lang.Object, java.lang.Obj
Event: 6.241 Thread 0x000001de100ec860 Exception <a 'java/lang/NoSuchMethodError'{0x00000000eba27490}: 'java.lang.Object java.lang.invoke.DirectMethodHandle$Holder.invokeStatic(java.lang.Object, java.lang.Object, java.lang.Object, java.lang.Object, java.lang.Object, java.lang.Object, java.lang.Object, java.lang.Object, java.lang.Object, java.lang.Object, java.lang.Object, java.lang.Object, java.lang.Object, java.lang.Object, java.lang.Object, java.lang.Object, java.lang.Object, java.lang.Object, java.lang.Object, java.lang.Object, java.lang.Obj
Event: 6.242 Thread 0x000001de100ec860 Exception <a 'java/lang/NoSuchMethodError'{0x00000000eba5bb10}: 'java.lang.Object java.lang.invoke.DirectMethodHandle$Holder.invokeStatic(java.lang.Object, java.lang.Object, java.lang.Object, java.lang.Object, java.lang.Object, java.lang.Object, java.lang.Object, java.lang.Object, java.lang.Object, java.lang.Object, java.lang.Object, java.lang.Object, java.lang.Object, java.lang.Object, java.lang.Object, java.lang.Object, java.lang.Object, java.lang.Object, java.lang.Object, java.lang.Object, java.lang.Obj
Event: 6.244 Thread 0x000001de100ec860 Exception <a 'java/lang/NoSuchMethodError'{0x00000000eba816b0}: 'java.lang.Object java.lang.invoke.DirectMethodHandle$Holder.invokeSpecial(java.lang.Object, java.lang.Object, java.lang.Object, java.lang.Object, java.lang.Object, java.lang.Object, java.lang.Object, java.lang.Object, java.lang.Object, java.lang.Object, java.lang.Object, java.lang.Object, java.lang.Object, java.lang.Object, java.lang.Object, java.lang.Object, java.lang.Object, java.lang.Object, java.lang.Object, java.lang.Object, java.lang.Ob
Event: 6.244 Thread 0x000001de100ec860 Exception <a 'java/lang/NoSuchMethodError'{0x00000000eba96e98}: 'java.lang.Object java.lang.invoke.DirectMethodHandle$Holder.newInvokeSpecial(java.lang.Object, java.lang.Object, java.lang.Object, java.lang.Object, java.lang.Object, java.lang.Object, java.lang.Object, java.lang.Object, java.lang.Object, java.lang.Object, java.lang.Object, java.lang.Object, java.lang.Object, java.lang.Object, java.lang.Object, java.lang.Object, java.lang.Object, java.lang.Object, java.lang.Object, java.lang.Object, java.lang
Event: 6.245 Thread 0x000001de100ec860 Exception <a 'java/lang/NoSuchMethodError'{0x00000000eba9d090}: 'java.lang.Object java.lang.invoke.Invokers$Holder.linkToTargetMethod(java.lang.Object, java.lang.Object, java.lang.Object, java.lang.Object, java.lang.Object, java.lang.Object, java.lang.Object, java.lang.Object, java.lang.Object, java.lang.Object, java.lang.Object, java.lang.Object, java.lang.Object, java.lang.Object, java.lang.Object, java.lang.Object, java.lang.Object, java.lang.Object, java.lang.Object, java.lang.Object, java.lang.Object,
Event: 6.245 Thread 0x000001de100ec860 Exception <a 'java/lang/NoSuchMethodError'{0x00000000ebaa24b8}: 'java.lang.Object java.lang.invoke.DirectMethodHandle$Holder.invokeVirtual(java.lang.Object, java.lang.Object, java.lang.Object, java.lang.Object, java.lang.Object, java.lang.Object, java.lang.Object, java.lang.Object, java.lang.Object, java.lang.Object)'> (0x00000000ebaa24b8) 
thrown [s\src\hotspot\share\interpreter\linkResolver.cpp, line 773]
Event: 6.254 Thread 0x000001de100ec860 Exception <a 'java/lang/NoSuchMethodError'{0x00000000eac3ec30}: 'java.lang.Object java.lang.invoke.DirectMethodHandle$Holder.invokeVirtual(java.lang.Object, java.lang.Object, java.lang.Object, java.lang.Object, java.lang.Object, java.lang.Object, java.lang.Object, java.lang.Object, java.lang.Object)'> (0x00000000eac3ec30) 
thrown [s\src\hotspot\share\interpreter\linkResolver.cpp, line 773]
Event: 6.269 Thread 0x000001de100ec860 Exception <a 'java/lang/NoSuchMethodError'{0x00000000eae7d3f0}: 'java.lang.Object java.lang.invoke.DirectMethodHandle$Holder.invokeVirtual(java.lang.Object, java.lang.Object, java.lang.Object, java.lang.Object, java.lang.Object, java.lang.Object, java.lang.Object, java.lang.Object)'> (0x00000000eae7d3f0) 
thrown [s\src\hotspot\share\interpreter\linkResolver.cpp, line 773]
Event: 6.272 Thread 0x000001de100ec860 Exception <a 'java/lang/NoSuchMethodError'{0x00000000eaef4ac8}: 'long java.lang.invoke.DirectMethodHandle$Holder.invokeVirtual(java.lang.Object, java.lang.Object)'> (0x00000000eaef4ac8) 
thrown [s\src\hotspot\share\interpreter\linkResolver.cpp, line 773]
Event: 6.272 Thread 0x000001de100ec860 Exception <a 'java/lang/NoSuchMethodError'{0x00000000eaef7ec8}: 'long java.lang.invoke.DelegatingMethodHandle$Holder.reinvoke_L(java.lang.Object, java.lang.Object)'> (0x00000000eaef7ec8) 
thrown [s\src\hotspot\share\interpreter\linkResolver.cpp, line 773]
Event: 6.325 Thread 0x000001de100edc10 Exception <a 'java/lang/NoSuchMethodError'{0x00000000eb591478}: 'void java.lang.invoke.DirectMethodHandle$Holder.invokeStatic(java.lang.Object, long)'> (0x00000000eb591478) 
thrown [s\src\hotspot\share\interpreter\linkResolver.cpp, line 773]
Event: 6.397 Thread 0x000001de100edc10 Exception <a 'java/lang/NoSuchMethodError'{0x00000000eb72a6e0}: 'void java.lang.invoke.DirectMethodHandle$Holder.invokeSpecial(java.lang.Object, java.lang.Object, int)'> (0x00000000eb72a6e0) 
thrown [s\src\hotspot\share\interpreter\linkResolver.cpp, line 773]
Event: 6.397 Thread 0x000001de100edc10 Exception <a 'java/lang/NoSuchMethodError'{0x00000000eb72fb08}: 'java.lang.Object java.lang.invoke.DirectMethodHandle$Holder.newInvokeSpecial(java.lang.Object, java.lang.Object, int)'> (0x00000000eb72fb08) 
thrown [s\src\hotspot\share\interpreter\linkResolver.cpp, line 773]

ZGC Phase Switch (0 events):
No events

VM Operations (20 events):
Event: 5.984 Executing VM operation: ParallelGCFailedAllocation (Allocation Failure)
Event: 5.985 Executing VM operation: ParallelGCFailedAllocation (Allocation Failure) done
Event: 6.045 Executing VM operation: ParallelGCFailedAllocation (Allocation Failure)
Event: 6.046 Executing VM operation: ParallelGCFailedAllocation (Allocation Failure) done
Event: 6.096 Executing VM operation: ParallelGCFailedAllocation (Allocation Failure)
Event: 6.097 Executing VM operation: ParallelGCFailedAllocation (Allocation Failure) done
Event: 6.141 Executing VM operation: ParallelGCFailedAllocation (Allocation Failure)
Event: 6.142 Executing VM operation: ParallelGCFailedAllocation (Allocation Failure) done
Event: 6.247 Executing VM operation: ParallelGCFailedAllocation (Allocation Failure)
Event: 6.248 Executing VM operation: ParallelGCFailedAllocation (Allocation Failure) done
Event: 6.258 Executing VM operation: HandshakeAllThreads (Deoptimize)
Event: 6.258 Executing VM operation: HandshakeAllThreads (Deoptimize) done
Event: 6.381 Executing VM operation: HandshakeAllThreads (Deoptimize)
Event: 6.381 Executing VM operation: HandshakeAllThreads (Deoptimize) done
Event: 6.427 Executing VM operation: ParallelGCFailedAllocation (Allocation Failure)
Event: 6.429 Executing VM operation: ParallelGCFailedAllocation (Allocation Failure) done
Event: 7.666 Executing VM operation: HandshakeAllThreads (Deoptimize)
Event: 7.666 Executing VM operation: HandshakeAllThreads (Deoptimize) done
Event: 7.667 Executing VM operation: Cleanup
Event: 7.667 Executing VM operation: Cleanup done

Memory protections (0 events):
No events

Nmethod flushes (20 events):
Event: 5.533 Thread 0x000001ddc3994120 flushing  nmethod 0x000001ddb31e0890
Event: 5.533 Thread 0x000001ddc3994120 flushing  nmethod 0x000001ddb31e1290
Event: 5.533 Thread 0x000001ddc3994120 flushing  nmethod 0x000001ddb31e1710
Event: 5.533 Thread 0x000001ddc3994120 flushing  nmethod 0x000001ddb31e1a90
Event: 5.533 Thread 0x000001ddc3994120 flushing  nmethod 0x000001ddb31e3390
Event: 5.533 Thread 0x000001ddc3994120 flushing  nmethod 0x000001ddb31e4e90
Event: 5.533 Thread 0x000001ddc3994120 flushing  nmethod 0x000001ddb31e5890
Event: 5.533 Thread 0x000001ddc3994120 flushing  nmethod 0x000001ddb31e8010
Event: 5.533 Thread 0x000001ddc3994120 flushing  nmethod 0x000001ddb31eb390
Event: 5.533 Thread 0x000001ddc3994120 flushing  nmethod 0x000001ddb31f3f90
Event: 5.533 Thread 0x000001ddc3994120 flushing  nmethod 0x000001ddb31fa010
Event: 5.533 Thread 0x000001ddc3994120 flushing  nmethod 0x000001ddb31fd510
Event: 5.533 Thread 0x000001ddc3994120 flushing  nmethod 0x000001ddb3216090
Event: 5.533 Thread 0x000001ddc3994120 flushing  nmethod 0x000001ddb321a310
Event: 5.533 Thread 0x000001ddc3994120 flushing  nmethod 0x000001ddb321a890
Event: 5.533 Thread 0x000001ddc3994120 flushing  nmethod 0x000001ddb321b010
Event: 5.533 Thread 0x000001ddc3994120 flushing  nmethod 0x000001ddb321bf90
Event: 5.533 Thread 0x000001ddc3994120 flushing  nmethod 0x000001ddb3228590
Event: 5.533 Thread 0x000001ddc3994120 flushing  nmethod 0x000001ddb322a990
Event: 5.533 Thread 0x000001ddc3994120 flushing  nmethod 0x000001ddb3262c10

Events (20 events):
Event: 4.861 Thread 0x000001de0df4a570 Thread added: 0x000001de0df4e710
Event: 4.861 Thread 0x000001de0df4e710 Thread added: 0x000001de0df4fac0
Event: 5.072 Thread 0x000001de0df484a0 Thread added: 0x000001de0df4f430
Event: 5.074 Thread 0x000001de0df484a0 Thread added: 0x000001de100ecef0
Event: 5.092 Thread 0x000001de100ecef0 Thread exited: 0x000001de100ecef0
Event: 5.093 Thread 0x000001de0df484a0 Thread added: 0x000001de100ebb40
Event: 5.095 Thread 0x000001de0df484a0 Thread added: 0x000001de100ec860
Event: 6.278 Thread 0x000001de100ec860 Thread added: 0x000001de100ed580
Event: 6.319 Thread 0x000001de100ec860 Thread added: 0x000001de100edc10
Event: 6.327 Thread 0x000001de100edc10 Thread added: 0x000001de100ec1d0
Event: 6.327 Thread 0x000001de100edc10 Thread added: 0x000001de100ee2a0
Event: 6.445 Thread 0x000001de100ec860 Thread added: 0x000001de100ecef0
Event: 6.449 Thread 0x000001de100ecef0 Thread added: 0x000001de100ee930
Event: 6.449 Thread 0x000001de100ecef0 Thread added: 0x000001de100eb4b0
Event: 6.449 Thread 0x000001de100ee930 Thread exited: 0x000001de100ee930
Event: 6.678 Thread 0x000001de0d7a2e30 Thread exited: 0x000001de0d7a2e30
Event: 6.678 Thread 0x000001de0dfbfe00 Thread exited: 0x000001de0dfbfe00
Event: 6.715 Thread 0x000001de0d43ad00 Thread exited: 0x000001de0d43ad00
Event: 7.652 Thread 0x000001de100ecef0 Thread exited: 0x000001de100ecef0
Event: 7.652 Thread 0x000001de100eb4b0 Thread exited: 0x000001de100eb4b0


Dynamic libraries:
0x00007ff7af130000 - 0x00007ff7af13e000 	c:\Users\admin\.cursor\extensions\redhat.java-1.42.0-win32-x64\jre\21.0.7-win32-x86_64\bin\java.exe
0x00007ff8f0da0000 - 0x00007ff8f1006000 	C:\WINDOWS\SYSTEM32\ntdll.dll
0x00007ff8eeec0000 - 0x00007ff8eef89000 	C:\WINDOWS\System32\KERNEL32.DLL
0x00007ff8ee410000 - 0x00007ff8ee7dc000 	C:\WINDOWS\System32\KERNELBASE.dll
0x00007ff8edfd0000 - 0x00007ff8ee11b000 	C:\WINDOWS\System32\ucrtbase.dll
0x00007ff8c6120000 - 0x00007ff8c6138000 	c:\Users\admin\.cursor\extensions\redhat.java-1.42.0-win32-x64\jre\21.0.7-win32-x86_64\bin\jli.dll
0x00007ff8c60e0000 - 0x00007ff8c60fe000 	c:\Users\admin\.cursor\extensions\redhat.java-1.42.0-win32-x64\jre\21.0.7-win32-x86_64\bin\VCRUNTIME140.dll
0x00007ff8f0aa0000 - 0x00007ff8f0c6a000 	C:\WINDOWS\System32\USER32.dll
0x00007ff8ee120000 - 0x00007ff8ee147000 	C:\WINDOWS\System32\win32u.dll
0x00007ff8f0440000 - 0x00007ff8f046b000 	C:\WINDOWS\System32\GDI32.dll
0x00007ff8db710000 - 0x00007ff8db9aa000 	C:\WINDOWS\WinSxS\amd64_microsoft.windows.common-controls_6595b64144ccf1df_6.0.26100.3912_none_3e07963ce335137e\COMCTL32.dll
0x00007ff8ee2d0000 - 0x00007ff8ee402000 	C:\WINDOWS\System32\gdi32full.dll
0x00007ff8eea20000 - 0x00007ff8eeac3000 	C:\WINDOWS\System32\msvcp_win.dll
0x00007ff8eeb60000 - 0x00007ff8eec09000 	C:\WINDOWS\System32\msvcrt.dll
0x00007ff8f0c70000 - 0x00007ff8f0ca0000 	C:\WINDOWS\System32\IMM32.DLL
0x00007ff8d6650000 - 0x00007ff8d665c000 	c:\Users\admin\.cursor\extensions\redhat.java-1.42.0-win32-x64\jre\21.0.7-win32-x86_64\bin\vcruntime140_1.dll
0x00007ff8b0720000 - 0x00007ff8b07ad000 	c:\Users\admin\.cursor\extensions\redhat.java-1.42.0-win32-x64\jre\21.0.7-win32-x86_64\bin\msvcp140.dll
0x00007ff846440000 - 0x00007ff8471d0000 	c:\Users\admin\.cursor\extensions\redhat.java-1.42.0-win32-x64\jre\21.0.7-win32-x86_64\bin\server\jvm.dll
0x00007ff8f0140000 - 0x00007ff8f01f2000 	C:\WINDOWS\System32\ADVAPI32.dll
0x00007ff8f0cb0000 - 0x00007ff8f0d56000 	C:\WINDOWS\System32\sechost.dll
0x00007ff8efb60000 - 0x00007ff8efc76000 	C:\WINDOWS\System32\RPCRT4.dll
0x00007ff8ef340000 - 0x00007ff8ef3b4000 	C:\WINDOWS\System32\WS2_32.dll
0x00007ff8edda0000 - 0x00007ff8eddfe000 	C:\WINDOWS\SYSTEM32\POWRPROF.dll
0x00007ff8e4950000 - 0x00007ff8e4986000 	C:\WINDOWS\SYSTEM32\WINMM.dll
0x00007ff8ea6e0000 - 0x00007ff8ea6eb000 	C:\WINDOWS\SYSTEM32\VERSION.dll
0x00007ff8edd80000 - 0x00007ff8edd94000 	C:\WINDOWS\SYSTEM32\UMPDC.dll
0x00007ff8eccf0000 - 0x00007ff8ecd0a000 	C:\WINDOWS\SYSTEM32\kernel.appcore.dll
0x00007ff8d5d00000 - 0x00007ff8d5d0a000 	c:\Users\admin\.cursor\extensions\redhat.java-1.42.0-win32-x64\jre\21.0.7-win32-x86_64\bin\jimage.dll
0x00007ff89bae0000 - 0x00007ff89bd21000 	C:\WINDOWS\SYSTEM32\DBGHELP.DLL
0x00007ff8eef90000 - 0x00007ff8ef314000 	C:\WINDOWS\System32\combase.dll
0x00007ff8f0050000 - 0x00007ff8f0130000 	C:\WINDOWS\System32\OLEAUT32.dll
0x00007ff8d7240000 - 0x00007ff8d7279000 	C:\WINDOWS\SYSTEM32\dbgcore.DLL
0x00007ff8edf30000 - 0x00007ff8edfc9000 	C:\WINDOWS\System32\bcryptPrimitives.dll
0x00007ff8d5f80000 - 0x00007ff8d5f8f000 	c:\Users\admin\.cursor\extensions\redhat.java-1.42.0-win32-x64\jre\21.0.7-win32-x86_64\bin\instrument.dll
0x00007ff8c7040000 - 0x00007ff8c705f000 	c:\Users\admin\.cursor\extensions\redhat.java-1.42.0-win32-x64\jre\21.0.7-win32-x86_64\bin\java.dll
0x00007ff8ef430000 - 0x00007ff8efb5d000 	C:\WINDOWS\System32\SHELL32.dll
0x00007ff8ee150000 - 0x00007ff8ee2c4000 	C:\WINDOWS\System32\wintypes.dll
0x00007ff8ebbe0000 - 0x00007ff8ec436000 	C:\WINDOWS\SYSTEM32\windows.storage.dll
0x00007ff8eedc0000 - 0x00007ff8eeeaf000 	C:\WINDOWS\System32\SHCORE.dll
0x00007ff8ef3c0000 - 0x00007ff8ef429000 	C:\WINDOWS\System32\shlwapi.dll
0x00007ff8ede10000 - 0x00007ff8ede3f000 	C:\WINDOWS\SYSTEM32\profapi.dll
0x00007ff8c7020000 - 0x00007ff8c7038000 	c:\Users\admin\.cursor\extensions\redhat.java-1.42.0-win32-x64\jre\21.0.7-win32-x86_64\bin\zip.dll
0x00007ff8d3a60000 - 0x00007ff8d3a70000 	C:\Users\admin\.cursor\extensions\redhat.java-1.42.0-win32-x64\jre\21.0.7-win32-x86_64\bin\net.dll
0x00007ff8e8a60000 - 0x00007ff8e8b7e000 	C:\WINDOWS\SYSTEM32\WINHTTP.dll
0x0000000180000000 - 0x000000018008c000 	C:\WINDOWS\system32\ASProxy64.dll
0x00007ff8efc80000 - 0x00007ff8efe1f000 	C:\WINDOWS\System32\ole32.dll
0x00007ff8ed260000 - 0x00007ff8ed2ca000 	C:\WINDOWS\SYSTEM32\MSWSOCK.dll
0x00007ff8ec730000 - 0x00007ff8ec763000 	C:\WINDOWS\SYSTEM32\IPHLPAPI.DLL
0x00007ff8ecf90000 - 0x00007ff8ecfd8000 	C:\WINDOWS\SYSTEM32\SspiCli.dll
0x00007ff8c7000000 - 0x00007ff8c7016000 	C:\Users\admin\.cursor\extensions\redhat.java-1.42.0-win32-x64\jre\21.0.7-win32-x86_64\bin\nio.dll
0x00007ff8d37b0000 - 0x00007ff8d37c0000 	c:\Users\admin\.cursor\extensions\redhat.java-1.42.0-win32-x64\jre\21.0.7-win32-x86_64\bin\verify.dll
0x00007ff8eb200000 - 0x00007ff8eb2af000 	C:\WINDOWS\system32\uxtheme.dll
0x00007ff8be340000 - 0x00007ff8be385000 	C:\Users\admin\AppData\Roaming\Cursor\User\globalStorage\redhat.java\1.42.0\config_win\org.eclipse.equinox.launcher\org.eclipse.equinox.launcher.win32.win32.x86_64_1.2.1300.v20250331-1702\eclipse_11911.dll
0x00007ff8ed510000 - 0x00007ff8ed52c000 	C:\WINDOWS\SYSTEM32\CRYPTSP.dll
0x00007ff8ecc50000 - 0x00007ff8ecc8a000 	C:\WINDOWS\system32\rsaenh.dll
0x00007ff8ed300000 - 0x00007ff8ed32b000 	C:\WINDOWS\SYSTEM32\USERENV.dll
0x00007ff8ede50000 - 0x00007ff8ede76000 	C:\WINDOWS\SYSTEM32\bcrypt.dll
0x00007ff8ed500000 - 0x00007ff8ed50c000 	C:\WINDOWS\SYSTEM32\CRYPTBASE.dll
0x00007ff8eedb0000 - 0x00007ff8eedba000 	C:\WINDOWS\System32\NSI.dll
0x00007ff8ddf50000 - 0x00007ff8ddf5a000 	C:\Users\admin\.cursor\extensions\redhat.java-1.42.0-win32-x64\jre\21.0.7-win32-x86_64\bin\management.dll
0x00007ff8ddf40000 - 0x00007ff8ddf4b000 	C:\Users\admin\.cursor\extensions\redhat.java-1.42.0-win32-x64\jre\21.0.7-win32-x86_64\bin\management_ext.dll
0x00007ff8f0040000 - 0x00007ff8f0048000 	C:\WINDOWS\System32\PSAPI.DLL
0x00007ff8b7cf0000 - 0x00007ff8b7d39000 	C:\Users\admin\AppData\Local\Temp\jna-92668751\jna17091707946730917982.dll
0x00007ff8e86b0000 - 0x00007ff8e86cf000 	C:\WINDOWS\SYSTEM32\dhcpcsvc6.DLL
0x00007ff8e7810000 - 0x00007ff8e7835000 	C:\WINDOWS\SYSTEM32\dhcpcsvc.DLL
0x00007ff8c7080000 - 0x00007ff8c70a7000 	C:\Users\admin\.gradle\native\1def1411415f61bf3af743bc5b6707747c0891f09f0c88961ee8f79bc544acac\windows-amd64\native-platform.dll
0x00007ff8d3250000 - 0x00007ff8d3259000 	C:\Users\admin\.cursor\extensions\redhat.java-1.42.0-win32-x64\jre\21.0.7-win32-x86_64\bin\extnet.dll
0x00007ff8c5820000 - 0x00007ff8c582e000 	C:\Users\admin\.cursor\extensions\redhat.java-1.42.0-win32-x64\jre\21.0.7-win32-x86_64\bin\sunmscapi.dll
0x00007ff8ee7e0000 - 0x00007ff8ee957000 	C:\WINDOWS\System32\CRYPT32.dll
0x00007ff8ed710000 - 0x00007ff8ed740000 	C:\WINDOWS\SYSTEM32\ncrypt.dll
0x00007ff8ed6c0000 - 0x00007ff8ed6ff000 	C:\WINDOWS\SYSTEM32\NTASN1.dll
0x00007ff8c3dd0000 - 0x00007ff8c3dd8000 	C:\WINDOWS\system32\wshunix.dll

dbghelp: loaded successfully - version: 4.0.5 - missing functions: none
symbol engine: initialized successfully - sym options: 0x614 - pdb path: .;c:\Users\admin\.cursor\extensions\redhat.java-1.42.0-win32-x64\jre\21.0.7-win32-x86_64\bin;C:\WINDOWS\SYSTEM32;C:\WINDOWS\WinSxS\amd64_microsoft.windows.common-controls_6595b64144ccf1df_6.0.26100.3912_none_3e07963ce335137e;c:\Users\admin\.cursor\extensions\redhat.java-1.42.0-win32-x64\jre\21.0.7-win32-x86_64\bin\server;C:\Users\admin\AppData\Roaming\Cursor\User\globalStorage\redhat.java\1.42.0\config_win\org.eclipse.equinox.launcher\org.eclipse.equinox.launcher.win32.win32.x86_64_1.2.1300.v20250331-1702;C:\Users\admin\AppData\Local\Temp\jna-92668751;C:\Users\admin\.gradle\native\1def1411415f61bf3af743bc5b6707747c0891f09f0c88961ee8f79bc544acac\windows-amd64

VM Arguments:
jvm_args: --add-modules=ALL-SYSTEM --add-opens=java.base/java.util=ALL-UNNAMED --add-opens=java.base/java.lang=ALL-UNNAMED --add-opens=java.base/sun.nio.fs=ALL-UNNAMED -Declipse.application=org.eclipse.jdt.ls.core.id1 -Dosgi.bundles.defaultStartLevel=4 -Declipse.product=org.eclipse.jdt.ls.core.product -Djava.import.generatesMetadataFilesAtProjectRoot=false -DDetectVMInstallationsJob.disabled=true -Dfile.encoding=utf8 -XX:+UseParallelGC -XX:GCTimeRatio=4 -XX:AdaptiveSizePolicyWeight=90 -Dsun.zip.disableMemoryMapping=true -Xmx1G -Xms100m -Xlog:disable -javaagent:c:\Users\admin\.cursor\extensions\redhat.java-1.42.0-win32-x64\lombok\lombok-1.18.36.jar -XX:+HeapDumpOnOutOfMemoryError -XX:HeapDumpPath=c:\Users\admin\AppData\Roaming\Cursor\User\workspaceStorage\0426a641ec518546e312a5bf184515bb\redhat.java -Daether.dependencyCollector.impl=bf 
java_command: c:\Users\admin\.cursor\extensions\redhat.java-1.42.0-win32-x64\server\plugins\org.eclipse.equinox.launcher_1.7.0.v20250424-1814.jar -configuration c:\Users\admin\AppData\Roaming\Cursor\User\globalStorage\redhat.java\1.42.0\config_win -data c:\Users\admin\AppData\Roaming\Cursor\User\workspaceStorage\0426a641ec518546e312a5bf184515bb\redhat.java\jdt_ws --pipe=\\.\pipe\lsp-f3f5bd066199b21f1eb9b709ed5497c6-sock
java_class_path (initial): c:\Users\admin\.cursor\extensions\redhat.java-1.42.0-win32-x64\server\plugins\org.eclipse.equinox.launcher_1.7.0.v20250424-1814.jar
Launcher Type: SUN_STANDARD

[Global flags]
    uintx AdaptiveSizePolicyWeight                 = 90                                        {product} {command line}
     intx CICompilerCount                          = 12                                        {product} {ergonomic}
    uintx GCTimeRatio                              = 4                                         {product} {command line}
     bool HeapDumpOnOutOfMemoryError               = true                                   {manageable} {command line}
    ccstr HeapDumpPath                             = c:\Users\admin\AppData\Roaming\Cursor\User\workspaceStorage\0426a641ec518546e312a5bf184515bb\redhat.java         {manageable} {command line}
   size_t InitialHeapSize                          = 104857600                                 {product} {command line}
   size_t MaxHeapSize                              = 1073741824                                {product} {command line}
   size_t MaxNewSize                               = 357564416                                 {product} {ergonomic}
   size_t MinHeapDeltaBytes                        = 524288                                    {product} {ergonomic}
   size_t MinHeapSize                              = 104857600                                 {product} {command line}
   size_t NewSize                                  = 34603008                                  {product} {ergonomic}
    uintx NonNMethodCodeHeapSize                   = 7602480                                {pd product} {ergonomic}
    uintx NonProfiledCodeHeapSize                  = 122027880                              {pd product} {ergonomic}
   size_t OldSize                                  = 70254592                                  {product} {ergonomic}
    uintx ProfiledCodeHeapSize                     = 122027880                              {pd product} {ergonomic}
    uintx ReservedCodeCacheSize                    = 251658240                              {pd product} {ergonomic}
     bool SegmentedCodeCache                       = true                                      {product} {ergonomic}
   size_t SoftMaxHeapSize                          = 1073741824                             {manageable} {ergonomic}
     bool UseCompressedOops                        = true                           {product lp64_product} {ergonomic}
     bool UseLargePagesIndividualAllocation        = false                                  {pd product} {ergonomic}
     bool UseParallelGC                            = true                                      {product} {command line}

Logging:
Log output configuration:
 #0: stdout all=off uptime,level,tags foldmultilines=false
 #1: stderr all=off uptime,level,tags foldmultilines=false

Environment Variables:
JAVA_HOME=C:\Program Files\OpenLogic\jdk-17.0.15.6-hotspot
PATH=C:\Program Files\Common Files\Oracle\Java\javapath;C:\Program Files\OpenLogic\jdk-17.0.15.6-hotspot\bin;C:\WINDOWS\system32;C:\WINDOWS;C:\WINDOWS\System32\Wbem;C:\WINDOWS\System32\WindowsPowerShell\v1.0\;C:\WINDOWS\System32\OpenSSH\;C:\Program Files\dotnet\;C:\Program Files\Microsoft SQL Server\130\Tools\Binn\;C:\Program Files\Git\cmd;C:\Users\admin\AppData\Roaming\nvm;C:\Program Files\nodejs;C:\Program Files\Microsoft SQL Server\150\Tools\Binn\;C:\Users\admin\AppData\Local\Microsoft\WindowsApps;C:\Users\admin\AppData\Roaming\npm;C:\Users\admin\AppData\Local\Programs\Microsoft VS Code\bin;C:\Users\admin\AppData\Roaming\nvm;C:\Program Files\nodejs;C:\Users\admin\AppData\Local\Android\Sdk\platform-tools;C:\Users\admin\AppData\Local\Programs\cursor\resources\app\bin;C:\;C:\Users\admin\.dotnet\tools
USERNAME=admin
OS=Windows_NT
PROCESSOR_IDENTIFIER=Intel64 Family 6 Model 165 Stepping 5, GenuineIntel
TMP=C:\Users\admin\AppData\Local\Temp
TEMP=C:\Users\admin\AppData\Local\Temp




Periodic native trim disabled

---------------  S Y S T E M  ---------------

OS:
 Windows 11 , 64 bit Build 26100 (10.0.26100.3912)
OS uptime: 1 days 0:53 hours

CPU: total 16 (initial active 16) (8 cores per cpu, 2 threads per core) family 6 model 165 stepping 5 microcode 0xec, cx8, cmov, fxsr, ht, mmx, 3dnowpref, sse, sse2, sse3, ssse3, sse4.1, sse4.2, popcnt, lzcnt, tsc, tscinvbit, avx, avx2, aes, erms, clmul, bmi1, bmi2, adx, fma, vzeroupper, clflush, clflushopt, rdtscp, f16c, pku
Processor Information for processor 0
  Max Mhz: 2901, Current Mhz: 1100, Mhz Limit: 2901
Processor Information for processor 1
  Max Mhz: 2901, Current Mhz: 800, Mhz Limit: 2901
Processor Information for processor 2
  Max Mhz: 2901, Current Mhz: 2901, Mhz Limit: 2901
Processor Information for processor 3
  Max Mhz: 2901, Current Mhz: 2901, Mhz Limit: 2901
Processor Information for processor 4
  Max Mhz: 2901, Current Mhz: 2901, Mhz Limit: 2901
Processor Information for processor 5
  Max Mhz: 2901, Current Mhz: 800, Mhz Limit: 2901
Processor Information for processor 6
  Max Mhz: 2901, Current Mhz: 2901, Mhz Limit: 2901
Processor Information for processor 7
  Max Mhz: 2901, Current Mhz: 800, Mhz Limit: 2901
Processor Information for processor 8
  Max Mhz: 2901, Current Mhz: 800, Mhz Limit: 2901
Processor Information for processor 9
  Max Mhz: 2901, Current Mhz: 800, Mhz Limit: 2901
Processor Information for processor 10
  Max Mhz: 2901, Current Mhz: 2901, Mhz Limit: 2901
Processor Information for processor 11
  Max Mhz: 2901, Current Mhz: 800, Mhz Limit: 2901
Processor Information for processor 12
  Max Mhz: 2901, Current Mhz: 800, Mhz Limit: 2901
Processor Information for processor 13
  Max Mhz: 2901, Current Mhz: 800, Mhz Limit: 2901
Processor Information for processor 14
  Max Mhz: 2901, Current Mhz: 800, Mhz Limit: 2901
Processor Information for processor 15
  Max Mhz: 2901, Current Mhz: 2901, Mhz Limit: 2901

Memory: 4k page, system-wide physical 16096M (3475M free)
TotalPageFile size 34528M (AvailPageFile size 4124M)
current process WorkingSet (physical memory assigned to process): 280M, peak: 289M
current process commit charge ("private bytes"): 361M, peak: 389M

vm_info: OpenJDK 64-Bit Server VM (21.0.7+6-LTS) for windows-amd64 JRE (21.0.7+6-LTS), built on 2025-04-15T00:00:00Z by "admin" with MS VC++ 17.7 (VS2022)

END.
