#
# A fatal error has been detected by the Java Runtime Environment:
#
#  EXCEPTION_ACCESS_VIOLATION (0xc0000005) at pc=0x000000018000c274, pid=11644, tid=17392
#
# JRE version: OpenJDK Runtime Environment Temurin-21.0.7+6 (21.0.7+6) (build 21.0.7+6-LTS)
# Java VM: OpenJDK 64-Bit Server VM Temurin-21.0.7+6 (21.0.7+6-LTS, mixed mode, sharing, tiered, compressed oops, compressed class ptrs, parallel gc, windows-amd64)
# Problematic frame:
# C  [ASProxy64.dll+0xc274]
#
# No core dump will be written. Minidumps are not enabled by default on client versions of Windows
#
# If you would like to submit a bug report, please visit:
#   https://github.com/adoptium/adoptium-support/issues
# The crash happened outside the Java Virtual Machine in native code.
# See problematic frame for where to report the bug.
#

---------------  S U M M A R Y ------------

Command Line: --add-modules=ALL-SYSTEM --add-opens=java.base/java.util=ALL-UNNAMED --add-opens=java.base/java.lang=ALL-UNNAMED --add-opens=java.base/sun.nio.fs=ALL-UNNAMED -Declipse.application=org.eclipse.jdt.ls.core.id1 -Dosgi.bundles.defaultStartLevel=4 -Declipse.product=org.eclipse.jdt.ls.core.product -Djava.import.generatesMetadataFilesAtProjectRoot=false -DDetectVMInstallationsJob.disabled=true -Dfile.encoding=utf8 -XX:+UseParallelGC -XX:GCTimeRatio=4 -XX:AdaptiveSizePolicyWeight=90 -Dsun.zip.disableMemoryMapping=true -Xmx1G -Xms100m -Xlog:disable -javaagent:c:\Users\admin\.cursor\extensions\redhat.java-1.42.0-win32-x64\lombok\lombok-1.18.36.jar -XX:+HeapDumpOnOutOfMemoryError -XX:HeapDumpPath=c:\Users\admin\AppData\Roaming\Cursor\User\workspaceStorage\0426a641ec518546e312a5bf184515bb\redhat.java -Daether.dependencyCollector.impl=bf c:\Users\admin\.cursor\extensions\redhat.java-1.42.0-win32-x64\server\plugins\org.eclipse.equinox.launcher_1.7.0.v20250424-1814.jar -configuration c:\Users\admin\AppData\Roaming\Cursor\User\globalStorage\redhat.java\1.42.0\config_win -data c:\Users\admin\AppData\Roaming\Cursor\User\workspaceStorage\0426a641ec518546e312a5bf184515bb\redhat.java\jdt_ws --pipe=\\.\pipe\lsp-82ae5c3cfe97d5a3e8f2ec06930cd096-sock

Host: Intel(R) Core(TM) i7-10700 CPU @ 2.90GHz, 16 cores, 15G,  Windows 11 , 64 bit Build 26100 (10.0.26100.3912)
Time: Fri May 16 05:31:31 2025 Eastern Daylight Time elapsed time: 130.901198 seconds (0d 0h 2m 10s)

---------------  T H R E A D  ---------------

Current thread (0x00000271932b03d0):  JavaThread "Connection worker"        [_thread_in_native, id=17392, stack(0x000000a240080000,0x000000a240180000) (1024K)]

Stack: [0x000000a240080000,0x000000a240180000],  sp=0x000000a24017e2a0,  free space=1016k
Native frames: (J=compiled Java code, j=interpreted, Vv=VM code, C=native code)
C  [ASProxy64.dll+0xc274]

Java frames: (J=compiled Java code, j=interpreted, Vv=VM code)
j  sun.nio.ch.WEPoll.ctl(JIJI)I+0 java.base@21.0.7
j  sun.nio.ch.WEPollSelectorImpl.<init>(Ljava/nio/channels/spi/SelectorProvider;)V+139 java.base@21.0.7
j  sun.nio.ch.WEPollSelectorProvider.openSelector()Ljava/nio/channels/spi/AbstractSelector;+5 java.base@21.0.7
j  java.nio.channels.Selector.open()Ljava/nio/channels/Selector;+3 java.base@21.0.7
j  org.gradle.internal.remote.internal.inet.SocketConnection$SocketInputStream.<init>(Ljava/nio/channels/SocketChannel;)V+17
j  org.gradle.internal.remote.internal.inet.SocketConnection.<init>(Ljava/nio/channels/SocketChannel;Lorg/gradle/internal/remote/internal/MessageSerializer;Lorg/gradle/internal/serialize/StatefulSerializer;)V+27
j  org.gradle.internal.remote.internal.inet.SocketConnectCompletion.create(Lorg/gradle/internal/serialize/StatefulSerializer;)Lorg/gradle/internal/remote/internal/RemoteConnection;+16
j  org.gradle.launcher.daemon.client.DefaultDaemonConnector.connectToDaemon(Lorg/gradle/launcher/daemon/context/DaemonConnectDetails;Lorg/gradle/launcher/daemon/client/DaemonClientConnection$StaleAddressDetector;)Lorg/gradle/launcher/daemon/client/DaemonClientConnection;+45
j  org.gradle.launcher.daemon.client.DefaultDaemonConnector.connectToDaemonWithId(Lorg/gradle/launcher/daemon/diagnostics/DaemonStartupInfo;Lorg/gradle/api/internal/specs/ExplainingSpec;)Lorg/gradle/launcher/daemon/client/DaemonClientConnection;+116
j  org.gradle.launcher.daemon.client.DefaultDaemonConnector.doStartDaemon(Lorg/gradle/api/internal/specs/ExplainingSpec;Z)Lorg/gradle/launcher/daemon/client/DaemonClientConnection;+61
j  org.gradle.launcher.daemon.client.DefaultDaemonConnector.startDaemon(Lorg/gradle/api/internal/specs/ExplainingSpec;)Lorg/gradle/launcher/daemon/client/DaemonClientConnection;+3
j  org.gradle.launcher.daemon.client.DaemonClient.execute(Lorg/gradle/internal/invocation/BuildAction;Lorg/gradle/launcher/exec/BuildActionParameters;Lorg/gradle/internal/daemon/client/execution/ClientBuildRequestContext;)Lorg/gradle/launcher/exec/BuildActionResult;+201
j  org.gradle.launcher.daemon.client.DaemonClient.execute(Lorg/gradle/internal/invocation/BuildAction;Ljava/lang/Object;Ljava/lang/Object;)Lorg/gradle/launcher/exec/BuildActionResult;+10
j  org.gradle.tooling.internal.provider.DaemonBuildActionExecuter.execute(Lorg/gradle/internal/invocation/BuildAction;Lorg/gradle/tooling/internal/provider/ConnectionOperationParameters;Lorg/gradle/internal/daemon/client/execution/ClientBuildRequestContext;)Lorg/gradle/launcher/exec/BuildActionResult;+72
j  org.gradle.tooling.internal.provider.DaemonBuildActionExecuter.execute(Lorg/gradle/internal/invocation/BuildAction;Ljava/lang/Object;Ljava/lang/Object;)Lorg/gradle/launcher/exec/BuildActionResult;+10
j  org.gradle.tooling.internal.provider.LoggingBridgingBuildActionExecuter.execute(Lorg/gradle/internal/invocation/BuildAction;Lorg/gradle/tooling/internal/provider/ConnectionOperationParameters;Lorg/gradle/internal/daemon/client/execution/ClientBuildRequestContext;)Lorg/gradle/launcher/exec/BuildActionResult;+77
j  org.gradle.tooling.internal.provider.LoggingBridgingBuildActionExecuter.execute(Lorg/gradle/internal/invocation/BuildAction;Ljava/lang/Object;Ljava/lang/Object;)Lorg/gradle/launcher/exec/BuildActionResult;+10
j  org.gradle.tooling.internal.provider.ProviderConnection.run(Lorg/gradle/internal/invocation/BuildAction;Lorg/gradle/initialization/BuildCancellationToken;Lorg/gradle/tooling/internal/provider/ProviderConnection$ProgressListenerConfiguration;Lorg/gradle/initialization/BuildEventConsumer;Lorg/gradle/tooling/internal/provider/connection/ProviderOperationParameters;Lorg/gradle/tooling/internal/provider/ProviderConnection$Parameters;)Ljava/lang/Object;+79
j  org.gradle.tooling.internal.provider.ProviderConnection.runPhasedAction(Lorg/gradle/tooling/internal/protocol/InternalPhasedAction;Lorg/gradle/tooling/internal/protocol/PhasedActionResultListener;Lorg/gradle/initialization/BuildCancellationToken;Lorg/gradle/tooling/internal/provider/connection/ProviderOperationParameters;)Ljava/lang/Object;+132
j  org.gradle.tooling.internal.provider.DefaultConnection.run(Lorg/gradle/tooling/internal/protocol/InternalPhasedAction;Lorg/gradle/tooling/internal/protocol/PhasedActionResultListener;Lorg/gradle/tooling/internal/protocol/InternalCancellationToken;Lorg/gradle/tooling/internal/protocol/BuildParameters;)Lorg/gradle/tooling/internal/protocol/BuildResult;+28
j  org.gradle.tooling.internal.consumer.connection.PhasedActionAwareConsumerConnection.run(Lorg/gradle/tooling/internal/consumer/PhasedBuildAction;Lorg/gradle/tooling/internal/consumer/parameters/ConsumerOperationParameters;)V+66
j  org.gradle.tooling.internal.consumer.connection.ParameterValidatingConsumerConnection.run(Lorg/gradle/tooling/internal/consumer/PhasedBuildAction;Lorg/gradle/tooling/internal/consumer/parameters/ConsumerOperationParameters;)V+11
j  org.gradle.tooling.internal.consumer.DefaultPhasedBuildActionExecuter$1.run(Lorg/gradle/tooling/internal/consumer/connection/ConsumerConnection;)Ljava/lang/Void;+12
j  org.gradle.tooling.internal.consumer.DefaultPhasedBuildActionExecuter$1.run(Lorg/gradle/tooling/internal/consumer/connection/ConsumerConnection;)Ljava/lang/Object;+2
j  org.gradle.tooling.internal.consumer.connection.LazyConsumerActionExecutor.run(Lorg/gradle/tooling/internal/consumer/connection/ConsumerAction;)Ljava/lang/Object;+34
j  org.gradle.tooling.internal.consumer.connection.CancellableConsumerActionExecutor.run(Lorg/gradle/tooling/internal/consumer/connection/ConsumerAction;)Ljava/lang/Object;+34
j  org.gradle.tooling.internal.consumer.connection.ProgressLoggingConsumerActionExecutor.run(Lorg/gradle/tooling/internal/consumer/connection/ConsumerAction;)Ljava/lang/Object;+78
j  org.gradle.tooling.internal.consumer.connection.RethrowingErrorsConsumerActionExecutor.run(Lorg/gradle/tooling/internal/consumer/connection/ConsumerAction;)Ljava/lang/Object;+5
j  org.gradle.tooling.internal.consumer.async.DefaultAsyncConsumerActionExecutor$1$1.run()V+17
j  org.gradle.internal.concurrent.ExecutorPolicy$CatchAndRecordFailures.onExecute(Ljava/lang/Runnable;)V+1
j  org.gradle.internal.concurrent.AbstractManagedExecutor$1.run()V+25
j  java.util.concurrent.ThreadPoolExecutor.runWorker(Ljava/util/concurrent/ThreadPoolExecutor$Worker;)V+92 java.base@21.0.7
j  java.util.concurrent.ThreadPoolExecutor$Worker.run()V+5 java.base@21.0.7
j  java.lang.Thread.runWith(Ljava/lang/Object;Ljava/lang/Runnable;)V+5 java.base@21.0.7
j  java.lang.Thread.run()V+19 java.base@21.0.7
v  ~StubRoutines::call_stub 0x000002713e0e100d

siginfo: EXCEPTION_ACCESS_VIOLATION (0xc0000005), reading address 0x0000000000001220


Registers:
RAX=0x0000000000000000, RBX=0x00000271932bb1c8, RCX=0x0000000000000adc, RDX=0x0000000000000002
RSP=0x000000a24017e2a0, RBP=0x0000000000001220, RSI=0x00000271968ec410, RDI=0x0000000000001220
R8 =0x7ffffffffffffffc, R9 =0x0000000000000001, R10=0x0000000000000adc, R11=0x0000027133a9ad18
R12=0x000000a24017e4e0, R13=0x00000000000011b0, R14=0x00000271968ec3e0, R15=0x00000000000011b0
RIP=0x000000018000c274, EFLAGS=0x0000000000010246

XMM[0]=0x0000000000000000 0x0000000000000000
XMM[1]=0x0000000000000000 0x0000000000000000
XMM[2]=0x0000000000000000 0x0000000000000000
XMM[3]=0x0000000000000000 0x0000000000000000
XMM[4]=0x0000000000000000 0x0000000000000000
XMM[5]=0x0000000000000000 0x0000000000000000
XMM[6]=0xb795b10d347fc0b6 0xcb67e705070b0f7b
XMM[7]=0x91a2e23b0b78c2fa 0xf60fa3348a8ab2db
XMM[8]=0x0000000000000000 0x6e8a88541840c340
XMM[9]=0x58145b2dca7266f1 0x9a60101f1b49b2d5
XMM[10]=0xffffffffffffffff 0x0b0a090803020100
XMM[11]=0x25c1662e0f1416b8 0x0000000000000000
XMM[12]=0x0b0a090803020100 0xffffffffffffffff
XMM[13]=0x0c0d0e0f08090a0b 0x0405060700010203
XMM[14]=0x0000000000000000 0x6c9c4e785cd1fc34
XMM[15]=0x0000000000000000 0x00000000f035adbc
  MXCSR=0x00001fa0


Register to memory mapping:

RAX=0x0 is null
RBX=0x00000271932bb1c8 points into unknown readable memory: 0x0000000000000000 | 00 00 00 00 00 00 00 00
RCX=0x0000000000000adc is an unknown value
RDX=0x0000000000000002 is an unknown value
RSP=0x000000a24017e2a0 is pointing into the stack for thread: 0x00000271932b03d0
RBP=0x0000000000001220 is an unknown value
RSI=0x00000271968ec410 points into unknown readable memory: 0x00000271968ec410 | 10 c4 8e 96 71 02 00 00
RDI=0x0000000000001220 is an unknown value
R8 =0x7ffffffffffffffc is an unknown value
R9 =0x0000000000000001 is an unknown value
R10=0x0000000000000adc is an unknown value
R11=0x0000027133a9ad18 points into unknown readable memory: 0x00000000000007d0 | d0 07 00 00 00 00 00 00
R12=0x000000a24017e4e0 is pointing into the stack for thread: 0x00000271932b03d0
R13=0x00000000000011b0 is an unknown value
R14=0x00000271968ec3e0 points into unknown readable memory: 0x0000000000001220 | 20 12 00 00 00 00 00 00
R15=0x00000000000011b0 is an unknown value

Top of Stack: (sp=0x000000a24017e2a0)
0x000000a24017e2a0:   0000000000000000 0000000000000000
0x000000a24017e2b0:   0000000000001220 000000018001f4c2
0x000000a24017e2c0:   0000000180065ec8 0000000000002736
0x000000a24017e2d0:   0000000000000000 0000000000000adc
0x000000a24017e2e0:   0000000000001220 000000018000c506
0x000000a24017e2f0:   00000271932bb1c8 0000000000002736
0x000000a24017e300:   0000000000000000 0000027100000008
0x000000a24017e310:   000000a20000001e 0000000000000000
0x000000a24017e320:   0000000000001220 0000000000000000
0x000000a24017e330:   0000000000000001 0000000000000000
0x000000a24017e340:   0000000000001220 00007ff8abcb77e6
0x000000a24017e350:   0000000000000adc 0000000000001202
0x000000a24017e360:   00000271968ec410 000000a24017e4b0
0x000000a24017e370:   0000000000000000 0000027100000000
0x000000a24017e380:   0000000000000003 0000027100000001
0x000000a24017e390:   0000000000000000 0000000000000000
0x000000a24017e3a0:   00007ff800000000 00007ff8edfe0139
0x000000a24017e3b0:   0000000000000adc 0000000000000000
0x000000a24017e3c0:   0000000000000000 0000eb4db831b069
0x000000a24017e3d0:   00000271932bb1b0 00007ff8abcb82af
0x000000a24017e3e0:   0000000000000028 00007ff86c6b2cac
0x000000a24017e3f0:   00000271932bb1b8 0000027133ac2ec0
0x000000a24017e400:   00000271968ec3e0 00007ff8abcb8359
0x000000a24017e410:   00000271968ec410 000000a24017e4e0
0x000000a24017e420:   00000271968ec410 00000271968ec3e0
0x000000a24017e430:   00000271932b03d0 000000a24017e4e0
0x000000a24017e440:   000002718f955c50 0000000000000000
0x000000a24017e450:   00000271968ec3e0 00007ff8abcb8787
0x000000a24017e460:   0000000000000000 000000a24017e4e0
0x000000a24017e470:   00000000000011b0 00000271932b03d0
0x000000a24017e480:   0000000000000001 00007ff8abcb7a75
0x000000a24017e490:   0000000000001220 000000a24017e4e0 

Instructions: (pc=0x000000018000c274)
0x000000018000c174:   70 48 8b 6c 24 78 32 c0 48 83 c4 50 41 5c c3 cc
0x000000018000c184:   cc cc cc cc cc cc cc cc cc cc cc cc 48 85 c9 74
0x000000018000c194:   23 8b 05 ad ff 06 00 89 01 8b 05 a9 ff 06 00 89
0x000000018000c1a4:   41 04 8b 05 a4 ff 06 00 89 41 08 8b 05 9f ff 06
0x000000018000c1b4:   00 89 41 0c f3 c3 cc cc cc cc cc cc c6 01 01 c7
0x000000018000c1c4:   02 01 00 00 00 c3 cc cc cc cc cc cc 48 89 5c 24
0x000000018000c1d4:   08 57 48 83 ec 70 48 8b fa 8b d9 48 8d 15 82 73
0x000000018000c1e4:   05 00 48 8d 4c 24 20 45 33 c0 48 c7 44 24 40 0f
0x000000018000c1f4:   00 00 00 48 c7 44 24 38 00 00 00 00 c6 44 24 28
0x000000018000c204:   00 e8 d6 6b ff ff 4c 8d 4c 24 20 48 8d 4c 24 48
0x000000018000c214:   41 b0 01 8b d3 e8 52 06 02 00 48 83 78 20 10 72
0x000000018000c224:   06 48 8b 48 08 eb 05 48 8d 48 08 90 0f b6 01 48
0x000000018000c234:   ff c7 48 ff c1 88 47 ff 84 c0 75 f0 48 83 7c 24
0x000000018000c244:   68 10 72 0a 48 8b 4c 24 50 e8 52 94 03 00 48 8b
0x000000018000c254:   9c 24 80 00 00 00 48 83 c4 70 5f c3 48 83 ec 48
0x000000018000c264:   0f b6 c2 0f 57 c0 0f 11 44 24 ff 25 00 00 00 00
0x000000018000c274:   ae 7e ef ee f8 7f 00 00 8b 44 24 04 0f af 04 24
0x000000018000c284:   89 04 24 8b 44 24 04 0f af 04 24 83 c0 01 89 04
0x000000018000c294:   24 8b 44 24 04 0f af 04 24 83 c0 02 89 04 24 8b
0x000000018000c2a4:   44 24 04 0f af 04 24 83 c0 03 89 04 24 8b 44 24
0x000000018000c2b4:   04 0f af 04 24 83 c0 04 89 04 24 8b 44 24 04 0f
0x000000018000c2c4:   af 04 24 83 c0 05 89 04 24 8b 44 24 04 0f af 04
0x000000018000c2d4:   24 83 c0 06 89 04 24 8b 44 24 04 0f af 04 24 83
0x000000018000c2e4:   c0 07 89 04 24 8b 44 24 04 0f af 04 24 83 c0 08
0x000000018000c2f4:   89 04 24 8b 44 24 04 0f af 04 24 83 c0 09 89 04
0x000000018000c304:   24 8b 44 24 04 0f af 04 24 83 c0 0a 89 04 24 8b
0x000000018000c314:   44 24 04 0f af 04 24 83 c0 0b 89 04 24 8b 44 24
0x000000018000c324:   04 0f af 04 24 83 c0 0d 89 04 24 8b 44 24 04 0f
0x000000018000c334:   af 04 24 83 c0 0e 89 04 24 8b 44 24 04 0f af 04
0x000000018000c344:   24 83 c0 0f 89 04 24 8b 44 24 04 0f af 04 24 83
0x000000018000c354:   c0 10 89 04 24 8b 44 24 04 0f af 04 24 83 c0 11
0x000000018000c364:   89 04 24 8b 44 24 04 0f af 04 24 83 c0 12 89 04 


Stack slot to memory mapping:

stack at sp + 0 slots: 0x0 is null
stack at sp + 1 slots: 0x0 is null
stack at sp + 2 slots: 0x0000000000001220 is an unknown value
stack at sp + 3 slots: 0x000000018001f4c2 ASProxy64.dll
stack at sp + 4 slots: 0x0000000180065ec8 ASProxy64.dll
stack at sp + 5 slots: 0x0000000000002736 is an unknown value
stack at sp + 6 slots: 0x0 is null
stack at sp + 7 slots: 0x0000000000000adc is an unknown value


---------------  P R O C E S S  ---------------

Threads class SMR info:
_java_thread_list=0x0000027191b1bfc0, length=58, elements={
0x0000027133aa04f0, 0x0000027133b433a0, 0x0000027133b446f0, 0x0000027133b47dc0,
0x0000027133b48a10, 0x0000027133b4cc00, 0x0000027133b4fa10, 0x000002718a3aa340,
0x000002718a3cade0, 0x000002718a4c4c20, 0x000002719070cc60, 0x0000027191088bb0,
0x0000027191087170, 0x0000027191088520, 0x0000027191089240, 0x0000027191342f40,
0x000002719133d9f0, 0x000002719133d360, 0x00000271913407e0, 0x0000027191341b90,
0x0000027191341500, 0x000002719133e710, 0x000002719133eda0, 0x0000027191340e70,
0x0000027191342220, 0x00000271913428b0, 0x000002719133f430, 0x000002719133fac0,
0x00000271913435d0, 0x0000027191344980, 0x0000027191343c60, 0x00000271913442f0,
0x0000027191087800, 0x0000027191089f60, 0x0000027191087e90, 0x0000027191086ae0,
0x00000271936d4270, 0x00000271936d2ec0, 0x00000271936d3550, 0x00000271936d5620,
0x00000271936d4900, 0x00000271936d21a0, 0x00000271936d4f90, 0x00000271936d2830,
0x00000271936d5cb0, 0x00000271932ae300, 0x00000271932afd40, 0x00000271932adc70,
0x00000271932acf50, 0x00000271932b10f0, 0x00000271932b0a60, 0x00000271932b1e10,
0x00000271932b1780, 0x00000271932b03d0, 0x00000271932af6b0, 0x00000271932b24a0,
0x00000271932af020, 0x00000271932b3850
}

Java Threads: ( => current thread )
  0x0000027133aa04f0 JavaThread "main"                              [_thread_blocked, id=13048, stack(0x000000a23ac00000,0x000000a23ad00000) (1024K)]
  0x0000027133b433a0 JavaThread "Reference Handler"          daemon [_thread_blocked, id=15596, stack(0x000000a23b000000,0x000000a23b100000) (1024K)]
  0x0000027133b446f0 JavaThread "Finalizer"                  daemon [_thread_blocked, id=15640, stack(0x000000a23b100000,0x000000a23b200000) (1024K)]
  0x0000027133b47dc0 JavaThread "Signal Dispatcher"          daemon [_thread_blocked, id=3692, stack(0x000000a23b200000,0x000000a23b300000) (1024K)]
  0x0000027133b48a10 JavaThread "Attach Listener"            daemon [_thread_blocked, id=9780, stack(0x000000a23b300000,0x000000a23b400000) (1024K)]
  0x0000027133b4cc00 JavaThread "Service Thread"             daemon [_thread_blocked, id=4840, stack(0x000000a23b400000,0x000000a23b500000) (1024K)]
  0x0000027133b4fa10 JavaThread "Monitor Deflation Thread"   daemon [_thread_blocked, id=11112, stack(0x000000a23b500000,0x000000a23b600000) (1024K)]
  0x000002718a3aa340 JavaThread "C2 CompilerThread0"         daemon [_thread_blocked, id=16272, stack(0x000000a23b600000,0x000000a23b700000) (1024K)]
  0x000002718a3cade0 JavaThread "C1 CompilerThread0"         daemon [_thread_blocked, id=688, stack(0x000000a23b700000,0x000000a23b800000) (1024K)]
  0x000002718a4c4c20 JavaThread "Common-Cleaner"             daemon [_thread_blocked, id=11140, stack(0x000000a23b800000,0x000000a23b900000) (1024K)]
  0x000002719070cc60 JavaThread "Notification Thread"        daemon [_thread_blocked, id=18840, stack(0x000000a23b900000,0x000000a23ba00000) (1024K)]
  0x0000027191088bb0 JavaThread "Active Thread: Equinox Container: 63257469-c19b-4922-95e3-522f5a8ca7f7"        [_thread_blocked, id=18924, stack(0x000000a23d880000,0x000000a23d980000) (1024K)]
  0x0000027191087170 JavaThread "Framework Event Dispatcher: Equinox Container: 63257469-c19b-4922-95e3-522f5a8ca7f7" daemon [_thread_blocked, id=12912, stack(0x000000a23ca00000,0x000000a23cb00000) (1024K)]
  0x0000027191088520 JavaThread "Start Level: Equinox Container: 63257469-c19b-4922-95e3-522f5a8ca7f7" daemon [_thread_blocked, id=10404, stack(0x000000a23d280000,0x000000a23d380000) (1024K)]
  0x0000027191089240 JavaThread "Refresh Thread: Equinox Container: 63257469-c19b-4922-95e3-522f5a8ca7f7" daemon [_thread_blocked, id=15084, stack(0x000000a23d480000,0x000000a23d580000) (1024K)]
  0x0000027191342f40 JavaThread "Bundle File Closer"         daemon [_thread_blocked, id=14684, stack(0x000000a23d980000,0x000000a23da80000) (1024K)]
  0x000002719133d9f0 JavaThread "SCR Component Actor"        daemon [_thread_blocked, id=19100, stack(0x000000a23aa00000,0x000000a23ab00000) (1024K)]
  0x000002719133d360 JavaThread "Worker-JM"                         [_thread_blocked, id=1312, stack(0x000000a23a900000,0x000000a23aa00000) (1024K)]
  0x00000271913407e0 JavaThread "Worker-0: Initialize Workspace"        [_thread_blocked, id=14216, stack(0x000000a23dc80000,0x000000a23dd80000) (1024K)]
  0x0000027191341b90 JavaThread "Worker-1"                          [_thread_blocked, id=18640, stack(0x000000a23dd80000,0x000000a23de80000) (1024K)]
  0x0000027191341500 JavaThread "Worker-2"                          [_thread_blocked, id=12376, stack(0x000000a23e180000,0x000000a23e280000) (1024K)]
  0x000002719133e710 JavaThread "Java indexing"              daemon [_thread_blocked, id=14652, stack(0x000000a23e280000,0x000000a23e380000) (1024K)]
  0x000002719133eda0 JavaThread "Worker-3"                          [_thread_blocked, id=11332, stack(0x000000a23e380000,0x000000a23e480000) (1024K)]
  0x0000027191340e70 JavaThread "JNA Cleaner"                daemon [_thread_blocked, id=7528, stack(0x000000a23e880000,0x000000a23e980000) (1024K)]
  0x0000027191342220 JavaThread "Worker-4"                          [_thread_blocked, id=14720, stack(0x000000a23e580000,0x000000a23e680000) (1024K)]
  0x00000271913428b0 JavaThread "Thread-2"                   daemon [_thread_in_native, id=10652, stack(0x000000a23e680000,0x000000a23e780000) (1024K)]
  0x000002719133f430 JavaThread "Thread-3"                   daemon [_thread_in_native, id=15220, stack(0x000000a23e780000,0x000000a23e880000) (1024K)]
  0x000002719133fac0 JavaThread "Thread-4"                   daemon [_thread_in_native, id=16252, stack(0x000000a23ec80000,0x000000a23ed80000) (1024K)]
  0x00000271913435d0 JavaThread "Thread-5"                   daemon [_thread_in_native, id=14972, stack(0x000000a23ef80000,0x000000a23f080000) (1024K)]
  0x0000027191344980 JavaThread "Thread-6"                   daemon [_thread_in_native, id=8052, stack(0x000000a23f080000,0x000000a23f180000) (1024K)]
  0x0000027191343c60 JavaThread "Thread-7"                   daemon [_thread_in_native, id=13592, stack(0x000000a23f180000,0x000000a23f280000) (1024K)]
  0x00000271913442f0 JavaThread "Thread-8"                   daemon [_thread_in_native, id=2052, stack(0x000000a23f280000,0x000000a23f380000) (1024K)]
  0x0000027191087800 JavaThread "Thread-9"                   daemon [_thread_in_native, id=17296, stack(0x000000a23f380000,0x000000a23f480000) (1024K)]
  0x0000027191089f60 JavaThread "Thread-10"                  daemon [_thread_in_native, id=17452, stack(0x000000a23f480000,0x000000a23f580000) (1024K)]
  0x0000027191087e90 JavaThread "Thread-11"                  daemon [_thread_in_native, id=19376, stack(0x000000a23f580000,0x000000a23f680000) (1024K)]
  0x0000027191086ae0 JavaThread "Thread-12"                  daemon [_thread_in_native, id=19436, stack(0x000000a23f680000,0x000000a23f780000) (1024K)]
  0x00000271936d4270 JavaThread "Thread-13"                  daemon [_thread_in_native, id=19392, stack(0x000000a23f780000,0x000000a23f880000) (1024K)]
  0x00000271936d2ec0 JavaThread "Thread-14"                  daemon [_thread_in_native, id=18552, stack(0x000000a23f880000,0x000000a23f980000) (1024K)]
  0x00000271936d3550 JavaThread "Thread-15"                  daemon [_thread_in_native, id=19088, stack(0x000000a23f980000,0x000000a23fa80000) (1024K)]
  0x00000271936d5620 JavaThread "Thread-16"                  daemon [_thread_in_native, id=2420, stack(0x000000a23fa80000,0x000000a23fb80000) (1024K)]
  0x00000271936d4900 JavaThread "Thread-17"                  daemon [_thread_in_native, id=17552, stack(0x000000a23fb80000,0x000000a23fc80000) (1024K)]
  0x00000271936d21a0 JavaThread "Thread-18"                  daemon [_thread_in_native, id=14104, stack(0x000000a23fc80000,0x000000a23fd80000) (1024K)]
  0x00000271936d4f90 JavaThread "pool-2-thread-1"                   [_thread_blocked, id=17664, stack(0x000000a23fd80000,0x000000a23fe80000) (1024K)]
  0x00000271936d2830 JavaThread "WorkspaceEventsHandler"            [_thread_blocked, id=17572, stack(0x000000a240180000,0x000000a240280000) (1024K)]
  0x00000271936d5cb0 JavaThread "pool-1-thread-1"                   [_thread_blocked, id=11356, stack(0x000000a240280000,0x000000a240380000) (1024K)]
  0x00000271932ae300 JavaThread "Timer-0"                           [_thread_blocked, id=18608, stack(0x000000a241180000,0x000000a241280000) (1024K)]
  0x00000271932afd40 JavaThread "Timer-1"                           [_thread_blocked, id=12352, stack(0x000000a23d380000,0x000000a23d480000) (1024K)]
  0x00000271932adc70 JavaThread "Timer-2"                           [_thread_blocked, id=18820, stack(0x000000a23d580000,0x000000a23d680000) (1024K)]
  0x00000271932acf50 JavaThread "LocalFile Deleter"          daemon [_thread_blocked, id=18476, stack(0x000000a23d780000,0x000000a23d880000) (1024K)]
  0x00000271932b10f0 JavaThread "LocalFile Deleter"          daemon [_thread_blocked, id=9844, stack(0x000000a23df80000,0x000000a23e080000) (1024K)]
  0x00000271932b0a60 JavaThread "LocalFile Deleter"          daemon [_thread_blocked, id=15996, stack(0x000000a23e480000,0x000000a23e580000) (1024K)]
  0x00000271932b1e10 JavaThread "Timer-3"                           [_thread_blocked, id=11544, stack(0x000000a23fe80000,0x000000a23ff80000) (1024K)]
  0x00000271932b1780 JavaThread "Timer-4"                           [_thread_blocked, id=10324, stack(0x000000a23ff80000,0x000000a240080000) (1024K)]
=>0x00000271932b03d0 JavaThread "Connection worker"                 [_thread_in_native, id=17392, stack(0x000000a240080000,0x000000a240180000) (1024K)]
  0x00000271932af6b0 JavaThread "pool-3-thread-1"                   [_thread_blocked, id=14904, stack(0x000000a240580000,0x000000a240680000) (1024K)]
  0x00000271932b24a0 JavaThread "Exec process"                      [_thread_blocked, id=7272, stack(0x000000a240680000,0x000000a240780000) (1024K)]
  0x00000271932af020 JavaThread "Exec process Thread 2"             [_thread_blocked, id=7312, stack(0x000000a240480000,0x000000a240580000) (1024K)]
  0x00000271932b3850 JavaThread "Exec process Thread 3"             [_thread_blocked, id=16124, stack(0x000000a240780000,0x000000a240880000) (1024K)]
Total: 58

Other Threads:
  0x0000027147e749d0 VMThread "VM Thread"                           [id=15832, stack(0x000000a23af00000,0x000000a23b000000) (1024K)]
  0x0000027147d6ca00 WatcherThread "VM Periodic Task Thread"        [id=11384, stack(0x000000a23ae00000,0x000000a23af00000) (1024K)]
  0x0000027133abec50 WorkerThread "GC Thread#0"                     [id=13864, stack(0x000000a23ad00000,0x000000a23ae00000) (1024K)]
  0x0000027190895e30 WorkerThread "GC Thread#1"                     [id=19096, stack(0x000000a23cc80000,0x000000a23cd80000) (1024K)]
  0x000002718a4831d0 WorkerThread "GC Thread#2"                     [id=2164, stack(0x000000a23cd80000,0x000000a23ce80000) (1024K)]
  0x000002718a483570 WorkerThread "GC Thread#3"                     [id=2964, stack(0x000000a23ce80000,0x000000a23cf80000) (1024K)]
  0x000002718a483910 WorkerThread "GC Thread#4"                     [id=11480, stack(0x000000a23cf80000,0x000000a23d080000) (1024K)]
  0x000002718a49d170 WorkerThread "GC Thread#5"                     [id=16072, stack(0x000000a23d080000,0x000000a23d180000) (1024K)]
  0x000002718a49d510 WorkerThread "GC Thread#6"                     [id=18512, stack(0x000000a23d180000,0x000000a23d280000) (1024K)]
  0x00000271908057d0 WorkerThread "GC Thread#7"                     [id=5996, stack(0x000000a23da80000,0x000000a23db80000) (1024K)]
  0x0000027190fcd010 WorkerThread "GC Thread#8"                     [id=15048, stack(0x000000a23d680000,0x000000a23d780000) (1024K)]
  0x0000027190fcc8d0 WorkerThread "GC Thread#9"                     [id=3920, stack(0x000000a23ed80000,0x000000a23ee80000) (1024K)]
  0x0000027190fcc190 WorkerThread "GC Thread#10"                    [id=1908, stack(0x000000a23ee80000,0x000000a23ef80000) (1024K)]
  0x0000027190fcdaf0 WorkerThread "GC Thread#11"                    [id=14228, stack(0x000000a23ab00000,0x000000a23ac00000) (1024K)]
  0x0000027191afcd80 WorkerThread "GC Thread#12"                    [id=19160, stack(0x000000a23db80000,0x000000a23dc80000) (1024K)]
Total: 15

Threads with active compile tasks:
Total: 0

VM state: not at safepoint (normal execution)

VM Mutex/Monitor currently owned by a thread: None

Heap address: 0x00000000c0000000, size: 1024 MB, Compressed Oops mode: 32-bit

CDS archive(s) mapped at: [0x0000027148000000-0x0000027148ba0000-0x0000027148ba0000), size 12189696, SharedBaseAddress: 0x0000027148000000, ArchiveRelocationMode: 1.
Compressed class space mapped at: 0x0000027149000000-0x0000027189000000, reserved size: 1073741824
Narrow klass base: 0x0000027148000000, Narrow klass shift: 0, Narrow klass range: 0x100000000

GC Precious Log:
 CardTable entry size: 512
 CPUs: 16 total, 16 available
 Memory: 16096M
 Large Page Support: Disabled
 NUMA Support: Disabled
 Compressed Oops: Enabled (32-bit)
 Alignments: Space 512K, Generation 512K, Heap 2M
 Heap Min Capacity: 100M
 Heap Initial Capacity: 100M
 Heap Max Capacity: 1G
 Pre-touch: Disabled
 Parallel Workers: 13

Heap:
 PSYoungGen      total 16384K, used 2632K [0x00000000eab00000, 0x00000000ebd80000, 0x0000000100000000)
  eden space 15872K, 13% used [0x00000000eab00000,0x00000000ead1a358,0x00000000eba80000)
  from space 512K, 93% used [0x00000000ebd00000,0x00000000ebd78010,0x00000000ebd80000)
  to   space 1536K, 0% used [0x00000000eba80000,0x00000000eba80000,0x00000000ebc00000)
 ParOldGen       total 68608K, used 44617K [0x00000000c0000000, 0x00000000c4300000, 0x00000000eab00000)
  object space 68608K, 65% used [0x00000000c0000000,0x00000000c2b92468,0x00000000c4300000)
 Metaspace       used 67644K, committed 68928K, reserved 1114112K
  class space    used 8278K, committed 8832K, reserved 1048576K

Card table byte_map: [0x0000027133450000,0x0000027133660000] _byte_map_base: 0x0000027132e50000

Marking Bits: (ParMarkBitMap*) 0x00007ff86ccf31f0
 Begin Bits: [0x0000027145c90000, 0x0000027146c90000)
 End Bits:   [0x0000027146c90000, 0x0000027147c90000)

Polling page: 0x0000027131900000

Metaspace:

Usage:
  Non-class:     57.98 MB used.
      Class:      8.08 MB used.
       Both:     66.06 MB used.

Virtual space:
  Non-class space:       64.00 MB reserved,      58.69 MB ( 92%) committed,  1 nodes.
      Class space:        1.00 GB reserved,       8.62 MB ( <1%) committed,  1 nodes.
             Both:        1.06 GB reserved,      67.31 MB (  6%) committed. 

Chunk freelists:
   Non-Class:  4.77 MB
       Class:  7.20 MB
        Both:  11.97 MB

MaxMetaspaceSize: unlimited
CompressedClassSpaceSize: 1.00 GB
Initial GC threshold: 21.00 MB
Current GC threshold: 97.31 MB
CDS: on
 - commit_granule_bytes: 65536.
 - commit_granule_words: 8192.
 - virtual_space_node_default_size: 8388608.
 - enlarge_chunks_in_place: 1.
 - use_allocation_guard: 0.


Internal statistics:

num_allocs_failed_limit: 9.
num_arena_births: 1158.
num_arena_deaths: 26.
num_vsnodes_births: 2.
num_vsnodes_deaths: 0.
num_space_committed: 1077.
num_space_uncommitted: 0.
num_chunks_returned_to_freelist: 37.
num_chunks_taken_from_freelist: 3819.
num_chunk_merges: 12.
num_chunk_splits: 2526.
num_chunks_enlarged: 1673.
num_inconsistent_stats: 0.

CodeHeap 'non-profiled nmethods': size=119168Kb used=6443Kb max_used=6443Kb free=112724Kb
 bounds [0x000002713e830000, 0x000002713ee80000, 0x0000027145c90000]
CodeHeap 'profiled nmethods': size=119104Kb used=16967Kb max_used=17308Kb free=102136Kb
 bounds [0x0000027136c90000, 0x0000027137d80000, 0x000002713e0e0000]
CodeHeap 'non-nmethods': size=7488Kb used=1423Kb max_used=3167Kb free=6064Kb
 bounds [0x000002713e0e0000, 0x000002713e430000, 0x000002713e830000]
 total_blobs=9043 nmethods=8311 adapters=638
 compilation: enabled
              stopped_count=0, restarted_count=0
 full_count=0

Compilation events (20 events):
Event: 128.642 Thread 0x000002718a3cade0 9244       3       java.util.TaskQueue::fixDown (108 bytes)
Event: 128.642 Thread 0x000002718a3cade0 nmethod 9244 0x00000271372ee190 code [0x00000271372ee380, 0x00000271372ee960]
Event: 130.088 Thread 0x000002718a3cade0 9245       3       java.util.concurrent.locks.AbstractQueuedSynchronizer$ConditionObject::canReacquire (38 bytes)
Event: 130.088 Thread 0x000002718a3cade0 nmethod 9245 0x0000027136e7b790 code [0x0000027136e7b960, 0x0000027136e7bca8]
Event: 130.184 Thread 0x000002718a3cade0 9246       3       java.util.concurrent.ScheduledThreadPoolExecutor::canRunInCurrentRunState (61 bytes)
Event: 130.185 Thread 0x000002718a3cade0 nmethod 9246 0x00000271372ed590 code [0x00000271372ed7a0, 0x00000271372edf50]
Event: 130.486 Thread 0x000002718a3cade0 9247       1       org.gradle.internal.logging.events.UpdateNowEvent::getTimestamp (5 bytes)
Event: 130.486 Thread 0x000002718a3cade0 nmethod 9247 0x000002713ee7a610 code [0x000002713ee7a7a0, 0x000002713ee7a868]
Event: 130.879 Thread 0x000002718a3cade0 9248       3       java.lang.Character::codePointAt (51 bytes)
Event: 130.879 Thread 0x000002718a3cade0 nmethod 9248 0x00000271372ecb90 code [0x00000271372ecda0, 0x00000271372ed3e0]
Event: 130.879 Thread 0x000002718a3cade0 9249       3       java.nio.Buffer::checkIndex (16 bytes)
Event: 130.879 Thread 0x000002718a3cade0 nmethod 9249 0x00000271377db810 code [0x00000271377db9c0, 0x00000271377dbb20]
Event: 130.879 Thread 0x000002718a3cade0 9250       3       java.nio.CharBuffer::charAt (16 bytes)
Event: 130.879 Thread 0x000002718a3cade0 nmethod 9250 0x0000027137658f10 code [0x00000271376590c0, 0x0000027137659360]
Event: 130.879 Thread 0x000002718a3cade0 9251       3       java.nio.HeapCharBuffer::get (15 bytes)
Event: 130.880 Thread 0x000002718a3cade0 nmethod 9251 0x0000027137658990 code [0x0000027137658b40, 0x0000027137658da0]
Event: 130.881 Thread 0x000002718a3cade0 9252       3       org.gradle.internal.stream.EncodedStream$EncodedInput::hexToByte (61 bytes)
Event: 130.882 Thread 0x000002718a3cade0 nmethod 9252 0x0000027137657490 code [0x0000027137657740, 0x00000271376584d0]
Event: 130.883 Thread 0x000002718a3aa340 9253       4       java.io.DataInputStream::readFully (59 bytes)
Event: 130.885 Thread 0x000002718a3aa340 nmethod 9253 0x000002713ee7a910 code [0x000002713ee7aaa0, 0x000002713ee7ac50]

GC Heap History (20 events):
Event: 123.454 GC heap before
{Heap before GC invocations=46 (full 3):
 PSYoungGen      total 16896K, used 16883K [0x00000000eab00000, 0x00000000ec000000, 0x0000000100000000)
  eden space 15872K, 100% used [0x00000000eab00000,0x00000000eba80000,0x00000000eba80000)
  from space 1024K, 98% used [0x00000000ebf00000,0x00000000ebffcec0,0x00000000ec000000)
  to   space 1536K, 0% used [0x00000000ebd00000,0x00000000ebd00000,0x00000000ebe80000)
 ParOldGen       total 68608K, used 42314K [0x00000000c0000000, 0x00000000c4300000, 0x00000000eab00000)
  object space 68608K, 61% used [0x00000000c0000000,0x00000000c2952ae8,0x00000000c4300000)
 Metaspace       used 64412K, committed 65728K, reserved 1114112K
  class space    used 7807K, committed 8384K, reserved 1048576K
}
Event: 123.455 GC heap after
{Heap after GC invocations=46 (full 3):
 PSYoungGen      total 17408K, used 546K [0x00000000eab00000, 0x00000000ebf80000, 0x0000000100000000)
  eden space 15872K, 0% used [0x00000000eab00000,0x00000000eab00000,0x00000000eba80000)
  from space 1536K, 35% used [0x00000000ebd00000,0x00000000ebd888c8,0x00000000ebe80000)
  to   space 1024K, 0% used [0x00000000ebe80000,0x00000000ebe80000,0x00000000ebf80000)
 ParOldGen       total 68608K, used 42378K [0x00000000c0000000, 0x00000000c4300000, 0x00000000eab00000)
  object space 68608K, 61% used [0x00000000c0000000,0x00000000c2962ae8,0x00000000c4300000)
 Metaspace       used 64412K, committed 65728K, reserved 1114112K
  class space    used 7807K, committed 8384K, reserved 1048576K
}
Event: 123.508 GC heap before
{Heap before GC invocations=47 (full 3):
 PSYoungGen      total 17408K, used 16418K [0x00000000eab00000, 0x00000000ebf80000, 0x0000000100000000)
  eden space 15872K, 100% used [0x00000000eab00000,0x00000000eba80000,0x00000000eba80000)
  from space 1536K, 35% used [0x00000000ebd00000,0x00000000ebd888c8,0x00000000ebe80000)
  to   space 1024K, 0% used [0x00000000ebe80000,0x00000000ebe80000,0x00000000ebf80000)
 ParOldGen       total 68608K, used 42378K [0x00000000c0000000, 0x00000000c4300000, 0x00000000eab00000)
  object space 68608K, 61% used [0x00000000c0000000,0x00000000c2962ae8,0x00000000c4300000)
 Metaspace       used 64412K, committed 65728K, reserved 1114112K
  class space    used 7807K, committed 8384K, reserved 1048576K
}
Event: 123.509 GC heap after
{Heap after GC invocations=47 (full 3):
 PSYoungGen      total 16896K, used 1016K [0x00000000eab00000, 0x00000000ebf80000, 0x0000000100000000)
  eden space 15872K, 0% used [0x00000000eab00000,0x00000000eab00000,0x00000000eba80000)
  from space 1024K, 99% used [0x00000000ebe80000,0x00000000ebf7e118,0x00000000ebf80000)
  to   space 1536K, 0% used [0x00000000ebc80000,0x00000000ebc80000,0x00000000ebe00000)
 ParOldGen       total 68608K, used 42549K [0x00000000c0000000, 0x00000000c4300000, 0x00000000eab00000)
  object space 68608K, 62% used [0x00000000c0000000,0x00000000c298d7e8,0x00000000c4300000)
 Metaspace       used 64412K, committed 65728K, reserved 1114112K
  class space    used 7807K, committed 8384K, reserved 1048576K
}
Event: 123.572 GC heap before
{Heap before GC invocations=48 (full 3):
 PSYoungGen      total 16896K, used 16888K [0x00000000eab00000, 0x00000000ebf80000, 0x0000000100000000)
  eden space 15872K, 100% used [0x00000000eab00000,0x00000000eba80000,0x00000000eba80000)
  from space 1024K, 99% used [0x00000000ebe80000,0x00000000ebf7e118,0x00000000ebf80000)
  to   space 1536K, 0% used [0x00000000ebc80000,0x00000000ebc80000,0x00000000ebe00000)
 ParOldGen       total 68608K, used 42549K [0x00000000c0000000, 0x00000000c4300000, 0x00000000eab00000)
  object space 68608K, 62% used [0x00000000c0000000,0x00000000c298d7e8,0x00000000c4300000)
 Metaspace       used 64412K, committed 65728K, reserved 1114112K
  class space    used 7807K, committed 8384K, reserved 1048576K
}
Event: 123.573 GC heap after
{Heap after GC invocations=48 (full 3):
 PSYoungGen      total 17408K, used 1218K [0x00000000eab00000, 0x00000000ebf00000, 0x0000000100000000)
  eden space 15872K, 0% used [0x00000000eab00000,0x00000000eab00000,0x00000000eba80000)
  from space 1536K, 79% used [0x00000000ebc80000,0x00000000ebdb09f8,0x00000000ebe00000)
  to   space 1024K, 0% used [0x00000000ebe00000,0x00000000ebe00000,0x00000000ebf00000)
 ParOldGen       total 68608K, used 42645K [0x00000000c0000000, 0x00000000c4300000, 0x00000000eab00000)
  object space 68608K, 62% used [0x00000000c0000000,0x00000000c29a57f8,0x00000000c4300000)
 Metaspace       used 64412K, committed 65728K, reserved 1114112K
  class space    used 7807K, committed 8384K, reserved 1048576K
}
Event: 123.632 GC heap before
{Heap before GC invocations=49 (full 3):
 PSYoungGen      total 17408K, used 17090K [0x00000000eab00000, 0x00000000ebf00000, 0x0000000100000000)
  eden space 15872K, 100% used [0x00000000eab00000,0x00000000eba80000,0x00000000eba80000)
  from space 1536K, 79% used [0x00000000ebc80000,0x00000000ebdb09f8,0x00000000ebe00000)
  to   space 1024K, 0% used [0x00000000ebe00000,0x00000000ebe00000,0x00000000ebf00000)
 ParOldGen       total 68608K, used 42645K [0x00000000c0000000, 0x00000000c4300000, 0x00000000eab00000)
  object space 68608K, 62% used [0x00000000c0000000,0x00000000c29a57f8,0x00000000c4300000)
 Metaspace       used 64417K, committed 65728K, reserved 1114112K
  class space    used 7807K, committed 8384K, reserved 1048576K
}
Event: 123.633 GC heap after
{Heap after GC invocations=49 (full 3):
 PSYoungGen      total 16384K, used 352K [0x00000000eab00000, 0x00000000ebe80000, 0x0000000100000000)
  eden space 15872K, 0% used [0x00000000eab00000,0x00000000eab00000,0x00000000eba80000)
  from space 512K, 68% used [0x00000000ebe00000,0x00000000ebe58000,0x00000000ebe80000)
  to   space 1024K, 0% used [0x00000000ebc80000,0x00000000ebc80000,0x00000000ebd80000)
 ParOldGen       total 68608K, used 42701K [0x00000000c0000000, 0x00000000c4300000, 0x00000000eab00000)
  object space 68608K, 62% used [0x00000000c0000000,0x00000000c29b37f8,0x00000000c4300000)
 Metaspace       used 64417K, committed 65728K, reserved 1114112K
  class space    used 7807K, committed 8384K, reserved 1048576K
}
Event: 123.682 GC heap before
{Heap before GC invocations=50 (full 3):
 PSYoungGen      total 16384K, used 16224K [0x00000000eab00000, 0x00000000ebe80000, 0x0000000100000000)
  eden space 15872K, 100% used [0x00000000eab00000,0x00000000eba80000,0x00000000eba80000)
  from space 512K, 68% used [0x00000000ebe00000,0x00000000ebe58000,0x00000000ebe80000)
  to   space 1024K, 0% used [0x00000000ebc80000,0x00000000ebc80000,0x00000000ebd80000)
 ParOldGen       total 68608K, used 42701K [0x00000000c0000000, 0x00000000c4300000, 0x00000000eab00000)
  object space 68608K, 62% used [0x00000000c0000000,0x00000000c29b37f8,0x00000000c4300000)
 Metaspace       used 64468K, committed 65728K, reserved 1114112K
  class space    used 7815K, committed 8384K, reserved 1048576K
}
Event: 123.683 GC heap after
{Heap after GC invocations=50 (full 3):
 PSYoungGen      total 16896K, used 1011K [0x00000000eab00000, 0x00000000ebf80000, 0x0000000100000000)
  eden space 15872K, 0% used [0x00000000eab00000,0x00000000eab00000,0x00000000eba80000)
  from space 1024K, 98% used [0x00000000ebc80000,0x00000000ebd7cd18,0x00000000ebd80000)
  to   space 2048K, 0% used [0x00000000ebd80000,0x00000000ebd80000,0x00000000ebf80000)
 ParOldGen       total 68608K, used 43736K [0x00000000c0000000, 0x00000000c4300000, 0x00000000eab00000)
  object space 68608K, 63% used [0x00000000c0000000,0x00000000c2ab6358,0x00000000c4300000)
 Metaspace       used 64468K, committed 65728K, reserved 1114112K
  class space    used 7815K, committed 8384K, reserved 1048576K
}
Event: 123.742 GC heap before
{Heap before GC invocations=51 (full 3):
 PSYoungGen      total 16896K, used 16883K [0x00000000eab00000, 0x00000000ebf80000, 0x0000000100000000)
  eden space 15872K, 100% used [0x00000000eab00000,0x00000000eba80000,0x00000000eba80000)
  from space 1024K, 98% used [0x00000000ebc80000,0x00000000ebd7cd18,0x00000000ebd80000)
  to   space 2048K, 0% used [0x00000000ebd80000,0x00000000ebd80000,0x00000000ebf80000)
 ParOldGen       total 68608K, used 43736K [0x00000000c0000000, 0x00000000c4300000, 0x00000000eab00000)
  object space 68608K, 63% used [0x00000000c0000000,0x00000000c2ab6358,0x00000000c4300000)
 Metaspace       used 64468K, committed 65728K, reserved 1114112K
  class space    used 7815K, committed 8384K, reserved 1048576K
}
Event: 123.743 GC heap after
{Heap after GC invocations=51 (full 3):
 PSYoungGen      total 17408K, used 1233K [0x00000000eab00000, 0x00000000ebf00000, 0x0000000100000000)
  eden space 15872K, 0% used [0x00000000eab00000,0x00000000eab00000,0x00000000eba80000)
  from space 1536K, 80% used [0x00000000ebd80000,0x00000000ebeb4688,0x00000000ebf00000)
  to   space 1536K, 0% used [0x00000000ebc00000,0x00000000ebc00000,0x00000000ebd80000)
 ParOldGen       total 68608K, used 43824K [0x00000000c0000000, 0x00000000c4300000, 0x00000000eab00000)
  object space 68608K, 63% used [0x00000000c0000000,0x00000000c2acc368,0x00000000c4300000)
 Metaspace       used 64468K, committed 65728K, reserved 1114112K
  class space    used 7815K, committed 8384K, reserved 1048576K
}
Event: 123.805 GC heap before
{Heap before GC invocations=52 (full 3):
 PSYoungGen      total 17408K, used 17105K [0x00000000eab00000, 0x00000000ebf00000, 0x0000000100000000)
  eden space 15872K, 100% used [0x00000000eab00000,0x00000000eba80000,0x00000000eba80000)
  from space 1536K, 80% used [0x00000000ebd80000,0x00000000ebeb4688,0x00000000ebf00000)
  to   space 1536K, 0% used [0x00000000ebc00000,0x00000000ebc00000,0x00000000ebd80000)
 ParOldGen       total 68608K, used 43824K [0x00000000c0000000, 0x00000000c4300000, 0x00000000eab00000)
  object space 68608K, 63% used [0x00000000c0000000,0x00000000c2acc368,0x00000000c4300000)
 Metaspace       used 64468K, committed 65728K, reserved 1114112K
  class space    used 7815K, committed 8384K, reserved 1048576K
}
Event: 123.806 GC heap after
{Heap after GC invocations=52 (full 3):
 PSYoungGen      total 16384K, used 394K [0x00000000eab00000, 0x00000000ebe00000, 0x0000000100000000)
  eden space 15872K, 0% used [0x00000000eab00000,0x00000000eab00000,0x00000000eba80000)
  from space 512K, 77% used [0x00000000ebc00000,0x00000000ebc629a0,0x00000000ebc80000)
  to   space 1024K, 0% used [0x00000000ebd00000,0x00000000ebd00000,0x00000000ebe00000)
 ParOldGen       total 68608K, used 43880K [0x00000000c0000000, 0x00000000c4300000, 0x00000000eab00000)
  object space 68608K, 63% used [0x00000000c0000000,0x00000000c2ada368,0x00000000c4300000)
 Metaspace       used 64468K, committed 65728K, reserved 1114112K
  class space    used 7815K, committed 8384K, reserved 1048576K
}
Event: 123.870 GC heap before
{Heap before GC invocations=53 (full 3):
 PSYoungGen      total 16384K, used 16266K [0x00000000eab00000, 0x00000000ebe00000, 0x0000000100000000)
  eden space 15872K, 100% used [0x00000000eab00000,0x00000000eba80000,0x00000000eba80000)
  from space 512K, 77% used [0x00000000ebc00000,0x00000000ebc629a0,0x00000000ebc80000)
  to   space 1024K, 0% used [0x00000000ebd00000,0x00000000ebd00000,0x00000000ebe00000)
 ParOldGen       total 68608K, used 43880K [0x00000000c0000000, 0x00000000c4300000, 0x00000000eab00000)
  object space 68608K, 63% used [0x00000000c0000000,0x00000000c2ada368,0x00000000c4300000)
 Metaspace       used 64468K, committed 65728K, reserved 1114112K
  class space    used 7815K, committed 8384K, reserved 1048576K
}
Event: 123.871 GC heap after
{Heap after GC invocations=53 (full 3):
 PSYoungGen      total 16896K, used 890K [0x00000000eab00000, 0x00000000ebe00000, 0x0000000100000000)
  eden space 15872K, 0% used [0x00000000eab00000,0x00000000eab00000,0x00000000eba80000)
  from space 1024K, 86% used [0x00000000ebd00000,0x00000000ebdde8d0,0x00000000ebe00000)
  to   space 1024K, 0% used [0x00000000ebc00000,0x00000000ebc00000,0x00000000ebd00000)
 ParOldGen       total 68608K, used 43989K [0x00000000c0000000, 0x00000000c4300000, 0x00000000eab00000)
  object space 68608K, 64% used [0x00000000c0000000,0x00000000c2af5438,0x00000000c4300000)
 Metaspace       used 64468K, committed 65728K, reserved 1114112K
  class space    used 7815K, committed 8384K, reserved 1048576K
}
Event: 124.044 GC heap before
{Heap before GC invocations=54 (full 3):
 PSYoungGen      total 16896K, used 16762K [0x00000000eab00000, 0x00000000ebe00000, 0x0000000100000000)
  eden space 15872K, 100% used [0x00000000eab00000,0x00000000eba80000,0x00000000eba80000)
  from space 1024K, 86% used [0x00000000ebd00000,0x00000000ebdde8d0,0x00000000ebe00000)
  to   space 1024K, 0% used [0x00000000ebc00000,0x00000000ebc00000,0x00000000ebd00000)
 ParOldGen       total 68608K, used 43989K [0x00000000c0000000, 0x00000000c4300000, 0x00000000eab00000)
  object space 68608K, 64% used [0x00000000c0000000,0x00000000c2af5438,0x00000000c4300000)
 Metaspace       used 65818K, committed 67072K, reserved 1114112K
  class space    used 8018K, committed 8576K, reserved 1048576K
}
Event: 124.045 GC heap after
{Heap after GC invocations=54 (full 3):
 PSYoungGen      total 16896K, used 704K [0x00000000eab00000, 0x00000000ebd80000, 0x0000000100000000)
  eden space 15872K, 0% used [0x00000000eab00000,0x00000000eab00000,0x00000000eba80000)
  from space 1024K, 68% used [0x00000000ebc00000,0x00000000ebcb0000,0x00000000ebd00000)
  to   space 512K, 0% used [0x00000000ebd00000,0x00000000ebd00000,0x00000000ebd80000)
 ParOldGen       total 68608K, used 44085K [0x00000000c0000000, 0x00000000c4300000, 0x00000000eab00000)
  object space 68608K, 64% used [0x00000000c0000000,0x00000000c2b0d448,0x00000000c4300000)
 Metaspace       used 65818K, committed 67072K, reserved 1114112K
  class space    used 8018K, committed 8576K, reserved 1048576K
}
Event: 126.530 GC heap before
{Heap before GC invocations=55 (full 3):
 PSYoungGen      total 16896K, used 16576K [0x00000000eab00000, 0x00000000ebd80000, 0x0000000100000000)
  eden space 15872K, 100% used [0x00000000eab00000,0x00000000eba80000,0x00000000eba80000)
  from space 1024K, 68% used [0x00000000ebc00000,0x00000000ebcb0000,0x00000000ebd00000)
  to   space 512K, 0% used [0x00000000ebd00000,0x00000000ebd00000,0x00000000ebd80000)
 ParOldGen       total 68608K, used 44085K [0x00000000c0000000, 0x00000000c4300000, 0x00000000eab00000)
  object space 68608K, 64% used [0x00000000c0000000,0x00000000c2b0d448,0x00000000c4300000)
 Metaspace       used 67288K, committed 68608K, reserved 1114112K
  class space    used 8234K, committed 8832K, reserved 1048576K
}
Event: 126.531 GC heap after
{Heap after GC invocations=55 (full 3):
 PSYoungGen      total 16384K, used 480K [0x00000000eab00000, 0x00000000ebd80000, 0x0000000100000000)
  eden space 15872K, 0% used [0x00000000eab00000,0x00000000eab00000,0x00000000eba80000)
  from space 512K, 93% used [0x00000000ebd00000,0x00000000ebd78010,0x00000000ebd80000)
  to   space 1536K, 0% used [0x00000000eba80000,0x00000000eba80000,0x00000000ebc00000)
 ParOldGen       total 68608K, used 44617K [0x00000000c0000000, 0x00000000c4300000, 0x00000000eab00000)
  object space 68608K, 65% used [0x00000000c0000000,0x00000000c2b92468,0x00000000c4300000)
 Metaspace       used 67288K, committed 68608K, reserved 1114112K
  class space    used 8234K, committed 8832K, reserved 1048576K
}

Dll operation events (15 events):
Event: 2.814 Loaded shared library c:\Users\admin\.cursor\extensions\redhat.java-1.42.0-win32-x64\jre\21.0.7-win32-x86_64\bin\java.dll
Event: 4.215 Loaded shared library c:\Users\admin\.cursor\extensions\redhat.java-1.42.0-win32-x64\jre\21.0.7-win32-x86_64\bin\zip.dll
Event: 5.051 Loaded shared library C:\Users\admin\.cursor\extensions\redhat.java-1.42.0-win32-x64\jre\21.0.7-win32-x86_64\bin\instrument.dll
Event: 5.142 Loaded shared library C:\Users\admin\.cursor\extensions\redhat.java-1.42.0-win32-x64\jre\21.0.7-win32-x86_64\bin\net.dll
Event: 5.415 Loaded shared library C:\Users\admin\.cursor\extensions\redhat.java-1.42.0-win32-x64\jre\21.0.7-win32-x86_64\bin\nio.dll
Event: 5.417 Loaded shared library C:\Users\admin\.cursor\extensions\redhat.java-1.42.0-win32-x64\jre\21.0.7-win32-x86_64\bin\zip.dll
Event: 7.662 Loaded shared library C:\Users\admin\.cursor\extensions\redhat.java-1.42.0-win32-x64\jre\21.0.7-win32-x86_64\bin\jimage.dll
Event: 12.395 Loaded shared library c:\Users\admin\.cursor\extensions\redhat.java-1.42.0-win32-x64\jre\21.0.7-win32-x86_64\bin\verify.dll
Event: 52.600 Loaded shared library C:\Users\admin\AppData\Roaming\Cursor\User\globalStorage\redhat.java\1.42.0\config_win\org.eclipse.equinox.launcher\org.eclipse.equinox.launcher.win32.win32.x86_64_1.2.1300.v20250331-1702\eclipse_11911.dll
Event: 67.081 Loaded shared library C:\Users\admin\.cursor\extensions\redhat.java-1.42.0-win32-x64\jre\21.0.7-win32-x86_64\bin\management.dll
Event: 67.083 Loaded shared library C:\Users\admin\.cursor\extensions\redhat.java-1.42.0-win32-x64\jre\21.0.7-win32-x86_64\bin\management_ext.dll
Event: 68.226 Loaded shared library C:\Users\admin\AppData\Local\Temp\jna-92668751\jna5644868801854216986.dll
Event: 69.486 Loaded shared library C:\Users\admin\.cursor\extensions\redhat.java-1.42.0-win32-x64\jre\21.0.7-win32-x86_64\bin\sunmscapi.dll
Event: 69.743 Loaded shared library C:\Users\admin\.cursor\extensions\redhat.java-1.42.0-win32-x64\jre\21.0.7-win32-x86_64\bin\extnet.dll
Event: 121.261 Loaded shared library C:\Users\admin\.gradle\native\1def1411415f61bf3af743bc5b6707747c0891f09f0c88961ee8f79bc544acac\windows-amd64\native-platform.dll

Deoptimization events (20 events):
Event: 130.881 Thread 0x00000271932b03d0 Uncommon trap: trap_request=0xffffffc6 fr.pc=0x000002713eb858b8 relative=0x0000000000000fb8
Event: 130.881 Thread 0x00000271932b03d0 Uncommon trap: reason=bimorphic_or_optimized_type_check action=maybe_recompile pc=0x000002713eb858b8 method=java.io.DataInputStream.readFully([BII)V @ 30 c2
Event: 130.881 Thread 0x00000271932b03d0 DEOPT PACKING pc=0x000002713eb858b8 sp=0x000000a24017e4a0
Event: 130.881 Thread 0x00000271932b03d0 DEOPT UNPACKING pc=0x000002713e133aa2 sp=0x000000a24017e4a8 mode 2
Event: 130.886 Thread 0x00000271932b03d0 Uncommon trap: trap_request=0xffffffc6 fr.pc=0x000002713edbce54 relative=0x0000000000000334
Event: 130.886 Thread 0x00000271932b03d0 Uncommon trap: reason=bimorphic_or_optimized_type_check action=maybe_recompile pc=0x000002713edbce54 method=java.util.Collections$SetFromMap.add(Ljava/lang/Object;)Z @ 8 c2
Event: 130.886 Thread 0x00000271932b03d0 DEOPT PACKING pc=0x000002713edbce54 sp=0x000000a24017e4f0
Event: 130.886 Thread 0x00000271932b03d0 DEOPT UNPACKING pc=0x000002713e133aa2 sp=0x000000a24017e4c0 mode 2
Event: 130.895 Thread 0x00000271932b03d0 Uncommon trap: trap_request=0xffffff45 fr.pc=0x000002713ecafbf8 relative=0x00000000000009d8
Event: 130.895 Thread 0x00000271932b03d0 Uncommon trap: reason=unstable_if action=reinterpret pc=0x000002713ecafbf8 method=sun.nio.fs.WindowsPath.openForReadAttributeAccess(Z)J @ 5 c2
Event: 130.895 Thread 0x00000271932b03d0 DEOPT PACKING pc=0x000002713ecafbf8 sp=0x000000a24017e040
Event: 130.895 Thread 0x00000271932b03d0 DEOPT UNPACKING pc=0x000002713e133aa2 sp=0x000000a24017e018 mode 2
Event: 130.895 Thread 0x00000271932b03d0 Uncommon trap: trap_request=0xffffff45 fr.pc=0x000002713ecb2fb0 relative=0x0000000000000650
Event: 130.895 Thread 0x00000271932b03d0 Uncommon trap: reason=unstable_if action=reinterpret pc=0x000002713ecb2fb0 method=sun.nio.fs.WindowsFileAttributes.isReparsePoint(I)Z @ 5 c2
Event: 130.895 Thread 0x00000271932b03d0 DEOPT PACKING pc=0x000002713ecb2fb0 sp=0x000000a24017e060
Event: 130.895 Thread 0x00000271932b03d0 DEOPT UNPACKING pc=0x000002713e133aa2 sp=0x000000a24017df88 mode 2
Event: 130.895 Thread 0x00000271932b03d0 Uncommon trap: trap_request=0xffffff45 fr.pc=0x000002713ec9e904 relative=0x00000000000001c4
Event: 130.895 Thread 0x00000271932b03d0 Uncommon trap: reason=unstable_if action=reinterpret pc=0x000002713ec9e904 method=sun.nio.fs.NativeBuffers.getNativeBufferFromCache(I)Lsun/nio/fs/NativeBuffer; @ 34 c2
Event: 130.895 Thread 0x00000271932b03d0 DEOPT PACKING pc=0x000002713ec9e904 sp=0x000000a24017df70
Event: 130.895 Thread 0x00000271932b03d0 DEOPT UNPACKING pc=0x000002713e133aa2 sp=0x000000a24017def8 mode 2

Classes loaded (20 events):
Event: 130.892 Loading class sun/nio/ch/PipeImpl$Initializer
Event: 130.892 Loading class sun/nio/ch/PipeImpl$Initializer done
Event: 130.892 Loading class sun/nio/ch/PipeImpl$Initializer$LoopbackConnector
Event: 130.892 Loading class sun/nio/ch/PipeImpl$Initializer$LoopbackConnector done
Event: 130.892 Loading class sun/nio/ch/UnixDomainSockets
Event: 130.892 Loading class sun/nio/ch/UnixDomainSockets done
Event: 130.892 Loading class sun/nio/ch/UnixDomainSocketsUtil
Event: 130.892 Loading class sun/nio/ch/UnixDomainSocketsUtil done
Event: 130.893 Loading class sun/nio/ch/ServerSocketChannelImpl
Event: 130.893 Loading class sun/nio/ch/ServerSocketChannelImpl done
Event: 130.894 Loading class java/nio/BufferMismatch
Event: 130.894 Loading class java/nio/BufferMismatch done
Event: 130.894 Loading class sun/nio/ch/SourceChannelImpl
Event: 130.895 Loading class java/nio/channels/Pipe$SourceChannel
Event: 130.895 Loading class java/nio/channels/Pipe$SourceChannel done
Event: 130.895 Loading class sun/nio/ch/SourceChannelImpl done
Event: 130.895 Loading class sun/nio/ch/SinkChannelImpl
Event: 130.895 Loading class java/nio/channels/Pipe$SinkChannel
Event: 130.895 Loading class java/nio/channels/Pipe$SinkChannel done
Event: 130.895 Loading class sun/nio/ch/SinkChannelImpl done

Classes unloaded (13 events):
Event: 65.568 Thread 0x0000027147e749d0 Unloading class 0x00000271491ad400 'java/lang/invoke/LambdaForm$MH+0x00000271491ad400'
Event: 65.568 Thread 0x0000027147e749d0 Unloading class 0x00000271491ad000 'java/lang/invoke/LambdaForm$MH+0x00000271491ad000'
Event: 65.568 Thread 0x0000027147e749d0 Unloading class 0x00000271491acc00 'java/lang/invoke/LambdaForm$MH+0x00000271491acc00'
Event: 65.568 Thread 0x0000027147e749d0 Unloading class 0x00000271491ac800 'java/lang/invoke/LambdaForm$MH+0x00000271491ac800'
Event: 65.568 Thread 0x0000027147e749d0 Unloading class 0x00000271491ac400 'java/lang/invoke/LambdaForm$BMH+0x00000271491ac400'
Event: 65.568 Thread 0x0000027147e749d0 Unloading class 0x00000271491ac000 'java/lang/invoke/LambdaForm$DMH+0x00000271491ac000'
Event: 65.568 Thread 0x0000027147e749d0 Unloading class 0x00000271491aac00 'java/lang/invoke/LambdaForm$DMH+0x00000271491aac00'
Event: 67.849 Thread 0x0000027147e749d0 Unloading class 0x00000271492da800 'java/lang/invoke/LambdaForm$MH+0x00000271492da800'
Event: 67.849 Thread 0x0000027147e749d0 Unloading class 0x00000271492d9c00 'java/lang/invoke/LambdaForm$MH+0x00000271492d9c00'
Event: 67.849 Thread 0x0000027147e749d0 Unloading class 0x00000271492d9400 'java/lang/invoke/LambdaForm$MH+0x00000271492d9400'
Event: 67.849 Thread 0x0000027147e749d0 Unloading class 0x00000271492d8c00 'java/lang/invoke/LambdaForm$MH+0x00000271492d8c00'
Event: 67.849 Thread 0x0000027147e749d0 Unloading class 0x00000271492d8800 'java/lang/invoke/LambdaForm$DMH+0x00000271492d8800'
Event: 67.849 Thread 0x0000027147e749d0 Unloading class 0x00000271492d7c00 'java/lang/invoke/LambdaForm$MH+0x00000271492d7c00'

Classes redefined (0 events):
No events

Internal exceptions (20 events):
Event: 124.020 Thread 0x00000271932b03d0 Exception <a 'java/lang/NoSuchMethodError'{0x00000000eb8157d8}: 'java.lang.Object java.lang.invoke.DirectMethodHandle$Holder.invokeStatic(java.lang.Object, java.lang.Object, java.lang.Object, java.lang.Object, java.lang.Object, java.lang.Object, java.lang.Object, java.lang.Object, java.lang.Object, java.lang.Object, java.lang.Object, java.lang.Object, java.lang.Object, java.lang.Object, java.lang.Object, java.lang.Object, java.lang.Object)'> (0x00000000eb8157d8) 
thrown [s\src\hotspot\share\interpreter\lin
Event: 124.022 Thread 0x00000271932b03d0 Exception <a 'java/lang/NoSuchMethodError'{0x00000000eb842c88}: 'java.lang.Object java.lang.invoke.DirectMethodHandle$Holder.invokeStatic(java.lang.Object, java.lang.Object, java.lang.Object, java.lang.Object, java.lang.Object, java.lang.Object, java.lang.Object, java.lang.Object, java.lang.Object, java.lang.Object, java.lang.Object, java.lang.Object, java.lang.Object, java.lang.Object, java.lang.Object, java.lang.Object, java.lang.Object, java.lang.Object)'> (0x00000000eb842c88) 
thrown [s\src\hotspot\sha
Event: 124.023 Thread 0x00000271932b03d0 Exception <a 'java/lang/NoSuchMethodError'{0x00000000eb870790}: 'java.lang.Object java.lang.invoke.DirectMethodHandle$Holder.invokeStatic(java.lang.Object, java.lang.Object, java.lang.Object, java.lang.Object, java.lang.Object, java.lang.Object, java.lang.Object, java.lang.Object, java.lang.Object, java.lang.Object, java.lang.Object, java.lang.Object, java.lang.Object, java.lang.Object, java.lang.Object, java.lang.Object, java.lang.Object, java.lang.Object, java.lang.Object)'> (0x00000000eb870790) 
thrown 
Event: 124.025 Thread 0x00000271932b03d0 Exception <a 'java/lang/NoSuchMethodError'{0x00000000eb89f940}: 'java.lang.Object java.lang.invoke.DirectMethodHandle$Holder.invokeStatic(java.lang.Object, java.lang.Object, java.lang.Object, java.lang.Object, java.lang.Object, java.lang.Object, java.lang.Object, java.lang.Object, java.lang.Object, java.lang.Object, java.lang.Object, java.lang.Object, java.lang.Object, java.lang.Object, java.lang.Object, java.lang.Object, java.lang.Object, java.lang.Object, java.lang.Object, java.lang.Object)'> (0x00000000
Event: 124.027 Thread 0x00000271932b03d0 Exception <a 'java/lang/NoSuchMethodError'{0x00000000eb8cfb48}: 'java.lang.Object java.lang.invoke.DirectMethodHandle$Holder.invokeStatic(java.lang.Object, java.lang.Object, java.lang.Object, java.lang.Object, java.lang.Object, java.lang.Object, java.lang.Object, java.lang.Object, java.lang.Object, java.lang.Object, java.lang.Object, java.lang.Object, java.lang.Object, java.lang.Object, java.lang.Object, java.lang.Object, java.lang.Object, java.lang.Object, java.lang.Object, java.lang.Object, java.lang.Obj
Event: 124.029 Thread 0x00000271932b03d0 Exception <a 'java/lang/NoSuchMethodError'{0x00000000eb900c88}: 'java.lang.Object java.lang.invoke.DirectMethodHandle$Holder.invokeStatic(java.lang.Object, java.lang.Object, java.lang.Object, java.lang.Object, java.lang.Object, java.lang.Object, java.lang.Object, java.lang.Object, java.lang.Object, java.lang.Object, java.lang.Object, java.lang.Object, java.lang.Object, java.lang.Object, java.lang.Object, java.lang.Object, java.lang.Object, java.lang.Object, java.lang.Object, java.lang.Object, java.lang.Obj
Event: 124.030 Thread 0x00000271932b03d0 Exception <a 'java/lang/NoSuchMethodError'{0x00000000eb932b58}: 'java.lang.Object java.lang.invoke.DirectMethodHandle$Holder.invokeStatic(java.lang.Object, java.lang.Object, java.lang.Object, java.lang.Object, java.lang.Object, java.lang.Object, java.lang.Object, java.lang.Object, java.lang.Object, java.lang.Object, java.lang.Object, java.lang.Object, java.lang.Object, java.lang.Object, java.lang.Object, java.lang.Object, java.lang.Object, java.lang.Object, java.lang.Object, java.lang.Object, java.lang.Obj
Event: 124.032 Thread 0x00000271932b03d0 Exception <a 'java/lang/NoSuchMethodError'{0x00000000eb965068}: 'java.lang.Object java.lang.invoke.DirectMethodHandle$Holder.invokeStatic(java.lang.Object, java.lang.Object, java.lang.Object, java.lang.Object, java.lang.Object, java.lang.Object, java.lang.Object, java.lang.Object, java.lang.Object, java.lang.Object, java.lang.Object, java.lang.Object, java.lang.Object, java.lang.Object, java.lang.Object, java.lang.Object, java.lang.Object, java.lang.Object, java.lang.Object, java.lang.Object, java.lang.Obj
Event: 124.033 Thread 0x00000271932b03d0 Exception <a 'java/lang/NoSuchMethodError'{0x00000000eb9996d0}: 'java.lang.Object java.lang.invoke.DirectMethodHandle$Holder.invokeStatic(java.lang.Object, java.lang.Object, java.lang.Object, java.lang.Object, java.lang.Object, java.lang.Object, java.lang.Object, java.lang.Object, java.lang.Object, java.lang.Object, java.lang.Object, java.lang.Object, java.lang.Object, java.lang.Object, java.lang.Object, java.lang.Object, java.lang.Object, java.lang.Object, java.lang.Object, java.lang.Object, java.lang.Obj
Event: 124.035 Thread 0x00000271932b03d0 Exception <a 'java/lang/NoSuchMethodError'{0x00000000eb9bf4e0}: 'java.lang.Object java.lang.invoke.DirectMethodHandle$Holder.invokeSpecial(java.lang.Object, java.lang.Object, java.lang.Object, java.lang.Object, java.lang.Object, java.lang.Object, java.lang.Object, java.lang.Object, java.lang.Object, java.lang.Object, java.lang.Object, java.lang.Object, java.lang.Object, java.lang.Object, java.lang.Object, java.lang.Object, java.lang.Object, java.lang.Object, java.lang.Object, java.lang.Object, java.lang.Ob
Event: 124.036 Thread 0x00000271932b03d0 Exception <a 'java/lang/NoSuchMethodError'{0x00000000eb9d4cc8}: 'java.lang.Object java.lang.invoke.DirectMethodHandle$Holder.newInvokeSpecial(java.lang.Object, java.lang.Object, java.lang.Object, java.lang.Object, java.lang.Object, java.lang.Object, java.lang.Object, java.lang.Object, java.lang.Object, java.lang.Object, java.lang.Object, java.lang.Object, java.lang.Object, java.lang.Object, java.lang.Object, java.lang.Object, java.lang.Object, java.lang.Object, java.lang.Object, java.lang.Object, java.lang
Event: 124.036 Thread 0x00000271932b03d0 Exception <a 'java/lang/NoSuchMethodError'{0x00000000eb9daec0}: 'java.lang.Object java.lang.invoke.Invokers$Holder.linkToTargetMethod(java.lang.Object, java.lang.Object, java.lang.Object, java.lang.Object, java.lang.Object, java.lang.Object, java.lang.Object, java.lang.Object, java.lang.Object, java.lang.Object, java.lang.Object, java.lang.Object, java.lang.Object, java.lang.Object, java.lang.Object, java.lang.Object, java.lang.Object, java.lang.Object, java.lang.Object, java.lang.Object, java.lang.Object,
Event: 124.036 Thread 0x00000271932b03d0 Exception <a 'java/lang/NoSuchMethodError'{0x00000000eb9e0088}: 'java.lang.Object java.lang.invoke.DirectMethodHandle$Holder.invokeVirtual(java.lang.Object, java.lang.Object, java.lang.Object, java.lang.Object, java.lang.Object, java.lang.Object, java.lang.Object, java.lang.Object, java.lang.Object, java.lang.Object)'> (0x00000000eb9e0088) 
thrown [s\src\hotspot\share\interpreter\linkResolver.cpp, line 773]
Event: 124.053 Thread 0x00000271932b03d0 Exception <a 'java/lang/NoSuchMethodError'{0x00000000eabf8bf8}: 'java.lang.Object java.lang.invoke.DirectMethodHandle$Holder.invokeVirtual(java.lang.Object, java.lang.Object, java.lang.Object, java.lang.Object, java.lang.Object, java.lang.Object, java.lang.Object, java.lang.Object, java.lang.Object)'> (0x00000000eabf8bf8) 
thrown [s\src\hotspot\share\interpreter\linkResolver.cpp, line 773]
Event: 124.072 Thread 0x00000271932b03d0 Exception <a 'java/lang/NoSuchMethodError'{0x00000000eae36c50}: 'java.lang.Object java.lang.invoke.DirectMethodHandle$Holder.invokeVirtual(java.lang.Object, java.lang.Object, java.lang.Object, java.lang.Object, java.lang.Object, java.lang.Object, java.lang.Object, java.lang.Object)'> (0x00000000eae36c50) 
thrown [s\src\hotspot\share\interpreter\linkResolver.cpp, line 773]
Event: 124.076 Thread 0x00000271932b03d0 Exception <a 'java/lang/NoSuchMethodError'{0x00000000eaeadb00}: 'long java.lang.invoke.DirectMethodHandle$Holder.invokeVirtual(java.lang.Object, java.lang.Object)'> (0x00000000eaeadb00) 
thrown [s\src\hotspot\share\interpreter\linkResolver.cpp, line 773]
Event: 124.076 Thread 0x00000271932b03d0 Exception <a 'java/lang/NoSuchMethodError'{0x00000000eaeb0f00}: 'long java.lang.invoke.DelegatingMethodHandle$Holder.reinvoke_L(java.lang.Object, java.lang.Object)'> (0x00000000eaeb0f00) 
thrown [s\src\hotspot\share\interpreter\linkResolver.cpp, line 773]
Event: 124.249 Thread 0x00000271932b24a0 Exception <a 'java/lang/NoSuchMethodError'{0x00000000eb4dce58}: 'void java.lang.invoke.DirectMethodHandle$Holder.invokeStatic(java.lang.Object, long)'> (0x00000000eb4dce58) 
thrown [s\src\hotspot\share\interpreter\linkResolver.cpp, line 773]
Event: 126.483 Thread 0x00000271932b24a0 Exception <a 'java/lang/NoSuchMethodError'{0x00000000eb501f70}: 'void java.lang.invoke.DirectMethodHandle$Holder.invokeSpecial(java.lang.Object, java.lang.Object, int)'> (0x00000000eb501f70) 
thrown [s\src\hotspot\share\interpreter\linkResolver.cpp, line 773]
Event: 126.484 Thread 0x00000271932b24a0 Exception <a 'java/lang/NoSuchMethodError'{0x00000000eb507398}: 'java.lang.Object java.lang.invoke.DirectMethodHandle$Holder.newInvokeSpecial(java.lang.Object, java.lang.Object, int)'> (0x00000000eb507398) 
thrown [s\src\hotspot\share\interpreter\linkResolver.cpp, line 773]

ZGC Phase Switch (0 events):
No events

VM Operations (20 events):
Event: 123.805 Executing VM operation: ParallelGCFailedAllocation (Allocation Failure)
Event: 123.806 Executing VM operation: ParallelGCFailedAllocation (Allocation Failure) done
Event: 123.870 Executing VM operation: ParallelGCFailedAllocation (Allocation Failure)
Event: 123.871 Executing VM operation: ParallelGCFailedAllocation (Allocation Failure) done
Event: 123.949 Executing VM operation: HandshakeAllThreads (Deoptimize)
Event: 123.949 Executing VM operation: HandshakeAllThreads (Deoptimize) done
Event: 123.969 Executing VM operation: HandshakeAllThreads (Deoptimize)
Event: 123.969 Executing VM operation: HandshakeAllThreads (Deoptimize) done
Event: 124.044 Executing VM operation: ParallelGCFailedAllocation (Allocation Failure)
Event: 124.045 Executing VM operation: ParallelGCFailedAllocation (Allocation Failure) done
Event: 124.062 Executing VM operation: HandshakeAllThreads (Deoptimize)
Event: 124.062 Executing VM operation: HandshakeAllThreads (Deoptimize) done
Event: 124.251 Executing VM operation: HandshakeAllThreads (Deoptimize)
Event: 124.251 Executing VM operation: HandshakeAllThreads (Deoptimize) done
Event: 125.256 Executing VM operation: Cleanup
Event: 125.256 Executing VM operation: Cleanup done
Event: 126.530 Executing VM operation: ParallelGCFailedAllocation (Allocation Failure)
Event: 126.531 Executing VM operation: ParallelGCFailedAllocation (Allocation Failure) done
Event: 127.537 Executing VM operation: Cleanup
Event: 127.537 Executing VM operation: Cleanup done

Memory protections (0 events):
No events

Nmethod flushes (20 events):
Event: 122.445 Thread 0x0000027147e749d0 flushing  nmethod 0x000002713777fe90
Event: 122.445 Thread 0x0000027147e749d0 flushing  nmethod 0x0000027137786390
Event: 122.445 Thread 0x0000027147e749d0 flushing  nmethod 0x0000027137787090
Event: 122.445 Thread 0x0000027147e749d0 flushing  nmethod 0x00000271377db810
Event: 122.445 Thread 0x0000027147e749d0 flushing  nmethod 0x00000271377dbf10
Event: 122.445 Thread 0x0000027147e749d0 flushing  nmethod 0x00000271377dce90
Event: 122.445 Thread 0x0000027147e749d0 flushing  nmethod 0x00000271377dd890
Event: 122.445 Thread 0x0000027147e749d0 flushing  nmethod 0x00000271377ddc10
Event: 122.445 Thread 0x0000027147e749d0 flushing  nmethod 0x00000271377de810
Event: 122.445 Thread 0x0000027147e749d0 flushing  nmethod 0x00000271377df410
Event: 122.445 Thread 0x0000027147e749d0 flushing  nmethod 0x00000271377e3c90
Event: 122.445 Thread 0x0000027147e749d0 flushing  nmethod 0x00000271377e4b10
Event: 122.445 Thread 0x0000027147e749d0 flushing  nmethod 0x00000271377e4f10
Event: 122.445 Thread 0x0000027147e749d0 flushing  nmethod 0x00000271377e7710
Event: 122.445 Thread 0x0000027147e749d0 flushing  nmethod 0x00000271377e8310
Event: 122.445 Thread 0x0000027147e749d0 flushing  nmethod 0x00000271377f6390
Event: 122.445 Thread 0x0000027147e749d0 flushing  nmethod 0x00000271377f8710
Event: 122.445 Thread 0x0000027147e749d0 flushing  nmethod 0x0000027137827c90
Event: 122.445 Thread 0x0000027147e749d0 flushing  nmethod 0x0000027137828310
Event: 122.445 Thread 0x0000027147e749d0 flushing  nmethod 0x0000027137858a10

Events (20 events):
Event: 122.402 Thread 0x00000271932af6b0 Thread exited: 0x00000271932af6b0
Event: 122.402 Thread 0x00000271913407e0 Thread added: 0x00000271932b1780
Event: 122.404 Thread 0x00000271913407e0 Thread added: 0x00000271932b03d0
Event: 122.764 Thread 0x000002718a3aa340 Thread added: 0x0000027191c60ef0
Event: 122.764 Thread 0x000002718a3aa340 Thread added: 0x0000027191c62a30
Event: 122.764 Thread 0x000002718a3aa340 Thread added: 0x0000027191c60820
Event: 123.083 Thread 0x0000027191c60820 Thread exited: 0x0000027191c60820
Event: 124.082 Thread 0x00000271932b03d0 Thread added: 0x00000271932af6b0
Event: 124.142 Thread 0x00000271932b03d0 Thread added: 0x00000271932b24a0
Event: 124.249 Thread 0x0000027191c62a30 Thread exited: 0x0000027191c62a30
Event: 124.252 Thread 0x00000271932b24a0 Thread added: 0x00000271932af020
Event: 124.252 Thread 0x00000271932b24a0 Thread added: 0x00000271932b3850
Event: 125.985 Thread 0x0000027191c60ef0 Thread exited: 0x0000027191c60ef0
Event: 126.532 Thread 0x00000271932b03d0 Thread added: 0x00000271932b2b30
Event: 126.537 Thread 0x00000271932b2b30 Thread added: 0x00000271932b31c0
Event: 126.537 Thread 0x00000271932b2b30 Thread added: 0x00000271932b3ee0
Event: 126.537 Thread 0x00000271932b31c0 Thread exited: 0x00000271932b31c0
Event: 128.389 Thread 0x0000027191c62360 Thread exited: 0x0000027191c62360
Event: 130.880 Thread 0x00000271932b2b30 Thread exited: 0x00000271932b2b30
Event: 130.880 Thread 0x00000271932b3ee0 Thread exited: 0x00000271932b3ee0


Dynamic libraries:
0x00007ff6b00e0000 - 0x00007ff6b00ee000 	c:\Users\admin\.cursor\extensions\redhat.java-1.42.0-win32-x64\jre\21.0.7-win32-x86_64\bin\java.exe
0x00007ff8f0da0000 - 0x00007ff8f1006000 	C:\WINDOWS\SYSTEM32\ntdll.dll
0x00007ff8eeec0000 - 0x00007ff8eef89000 	C:\WINDOWS\System32\KERNEL32.DLL
0x00007ff8ee410000 - 0x00007ff8ee7dc000 	C:\WINDOWS\System32\KERNELBASE.dll
0x00007ff8edfd0000 - 0x00007ff8ee11b000 	C:\WINDOWS\System32\ucrtbase.dll
0x00007ff8abe30000 - 0x00007ff8abe48000 	c:\Users\admin\.cursor\extensions\redhat.java-1.42.0-win32-x64\jre\21.0.7-win32-x86_64\bin\jli.dll
0x00007ff8abe50000 - 0x00007ff8abe6e000 	c:\Users\admin\.cursor\extensions\redhat.java-1.42.0-win32-x64\jre\21.0.7-win32-x86_64\bin\VCRUNTIME140.dll
0x00007ff8f0aa0000 - 0x00007ff8f0c6a000 	C:\WINDOWS\System32\USER32.dll
0x00007ff8ee120000 - 0x00007ff8ee147000 	C:\WINDOWS\System32\win32u.dll
0x00007ff8f0440000 - 0x00007ff8f046b000 	C:\WINDOWS\System32\GDI32.dll
0x00007ff8ee2d0000 - 0x00007ff8ee402000 	C:\WINDOWS\System32\gdi32full.dll
0x00007ff8db710000 - 0x00007ff8db9aa000 	C:\WINDOWS\WinSxS\amd64_microsoft.windows.common-controls_6595b64144ccf1df_6.0.26100.3912_none_3e07963ce335137e\COMCTL32.dll
0x00007ff8eea20000 - 0x00007ff8eeac3000 	C:\WINDOWS\System32\msvcp_win.dll
0x00007ff8eeb60000 - 0x00007ff8eec09000 	C:\WINDOWS\System32\msvcrt.dll
0x00007ff8f0c70000 - 0x00007ff8f0ca0000 	C:\WINDOWS\System32\IMM32.DLL
0x00007ff8ea3c0000 - 0x00007ff8ea3cc000 	c:\Users\admin\.cursor\extensions\redhat.java-1.42.0-win32-x64\jre\21.0.7-win32-x86_64\bin\vcruntime140_1.dll
0x00007ff86cdd0000 - 0x00007ff86ce5d000 	c:\Users\admin\.cursor\extensions\redhat.java-1.42.0-win32-x64\jre\21.0.7-win32-x86_64\bin\msvcp140.dll
0x00007ff86c040000 - 0x00007ff86cdd0000 	c:\Users\admin\.cursor\extensions\redhat.java-1.42.0-win32-x64\jre\21.0.7-win32-x86_64\bin\server\jvm.dll
0x00007ff8f0140000 - 0x00007ff8f01f2000 	C:\WINDOWS\System32\ADVAPI32.dll
0x00007ff8f0cb0000 - 0x00007ff8f0d56000 	C:\WINDOWS\System32\sechost.dll
0x00007ff8efb60000 - 0x00007ff8efc76000 	C:\WINDOWS\System32\RPCRT4.dll
0x00007ff8ef340000 - 0x00007ff8ef3b4000 	C:\WINDOWS\System32\WS2_32.dll
0x00007ff8edda0000 - 0x00007ff8eddfe000 	C:\WINDOWS\SYSTEM32\POWRPROF.dll
0x00007ff8e4950000 - 0x00007ff8e4986000 	C:\WINDOWS\SYSTEM32\WINMM.dll
0x00007ff8ea6e0000 - 0x00007ff8ea6eb000 	C:\WINDOWS\SYSTEM32\VERSION.dll
0x00007ff8edd80000 - 0x00007ff8edd94000 	C:\WINDOWS\SYSTEM32\UMPDC.dll
0x00007ff8eccf0000 - 0x00007ff8ecd0a000 	C:\WINDOWS\SYSTEM32\kernel.appcore.dll
0x00007ff8c3750000 - 0x00007ff8c375a000 	c:\Users\admin\.cursor\extensions\redhat.java-1.42.0-win32-x64\jre\21.0.7-win32-x86_64\bin\jimage.dll
0x00007ff89bae0000 - 0x00007ff89bd21000 	C:\WINDOWS\SYSTEM32\DBGHELP.DLL
0x00007ff8eef90000 - 0x00007ff8ef314000 	C:\WINDOWS\System32\combase.dll
0x00007ff8f0050000 - 0x00007ff8f0130000 	C:\WINDOWS\System32\OLEAUT32.dll
0x00007ff8d7240000 - 0x00007ff8d7279000 	C:\WINDOWS\SYSTEM32\dbgcore.DLL
0x00007ff8edf30000 - 0x00007ff8edfc9000 	C:\WINDOWS\System32\bcryptPrimitives.dll
0x00007ff8c24d0000 - 0x00007ff8c24df000 	c:\Users\admin\.cursor\extensions\redhat.java-1.42.0-win32-x64\jre\21.0.7-win32-x86_64\bin\instrument.dll
0x00007ff8abd80000 - 0x00007ff8abd9f000 	c:\Users\admin\.cursor\extensions\redhat.java-1.42.0-win32-x64\jre\21.0.7-win32-x86_64\bin\java.dll
0x00007ff8ef430000 - 0x00007ff8efb5d000 	C:\WINDOWS\System32\SHELL32.dll
0x00007ff8ee150000 - 0x00007ff8ee2c4000 	C:\WINDOWS\System32\wintypes.dll
0x00007ff8ebbe0000 - 0x00007ff8ec436000 	C:\WINDOWS\SYSTEM32\windows.storage.dll
0x00007ff8eedc0000 - 0x00007ff8eeeaf000 	C:\WINDOWS\System32\SHCORE.dll
0x00007ff8ef3c0000 - 0x00007ff8ef429000 	C:\WINDOWS\System32\shlwapi.dll
0x00007ff8ede10000 - 0x00007ff8ede3f000 	C:\WINDOWS\SYSTEM32\profapi.dll
0x00007ff8abcd0000 - 0x00007ff8abce8000 	c:\Users\admin\.cursor\extensions\redhat.java-1.42.0-win32-x64\jre\21.0.7-win32-x86_64\bin\zip.dll
0x00007ff8c08e0000 - 0x00007ff8c08f0000 	C:\Users\admin\.cursor\extensions\redhat.java-1.42.0-win32-x64\jre\21.0.7-win32-x86_64\bin\net.dll
0x00007ff8e8a60000 - 0x00007ff8e8b7e000 	C:\WINDOWS\SYSTEM32\WINHTTP.dll
0x0000000180000000 - 0x000000018008c000 	C:\WINDOWS\system32\ASProxy64.dll
0x00007ff8efc80000 - 0x00007ff8efe1f000 	C:\WINDOWS\System32\ole32.dll
0x00007ff8ed260000 - 0x00007ff8ed2ca000 	C:\WINDOWS\SYSTEM32\MSWSOCK.dll
0x00007ff8ec730000 - 0x00007ff8ec763000 	C:\WINDOWS\SYSTEM32\IPHLPAPI.DLL
0x00007ff8ecf90000 - 0x00007ff8ecfd8000 	C:\WINDOWS\SYSTEM32\SspiCli.dll
0x00007ff8abcb0000 - 0x00007ff8abcc6000 	C:\Users\admin\.cursor\extensions\redhat.java-1.42.0-win32-x64\jre\21.0.7-win32-x86_64\bin\nio.dll
0x00007ff8eb200000 - 0x00007ff8eb2af000 	C:\WINDOWS\system32\uxtheme.dll
0x00007ff8be1c0000 - 0x00007ff8be1d0000 	c:\Users\admin\.cursor\extensions\redhat.java-1.42.0-win32-x64\jre\21.0.7-win32-x86_64\bin\verify.dll
0x00007ff851610000 - 0x00007ff851655000 	C:\Users\admin\AppData\Roaming\Cursor\User\globalStorage\redhat.java\1.42.0\config_win\org.eclipse.equinox.launcher\org.eclipse.equinox.launcher.win32.win32.x86_64_1.2.1300.v20250331-1702\eclipse_11911.dll
0x00007ff8ed510000 - 0x00007ff8ed52c000 	C:\WINDOWS\SYSTEM32\CRYPTSP.dll
0x00007ff8ecc50000 - 0x00007ff8ecc8a000 	C:\WINDOWS\system32\rsaenh.dll
0x00007ff8ed300000 - 0x00007ff8ed32b000 	C:\WINDOWS\SYSTEM32\USERENV.dll
0x00007ff8ede50000 - 0x00007ff8ede76000 	C:\WINDOWS\SYSTEM32\bcrypt.dll
0x00007ff8ed500000 - 0x00007ff8ed50c000 	C:\WINDOWS\SYSTEM32\CRYPTBASE.dll
0x00007ff8eedb0000 - 0x00007ff8eedba000 	C:\WINDOWS\System32\NSI.dll
0x00007ff8be690000 - 0x00007ff8be69a000 	C:\Users\admin\.cursor\extensions\redhat.java-1.42.0-win32-x64\jre\21.0.7-win32-x86_64\bin\management.dll
0x00007ff8bc440000 - 0x00007ff8bc44b000 	C:\Users\admin\.cursor\extensions\redhat.java-1.42.0-win32-x64\jre\21.0.7-win32-x86_64\bin\management_ext.dll
0x00007ff8f0040000 - 0x00007ff8f0048000 	C:\WINDOWS\System32\PSAPI.DLL
0x00007ff8562e0000 - 0x00007ff856329000 	C:\Users\admin\AppData\Local\Temp\jna-92668751\jna5644868801854216986.dll
0x00007ff8e86b0000 - 0x00007ff8e86cf000 	C:\WINDOWS\SYSTEM32\dhcpcsvc6.DLL
0x00007ff8e7810000 - 0x00007ff8e7835000 	C:\WINDOWS\SYSTEM32\dhcpcsvc.DLL
0x00007ff8b9bc0000 - 0x00007ff8b9bce000 	C:\Users\admin\.cursor\extensions\redhat.java-1.42.0-win32-x64\jre\21.0.7-win32-x86_64\bin\sunmscapi.dll
0x00007ff8ee7e0000 - 0x00007ff8ee957000 	C:\WINDOWS\System32\CRYPT32.dll
0x00007ff8ed710000 - 0x00007ff8ed740000 	C:\WINDOWS\SYSTEM32\ncrypt.dll
0x00007ff8ed6c0000 - 0x00007ff8ed6ff000 	C:\WINDOWS\SYSTEM32\NTASN1.dll
0x00007ff8ec770000 - 0x00007ff8ec897000 	C:\WINDOWS\SYSTEM32\DNSAPI.dll
0x00007ff8e7840000 - 0x00007ff8e784b000 	C:\Windows\System32\rasadhlp.dll
0x00007ff8e6760000 - 0x00007ff8e67e6000 	C:\WINDOWS\System32\fwpuclnt.dll
0x00007ff8b8120000 - 0x00007ff8b8129000 	C:\Users\admin\.cursor\extensions\redhat.java-1.42.0-win32-x64\jre\21.0.7-win32-x86_64\bin\extnet.dll
0x00007ff8c6180000 - 0x00007ff8c61a7000 	C:\Users\admin\.gradle\native\1def1411415f61bf3af743bc5b6707747c0891f09f0c88961ee8f79bc544acac\windows-amd64\native-platform.dll
0x00007ff8e8da0000 - 0x00007ff8e8e3e000 	C:\WINDOWS\system32\apphelp.dll
0x00007ff8abb70000 - 0x00007ff8abb78000 	C:\WINDOWS\system32\wshunix.dll

dbghelp: loaded successfully - version: 4.0.5 - missing functions: none
symbol engine: initialized successfully - sym options: 0x614 - pdb path: .;c:\Users\admin\.cursor\extensions\redhat.java-1.42.0-win32-x64\jre\21.0.7-win32-x86_64\bin;C:\WINDOWS\SYSTEM32;C:\WINDOWS\WinSxS\amd64_microsoft.windows.common-controls_6595b64144ccf1df_6.0.26100.3912_none_3e07963ce335137e;c:\Users\admin\.cursor\extensions\redhat.java-1.42.0-win32-x64\jre\21.0.7-win32-x86_64\bin\server;C:\Users\admin\AppData\Roaming\Cursor\User\globalStorage\redhat.java\1.42.0\config_win\org.eclipse.equinox.launcher\org.eclipse.equinox.launcher.win32.win32.x86_64_1.2.1300.v20250331-1702;C:\Users\admin\AppData\Local\Temp\jna-92668751;C:\Users\admin\.gradle\native\1def1411415f61bf3af743bc5b6707747c0891f09f0c88961ee8f79bc544acac\windows-amd64

VM Arguments:
jvm_args: --add-modules=ALL-SYSTEM --add-opens=java.base/java.util=ALL-UNNAMED --add-opens=java.base/java.lang=ALL-UNNAMED --add-opens=java.base/sun.nio.fs=ALL-UNNAMED -Declipse.application=org.eclipse.jdt.ls.core.id1 -Dosgi.bundles.defaultStartLevel=4 -Declipse.product=org.eclipse.jdt.ls.core.product -Djava.import.generatesMetadataFilesAtProjectRoot=false -DDetectVMInstallationsJob.disabled=true -Dfile.encoding=utf8 -XX:+UseParallelGC -XX:GCTimeRatio=4 -XX:AdaptiveSizePolicyWeight=90 -Dsun.zip.disableMemoryMapping=true -Xmx1G -Xms100m -Xlog:disable -javaagent:c:\Users\admin\.cursor\extensions\redhat.java-1.42.0-win32-x64\lombok\lombok-1.18.36.jar -XX:+HeapDumpOnOutOfMemoryError -XX:HeapDumpPath=c:\Users\admin\AppData\Roaming\Cursor\User\workspaceStorage\0426a641ec518546e312a5bf184515bb\redhat.java -Daether.dependencyCollector.impl=bf 
java_command: c:\Users\admin\.cursor\extensions\redhat.java-1.42.0-win32-x64\server\plugins\org.eclipse.equinox.launcher_1.7.0.v20250424-1814.jar -configuration c:\Users\admin\AppData\Roaming\Cursor\User\globalStorage\redhat.java\1.42.0\config_win -data c:\Users\admin\AppData\Roaming\Cursor\User\workspaceStorage\0426a641ec518546e312a5bf184515bb\redhat.java\jdt_ws --pipe=\\.\pipe\lsp-82ae5c3cfe97d5a3e8f2ec06930cd096-sock
java_class_path (initial): c:\Users\admin\.cursor\extensions\redhat.java-1.42.0-win32-x64\server\plugins\org.eclipse.equinox.launcher_1.7.0.v20250424-1814.jar
Launcher Type: SUN_STANDARD

[Global flags]
    uintx AdaptiveSizePolicyWeight                 = 90                                        {product} {command line}
     intx CICompilerCount                          = 12                                        {product} {ergonomic}
    uintx GCTimeRatio                              = 4                                         {product} {command line}
     bool HeapDumpOnOutOfMemoryError               = true                                   {manageable} {command line}
    ccstr HeapDumpPath                             = c:\Users\admin\AppData\Roaming\Cursor\User\workspaceStorage\0426a641ec518546e312a5bf184515bb\redhat.java         {manageable} {command line}
   size_t InitialHeapSize                          = 104857600                                 {product} {command line}
   size_t MaxHeapSize                              = 1073741824                                {product} {command line}
   size_t MaxNewSize                               = 357564416                                 {product} {ergonomic}
   size_t MinHeapDeltaBytes                        = 524288                                    {product} {ergonomic}
   size_t MinHeapSize                              = 104857600                                 {product} {command line}
   size_t NewSize                                  = 34603008                                  {product} {ergonomic}
    uintx NonNMethodCodeHeapSize                   = 7602480                                {pd product} {ergonomic}
    uintx NonProfiledCodeHeapSize                  = 122027880                              {pd product} {ergonomic}
   size_t OldSize                                  = 70254592                                  {product} {ergonomic}
    uintx ProfiledCodeHeapSize                     = 122027880                              {pd product} {ergonomic}
    uintx ReservedCodeCacheSize                    = 251658240                              {pd product} {ergonomic}
     bool SegmentedCodeCache                       = true                                      {product} {ergonomic}
   size_t SoftMaxHeapSize                          = 1073741824                             {manageable} {ergonomic}
     bool UseCompressedOops                        = true                           {product lp64_product} {ergonomic}
     bool UseLargePagesIndividualAllocation        = false                                  {pd product} {ergonomic}
     bool UseParallelGC                            = true                                      {product} {command line}

Logging:
Log output configuration:
 #0: stdout all=off uptime,level,tags foldmultilines=false
 #1: stderr all=off uptime,level,tags foldmultilines=false

Environment Variables:
JAVA_HOME=C:\Program Files\OpenLogic\jdk-17.0.15.6-hotspot
PATH=C:\Program Files\Common Files\Oracle\Java\javapath;C:\Program Files\OpenLogic\jdk-17.0.15.6-hotspot\bin;C:\WINDOWS\system32;C:\WINDOWS;C:\WINDOWS\System32\Wbem;C:\WINDOWS\System32\WindowsPowerShell\v1.0\;C:\WINDOWS\System32\OpenSSH\;C:\Program Files\dotnet\;C:\Program Files\Microsoft SQL Server\130\Tools\Binn\;C:\Program Files\Git\cmd;C:\Users\admin\AppData\Roaming\nvm;C:\Program Files\nodejs;C:\Program Files\Microsoft SQL Server\150\Tools\Binn\;C:\Users\admin\AppData\Local\Microsoft\WindowsApps;C:\Users\admin\AppData\Roaming\npm;C:\Users\admin\AppData\Local\Programs\Microsoft VS Code\bin;C:\Users\admin\AppData\Roaming\nvm;C:\Program Files\nodejs;C:\Users\admin\AppData\Local\Android\Sdk\platform-tools;C:\Users\admin\AppData\Local\Programs\cursor\resources\app\bin;C:\;C:\Users\admin\.dotnet\tools
USERNAME=admin
OS=Windows_NT
PROCESSOR_IDENTIFIER=Intel64 Family 6 Model 165 Stepping 5, GenuineIntel
TMP=C:\Users\admin\AppData\Local\Temp
TEMP=C:\Users\admin\AppData\Local\Temp




Periodic native trim disabled

---------------  S Y S T E M  ---------------

OS:
 Windows 11 , 64 bit Build 26100 (10.0.26100.3912)
OS uptime: 0 days 0:25 hours

CPU: total 16 (initial active 16) (8 cores per cpu, 2 threads per core) family 6 model 165 stepping 5 microcode 0xec, cx8, cmov, fxsr, ht, mmx, 3dnowpref, sse, sse2, sse3, ssse3, sse4.1, sse4.2, popcnt, lzcnt, tsc, tscinvbit, avx, avx2, aes, erms, clmul, bmi1, bmi2, adx, fma, vzeroupper, clflush, clflushopt, rdtscp, f16c, pku
Processor Information for processor 0
  Max Mhz: 2901, Current Mhz: 1800, Mhz Limit: 2901
Processor Information for processor 1
  Max Mhz: 2901, Current Mhz: 1800, Mhz Limit: 2901
Processor Information for processor 2
  Max Mhz: 2901, Current Mhz: 2901, Mhz Limit: 2901
Processor Information for processor 3
  Max Mhz: 2901, Current Mhz: 2901, Mhz Limit: 2901
Processor Information for processor 4
  Max Mhz: 2901, Current Mhz: 1800, Mhz Limit: 2901
Processor Information for processor 5
  Max Mhz: 2901, Current Mhz: 1800, Mhz Limit: 2901
Processor Information for processor 6
  Max Mhz: 2901, Current Mhz: 1800, Mhz Limit: 2901
Processor Information for processor 7
  Max Mhz: 2901, Current Mhz: 1800, Mhz Limit: 2901
Processor Information for processor 8
  Max Mhz: 2901, Current Mhz: 1800, Mhz Limit: 2901
Processor Information for processor 9
  Max Mhz: 2901, Current Mhz: 2901, Mhz Limit: 2901
Processor Information for processor 10
  Max Mhz: 2901, Current Mhz: 1800, Mhz Limit: 2901
Processor Information for processor 11
  Max Mhz: 2901, Current Mhz: 1800, Mhz Limit: 2901
Processor Information for processor 12
  Max Mhz: 2901, Current Mhz: 1800, Mhz Limit: 2901
Processor Information for processor 13
  Max Mhz: 2901, Current Mhz: 1800, Mhz Limit: 2901
Processor Information for processor 14
  Max Mhz: 2901, Current Mhz: 1800, Mhz Limit: 2901
Processor Information for processor 15
  Max Mhz: 2901, Current Mhz: 1800, Mhz Limit: 2901

Memory: 4k page, system-wide physical 16096M (8039M free)
TotalPageFile size 34528M (AvailPageFile size 25516M)
current process WorkingSet (physical memory assigned to process): 263M, peak: 305M
current process commit charge ("private bytes"): 344M, peak: 383M

vm_info: OpenJDK 64-Bit Server VM (21.0.7+6-LTS) for windows-amd64 JRE (21.0.7+6-LTS), built on 2025-04-15T00:00:00Z by "admin" with MS VC++ 17.7 (VS2022)

END.
