#
# A fatal error has been detected by the Java Runtime Environment:
#
#  EXCEPTION_ACCESS_VIOLATION (0xc0000005) at pc=0x000000018000c274, pid=33400, tid=20592
#
# JRE version: OpenJDK Runtime Environment Temurin-21.0.7+6 (21.0.7+6) (build 21.0.7+6-LTS)
# Java VM: OpenJDK 64-Bit Server VM Temurin-21.0.7+6 (21.0.7+6-LTS, mixed mode, sharing, tiered, compressed oops, compressed class ptrs, parallel gc, windows-amd64)
# Problematic frame:
# C  [ASProxy64.dll+0xc274]
#
# No core dump will be written. Minidumps are not enabled by default on client versions of Windows
#
# If you would like to submit a bug report, please visit:
#   https://github.com/adoptium/adoptium-support/issues
# The crash happened outside the Java Virtual Machine in native code.
# See problematic frame for where to report the bug.
#

---------------  S U M M A R Y ------------

Command Line: --add-modules=ALL-SYSTEM --add-opens=java.base/java.util=ALL-UNNAMED --add-opens=java.base/java.lang=ALL-UNNAMED --add-opens=java.base/sun.nio.fs=ALL-UNNAMED -Declipse.application=org.eclipse.jdt.ls.core.id1 -Dosgi.bundles.defaultStartLevel=4 -Declipse.product=org.eclipse.jdt.ls.core.product -Djava.import.generatesMetadataFilesAtProjectRoot=false -DDetectVMInstallationsJob.disabled=true -Dfile.encoding=utf8 -XX:+UseParallelGC -XX:GCTimeRatio=4 -XX:AdaptiveSizePolicyWeight=90 -Dsun.zip.disableMemoryMapping=true -Xmx1G -Xms100m -Xlog:disable -javaagent:c:\Users\admin\.cursor\extensions\redhat.java-1.42.0-win32-x64\lombok\lombok-1.18.36.jar -XX:+HeapDumpOnOutOfMemoryError -XX:HeapDumpPath=c:\Users\admin\AppData\Roaming\Cursor\User\workspaceStorage\0426a641ec518546e312a5bf184515bb\redhat.java -Daether.dependencyCollector.impl=bf c:\Users\admin\.cursor\extensions\redhat.java-1.42.0-win32-x64\server\plugins\org.eclipse.equinox.launcher_1.7.0.v20250424-1814.jar -configuration c:\Users\admin\AppData\Roaming\Cursor\User\globalStorage\redhat.java\1.42.0\config_win -data c:\Users\admin\AppData\Roaming\Cursor\User\workspaceStorage\0426a641ec518546e312a5bf184515bb\redhat.java\jdt_ws --pipe=\\.\pipe\lsp-288ead10e7687e1955b3c77ec1e2e43d-sock

Host: Intel(R) Core(TM) i7-10700 CPU @ 2.90GHz, 16 cores, 15G,  Windows 11 , 64 bit Build 26100 (10.0.26100.3912)
Time: Mon May 19 00:04:58 2025 Eastern Daylight Time elapsed time: 8.548102 seconds (0d 0h 0m 8s)

---------------  T H R E A D  ---------------

Current thread (0x000001d3016da2f0):  JavaThread "Connection worker"        [_thread_in_native, id=20592, stack(0x00000018a1640000,0x00000018a1740000) (1024K)]

Stack: [0x00000018a1640000,0x00000018a1740000],  sp=0x00000018a173e300,  free space=1016k
Native frames: (J=compiled Java code, j=interpreted, Vv=VM code, C=native code)
C  [ASProxy64.dll+0xc274]

Java frames: (J=compiled Java code, j=interpreted, Vv=VM code)
j  sun.nio.ch.WEPoll.ctl(JIJI)I+0 java.base@21.0.7
j  sun.nio.ch.WEPollSelectorImpl.<init>(Ljava/nio/channels/spi/SelectorProvider;)V+139 java.base@21.0.7
j  sun.nio.ch.WEPollSelectorProvider.openSelector()Ljava/nio/channels/spi/AbstractSelector;+5 java.base@21.0.7
j  java.nio.channels.Selector.open()Ljava/nio/channels/Selector;+3 java.base@21.0.7
j  org.gradle.internal.remote.internal.inet.SocketConnection$SocketInputStream.<init>(Ljava/nio/channels/SocketChannel;)V+17
j  org.gradle.internal.remote.internal.inet.SocketConnection.<init>(Ljava/nio/channels/SocketChannel;Lorg/gradle/internal/remote/internal/MessageSerializer;Lorg/gradle/internal/serialize/StatefulSerializer;)V+27
j  org.gradle.internal.remote.internal.inet.SocketConnectCompletion.create(Lorg/gradle/internal/serialize/StatefulSerializer;)Lorg/gradle/internal/remote/internal/RemoteConnection;+16
j  org.gradle.launcher.daemon.client.DefaultDaemonConnector.connectToDaemon(Lorg/gradle/launcher/daemon/context/DaemonConnectDetails;Lorg/gradle/launcher/daemon/client/DaemonClientConnection$StaleAddressDetector;)Lorg/gradle/launcher/daemon/client/DaemonClientConnection;+45
j  org.gradle.launcher.daemon.client.DefaultDaemonConnector.connectToDaemonWithId(Lorg/gradle/launcher/daemon/diagnostics/DaemonStartupInfo;Lorg/gradle/api/internal/specs/ExplainingSpec;)Lorg/gradle/launcher/daemon/client/DaemonClientConnection;+116
j  org.gradle.launcher.daemon.client.DefaultDaemonConnector.doStartDaemon(Lorg/gradle/api/internal/specs/ExplainingSpec;Z)Lorg/gradle/launcher/daemon/client/DaemonClientConnection;+61
j  org.gradle.launcher.daemon.client.DefaultDaemonConnector.startDaemon(Lorg/gradle/api/internal/specs/ExplainingSpec;)Lorg/gradle/launcher/daemon/client/DaemonClientConnection;+3
j  org.gradle.launcher.daemon.client.DaemonClient.execute(Lorg/gradle/internal/invocation/BuildAction;Lorg/gradle/launcher/exec/BuildActionParameters;Lorg/gradle/internal/daemon/client/execution/ClientBuildRequestContext;)Lorg/gradle/launcher/exec/BuildActionResult;+201
j  org.gradle.launcher.daemon.client.DaemonClient.execute(Lorg/gradle/internal/invocation/BuildAction;Ljava/lang/Object;Ljava/lang/Object;)Lorg/gradle/launcher/exec/BuildActionResult;+10
j  org.gradle.tooling.internal.provider.DaemonBuildActionExecuter.execute(Lorg/gradle/internal/invocation/BuildAction;Lorg/gradle/tooling/internal/provider/ConnectionOperationParameters;Lorg/gradle/internal/daemon/client/execution/ClientBuildRequestContext;)Lorg/gradle/launcher/exec/BuildActionResult;+72
j  org.gradle.tooling.internal.provider.DaemonBuildActionExecuter.execute(Lorg/gradle/internal/invocation/BuildAction;Ljava/lang/Object;Ljava/lang/Object;)Lorg/gradle/launcher/exec/BuildActionResult;+10
j  org.gradle.tooling.internal.provider.LoggingBridgingBuildActionExecuter.execute(Lorg/gradle/internal/invocation/BuildAction;Lorg/gradle/tooling/internal/provider/ConnectionOperationParameters;Lorg/gradle/internal/daemon/client/execution/ClientBuildRequestContext;)Lorg/gradle/launcher/exec/BuildActionResult;+77
j  org.gradle.tooling.internal.provider.LoggingBridgingBuildActionExecuter.execute(Lorg/gradle/internal/invocation/BuildAction;Ljava/lang/Object;Ljava/lang/Object;)Lorg/gradle/launcher/exec/BuildActionResult;+10
j  org.gradle.tooling.internal.provider.ProviderConnection.run(Lorg/gradle/internal/invocation/BuildAction;Lorg/gradle/initialization/BuildCancellationToken;Lorg/gradle/tooling/internal/provider/ProviderConnection$ProgressListenerConfiguration;Lorg/gradle/initialization/BuildEventConsumer;Lorg/gradle/tooling/internal/provider/connection/ProviderOperationParameters;Lorg/gradle/tooling/internal/provider/ProviderConnection$Parameters;)Ljava/lang/Object;+79
j  org.gradle.tooling.internal.provider.ProviderConnection.runPhasedAction(Lorg/gradle/tooling/internal/protocol/InternalPhasedAction;Lorg/gradle/tooling/internal/protocol/PhasedActionResultListener;Lorg/gradle/initialization/BuildCancellationToken;Lorg/gradle/tooling/internal/provider/connection/ProviderOperationParameters;)Ljava/lang/Object;+132
j  org.gradle.tooling.internal.provider.DefaultConnection.run(Lorg/gradle/tooling/internal/protocol/InternalPhasedAction;Lorg/gradle/tooling/internal/protocol/PhasedActionResultListener;Lorg/gradle/tooling/internal/protocol/InternalCancellationToken;Lorg/gradle/tooling/internal/protocol/BuildParameters;)Lorg/gradle/tooling/internal/protocol/BuildResult;+28
j  org.gradle.tooling.internal.consumer.connection.PhasedActionAwareConsumerConnection.run(Lorg/gradle/tooling/internal/consumer/PhasedBuildAction;Lorg/gradle/tooling/internal/consumer/parameters/ConsumerOperationParameters;)V+66
j  org.gradle.tooling.internal.consumer.connection.ParameterValidatingConsumerConnection.run(Lorg/gradle/tooling/internal/consumer/PhasedBuildAction;Lorg/gradle/tooling/internal/consumer/parameters/ConsumerOperationParameters;)V+11
j  org.gradle.tooling.internal.consumer.DefaultPhasedBuildActionExecuter$1.run(Lorg/gradle/tooling/internal/consumer/connection/ConsumerConnection;)Ljava/lang/Void;+12
j  org.gradle.tooling.internal.consumer.DefaultPhasedBuildActionExecuter$1.run(Lorg/gradle/tooling/internal/consumer/connection/ConsumerConnection;)Ljava/lang/Object;+2
j  org.gradle.tooling.internal.consumer.connection.LazyConsumerActionExecutor.run(Lorg/gradle/tooling/internal/consumer/connection/ConsumerAction;)Ljava/lang/Object;+34
j  org.gradle.tooling.internal.consumer.connection.CancellableConsumerActionExecutor.run(Lorg/gradle/tooling/internal/consumer/connection/ConsumerAction;)Ljava/lang/Object;+34
j  org.gradle.tooling.internal.consumer.connection.ProgressLoggingConsumerActionExecutor.run(Lorg/gradle/tooling/internal/consumer/connection/ConsumerAction;)Ljava/lang/Object;+78
j  org.gradle.tooling.internal.consumer.connection.RethrowingErrorsConsumerActionExecutor.run(Lorg/gradle/tooling/internal/consumer/connection/ConsumerAction;)Ljava/lang/Object;+5
j  org.gradle.tooling.internal.consumer.async.DefaultAsyncConsumerActionExecutor$1$1.run()V+17
j  org.gradle.internal.concurrent.ExecutorPolicy$CatchAndRecordFailures.onExecute(Ljava/lang/Runnable;)V+1
j  org.gradle.internal.concurrent.AbstractManagedExecutor$1.run()V+25
j  java.util.concurrent.ThreadPoolExecutor.runWorker(Ljava/util/concurrent/ThreadPoolExecutor$Worker;)V+92 java.base@21.0.7
j  java.util.concurrent.ThreadPoolExecutor$Worker.run()V+5 java.base@21.0.7
j  java.lang.Thread.runWith(Ljava/lang/Object;Ljava/lang/Runnable;)V+5 java.base@21.0.7
j  java.lang.Thread.run()V+19 java.base@21.0.7
v  ~StubRoutines::call_stub 0x000001d3269c100d

siginfo: EXCEPTION_ACCESS_VIOLATION (0xc0000005), reading address 0x00000000000012c8


Registers:
RAX=0x0000000000000000, RBX=0x000001d37decadc8, RCX=0x00000000000012bc, RDX=0x0000000000000002
RSP=0x00000018a173e300, RBP=0x00000000000012c8, RSI=0x000001d37e4ed4c0, RDI=0x00000000000012c8
R8 =0x7ffffffffffffffc, R9 =0x0000000000000000, R10=0x00000000000012bc, R11=0x000001d31c37c1d8
R12=0x00000018a173e540, R13=0x0000000000001320, R14=0x000001d37e4ed490, R15=0x0000000000001320
RIP=0x000000018000c274, EFLAGS=0x0000000000010246

XMM[0]=0x0000000000000000 0x0000000000000000
XMM[1]=0x0000000000000000 0x0000000000000000
XMM[2]=0x0000000000000000 0x0000000000000000
XMM[3]=0x0000000000000000 0x0000000000000000
XMM[4]=0x0000000000000000 0x0000000000000000
XMM[5]=0x0000000000000000 0x0000000000000000
XMM[6]=0x0a8760b96f6ac91a 0x94ef5ac6c9ea2017
XMM[7]=0x0c702fcc5f71c2dc 0xfc3e98d1572635c2
XMM[8]=0x0000000000000000 0x5c4905cb3db5a0ea
XMM[9]=0xd2e1a8be1e6b66d3 0xa08f05bce7e535bc
XMM[10]=0xffffffffffffffff 0x0b0a090803020100
XMM[11]=0x9f4dce3edc4ca8fa 0x0000000000000000
XMM[12]=0x0b0a090803020100 0xffffffffffffffff
XMM[13]=0x0c0d0e0f08090a0b 0x0405060700010203
XMM[14]=0x0000000000000000 0x6c9c4e785cd1fc34
XMM[15]=0x0000000000000000 0x00000000f035adbc
  MXCSR=0x00001fa0


Register to memory mapping:

RAX=0x0 is null
RBX=0x000001d37decadc8 points into unknown readable memory: 0x0000000000000000 | 00 00 00 00 00 00 00 00
RCX=0x00000000000012bc is an unknown value
RDX=0x0000000000000002 is an unknown value
RSP=0x00000018a173e300 is pointing into the stack for thread: 0x000001d3016da2f0
RBP=0x00000000000012c8 is an unknown value
RSI=0x000001d37e4ed4c0 points into unknown readable memory: 0x000001d37e4ed4c0 | c0 d4 4e 7e d3 01 00 00
RDI=0x00000000000012c8 is an unknown value
R8 =0x7ffffffffffffffc is an unknown value
R9 =0x0 is null
R10=0x00000000000012bc is an unknown value
R11=0x000001d31c37c1d8 points into unknown readable memory: 0x00000000000007d0 | d0 07 00 00 00 00 00 00
R12=0x00000018a173e540 is pointing into the stack for thread: 0x000001d3016da2f0
R13=0x0000000000001320 is an unknown value
R14=0x000001d37e4ed490 points into unknown readable memory: 0x00000000000012c8 | c8 12 00 00 00 00 00 00
R15=0x0000000000001320 is an unknown value

Top of Stack: (sp=0x00000018a173e300)
0x00000018a173e300:   0000000000000000 0000000000000000
0x00000018a173e310:   00000000000012c8 000000018001f4c2
0x00000018a173e320:   0000000180065ec8 0000000000002736
0x00000018a173e330:   0000000000000001 00000000000012bc
0x00000018a173e340:   00000000000012c8 000000018000c506
0x00000018a173e350:   000001d37decadc8 0000000000002736
0x00000018a173e360:   0000000000000000 000001d300000008
0x00000018a173e370:   000000180000001e 0000000000000000
0x00000018a173e380:   00000000000012c8 0000000000000000
0x00000018a173e390:   0000000000000001 0000000000000000
0x00000018a173e3a0:   00000000000012c8 00007ff8cd9877e6
0x00000018a173e3b0:   00000000000012bc 0000000000001202
0x00000018a173e3c0:   000001d37e4ed4c0 00000018a173e510
0x00000018a173e3d0:   0000000000000000 000001d300000000
0x00000018a173e3e0:   0000000000000003 000001d300000001
0x00000018a173e3f0:   0000000000000000 0000000000000000
0x00000018a173e400:   00007ff800000000 00007ff8edfe0139
0x00000018a173e410:   00000000000012bc 0000000000000000
0x00000018a173e420:   0000000000000000 000091c2d48811d0
0x00000018a173e430:   000001d37decadb0 00007ff8cd9882af
0x00000018a173e440:   0000000000000028 00007ff870212cac
0x00000018a173e450:   000001d37decadb8 000001d31c3a49c0
0x00000018a173e460:   000001d37e4ed490 00007ff8cd988359
0x00000018a173e470:   000001d37e4ed4c0 00000018a173e540
0x00000018a173e480:   000001d37e4ed4c0 000001d37e4ed490
0x00000018a173e490:   000001d3016da2f0 00000018a173e540
0x00000018a173e4a0:   000001d3785ec498 0000000000000000
0x00000018a173e4b0:   000001d37e4ed490 00007ff8cd988787
0x00000018a173e4c0:   0000000000000000 00000018a173e540
0x00000018a173e4d0:   0000000000001320 000001d3016da2f0
0x00000018a173e4e0:   0000000000000001 00007ff8cd987a75
0x00000018a173e4f0:   00000000000012c8 00000018a173e540 

Instructions: (pc=0x000000018000c274)
0x000000018000c174:   70 48 8b 6c 24 78 32 c0 48 83 c4 50 41 5c c3 cc
0x000000018000c184:   cc cc cc cc cc cc cc cc cc cc cc cc 48 85 c9 74
0x000000018000c194:   23 8b 05 ad ff 06 00 89 01 8b 05 a9 ff 06 00 89
0x000000018000c1a4:   41 04 8b 05 a4 ff 06 00 89 41 08 8b 05 9f ff 06
0x000000018000c1b4:   00 89 41 0c f3 c3 cc cc cc cc cc cc c6 01 01 c7
0x000000018000c1c4:   02 01 00 00 00 c3 cc cc cc cc cc cc 48 89 5c 24
0x000000018000c1d4:   08 57 48 83 ec 70 48 8b fa 8b d9 48 8d 15 82 73
0x000000018000c1e4:   05 00 48 8d 4c 24 20 45 33 c0 48 c7 44 24 40 0f
0x000000018000c1f4:   00 00 00 48 c7 44 24 38 00 00 00 00 c6 44 24 28
0x000000018000c204:   00 e8 d6 6b ff ff 4c 8d 4c 24 20 48 8d 4c 24 48
0x000000018000c214:   41 b0 01 8b d3 e8 52 06 02 00 48 83 78 20 10 72
0x000000018000c224:   06 48 8b 48 08 eb 05 48 8d 48 08 90 0f b6 01 48
0x000000018000c234:   ff c7 48 ff c1 88 47 ff 84 c0 75 f0 48 83 7c 24
0x000000018000c244:   68 10 72 0a 48 8b 4c 24 50 e8 52 94 03 00 48 8b
0x000000018000c254:   9c 24 80 00 00 00 48 83 c4 70 5f c3 48 83 ec 48
0x000000018000c264:   0f b6 c2 0f 57 c0 0f 11 44 24 ff 25 00 00 00 00
0x000000018000c274:   ae 7e ef ee f8 7f 00 00 8b 44 24 04 0f af 04 24
0x000000018000c284:   89 04 24 8b 44 24 04 0f af 04 24 83 c0 01 89 04
0x000000018000c294:   24 8b 44 24 04 0f af 04 24 83 c0 02 89 04 24 8b
0x000000018000c2a4:   44 24 04 0f af 04 24 83 c0 03 89 04 24 8b 44 24
0x000000018000c2b4:   04 0f af 04 24 83 c0 04 89 04 24 8b 44 24 04 0f
0x000000018000c2c4:   af 04 24 83 c0 05 89 04 24 8b 44 24 04 0f af 04
0x000000018000c2d4:   24 83 c0 06 89 04 24 8b 44 24 04 0f af 04 24 83
0x000000018000c2e4:   c0 07 89 04 24 8b 44 24 04 0f af 04 24 83 c0 08
0x000000018000c2f4:   89 04 24 8b 44 24 04 0f af 04 24 83 c0 09 89 04
0x000000018000c304:   24 8b 44 24 04 0f af 04 24 83 c0 0a 89 04 24 8b
0x000000018000c314:   44 24 04 0f af 04 24 83 c0 0b 89 04 24 8b 44 24
0x000000018000c324:   04 0f af 04 24 83 c0 0d 89 04 24 8b 44 24 04 0f
0x000000018000c334:   af 04 24 83 c0 0e 89 04 24 8b 44 24 04 0f af 04
0x000000018000c344:   24 83 c0 0f 89 04 24 8b 44 24 04 0f af 04 24 83
0x000000018000c354:   c0 10 89 04 24 8b 44 24 04 0f af 04 24 83 c0 11
0x000000018000c364:   89 04 24 8b 44 24 04 0f af 04 24 83 c0 12 89 04 


Stack slot to memory mapping:

stack at sp + 0 slots: 0x0 is null
stack at sp + 1 slots: 0x0 is null
stack at sp + 2 slots: 0x00000000000012c8 is an unknown value
stack at sp + 3 slots: 0x000000018001f4c2 ASProxy64.dll
stack at sp + 4 slots: 0x0000000180065ec8 ASProxy64.dll
stack at sp + 5 slots: 0x0000000000002736 is an unknown value
stack at sp + 6 slots: 0x0000000000000001 is an unknown value
stack at sp + 7 slots: 0x00000000000012bc is an unknown value


---------------  P R O C E S S  ---------------

Threads class SMR info:
_java_thread_list=0x000001d37b4d7cf0, length=59, elements={
0x000001d31c381240, 0x000001d31c425390, 0x000001d33076e700, 0x000001d31c429540,
0x000001d31c42a190, 0x000001d31c42d230, 0x000001d31c435a40, 0x000001d31c43e780,
0x000001d372c43de0, 0x000001d31c4325c0, 0x000001d372d60d90, 0x000001d31c432c50,
0x000001d31c433970, 0x000001d31c4332e0, 0x000001d31c434690, 0x000001d31c434d20,
0x000001d31c4353b0, 0x000001d379edbb30, 0x000001d379edc1c0, 0x000001d379edae10,
0x000001d379ede920, 0x000001d379edb4a0, 0x000001d379edefb0, 0x000001d379edfcd0,
0x000001d379ee0360, 0x000001d379edcee0, 0x000001d379ee09f0, 0x000001d379edd570,
0x000001d379ee1710, 0x000001d379ee1080, 0x000001d379ee1da0, 0x000001d379ee2430,
0x000001d37aefb9a0, 0x000001d37aef9f60, 0x000001d37aefc6c0, 0x000001d37aef98d0,
0x000001d37aef9240, 0x000001d37aefac80, 0x000001d37aefda70, 0x000001d37aefcd50,
0x000001d37aefb310, 0x000001d37aefc030, 0x000001d37aefa5f0, 0x000001d37aefee20,
0x000001d37aeff4b0, 0x000001d37aefd3e0, 0x000001d379ede290, 0x000001d3016d9c60,
0x000001d3016dbd30, 0x000001d3016d8f40, 0x000001d3016da980, 0x000001d3016dca50,
0x000001d3016dd0e0, 0x000001d3016dd770, 0x000001d3016da2f0, 0x000001d3016dde00,
0x000001d3016df840, 0x000001d3016de490, 0x000001d3016deb20
}

Java Threads: ( => current thread )
  0x000001d31c381240 JavaThread "main"                              [_thread_blocked, id=8884, stack(0x000000189b500000,0x000000189b600000) (1024K)]
  0x000001d31c425390 JavaThread "Reference Handler"          daemon [_thread_blocked, id=28464, stack(0x000000189b900000,0x000000189ba00000) (1024K)]
  0x000001d33076e700 JavaThread "Finalizer"                  daemon [_thread_blocked, id=24372, stack(0x000000189ba00000,0x000000189bb00000) (1024K)]
  0x000001d31c429540 JavaThread "Signal Dispatcher"          daemon [_thread_blocked, id=20564, stack(0x000000189bb00000,0x000000189bc00000) (1024K)]
  0x000001d31c42a190 JavaThread "Attach Listener"            daemon [_thread_blocked, id=13472, stack(0x000000189bc00000,0x000000189bd00000) (1024K)]
  0x000001d31c42d230 JavaThread "Service Thread"             daemon [_thread_blocked, id=19572, stack(0x000000189bd00000,0x000000189be00000) (1024K)]
  0x000001d31c435a40 JavaThread "Monitor Deflation Thread"   daemon [_thread_blocked, id=20440, stack(0x000000189be00000,0x000000189bf00000) (1024K)]
  0x000001d31c43e780 JavaThread "C2 CompilerThread0"         daemon [_thread_blocked, id=14168, stack(0x000000189bf00000,0x000000189c000000) (1024K)]
  0x000001d372c43de0 JavaThread "C1 CompilerThread0"         daemon [_thread_blocked, id=8824, stack(0x000000189c000000,0x000000189c100000) (1024K)]
  0x000001d31c4325c0 JavaThread "Common-Cleaner"             daemon [_thread_blocked, id=2292, stack(0x000000189c100000,0x000000189c200000) (1024K)]
  0x000001d372d60d90 JavaThread "C1 CompilerThread1"         daemon [_thread_blocked, id=7576, stack(0x000000189c200000,0x000000189c300000) (1024K)]
  0x000001d31c432c50 JavaThread "Notification Thread"        daemon [_thread_blocked, id=24180, stack(0x000000189d800000,0x000000189d900000) (1024K)]
  0x000001d31c433970 JavaThread "Active Thread: Equinox Container: 91a8e79d-653c-4799-9fe3-2f3ff6eb59f4"        [_thread_blocked, id=19316, stack(0x000000189df40000,0x000000189e040000) (1024K)]
  0x000001d31c4332e0 JavaThread "Refresh Thread: Equinox Container: 91a8e79d-653c-4799-9fe3-2f3ff6eb59f4" daemon [_thread_blocked, id=10948, stack(0x000000189e140000,0x000000189e240000) (1024K)]
  0x000001d31c434690 JavaThread "Framework Event Dispatcher: Equinox Container: 91a8e79d-653c-4799-9fe3-2f3ff6eb59f4" daemon [_thread_blocked, id=19436, stack(0x000000189e240000,0x000000189e340000) (1024K)]
  0x000001d31c434d20 JavaThread "Start Level: Equinox Container: 91a8e79d-653c-4799-9fe3-2f3ff6eb59f4" daemon [_thread_blocked, id=19740, stack(0x000000189e340000,0x000000189e440000) (1024K)]
  0x000001d31c4353b0 JavaThread "Bundle File Closer"         daemon [_thread_blocked, id=27832, stack(0x000000189e740000,0x000000189e840000) (1024K)]
  0x000001d379edbb30 JavaThread "SCR Component Actor"        daemon [_thread_blocked, id=6152, stack(0x000000189e840000,0x000000189e940000) (1024K)]
  0x000001d379edc1c0 JavaThread "Worker-JM"                         [_thread_blocked, id=14288, stack(0x000000189eb40000,0x000000189ec40000) (1024K)]
  0x000001d379edae10 JavaThread "Worker-0"                          [_thread_blocked, id=20196, stack(0x000000189ed40000,0x000000189ee40000) (1024K)]
  0x000001d379ede920 JavaThread "Worker-1"                          [_thread_blocked, id=34228, stack(0x000000189ee40000,0x000000189ef40000) (1024K)]
  0x000001d379edb4a0 JavaThread "Java indexing"              daemon [_thread_blocked, id=9300, stack(0x000000189f040000,0x000000189f140000) (1024K)]
  0x000001d379edefb0 JavaThread "JNA Cleaner"                daemon [_thread_blocked, id=19864, stack(0x000000189d500000,0x000000189d600000) (1024K)]
  0x000001d379edfcd0 JavaThread "Worker-2: Initialize Workspace"        [_thread_blocked, id=34892, stack(0x000000189f340000,0x000000189f440000) (1024K)]
  0x000001d379ee0360 JavaThread "Worker-3"                          [_thread_blocked, id=25604, stack(0x000000189f440000,0x000000189f540000) (1024K)]
  0x000001d379edcee0 JavaThread "Thread-2"                   daemon [_thread_in_native, id=23044, stack(0x000000189f640000,0x000000189f740000) (1024K)]
  0x000001d379ee09f0 JavaThread "Thread-3"                   daemon [_thread_in_native, id=10024, stack(0x000000189f740000,0x000000189f840000) (1024K)]
  0x000001d379edd570 JavaThread "Thread-4"                   daemon [_thread_in_native, id=20988, stack(0x000000189f840000,0x000000189f940000) (1024K)]
  0x000001d379ee1710 JavaThread "Thread-5"                   daemon [_thread_in_native, id=30788, stack(0x000000189f940000,0x000000189fa40000) (1024K)]
  0x000001d379ee1080 JavaThread "Thread-6"                   daemon [_thread_in_native, id=2628, stack(0x000000189fa40000,0x000000189fb40000) (1024K)]
  0x000001d379ee1da0 JavaThread "Thread-7"                   daemon [_thread_in_native, id=26448, stack(0x000000189fb40000,0x000000189fc40000) (1024K)]
  0x000001d379ee2430 JavaThread "Thread-8"                   daemon [_thread_in_native, id=32760, stack(0x000000189fc40000,0x000000189fd40000) (1024K)]
  0x000001d37aefb9a0 JavaThread "Thread-9"                   daemon [_thread_in_native, id=24768, stack(0x000000189fd40000,0x000000189fe40000) (1024K)]
  0x000001d37aef9f60 JavaThread "Thread-10"                  daemon [_thread_in_native, id=22868, stack(0x000000189fe40000,0x000000189ff40000) (1024K)]
  0x000001d37aefc6c0 JavaThread "Thread-11"                  daemon [_thread_in_native, id=33276, stack(0x000000189ff40000,0x00000018a0040000) (1024K)]
  0x000001d37aef98d0 JavaThread "Thread-12"                  daemon [_thread_in_native, id=8256, stack(0x00000018a0040000,0x00000018a0140000) (1024K)]
  0x000001d37aef9240 JavaThread "Thread-13"                  daemon [_thread_in_native, id=34448, stack(0x00000018a0140000,0x00000018a0240000) (1024K)]
  0x000001d37aefac80 JavaThread "Thread-14"                  daemon [_thread_in_native, id=6060, stack(0x00000018a0240000,0x00000018a0340000) (1024K)]
  0x000001d37aefda70 JavaThread "Thread-15"                  daemon [_thread_in_native, id=18356, stack(0x00000018a0340000,0x00000018a0440000) (1024K)]
  0x000001d37aefcd50 JavaThread "Thread-16"                  daemon [_thread_in_native, id=31708, stack(0x00000018a0440000,0x00000018a0540000) (1024K)]
  0x000001d37aefb310 JavaThread "Thread-17"                  daemon [_thread_in_native, id=29488, stack(0x00000018a0540000,0x00000018a0640000) (1024K)]
  0x000001d37aefc030 JavaThread "Thread-18"                  daemon [_thread_in_native, id=19064, stack(0x00000018a0640000,0x00000018a0740000) (1024K)]
  0x000001d37aefa5f0 JavaThread "pool-2-thread-1"                   [_thread_blocked, id=23512, stack(0x00000018a0740000,0x00000018a0840000) (1024K)]
  0x000001d37aefee20 JavaThread "WorkspaceEventsHandler"            [_thread_blocked, id=5676, stack(0x00000018a0a40000,0x00000018a0b40000) (1024K)]
  0x000001d37aeff4b0 JavaThread "pool-1-thread-1"                   [_thread_blocked, id=31148, stack(0x00000018a0b40000,0x00000018a0c40000) (1024K)]
  0x000001d37aefd3e0 JavaThread "Worker-4"                          [_thread_blocked, id=27936, stack(0x00000018a0f40000,0x00000018a1040000) (1024K)]
  0x000001d379ede290 JavaThread "Timer-0"                           [_thread_blocked, id=23920, stack(0x00000018a1040000,0x00000018a1140000) (1024K)]
  0x000001d3016d9c60 JavaThread "Timer-1"                           [_thread_blocked, id=32912, stack(0x00000018a0d40000,0x00000018a0e40000) (1024K)]
  0x000001d3016dbd30 JavaThread "Timer-2"                           [_thread_blocked, id=20428, stack(0x00000018a0e40000,0x00000018a0f40000) (1024K)]
  0x000001d3016d8f40 JavaThread "LocalFile Deleter"          daemon [_thread_blocked, id=25568, stack(0x00000018a1140000,0x00000018a1240000) (1024K)]
  0x000001d3016da980 JavaThread "LocalFile Deleter"          daemon [_thread_blocked, id=7252, stack(0x00000018a1240000,0x00000018a1340000) (1024K)]
  0x000001d3016dca50 JavaThread "LocalFile Deleter"          daemon [_thread_blocked, id=22748, stack(0x00000018a1340000,0x00000018a1440000) (1024K)]
  0x000001d3016dd0e0 JavaThread "Timer-3"                           [_thread_blocked, id=27432, stack(0x00000018a1440000,0x00000018a1540000) (1024K)]
  0x000001d3016dd770 JavaThread "Timer-4"                           [_thread_blocked, id=10596, stack(0x00000018a1540000,0x00000018a1640000) (1024K)]
=>0x000001d3016da2f0 JavaThread "Connection worker"                 [_thread_in_native, id=20592, stack(0x00000018a1640000,0x00000018a1740000) (1024K)]
  0x000001d3016dde00 JavaThread "pool-3-thread-1"                   [_thread_blocked, id=28036, stack(0x00000018a0c40000,0x00000018a0d40000) (1024K)]
  0x000001d3016df840 JavaThread "Exec process"                      [_thread_blocked, id=13972, stack(0x00000018a1740000,0x00000018a1840000) (1024K)]
  0x000001d3016de490 JavaThread "Exec process Thread 2"             [_thread_blocked, id=34856, stack(0x00000018a1840000,0x00000018a1940000) (1024K)]
  0x000001d3016deb20 JavaThread "Exec process Thread 3"             [_thread_blocked, id=16264, stack(0x00000018a1940000,0x00000018a1a40000) (1024K)]
Total: 59

Other Threads:
  0x000001d372c34ba0 VMThread "VM Thread"                           [id=7868, stack(0x000000189b800000,0x000000189b900000) (1024K)]
  0x000001d33064ba00 WatcherThread "VM Periodic Task Thread"        [id=20940, stack(0x000000189b700000,0x000000189b800000) (1024K)]
  0x000001d31c39fbd0 WorkerThread "GC Thread#0"                     [id=10412, stack(0x000000189b600000,0x000000189b700000) (1024K)]
  0x000001d37978eaa0 WorkerThread "GC Thread#1"                     [id=11704, stack(0x000000189d940000,0x000000189da40000) (1024K)]
  0x000001d3798ec5d0 WorkerThread "GC Thread#2"                     [id=35320, stack(0x000000189da40000,0x000000189db40000) (1024K)]
  0x000001d3798ec970 WorkerThread "GC Thread#3"                     [id=12108, stack(0x000000189db40000,0x000000189dc40000) (1024K)]
  0x000001d3791aceb0 WorkerThread "GC Thread#4"                     [id=20040, stack(0x000000189dc40000,0x000000189dd40000) (1024K)]
  0x000001d3791ad250 WorkerThread "GC Thread#5"                     [id=7712, stack(0x000000189dd40000,0x000000189de40000) (1024K)]
  0x000001d3791ad5f0 WorkerThread "GC Thread#6"                     [id=30616, stack(0x000000189de40000,0x000000189df40000) (1024K)]
  0x000001d379c0be80 WorkerThread "GC Thread#7"                     [id=9628, stack(0x000000189e040000,0x000000189e140000) (1024K)]
  0x000001d379f34490 WorkerThread "GC Thread#8"                     [id=25488, stack(0x000000189e440000,0x000000189e540000) (1024K)]
  0x000001d379d28af0 WorkerThread "GC Thread#9"                     [id=22676, stack(0x000000189e540000,0x000000189e640000) (1024K)]
  0x000001d379d28e90 WorkerThread "GC Thread#10"                    [id=2864, stack(0x000000189e640000,0x000000189e740000) (1024K)]
  0x000001d379d29230 WorkerThread "GC Thread#11"                    [id=6932, stack(0x000000189ea40000,0x000000189eb40000) (1024K)]
  0x000001d379e07ec0 WorkerThread "GC Thread#12"                    [id=28120, stack(0x000000189ec40000,0x000000189ed40000) (1024K)]
Total: 15

Threads with active compile tasks:
Total: 0

VM state: not at safepoint (normal execution)

VM Mutex/Monitor currently owned by a thread: None

Heap address: 0x00000000c0000000, size: 1024 MB, Compressed Oops mode: 32-bit

CDS archive(s) mapped at: [0x000001d331000000-0x000001d331ba0000-0x000001d331ba0000), size 12189696, SharedBaseAddress: 0x000001d331000000, ArchiveRelocationMode: 1.
Compressed class space mapped at: 0x000001d332000000-0x000001d372000000, reserved size: 1073741824
Narrow klass base: 0x000001d331000000, Narrow klass shift: 0, Narrow klass range: 0x100000000

GC Precious Log:
 CardTable entry size: 512
 CPUs: 16 total, 16 available
 Memory: 16096M
 Large Page Support: Disabled
 NUMA Support: Disabled
 Compressed Oops: Enabled (32-bit)
 Alignments: Space 512K, Generation 512K, Heap 2M
 Heap Min Capacity: 100M
 Heap Initial Capacity: 100M
 Heap Max Capacity: 1G
 Pre-touch: Disabled
 Parallel Workers: 13

Heap:
 PSYoungGen      total 15872K, used 11194K [0x00000000eab00000, 0x00000000ebd80000, 0x0000000100000000)
  eden space 14848K, 70% used [0x00000000eab00000,0x00000000eb5469f8,0x00000000eb980000)
  from space 1024K, 65% used [0x00000000ebc00000,0x00000000ebca8010,0x00000000ebd00000)
  to   space 512K, 0% used [0x00000000ebd00000,0x00000000ebd00000,0x00000000ebd80000)
 ParOldGen       total 68608K, used 41297K [0x00000000c0000000, 0x00000000c4300000, 0x00000000eab00000)
  object space 68608K, 60% used [0x00000000c0000000,0x00000000c2854448,0x00000000c4300000)
 Metaspace       used 62428K, committed 63872K, reserved 1114112K
  class space    used 7712K, committed 8320K, reserved 1048576K

Card table byte_map: [0x000001d31bd20000,0x000001d31bf30000] _byte_map_base: 0x000001d31b720000

Marking Bits: (ParMarkBitMap*) 0x00007ff8708531f0
 Begin Bits: [0x000001d32e570000, 0x000001d32f570000)
 End Bits:   [0x000001d32f570000, 0x000001d330570000)

Polling page: 0x000001d31a1b0000

Metaspace:

Usage:
  Non-class:     53.43 MB used.
      Class:      7.53 MB used.
       Both:     60.96 MB used.

Virtual space:
  Non-class space:       64.00 MB reserved,      54.25 MB ( 85%) committed,  1 nodes.
      Class space:        1.00 GB reserved,       8.12 MB ( <1%) committed,  1 nodes.
             Both:        1.06 GB reserved,      62.38 MB (  6%) committed. 

Chunk freelists:
   Non-Class:  8.92 MB
       Class:  7.89 MB
        Both:  16.81 MB

MaxMetaspaceSize: unlimited
CompressedClassSpaceSize: 1.00 GB
Initial GC threshold: 21.00 MB
Current GC threshold: 97.31 MB
CDS: on
 - commit_granule_bytes: 65536.
 - commit_granule_words: 8192.
 - virtual_space_node_default_size: 8388608.
 - enlarge_chunks_in_place: 1.
 - use_allocation_guard: 0.


Internal statistics:

num_allocs_failed_limit: 9.
num_arena_births: 1124.
num_arena_deaths: 14.
num_vsnodes_births: 2.
num_vsnodes_deaths: 0.
num_space_committed: 998.
num_space_uncommitted: 0.
num_chunks_returned_to_freelist: 23.
num_chunks_taken_from_freelist: 3727.
num_chunk_merges: 15.
num_chunk_splits: 2485.
num_chunks_enlarged: 1649.
num_inconsistent_stats: 0.

CodeHeap 'non-profiled nmethods': size=119168Kb used=4983Kb max_used=4983Kb free=114184Kb
 bounds [0x000001d327110000, 0x000001d3275f0000, 0x000001d32e570000]
CodeHeap 'profiled nmethods': size=119104Kb used=14476Kb max_used=14758Kb free=104627Kb
 bounds [0x000001d31f570000, 0x000001d3203e0000, 0x000001d3269c0000]
CodeHeap 'non-nmethods': size=7488Kb used=1949Kb max_used=3155Kb free=5539Kb
 bounds [0x000001d3269c0000, 0x000001d326cf0000, 0x000001d327110000]
 total_blobs=7775 nmethods=7087 adapters=593
 compilation: enabled
              stopped_count=0, restarted_count=0
 full_count=0

Compilation events (20 events):
Event: 8.490 Thread 0x000001d372d60d90 nmethod 7875 0x000001d31ff28190 code [0x000001d31ff283c0, 0x000001d31ff28c00]
Event: 8.490 Thread 0x000001d372d60d90 7877       3       java.security.Provider::check (18 bytes)
Event: 8.490 Thread 0x000001d372d60d90 nmethod 7877 0x000001d31ff27b10 code [0x000001d31ff27ce0, 0x000001d31ff28040]
Event: 8.490 Thread 0x000001d372d60d90 7880       3       java.security.Provider::checkAndUpdateSecureRandom (88 bytes)
Event: 8.490 Thread 0x000001d372c43de0 nmethod 7879 0x000001d31fdf0b10 code [0x000001d31fdf1000, 0x000001d31fdf3330]
Event: 8.490 Thread 0x000001d372d60d90 nmethod 7880 0x000001d31ff27410 code [0x000001d31ff275e0, 0x000001d31ff27980]
Event: 8.490 Thread 0x000001d372c43de0 7878       3       java.security.Provider::implRemoveService (149 bytes)
Event: 8.490 Thread 0x000001d372d60d90 7881       3       sun.security.util.SecurityProviderConstants::getAliases (63 bytes)
Event: 8.491 Thread 0x000001d372d60d90 nmethod 7881 0x000001d31ff26610 code [0x000001d31ff26880, 0x000001d31ff27120]
Event: 8.491 Thread 0x000001d372c43de0 nmethod 7878 0x000001d31ff25310 code [0x000001d31ff255c0, 0x000001d31ff26240]
Event: 8.491 Thread 0x000001d372c43de0 7882       1       java.nio.DirectByteBuffer::attachment (5 bytes)
Event: 8.491 Thread 0x000001d372c43de0 nmethod 7882 0x000001d3275e0b10 code [0x000001d3275e0ca0, 0x000001d3275e0d68]
Event: 8.498 Thread 0x000001d372c43de0 7883       3       java.security.MessageDigest::update (11 bytes)
Event: 8.498 Thread 0x000001d372d60d90 7884       3       java.security.MessageDigest$Delegate::engineUpdate (9 bytes)
Event: 8.498 Thread 0x000001d372c43de0 nmethod 7883 0x000001d31ff24d90 code [0x000001d31ff24f40, 0x000001d31ff25200]
Event: 8.498 Thread 0x000001d372c43de0 7886       3       java.lang.ThreadLocal$ThreadLocalMap::set (133 bytes)
Event: 8.498 Thread 0x000001d372d60d90 nmethod 7884 0x000001d31ff24910 code [0x000001d31ff24ac0, 0x000001d31ff24c98]
Event: 8.498 Thread 0x000001d372d60d90 7885       3       sun.security.provider.DigestBase::engineUpdate (32 bytes)
Event: 8.499 Thread 0x000001d372d60d90 nmethod 7885 0x000001d31fdf0610 code [0x000001d31fdf07c0, 0x000001d31fdf0a28]
Event: 8.499 Thread 0x000001d372c43de0 nmethod 7886 0x000001d31fdef290 code [0x000001d31fdef520, 0x000001d31fdf0130]

GC Heap History (20 events):
Event: 6.283 GC heap before
{Heap before GC invocations=41 (full 3):
 PSYoungGen      total 15872K, used 15867K [0x00000000eab00000, 0x00000000ebf80000, 0x0000000100000000)
  eden space 14848K, 100% used [0x00000000eab00000,0x00000000eb980000,0x00000000eb980000)
  from space 1024K, 99% used [0x00000000ebd80000,0x00000000ebe7ec50,0x00000000ebe80000)
  to   space 1024K, 0% used [0x00000000ebe80000,0x00000000ebe80000,0x00000000ebf80000)
 ParOldGen       total 68608K, used 38811K [0x00000000c0000000, 0x00000000c4300000, 0x00000000eab00000)
  object space 68608K, 56% used [0x00000000c0000000,0x00000000c25e6e78,0x00000000c4300000)
 Metaspace       used 58826K, committed 60096K, reserved 1114112K
  class space    used 7194K, committed 7744K, reserved 1048576K
}
Event: 6.284 GC heap after
{Heap after GC invocations=41 (full 3):
 PSYoungGen      total 15360K, used 479K [0x00000000eab00000, 0x00000000ebf00000, 0x0000000100000000)
  eden space 14848K, 0% used [0x00000000eab00000,0x00000000eab00000,0x00000000eb980000)
  from space 512K, 93% used [0x00000000ebe80000,0x00000000ebef7f20,0x00000000ebf00000)
  to   space 1024K, 0% used [0x00000000ebd00000,0x00000000ebd00000,0x00000000ebe00000)
 ParOldGen       total 68608K, used 38867K [0x00000000c0000000, 0x00000000c4300000, 0x00000000eab00000)
  object space 68608K, 56% used [0x00000000c0000000,0x00000000c25f4e78,0x00000000c4300000)
 Metaspace       used 58826K, committed 60096K, reserved 1114112K
  class space    used 7194K, committed 7744K, reserved 1048576K
}
Event: 6.352 GC heap before
{Heap before GC invocations=42 (full 3):
 PSYoungGen      total 15360K, used 15327K [0x00000000eab00000, 0x00000000ebf00000, 0x0000000100000000)
  eden space 14848K, 100% used [0x00000000eab00000,0x00000000eb980000,0x00000000eb980000)
  from space 512K, 93% used [0x00000000ebe80000,0x00000000ebef7f20,0x00000000ebf00000)
  to   space 1024K, 0% used [0x00000000ebd00000,0x00000000ebd00000,0x00000000ebe00000)
 ParOldGen       total 68608K, used 38867K [0x00000000c0000000, 0x00000000c4300000, 0x00000000eab00000)
  object space 68608K, 56% used [0x00000000c0000000,0x00000000c25f4e78,0x00000000c4300000)
 Metaspace       used 58827K, committed 60096K, reserved 1114112K
  class space    used 7194K, committed 7744K, reserved 1048576K
}
Event: 6.353 GC heap after
{Heap after GC invocations=42 (full 3):
 PSYoungGen      total 15872K, used 427K [0x00000000eab00000, 0x00000000ebf00000, 0x0000000100000000)
  eden space 14848K, 0% used [0x00000000eab00000,0x00000000eab00000,0x00000000eb980000)
  from space 1024K, 41% used [0x00000000ebd00000,0x00000000ebd6ad40,0x00000000ebe00000)
  to   space 512K, 0% used [0x00000000ebe80000,0x00000000ebe80000,0x00000000ebf00000)
 ParOldGen       total 68608K, used 39283K [0x00000000c0000000, 0x00000000c4300000, 0x00000000eab00000)
  object space 68608K, 57% used [0x00000000c0000000,0x00000000c265cfc8,0x00000000c4300000)
 Metaspace       used 58827K, committed 60096K, reserved 1114112K
  class space    used 7194K, committed 7744K, reserved 1048576K
}
Event: 6.412 GC heap before
{Heap before GC invocations=43 (full 3):
 PSYoungGen      total 15872K, used 15275K [0x00000000eab00000, 0x00000000ebf00000, 0x0000000100000000)
  eden space 14848K, 100% used [0x00000000eab00000,0x00000000eb980000,0x00000000eb980000)
  from space 1024K, 41% used [0x00000000ebd00000,0x00000000ebd6ad40,0x00000000ebe00000)
  to   space 512K, 0% used [0x00000000ebe80000,0x00000000ebe80000,0x00000000ebf00000)
 ParOldGen       total 68608K, used 39283K [0x00000000c0000000, 0x00000000c4300000, 0x00000000eab00000)
  object space 68608K, 57% used [0x00000000c0000000,0x00000000c265cfc8,0x00000000c4300000)
 Metaspace       used 58827K, committed 60096K, reserved 1114112K
  class space    used 7194K, committed 7744K, reserved 1048576K
}
Event: 6.413 GC heap after
{Heap after GC invocations=43 (full 3):
 PSYoungGen      total 15360K, used 493K [0x00000000eab00000, 0x00000000ebf00000, 0x0000000100000000)
  eden space 14848K, 0% used [0x00000000eab00000,0x00000000eab00000,0x00000000eb980000)
  from space 512K, 96% used [0x00000000ebe80000,0x00000000ebefb490,0x00000000ebf00000)
  to   space 2048K, 0% used [0x00000000ebb00000,0x00000000ebb00000,0x00000000ebd00000)
 ParOldGen       total 68608K, used 40249K [0x00000000c0000000, 0x00000000c4300000, 0x00000000eab00000)
  object space 68608K, 58% used [0x00000000c0000000,0x00000000c274e478,0x00000000c4300000)
 Metaspace       used 58827K, committed 60096K, reserved 1114112K
  class space    used 7194K, committed 7744K, reserved 1048576K
}
Event: 6.469 GC heap before
{Heap before GC invocations=44 (full 3):
 PSYoungGen      total 15360K, used 15341K [0x00000000eab00000, 0x00000000ebf00000, 0x0000000100000000)
  eden space 14848K, 100% used [0x00000000eab00000,0x00000000eb980000,0x00000000eb980000)
  from space 512K, 96% used [0x00000000ebe80000,0x00000000ebefb490,0x00000000ebf00000)
  to   space 2048K, 0% used [0x00000000ebb00000,0x00000000ebb00000,0x00000000ebd00000)
 ParOldGen       total 68608K, used 40249K [0x00000000c0000000, 0x00000000c4300000, 0x00000000eab00000)
  object space 68608K, 58% used [0x00000000c0000000,0x00000000c274e478,0x00000000c4300000)
 Metaspace       used 58827K, committed 60096K, reserved 1114112K
  class space    used 7194K, committed 7744K, reserved 1048576K
}
Event: 6.470 GC heap after
{Heap after GC invocations=44 (full 3):
 PSYoungGen      total 16896K, used 352K [0x00000000eab00000, 0x00000000ebf00000, 0x0000000100000000)
  eden space 14848K, 0% used [0x00000000eab00000,0x00000000eab00000,0x00000000eb980000)
  from space 2048K, 17% used [0x00000000ebb00000,0x00000000ebb58000,0x00000000ebd00000)
  to   space 1024K, 0% used [0x00000000ebe00000,0x00000000ebe00000,0x00000000ebf00000)
 ParOldGen       total 68608K, used 40321K [0x00000000c0000000, 0x00000000c4300000, 0x00000000eab00000)
  object space 68608K, 58% used [0x00000000c0000000,0x00000000c2760478,0x00000000c4300000)
 Metaspace       used 58827K, committed 60096K, reserved 1114112K
  class space    used 7194K, committed 7744K, reserved 1048576K
}
Event: 6.522 GC heap before
{Heap before GC invocations=45 (full 3):
 PSYoungGen      total 16896K, used 15200K [0x00000000eab00000, 0x00000000ebf00000, 0x0000000100000000)
  eden space 14848K, 100% used [0x00000000eab00000,0x00000000eb980000,0x00000000eb980000)
  from space 2048K, 17% used [0x00000000ebb00000,0x00000000ebb58000,0x00000000ebd00000)
  to   space 1024K, 0% used [0x00000000ebe00000,0x00000000ebe00000,0x00000000ebf00000)
 ParOldGen       total 68608K, used 40321K [0x00000000c0000000, 0x00000000c4300000, 0x00000000eab00000)
  object space 68608K, 58% used [0x00000000c0000000,0x00000000c2760478,0x00000000c4300000)
 Metaspace       used 58828K, committed 60096K, reserved 1114112K
  class space    used 7194K, committed 7744K, reserved 1048576K
}
Event: 6.522 GC heap after
{Heap after GC invocations=45 (full 3):
 PSYoungGen      total 15872K, used 1005K [0x00000000eab00000, 0x00000000ebf00000, 0x0000000100000000)
  eden space 14848K, 0% used [0x00000000eab00000,0x00000000eab00000,0x00000000eb980000)
  from space 1024K, 98% used [0x00000000ebe00000,0x00000000ebefb7d0,0x00000000ebf00000)
  to   space 1536K, 0% used [0x00000000ebc00000,0x00000000ebc00000,0x00000000ebd80000)
 ParOldGen       total 68608K, used 40523K [0x00000000c0000000, 0x00000000c4300000, 0x00000000eab00000)
  object space 68608K, 59% used [0x00000000c0000000,0x00000000c2792fe0,0x00000000c4300000)
 Metaspace       used 58828K, committed 60096K, reserved 1114112K
  class space    used 7194K, committed 7744K, reserved 1048576K
}
Event: 6.573 GC heap before
{Heap before GC invocations=46 (full 3):
 PSYoungGen      total 15872K, used 15853K [0x00000000eab00000, 0x00000000ebf00000, 0x0000000100000000)
  eden space 14848K, 100% used [0x00000000eab00000,0x00000000eb980000,0x00000000eb980000)
  from space 1024K, 98% used [0x00000000ebe00000,0x00000000ebefb7d0,0x00000000ebf00000)
  to   space 1536K, 0% used [0x00000000ebc00000,0x00000000ebc00000,0x00000000ebd80000)
 ParOldGen       total 68608K, used 40523K [0x00000000c0000000, 0x00000000c4300000, 0x00000000eab00000)
  object space 68608K, 59% used [0x00000000c0000000,0x00000000c2792fe0,0x00000000c4300000)
 Metaspace       used 58828K, committed 60096K, reserved 1114112K
  class space    used 7194K, committed 7744K, reserved 1048576K
}
Event: 6.573 GC heap after
{Heap after GC invocations=46 (full 3):
 PSYoungGen      total 16384K, used 1161K [0x00000000eab00000, 0x00000000ebe80000, 0x0000000100000000)
  eden space 14848K, 0% used [0x00000000eab00000,0x00000000eab00000,0x00000000eb980000)
  from space 1536K, 75% used [0x00000000ebc00000,0x00000000ebd22478,0x00000000ebd80000)
  to   space 1024K, 0% used [0x00000000ebd80000,0x00000000ebd80000,0x00000000ebe80000)
 ParOldGen       total 68608K, used 40627K [0x00000000c0000000, 0x00000000c4300000, 0x00000000eab00000)
  object space 68608K, 59% used [0x00000000c0000000,0x00000000c27acff0,0x00000000c4300000)
 Metaspace       used 58828K, committed 60096K, reserved 1114112K
  class space    used 7194K, committed 7744K, reserved 1048576K
}
Event: 6.618 GC heap before
{Heap before GC invocations=47 (full 3):
 PSYoungGen      total 16384K, used 16009K [0x00000000eab00000, 0x00000000ebe80000, 0x0000000100000000)
  eden space 14848K, 100% used [0x00000000eab00000,0x00000000eb980000,0x00000000eb980000)
  from space 1536K, 75% used [0x00000000ebc00000,0x00000000ebd22478,0x00000000ebd80000)
  to   space 1024K, 0% used [0x00000000ebd80000,0x00000000ebd80000,0x00000000ebe80000)
 ParOldGen       total 68608K, used 40627K [0x00000000c0000000, 0x00000000c4300000, 0x00000000eab00000)
  object space 68608K, 59% used [0x00000000c0000000,0x00000000c27acff0,0x00000000c4300000)
 Metaspace       used 58828K, committed 60096K, reserved 1114112K
  class space    used 7194K, committed 7744K, reserved 1048576K
}
Event: 6.619 GC heap after
{Heap after GC invocations=47 (full 3):
 PSYoungGen      total 15360K, used 293K [0x00000000eab00000, 0x00000000ebe00000, 0x0000000100000000)
  eden space 14848K, 0% used [0x00000000eab00000,0x00000000eab00000,0x00000000eb980000)
  from space 512K, 57% used [0x00000000ebd80000,0x00000000ebdc94d8,0x00000000ebe00000)
  to   space 1024K, 0% used [0x00000000ebc00000,0x00000000ebc00000,0x00000000ebd00000)
 ParOldGen       total 68608K, used 40699K [0x00000000c0000000, 0x00000000c4300000, 0x00000000eab00000)
  object space 68608K, 59% used [0x00000000c0000000,0x00000000c27beff0,0x00000000c4300000)
 Metaspace       used 58828K, committed 60096K, reserved 1114112K
  class space    used 7194K, committed 7744K, reserved 1048576K
}
Event: 6.661 GC heap before
{Heap before GC invocations=48 (full 3):
 PSYoungGen      total 15360K, used 15141K [0x00000000eab00000, 0x00000000ebe00000, 0x0000000100000000)
  eden space 14848K, 100% used [0x00000000eab00000,0x00000000eb980000,0x00000000eb980000)
  from space 512K, 57% used [0x00000000ebd80000,0x00000000ebdc94d8,0x00000000ebe00000)
  to   space 1024K, 0% used [0x00000000ebc00000,0x00000000ebc00000,0x00000000ebd00000)
 ParOldGen       total 68608K, used 40699K [0x00000000c0000000, 0x00000000c4300000, 0x00000000eab00000)
  object space 68608K, 59% used [0x00000000c0000000,0x00000000c27beff0,0x00000000c4300000)
 Metaspace       used 58828K, committed 60096K, reserved 1114112K
  class space    used 7194K, committed 7744K, reserved 1048576K
}
Event: 6.662 GC heap after
{Heap after GC invocations=48 (full 3):
 PSYoungGen      total 15872K, used 1016K [0x00000000eab00000, 0x00000000ebe00000, 0x0000000100000000)
  eden space 14848K, 0% used [0x00000000eab00000,0x00000000eab00000,0x00000000eb980000)
  from space 1024K, 99% used [0x00000000ebc00000,0x00000000ebcfe0f8,0x00000000ebd00000)
  to   space 1024K, 0% used [0x00000000ebd00000,0x00000000ebd00000,0x00000000ebe00000)
 ParOldGen       total 68608K, used 40857K [0x00000000c0000000, 0x00000000c4300000, 0x00000000eab00000)
  object space 68608K, 59% used [0x00000000c0000000,0x00000000c27e6728,0x00000000c4300000)
 Metaspace       used 58828K, committed 60096K, reserved 1114112K
  class space    used 7194K, committed 7744K, reserved 1048576K
}
Event: 6.758 GC heap before
{Heap before GC invocations=49 (full 3):
 PSYoungGen      total 15872K, used 15864K [0x00000000eab00000, 0x00000000ebe00000, 0x0000000100000000)
  eden space 14848K, 100% used [0x00000000eab00000,0x00000000eb980000,0x00000000eb980000)
  from space 1024K, 99% used [0x00000000ebc00000,0x00000000ebcfe0f8,0x00000000ebd00000)
  to   space 1024K, 0% used [0x00000000ebd00000,0x00000000ebd00000,0x00000000ebe00000)
 ParOldGen       total 68608K, used 40857K [0x00000000c0000000, 0x00000000c4300000, 0x00000000eab00000)
  object space 68608K, 59% used [0x00000000c0000000,0x00000000c27e6728,0x00000000c4300000)
 Metaspace       used 59947K, committed 61248K, reserved 1114112K
  class space    used 7354K, committed 7936K, reserved 1048576K
}
Event: 6.759 GC heap after
{Heap after GC invocations=49 (full 3):
 PSYoungGen      total 15872K, used 608K [0x00000000eab00000, 0x00000000ebe00000, 0x0000000100000000)
  eden space 14848K, 0% used [0x00000000eab00000,0x00000000eab00000,0x00000000eb980000)
  from space 1024K, 59% used [0x00000000ebd00000,0x00000000ebd98000,0x00000000ebe00000)
  to   space 1024K, 0% used [0x00000000ebc00000,0x00000000ebc00000,0x00000000ebd00000)
 ParOldGen       total 68608K, used 40937K [0x00000000c0000000, 0x00000000c4300000, 0x00000000eab00000)
  object space 68608K, 59% used [0x00000000c0000000,0x00000000c27fa728,0x00000000c4300000)
 Metaspace       used 59947K, committed 61248K, reserved 1114112K
  class space    used 7354K, committed 7936K, reserved 1048576K
}
Event: 6.932 GC heap before
{Heap before GC invocations=50 (full 3):
 PSYoungGen      total 15872K, used 15456K [0x00000000eab00000, 0x00000000ebe00000, 0x0000000100000000)
  eden space 14848K, 100% used [0x00000000eab00000,0x00000000eb980000,0x00000000eb980000)
  from space 1024K, 59% used [0x00000000ebd00000,0x00000000ebd98000,0x00000000ebe00000)
  to   space 1024K, 0% used [0x00000000ebc00000,0x00000000ebc00000,0x00000000ebd00000)
 ParOldGen       total 68608K, used 40937K [0x00000000c0000000, 0x00000000c4300000, 0x00000000eab00000)
  object space 68608K, 59% used [0x00000000c0000000,0x00000000c27fa728,0x00000000c4300000)
 Metaspace       used 61530K, committed 62848K, reserved 1114112K
  class space    used 7598K, committed 8192K, reserved 1048576K
}
Event: 6.933 GC heap after
{Heap after GC invocations=50 (full 3):
 PSYoungGen      total 15872K, used 672K [0x00000000eab00000, 0x00000000ebd80000, 0x0000000100000000)
  eden space 14848K, 0% used [0x00000000eab00000,0x00000000eab00000,0x00000000eb980000)
  from space 1024K, 65% used [0x00000000ebc00000,0x00000000ebca8010,0x00000000ebd00000)
  to   space 512K, 0% used [0x00000000ebd00000,0x00000000ebd00000,0x00000000ebd80000)
 ParOldGen       total 68608K, used 41297K [0x00000000c0000000, 0x00000000c4300000, 0x00000000eab00000)
  object space 68608K, 60% used [0x00000000c0000000,0x00000000c2854448,0x00000000c4300000)
 Metaspace       used 61530K, committed 62848K, reserved 1114112K
  class space    used 7598K, committed 8192K, reserved 1048576K
}

Dll operation events (15 events):
Event: 0.007 Loaded shared library c:\Users\admin\.cursor\extensions\redhat.java-1.42.0-win32-x64\jre\21.0.7-win32-x86_64\bin\java.dll
Event: 0.052 Loaded shared library c:\Users\admin\.cursor\extensions\redhat.java-1.42.0-win32-x64\jre\21.0.7-win32-x86_64\bin\zip.dll
Event: 0.064 Loaded shared library C:\Users\admin\.cursor\extensions\redhat.java-1.42.0-win32-x64\jre\21.0.7-win32-x86_64\bin\instrument.dll
Event: 0.067 Loaded shared library C:\Users\admin\.cursor\extensions\redhat.java-1.42.0-win32-x64\jre\21.0.7-win32-x86_64\bin\net.dll
Event: 0.074 Loaded shared library C:\Users\admin\.cursor\extensions\redhat.java-1.42.0-win32-x64\jre\21.0.7-win32-x86_64\bin\nio.dll
Event: 0.076 Loaded shared library C:\Users\admin\.cursor\extensions\redhat.java-1.42.0-win32-x64\jre\21.0.7-win32-x86_64\bin\zip.dll
Event: 0.086 Loaded shared library C:\Users\admin\.cursor\extensions\redhat.java-1.42.0-win32-x64\jre\21.0.7-win32-x86_64\bin\jimage.dll
Event: 0.125 Loaded shared library c:\Users\admin\.cursor\extensions\redhat.java-1.42.0-win32-x64\jre\21.0.7-win32-x86_64\bin\verify.dll
Event: 1.190 Loaded shared library C:\Users\admin\AppData\Roaming\Cursor\User\globalStorage\redhat.java\1.42.0\config_win\org.eclipse.equinox.launcher\org.eclipse.equinox.launcher.win32.win32.x86_64_1.2.1300.v20250331-1702\eclipse_11911.dll
Event: 2.537 Loaded shared library C:\Users\admin\.cursor\extensions\redhat.java-1.42.0-win32-x64\jre\21.0.7-win32-x86_64\bin\management.dll
Event: 2.539 Loaded shared library C:\Users\admin\.cursor\extensions\redhat.java-1.42.0-win32-x64\jre\21.0.7-win32-x86_64\bin\management_ext.dll
Event: 2.956 Loaded shared library C:\Users\admin\AppData\Local\Temp\jna-92668751\jna1089343199689084006.dll
Event: 4.812 Loaded shared library C:\Users\admin\.gradle\native\1def1411415f61bf3af743bc5b6707747c0891f09f0c88961ee8f79bc544acac\windows-amd64\native-platform.dll
Event: 6.722 Loaded shared library C:\Users\admin\.cursor\extensions\redhat.java-1.42.0-win32-x64\jre\21.0.7-win32-x86_64\bin\extnet.dll
Event: 8.481 Loaded shared library C:\Users\admin\.cursor\extensions\redhat.java-1.42.0-win32-x64\jre\21.0.7-win32-x86_64\bin\sunmscapi.dll

Deoptimization events (20 events):
Event: 8.477 Thread 0x000001d3016da2f0 Uncommon trap: trap_request=0xffffff45 fr.pc=0x000001d3271be078 relative=0x00000000000008b8
Event: 8.477 Thread 0x000001d3016da2f0 Uncommon trap: reason=unstable_if action=reinterpret pc=0x000001d3271be078 method=java.util.HashMap.computeIfAbsent(Ljava/lang/Object;Ljava/util/function/Function;)Ljava/lang/Object; @ 294 c2
Event: 8.477 Thread 0x000001d3016da2f0 DEOPT PACKING pc=0x000001d3271be078 sp=0x00000018a173c520
Event: 8.477 Thread 0x000001d3016da2f0 DEOPT UNPACKING pc=0x000001d326a13aa2 sp=0x00000018a173c4c8 mode 2
Event: 8.500 Thread 0x000001d3016da2f0 Uncommon trap: trap_request=0xffffff45 fr.pc=0x000001d3274779c4 relative=0x0000000000000b84
Event: 8.500 Thread 0x000001d3016da2f0 Uncommon trap: reason=unstable_if action=reinterpret pc=0x000001d3274779c4 method=sun.nio.fs.WindowsPath.openForReadAttributeAccess(Z)J @ 5 c2
Event: 8.500 Thread 0x000001d3016da2f0 DEOPT PACKING pc=0x000001d3274779c4 sp=0x00000018a173e0a0
Event: 8.500 Thread 0x000001d3016da2f0 DEOPT UNPACKING pc=0x000001d326a13aa2 sp=0x00000018a173e078 mode 2
Event: 8.500 Thread 0x000001d3016da2f0 Uncommon trap: trap_request=0xffffff45 fr.pc=0x000001d32747c408 relative=0x0000000000000a68
Event: 8.500 Thread 0x000001d3016da2f0 Uncommon trap: reason=unstable_if action=reinterpret pc=0x000001d32747c408 method=sun.nio.fs.WindowsNativeDispatcher.asNativeBuffer(Ljava/lang/String;)Lsun/nio/fs/NativeBuffer; @ 52 c2
Event: 8.500 Thread 0x000001d3016da2f0 DEOPT PACKING pc=0x000001d32747c408 sp=0x00000018a173e020
Event: 8.500 Thread 0x000001d3016da2f0 DEOPT UNPACKING pc=0x000001d326a13aa2 sp=0x00000018a173dec8 mode 2
Event: 8.500 Thread 0x000001d3016da2f0 Uncommon trap: trap_request=0xffffff45 fr.pc=0x000001d3274759b0 relative=0x0000000000000650
Event: 8.500 Thread 0x000001d3016da2f0 Uncommon trap: reason=unstable_if action=reinterpret pc=0x000001d3274759b0 method=sun.nio.fs.WindowsFileAttributes.isReparsePoint(I)Z @ 5 c2
Event: 8.500 Thread 0x000001d3016da2f0 DEOPT PACKING pc=0x000001d3274759b0 sp=0x00000018a173e0c0
Event: 8.500 Thread 0x000001d3016da2f0 DEOPT UNPACKING pc=0x000001d326a13aa2 sp=0x00000018a173dfe8 mode 2
Event: 8.500 Thread 0x000001d3016da2f0 Uncommon trap: trap_request=0xffffff45 fr.pc=0x000001d32744d484 relative=0x00000000000001c4
Event: 8.500 Thread 0x000001d3016da2f0 Uncommon trap: reason=unstable_if action=reinterpret pc=0x000001d32744d484 method=sun.nio.fs.NativeBuffers.getNativeBufferFromCache(I)Lsun/nio/fs/NativeBuffer; @ 34 c2
Event: 8.500 Thread 0x000001d3016da2f0 DEOPT PACKING pc=0x000001d32744d484 sp=0x00000018a173dfd0
Event: 8.500 Thread 0x000001d3016da2f0 DEOPT UNPACKING pc=0x000001d326a13aa2 sp=0x00000018a173df58 mode 2

Classes loaded (20 events):
Event: 8.494 Loading class com/sun/security/sasl/Provider$1
Event: 8.494 Loading class com/sun/security/sasl/Provider$1 done
Event: 8.494 Loading class com/sun/security/sasl/Provider$ProviderService
Event: 8.494 Loading class com/sun/security/sasl/Provider$ProviderService done
Event: 8.494 Loading class sun/security/provider/certpath/ldap/JdkLDAP
Event: 8.495 Loading class sun/security/provider/certpath/ldap/JdkLDAP done
Event: 8.495 Loading class sun/security/provider/certpath/ldap/JdkLDAP$ProviderService
Event: 8.495 Loading class sun/security/provider/certpath/ldap/JdkLDAP$ProviderService done
Event: 8.496 Loading class sun/nio/ch/ServerSocketChannelImpl
Event: 8.497 Loading class sun/nio/ch/ServerSocketChannelImpl done
Event: 8.499 Loading class java/nio/BufferMismatch
Event: 8.499 Loading class java/nio/BufferMismatch done
Event: 8.499 Loading class sun/nio/ch/SourceChannelImpl
Event: 8.499 Loading class java/nio/channels/Pipe$SourceChannel
Event: 8.499 Loading class java/nio/channels/Pipe$SourceChannel done
Event: 8.499 Loading class sun/nio/ch/SourceChannelImpl done
Event: 8.499 Loading class sun/nio/ch/SinkChannelImpl
Event: 8.499 Loading class java/nio/channels/Pipe$SinkChannel
Event: 8.499 Loading class java/nio/channels/Pipe$SinkChannel done
Event: 8.499 Loading class sun/nio/ch/SinkChannelImpl done

Classes unloaded (7 events):
Event: 2.252 Thread 0x000001d372c34ba0 Unloading class 0x000001d3321a4400 'java/lang/invoke/LambdaForm$MH+0x000001d3321a4400'
Event: 2.252 Thread 0x000001d372c34ba0 Unloading class 0x000001d3321a4000 'java/lang/invoke/LambdaForm$MH+0x000001d3321a4000'
Event: 2.252 Thread 0x000001d372c34ba0 Unloading class 0x000001d3321a3c00 'java/lang/invoke/LambdaForm$MH+0x000001d3321a3c00'
Event: 2.252 Thread 0x000001d372c34ba0 Unloading class 0x000001d3321a3800 'java/lang/invoke/LambdaForm$MH+0x000001d3321a3800'
Event: 2.252 Thread 0x000001d372c34ba0 Unloading class 0x000001d3321a3400 'java/lang/invoke/LambdaForm$BMH+0x000001d3321a3400'
Event: 2.252 Thread 0x000001d372c34ba0 Unloading class 0x000001d3321a3000 'java/lang/invoke/LambdaForm$DMH+0x000001d3321a3000'
Event: 2.252 Thread 0x000001d372c34ba0 Unloading class 0x000001d3321a1c00 'java/lang/invoke/LambdaForm$DMH+0x000001d3321a1c00'

Classes redefined (0 events):
No events

Internal exceptions (20 events):
Event: 6.774 Thread 0x000001d3016da2f0 Exception <a 'java/lang/NoSuchMethodError'{0x00000000eac80d88}: 'java.lang.Object java.lang.invoke.DirectMethodHandle$Holder.invokeStatic(java.lang.Object, java.lang.Object, java.lang.Object, java.lang.Object, java.lang.Object, java.lang.Object, java.lang.Object, java.lang.Object, java.lang.Object, java.lang.Object, java.lang.Object, java.lang.Object, java.lang.Object, java.lang.Object, java.lang.Object, java.lang.Object, java.lang.Object)'> (0x00000000eac80d88) 
thrown [s\src\hotspot\share\interpreter\lin
Event: 6.775 Thread 0x000001d3016da2f0 Exception <a 'java/lang/NoSuchMethodError'{0x00000000eacad590}: 'java.lang.Object java.lang.invoke.DirectMethodHandle$Holder.invokeStatic(java.lang.Object, java.lang.Object, java.lang.Object, java.lang.Object, java.lang.Object, java.lang.Object, java.lang.Object, java.lang.Object, java.lang.Object, java.lang.Object, java.lang.Object, java.lang.Object, java.lang.Object, java.lang.Object, java.lang.Object, java.lang.Object, java.lang.Object, java.lang.Object)'> (0x00000000eacad590) 
thrown [s\src\hotspot\sha
Event: 6.776 Thread 0x000001d3016da2f0 Exception <a 'java/lang/NoSuchMethodError'{0x00000000eacdc7d8}: 'java.lang.Object java.lang.invoke.DirectMethodHandle$Holder.invokeStatic(java.lang.Object, java.lang.Object, java.lang.Object, java.lang.Object, java.lang.Object, java.lang.Object, java.lang.Object, java.lang.Object, java.lang.Object, java.lang.Object, java.lang.Object, java.lang.Object, java.lang.Object, java.lang.Object, java.lang.Object, java.lang.Object, java.lang.Object, java.lang.Object, java.lang.Object)'> (0x00000000eacdc7d8) 
thrown 
Event: 6.778 Thread 0x000001d3016da2f0 Exception <a 'java/lang/NoSuchMethodError'{0x00000000ead0b730}: 'java.lang.Object java.lang.invoke.DirectMethodHandle$Holder.invokeStatic(java.lang.Object, java.lang.Object, java.lang.Object, java.lang.Object, java.lang.Object, java.lang.Object, java.lang.Object, java.lang.Object, java.lang.Object, java.lang.Object, java.lang.Object, java.lang.Object, java.lang.Object, java.lang.Object, java.lang.Object, java.lang.Object, java.lang.Object, java.lang.Object, java.lang.Object, java.lang.Object)'> (0x00000000
Event: 6.779 Thread 0x000001d3016da2f0 Exception <a 'java/lang/NoSuchMethodError'{0x00000000ead3bc88}: 'java.lang.Object java.lang.invoke.DirectMethodHandle$Holder.invokeStatic(java.lang.Object, java.lang.Object, java.lang.Object, java.lang.Object, java.lang.Object, java.lang.Object, java.lang.Object, java.lang.Object, java.lang.Object, java.lang.Object, java.lang.Object, java.lang.Object, java.lang.Object, java.lang.Object, java.lang.Object, java.lang.Object, java.lang.Object, java.lang.Object, java.lang.Object, java.lang.Object, java.lang.Obj
Event: 6.780 Thread 0x000001d3016da2f0 Exception <a 'java/lang/NoSuchMethodError'{0x00000000ead6caa8}: 'java.lang.Object java.lang.invoke.DirectMethodHandle$Holder.invokeStatic(java.lang.Object, java.lang.Object, java.lang.Object, java.lang.Object, java.lang.Object, java.lang.Object, java.lang.Object, java.lang.Object, java.lang.Object, java.lang.Object, java.lang.Object, java.lang.Object, java.lang.Object, java.lang.Object, java.lang.Object, java.lang.Object, java.lang.Object, java.lang.Object, java.lang.Object, java.lang.Object, java.lang.Obj
Event: 6.781 Thread 0x000001d3016da2f0 Exception <a 'java/lang/NoSuchMethodError'{0x00000000ead9e510}: 'java.lang.Object java.lang.invoke.DirectMethodHandle$Holder.invokeStatic(java.lang.Object, java.lang.Object, java.lang.Object, java.lang.Object, java.lang.Object, java.lang.Object, java.lang.Object, java.lang.Object, java.lang.Object, java.lang.Object, java.lang.Object, java.lang.Object, java.lang.Object, java.lang.Object, java.lang.Object, java.lang.Object, java.lang.Object, java.lang.Object, java.lang.Object, java.lang.Object, java.lang.Obj
Event: 6.782 Thread 0x000001d3016da2f0 Exception <a 'java/lang/NoSuchMethodError'{0x00000000eadd0f60}: 'java.lang.Object java.lang.invoke.DirectMethodHandle$Holder.invokeStatic(java.lang.Object, java.lang.Object, java.lang.Object, java.lang.Object, java.lang.Object, java.lang.Object, java.lang.Object, java.lang.Object, java.lang.Object, java.lang.Object, java.lang.Object, java.lang.Object, java.lang.Object, java.lang.Object, java.lang.Object, java.lang.Object, java.lang.Object, java.lang.Object, java.lang.Object, java.lang.Object, java.lang.Obj
Event: 6.783 Thread 0x000001d3016da2f0 Exception <a 'java/lang/NoSuchMethodError'{0x00000000eae05600}: 'java.lang.Object java.lang.invoke.DirectMethodHandle$Holder.invokeStatic(java.lang.Object, java.lang.Object, java.lang.Object, java.lang.Object, java.lang.Object, java.lang.Object, java.lang.Object, java.lang.Object, java.lang.Object, java.lang.Object, java.lang.Object, java.lang.Object, java.lang.Object, java.lang.Object, java.lang.Object, java.lang.Object, java.lang.Object, java.lang.Object, java.lang.Object, java.lang.Object, java.lang.Obj
Event: 6.787 Thread 0x000001d3016da2f0 Exception <a 'java/lang/NoSuchMethodError'{0x00000000eae2b1a0}: 'java.lang.Object java.lang.invoke.DirectMethodHandle$Holder.invokeSpecial(java.lang.Object, java.lang.Object, java.lang.Object, java.lang.Object, java.lang.Object, java.lang.Object, java.lang.Object, java.lang.Object, java.lang.Object, java.lang.Object, java.lang.Object, java.lang.Object, java.lang.Object, java.lang.Object, java.lang.Object, java.lang.Object, java.lang.Object, java.lang.Object, java.lang.Object, java.lang.Object, java.lang.Ob
Event: 6.788 Thread 0x000001d3016da2f0 Exception <a 'java/lang/NoSuchMethodError'{0x00000000eae40be0}: 'java.lang.Object java.lang.invoke.DirectMethodHandle$Holder.newInvokeSpecial(java.lang.Object, java.lang.Object, java.lang.Object, java.lang.Object, java.lang.Object, java.lang.Object, java.lang.Object, java.lang.Object, java.lang.Object, java.lang.Object, java.lang.Object, java.lang.Object, java.lang.Object, java.lang.Object, java.lang.Object, java.lang.Object, java.lang.Object, java.lang.Object, java.lang.Object, java.lang.Object, java.lang
Event: 6.788 Thread 0x000001d3016da2f0 Exception <a 'java/lang/NoSuchMethodError'{0x00000000eae46dd8}: 'java.lang.Object java.lang.invoke.Invokers$Holder.linkToTargetMethod(java.lang.Object, java.lang.Object, java.lang.Object, java.lang.Object, java.lang.Object, java.lang.Object, java.lang.Object, java.lang.Object, java.lang.Object, java.lang.Object, java.lang.Object, java.lang.Object, java.lang.Object, java.lang.Object, java.lang.Object, java.lang.Object, java.lang.Object, java.lang.Object, java.lang.Object, java.lang.Object, java.lang.Object,
Event: 6.789 Thread 0x000001d3016da2f0 Exception <a 'java/lang/NoSuchMethodError'{0x00000000eae4bfa0}: 'java.lang.Object java.lang.invoke.DirectMethodHandle$Holder.invokeVirtual(java.lang.Object, java.lang.Object, java.lang.Object, java.lang.Object, java.lang.Object, java.lang.Object, java.lang.Object, java.lang.Object, java.lang.Object, java.lang.Object)'> (0x00000000eae4bfa0) 
thrown [s\src\hotspot\share\interpreter\linkResolver.cpp, line 773]
Event: 6.800 Thread 0x000001d3016da2f0 Exception <a 'java/lang/NoSuchMethodError'{0x00000000eafe7748}: 'java.lang.Object java.lang.invoke.DirectMethodHandle$Holder.invokeVirtual(java.lang.Object, java.lang.Object, java.lang.Object, java.lang.Object, java.lang.Object, java.lang.Object, java.lang.Object, java.lang.Object, java.lang.Object)'> (0x00000000eafe7748) 
thrown [s\src\hotspot\share\interpreter\linkResolver.cpp, line 773]
Event: 6.816 Thread 0x000001d3016da2f0 Exception <a 'java/lang/NoSuchMethodError'{0x00000000eb224d20}: 'java.lang.Object java.lang.invoke.DirectMethodHandle$Holder.invokeVirtual(java.lang.Object, java.lang.Object, java.lang.Object, java.lang.Object, java.lang.Object, java.lang.Object, java.lang.Object, java.lang.Object)'> (0x00000000eb224d20) 
thrown [s\src\hotspot\share\interpreter\linkResolver.cpp, line 773]
Event: 6.820 Thread 0x000001d3016da2f0 Exception <a 'java/lang/NoSuchMethodError'{0x00000000eb29bde0}: 'long java.lang.invoke.DirectMethodHandle$Holder.invokeVirtual(java.lang.Object, java.lang.Object)'> (0x00000000eb29bde0) 
thrown [s\src\hotspot\share\interpreter\linkResolver.cpp, line 773]
Event: 6.821 Thread 0x000001d3016da2f0 Exception <a 'java/lang/NoSuchMethodError'{0x00000000eb29f1e0}: 'long java.lang.invoke.DelegatingMethodHandle$Holder.reinvoke_L(java.lang.Object, java.lang.Object)'> (0x00000000eb29f1e0) 
thrown [s\src\hotspot\share\interpreter\linkResolver.cpp, line 773]
Event: 6.894 Thread 0x000001d3016df840 Exception <a 'java/lang/NoSuchMethodError'{0x00000000eb90cb98}: 'void java.lang.invoke.DirectMethodHandle$Holder.invokeStatic(java.lang.Object, long)'> (0x00000000eb90cb98) 
thrown [s\src\hotspot\share\interpreter\linkResolver.cpp, line 773]
Event: 7.163 Thread 0x000001d3016df840 Exception <a 'java/lang/NoSuchMethodError'{0x00000000eac78150}: 'void java.lang.invoke.DirectMethodHandle$Holder.invokeSpecial(java.lang.Object, java.lang.Object, int)'> (0x00000000eac78150) 
thrown [s\src\hotspot\share\interpreter\linkResolver.cpp, line 773]
Event: 7.163 Thread 0x000001d3016df840 Exception <a 'java/lang/NoSuchMethodError'{0x00000000eac7d578}: 'java.lang.Object java.lang.invoke.DirectMethodHandle$Holder.newInvokeSpecial(java.lang.Object, java.lang.Object, int)'> (0x00000000eac7d578) 
thrown [s\src\hotspot\share\interpreter\linkResolver.cpp, line 773]

ZGC Phase Switch (0 events):
No events

VM Operations (20 events):
Event: 6.522 Executing VM operation: ParallelGCFailedAllocation (Allocation Failure)
Event: 6.522 Executing VM operation: ParallelGCFailedAllocation (Allocation Failure) done
Event: 6.573 Executing VM operation: ParallelGCFailedAllocation (Allocation Failure)
Event: 6.573 Executing VM operation: ParallelGCFailedAllocation (Allocation Failure) done
Event: 6.618 Executing VM operation: ParallelGCFailedAllocation (Allocation Failure)
Event: 6.619 Executing VM operation: ParallelGCFailedAllocation (Allocation Failure) done
Event: 6.661 Executing VM operation: ParallelGCFailedAllocation (Allocation Failure)
Event: 6.662 Executing VM operation: ParallelGCFailedAllocation (Allocation Failure) done
Event: 6.758 Executing VM operation: ParallelGCFailedAllocation (Allocation Failure)
Event: 6.759 Executing VM operation: ParallelGCFailedAllocation (Allocation Failure) done
Event: 6.806 Executing VM operation: HandshakeAllThreads (Deoptimize)
Event: 6.806 Executing VM operation: HandshakeAllThreads (Deoptimize) done
Event: 6.932 Executing VM operation: ParallelGCFailedAllocation (Allocation Failure)
Event: 6.933 Executing VM operation: ParallelGCFailedAllocation (Allocation Failure) done
Event: 6.935 Executing VM operation: HandshakeAllThreads (Deoptimize)
Event: 6.936 Executing VM operation: HandshakeAllThreads (Deoptimize) done
Event: 7.935 Executing VM operation: Cleanup
Event: 7.935 Executing VM operation: Cleanup done
Event: 8.472 Executing VM operation: HandshakeAllThreads (Deoptimize)
Event: 8.472 Executing VM operation: HandshakeAllThreads (Deoptimize) done

Memory protections (0 events):
No events

Nmethod flushes (20 events):
Event: 6.000 Thread 0x000001d372c34ba0 flushing  nmethod 0x000001d31feedb10
Event: 6.000 Thread 0x000001d372c34ba0 flushing  nmethod 0x000001d31feef410
Event: 6.000 Thread 0x000001d372c34ba0 flushing  nmethod 0x000001d31fef9690
Event: 6.000 Thread 0x000001d372c34ba0 flushing  nmethod 0x000001d31ff0e710
Event: 6.000 Thread 0x000001d372c34ba0 flushing  nmethod 0x000001d31ff22e10
Event: 6.000 Thread 0x000001d372c34ba0 flushing  nmethod 0x000001d31ff24910
Event: 6.000 Thread 0x000001d372c34ba0 flushing  nmethod 0x000001d31ff42190
Event: 6.000 Thread 0x000001d372c34ba0 flushing  nmethod 0x000001d31ff43c90
Event: 6.000 Thread 0x000001d372c34ba0 flushing  nmethod 0x000001d31ff45590
Event: 6.000 Thread 0x000001d372c34ba0 flushing  nmethod 0x000001d31ff45f90
Event: 6.000 Thread 0x000001d372c34ba0 flushing  nmethod 0x000001d31ff48710
Event: 6.000 Thread 0x000001d372c34ba0 flushing  nmethod 0x000001d31ff49110
Event: 6.000 Thread 0x000001d372c34ba0 flushing  nmethod 0x000001d31ff4c490
Event: 6.000 Thread 0x000001d372c34ba0 flushing  nmethod 0x000001d31ff51510
Event: 6.000 Thread 0x000001d372c34ba0 flushing  nmethod 0x000001d31ff59d90
Event: 6.000 Thread 0x000001d372c34ba0 flushing  nmethod 0x000001d31ff63010
Event: 6.000 Thread 0x000001d372c34ba0 flushing  nmethod 0x000001d31ff63d10
Event: 6.000 Thread 0x000001d372c34ba0 flushing  nmethod 0x000001d31ffb1990
Event: 6.000 Thread 0x000001d372c34ba0 flushing  nmethod 0x000001d31ffb2010
Event: 6.000 Thread 0x000001d372c34ba0 flushing  nmethod 0x000001d31ffb3010

Events (20 events):
Event: 5.588 Thread 0x000001d379edfcd0 Thread added: 0x000001d3016dd770
Event: 5.589 Thread 0x000001d379edfcd0 Thread added: 0x000001d3016da2f0
Event: 6.682 Thread 0x000001d379a948a0 Thread exited: 0x000001d379a948a0
Event: 6.829 Thread 0x000001d3016da2f0 Thread added: 0x000001d3016dde00
Event: 6.887 Thread 0x000001d3016da2f0 Thread added: 0x000001d3016df840
Event: 6.896 Thread 0x000001d3016df840 Thread added: 0x000001d3016de490
Event: 6.896 Thread 0x000001d3016df840 Thread added: 0x000001d3016deb20
Event: 7.133 Thread 0x000001d37b399530 Thread exited: 0x000001d37b399530
Event: 7.164 Thread 0x000001d37aed51f0 Thread exited: 0x000001d37aed51f0
Event: 7.164 Thread 0x000001d379905ea0 Thread exited: 0x000001d379905ea0
Event: 7.164 Thread 0x000001d37b4ce020 Thread exited: 0x000001d37b4ce020
Event: 7.168 Thread 0x000001d379eddc00 Thread exited: 0x000001d379eddc00
Event: 7.209 Thread 0x000001d3016da2f0 Thread added: 0x000001d3016df1b0
Event: 7.214 Thread 0x000001d3016df1b0 Thread added: 0x000001d3016dfed0
Event: 7.214 Thread 0x000001d3016df1b0 Thread added: 0x000001d379eddc00
Event: 7.214 Thread 0x000001d3016dfed0 Thread exited: 0x000001d3016dfed0
Event: 8.455 Thread 0x000001d372f85c70 Thread exited: 0x000001d372f85c70
Event: 8.455 Thread 0x000001d372d61fa0 Thread exited: 0x000001d372d61fa0
Event: 8.456 Thread 0x000001d3016df1b0 Thread exited: 0x000001d3016df1b0
Event: 8.456 Thread 0x000001d379eddc00 Thread exited: 0x000001d379eddc00


Dynamic libraries:
0x00007ff60a760000 - 0x00007ff60a76e000 	c:\Users\admin\.cursor\extensions\redhat.java-1.42.0-win32-x64\jre\21.0.7-win32-x86_64\bin\java.exe
0x00007ff8f0da0000 - 0x00007ff8f1006000 	C:\WINDOWS\SYSTEM32\ntdll.dll
0x00007ff8eeec0000 - 0x00007ff8eef89000 	C:\WINDOWS\System32\KERNEL32.DLL
0x00007ff8ee410000 - 0x00007ff8ee7dc000 	C:\WINDOWS\System32\KERNELBASE.dll
0x00007ff8edfd0000 - 0x00007ff8ee11b000 	C:\WINDOWS\System32\ucrtbase.dll
0x00007ff8cdc00000 - 0x00007ff8cdc1e000 	c:\Users\admin\.cursor\extensions\redhat.java-1.42.0-win32-x64\jre\21.0.7-win32-x86_64\bin\VCRUNTIME140.dll
0x00007ff8cdbe0000 - 0x00007ff8cdbf8000 	c:\Users\admin\.cursor\extensions\redhat.java-1.42.0-win32-x64\jre\21.0.7-win32-x86_64\bin\jli.dll
0x00007ff8f0aa0000 - 0x00007ff8f0c6a000 	C:\WINDOWS\System32\USER32.dll
0x00007ff8ee120000 - 0x00007ff8ee147000 	C:\WINDOWS\System32\win32u.dll
0x00007ff8f0440000 - 0x00007ff8f046b000 	C:\WINDOWS\System32\GDI32.dll
0x00007ff8db710000 - 0x00007ff8db9aa000 	C:\WINDOWS\WinSxS\amd64_microsoft.windows.common-controls_6595b64144ccf1df_6.0.26100.3912_none_3e07963ce335137e\COMCTL32.dll
0x00007ff8ee2d0000 - 0x00007ff8ee402000 	C:\WINDOWS\System32\gdi32full.dll
0x00007ff8eeb60000 - 0x00007ff8eec09000 	C:\WINDOWS\System32\msvcrt.dll
0x00007ff8eea20000 - 0x00007ff8eeac3000 	C:\WINDOWS\System32\msvcp_win.dll
0x00007ff8f0c70000 - 0x00007ff8f0ca0000 	C:\WINDOWS\System32\IMM32.DLL
0x00007ff8e09f0000 - 0x00007ff8e09fc000 	c:\Users\admin\.cursor\extensions\redhat.java-1.42.0-win32-x64\jre\21.0.7-win32-x86_64\bin\vcruntime140_1.dll
0x00007ff8cd9a0000 - 0x00007ff8cda2d000 	c:\Users\admin\.cursor\extensions\redhat.java-1.42.0-win32-x64\jre\21.0.7-win32-x86_64\bin\msvcp140.dll
0x00007ff86fba0000 - 0x00007ff870930000 	c:\Users\admin\.cursor\extensions\redhat.java-1.42.0-win32-x64\jre\21.0.7-win32-x86_64\bin\server\jvm.dll
0x00007ff8f0140000 - 0x00007ff8f01f2000 	C:\WINDOWS\System32\ADVAPI32.dll
0x00007ff8f0cb0000 - 0x00007ff8f0d56000 	C:\WINDOWS\System32\sechost.dll
0x00007ff8efb60000 - 0x00007ff8efc76000 	C:\WINDOWS\System32\RPCRT4.dll
0x00007ff8ef340000 - 0x00007ff8ef3b4000 	C:\WINDOWS\System32\WS2_32.dll
0x00007ff8edda0000 - 0x00007ff8eddfe000 	C:\WINDOWS\SYSTEM32\POWRPROF.dll
0x00007ff8e4950000 - 0x00007ff8e4986000 	C:\WINDOWS\SYSTEM32\WINMM.dll
0x00007ff8ea6e0000 - 0x00007ff8ea6eb000 	C:\WINDOWS\SYSTEM32\VERSION.dll
0x00007ff8edd80000 - 0x00007ff8edd94000 	C:\WINDOWS\SYSTEM32\UMPDC.dll
0x00007ff8eccf0000 - 0x00007ff8ecd0a000 	C:\WINDOWS\SYSTEM32\kernel.appcore.dll
0x00007ff8e0490000 - 0x00007ff8e049a000 	c:\Users\admin\.cursor\extensions\redhat.java-1.42.0-win32-x64\jre\21.0.7-win32-x86_64\bin\jimage.dll
0x00007ff89bae0000 - 0x00007ff89bd21000 	C:\WINDOWS\SYSTEM32\DBGHELP.DLL
0x00007ff8eef90000 - 0x00007ff8ef314000 	C:\WINDOWS\System32\combase.dll
0x00007ff8f0050000 - 0x00007ff8f0130000 	C:\WINDOWS\System32\OLEAUT32.dll
0x00007ff8d7240000 - 0x00007ff8d7279000 	C:\WINDOWS\SYSTEM32\dbgcore.DLL
0x00007ff8edf30000 - 0x00007ff8edfc9000 	C:\WINDOWS\System32\bcryptPrimitives.dll
0x00007ff8e0420000 - 0x00007ff8e042f000 	c:\Users\admin\.cursor\extensions\redhat.java-1.42.0-win32-x64\jre\21.0.7-win32-x86_64\bin\instrument.dll
0x00007ff8cdbc0000 - 0x00007ff8cdbdf000 	c:\Users\admin\.cursor\extensions\redhat.java-1.42.0-win32-x64\jre\21.0.7-win32-x86_64\bin\java.dll
0x00007ff8ef430000 - 0x00007ff8efb5d000 	C:\WINDOWS\System32\SHELL32.dll
0x00007ff8ee150000 - 0x00007ff8ee2c4000 	C:\WINDOWS\System32\wintypes.dll
0x00007ff8ebbe0000 - 0x00007ff8ec436000 	C:\WINDOWS\SYSTEM32\windows.storage.dll
0x00007ff8eedc0000 - 0x00007ff8eeeaf000 	C:\WINDOWS\System32\SHCORE.dll
0x00007ff8ef3c0000 - 0x00007ff8ef429000 	C:\WINDOWS\System32\shlwapi.dll
0x00007ff8ede10000 - 0x00007ff8ede3f000 	C:\WINDOWS\SYSTEM32\profapi.dll
0x00007ff8cdba0000 - 0x00007ff8cdbb8000 	c:\Users\admin\.cursor\extensions\redhat.java-1.42.0-win32-x64\jre\21.0.7-win32-x86_64\bin\zip.dll
0x00007ff8e03d0000 - 0x00007ff8e03e0000 	C:\Users\admin\.cursor\extensions\redhat.java-1.42.0-win32-x64\jre\21.0.7-win32-x86_64\bin\net.dll
0x00007ff8e8a60000 - 0x00007ff8e8b7e000 	C:\WINDOWS\SYSTEM32\WINHTTP.dll
0x0000000180000000 - 0x000000018008c000 	C:\WINDOWS\system32\ASProxy64.dll
0x00007ff8efc80000 - 0x00007ff8efe1f000 	C:\WINDOWS\System32\ole32.dll
0x00007ff8ec730000 - 0x00007ff8ec763000 	C:\WINDOWS\SYSTEM32\IPHLPAPI.DLL
0x00007ff8ed260000 - 0x00007ff8ed2ca000 	C:\WINDOWS\SYSTEM32\MSWSOCK.dll
0x00007ff8ecf90000 - 0x00007ff8ecfd8000 	C:\WINDOWS\SYSTEM32\SspiCli.dll
0x00007ff8cd980000 - 0x00007ff8cd996000 	C:\Users\admin\.cursor\extensions\redhat.java-1.42.0-win32-x64\jre\21.0.7-win32-x86_64\bin\nio.dll
0x00007ff8ddf20000 - 0x00007ff8ddf30000 	c:\Users\admin\.cursor\extensions\redhat.java-1.42.0-win32-x64\jre\21.0.7-win32-x86_64\bin\verify.dll
0x00007ff8eb200000 - 0x00007ff8eb2af000 	C:\WINDOWS\system32\uxtheme.dll
0x00007ff8ce5c0000 - 0x00007ff8ce605000 	C:\Users\admin\AppData\Roaming\Cursor\User\globalStorage\redhat.java\1.42.0\config_win\org.eclipse.equinox.launcher\org.eclipse.equinox.launcher.win32.win32.x86_64_1.2.1300.v20250331-1702\eclipse_11911.dll
0x00007ff8ed510000 - 0x00007ff8ed52c000 	C:\WINDOWS\SYSTEM32\CRYPTSP.dll
0x00007ff8ecc50000 - 0x00007ff8ecc8a000 	C:\WINDOWS\system32\rsaenh.dll
0x00007ff8ed300000 - 0x00007ff8ed32b000 	C:\WINDOWS\SYSTEM32\USERENV.dll
0x00007ff8ede50000 - 0x00007ff8ede76000 	C:\WINDOWS\SYSTEM32\bcrypt.dll
0x00007ff8ed500000 - 0x00007ff8ed50c000 	C:\WINDOWS\SYSTEM32\CRYPTBASE.dll
0x00007ff8eedb0000 - 0x00007ff8eedba000 	C:\WINDOWS\System32\NSI.dll
0x00007ff8d9400000 - 0x00007ff8d940a000 	C:\Users\admin\.cursor\extensions\redhat.java-1.42.0-win32-x64\jre\21.0.7-win32-x86_64\bin\management.dll
0x00007ff8d9100000 - 0x00007ff8d910b000 	C:\Users\admin\.cursor\extensions\redhat.java-1.42.0-win32-x64\jre\21.0.7-win32-x86_64\bin\management_ext.dll
0x00007ff8f0040000 - 0x00007ff8f0048000 	C:\WINDOWS\System32\PSAPI.DLL
0x00007ff8ce570000 - 0x00007ff8ce5b9000 	C:\Users\admin\AppData\Local\Temp\jna-92668751\jna1089343199689084006.dll
0x00007ff8e86b0000 - 0x00007ff8e86cf000 	C:\WINDOWS\SYSTEM32\dhcpcsvc6.DLL
0x00007ff8e7810000 - 0x00007ff8e7835000 	C:\WINDOWS\SYSTEM32\dhcpcsvc.DLL
0x00007ff8cd900000 - 0x00007ff8cd927000 	C:\Users\admin\.gradle\native\1def1411415f61bf3af743bc5b6707747c0891f09f0c88961ee8f79bc544acac\windows-amd64\native-platform.dll
0x00007ff8d37b0000 - 0x00007ff8d37b9000 	C:\Users\admin\.cursor\extensions\redhat.java-1.42.0-win32-x64\jre\21.0.7-win32-x86_64\bin\extnet.dll
0x00007ff8cdb90000 - 0x00007ff8cdb9e000 	C:\Users\admin\.cursor\extensions\redhat.java-1.42.0-win32-x64\jre\21.0.7-win32-x86_64\bin\sunmscapi.dll
0x00007ff8ee7e0000 - 0x00007ff8ee957000 	C:\WINDOWS\System32\CRYPT32.dll
0x00007ff8ed710000 - 0x00007ff8ed740000 	C:\WINDOWS\SYSTEM32\ncrypt.dll
0x00007ff8ed6c0000 - 0x00007ff8ed6ff000 	C:\WINDOWS\SYSTEM32\NTASN1.dll
0x00007ff8cd8b0000 - 0x00007ff8cd8b8000 	C:\WINDOWS\system32\wshunix.dll

dbghelp: loaded successfully - version: 4.0.5 - missing functions: none
symbol engine: initialized successfully - sym options: 0x614 - pdb path: .;c:\Users\admin\.cursor\extensions\redhat.java-1.42.0-win32-x64\jre\21.0.7-win32-x86_64\bin;C:\WINDOWS\SYSTEM32;C:\WINDOWS\WinSxS\amd64_microsoft.windows.common-controls_6595b64144ccf1df_6.0.26100.3912_none_3e07963ce335137e;c:\Users\admin\.cursor\extensions\redhat.java-1.42.0-win32-x64\jre\21.0.7-win32-x86_64\bin\server;C:\Users\admin\AppData\Roaming\Cursor\User\globalStorage\redhat.java\1.42.0\config_win\org.eclipse.equinox.launcher\org.eclipse.equinox.launcher.win32.win32.x86_64_1.2.1300.v20250331-1702;C:\Users\admin\AppData\Local\Temp\jna-92668751;C:\Users\admin\.gradle\native\1def1411415f61bf3af743bc5b6707747c0891f09f0c88961ee8f79bc544acac\windows-amd64

VM Arguments:
jvm_args: --add-modules=ALL-SYSTEM --add-opens=java.base/java.util=ALL-UNNAMED --add-opens=java.base/java.lang=ALL-UNNAMED --add-opens=java.base/sun.nio.fs=ALL-UNNAMED -Declipse.application=org.eclipse.jdt.ls.core.id1 -Dosgi.bundles.defaultStartLevel=4 -Declipse.product=org.eclipse.jdt.ls.core.product -Djava.import.generatesMetadataFilesAtProjectRoot=false -DDetectVMInstallationsJob.disabled=true -Dfile.encoding=utf8 -XX:+UseParallelGC -XX:GCTimeRatio=4 -XX:AdaptiveSizePolicyWeight=90 -Dsun.zip.disableMemoryMapping=true -Xmx1G -Xms100m -Xlog:disable -javaagent:c:\Users\admin\.cursor\extensions\redhat.java-1.42.0-win32-x64\lombok\lombok-1.18.36.jar -XX:+HeapDumpOnOutOfMemoryError -XX:HeapDumpPath=c:\Users\admin\AppData\Roaming\Cursor\User\workspaceStorage\0426a641ec518546e312a5bf184515bb\redhat.java -Daether.dependencyCollector.impl=bf 
java_command: c:\Users\admin\.cursor\extensions\redhat.java-1.42.0-win32-x64\server\plugins\org.eclipse.equinox.launcher_1.7.0.v20250424-1814.jar -configuration c:\Users\admin\AppData\Roaming\Cursor\User\globalStorage\redhat.java\1.42.0\config_win -data c:\Users\admin\AppData\Roaming\Cursor\User\workspaceStorage\0426a641ec518546e312a5bf184515bb\redhat.java\jdt_ws --pipe=\\.\pipe\lsp-288ead10e7687e1955b3c77ec1e2e43d-sock
java_class_path (initial): c:\Users\admin\.cursor\extensions\redhat.java-1.42.0-win32-x64\server\plugins\org.eclipse.equinox.launcher_1.7.0.v20250424-1814.jar
Launcher Type: SUN_STANDARD

[Global flags]
    uintx AdaptiveSizePolicyWeight                 = 90                                        {product} {command line}
     intx CICompilerCount                          = 12                                        {product} {ergonomic}
    uintx GCTimeRatio                              = 4                                         {product} {command line}
     bool HeapDumpOnOutOfMemoryError               = true                                   {manageable} {command line}
    ccstr HeapDumpPath                             = c:\Users\admin\AppData\Roaming\Cursor\User\workspaceStorage\0426a641ec518546e312a5bf184515bb\redhat.java         {manageable} {command line}
   size_t InitialHeapSize                          = 104857600                                 {product} {command line}
   size_t MaxHeapSize                              = 1073741824                                {product} {command line}
   size_t MaxNewSize                               = 357564416                                 {product} {ergonomic}
   size_t MinHeapDeltaBytes                        = 524288                                    {product} {ergonomic}
   size_t MinHeapSize                              = 104857600                                 {product} {command line}
   size_t NewSize                                  = 34603008                                  {product} {ergonomic}
    uintx NonNMethodCodeHeapSize                   = 7602480                                {pd product} {ergonomic}
    uintx NonProfiledCodeHeapSize                  = 122027880                              {pd product} {ergonomic}
   size_t OldSize                                  = 70254592                                  {product} {ergonomic}
    uintx ProfiledCodeHeapSize                     = 122027880                              {pd product} {ergonomic}
    uintx ReservedCodeCacheSize                    = 251658240                              {pd product} {ergonomic}
     bool SegmentedCodeCache                       = true                                      {product} {ergonomic}
   size_t SoftMaxHeapSize                          = 1073741824                             {manageable} {ergonomic}
     bool UseCompressedOops                        = true                           {product lp64_product} {ergonomic}
     bool UseLargePagesIndividualAllocation        = false                                  {pd product} {ergonomic}
     bool UseParallelGC                            = true                                      {product} {command line}

Logging:
Log output configuration:
 #0: stdout all=off uptime,level,tags foldmultilines=false
 #1: stderr all=off uptime,level,tags foldmultilines=false

Environment Variables:
JAVA_HOME=C:\Program Files\OpenLogic\jdk-17.0.15.6-hotspot
PATH=C:\Program Files\Common Files\Oracle\Java\javapath;C:\Program Files\OpenLogic\jdk-17.0.15.6-hotspot\bin;C:\WINDOWS\system32;C:\WINDOWS;C:\WINDOWS\System32\Wbem;C:\WINDOWS\System32\WindowsPowerShell\v1.0\;C:\WINDOWS\System32\OpenSSH\;C:\Program Files\dotnet\;C:\Program Files\Microsoft SQL Server\130\Tools\Binn\;C:\Program Files\Git\cmd;C:\Users\admin\AppData\Roaming\nvm;C:\Program Files\nodejs;C:\Program Files\Microsoft SQL Server\150\Tools\Binn\;C:\Users\admin\AppData\Local\Microsoft\WindowsApps;C:\Users\admin\AppData\Roaming\npm;C:\Users\admin\AppData\Local\Programs\Microsoft VS Code\bin;C:\Users\admin\AppData\Roaming\nvm;C:\Program Files\nodejs;C:\Users\admin\AppData\Local\Android\Sdk\platform-tools;C:\Users\admin\AppData\Local\Programs\cursor\resources\app\bin;C:\;C:\Users\admin\.dotnet\tools
USERNAME=admin
OS=Windows_NT
PROCESSOR_IDENTIFIER=Intel64 Family 6 Model 165 Stepping 5, GenuineIntel
TMP=C:\Users\admin\AppData\Local\Temp
TEMP=C:\Users\admin\AppData\Local\Temp




Periodic native trim disabled

---------------  S Y S T E M  ---------------

OS:
 Windows 11 , 64 bit Build 26100 (10.0.26100.3912)
OS uptime: 2 days 18:59 hours

CPU: total 16 (initial active 16) (8 cores per cpu, 2 threads per core) family 6 model 165 stepping 5 microcode 0xec, cx8, cmov, fxsr, ht, mmx, 3dnowpref, sse, sse2, sse3, ssse3, sse4.1, sse4.2, popcnt, lzcnt, tsc, tscinvbit, avx, avx2, aes, erms, clmul, bmi1, bmi2, adx, fma, vzeroupper, clflush, clflushopt, rdtscp, f16c, pku
Processor Information for processor 0
  Max Mhz: 2901, Current Mhz: 2901, Mhz Limit: 2901
Processor Information for processor 1
  Max Mhz: 2901, Current Mhz: 2901, Mhz Limit: 2901
Processor Information for processor 2
  Max Mhz: 2901, Current Mhz: 2901, Mhz Limit: 2901
Processor Information for processor 3
  Max Mhz: 2901, Current Mhz: 2901, Mhz Limit: 2901
Processor Information for processor 4
  Max Mhz: 2901, Current Mhz: 2901, Mhz Limit: 2901
Processor Information for processor 5
  Max Mhz: 2901, Current Mhz: 2900, Mhz Limit: 2901
Processor Information for processor 6
  Max Mhz: 2901, Current Mhz: 2901, Mhz Limit: 2901
Processor Information for processor 7
  Max Mhz: 2901, Current Mhz: 2900, Mhz Limit: 2901
Processor Information for processor 8
  Max Mhz: 2901, Current Mhz: 2901, Mhz Limit: 2901
Processor Information for processor 9
  Max Mhz: 2901, Current Mhz: 2900, Mhz Limit: 2901
Processor Information for processor 10
  Max Mhz: 2901, Current Mhz: 2901, Mhz Limit: 2901
Processor Information for processor 11
  Max Mhz: 2901, Current Mhz: 2900, Mhz Limit: 2901
Processor Information for processor 12
  Max Mhz: 2901, Current Mhz: 2901, Mhz Limit: 2901
Processor Information for processor 13
  Max Mhz: 2901, Current Mhz: 2900, Mhz Limit: 2901
Processor Information for processor 14
  Max Mhz: 2901, Current Mhz: 2901, Mhz Limit: 2901
Processor Information for processor 15
  Max Mhz: 2901, Current Mhz: 2901, Mhz Limit: 2901

Memory: 4k page, system-wide physical 16096M (2743M free)
TotalPageFile size 34528M (AvailPageFile size 4822M)
current process WorkingSet (physical memory assigned to process): 293M, peak: 303M
current process commit charge ("private bytes"): 376M, peak: 399M

vm_info: OpenJDK 64-Bit Server VM (21.0.7+6-LTS) for windows-amd64 JRE (21.0.7+6-LTS), built on 2025-04-15T00:00:00Z by "admin" with MS VC++ 17.7 (VS2022)

END.
